[0.056s] Invoking command in '/root/working/test_ws/yano_ws/build/dynamixel_sdk': CMAKE_PREFIX_PATH=${CMAKE_PREFIX_PATH}:/opt/ros/humble /usr/bin/cmake /root/working/test_ws/yano_ws/src/DynamixelSDK/ros/dynamixel_sdk -DCMAKE_INSTALL_PREFIX=/root/working/test_ws/yano_ws/install/dynamixel_sdk
[0.212s] -- The C compiler identification is GNU 11.4.0
[0.334s] -- The CXX compiler identification is GNU 11.4.0
[0.350s] -- Detecting C compiler ABI info
[0.505s] -- Detecting C compiler ABI info - done
[0.523s] -- Check for working C compiler: /usr/bin/cc - skipped
[0.524s] -- Detecting C compile features
[0.525s] -- Detecting C compile features - done
[0.533s] -- Detecting CXX compiler ABI info
[0.700s] -- Detecting CXX compiler ABI info - done
[0.721s] -- Check for working CXX compiler: /usr/bin/c++ - skipped
[0.722s] -- Detecting CXX compile features
[0.722s] -- Detecting CXX compile features - done
[0.727s] -- Found ament_cmake: 1.3.11 (/opt/ros/humble/share/ament_cmake/cmake)
[1.108s] -- Found Python3: /usr/bin/python3 (found version "3.10.12") found components: Interpreter 
[1.506s] -- Configuring done
[1.521s] -- Generating done
[1.530s] -- Build files have been written to: /root/working/test_ws/yano_ws/build/dynamixel_sdk
[1.538s] Invoked command in '/root/working/test_ws/yano_ws/build/dynamixel_sdk' returned '0': CMAKE_PREFIX_PATH=${CMAKE_PREFIX_PATH}:/opt/ros/humble /usr/bin/cmake /root/working/test_ws/yano_ws/src/DynamixelSDK/ros/dynamixel_sdk -DCMAKE_INSTALL_PREFIX=/root/working/test_ws/yano_ws/install/dynamixel_sdk
[1.541s] Invoking command in '/root/working/test_ws/yano_ws/build/dynamixel_sdk': CMAKE_PREFIX_PATH=${CMAKE_PREFIX_PATH}:/opt/ros/humble /usr/bin/cmake --build /root/working/test_ws/yano_ws/build/dynamixel_sdk -- -j4 -l4
[1.660s] [  7%] [32mBuilding CXX object CMakeFiles/dynamixel_sdk.dir/src/dynamixel_sdk/protocol2_packet_handler.cpp.o[0m
[1.669s] [ 15%] [32mBuilding CXX object CMakeFiles/dynamixel_sdk.dir/src/dynamixel_sdk/packet_handler.cpp.o[0m
[1.671s] [ 23%] [32mBuilding CXX object CMakeFiles/dynamixel_sdk.dir/src/dynamixel_sdk/protocol1_packet_handler.cpp.o[0m
[1.677s] [ 30%] [32mBuilding CXX object CMakeFiles/dynamixel_sdk.dir/src/dynamixel_sdk/group_sync_read.cpp.o[0m
[2.033s] [ 38%] [32mBuilding CXX object CMakeFiles/dynamixel_sdk.dir/src/dynamixel_sdk/group_sync_write.cpp.o[0m
[2.342s] [ 46%] [32mBuilding CXX object CMakeFiles/dynamixel_sdk.dir/src/dynamixel_sdk/group_bulk_read.cpp.o[0m
[2.401s] [01m[K/root/working/test_ws/yano_ws/src/DynamixelSDK/ros/dynamixel_sdk/src/dynamixel_sdk/group_sync_read.cpp:[m[K In member function ‘[01m[Kbool dynamixel::GroupSyncRead::getError(uint8_t, uint8_t*)[m[K’:
[2.401s] [01m[K/root/working/test_ws/yano_ws/src/DynamixelSDK/ros/dynamixel_sdk/src/dynamixel_sdk/group_sync_read.cpp:201:19:[m[K [01;35m[Kwarning: [m[Ksuggest parentheses around assignment used as truth value [[01;35m[K-Wparentheses[m[K]
[2.401s]   201 |   return [01;35m[Kerror[0] = error_list_[id][0][m[K;
[2.401s]       |          [01;35m[K~~~~~~~~~^~~~~~~~~~~~~~~~~~~~[m[K
[2.647s] [ 53%] [32mBuilding CXX object CMakeFiles/dynamixel_sdk.dir/src/dynamixel_sdk/group_bulk_write.cpp.o[0m
[2.925s] [ 61%] [32mBuilding CXX object CMakeFiles/dynamixel_sdk.dir/src/dynamixel_sdk/group_fast_bulk_read.cpp.o[0m
[3.280s] [01m[K/root/working/test_ws/yano_ws/src/DynamixelSDK/ros/dynamixel_sdk/src/dynamixel_sdk/group_bulk_read.cpp:[m[K In member function ‘[01m[Kbool dynamixel::GroupBulkRead::getError(uint8_t, uint8_t*)[m[K’:
[3.280s] [01m[K/root/working/test_ws/yano_ws/src/DynamixelSDK/ros/dynamixel_sdk/src/dynamixel_sdk/group_bulk_read.cpp:232:19:[m[K [01;35m[Kwarning: [m[Ksuggest parentheses around assignment used as truth value [[01;35m[K-Wparentheses[m[K]
[3.280s]   232 |   return [01;35m[Kerror[0] = error_list_[id][0][m[K;
[3.280s]       |          [01;35m[K~~~~~~~~~^~~~~~~~~~~~~~~~~~~~[m[K
[3.293s] [ 69%] [32mBuilding CXX object CMakeFiles/dynamixel_sdk.dir/src/dynamixel_sdk/group_fast_sync_read.cpp.o[0m
[4.133s] [ 76%] [32mBuilding CXX object CMakeFiles/dynamixel_sdk.dir/src/dynamixel_sdk/group_handler.cpp.o[0m
[4.289s] [ 84%] [32mBuilding CXX object CMakeFiles/dynamixel_sdk.dir/src/dynamixel_sdk/port_handler.cpp.o[0m
[4.383s] [ 92%] [32mBuilding CXX object CMakeFiles/dynamixel_sdk.dir/src/dynamixel_sdk/port_handler_linux.cpp.o[0m
[4.620s] [100%] [32m[1mLinking CXX shared library libdynamixel_sdk.so[0m
[4.856s] [100%] Built target dynamixel_sdk
[4.902s] Invoked command in '/root/working/test_ws/yano_ws/build/dynamixel_sdk' returned '0': CMAKE_PREFIX_PATH=${CMAKE_PREFIX_PATH}:/opt/ros/humble /usr/bin/cmake --build /root/working/test_ws/yano_ws/build/dynamixel_sdk -- -j4 -l4
[4.927s] Invoking command in '/root/working/test_ws/yano_ws/build/dynamixel_sdk': CMAKE_PREFIX_PATH=${CMAKE_PREFIX_PATH}:/opt/ros/humble /usr/bin/cmake --install /root/working/test_ws/yano_ws/build/dynamixel_sdk
[4.964s] -- Install configuration: ""
[4.964s] -- Installing: /root/working/test_ws/yano_ws/install/dynamixel_sdk/include/
[4.964s] -- Installing: /root/working/test_ws/yano_ws/install/dynamixel_sdk/include//dynamixel_sdk
[4.964s] -- Installing: /root/working/test_ws/yano_ws/install/dynamixel_sdk/include//dynamixel_sdk/group_handler.h
[4.965s] -- Installing: /root/working/test_ws/yano_ws/install/dynamixel_sdk/include//dynamixel_sdk/group_bulk_read.h
[4.967s] -- Installing: /root/working/test_ws/yano_ws/install/dynamixel_sdk/include//dynamixel_sdk/protocol2_packet_handler.h
[4.967s] -- Installing: /root/working/test_ws/yano_ws/install/dynamixel_sdk/include//dynamixel_sdk/group_bulk_write.h
[4.971s] -- Installing: /root/working/test_ws/yano_ws/install/dynamixel_sdk/include//dynamixel_sdk/port_handler.h
[4.971s] -- Installing: /root/working/test_ws/yano_ws/install/dynamixel_sdk/include//dynamixel_sdk/protocol1_packet_handler.h
[4.971s] -- Installing: /root/working/test_ws/yano_ws/install/dynamixel_sdk/include//dynamixel_sdk/port_handler_linux.h
[4.971s] -- Installing: /root/working/test_ws/yano_ws/install/dynamixel_sdk/include//dynamixel_sdk/group_sync_write.h
[4.971s] -- Installing: /root/working/test_ws/yano_ws/install/dynamixel_sdk/include//dynamixel_sdk/port_handler_mac.h
[4.971s] -- Installing: /root/working/test_ws/yano_ws/install/dynamixel_sdk/include//dynamixel_sdk/port_handler_arduino.h
[4.972s] -- Installing: /root/working/test_ws/yano_ws/install/dynamixel_sdk/include//dynamixel_sdk/group_fast_bulk_read.h
[4.972s] -- Installing: /root/working/test_ws/yano_ws/install/dynamixel_sdk/include//dynamixel_sdk/dynamixel_sdk.h
[4.972s] -- Installing: /root/working/test_ws/yano_ws/install/dynamixel_sdk/include//dynamixel_sdk/port_handler_windows.h
[4.972s] -- Installing: /root/working/test_ws/yano_ws/install/dynamixel_sdk/include//dynamixel_sdk/packet_handler.h
[4.972s] -- Installing: /root/working/test_ws/yano_ws/install/dynamixel_sdk/include//dynamixel_sdk/group_fast_sync_read.h
[4.972s] -- Installing: /root/working/test_ws/yano_ws/install/dynamixel_sdk/include//dynamixel_sdk/group_sync_read.h
[4.976s] -- Installing: /root/working/test_ws/yano_ws/install/dynamixel_sdk/lib/libdynamixel_sdk.so
[4.976s] -- Installing: /root/working/test_ws/yano_ws/install/dynamixel_sdk/share/dynamixel_sdk/environment/library_path.sh
[4.976s] -- Installing: /root/working/test_ws/yano_ws/install/dynamixel_sdk/share/dynamixel_sdk/environment/library_path.dsv
[4.982s] -- Installing: /root/working/test_ws/yano_ws/install/dynamixel_sdk/share/ament_index/resource_index/package_run_dependencies/dynamixel_sdk
[4.982s] -- Installing: /root/working/test_ws/yano_ws/install/dynamixel_sdk/share/ament_index/resource_index/parent_prefix_path/dynamixel_sdk
[4.982s] -- Installing: /root/working/test_ws/yano_ws/install/dynamixel_sdk/share/dynamixel_sdk/environment/ament_prefix_path.sh
[4.982s] -- Installing: /root/working/test_ws/yano_ws/install/dynamixel_sdk/share/dynamixel_sdk/environment/ament_prefix_path.dsv
[4.983s] -- Installing: /root/working/test_ws/yano_ws/install/dynamixel_sdk/share/dynamixel_sdk/environment/path.sh
[4.983s] -- Installing: /root/working/test_ws/yano_ws/install/dynamixel_sdk/share/dynamixel_sdk/environment/path.dsv
[4.983s] -- Installing: /root/working/test_ws/yano_ws/install/dynamixel_sdk/share/dynamixel_sdk/local_setup.bash
[4.983s] -- Installing: /root/working/test_ws/yano_ws/install/dynamixel_sdk/share/dynamixel_sdk/local_setup.sh
[4.983s] -- Installing: /root/working/test_ws/yano_ws/install/dynamixel_sdk/share/dynamixel_sdk/local_setup.zsh
[4.983s] -- Installing: /root/working/test_ws/yano_ws/install/dynamixel_sdk/share/dynamixel_sdk/local_setup.dsv
[4.983s] -- Installing: /root/working/test_ws/yano_ws/install/dynamixel_sdk/share/dynamixel_sdk/package.dsv
[4.983s] -- Installing: /root/working/test_ws/yano_ws/install/dynamixel_sdk/share/ament_index/resource_index/packages/dynamixel_sdk
[4.983s] -- Installing: /root/working/test_ws/yano_ws/install/dynamixel_sdk/share/dynamixel_sdk/cmake/ament_cmake_export_include_directories-extras.cmake
[4.984s] -- Installing: /root/working/test_ws/yano_ws/install/dynamixel_sdk/share/dynamixel_sdk/cmake/ament_cmake_export_libraries-extras.cmake
[4.985s] -- Installing: /root/working/test_ws/yano_ws/install/dynamixel_sdk/share/dynamixel_sdk/cmake/dynamixel_sdkConfig.cmake
[4.986s] -- Installing: /root/working/test_ws/yano_ws/install/dynamixel_sdk/share/dynamixel_sdk/cmake/dynamixel_sdkConfig-version.cmake
[4.986s] -- Installing: /root/working/test_ws/yano_ws/install/dynamixel_sdk/share/dynamixel_sdk/package.xml
[5.001s] Invoked command in '/root/working/test_ws/yano_ws/build/dynamixel_sdk' returned '0': CMAKE_PREFIX_PATH=${CMAKE_PREFIX_PATH}:/opt/ros/humble /usr/bin/cmake --install /root/working/test_ws/yano_ws/build/dynamixel_sdk
