[0.009s] Invoking command in '/root/working/test_ws/yano_ws/build/crawler_driver': AMENT_PREFIX_PATH=/root/working/test_ws/yano_ws/install/custom_interfaces:${AMENT_PREFIX_PATH} CMAKE_PREFIX_PATH=/root/working/test_ws/yano_ws/install/custom_interfaces:/opt/ros/humble LD_LIBRARY_PATH=/root/working/test_ws/yano_ws/install/custom_interfaces/lib:${LD_LIBRARY_PATH} PYTHONPATH=/root/working/test_ws/yano_ws/install/custom_interfaces/local/lib/python3.10/dist-packages:${PYTHONPATH} /usr/bin/cmake --build /root/working/test_ws/yano_ws/build/crawler_driver -- -j16 -l16
[0.023s] -- Found ament_cmake: 1.3.11 (/opt/ros/humble/share/ament_cmake/cmake)
[0.108s] -- Found rclcpp: 16.0.11 (/opt/ros/humble/share/rclcpp/cmake)
[0.125s] -- Found rosidl_generator_c: 3.1.6 (/opt/ros/humble/share/rosidl_generator_c/cmake)
[0.127s] -- Found rosidl_adapter: 3.1.6 (/opt/ros/humble/share/rosidl_adapter/cmake)
[0.131s] -- Found rosidl_generator_cpp: 3.1.6 (/opt/ros/humble/share/rosidl_generator_cpp/cmake)
[0.137s] -- Using all available rosidl_typesupport_c: rosidl_typesupport_fastrtps_c;rosidl_typesupport_introspection_c
[0.144s] -- Using all available rosidl_typesupport_cpp: rosidl_typesupport_fastrtps_cpp;rosidl_typesupport_introspection_cpp
[0.164s] -- Found rmw_implementation_cmake: 6.1.2 (/opt/ros/humble/share/rmw_implementation_cmake/cmake)
[0.164s] -- Found rmw_fastrtps_cpp: 6.2.7 (/opt/ros/humble/share/rmw_fastrtps_cpp/cmake)
[0.238s] -- Using RMW implementation 'rmw_fastrtps_cpp' as default
[0.268s] -- Found geometry_msgs: 4.2.4 (/opt/ros/humble/share/geometry_msgs/cmake)
[0.275s] -- Found custom_interfaces: 0.0.0 (/root/working/test_ws/yano_ws/install/custom_interfaces/share/custom_interfaces/cmake)
[0.281s] -- Found ament_lint_auto: 0.12.11 (/opt/ros/humble/share/ament_lint_auto/cmake)
[0.326s] -- Added test 'cppcheck' to perform static code analysis on C / C++ code
[0.326s] -- Configured cppcheck include dirs: 
[0.326s] -- Configured cppcheck exclude dirs and/or files: 
[0.327s] -- Added test 'lint_cmake' to check CMake code style
[0.327s] -- Added test 'uncrustify' to check C / C++ code style
[0.327s] -- Configured uncrustify additional arguments: 
[0.327s] -- Added test 'xmllint' to check XML markup files
[0.328s] -- Configuring done
[0.335s] -- Generating done
[0.337s] -- Build files have been written to: /root/working/test_ws/yano_ws/build/crawler_driver
[0.354s] [35m[1mConsolidate compiler generated dependencies of target crawler_driver_node[0m
[0.396s] [ 50%] [32mBuilding CXX object CMakeFiles/crawler_driver_node.dir/src/crawler_driver.cpp.o[0m
[8.340s] [100%] [32m[1mLinking CXX executable crawler_driver_node[0m
[8.648s] [100%] Built target crawler_driver_node
[8.654s] Invoked command in '/root/working/test_ws/yano_ws/build/crawler_driver' returned '0': AMENT_PREFIX_PATH=/root/working/test_ws/yano_ws/install/custom_interfaces:${AMENT_PREFIX_PATH} CMAKE_PREFIX_PATH=/root/working/test_ws/yano_ws/install/custom_interfaces:/opt/ros/humble LD_LIBRARY_PATH=/root/working/test_ws/yano_ws/install/custom_interfaces/lib:${LD_LIBRARY_PATH} PYTHONPATH=/root/working/test_ws/yano_ws/install/custom_interfaces/local/lib/python3.10/dist-packages:${PYTHONPATH} /usr/bin/cmake --build /root/working/test_ws/yano_ws/build/crawler_driver -- -j16 -l16
[8.654s] Invoking command in '/root/working/test_ws/yano_ws/build/crawler_driver': AMENT_PREFIX_PATH=/root/working/test_ws/yano_ws/install/custom_interfaces:${AMENT_PREFIX_PATH} CMAKE_PREFIX_PATH=/root/working/test_ws/yano_ws/install/custom_interfaces:/opt/ros/humble LD_LIBRARY_PATH=/root/working/test_ws/yano_ws/install/custom_interfaces/lib:${LD_LIBRARY_PATH} PYTHONPATH=/root/working/test_ws/yano_ws/install/custom_interfaces/local/lib/python3.10/dist-packages:${PYTHONPATH} /usr/bin/cmake --install /root/working/test_ws/yano_ws/build/crawler_driver
[8.658s] -- Install configuration: ""
[8.658s] -- Installing: /root/working/test_ws/yano_ws/install/crawler_driver/lib/crawler_driver/crawler_driver_node
[8.662s] -- Set runtime path of "/root/working/test_ws/yano_ws/install/crawler_driver/lib/crawler_driver/crawler_driver_node" to ""
[8.662s] -- Up-to-date: /root/working/test_ws/yano_ws/install/crawler_driver/share/ament_index/resource_index/package_run_dependencies/crawler_driver
[8.662s] -- Up-to-date: /root/working/test_ws/yano_ws/install/crawler_driver/share/ament_index/resource_index/parent_prefix_path/crawler_driver
[8.662s] -- Installing: /root/working/test_ws/yano_ws/install/crawler_driver/share/crawler_driver/environment/ament_prefix_path.sh
[8.662s] -- Installing: /root/working/test_ws/yano_ws/install/crawler_driver/share/crawler_driver/environment/ament_prefix_path.dsv
[8.662s] -- Installing: /root/working/test_ws/yano_ws/install/crawler_driver/share/crawler_driver/environment/path.sh
[8.662s] -- Installing: /root/working/test_ws/yano_ws/install/crawler_driver/share/crawler_driver/environment/path.dsv
[8.662s] -- Up-to-date: /root/working/test_ws/yano_ws/install/crawler_driver/share/crawler_driver/local_setup.bash
[8.662s] -- Up-to-date: /root/working/test_ws/yano_ws/install/crawler_driver/share/crawler_driver/local_setup.sh
[8.662s] -- Up-to-date: /root/working/test_ws/yano_ws/install/crawler_driver/share/crawler_driver/local_setup.zsh
[8.662s] -- Installing: /root/working/test_ws/yano_ws/install/crawler_driver/share/crawler_driver/local_setup.dsv
[8.662s] -- Installing: /root/working/test_ws/yano_ws/install/crawler_driver/share/crawler_driver/package.dsv
[8.662s] -- Up-to-date: /root/working/test_ws/yano_ws/install/crawler_driver/share/ament_index/resource_index/packages/crawler_driver
[8.662s] -- Up-to-date: /root/working/test_ws/yano_ws/install/crawler_driver/share/crawler_driver/cmake/crawler_driverConfig.cmake
[8.662s] -- Up-to-date: /root/working/test_ws/yano_ws/install/crawler_driver/share/crawler_driver/cmake/crawler_driverConfig-version.cmake
[8.662s] -- Up-to-date: /root/working/test_ws/yano_ws/install/crawler_driver/share/crawler_driver/package.xml
[8.663s] Invoked command in '/root/working/test_ws/yano_ws/build/crawler_driver' returned '0': AMENT_PREFIX_PATH=/root/working/test_ws/yano_ws/install/custom_interfaces:${AMENT_PREFIX_PATH} CMAKE_PREFIX_PATH=/root/working/test_ws/yano_ws/install/custom_interfaces:/opt/ros/humble LD_LIBRARY_PATH=/root/working/test_ws/yano_ws/install/custom_interfaces/lib:${LD_LIBRARY_PATH} PYTHONPATH=/root/working/test_ws/yano_ws/install/custom_interfaces/local/lib/python3.10/dist-packages:${PYTHONPATH} /usr/bin/cmake --install /root/working/test_ws/yano_ws/build/crawler_driver
