[0.031s] Invoking command in '/root/working/test_ws/yano_ws/build/usb_camera': CMAKE_PREFIX_PATH=${CMAKE_PREFIX_PATH}:/opt/ros/humble /usr/bin/cmake --build /root/working/test_ws/yano_ws/build/usb_camera -- -j4 -l4
[0.150s] [35m[1mConsolidate compiler generated dependencies of target usb_camera[0m
[0.228s] [100%] Built target usb_camera
[0.275s] Invoked command in '/root/working/test_ws/yano_ws/build/usb_camera' returned '0': CMAKE_PREFIX_PATH=${CMAKE_PREFIX_PATH}:/opt/ros/humble /usr/bin/cmake --build /root/working/test_ws/yano_ws/build/usb_camera -- -j4 -l4
[0.280s] Invoking command in '/root/working/test_ws/yano_ws/build/usb_camera': CMAKE_PREFIX_PATH=${CMAKE_PREFIX_PATH}:/opt/ros/humble /usr/bin/cmake --install /root/working/test_ws/yano_ws/build/usb_camera
[0.313s] -- Install configuration: ""
[0.313s] -- Up-to-date: /root/working/test_ws/yano_ws/install/usb_camera/lib/usb_camera/usb_camera
[0.317s] -- Up-to-date: /root/working/test_ws/yano_ws/install/usb_camera/share/ament_index/resource_index/package_run_dependencies/usb_camera
[0.318s] -- Up-to-date: /root/working/test_ws/yano_ws/install/usb_camera/share/ament_index/resource_index/parent_prefix_path/usb_camera
[0.318s] -- Up-to-date: /root/working/test_ws/yano_ws/install/usb_camera/share/usb_camera/environment/ament_prefix_path.sh
[0.318s] -- Up-to-date: /root/working/test_ws/yano_ws/install/usb_camera/share/usb_camera/environment/ament_prefix_path.dsv
[0.318s] -- Up-to-date: /root/working/test_ws/yano_ws/install/usb_camera/share/usb_camera/environment/path.sh
[0.318s] -- Up-to-date: /root/working/test_ws/yano_ws/install/usb_camera/share/usb_camera/environment/path.dsv
[0.319s] -- Up-to-date: /root/working/test_ws/yano_ws/install/usb_camera/share/usb_camera/local_setup.bash
[0.319s] -- Up-to-date: /root/working/test_ws/yano_ws/install/usb_camera/share/usb_camera/local_setup.sh
[0.325s] -- Up-to-date: /root/working/test_ws/yano_ws/install/usb_camera/share/usb_camera/local_setup.zsh
[0.326s] -- Up-to-date: /root/working/test_ws/yano_ws/install/usb_camera/share/usb_camera/local_setup.dsv
[0.326s] -- Installing: /root/working/test_ws/yano_ws/install/usb_camera/share/usb_camera/package.dsv
[0.326s] -- Up-to-date: /root/working/test_ws/yano_ws/install/usb_camera/share/ament_index/resource_index/packages/usb_camera
[0.326s] -- Up-to-date: /root/working/test_ws/yano_ws/install/usb_camera/share/usb_camera/cmake/usb_cameraConfig.cmake
[0.326s] -- Up-to-date: /root/working/test_ws/yano_ws/install/usb_camera/share/usb_camera/cmake/usb_cameraConfig-version.cmake
[0.328s] -- Up-to-date: /root/working/test_ws/yano_ws/install/usb_camera/share/usb_camera/package.xml
[0.369s] Invoked command in '/root/working/test_ws/yano_ws/build/usb_camera' returned '0': CMAKE_PREFIX_PATH=${CMAKE_PREFIX_PATH}:/opt/ros/humble /usr/bin/cmake --install /root/working/test_ws/yano_ws/build/usb_camera
