[0.041s] Invoking command in '/root/working/test_ws/yano_ws/build/dynamixel_sdk': CMAKE_PREFIX_PATH=/opt/ros/humble /usr/bin/cmake /root/working/test_ws/yano_ws/src/DynamixelSDK/ros/dynamixel_sdk -DCMAKE_INSTALL_PREFIX=/root/working/test_ws/yano_ws/install/dynamixel_sdk
[0.073s] -- Found ament_cmake: 1.3.11 (/opt/ros/humble/share/ament_cmake/cmake)
[0.415s] -- Found Python3: /usr/bin/python3 (found version "3.10.12") found components: Interpreter 
[0.772s] -- Configuring done
[0.785s] -- Generating done
[0.790s] -- Build files have been written to: /root/working/test_ws/yano_ws/build/dynamixel_sdk
[0.800s] Invoked command in '/root/working/test_ws/yano_ws/build/dynamixel_sdk' returned '0': CMAKE_PREFIX_PATH=/opt/ros/humble /usr/bin/cmake /root/working/test_ws/yano_ws/src/DynamixelSDK/ros/dynamixel_sdk -DCMAKE_INSTALL_PREFIX=/root/working/test_ws/yano_ws/install/dynamixel_sdk
[0.804s] Invoking command in '/root/working/test_ws/yano_ws/build/dynamixel_sdk': CMAKE_PREFIX_PATH=/opt/ros/humble /usr/bin/cmake --build /root/working/test_ws/yano_ws/build/dynamixel_sdk -- -j4 -l4
[0.911s] [  7%] [32mBuilding CXX object CMakeFiles/dynamixel_sdk.dir/src/dynamixel_sdk/packet_handler.cpp.o[0m
[0.920s] [ 15%] [32mBuilding CXX object CMakeFiles/dynamixel_sdk.dir/src/dynamixel_sdk/group_sync_read.cpp.o[0m
[0.922s] [ 23%] [32mBuilding CXX object CMakeFiles/dynamixel_sdk.dir/src/dynamixel_sdk/protocol1_packet_handler.cpp.o[0m
[0.922s] [ 30%] [32mBuilding CXX object CMakeFiles/dynamixel_sdk.dir/src/dynamixel_sdk/protocol2_packet_handler.cpp.o[0m
[1.344s] [ 38%] [32mBuilding CXX object CMakeFiles/dynamixel_sdk.dir/src/dynamixel_sdk/group_sync_write.cpp.o[0m
[1.372s] [ 46%] [32mBuilding CXX object CMakeFiles/dynamixel_sdk.dir/src/dynamixel_sdk/group_bulk_read.cpp.o[0m
[1.615s] [01m[K/root/working/test_ws/yano_ws/src/DynamixelSDK/ros/dynamixel_sdk/src/dynamixel_sdk/group_sync_read.cpp:[m[K In member function ‘[01m[Kbool dynamixel::GroupSyncRead::getError(uint8_t, uint8_t*)[m[K’:
[1.615s] [01m[K/root/working/test_ws/yano_ws/src/DynamixelSDK/ros/dynamixel_sdk/src/dynamixel_sdk/group_sync_read.cpp:201:19:[m[K [01;35m[Kwarning: [m[Ksuggest parentheses around assignment used as truth value [[01;35m[K-Wparentheses[m[K]
[1.615s]   201 |   return [01;35m[Kerror[0] = error_list_[id][0][m[K;
[1.615s]       |          [01;35m[K~~~~~~~~~^~~~~~~~~~~~~~~~~~~~[m[K
[1.939s] [ 53%] [32mBuilding CXX object CMakeFiles/dynamixel_sdk.dir/src/dynamixel_sdk/group_bulk_write.cpp.o[0m
[2.080s] [ 61%] [32mBuilding CXX object CMakeFiles/dynamixel_sdk.dir/src/dynamixel_sdk/group_fast_bulk_read.cpp.o[0m
[2.266s] [ 69%] [32mBuilding CXX object CMakeFiles/dynamixel_sdk.dir/src/dynamixel_sdk/group_fast_sync_read.cpp.o[0m
[2.559s] [01m[K/root/working/test_ws/yano_ws/src/DynamixelSDK/ros/dynamixel_sdk/src/dynamixel_sdk/group_bulk_read.cpp:[m[K In member function ‘[01m[Kbool dynamixel::GroupBulkRead::getError(uint8_t, uint8_t*)[m[K’:
[2.560s] [01m[K/root/working/test_ws/yano_ws/src/DynamixelSDK/ros/dynamixel_sdk/src/dynamixel_sdk/group_bulk_read.cpp:232:19:[m[K [01;35m[Kwarning: [m[Ksuggest parentheses around assignment used as truth value [[01;35m[K-Wparentheses[m[K]
[2.561s]   232 |   return [01;35m[Kerror[0] = error_list_[id][0][m[K;
[2.561s]       |          [01;35m[K~~~~~~~~~^~~~~~~~~~~~~~~~~~~~[m[K
[3.189s] [ 76%] [32mBuilding CXX object CMakeFiles/dynamixel_sdk.dir/src/dynamixel_sdk/group_handler.cpp.o[0m
[3.420s] [ 84%] [32mBuilding CXX object CMakeFiles/dynamixel_sdk.dir/src/dynamixel_sdk/port_handler.cpp.o[0m
[3.510s] [ 92%] [32mBuilding CXX object CMakeFiles/dynamixel_sdk.dir/src/dynamixel_sdk/port_handler_linux.cpp.o[0m
[3.633s] [100%] [32m[1mLinking CXX shared library libdynamixel_sdk.so[0m
[3.845s] [100%] Built target dynamixel_sdk
[3.876s] Invoked command in '/root/working/test_ws/yano_ws/build/dynamixel_sdk' returned '0': CMAKE_PREFIX_PATH=/opt/ros/humble /usr/bin/cmake --build /root/working/test_ws/yano_ws/build/dynamixel_sdk -- -j4 -l4
[3.892s] Invoking command in '/root/working/test_ws/yano_ws/build/dynamixel_sdk': CMAKE_PREFIX_PATH=/opt/ros/humble /usr/bin/cmake --install /root/working/test_ws/yano_ws/build/dynamixel_sdk
[3.907s] -- Install configuration: ""
[3.908s] -- Installing: /root/working/test_ws/yano_ws/install/dynamixel_sdk/include/
[3.909s] -- Installing: /root/working/test_ws/yano_ws/install/dynamixel_sdk/include//dynamixel_sdk
[3.909s] -- Installing: /root/working/test_ws/yano_ws/install/dynamixel_sdk/include//dynamixel_sdk/group_handler.h
[3.910s] -- Installing: /root/working/test_ws/yano_ws/install/dynamixel_sdk/include//dynamixel_sdk/group_bulk_read.h
[3.910s] -- Installing: /root/working/test_ws/yano_ws/install/dynamixel_sdk/include//dynamixel_sdk/protocol2_packet_handler.h
[3.911s] -- Installing: /root/working/test_ws/yano_ws/install/dynamixel_sdk/include//dynamixel_sdk/group_bulk_write.h
[3.912s] -- Installing: /root/working/test_ws/yano_ws/install/dynamixel_sdk/include//dynamixel_sdk/port_handler.h
[3.912s] -- Installing: /root/working/test_ws/yano_ws/install/dynamixel_sdk/include//dynamixel_sdk/protocol1_packet_handler.h
[3.913s] -- Installing: /root/working/test_ws/yano_ws/install/dynamixel_sdk/include//dynamixel_sdk/port_handler_linux.h
[3.913s] -- Installing: /root/working/test_ws/yano_ws/install/dynamixel_sdk/include//dynamixel_sdk/group_sync_write.h
[3.914s] -- Installing: /root/working/test_ws/yano_ws/install/dynamixel_sdk/include//dynamixel_sdk/port_handler_mac.h
[3.915s] -- Installing: /root/working/test_ws/yano_ws/install/dynamixel_sdk/include//dynamixel_sdk/port_handler_arduino.h
[3.915s] -- Installing: /root/working/test_ws/yano_ws/install/dynamixel_sdk/include//dynamixel_sdk/group_fast_bulk_read.h
[3.916s] -- Installing: /root/working/test_ws/yano_ws/install/dynamixel_sdk/include//dynamixel_sdk/dynamixel_sdk.h
[3.916s] -- Installing: /root/working/test_ws/yano_ws/install/dynamixel_sdk/include//dynamixel_sdk/port_handler_windows.h
[3.917s] -- Installing: /root/working/test_ws/yano_ws/install/dynamixel_sdk/include//dynamixel_sdk/packet_handler.h
[3.918s] -- Installing: /root/working/test_ws/yano_ws/install/dynamixel_sdk/include//dynamixel_sdk/group_fast_sync_read.h
[3.918s] -- Installing: /root/working/test_ws/yano_ws/install/dynamixel_sdk/include//dynamixel_sdk/group_sync_read.h
[3.919s] -- Installing: /root/working/test_ws/yano_ws/install/dynamixel_sdk/lib/libdynamixel_sdk.so
[3.921s] -- Installing: /root/working/test_ws/yano_ws/install/dynamixel_sdk/share/dynamixel_sdk/environment/library_path.sh
[3.921s] -- Installing: /root/working/test_ws/yano_ws/install/dynamixel_sdk/share/dynamixel_sdk/environment/library_path.dsv
[3.922s] -- Installing: /root/working/test_ws/yano_ws/install/dynamixel_sdk/share/ament_index/resource_index/package_run_dependencies/dynamixel_sdk
[3.923s] -- Installing: /root/working/test_ws/yano_ws/install/dynamixel_sdk/share/ament_index/resource_index/parent_prefix_path/dynamixel_sdk
[3.924s] -- Installing: /root/working/test_ws/yano_ws/install/dynamixel_sdk/share/dynamixel_sdk/environment/ament_prefix_path.sh
[3.925s] -- Installing: /root/working/test_ws/yano_ws/install/dynamixel_sdk/share/dynamixel_sdk/environment/ament_prefix_path.dsv
[3.927s] -- Installing: /root/working/test_ws/yano_ws/install/dynamixel_sdk/share/dynamixel_sdk/environment/path.sh
[3.928s] -- Installing: /root/working/test_ws/yano_ws/install/dynamixel_sdk/share/dynamixel_sdk/environment/path.dsv
[3.929s] -- Installing: /root/working/test_ws/yano_ws/install/dynamixel_sdk/share/dynamixel_sdk/local_setup.bash
[3.929s] -- Installing: /root/working/test_ws/yano_ws/install/dynamixel_sdk/share/dynamixel_sdk/local_setup.sh
[3.930s] -- Installing: /root/working/test_ws/yano_ws/install/dynamixel_sdk/share/dynamixel_sdk/local_setup.zsh
[3.931s] -- Installing: /root/working/test_ws/yano_ws/install/dynamixel_sdk/share/dynamixel_sdk/local_setup.dsv
[3.933s] -- Installing: /root/working/test_ws/yano_ws/install/dynamixel_sdk/share/dynamixel_sdk/package.dsv
[3.933s] -- Installing: /root/working/test_ws/yano_ws/install/dynamixel_sdk/share/ament_index/resource_index/packages/dynamixel_sdk
[3.933s] -- Installing: /root/working/test_ws/yano_ws/install/dynamixel_sdk/share/dynamixel_sdk/cmake/ament_cmake_export_include_directories-extras.cmake
[3.934s] -- Installing: /root/working/test_ws/yano_ws/install/dynamixel_sdk/share/dynamixel_sdk/cmake/ament_cmake_export_libraries-extras.cmake
[3.934s] -- Installing: /root/working/test_ws/yano_ws/install/dynamixel_sdk/share/dynamixel_sdk/cmake/dynamixel_sdkConfig.cmake
[3.936s] -- Installing: /root/working/test_ws/yano_ws/install/dynamixel_sdk/share/dynamixel_sdk/cmake/dynamixel_sdkConfig-version.cmake
[3.936s] -- Installing: /root/working/test_ws/yano_ws/install/dynamixel_sdk/share/dynamixel_sdk/package.xml
[3.939s] Invoked command in '/root/working/test_ws/yano_ws/build/dynamixel_sdk' returned '0': CMAKE_PREFIX_PATH=/opt/ros/humble /usr/bin/cmake --install /root/working/test_ws/yano_ws/build/dynamixel_sdk
