[0.149s] DEBUG:colcon:Command line arguments: ['/usr/bin/colcon', 'build']
[0.150s] DEBUG:colcon:Parsed command line arguments: Namespace(log_base=None, log_level=None, verb_name='build', build_base='build', install_base='install', merge_install=False, symlink_install=False, test_result_base=None, continue_on_error=False, executor='parallel', parallel_workers=4, event_handlers=None, ignore_user_meta=False, metas=['./colcon.meta'], base_paths=['.'], packages_ignore=None, packages_ignore_regex=None, paths=None, packages_up_to=None, packages_up_to_regex=None, packages_above=None, packages_above_and_dependencies=None, packages_above_depth=None, packages_select_by_dep=None, packages_skip_by_dep=None, packages_skip_up_to=None, packages_select_build_failed=False, packages_skip_build_finished=False, packages_select_test_failures=False, packages_skip_test_passed=False, packages_select=None, packages_skip=None, packages_select_regex=None, packages_skip_regex=None, packages_start=None, packages_end=None, cmake_args=None, cmake_target=None, cmake_target_skip_unavailable=False, cmake_clean_cache=False, cmake_clean_first=False, cmake_force_configure=False, ament_cmake_args=None, catkin_cmake_args=None, catkin_skip_building_tests=False, mixin_files=None, mixin=None, verb_parser=<colcon_mixin.mixin.mixin_argument.MixinArgumentDecorator object at 0x73f57ea6a8f0>, verb_extension=<colcon_core.verb.build.BuildVerb object at 0x73f57eb578b0>, main=<bound method BuildVerb.main of <colcon_core.verb.build.BuildVerb object at 0x73f57eb578b0>>, mixin_verb=('build',))
[0.321s] Level 1:colcon.colcon_core.package_discovery:discover_packages(colcon_meta) check parameters
[0.322s] INFO:colcon.colcon_metadata.package_discovery.colcon_meta:Using configuration from '/root/.colcon/metadata/default/Gazebo.meta'
[0.322s] INFO:colcon.colcon_metadata.package_discovery.colcon_meta:Using configuration from '/root/.colcon/metadata/default/fastrtps.meta'
[0.322s] Level 1:colcon.colcon_core.package_discovery:discover_packages(recursive) check parameters
[0.322s] Level 1:colcon.colcon_core.package_discovery:discover_packages(ignore) check parameters
[0.322s] Level 1:colcon.colcon_core.package_discovery:discover_packages(path) check parameters
[0.322s] Level 1:colcon.colcon_core.package_discovery:discover_packages(colcon_meta) discover
[0.323s] Level 1:colcon.colcon_core.package_discovery:discover_packages(recursive) discover
[0.323s] INFO:colcon.colcon_core.package_discovery:Crawling recursively for packages in '/root/working/rodep_ros2/yano_ws'
[0.323s] Level 1:colcon.colcon_core.package_identification:_identify(.) by extensions ['ignore', 'ignore_ament_install']
[0.323s] Level 1:colcon.colcon_core.package_identification:_identify(.) by extension 'ignore'
[0.323s] Level 1:colcon.colcon_core.package_identification:_identify(.) by extension 'ignore_ament_install'
[0.323s] Level 1:colcon.colcon_core.package_identification:_identify(.) by extensions ['colcon_pkg']
[0.323s] Level 1:colcon.colcon_core.package_identification:_identify(.) by extension 'colcon_pkg'
[0.323s] Level 1:colcon.colcon_core.package_identification:_identify(.) by extensions ['colcon_meta']
[0.323s] Level 1:colcon.colcon_core.package_identification:_identify(.) by extension 'colcon_meta'
[0.323s] Level 1:colcon.colcon_core.package_identification:_identify(.) by extensions ['ros']
[0.323s] Level 1:colcon.colcon_core.package_identification:_identify(.) by extension 'ros'
[0.337s] Level 1:colcon.colcon_core.package_identification:_identify(.) by extensions ['cmake', 'python']
[0.337s] Level 1:colcon.colcon_core.package_identification:_identify(.) by extension 'cmake'
[0.338s] Level 1:colcon.colcon_core.package_identification:_identify(.) by extension 'python'
[0.338s] Level 1:colcon.colcon_core.package_identification:_identify(.) by extensions ['python_setup_py']
[0.338s] Level 1:colcon.colcon_core.package_identification:_identify(.) by extension 'python_setup_py'
[0.338s] Level 1:colcon.colcon_core.package_identification:_identify(build) by extensions ['ignore', 'ignore_ament_install']
[0.338s] Level 1:colcon.colcon_core.package_identification:_identify(build) by extension 'ignore'
[0.338s] Level 1:colcon.colcon_core.package_identification:_identify(build) ignored
[0.338s] Level 1:colcon.colcon_core.package_identification:_identify(custom_interfaces) by extensions ['ignore', 'ignore_ament_install']
[0.338s] Level 1:colcon.colcon_core.package_identification:_identify(custom_interfaces) by extension 'ignore'
[0.338s] Level 1:colcon.colcon_core.package_identification:_identify(custom_interfaces) by extension 'ignore_ament_install'
[0.338s] Level 1:colcon.colcon_core.package_identification:_identify(custom_interfaces) by extensions ['colcon_pkg']
[0.338s] Level 1:colcon.colcon_core.package_identification:_identify(custom_interfaces) by extension 'colcon_pkg'
[0.338s] Level 1:colcon.colcon_core.package_identification:_identify(custom_interfaces) by extensions ['colcon_meta']
[0.338s] Level 1:colcon.colcon_core.package_identification:_identify(custom_interfaces) by extension 'colcon_meta'
[0.338s] Level 1:colcon.colcon_core.package_identification:_identify(custom_interfaces) by extensions ['ros']
[0.339s] Level 1:colcon.colcon_core.package_identification:_identify(custom_interfaces) by extension 'ros'
[0.341s] DEBUG:colcon.colcon_core.package_identification:Package 'custom_interfaces' with type 'ros.ament_cmake' and name 'custom_interfaces'
[0.341s] Level 1:colcon.colcon_core.package_identification:_identify(install) by extensions ['ignore', 'ignore_ament_install']
[0.341s] Level 1:colcon.colcon_core.package_identification:_identify(install) by extension 'ignore'
[0.342s] Level 1:colcon.colcon_core.package_identification:_identify(install) ignored
[0.342s] Level 1:colcon.colcon_core.package_identification:_identify(launch) by extensions ['ignore', 'ignore_ament_install']
[0.342s] Level 1:colcon.colcon_core.package_identification:_identify(launch) by extension 'ignore'
[0.342s] Level 1:colcon.colcon_core.package_identification:_identify(launch) by extension 'ignore_ament_install'
[0.342s] Level 1:colcon.colcon_core.package_identification:_identify(launch) by extensions ['colcon_pkg']
[0.342s] Level 1:colcon.colcon_core.package_identification:_identify(launch) by extension 'colcon_pkg'
[0.342s] Level 1:colcon.colcon_core.package_identification:_identify(launch) by extensions ['colcon_meta']
[0.342s] Level 1:colcon.colcon_core.package_identification:_identify(launch) by extension 'colcon_meta'
[0.342s] Level 1:colcon.colcon_core.package_identification:_identify(launch) by extensions ['ros']
[0.342s] Level 1:colcon.colcon_core.package_identification:_identify(launch) by extension 'ros'
[0.342s] Level 1:colcon.colcon_core.package_identification:_identify(launch) by extensions ['cmake', 'python']
[0.342s] Level 1:colcon.colcon_core.package_identification:_identify(launch) by extension 'cmake'
[0.342s] Level 1:colcon.colcon_core.package_identification:_identify(launch) by extension 'python'
[0.342s] Level 1:colcon.colcon_core.package_identification:_identify(launch) by extensions ['python_setup_py']
[0.342s] Level 1:colcon.colcon_core.package_identification:_identify(launch) by extension 'python_setup_py'
[0.342s] Level 1:colcon.colcon_core.package_identification:_identify(launch/__pycache__) by extensions ['ignore', 'ignore_ament_install']
[0.342s] Level 1:colcon.colcon_core.package_identification:_identify(launch/__pycache__) by extension 'ignore'
[0.343s] Level 1:colcon.colcon_core.package_identification:_identify(launch/__pycache__) by extension 'ignore_ament_install'
[0.343s] Level 1:colcon.colcon_core.package_identification:_identify(launch/__pycache__) by extensions ['colcon_pkg']
[0.343s] Level 1:colcon.colcon_core.package_identification:_identify(launch/__pycache__) by extension 'colcon_pkg'
[0.343s] Level 1:colcon.colcon_core.package_identification:_identify(launch/__pycache__) by extensions ['colcon_meta']
[0.343s] Level 1:colcon.colcon_core.package_identification:_identify(launch/__pycache__) by extension 'colcon_meta'
[0.343s] Level 1:colcon.colcon_core.package_identification:_identify(launch/__pycache__) by extensions ['ros']
[0.343s] Level 1:colcon.colcon_core.package_identification:_identify(launch/__pycache__) by extension 'ros'
[0.343s] Level 1:colcon.colcon_core.package_identification:_identify(launch/__pycache__) by extensions ['cmake', 'python']
[0.343s] Level 1:colcon.colcon_core.package_identification:_identify(launch/__pycache__) by extension 'cmake'
[0.343s] Level 1:colcon.colcon_core.package_identification:_identify(launch/__pycache__) by extension 'python'
[0.343s] Level 1:colcon.colcon_core.package_identification:_identify(launch/__pycache__) by extensions ['python_setup_py']
[0.343s] Level 1:colcon.colcon_core.package_identification:_identify(launch/__pycache__) by extension 'python_setup_py'
[0.343s] Level 1:colcon.colcon_core.package_identification:_identify(log) by extensions ['ignore', 'ignore_ament_install']
[0.343s] Level 1:colcon.colcon_core.package_identification:_identify(log) by extension 'ignore'
[0.343s] Level 1:colcon.colcon_core.package_identification:_identify(log) ignored
[0.344s] Level 1:colcon.colcon_core.package_identification:_identify(src) by extensions ['ignore', 'ignore_ament_install']
[0.344s] Level 1:colcon.colcon_core.package_identification:_identify(src) by extension 'ignore'
[0.344s] Level 1:colcon.colcon_core.package_identification:_identify(src) by extension 'ignore_ament_install'
[0.344s] Level 1:colcon.colcon_core.package_identification:_identify(src) by extensions ['colcon_pkg']
[0.344s] Level 1:colcon.colcon_core.package_identification:_identify(src) by extension 'colcon_pkg'
[0.344s] Level 1:colcon.colcon_core.package_identification:_identify(src) by extensions ['colcon_meta']
[0.344s] Level 1:colcon.colcon_core.package_identification:_identify(src) by extension 'colcon_meta'
[0.344s] Level 1:colcon.colcon_core.package_identification:_identify(src) by extensions ['ros']
[0.344s] Level 1:colcon.colcon_core.package_identification:_identify(src) by extension 'ros'
[0.344s] Level 1:colcon.colcon_core.package_identification:_identify(src) by extensions ['cmake', 'python']
[0.344s] Level 1:colcon.colcon_core.package_identification:_identify(src) by extension 'cmake'
[0.344s] Level 1:colcon.colcon_core.package_identification:_identify(src) by extension 'python'
[0.344s] Level 1:colcon.colcon_core.package_identification:_identify(src) by extensions ['python_setup_py']
[0.344s] Level 1:colcon.colcon_core.package_identification:_identify(src) by extension 'python_setup_py'
[0.344s] Level 1:colcon.colcon_core.package_identification:_identify(src/driver) by extensions ['ignore', 'ignore_ament_install']
[0.344s] Level 1:colcon.colcon_core.package_identification:_identify(src/driver) by extension 'ignore'
[0.344s] Level 1:colcon.colcon_core.package_identification:_identify(src/driver) by extension 'ignore_ament_install'
[0.345s] Level 1:colcon.colcon_core.package_identification:_identify(src/driver) by extensions ['colcon_pkg']
[0.345s] Level 1:colcon.colcon_core.package_identification:_identify(src/driver) by extension 'colcon_pkg'
[0.345s] Level 1:colcon.colcon_core.package_identification:_identify(src/driver) by extensions ['colcon_meta']
[0.345s] Level 1:colcon.colcon_core.package_identification:_identify(src/driver) by extension 'colcon_meta'
[0.345s] Level 1:colcon.colcon_core.package_identification:_identify(src/driver) by extensions ['ros']
[0.345s] Level 1:colcon.colcon_core.package_identification:_identify(src/driver) by extension 'ros'
[0.345s] DEBUG:colcon.colcon_core.package_identification:Package 'src/driver' with type 'ros.ament_cmake' and name 'driver'
[0.346s] Level 1:colcon.colcon_core.package_identification:_identify(src/operator) by extensions ['ignore', 'ignore_ament_install']
[0.346s] Level 1:colcon.colcon_core.package_identification:_identify(src/operator) by extension 'ignore'
[0.346s] Level 1:colcon.colcon_core.package_identification:_identify(src/operator) by extension 'ignore_ament_install'
[0.346s] Level 1:colcon.colcon_core.package_identification:_identify(src/operator) by extensions ['colcon_pkg']
[0.346s] Level 1:colcon.colcon_core.package_identification:_identify(src/operator) by extension 'colcon_pkg'
[0.346s] Level 1:colcon.colcon_core.package_identification:_identify(src/operator) by extensions ['colcon_meta']
[0.346s] Level 1:colcon.colcon_core.package_identification:_identify(src/operator) by extension 'colcon_meta'
[0.346s] Level 1:colcon.colcon_core.package_identification:_identify(src/operator) by extensions ['ros']
[0.346s] Level 1:colcon.colcon_core.package_identification:_identify(src/operator) by extension 'ros'
[0.347s] DEBUG:colcon.colcon_core.package_identification:Package 'src/operator' with type 'ros.ament_cmake' and name 'operator'
[0.347s] Level 1:colcon.colcon_core.package_discovery:discover_packages(recursive) using defaults
[0.347s] Level 1:colcon.colcon_core.package_discovery:discover_packages(ignore) discover
[0.347s] Level 1:colcon.colcon_core.package_discovery:discover_packages(ignore) using defaults
[0.347s] Level 1:colcon.colcon_core.package_discovery:discover_packages(path) discover
[0.347s] Level 1:colcon.colcon_core.package_discovery:discover_packages(path) using defaults
[0.371s] Level 5:colcon.colcon_core.verb:set package 'custom_interfaces' build argument 'cmake_args' from command line to 'None'
[0.371s] Level 5:colcon.colcon_core.verb:set package 'custom_interfaces' build argument 'cmake_target' from command line to 'None'
[0.371s] Level 5:colcon.colcon_core.verb:set package 'custom_interfaces' build argument 'cmake_target_skip_unavailable' from command line to 'False'
[0.371s] Level 5:colcon.colcon_core.verb:set package 'custom_interfaces' build argument 'cmake_clean_cache' from command line to 'False'
[0.371s] Level 5:colcon.colcon_core.verb:set package 'custom_interfaces' build argument 'cmake_clean_first' from command line to 'False'
[0.371s] Level 5:colcon.colcon_core.verb:set package 'custom_interfaces' build argument 'cmake_force_configure' from command line to 'False'
[0.371s] Level 5:colcon.colcon_core.verb:set package 'custom_interfaces' build argument 'ament_cmake_args' from command line to 'None'
[0.371s] Level 5:colcon.colcon_core.verb:set package 'custom_interfaces' build argument 'catkin_cmake_args' from command line to 'None'
[0.371s] Level 5:colcon.colcon_core.verb:set package 'custom_interfaces' build argument 'catkin_skip_building_tests' from command line to 'False'
[0.371s] DEBUG:colcon.colcon_core.verb:Building package 'custom_interfaces' with the following arguments: {'ament_cmake_args': None, 'build_base': '/root/working/rodep_ros2/yano_ws/build/custom_interfaces', 'catkin_cmake_args': None, 'catkin_skip_building_tests': False, 'cmake_args': None, 'cmake_clean_cache': False, 'cmake_clean_first': False, 'cmake_force_configure': False, 'cmake_target': None, 'cmake_target_skip_unavailable': False, 'install_base': '/root/working/rodep_ros2/yano_ws/install/custom_interfaces', 'merge_install': False, 'path': '/root/working/rodep_ros2/yano_ws/custom_interfaces', 'symlink_install': False, 'test_result_base': None}
[0.372s] Level 5:colcon.colcon_core.verb:set package 'driver' build argument 'cmake_args' from command line to 'None'
[0.372s] Level 5:colcon.colcon_core.verb:set package 'driver' build argument 'cmake_target' from command line to 'None'
[0.372s] Level 5:colcon.colcon_core.verb:set package 'driver' build argument 'cmake_target_skip_unavailable' from command line to 'False'
[0.372s] Level 5:colcon.colcon_core.verb:set package 'driver' build argument 'cmake_clean_cache' from command line to 'False'
[0.372s] Level 5:colcon.colcon_core.verb:set package 'driver' build argument 'cmake_clean_first' from command line to 'False'
[0.372s] Level 5:colcon.colcon_core.verb:set package 'driver' build argument 'cmake_force_configure' from command line to 'False'
[0.372s] Level 5:colcon.colcon_core.verb:set package 'driver' build argument 'ament_cmake_args' from command line to 'None'
[0.372s] Level 5:colcon.colcon_core.verb:set package 'driver' build argument 'catkin_cmake_args' from command line to 'None'
[0.372s] Level 5:colcon.colcon_core.verb:set package 'driver' build argument 'catkin_skip_building_tests' from command line to 'False'
[0.372s] DEBUG:colcon.colcon_core.verb:Building package 'driver' with the following arguments: {'ament_cmake_args': None, 'build_base': '/root/working/rodep_ros2/yano_ws/build/driver', 'catkin_cmake_args': None, 'catkin_skip_building_tests': False, 'cmake_args': None, 'cmake_clean_cache': False, 'cmake_clean_first': False, 'cmake_force_configure': False, 'cmake_target': None, 'cmake_target_skip_unavailable': False, 'install_base': '/root/working/rodep_ros2/yano_ws/install/driver', 'merge_install': False, 'path': '/root/working/rodep_ros2/yano_ws/src/driver', 'symlink_install': False, 'test_result_base': None}
[0.372s] Level 5:colcon.colcon_core.verb:set package 'operator' build argument 'cmake_args' from command line to 'None'
[0.372s] Level 5:colcon.colcon_core.verb:set package 'operator' build argument 'cmake_target' from command line to 'None'
[0.372s] Level 5:colcon.colcon_core.verb:set package 'operator' build argument 'cmake_target_skip_unavailable' from command line to 'False'
[0.372s] Level 5:colcon.colcon_core.verb:set package 'operator' build argument 'cmake_clean_cache' from command line to 'False'
[0.372s] Level 5:colcon.colcon_core.verb:set package 'operator' build argument 'cmake_clean_first' from command line to 'False'
[0.372s] Level 5:colcon.colcon_core.verb:set package 'operator' build argument 'cmake_force_configure' from command line to 'False'
[0.372s] Level 5:colcon.colcon_core.verb:set package 'operator' build argument 'ament_cmake_args' from command line to 'None'
[0.372s] Level 5:colcon.colcon_core.verb:set package 'operator' build argument 'catkin_cmake_args' from command line to 'None'
[0.372s] Level 5:colcon.colcon_core.verb:set package 'operator' build argument 'catkin_skip_building_tests' from command line to 'False'
[0.373s] DEBUG:colcon.colcon_core.verb:Building package 'operator' with the following arguments: {'ament_cmake_args': None, 'build_base': '/root/working/rodep_ros2/yano_ws/build/operator', 'catkin_cmake_args': None, 'catkin_skip_building_tests': False, 'cmake_args': None, 'cmake_clean_cache': False, 'cmake_clean_first': False, 'cmake_force_configure': False, 'cmake_target': None, 'cmake_target_skip_unavailable': False, 'install_base': '/root/working/rodep_ros2/yano_ws/install/operator', 'merge_install': False, 'path': '/root/working/rodep_ros2/yano_ws/src/operator', 'symlink_install': False, 'test_result_base': None}
[0.373s] INFO:colcon.colcon_core.executor:Executing jobs using 'parallel' executor
[0.374s] DEBUG:colcon.colcon_parallel_executor.executor.parallel:run_until_complete
[0.375s] INFO:colcon.colcon_ros.task.ament_cmake.build:Building ROS package in '/root/working/rodep_ros2/yano_ws/custom_interfaces' with build type 'ament_cmake'
[0.375s] INFO:colcon.colcon_cmake.task.cmake.build:Building CMake package in '/root/working/rodep_ros2/yano_ws/custom_interfaces'
[0.379s] INFO:colcon.colcon_core.plugin_system:Skipping extension 'colcon_core.shell.bat': Not used on non-Windows systems
[0.380s] INFO:colcon.colcon_core.shell:Skip shell extension 'powershell' for command environment: Not usable outside of PowerShell
[0.380s] DEBUG:colcon.colcon_core.shell:Skip shell extension 'dsv' for command environment
[0.390s] INFO:colcon.colcon_ros.task.ament_cmake.build:Building ROS package in '/root/working/rodep_ros2/yano_ws/src/driver' with build type 'ament_cmake'
[0.390s] INFO:colcon.colcon_cmake.task.cmake.build:Building CMake package in '/root/working/rodep_ros2/yano_ws/src/driver'
[0.390s] INFO:colcon.colcon_core.shell:Skip shell extension 'powershell' for command environment: Not usable outside of PowerShell
[0.390s] DEBUG:colcon.colcon_core.shell:Skip shell extension 'dsv' for command environment
[0.401s] DEBUG:colcon.colcon_core.event_handler.log_command:Invoking command in '/root/working/rodep_ros2/yano_ws/build/custom_interfaces': CMAKE_PREFIX_PATH=${CMAKE_PREFIX_PATH}:/opt/ros/humble /usr/bin/cmake --build /root/working/rodep_ros2/yano_ws/build/custom_interfaces -- -j4 -l4
[0.409s] DEBUG:colcon.colcon_core.event_handler.log_command:Invoking command in '/root/working/rodep_ros2/yano_ws/build/driver': CMAKE_PREFIX_PATH=${CMAKE_PREFIX_PATH}:/opt/ros/humble /usr/bin/cmake --build /root/working/rodep_ros2/yano_ws/build/driver -- -j4 -l4
[0.554s] DEBUG:colcon.colcon_core.event_handler.log_command:Invoked command in '/root/working/rodep_ros2/yano_ws/build/driver' returned '0': CMAKE_PREFIX_PATH=${CMAKE_PREFIX_PATH}:/opt/ros/humble /usr/bin/cmake --build /root/working/rodep_ros2/yano_ws/build/driver -- -j4 -l4
[0.590s] DEBUG:colcon.colcon_core.event_handler.log_command:Invoking command in '/root/working/rodep_ros2/yano_ws/build/driver': CMAKE_PREFIX_PATH=${CMAKE_PREFIX_PATH}:/opt/ros/humble /usr/bin/cmake --install /root/working/rodep_ros2/yano_ws/build/driver
[0.612s] Level 1:colcon.colcon_core.environment:create_environment_scripts_only(driver)
[0.613s] DEBUG:colcon.colcon_core.event_handler.log_command:Invoked command in '/root/working/rodep_ros2/yano_ws/build/driver' returned '0': CMAKE_PREFIX_PATH=${CMAKE_PREFIX_PATH}:/opt/ros/humble /usr/bin/cmake --install /root/working/rodep_ros2/yano_ws/build/driver
[0.618s] Level 1:colcon.colcon_core.environment:checking '/root/working/rodep_ros2/yano_ws/install/driver' for CMake module files
[0.619s] Level 1:colcon.colcon_core.environment:checking '/root/working/rodep_ros2/yano_ws/install/driver' for CMake config files
[0.620s] Level 1:colcon.colcon_core.shell:create_environment_hook('driver', 'cmake_prefix_path')
[0.620s] INFO:colcon.colcon_core.shell:Creating environment hook '/root/working/rodep_ros2/yano_ws/install/driver/share/driver/hook/cmake_prefix_path.ps1'
[0.621s] INFO:colcon.colcon_core.shell:Creating environment descriptor '/root/working/rodep_ros2/yano_ws/install/driver/share/driver/hook/cmake_prefix_path.dsv'
[0.622s] INFO:colcon.colcon_core.shell:Creating environment hook '/root/working/rodep_ros2/yano_ws/install/driver/share/driver/hook/cmake_prefix_path.sh'
[0.624s] Level 1:colcon.colcon_core.environment:checking '/root/working/rodep_ros2/yano_ws/install/driver/lib'
[0.624s] Level 1:colcon.colcon_core.environment:checking '/root/working/rodep_ros2/yano_ws/install/driver/bin'
[0.624s] Level 1:colcon.colcon_core.environment:checking '/root/working/rodep_ros2/yano_ws/install/driver/lib/pkgconfig/driver.pc'
[0.628s] Level 1:colcon.colcon_core.environment:checking '/root/working/rodep_ros2/yano_ws/install/driver/lib/python3.10/site-packages'
[0.628s] Level 1:colcon.colcon_core.environment:checking '/root/working/rodep_ros2/yano_ws/install/driver/bin'
[0.629s] INFO:colcon.colcon_core.shell:Creating package script '/root/working/rodep_ros2/yano_ws/install/driver/share/driver/package.ps1'
[0.630s] INFO:colcon.colcon_core.shell:Creating package descriptor '/root/working/rodep_ros2/yano_ws/install/driver/share/driver/package.dsv'
[0.630s] INFO:colcon.colcon_core.shell:Creating package script '/root/working/rodep_ros2/yano_ws/install/driver/share/driver/package.sh'
[0.631s] INFO:colcon.colcon_core.shell:Creating package script '/root/working/rodep_ros2/yano_ws/install/driver/share/driver/package.bash'
[0.633s] INFO:colcon.colcon_core.shell:Creating package script '/root/working/rodep_ros2/yano_ws/install/driver/share/driver/package.zsh'
[0.635s] Level 1:colcon.colcon_core.environment:create_file_with_runtime_dependencies(/root/working/rodep_ros2/yano_ws/install/driver/share/colcon-core/packages/driver)
[0.636s] Level 1:colcon.colcon_core.environment:create_environment_scripts_only(driver)
[0.637s] Level 1:colcon.colcon_core.environment:checking '/root/working/rodep_ros2/yano_ws/install/driver' for CMake module files
[0.638s] Level 1:colcon.colcon_core.environment:checking '/root/working/rodep_ros2/yano_ws/install/driver' for CMake config files
[0.638s] Level 1:colcon.colcon_core.shell:create_environment_hook('driver', 'cmake_prefix_path')
[0.639s] INFO:colcon.colcon_core.shell:Creating environment hook '/root/working/rodep_ros2/yano_ws/install/driver/share/driver/hook/cmake_prefix_path.ps1'
[0.640s] INFO:colcon.colcon_core.shell:Creating environment descriptor '/root/working/rodep_ros2/yano_ws/install/driver/share/driver/hook/cmake_prefix_path.dsv'
[0.640s] INFO:colcon.colcon_core.shell:Creating environment hook '/root/working/rodep_ros2/yano_ws/install/driver/share/driver/hook/cmake_prefix_path.sh'
[0.641s] Level 1:colcon.colcon_core.environment:checking '/root/working/rodep_ros2/yano_ws/install/driver/lib'
[0.642s] Level 1:colcon.colcon_core.environment:checking '/root/working/rodep_ros2/yano_ws/install/driver/bin'
[0.642s] Level 1:colcon.colcon_core.environment:checking '/root/working/rodep_ros2/yano_ws/install/driver/lib/pkgconfig/driver.pc'
[0.642s] Level 1:colcon.colcon_core.environment:checking '/root/working/rodep_ros2/yano_ws/install/driver/lib/python3.10/site-packages'
[0.643s] Level 1:colcon.colcon_core.environment:checking '/root/working/rodep_ros2/yano_ws/install/driver/bin'
[0.643s] INFO:colcon.colcon_core.shell:Creating package script '/root/working/rodep_ros2/yano_ws/install/driver/share/driver/package.ps1'
[0.645s] INFO:colcon.colcon_core.shell:Creating package descriptor '/root/working/rodep_ros2/yano_ws/install/driver/share/driver/package.dsv'
[0.646s] INFO:colcon.colcon_core.shell:Creating package script '/root/working/rodep_ros2/yano_ws/install/driver/share/driver/package.sh'
[0.646s] INFO:colcon.colcon_core.shell:Creating package script '/root/working/rodep_ros2/yano_ws/install/driver/share/driver/package.bash'
[0.647s] INFO:colcon.colcon_core.shell:Creating package script '/root/working/rodep_ros2/yano_ws/install/driver/share/driver/package.zsh'
[0.648s] Level 1:colcon.colcon_core.environment:create_file_with_runtime_dependencies(/root/working/rodep_ros2/yano_ws/install/driver/share/colcon-core/packages/driver)
[0.953s] DEBUG:colcon.colcon_core.event_handler.log_command:Invoked command in '/root/working/rodep_ros2/yano_ws/build/custom_interfaces' returned '0': CMAKE_PREFIX_PATH=${CMAKE_PREFIX_PATH}:/opt/ros/humble /usr/bin/cmake --build /root/working/rodep_ros2/yano_ws/build/custom_interfaces -- -j4 -l4
[0.955s] DEBUG:colcon.colcon_core.event_handler.log_command:Invoking command in '/root/working/rodep_ros2/yano_ws/build/custom_interfaces': CMAKE_PREFIX_PATH=${CMAKE_PREFIX_PATH}:/opt/ros/humble /usr/bin/cmake --install /root/working/rodep_ros2/yano_ws/build/custom_interfaces
[1.037s] Level 1:colcon.colcon_core.environment:create_environment_scripts_only(custom_interfaces)
[1.037s] Level 1:colcon.colcon_core.environment:checking '/root/working/rodep_ros2/yano_ws/install/custom_interfaces' for CMake module files
[1.038s] DEBUG:colcon.colcon_core.event_handler.log_command:Invoked command in '/root/working/rodep_ros2/yano_ws/build/custom_interfaces' returned '0': CMAKE_PREFIX_PATH=${CMAKE_PREFIX_PATH}:/opt/ros/humble /usr/bin/cmake --install /root/working/rodep_ros2/yano_ws/build/custom_interfaces
[1.038s] Level 1:colcon.colcon_core.environment:checking '/root/working/rodep_ros2/yano_ws/install/custom_interfaces' for CMake config files
[1.039s] Level 1:colcon.colcon_core.shell:create_environment_hook('custom_interfaces', 'cmake_prefix_path')
[1.039s] INFO:colcon.colcon_core.shell:Creating environment hook '/root/working/rodep_ros2/yano_ws/install/custom_interfaces/share/custom_interfaces/hook/cmake_prefix_path.ps1'
[1.040s] INFO:colcon.colcon_core.shell:Creating environment descriptor '/root/working/rodep_ros2/yano_ws/install/custom_interfaces/share/custom_interfaces/hook/cmake_prefix_path.dsv'
[1.040s] INFO:colcon.colcon_core.shell:Creating environment hook '/root/working/rodep_ros2/yano_ws/install/custom_interfaces/share/custom_interfaces/hook/cmake_prefix_path.sh'
[1.041s] Level 1:colcon.colcon_core.environment:checking '/root/working/rodep_ros2/yano_ws/install/custom_interfaces/lib'
[1.041s] Level 1:colcon.colcon_core.shell:create_environment_hook('custom_interfaces', 'ld_library_path_lib')
[1.041s] INFO:colcon.colcon_core.shell:Creating environment hook '/root/working/rodep_ros2/yano_ws/install/custom_interfaces/share/custom_interfaces/hook/ld_library_path_lib.ps1'
[1.042s] INFO:colcon.colcon_core.shell:Creating environment descriptor '/root/working/rodep_ros2/yano_ws/install/custom_interfaces/share/custom_interfaces/hook/ld_library_path_lib.dsv'
[1.042s] INFO:colcon.colcon_core.shell:Creating environment hook '/root/working/rodep_ros2/yano_ws/install/custom_interfaces/share/custom_interfaces/hook/ld_library_path_lib.sh'
[1.043s] Level 1:colcon.colcon_core.environment:checking '/root/working/rodep_ros2/yano_ws/install/custom_interfaces/bin'
[1.043s] Level 1:colcon.colcon_core.environment:checking '/root/working/rodep_ros2/yano_ws/install/custom_interfaces/lib/pkgconfig/custom_interfaces.pc'
[1.043s] Level 1:colcon.colcon_core.environment:checking '/root/working/rodep_ros2/yano_ws/install/custom_interfaces/lib/python3.10/site-packages'
[1.043s] Level 1:colcon.colcon_core.environment:checking '/root/working/rodep_ros2/yano_ws/install/custom_interfaces/bin'
[1.044s] INFO:colcon.colcon_core.shell:Creating package script '/root/working/rodep_ros2/yano_ws/install/custom_interfaces/share/custom_interfaces/package.ps1'
[1.044s] INFO:colcon.colcon_core.shell:Creating package descriptor '/root/working/rodep_ros2/yano_ws/install/custom_interfaces/share/custom_interfaces/package.dsv'
[1.045s] INFO:colcon.colcon_core.shell:Creating package script '/root/working/rodep_ros2/yano_ws/install/custom_interfaces/share/custom_interfaces/package.sh'
[1.045s] INFO:colcon.colcon_core.shell:Creating package script '/root/working/rodep_ros2/yano_ws/install/custom_interfaces/share/custom_interfaces/package.bash'
[1.046s] INFO:colcon.colcon_core.shell:Creating package script '/root/working/rodep_ros2/yano_ws/install/custom_interfaces/share/custom_interfaces/package.zsh'
[1.046s] Level 1:colcon.colcon_core.environment:create_file_with_runtime_dependencies(/root/working/rodep_ros2/yano_ws/install/custom_interfaces/share/colcon-core/packages/custom_interfaces)
[1.047s] Level 1:colcon.colcon_core.environment:create_environment_scripts_only(custom_interfaces)
[1.047s] Level 1:colcon.colcon_core.environment:checking '/root/working/rodep_ros2/yano_ws/install/custom_interfaces' for CMake module files
[1.048s] Level 1:colcon.colcon_core.environment:checking '/root/working/rodep_ros2/yano_ws/install/custom_interfaces' for CMake config files
[1.049s] Level 1:colcon.colcon_core.shell:create_environment_hook('custom_interfaces', 'cmake_prefix_path')
[1.049s] INFO:colcon.colcon_core.shell:Creating environment hook '/root/working/rodep_ros2/yano_ws/install/custom_interfaces/share/custom_interfaces/hook/cmake_prefix_path.ps1'
[1.049s] INFO:colcon.colcon_core.shell:Creating environment descriptor '/root/working/rodep_ros2/yano_ws/install/custom_interfaces/share/custom_interfaces/hook/cmake_prefix_path.dsv'
[1.050s] INFO:colcon.colcon_core.shell:Creating environment hook '/root/working/rodep_ros2/yano_ws/install/custom_interfaces/share/custom_interfaces/hook/cmake_prefix_path.sh'
[1.050s] Level 1:colcon.colcon_core.environment:checking '/root/working/rodep_ros2/yano_ws/install/custom_interfaces/lib'
[1.051s] Level 1:colcon.colcon_core.shell:create_environment_hook('custom_interfaces', 'ld_library_path_lib')
[1.051s] INFO:colcon.colcon_core.shell:Creating environment hook '/root/working/rodep_ros2/yano_ws/install/custom_interfaces/share/custom_interfaces/hook/ld_library_path_lib.ps1'
[1.051s] INFO:colcon.colcon_core.shell:Creating environment descriptor '/root/working/rodep_ros2/yano_ws/install/custom_interfaces/share/custom_interfaces/hook/ld_library_path_lib.dsv'
[1.052s] INFO:colcon.colcon_core.shell:Creating environment hook '/root/working/rodep_ros2/yano_ws/install/custom_interfaces/share/custom_interfaces/hook/ld_library_path_lib.sh'
[1.052s] Level 1:colcon.colcon_core.environment:checking '/root/working/rodep_ros2/yano_ws/install/custom_interfaces/bin'
[1.052s] Level 1:colcon.colcon_core.environment:checking '/root/working/rodep_ros2/yano_ws/install/custom_interfaces/lib/pkgconfig/custom_interfaces.pc'
[1.052s] Level 1:colcon.colcon_core.environment:checking '/root/working/rodep_ros2/yano_ws/install/custom_interfaces/lib/python3.10/site-packages'
[1.053s] Level 1:colcon.colcon_core.environment:checking '/root/working/rodep_ros2/yano_ws/install/custom_interfaces/bin'
[1.053s] INFO:colcon.colcon_core.shell:Creating package script '/root/working/rodep_ros2/yano_ws/install/custom_interfaces/share/custom_interfaces/package.ps1'
[1.054s] INFO:colcon.colcon_core.shell:Creating package descriptor '/root/working/rodep_ros2/yano_ws/install/custom_interfaces/share/custom_interfaces/package.dsv'
[1.054s] INFO:colcon.colcon_core.shell:Creating package script '/root/working/rodep_ros2/yano_ws/install/custom_interfaces/share/custom_interfaces/package.sh'
[1.055s] INFO:colcon.colcon_core.shell:Creating package script '/root/working/rodep_ros2/yano_ws/install/custom_interfaces/share/custom_interfaces/package.bash'
[1.055s] INFO:colcon.colcon_core.shell:Creating package script '/root/working/rodep_ros2/yano_ws/install/custom_interfaces/share/custom_interfaces/package.zsh'
[1.056s] Level 1:colcon.colcon_core.environment:create_file_with_runtime_dependencies(/root/working/rodep_ros2/yano_ws/install/custom_interfaces/share/colcon-core/packages/custom_interfaces)
[1.056s] INFO:colcon.colcon_ros.task.ament_cmake.build:Building ROS package in '/root/working/rodep_ros2/yano_ws/src/operator' with build type 'ament_cmake'
[1.056s] INFO:colcon.colcon_cmake.task.cmake.build:Building CMake package in '/root/working/rodep_ros2/yano_ws/src/operator'
[1.057s] INFO:colcon.colcon_core.shell:Skip shell extension 'powershell' for command environment: Not usable outside of PowerShell
[1.057s] DEBUG:colcon.colcon_core.shell:Skip shell extension 'dsv' for command environment
[1.077s] DEBUG:colcon.colcon_core.event_handler.log_command:Invoking command in '/root/working/rodep_ros2/yano_ws/build/operator': CMAKE_PREFIX_PATH=${CMAKE_PREFIX_PATH}:/opt/ros/humble /usr/bin/cmake --build /root/working/rodep_ros2/yano_ws/build/operator -- -j4 -l4
[11.780s] DEBUG:colcon.colcon_core.event_handler.log_command:Invoked command in '/root/working/rodep_ros2/yano_ws/build/operator' returned '0': CMAKE_PREFIX_PATH=${CMAKE_PREFIX_PATH}:/opt/ros/humble /usr/bin/cmake --build /root/working/rodep_ros2/yano_ws/build/operator -- -j4 -l4
[11.782s] DEBUG:colcon.colcon_core.event_handler.log_command:Invoking command in '/root/working/rodep_ros2/yano_ws/build/operator': CMAKE_PREFIX_PATH=${CMAKE_PREFIX_PATH}:/opt/ros/humble /usr/bin/cmake --install /root/working/rodep_ros2/yano_ws/build/operator
[11.801s] Level 1:colcon.colcon_core.environment:create_environment_scripts_only(operator)
[11.802s] Level 1:colcon.colcon_core.environment:checking '/root/working/rodep_ros2/yano_ws/install/operator' for CMake module files
[11.802s] DEBUG:colcon.colcon_core.event_handler.log_command:Invoked command in '/root/working/rodep_ros2/yano_ws/build/operator' returned '0': CMAKE_PREFIX_PATH=${CMAKE_PREFIX_PATH}:/opt/ros/humble /usr/bin/cmake --install /root/working/rodep_ros2/yano_ws/build/operator
[11.803s] Level 1:colcon.colcon_core.environment:checking '/root/working/rodep_ros2/yano_ws/install/operator' for CMake config files
[11.803s] Level 1:colcon.colcon_core.shell:create_environment_hook('operator', 'cmake_prefix_path')
[11.804s] INFO:colcon.colcon_core.shell:Creating environment hook '/root/working/rodep_ros2/yano_ws/install/operator/share/operator/hook/cmake_prefix_path.ps1'
[11.804s] INFO:colcon.colcon_core.shell:Creating environment descriptor '/root/working/rodep_ros2/yano_ws/install/operator/share/operator/hook/cmake_prefix_path.dsv'
[11.804s] INFO:colcon.colcon_core.shell:Creating environment hook '/root/working/rodep_ros2/yano_ws/install/operator/share/operator/hook/cmake_prefix_path.sh'
[11.805s] Level 1:colcon.colcon_core.environment:checking '/root/working/rodep_ros2/yano_ws/install/operator/lib'
[11.805s] Level 1:colcon.colcon_core.environment:checking '/root/working/rodep_ros2/yano_ws/install/operator/bin'
[11.805s] Level 1:colcon.colcon_core.environment:checking '/root/working/rodep_ros2/yano_ws/install/operator/lib/pkgconfig/operator.pc'
[11.806s] Level 1:colcon.colcon_core.environment:checking '/root/working/rodep_ros2/yano_ws/install/operator/lib/python3.10/site-packages'
[11.806s] Level 1:colcon.colcon_core.environment:checking '/root/working/rodep_ros2/yano_ws/install/operator/bin'
[11.806s] INFO:colcon.colcon_core.shell:Creating package script '/root/working/rodep_ros2/yano_ws/install/operator/share/operator/package.ps1'
[11.807s] INFO:colcon.colcon_core.shell:Creating package descriptor '/root/working/rodep_ros2/yano_ws/install/operator/share/operator/package.dsv'
[11.807s] INFO:colcon.colcon_core.shell:Creating package script '/root/working/rodep_ros2/yano_ws/install/operator/share/operator/package.sh'
[11.808s] INFO:colcon.colcon_core.shell:Creating package script '/root/working/rodep_ros2/yano_ws/install/operator/share/operator/package.bash'
[11.808s] INFO:colcon.colcon_core.shell:Creating package script '/root/working/rodep_ros2/yano_ws/install/operator/share/operator/package.zsh'
[11.808s] Level 1:colcon.colcon_core.environment:create_file_with_runtime_dependencies(/root/working/rodep_ros2/yano_ws/install/operator/share/colcon-core/packages/operator)
[11.809s] Level 1:colcon.colcon_core.environment:create_environment_scripts_only(operator)
[11.809s] Level 1:colcon.colcon_core.environment:checking '/root/working/rodep_ros2/yano_ws/install/operator' for CMake module files
[11.810s] Level 1:colcon.colcon_core.environment:checking '/root/working/rodep_ros2/yano_ws/install/operator' for CMake config files
[11.810s] Level 1:colcon.colcon_core.shell:create_environment_hook('operator', 'cmake_prefix_path')
[11.810s] INFO:colcon.colcon_core.shell:Creating environment hook '/root/working/rodep_ros2/yano_ws/install/operator/share/operator/hook/cmake_prefix_path.ps1'
[11.811s] INFO:colcon.colcon_core.shell:Creating environment descriptor '/root/working/rodep_ros2/yano_ws/install/operator/share/operator/hook/cmake_prefix_path.dsv'
[11.811s] INFO:colcon.colcon_core.shell:Creating environment hook '/root/working/rodep_ros2/yano_ws/install/operator/share/operator/hook/cmake_prefix_path.sh'
[11.812s] Level 1:colcon.colcon_core.environment:checking '/root/working/rodep_ros2/yano_ws/install/operator/lib'
[11.812s] Level 1:colcon.colcon_core.environment:checking '/root/working/rodep_ros2/yano_ws/install/operator/bin'
[11.812s] Level 1:colcon.colcon_core.environment:checking '/root/working/rodep_ros2/yano_ws/install/operator/lib/pkgconfig/operator.pc'
[11.812s] Level 1:colcon.colcon_core.environment:checking '/root/working/rodep_ros2/yano_ws/install/operator/lib/python3.10/site-packages'
[11.812s] Level 1:colcon.colcon_core.environment:checking '/root/working/rodep_ros2/yano_ws/install/operator/bin'
[11.813s] INFO:colcon.colcon_core.shell:Creating package script '/root/working/rodep_ros2/yano_ws/install/operator/share/operator/package.ps1'
[11.814s] INFO:colcon.colcon_core.shell:Creating package descriptor '/root/working/rodep_ros2/yano_ws/install/operator/share/operator/package.dsv'
[11.815s] INFO:colcon.colcon_core.shell:Creating package script '/root/working/rodep_ros2/yano_ws/install/operator/share/operator/package.sh'
[11.816s] INFO:colcon.colcon_core.shell:Creating package script '/root/working/rodep_ros2/yano_ws/install/operator/share/operator/package.bash'
[11.817s] INFO:colcon.colcon_core.shell:Creating package script '/root/working/rodep_ros2/yano_ws/install/operator/share/operator/package.zsh'
[11.820s] Level 1:colcon.colcon_core.environment:create_file_with_runtime_dependencies(/root/working/rodep_ros2/yano_ws/install/operator/share/colcon-core/packages/operator)
[11.820s] DEBUG:colcon.colcon_parallel_executor.executor.parallel:closing loop
[11.821s] DEBUG:colcon.colcon_parallel_executor.executor.parallel:loop closed
[11.821s] DEBUG:colcon.colcon_parallel_executor.executor.parallel:run_until_complete finished with '0'
[11.821s] DEBUG:colcon.colcon_core.event_reactor:joining thread
[11.843s] INFO:colcon.colcon_core.plugin_system:Skipping extension 'colcon_notification.desktop_notification.notify_send': Could not find 'notify-send'
[11.843s] INFO:colcon.colcon_core.plugin_system:Skipping extension 'colcon_notification.desktop_notification.terminal_notifier': Not used on non-Darwin systems
[11.843s] INFO:colcon.colcon_core.plugin_system:Skipping extension 'colcon_notification.desktop_notification.win32': Not used on non-Windows systems
[11.843s] INFO:colcon.colcon_notification.desktop_notification:Sending desktop notification using 'notify2'
[11.844s] DEBUG:colcon.colcon_notification.desktop_notification.notify2:Failed to initialize notify2: org.freedesktop.DBus.Error.NotSupported: Unable to autolaunch a dbus-daemon without a $DISPLAY for X11
[11.844s] DEBUG:colcon.colcon_core.event_reactor:joined thread
[11.844s] INFO:colcon.colcon_core.shell:Creating prefix script '/root/working/rodep_ros2/yano_ws/install/local_setup.ps1'
[11.846s] INFO:colcon.colcon_core.shell:Creating prefix util module '/root/working/rodep_ros2/yano_ws/install/_local_setup_util_ps1.py'
[11.847s] INFO:colcon.colcon_core.shell:Creating prefix chain script '/root/working/rodep_ros2/yano_ws/install/setup.ps1'
[11.849s] INFO:colcon.colcon_core.shell:Creating prefix script '/root/working/rodep_ros2/yano_ws/install/local_setup.sh'
[11.850s] INFO:colcon.colcon_core.shell:Creating prefix util module '/root/working/rodep_ros2/yano_ws/install/_local_setup_util_sh.py'
[11.850s] INFO:colcon.colcon_core.shell:Creating prefix chain script '/root/working/rodep_ros2/yano_ws/install/setup.sh'
[11.853s] INFO:colcon.colcon_core.shell:Creating prefix script '/root/working/rodep_ros2/yano_ws/install/local_setup.bash'
[11.854s] INFO:colcon.colcon_core.shell:Creating prefix chain script '/root/working/rodep_ros2/yano_ws/install/setup.bash'
[11.855s] INFO:colcon.colcon_core.shell:Creating prefix script '/root/working/rodep_ros2/yano_ws/install/local_setup.zsh'
[11.856s] INFO:colcon.colcon_core.shell:Creating prefix chain script '/root/working/rodep_ros2/yano_ws/install/setup.zsh'
