[0.022s] Invoking command in '/root/working/test_ws/yano_ws/build/driver': AMENT_PREFIX_PATH=/root/working/test_ws/yano_ws/install/custom_interfaces CMAKE_PREFIX_PATH=/root/working/test_ws/yano_ws/install/custom_interfaces LD_LIBRARY_PATH=/root/working/test_ws/yano_ws/install/custom_interfaces/lib PYTHONPATH=/root/working/test_ws/yano_ws/install/custom_interfaces/local/lib/python3.10/dist-packages /usr/bin/cmake --build /root/working/test_ws/yano_ws/build/driver -- -j4 -l4
[0.164s] [100%] Built target driver_node
[0.199s] Invoked command in '/root/working/test_ws/yano_ws/build/driver' returned '0': AMENT_PREFIX_PATH=/root/working/test_ws/yano_ws/install/custom_interfaces CMAKE_PREFIX_PATH=/root/working/test_ws/yano_ws/install/custom_interfaces LD_LIBRARY_PATH=/root/working/test_ws/yano_ws/install/custom_interfaces/lib PYTHONPATH=/root/working/test_ws/yano_ws/install/custom_interfaces/local/lib/python3.10/dist-packages /usr/bin/cmake --build /root/working/test_ws/yano_ws/build/driver -- -j4 -l4
[0.203s] Invoking command in '/root/working/test_ws/yano_ws/build/driver': AMENT_PREFIX_PATH=/root/working/test_ws/yano_ws/install/custom_interfaces CMAKE_PREFIX_PATH=/root/working/test_ws/yano_ws/install/custom_interfaces LD_LIBRARY_PATH=/root/working/test_ws/yano_ws/install/custom_interfaces/lib PYTHONPATH=/root/working/test_ws/yano_ws/install/custom_interfaces/local/lib/python3.10/dist-packages /usr/bin/cmake --install /root/working/test_ws/yano_ws/build/driver
[0.216s] -- Install configuration: ""
[0.216s] -- Up-to-date: /root/working/test_ws/yano_ws/install/driver/lib/driver/driver_node
[0.217s] -- Up-to-date: /root/working/test_ws/yano_ws/install/driver/share/ament_index/resource_index/package_run_dependencies/driver
[0.217s] -- Up-to-date: /root/working/test_ws/yano_ws/install/driver/share/ament_index/resource_index/parent_prefix_path/driver
[0.217s] -- Up-to-date: /root/working/test_ws/yano_ws/install/driver/share/driver/environment/ament_prefix_path.sh
[0.218s] -- Up-to-date: /root/working/test_ws/yano_ws/install/driver/share/driver/environment/ament_prefix_path.dsv
[0.218s] -- Up-to-date: /root/working/test_ws/yano_ws/install/driver/share/driver/environment/path.sh
[0.218s] -- Up-to-date: /root/working/test_ws/yano_ws/install/driver/share/driver/environment/path.dsv
[0.218s] -- Up-to-date: /root/working/test_ws/yano_ws/install/driver/share/driver/local_setup.bash
[0.218s] -- Up-to-date: /root/working/test_ws/yano_ws/install/driver/share/driver/local_setup.sh
[0.218s] -- Up-to-date: /root/working/test_ws/yano_ws/install/driver/share/driver/local_setup.zsh
[0.219s] -- Up-to-date: /root/working/test_ws/yano_ws/install/driver/share/driver/local_setup.dsv
[0.219s] -- Installing: /root/working/test_ws/yano_ws/install/driver/share/driver/package.dsv
[0.219s] -- Up-to-date: /root/working/test_ws/yano_ws/install/driver/share/ament_index/resource_index/packages/driver
[0.219s] -- Up-to-date: /root/working/test_ws/yano_ws/install/driver/share/driver/cmake/driverConfig.cmake
[0.219s] -- Up-to-date: /root/working/test_ws/yano_ws/install/driver/share/driver/cmake/driverConfig-version.cmake
[0.219s] -- Up-to-date: /root/working/test_ws/yano_ws/install/driver/share/driver/package.xml
[0.222s] Invoked command in '/root/working/test_ws/yano_ws/build/driver' returned '0': AMENT_PREFIX_PATH=/root/working/test_ws/yano_ws/install/custom_interfaces CMAKE_PREFIX_PATH=/root/working/test_ws/yano_ws/install/custom_interfaces LD_LIBRARY_PATH=/root/working/test_ws/yano_ws/install/custom_interfaces/lib PYTHONPATH=/root/working/test_ws/yano_ws/install/custom_interfaces/local/lib/python3.10/dist-packages /usr/bin/cmake --install /root/working/test_ws/yano_ws/build/driver
