[0.063s] Invoking command in '/root/working/test_ws/yano_ws/build/dynamixel_sdk_examples': AMENT_PREFIX_PATH=/root/working/test_ws/yano_ws/install/dynamixel_sdk_custom_interfaces:/root/working/test_ws/yano_ws/install/dynamixel_sdk CMAKE_PREFIX_PATH=/root/working/test_ws/yano_ws/install/dynamixel_sdk_custom_interfaces:/root/working/test_ws/yano_ws/install/dynamixel_sdk LD_LIBRARY_PATH=/root/working/test_ws/yano_ws/install/dynamixel_sdk_custom_interfaces/lib:/root/working/test_ws/yano_ws/install/dynamixel_sdk/lib PYTHONPATH=/root/working/test_ws/yano_ws/install/dynamixel_sdk_custom_interfaces/local/lib/python3.10/dist-packages /usr/bin/cmake --build /root/working/test_ws/yano_ws/build/dynamixel_sdk_examples -- -j4 -l4
[0.191s] [100%] Built target read_write_node
[0.211s] Invoked command in '/root/working/test_ws/yano_ws/build/dynamixel_sdk_examples' returned '0': AMENT_PREFIX_PATH=/root/working/test_ws/yano_ws/install/dynamixel_sdk_custom_interfaces:/root/working/test_ws/yano_ws/install/dynamixel_sdk CMAKE_PREFIX_PATH=/root/working/test_ws/yano_ws/install/dynamixel_sdk_custom_interfaces:/root/working/test_ws/yano_ws/install/dynamixel_sdk LD_LIBRARY_PATH=/root/working/test_ws/yano_ws/install/dynamixel_sdk_custom_interfaces/lib:/root/working/test_ws/yano_ws/install/dynamixel_sdk/lib PYTHONPATH=/root/working/test_ws/yano_ws/install/dynamixel_sdk_custom_interfaces/local/lib/python3.10/dist-packages /usr/bin/cmake --build /root/working/test_ws/yano_ws/build/dynamixel_sdk_examples -- -j4 -l4
[0.213s] Invoking command in '/root/working/test_ws/yano_ws/build/dynamixel_sdk_examples': AMENT_PREFIX_PATH=/root/working/test_ws/yano_ws/install/dynamixel_sdk_custom_interfaces:/root/working/test_ws/yano_ws/install/dynamixel_sdk CMAKE_PREFIX_PATH=/root/working/test_ws/yano_ws/install/dynamixel_sdk_custom_interfaces:/root/working/test_ws/yano_ws/install/dynamixel_sdk LD_LIBRARY_PATH=/root/working/test_ws/yano_ws/install/dynamixel_sdk_custom_interfaces/lib:/root/working/test_ws/yano_ws/install/dynamixel_sdk/lib PYTHONPATH=/root/working/test_ws/yano_ws/install/dynamixel_sdk_custom_interfaces/local/lib/python3.10/dist-packages /usr/bin/cmake --install /root/working/test_ws/yano_ws/build/dynamixel_sdk_examples
[0.225s] -- Install configuration: ""
[0.226s] -- Up-to-date: /root/working/test_ws/yano_ws/install/dynamixel_sdk_examples/lib/dynamixel_sdk_examples/read_write_node
[0.226s] -- Up-to-date: /root/working/test_ws/yano_ws/install/dynamixel_sdk_examples/share/ament_index/resource_index/package_run_dependencies/dynamixel_sdk_examples
[0.227s] -- Up-to-date: /root/working/test_ws/yano_ws/install/dynamixel_sdk_examples/share/ament_index/resource_index/parent_prefix_path/dynamixel_sdk_examples
[0.227s] -- Up-to-date: /root/working/test_ws/yano_ws/install/dynamixel_sdk_examples/share/dynamixel_sdk_examples/environment/ament_prefix_path.sh
[0.227s] -- Up-to-date: /root/working/test_ws/yano_ws/install/dynamixel_sdk_examples/share/dynamixel_sdk_examples/environment/ament_prefix_path.dsv
[0.227s] -- Up-to-date: /root/working/test_ws/yano_ws/install/dynamixel_sdk_examples/share/dynamixel_sdk_examples/environment/path.sh
[0.228s] -- Up-to-date: /root/working/test_ws/yano_ws/install/dynamixel_sdk_examples/share/dynamixel_sdk_examples/environment/path.dsv
[0.228s] -- Up-to-date: /root/working/test_ws/yano_ws/install/dynamixel_sdk_examples/share/dynamixel_sdk_examples/local_setup.bash
[0.228s] -- Up-to-date: /root/working/test_ws/yano_ws/install/dynamixel_sdk_examples/share/dynamixel_sdk_examples/local_setup.sh
[0.228s] -- Up-to-date: /root/working/test_ws/yano_ws/install/dynamixel_sdk_examples/share/dynamixel_sdk_examples/local_setup.zsh
[0.229s] -- Up-to-date: /root/working/test_ws/yano_ws/install/dynamixel_sdk_examples/share/dynamixel_sdk_examples/local_setup.dsv
[0.229s] -- Installing: /root/working/test_ws/yano_ws/install/dynamixel_sdk_examples/share/dynamixel_sdk_examples/package.dsv
[0.229s] -- Up-to-date: /root/working/test_ws/yano_ws/install/dynamixel_sdk_examples/share/ament_index/resource_index/packages/dynamixel_sdk_examples
[0.229s] -- Up-to-date: /root/working/test_ws/yano_ws/install/dynamixel_sdk_examples/share/dynamixel_sdk_examples/cmake/dynamixel_sdk_examplesConfig.cmake
[0.229s] -- Up-to-date: /root/working/test_ws/yano_ws/install/dynamixel_sdk_examples/share/dynamixel_sdk_examples/cmake/dynamixel_sdk_examplesConfig-version.cmake
[0.229s] -- Up-to-date: /root/working/test_ws/yano_ws/install/dynamixel_sdk_examples/share/dynamixel_sdk_examples/package.xml
[0.232s] Invoked command in '/root/working/test_ws/yano_ws/build/dynamixel_sdk_examples' returned '0': AMENT_PREFIX_PATH=/root/working/test_ws/yano_ws/install/dynamixel_sdk_custom_interfaces:/root/working/test_ws/yano_ws/install/dynamixel_sdk CMAKE_PREFIX_PATH=/root/working/test_ws/yano_ws/install/dynamixel_sdk_custom_interfaces:/root/working/test_ws/yano_ws/install/dynamixel_sdk LD_LIBRARY_PATH=/root/working/test_ws/yano_ws/install/dynamixel_sdk_custom_interfaces/lib:/root/working/test_ws/yano_ws/install/dynamixel_sdk/lib PYTHONPATH=/root/working/test_ws/yano_ws/install/dynamixel_sdk_custom_interfaces/local/lib/python3.10/dist-packages /usr/bin/cmake --install /root/working/test_ws/yano_ws/build/dynamixel_sdk_examples
