[0.007s] Invoking command in '/root/test_ws/yano_ws/build/driver': AMENT_PREFIX_PATH=/root/test_ws/yano_ws/install/custom_interfaces:${AMENT_PREFIX_PATH} CMAKE_PREFIX_PATH=/root/test_ws/yano_ws/install/custom_interfaces:/opt/ros/humble LD_LIBRARY_PATH=/root/test_ws/yano_ws/install/custom_interfaces/lib:${LD_LIBRARY_PATH} PYTHONPATH=/root/test_ws/yano_ws/install/custom_interfaces/local/lib/python3.10/dist-packages:${PYTHONPATH} /usr/bin/cmake --build /root/test_ws/yano_ws/build/driver -- -j16 -l16
[0.029s] [35m[1mConsolidate compiler generated dependencies of target driver_node[0m
[0.042s] [100%] Built target driver_node
[0.048s] Invoked command in '/root/test_ws/yano_ws/build/driver' returned '0': AMENT_PREFIX_PATH=/root/test_ws/yano_ws/install/custom_interfaces:${AMENT_PREFIX_PATH} CMAKE_PREFIX_PATH=/root/test_ws/yano_ws/install/custom_interfaces:/opt/ros/humble LD_LIBRARY_PATH=/root/test_ws/yano_ws/install/custom_interfaces/lib:${LD_LIBRARY_PATH} PYTHONPATH=/root/test_ws/yano_ws/install/custom_interfaces/local/lib/python3.10/dist-packages:${PYTHONPATH} /usr/bin/cmake --build /root/test_ws/yano_ws/build/driver -- -j16 -l16
[0.048s] Invoking command in '/root/test_ws/yano_ws/build/driver': AMENT_PREFIX_PATH=/root/test_ws/yano_ws/install/custom_interfaces:${AMENT_PREFIX_PATH} CMAKE_PREFIX_PATH=/root/test_ws/yano_ws/install/custom_interfaces:/opt/ros/humble LD_LIBRARY_PATH=/root/test_ws/yano_ws/install/custom_interfaces/lib:${LD_LIBRARY_PATH} PYTHONPATH=/root/test_ws/yano_ws/install/custom_interfaces/local/lib/python3.10/dist-packages:${PYTHONPATH} /usr/bin/cmake --install /root/test_ws/yano_ws/build/driver
[0.053s] -- Install configuration: ""
[0.053s] -- Up-to-date: /root/test_ws/yano_ws/install/driver/lib/driver/driver_node
[0.053s] -- Up-to-date: /root/test_ws/yano_ws/install/driver/share/ament_index/resource_index/package_run_dependencies/driver
[0.053s] -- Up-to-date: /root/test_ws/yano_ws/install/driver/share/ament_index/resource_index/parent_prefix_path/driver
[0.053s] -- Up-to-date: /root/test_ws/yano_ws/install/driver/share/driver/environment/ament_prefix_path.sh
[0.053s] -- Up-to-date: /root/test_ws/yano_ws/install/driver/share/driver/environment/ament_prefix_path.dsv
[0.053s] -- Up-to-date: /root/test_ws/yano_ws/install/driver/share/driver/environment/path.sh
[0.053s] -- Up-to-date: /root/test_ws/yano_ws/install/driver/share/driver/environment/path.dsv
[0.053s] -- Up-to-date: /root/test_ws/yano_ws/install/driver/share/driver/local_setup.bash
[0.053s] -- Up-to-date: /root/test_ws/yano_ws/install/driver/share/driver/local_setup.sh
[0.053s] -- Up-to-date: /root/test_ws/yano_ws/install/driver/share/driver/local_setup.zsh
[0.053s] -- Up-to-date: /root/test_ws/yano_ws/install/driver/share/driver/local_setup.dsv
[0.053s] -- Installing: /root/test_ws/yano_ws/install/driver/share/driver/package.dsv
[0.053s] -- Up-to-date: /root/test_ws/yano_ws/install/driver/share/ament_index/resource_index/packages/driver
[0.053s] -- Up-to-date: /root/test_ws/yano_ws/install/driver/share/driver/cmake/driverConfig.cmake
[0.053s] -- Up-to-date: /root/test_ws/yano_ws/install/driver/share/driver/cmake/driverConfig-version.cmake
[0.053s] -- Up-to-date: /root/test_ws/yano_ws/install/driver/share/driver/package.xml
[0.059s] Invoked command in '/root/test_ws/yano_ws/build/driver' returned '0': AMENT_PREFIX_PATH=/root/test_ws/yano_ws/install/custom_interfaces:${AMENT_PREFIX_PATH} CMAKE_PREFIX_PATH=/root/test_ws/yano_ws/install/custom_interfaces:/opt/ros/humble LD_LIBRARY_PATH=/root/test_ws/yano_ws/install/custom_interfaces/lib:${LD_LIBRARY_PATH} PYTHONPATH=/root/test_ws/yano_ws/install/custom_interfaces/local/lib/python3.10/dist-packages:${PYTHONPATH} /usr/bin/cmake --install /root/test_ws/yano_ws/build/driver
