[0.022s] Invoking command in '/root/working/rodep_ros2/yano_ws/build/custom_interfaces': CMAKE_PREFIX_PATH=${CMAKE_PREFIX_PATH}:/opt/ros/humble /usr/bin/cmake --build /root/working/rodep_ros2/yano_ws/build/custom_interfaces -- -j4 -l4
[0.092s] [  3%] Built target custom_interfaces__cpp
[0.097s] [ 12%] Built target custom_interfaces__rosidl_generator_c
[0.115s] [ 12%] Built target ament_cmake_python_copy_custom_interfaces
[0.137s] [ 22%] Built target custom_interfaces__rosidl_typesupport_fastrtps_cpp
[0.144s] [ 32%] Built target custom_interfaces__rosidl_typesupport_introspection_cpp
[0.144s] [ 41%] Built target custom_interfaces__rosidl_typesupport_cpp
[0.161s] [ 51%] Built target custom_interfaces__rosidl_typesupport_fastrtps_c
[0.177s] [ 61%] Built target custom_interfaces__rosidl_typesupport_introspection_c
[0.182s] [ 70%] Built target custom_interfaces__rosidl_typesupport_c
[0.212s] [ 70%] Built target custom_interfaces
[0.239s] [ 74%] Built target custom_interfaces__py
[0.268s] [ 80%] Built target custom_interfaces__rosidl_generator_py
[0.309s] [ 87%] Built target custom_interfaces__rosidl_typesupport_introspection_c__pyext
[0.311s] [ 93%] Built target custom_interfaces__rosidl_typesupport_c__pyext
[0.315s] [100%] Built target custom_interfaces__rosidl_typesupport_fastrtps_c__pyext
[0.469s] running egg_info
[0.470s] writing custom_interfaces.egg-info/PKG-INFO
[0.471s] writing dependency_links to custom_interfaces.egg-info/dependency_links.txt
[0.471s] writing top-level names to custom_interfaces.egg-info/top_level.txt
[0.474s] reading manifest file 'custom_interfaces.egg-info/SOURCES.txt'
[0.474s] writing manifest file 'custom_interfaces.egg-info/SOURCES.txt'
[0.509s] [100%] Built target ament_cmake_python_build_custom_interfaces_egg
[0.524s] Invoked command in '/root/working/rodep_ros2/yano_ws/build/custom_interfaces' returned '0': CMAKE_PREFIX_PATH=${CMAKE_PREFIX_PATH}:/opt/ros/humble /usr/bin/cmake --build /root/working/rodep_ros2/yano_ws/build/custom_interfaces -- -j4 -l4
[0.537s] Invoking command in '/root/working/rodep_ros2/yano_ws/build/custom_interfaces': CMAKE_PREFIX_PATH=${CMAKE_PREFIX_PATH}:/opt/ros/humble /usr/bin/cmake --install /root/working/rodep_ros2/yano_ws/build/custom_interfaces
[0.547s] -- Install configuration: ""
[0.547s] -- Up-to-date: /root/working/rodep_ros2/yano_ws/install/custom_interfaces/share/ament_index/resource_index/rosidl_interfaces/custom_interfaces
[0.548s] -- Up-to-date: /root/working/rodep_ros2/yano_ws/install/custom_interfaces/include/custom_interfaces/custom_interfaces
[0.548s] -- Up-to-date: /root/working/rodep_ros2/yano_ws/install/custom_interfaces/include/custom_interfaces/custom_interfaces/msg
[0.548s] -- Up-to-date: /root/working/rodep_ros2/yano_ws/install/custom_interfaces/include/custom_interfaces/custom_interfaces/msg/rosidl_generator_c__visibility_control.h
[0.548s] -- Up-to-date: /root/working/rodep_ros2/yano_ws/install/custom_interfaces/include/custom_interfaces/custom_interfaces/msg/detail
[0.548s] -- Up-to-date: /root/working/rodep_ros2/yano_ws/install/custom_interfaces/include/custom_interfaces/custom_interfaces/msg/detail/driver_velocity__type_support.h
[0.548s] -- Up-to-date: /root/working/rodep_ros2/yano_ws/install/custom_interfaces/include/custom_interfaces/custom_interfaces/msg/detail/driver_velocity__functions.h
[0.549s] -- Up-to-date: /root/working/rodep_ros2/yano_ws/install/custom_interfaces/include/custom_interfaces/custom_interfaces/msg/detail/driver_velocity__functions.c
[0.549s] -- Up-to-date: /root/working/rodep_ros2/yano_ws/install/custom_interfaces/include/custom_interfaces/custom_interfaces/msg/detail/driver_velocity__struct.h
[0.549s] -- Up-to-date: /root/working/rodep_ros2/yano_ws/install/custom_interfaces/include/custom_interfaces/custom_interfaces/msg/driver_velocity.h
[0.549s] -- Up-to-date: /root/working/rodep_ros2/yano_ws/install/custom_interfaces/share/custom_interfaces/environment/library_path.sh
[0.549s] -- Up-to-date: /root/working/rodep_ros2/yano_ws/install/custom_interfaces/share/custom_interfaces/environment/library_path.dsv
[0.549s] -- Up-to-date: /root/working/rodep_ros2/yano_ws/install/custom_interfaces/lib/libcustom_interfaces__rosidl_generator_c.so
[0.549s] -- Up-to-date: /root/working/rodep_ros2/yano_ws/install/custom_interfaces/include/custom_interfaces/custom_interfaces
[0.549s] -- Up-to-date: /root/working/rodep_ros2/yano_ws/install/custom_interfaces/include/custom_interfaces/custom_interfaces/msg
[0.549s] -- Up-to-date: /root/working/rodep_ros2/yano_ws/install/custom_interfaces/include/custom_interfaces/custom_interfaces/msg/rosidl_typesupport_fastrtps_c__visibility_control.h
[0.550s] -- Up-to-date: /root/working/rodep_ros2/yano_ws/install/custom_interfaces/include/custom_interfaces/custom_interfaces/msg/detail
[0.550s] -- Up-to-date: /root/working/rodep_ros2/yano_ws/install/custom_interfaces/include/custom_interfaces/custom_interfaces/msg/detail/driver_velocity__rosidl_typesupport_fastrtps_c.h
[0.550s] -- Up-to-date: /root/working/rodep_ros2/yano_ws/install/custom_interfaces/lib/libcustom_interfaces__rosidl_typesupport_fastrtps_c.so
[0.550s] -- Up-to-date: /root/working/rodep_ros2/yano_ws/install/custom_interfaces/include/custom_interfaces/custom_interfaces
[0.550s] -- Up-to-date: /root/working/rodep_ros2/yano_ws/install/custom_interfaces/include/custom_interfaces/custom_interfaces/msg
[0.550s] -- Up-to-date: /root/working/rodep_ros2/yano_ws/install/custom_interfaces/include/custom_interfaces/custom_interfaces/msg/detail
[0.550s] -- Up-to-date: /root/working/rodep_ros2/yano_ws/install/custom_interfaces/include/custom_interfaces/custom_interfaces/msg/detail/driver_velocity__type_support.c
[0.551s] -- Up-to-date: /root/working/rodep_ros2/yano_ws/install/custom_interfaces/include/custom_interfaces/custom_interfaces/msg/detail/driver_velocity__rosidl_typesupport_introspection_c.h
[0.551s] -- Up-to-date: /root/working/rodep_ros2/yano_ws/install/custom_interfaces/include/custom_interfaces/custom_interfaces/msg/rosidl_typesupport_introspection_c__visibility_control.h
[0.551s] -- Up-to-date: /root/working/rodep_ros2/yano_ws/install/custom_interfaces/lib/libcustom_interfaces__rosidl_typesupport_introspection_c.so
[0.551s] -- Up-to-date: /root/working/rodep_ros2/yano_ws/install/custom_interfaces/lib/libcustom_interfaces__rosidl_typesupport_c.so
[0.552s] -- Up-to-date: /root/working/rodep_ros2/yano_ws/install/custom_interfaces/include/custom_interfaces/custom_interfaces
[0.552s] -- Up-to-date: /root/working/rodep_ros2/yano_ws/install/custom_interfaces/include/custom_interfaces/custom_interfaces/msg
[0.552s] -- Up-to-date: /root/working/rodep_ros2/yano_ws/install/custom_interfaces/include/custom_interfaces/custom_interfaces/msg/rosidl_generator_cpp__visibility_control.hpp
[0.552s] -- Up-to-date: /root/working/rodep_ros2/yano_ws/install/custom_interfaces/include/custom_interfaces/custom_interfaces/msg/driver_velocity.hpp
[0.552s] -- Up-to-date: /root/working/rodep_ros2/yano_ws/install/custom_interfaces/include/custom_interfaces/custom_interfaces/msg/detail
[0.553s] -- Up-to-date: /root/working/rodep_ros2/yano_ws/install/custom_interfaces/include/custom_interfaces/custom_interfaces/msg/detail/driver_velocity__struct.hpp
[0.553s] -- Up-to-date: /root/working/rodep_ros2/yano_ws/install/custom_interfaces/include/custom_interfaces/custom_interfaces/msg/detail/driver_velocity__type_support.hpp
[0.553s] -- Up-to-date: /root/working/rodep_ros2/yano_ws/install/custom_interfaces/include/custom_interfaces/custom_interfaces/msg/detail/driver_velocity__builder.hpp
[0.553s] -- Up-to-date: /root/working/rodep_ros2/yano_ws/install/custom_interfaces/include/custom_interfaces/custom_interfaces/msg/detail/driver_velocity__traits.hpp
[0.553s] -- Up-to-date: /root/working/rodep_ros2/yano_ws/install/custom_interfaces/include/custom_interfaces/custom_interfaces
[0.553s] -- Up-to-date: /root/working/rodep_ros2/yano_ws/install/custom_interfaces/include/custom_interfaces/custom_interfaces/msg
[0.553s] -- Up-to-date: /root/working/rodep_ros2/yano_ws/install/custom_interfaces/include/custom_interfaces/custom_interfaces/msg/detail
[0.554s] -- Up-to-date: /root/working/rodep_ros2/yano_ws/install/custom_interfaces/include/custom_interfaces/custom_interfaces/msg/detail/driver_velocity__rosidl_typesupport_fastrtps_cpp.hpp
[0.554s] -- Up-to-date: /root/working/rodep_ros2/yano_ws/install/custom_interfaces/include/custom_interfaces/custom_interfaces/msg/detail/dds_fastrtps
[0.554s] -- Up-to-date: /root/working/rodep_ros2/yano_ws/install/custom_interfaces/include/custom_interfaces/custom_interfaces/msg/rosidl_typesupport_fastrtps_cpp__visibility_control.h
[0.554s] -- Up-to-date: /root/working/rodep_ros2/yano_ws/install/custom_interfaces/lib/libcustom_interfaces__rosidl_typesupport_fastrtps_cpp.so
[0.554s] -- Up-to-date: /root/working/rodep_ros2/yano_ws/install/custom_interfaces/include/custom_interfaces/custom_interfaces
[0.554s] -- Up-to-date: /root/working/rodep_ros2/yano_ws/install/custom_interfaces/include/custom_interfaces/custom_interfaces/msg
[0.554s] -- Up-to-date: /root/working/rodep_ros2/yano_ws/install/custom_interfaces/include/custom_interfaces/custom_interfaces/msg/detail
[0.555s] -- Up-to-date: /root/working/rodep_ros2/yano_ws/install/custom_interfaces/include/custom_interfaces/custom_interfaces/msg/detail/driver_velocity__rosidl_typesupport_introspection_cpp.hpp
[0.555s] -- Up-to-date: /root/working/rodep_ros2/yano_ws/install/custom_interfaces/include/custom_interfaces/custom_interfaces/msg/detail/driver_velocity__type_support.cpp
[0.555s] -- Up-to-date: /root/working/rodep_ros2/yano_ws/install/custom_interfaces/lib/libcustom_interfaces__rosidl_typesupport_introspection_cpp.so
[0.555s] -- Up-to-date: /root/working/rodep_ros2/yano_ws/install/custom_interfaces/lib/libcustom_interfaces__rosidl_typesupport_cpp.so
[0.555s] -- Up-to-date: /root/working/rodep_ros2/yano_ws/install/custom_interfaces/share/custom_interfaces/environment/pythonpath.sh
[0.555s] -- Up-to-date: /root/working/rodep_ros2/yano_ws/install/custom_interfaces/share/custom_interfaces/environment/pythonpath.dsv
[0.555s] -- Up-to-date: /root/working/rodep_ros2/yano_ws/install/custom_interfaces/local/lib/python3.10/dist-packages/custom_interfaces-0.0.0-py3.10.egg-info
[0.556s] -- Installing: /root/working/rodep_ros2/yano_ws/install/custom_interfaces/local/lib/python3.10/dist-packages/custom_interfaces-0.0.0-py3.10.egg-info/SOURCES.txt
[0.556s] -- Installing: /root/working/rodep_ros2/yano_ws/install/custom_interfaces/local/lib/python3.10/dist-packages/custom_interfaces-0.0.0-py3.10.egg-info/top_level.txt
[0.556s] -- Installing: /root/working/rodep_ros2/yano_ws/install/custom_interfaces/local/lib/python3.10/dist-packages/custom_interfaces-0.0.0-py3.10.egg-info/PKG-INFO
[0.556s] -- Installing: /root/working/rodep_ros2/yano_ws/install/custom_interfaces/local/lib/python3.10/dist-packages/custom_interfaces-0.0.0-py3.10.egg-info/dependency_links.txt
[0.557s] -- Up-to-date: /root/working/rodep_ros2/yano_ws/install/custom_interfaces/local/lib/python3.10/dist-packages/custom_interfaces
[0.557s] -- Up-to-date: /root/working/rodep_ros2/yano_ws/install/custom_interfaces/local/lib/python3.10/dist-packages/custom_interfaces/_custom_interfaces_s.ep.rosidl_typesupport_fastrtps_c.c
[0.557s] -- Up-to-date: /root/working/rodep_ros2/yano_ws/install/custom_interfaces/local/lib/python3.10/dist-packages/custom_interfaces/custom_interfaces_s__rosidl_typesupport_introspection_c.cpython-310-x86_64-linux-gnu.so
[0.557s] -- Up-to-date: /root/working/rodep_ros2/yano_ws/install/custom_interfaces/local/lib/python3.10/dist-packages/custom_interfaces/custom_interfaces_s__rosidl_typesupport_c.cpython-310-x86_64-linux-gnu.so
[0.557s] -- Up-to-date: /root/working/rodep_ros2/yano_ws/install/custom_interfaces/local/lib/python3.10/dist-packages/custom_interfaces/custom_interfaces_s__rosidl_typesupport_fastrtps_c.cpython-310-x86_64-linux-gnu.so
[0.557s] -- Up-to-date: /root/working/rodep_ros2/yano_ws/install/custom_interfaces/local/lib/python3.10/dist-packages/custom_interfaces/msg
[0.558s] -- Up-to-date: /root/working/rodep_ros2/yano_ws/install/custom_interfaces/local/lib/python3.10/dist-packages/custom_interfaces/msg/_driver_velocity_s.c
[0.558s] -- Up-to-date: /root/working/rodep_ros2/yano_ws/install/custom_interfaces/local/lib/python3.10/dist-packages/custom_interfaces/msg/_driver_velocity.py
[0.558s] -- Up-to-date: /root/working/rodep_ros2/yano_ws/install/custom_interfaces/local/lib/python3.10/dist-packages/custom_interfaces/msg/__init__.py
[0.558s] -- Up-to-date: /root/working/rodep_ros2/yano_ws/install/custom_interfaces/local/lib/python3.10/dist-packages/custom_interfaces/__init__.py
[0.558s] -- Up-to-date: /root/working/rodep_ros2/yano_ws/install/custom_interfaces/local/lib/python3.10/dist-packages/custom_interfaces/_custom_interfaces_s.ep.rosidl_typesupport_introspection_c.c
[0.558s] -- Up-to-date: /root/working/rodep_ros2/yano_ws/install/custom_interfaces/local/lib/python3.10/dist-packages/custom_interfaces/_custom_interfaces_s.ep.rosidl_typesupport_c.c
[0.558s] -- Up-to-date: /root/working/rodep_ros2/yano_ws/install/custom_interfaces/local/lib/python3.10/dist-packages/custom_interfaces/libcustom_interfaces__rosidl_generator_py.so
[0.597s] Listing '/root/working/rodep_ros2/yano_ws/install/custom_interfaces/local/lib/python3.10/dist-packages/custom_interfaces'...
[0.597s] Listing '/root/working/rodep_ros2/yano_ws/install/custom_interfaces/local/lib/python3.10/dist-packages/custom_interfaces/msg'...
[0.603s] -- Up-to-date: /root/working/rodep_ros2/yano_ws/install/custom_interfaces/local/lib/python3.10/dist-packages/custom_interfaces/custom_interfaces_s__rosidl_typesupport_fastrtps_c.cpython-310-x86_64-linux-gnu.so
[0.604s] -- Up-to-date: /root/working/rodep_ros2/yano_ws/install/custom_interfaces/local/lib/python3.10/dist-packages/custom_interfaces/custom_interfaces_s__rosidl_typesupport_introspection_c.cpython-310-x86_64-linux-gnu.so
[0.605s] -- Up-to-date: /root/working/rodep_ros2/yano_ws/install/custom_interfaces/local/lib/python3.10/dist-packages/custom_interfaces/custom_interfaces_s__rosidl_typesupport_c.cpython-310-x86_64-linux-gnu.so
[0.606s] -- Up-to-date: /root/working/rodep_ros2/yano_ws/install/custom_interfaces/lib/libcustom_interfaces__rosidl_generator_py.so
[0.606s] -- Up-to-date: /root/working/rodep_ros2/yano_ws/install/custom_interfaces/share/custom_interfaces/msg/DriverVelocity.idl
[0.606s] -- Up-to-date: /root/working/rodep_ros2/yano_ws/install/custom_interfaces/share/custom_interfaces/msg/DriverVelocity.msg
[0.607s] -- Up-to-date: /root/working/rodep_ros2/yano_ws/install/custom_interfaces/share/custom_interfaces/msg
[0.607s] -- Up-to-date: /root/working/rodep_ros2/yano_ws/install/custom_interfaces/share/custom_interfaces/msg/DriverVelocity.msg
[0.607s] -- Up-to-date: /root/working/rodep_ros2/yano_ws/install/custom_interfaces/share/ament_index/resource_index/package_run_dependencies/custom_interfaces
[0.607s] -- Up-to-date: /root/working/rodep_ros2/yano_ws/install/custom_interfaces/share/ament_index/resource_index/parent_prefix_path/custom_interfaces
[0.607s] -- Up-to-date: /root/working/rodep_ros2/yano_ws/install/custom_interfaces/share/custom_interfaces/environment/ament_prefix_path.sh
[0.607s] -- Up-to-date: /root/working/rodep_ros2/yano_ws/install/custom_interfaces/share/custom_interfaces/environment/ament_prefix_path.dsv
[0.608s] -- Up-to-date: /root/working/rodep_ros2/yano_ws/install/custom_interfaces/share/custom_interfaces/environment/path.sh
[0.608s] -- Up-to-date: /root/working/rodep_ros2/yano_ws/install/custom_interfaces/share/custom_interfaces/environment/path.dsv
[0.608s] -- Up-to-date: /root/working/rodep_ros2/yano_ws/install/custom_interfaces/share/custom_interfaces/local_setup.bash
[0.608s] -- Up-to-date: /root/working/rodep_ros2/yano_ws/install/custom_interfaces/share/custom_interfaces/local_setup.sh
[0.608s] -- Up-to-date: /root/working/rodep_ros2/yano_ws/install/custom_interfaces/share/custom_interfaces/local_setup.zsh
[0.608s] -- Up-to-date: /root/working/rodep_ros2/yano_ws/install/custom_interfaces/share/custom_interfaces/local_setup.dsv
[0.609s] -- Installing: /root/working/rodep_ros2/yano_ws/install/custom_interfaces/share/custom_interfaces/package.dsv
[0.609s] -- Up-to-date: /root/working/rodep_ros2/yano_ws/install/custom_interfaces/share/ament_index/resource_index/packages/custom_interfaces
[0.609s] -- Up-to-date: /root/working/rodep_ros2/yano_ws/install/custom_interfaces/share/custom_interfaces/cmake/export_custom_interfaces__rosidl_generator_cExport.cmake
[0.609s] -- Up-to-date: /root/working/rodep_ros2/yano_ws/install/custom_interfaces/share/custom_interfaces/cmake/export_custom_interfaces__rosidl_generator_cExport-noconfig.cmake
[0.609s] -- Up-to-date: /root/working/rodep_ros2/yano_ws/install/custom_interfaces/share/custom_interfaces/cmake/export_custom_interfaces__rosidl_typesupport_fastrtps_cExport.cmake
[0.610s] -- Up-to-date: /root/working/rodep_ros2/yano_ws/install/custom_interfaces/share/custom_interfaces/cmake/export_custom_interfaces__rosidl_typesupport_fastrtps_cExport-noconfig.cmake
[0.610s] -- Up-to-date: /root/working/rodep_ros2/yano_ws/install/custom_interfaces/share/custom_interfaces/cmake/custom_interfaces__rosidl_typesupport_introspection_cExport.cmake
[0.610s] -- Up-to-date: /root/working/rodep_ros2/yano_ws/install/custom_interfaces/share/custom_interfaces/cmake/custom_interfaces__rosidl_typesupport_introspection_cExport-noconfig.cmake
[0.610s] -- Up-to-date: /root/working/rodep_ros2/yano_ws/install/custom_interfaces/share/custom_interfaces/cmake/custom_interfaces__rosidl_typesupport_cExport.cmake
[0.610s] -- Up-to-date: /root/working/rodep_ros2/yano_ws/install/custom_interfaces/share/custom_interfaces/cmake/custom_interfaces__rosidl_typesupport_cExport-noconfig.cmake
[0.611s] -- Up-to-date: /root/working/rodep_ros2/yano_ws/install/custom_interfaces/share/custom_interfaces/cmake/export_custom_interfaces__rosidl_generator_cppExport.cmake
[0.611s] -- Up-to-date: /root/working/rodep_ros2/yano_ws/install/custom_interfaces/share/custom_interfaces/cmake/export_custom_interfaces__rosidl_typesupport_fastrtps_cppExport.cmake
[0.611s] -- Up-to-date: /root/working/rodep_ros2/yano_ws/install/custom_interfaces/share/custom_interfaces/cmake/export_custom_interfaces__rosidl_typesupport_fastrtps_cppExport-noconfig.cmake
[0.611s] -- Up-to-date: /root/working/rodep_ros2/yano_ws/install/custom_interfaces/share/custom_interfaces/cmake/custom_interfaces__rosidl_typesupport_introspection_cppExport.cmake
[0.612s] -- Up-to-date: /root/working/rodep_ros2/yano_ws/install/custom_interfaces/share/custom_interfaces/cmake/custom_interfaces__rosidl_typesupport_introspection_cppExport-noconfig.cmake
[0.612s] -- Up-to-date: /root/working/rodep_ros2/yano_ws/install/custom_interfaces/share/custom_interfaces/cmake/custom_interfaces__rosidl_typesupport_cppExport.cmake
[0.612s] -- Up-to-date: /root/working/rodep_ros2/yano_ws/install/custom_interfaces/share/custom_interfaces/cmake/custom_interfaces__rosidl_typesupport_cppExport-noconfig.cmake
[0.612s] -- Up-to-date: /root/working/rodep_ros2/yano_ws/install/custom_interfaces/share/custom_interfaces/cmake/export_custom_interfaces__rosidl_generator_pyExport.cmake
[0.612s] -- Up-to-date: /root/working/rodep_ros2/yano_ws/install/custom_interfaces/share/custom_interfaces/cmake/export_custom_interfaces__rosidl_generator_pyExport-noconfig.cmake
[0.613s] -- Up-to-date: /root/working/rodep_ros2/yano_ws/install/custom_interfaces/share/custom_interfaces/cmake/rosidl_cmake-extras.cmake
[0.613s] -- Up-to-date: /root/working/rodep_ros2/yano_ws/install/custom_interfaces/share/custom_interfaces/cmake/ament_cmake_export_include_directories-extras.cmake
[0.613s] -- Up-to-date: /root/working/rodep_ros2/yano_ws/install/custom_interfaces/share/custom_interfaces/cmake/ament_cmake_export_libraries-extras.cmake
[0.613s] -- Up-to-date: /root/working/rodep_ros2/yano_ws/install/custom_interfaces/share/custom_interfaces/cmake/ament_cmake_export_targets-extras.cmake
[0.613s] -- Up-to-date: /root/working/rodep_ros2/yano_ws/install/custom_interfaces/share/custom_interfaces/cmake/rosidl_cmake_export_typesupport_targets-extras.cmake
[0.613s] -- Up-to-date: /root/working/rodep_ros2/yano_ws/install/custom_interfaces/share/custom_interfaces/cmake/ament_cmake_export_dependencies-extras.cmake
[0.614s] -- Up-to-date: /root/working/rodep_ros2/yano_ws/install/custom_interfaces/share/custom_interfaces/cmake/rosidl_cmake_export_typesupport_libraries-extras.cmake
[0.614s] -- Up-to-date: /root/working/rodep_ros2/yano_ws/install/custom_interfaces/share/custom_interfaces/cmake/custom_interfacesConfig.cmake
[0.614s] -- Up-to-date: /root/working/rodep_ros2/yano_ws/install/custom_interfaces/share/custom_interfaces/cmake/custom_interfacesConfig-version.cmake
[0.614s] -- Up-to-date: /root/working/rodep_ros2/yano_ws/install/custom_interfaces/share/custom_interfaces/package.xml
[0.616s] Invoked command in '/root/working/rodep_ros2/yano_ws/build/custom_interfaces' returned '0': CMAKE_PREFIX_PATH=${CMAKE_PREFIX_PATH}:/opt/ros/humble /usr/bin/cmake --install /root/working/rodep_ros2/yano_ws/build/custom_interfaces
