[0.025s] Invoking command in '/root/working/test_ws/yano_ws/build/driver': AMENT_PREFIX_PATH=${AMENT_PREFIX_PATH}/custom_interfaces:/root/working/test_ws/yano_ws/install CMAKE_PREFIX_PATH=${CMAKE_PREFIX_PATH}/custom_interfaces:/root/working/test_ws/yano_ws/install LD_LIBRARY_PATH=/root/working/test_ws/yano_ws/install/custom_interfaces/lib:/root/working/test_ws/yano_ws/install/dynamixel_workbench_toolbox/lib:/root/working/test_ws/yano_ws/install/dynamixel_workbench_msgs/lib:/root/working/test_ws/yano_ws/install/dynamixel_sdk_custom_interfaces/lib:/root/working/test_ws/yano_ws/install/dynamixel_sdk/lib:/opt/ros/humble/opt/rviz_ogre_vendor/lib:/opt/ros/humble/lib/x86_64-linux-gnu:/opt/ros/humble/lib /usr/bin/cmake --build /root/working/test_ws/yano_ws/build/driver -- -j4 -l4
[0.262s] [100%] Built target driver_node
[0.300s] Invoked command in '/root/working/test_ws/yano_ws/build/driver' returned '0': AMENT_PREFIX_PATH=${AMENT_PREFIX_PATH}/custom_interfaces:/root/working/test_ws/yano_ws/install CMAKE_PREFIX_PATH=${CMAKE_PREFIX_PATH}/custom_interfaces:/root/working/test_ws/yano_ws/install LD_LIBRARY_PATH=/root/working/test_ws/yano_ws/install/custom_interfaces/lib:/root/working/test_ws/yano_ws/install/dynamixel_workbench_toolbox/lib:/root/working/test_ws/yano_ws/install/dynamixel_workbench_msgs/lib:/root/working/test_ws/yano_ws/install/dynamixel_sdk_custom_interfaces/lib:/root/working/test_ws/yano_ws/install/dynamixel_sdk/lib:/opt/ros/humble/opt/rviz_ogre_vendor/lib:/opt/ros/humble/lib/x86_64-linux-gnu:/opt/ros/humble/lib /usr/bin/cmake --build /root/working/test_ws/yano_ws/build/driver -- -j4 -l4
[0.301s] Invoking command in '/root/working/test_ws/yano_ws/build/driver': AMENT_PREFIX_PATH=${AMENT_PREFIX_PATH}/custom_interfaces:/root/working/test_ws/yano_ws/install CMAKE_PREFIX_PATH=${CMAKE_PREFIX_PATH}/custom_interfaces:/root/working/test_ws/yano_ws/install LD_LIBRARY_PATH=/root/working/test_ws/yano_ws/install/custom_interfaces/lib:/root/working/test_ws/yano_ws/install/dynamixel_workbench_toolbox/lib:/root/working/test_ws/yano_ws/install/dynamixel_workbench_msgs/lib:/root/working/test_ws/yano_ws/install/dynamixel_sdk_custom_interfaces/lib:/root/working/test_ws/yano_ws/install/dynamixel_sdk/lib:/opt/ros/humble/opt/rviz_ogre_vendor/lib:/opt/ros/humble/lib/x86_64-linux-gnu:/opt/ros/humble/lib /usr/bin/cmake --install /root/working/test_ws/yano_ws/build/driver
[0.334s] -- Install configuration: ""
[0.335s] -- Up-to-date: /root/working/test_ws/yano_ws/install/driver/lib/driver/driver_node
[0.335s] -- Up-to-date: /root/working/test_ws/yano_ws/install/driver/share/ament_index/resource_index/package_run_dependencies/driver
[0.335s] -- Up-to-date: /root/working/test_ws/yano_ws/install/driver/share/ament_index/resource_index/parent_prefix_path/driver
[0.335s] -- Up-to-date: /root/working/test_ws/yano_ws/install/driver/share/driver/environment/ament_prefix_path.sh
[0.336s] -- Up-to-date: /root/working/test_ws/yano_ws/install/driver/share/driver/environment/ament_prefix_path.dsv
[0.336s] -- Up-to-date: /root/working/test_ws/yano_ws/install/driver/share/driver/environment/path.sh
[0.336s] -- Up-to-date: /root/working/test_ws/yano_ws/install/driver/share/driver/environment/path.dsv
[0.336s] -- Up-to-date: /root/working/test_ws/yano_ws/install/driver/share/driver/local_setup.bash
[0.336s] -- Up-to-date: /root/working/test_ws/yano_ws/install/driver/share/driver/local_setup.sh
[0.337s] -- Up-to-date: /root/working/test_ws/yano_ws/install/driver/share/driver/local_setup.zsh
[0.337s] -- Up-to-date: /root/working/test_ws/yano_ws/install/driver/share/driver/local_setup.dsv
[0.337s] -- Installing: /root/working/test_ws/yano_ws/install/driver/share/driver/package.dsv
[0.337s] -- Up-to-date: /root/working/test_ws/yano_ws/install/driver/share/ament_index/resource_index/packages/driver
[0.337s] -- Up-to-date: /root/working/test_ws/yano_ws/install/driver/share/driver/cmake/driverConfig.cmake
[0.337s] -- Up-to-date: /root/working/test_ws/yano_ws/install/driver/share/driver/cmake/driverConfig-version.cmake
[0.337s] -- Up-to-date: /root/working/test_ws/yano_ws/install/driver/share/driver/package.xml
[0.345s] Invoked command in '/root/working/test_ws/yano_ws/build/driver' returned '0': AMENT_PREFIX_PATH=${AMENT_PREFIX_PATH}/custom_interfaces:/root/working/test_ws/yano_ws/install CMAKE_PREFIX_PATH=${CMAKE_PREFIX_PATH}/custom_interfaces:/root/working/test_ws/yano_ws/install LD_LIBRARY_PATH=/root/working/test_ws/yano_ws/install/custom_interfaces/lib:/root/working/test_ws/yano_ws/install/dynamixel_workbench_toolbox/lib:/root/working/test_ws/yano_ws/install/dynamixel_workbench_msgs/lib:/root/working/test_ws/yano_ws/install/dynamixel_sdk_custom_interfaces/lib:/root/working/test_ws/yano_ws/install/dynamixel_sdk/lib:/opt/ros/humble/opt/rviz_ogre_vendor/lib:/opt/ros/humble/lib/x86_64-linux-gnu:/opt/ros/humble/lib /usr/bin/cmake --install /root/working/test_ws/yano_ws/build/driver
