[35m[1mConsolidate compiler generated dependencies of target crawler_driver_node[0m
[ 50%] [32mBuilding CXX object CMakeFiles/crawler_driver_node.dir/src/crawler_driver.cpp.o[0m
[100%] [32m[1mLinking CXX executable crawler_driver_node[0m
[100%] Built target crawler_driver_node
-- Install configuration: ""
-- Installing: /root/working/test_ws/yano_ws/install/crawler_driver/lib/crawler_driver/crawler_driver_node
-- Set runtime path of "/root/working/test_ws/yano_ws/install/crawler_driver/lib/crawler_driver/crawler_driver_node" to ""
-- Up-to-date: /root/working/test_ws/yano_ws/install/crawler_driver/share/ament_index/resource_index/package_run_dependencies/crawler_driver
-- Up-to-date: /root/working/test_ws/yano_ws/install/crawler_driver/share/ament_index/resource_index/parent_prefix_path/crawler_driver
-- Up-to-date: /root/working/test_ws/yano_ws/install/crawler_driver/share/crawler_driver/environment/ament_prefix_path.sh
-- Up-to-date: /root/working/test_ws/yano_ws/install/crawler_driver/share/crawler_driver/environment/ament_prefix_path.dsv
-- Up-to-date: /root/working/test_ws/yano_ws/install/crawler_driver/share/crawler_driver/environment/path.sh
-- Up-to-date: /root/working/test_ws/yano_ws/install/crawler_driver/share/crawler_driver/environment/path.dsv
-- Up-to-date: /root/working/test_ws/yano_ws/install/crawler_driver/share/crawler_driver/local_setup.bash
-- Up-to-date: /root/working/test_ws/yano_ws/install/crawler_driver/share/crawler_driver/local_setup.sh
-- Up-to-date: /root/working/test_ws/yano_ws/install/crawler_driver/share/crawler_driver/local_setup.zsh
-- Up-to-date: /root/working/test_ws/yano_ws/install/crawler_driver/share/crawler_driver/local_setup.dsv
-- Installing: /root/working/test_ws/yano_ws/install/crawler_driver/share/crawler_driver/package.dsv
-- Up-to-date: /root/working/test_ws/yano_ws/install/crawler_driver/share/ament_index/resource_index/packages/crawler_driver
-- Up-to-date: /root/working/test_ws/yano_ws/install/crawler_driver/share/crawler_driver/cmake/crawler_driverConfig.cmake
-- Up-to-date: /root/working/test_ws/yano_ws/install/crawler_driver/share/crawler_driver/cmake/crawler_driverConfig-version.cmake
-- Up-to-date: /root/working/test_ws/yano_ws/install/crawler_driver/share/crawler_driver/package.xml
