[0.007s] Invoking command in '/root/test_ws/yano_ws/build/operator': AMENT_PREFIX_PATH=/root/test_ws/yano_ws/install/custom_interfaces:${AMENT_PREFIX_PATH} CMAKE_PREFIX_PATH=/root/test_ws/yano_ws/install/custom_interfaces:/opt/ros/humble LD_LIBRARY_PATH=/root/test_ws/yano_ws/install/custom_interfaces/lib:${LD_LIBRARY_PATH} PYTHONPATH=/root/test_ws/yano_ws/install/custom_interfaces/local/lib/python3.10/dist-packages:${PYTHONPATH} /usr/bin/cmake --build /root/test_ws/yano_ws/build/operator -- -j16 -l16
[0.027s] [35m[1mConsolidate compiler generated dependencies of target operator_node[0m
[0.036s] [100%] Built target operator_node
[0.042s] Invoked command in '/root/test_ws/yano_ws/build/operator' returned '0': AMENT_PREFIX_PATH=/root/test_ws/yano_ws/install/custom_interfaces:${AMENT_PREFIX_PATH} CMAKE_PREFIX_PATH=/root/test_ws/yano_ws/install/custom_interfaces:/opt/ros/humble LD_LIBRARY_PATH=/root/test_ws/yano_ws/install/custom_interfaces/lib:${LD_LIBRARY_PATH} PYTHONPATH=/root/test_ws/yano_ws/install/custom_interfaces/local/lib/python3.10/dist-packages:${PYTHONPATH} /usr/bin/cmake --build /root/test_ws/yano_ws/build/operator -- -j16 -l16
[0.043s] Invoking command in '/root/test_ws/yano_ws/build/operator': AMENT_PREFIX_PATH=/root/test_ws/yano_ws/install/custom_interfaces:${AMENT_PREFIX_PATH} CMAKE_PREFIX_PATH=/root/test_ws/yano_ws/install/custom_interfaces:/opt/ros/humble LD_LIBRARY_PATH=/root/test_ws/yano_ws/install/custom_interfaces/lib:${LD_LIBRARY_PATH} PYTHONPATH=/root/test_ws/yano_ws/install/custom_interfaces/local/lib/python3.10/dist-packages:${PYTHONPATH} /usr/bin/cmake --install /root/test_ws/yano_ws/build/operator
[0.047s] -- Install configuration: ""
[0.047s] -- Up-to-date: /root/test_ws/yano_ws/install/operator/lib/operator/operator_node
[0.047s] -- Up-to-date: /root/test_ws/yano_ws/install/operator/share/ament_index/resource_index/package_run_dependencies/operator
[0.047s] -- Up-to-date: /root/test_ws/yano_ws/install/operator/share/ament_index/resource_index/parent_prefix_path/operator
[0.047s] -- Up-to-date: /root/test_ws/yano_ws/install/operator/share/operator/environment/ament_prefix_path.sh
[0.047s] -- Up-to-date: /root/test_ws/yano_ws/install/operator/share/operator/environment/ament_prefix_path.dsv
[0.047s] -- Up-to-date: /root/test_ws/yano_ws/install/operator/share/operator/environment/path.sh
[0.047s] -- Up-to-date: /root/test_ws/yano_ws/install/operator/share/operator/environment/path.dsv
[0.047s] -- Up-to-date: /root/test_ws/yano_ws/install/operator/share/operator/local_setup.bash
[0.047s] -- Up-to-date: /root/test_ws/yano_ws/install/operator/share/operator/local_setup.sh
[0.047s] -- Up-to-date: /root/test_ws/yano_ws/install/operator/share/operator/local_setup.zsh
[0.047s] -- Up-to-date: /root/test_ws/yano_ws/install/operator/share/operator/local_setup.dsv
[0.047s] -- Installing: /root/test_ws/yano_ws/install/operator/share/operator/package.dsv
[0.047s] -- Up-to-date: /root/test_ws/yano_ws/install/operator/share/ament_index/resource_index/packages/operator
[0.047s] -- Up-to-date: /root/test_ws/yano_ws/install/operator/share/operator/cmake/operatorConfig.cmake
[0.048s] -- Up-to-date: /root/test_ws/yano_ws/install/operator/share/operator/cmake/operatorConfig-version.cmake
[0.048s] -- Up-to-date: /root/test_ws/yano_ws/install/operator/share/operator/package.xml
[0.049s] Invoked command in '/root/test_ws/yano_ws/build/operator' returned '0': AMENT_PREFIX_PATH=/root/test_ws/yano_ws/install/custom_interfaces:${AMENT_PREFIX_PATH} CMAKE_PREFIX_PATH=/root/test_ws/yano_ws/install/custom_interfaces:/opt/ros/humble LD_LIBRARY_PATH=/root/test_ws/yano_ws/install/custom_interfaces/lib:${LD_LIBRARY_PATH} PYTHONPATH=/root/test_ws/yano_ws/install/custom_interfaces/local/lib/python3.10/dist-packages:${PYTHONPATH} /usr/bin/cmake --install /root/test_ws/yano_ws/build/operator
