[0.012s] Invoking command in '/home/rodep/rodep/test_ws/yano_ws/build/flipper_driver': CMAKE_PREFIX_PATH=/home/rodep/rodep/test_ws/yano_ws/install/custom_interfaces:/home/rodep/rodep/test_ws/yano_ws/install/usb_camera:/home/rodep/rodep/test_ws/yano_ws/install/operator:/home/rodep/rodep/test_ws/yano_ws/install/my_rqt_plugin:/home/rodep/rodep/test_ws/yano_ws/install/flipper_driver:/home/rodep/rodep/test_ws/yano_ws/install/crawler_driver:/opt/ros/jazzy/opt/gz_math_vendor:/opt/ros/jazzy/opt/gz_utils_vendor:/opt/ros/jazzy/opt/gz_cmake_vendor:/opt/ros/jazzy DEBUGINFOD_URLS=https://debuginfod.ubuntu.com LD_LIBRARY_PATH=/home/rodep/rodep/test_ws/yano_ws/install/custom_interfaces/lib:/home/rodep/rodep/test_ws/yano_ws/install/my_rqt_plugin/lib:/opt/ros/jazzy/opt/rviz_ogre_vendor/lib:/opt/ros/jazzy/lib/x86_64-linux-gnu:/opt/ros/jazzy/opt/gz_math_vendor/lib:/opt/ros/jazzy/opt/gz_utils_vendor/lib:/opt/ros/jazzy/opt/gz_cmake_vendor/lib:/opt/ros/jazzy/lib /usr/bin/cmake --build /home/rodep/rodep/test_ws/yano_ws/build/flipper_driver -- -j8 -l8
[0.060s] [100%] Built target flipper_driver_node
[0.069s] Invoked command in '/home/rodep/rodep/test_ws/yano_ws/build/flipper_driver' returned '0': CMAKE_PREFIX_PATH=/home/rodep/rodep/test_ws/yano_ws/install/custom_interfaces:/home/rodep/rodep/test_ws/yano_ws/install/usb_camera:/home/rodep/rodep/test_ws/yano_ws/install/operator:/home/rodep/rodep/test_ws/yano_ws/install/my_rqt_plugin:/home/rodep/rodep/test_ws/yano_ws/install/flipper_driver:/home/rodep/rodep/test_ws/yano_ws/install/crawler_driver:/opt/ros/jazzy/opt/gz_math_vendor:/opt/ros/jazzy/opt/gz_utils_vendor:/opt/ros/jazzy/opt/gz_cmake_vendor:/opt/ros/jazzy DEBUGINFOD_URLS=https://debuginfod.ubuntu.com LD_LIBRARY_PATH=/home/rodep/rodep/test_ws/yano_ws/install/custom_interfaces/lib:/home/rodep/rodep/test_ws/yano_ws/install/my_rqt_plugin/lib:/opt/ros/jazzy/opt/rviz_ogre_vendor/lib:/opt/ros/jazzy/lib/x86_64-linux-gnu:/opt/ros/jazzy/opt/gz_math_vendor/lib:/opt/ros/jazzy/opt/gz_utils_vendor/lib:/opt/ros/jazzy/opt/gz_cmake_vendor/lib:/opt/ros/jazzy/lib /usr/bin/cmake --build /home/rodep/rodep/test_ws/yano_ws/build/flipper_driver -- -j8 -l8
[0.070s] Invoking command in '/home/rodep/rodep/test_ws/yano_ws/build/flipper_driver': CMAKE_PREFIX_PATH=/home/rodep/rodep/test_ws/yano_ws/install/custom_interfaces:/home/rodep/rodep/test_ws/yano_ws/install/usb_camera:/home/rodep/rodep/test_ws/yano_ws/install/operator:/home/rodep/rodep/test_ws/yano_ws/install/my_rqt_plugin:/home/rodep/rodep/test_ws/yano_ws/install/flipper_driver:/home/rodep/rodep/test_ws/yano_ws/install/crawler_driver:/opt/ros/jazzy/opt/gz_math_vendor:/opt/ros/jazzy/opt/gz_utils_vendor:/opt/ros/jazzy/opt/gz_cmake_vendor:/opt/ros/jazzy DEBUGINFOD_URLS=https://debuginfod.ubuntu.com LD_LIBRARY_PATH=/home/rodep/rodep/test_ws/yano_ws/install/custom_interfaces/lib:/home/rodep/rodep/test_ws/yano_ws/install/my_rqt_plugin/lib:/opt/ros/jazzy/opt/rviz_ogre_vendor/lib:/opt/ros/jazzy/lib/x86_64-linux-gnu:/opt/ros/jazzy/opt/gz_math_vendor/lib:/opt/ros/jazzy/opt/gz_utils_vendor/lib:/opt/ros/jazzy/opt/gz_cmake_vendor/lib:/opt/ros/jazzy/lib /usr/bin/cmake --install /home/rodep/rodep/test_ws/yano_ws/build/flipper_driver
[0.076s] -- Install configuration: ""
[0.076s] -- Up-to-date: /home/rodep/rodep/test_ws/yano_ws/install/flipper_driver/lib/flipper_driver/flipper_driver_node
[0.076s] -- Up-to-date: /home/rodep/rodep/test_ws/yano_ws/install/flipper_driver/share/ament_index/resource_index/package_run_dependencies/flipper_driver
[0.077s] -- Up-to-date: /home/rodep/rodep/test_ws/yano_ws/install/flipper_driver/share/ament_index/resource_index/parent_prefix_path/flipper_driver
[0.077s] -- Up-to-date: /home/rodep/rodep/test_ws/yano_ws/install/flipper_driver/share/flipper_driver/environment/ament_prefix_path.sh
[0.077s] -- Up-to-date: /home/rodep/rodep/test_ws/yano_ws/install/flipper_driver/share/flipper_driver/environment/ament_prefix_path.dsv
[0.077s] -- Up-to-date: /home/rodep/rodep/test_ws/yano_ws/install/flipper_driver/share/flipper_driver/environment/path.sh
[0.077s] -- Up-to-date: /home/rodep/rodep/test_ws/yano_ws/install/flipper_driver/share/flipper_driver/environment/path.dsv
[0.077s] -- Up-to-date: /home/rodep/rodep/test_ws/yano_ws/install/flipper_driver/share/flipper_driver/local_setup.bash
[0.077s] -- Up-to-date: /home/rodep/rodep/test_ws/yano_ws/install/flipper_driver/share/flipper_driver/local_setup.sh
[0.077s] -- Up-to-date: /home/rodep/rodep/test_ws/yano_ws/install/flipper_driver/share/flipper_driver/local_setup.zsh
[0.077s] -- Up-to-date: /home/rodep/rodep/test_ws/yano_ws/install/flipper_driver/share/flipper_driver/local_setup.dsv
[0.077s] -- Installing: /home/rodep/rodep/test_ws/yano_ws/install/flipper_driver/share/flipper_driver/package.dsv
[0.077s] -- Up-to-date: /home/rodep/rodep/test_ws/yano_ws/install/flipper_driver/share/ament_index/resource_index/packages/flipper_driver
[0.077s] -- Up-to-date: /home/rodep/rodep/test_ws/yano_ws/install/flipper_driver/share/flipper_driver/cmake/flipper_driverConfig.cmake
[0.078s] -- Up-to-date: /home/rodep/rodep/test_ws/yano_ws/install/flipper_driver/share/flipper_driver/cmake/flipper_driverConfig-version.cmake
[0.078s] -- Up-to-date: /home/rodep/rodep/test_ws/yano_ws/install/flipper_driver/share/flipper_driver/package.xml
[0.079s] Invoked command in '/home/rodep/rodep/test_ws/yano_ws/build/flipper_driver' returned '0': CMAKE_PREFIX_PATH=/home/rodep/rodep/test_ws/yano_ws/install/custom_interfaces:/home/rodep/rodep/test_ws/yano_ws/install/usb_camera:/home/rodep/rodep/test_ws/yano_ws/install/operator:/home/rodep/rodep/test_ws/yano_ws/install/my_rqt_plugin:/home/rodep/rodep/test_ws/yano_ws/install/flipper_driver:/home/rodep/rodep/test_ws/yano_ws/install/crawler_driver:/opt/ros/jazzy/opt/gz_math_vendor:/opt/ros/jazzy/opt/gz_utils_vendor:/opt/ros/jazzy/opt/gz_cmake_vendor:/opt/ros/jazzy DEBUGINFOD_URLS=https://debuginfod.ubuntu.com LD_LIBRARY_PATH=/home/rodep/rodep/test_ws/yano_ws/install/custom_interfaces/lib:/home/rodep/rodep/test_ws/yano_ws/install/my_rqt_plugin/lib:/opt/ros/jazzy/opt/rviz_ogre_vendor/lib:/opt/ros/jazzy/lib/x86_64-linux-gnu:/opt/ros/jazzy/opt/gz_math_vendor/lib:/opt/ros/jazzy/opt/gz_utils_vendor/lib:/opt/ros/jazzy/opt/gz_cmake_vendor/lib:/opt/ros/jazzy/lib /usr/bin/cmake --install /home/rodep/rodep/test_ws/yano_ws/build/flipper_driver
