[0.177s] DEBUG:colcon:Command line arguments: ['/usr/bin/colcon', 'build']
[0.178s] DEBUG:colcon:Parsed command line arguments: Namespace(log_base=None, log_level=None, verb_name='build', build_base='build', install_base='install', merge_install=False, symlink_install=False, test_result_base=None, continue_on_error=False, executor='parallel', parallel_workers=4, event_handlers=None, ignore_user_meta=False, metas=['./colcon.meta'], base_paths=['.'], packages_ignore=None, packages_ignore_regex=None, paths=None, packages_up_to=None, packages_up_to_regex=None, packages_above=None, packages_above_and_dependencies=None, packages_above_depth=None, packages_select_by_dep=None, packages_skip_by_dep=None, packages_skip_up_to=None, packages_select_build_failed=False, packages_skip_build_finished=False, packages_select_test_failures=False, packages_skip_test_passed=False, packages_select=None, packages_skip=None, packages_select_regex=None, packages_skip_regex=None, packages_start=None, packages_end=None, cmake_args=None, cmake_target=None, cmake_target_skip_unavailable=False, cmake_clean_cache=False, cmake_clean_first=False, cmake_force_configure=False, ament_cmake_args=None, catkin_cmake_args=None, catkin_skip_building_tests=False, mixin_files=None, mixin=None, verb_parser=<colcon_mixin.mixin.mixin_argument.MixinArgumentDecorator object at 0x739034066920>, verb_extension=<colcon_core.verb.build.BuildVerb object at 0x7390341538e0>, main=<bound method BuildVerb.main of <colcon_core.verb.build.BuildVerb object at 0x7390341538e0>>, mixin_verb=('build',))
[0.390s] Level 1:colcon.colcon_core.package_discovery:discover_packages(colcon_meta) check parameters
[0.391s] INFO:colcon.colcon_metadata.package_discovery.colcon_meta:Using configuration from '/root/.colcon/metadata/default/Gazebo.meta'
[0.392s] INFO:colcon.colcon_metadata.package_discovery.colcon_meta:Using configuration from '/root/.colcon/metadata/default/fastrtps.meta'
[0.392s] Level 1:colcon.colcon_core.package_discovery:discover_packages(recursive) check parameters
[0.392s] Level 1:colcon.colcon_core.package_discovery:discover_packages(ignore) check parameters
[0.392s] Level 1:colcon.colcon_core.package_discovery:discover_packages(path) check parameters
[0.392s] Level 1:colcon.colcon_core.package_discovery:discover_packages(colcon_meta) discover
[0.392s] Level 1:colcon.colcon_core.package_discovery:discover_packages(recursive) discover
[0.392s] INFO:colcon.colcon_core.package_discovery:Crawling recursively for packages in '/root/working/ros2_ws'
[0.392s] Level 1:colcon.colcon_core.package_identification:_identify(.) by extensions ['ignore', 'ignore_ament_install']
[0.392s] Level 1:colcon.colcon_core.package_identification:_identify(.) by extension 'ignore'
[0.392s] Level 1:colcon.colcon_core.package_identification:_identify(.) by extension 'ignore_ament_install'
[0.392s] Level 1:colcon.colcon_core.package_identification:_identify(.) by extensions ['colcon_pkg']
[0.393s] Level 1:colcon.colcon_core.package_identification:_identify(.) by extension 'colcon_pkg'
[0.393s] Level 1:colcon.colcon_core.package_identification:_identify(.) by extensions ['colcon_meta']
[0.393s] Level 1:colcon.colcon_core.package_identification:_identify(.) by extension 'colcon_meta'
[0.393s] Level 1:colcon.colcon_core.package_identification:_identify(.) by extensions ['ros']
[0.393s] Level 1:colcon.colcon_core.package_identification:_identify(.) by extension 'ros'
[0.408s] Level 1:colcon.colcon_core.package_identification:_identify(.) by extensions ['cmake', 'python']
[0.408s] Level 1:colcon.colcon_core.package_identification:_identify(.) by extension 'cmake'
[0.409s] Level 1:colcon.colcon_core.package_identification:_identify(.) by extension 'python'
[0.409s] Level 1:colcon.colcon_core.package_identification:_identify(.) by extensions ['python_setup_py']
[0.409s] Level 1:colcon.colcon_core.package_identification:_identify(.) by extension 'python_setup_py'
[0.409s] Level 1:colcon.colcon_core.package_identification:_identify(build) by extensions ['ignore', 'ignore_ament_install']
[0.409s] Level 1:colcon.colcon_core.package_identification:_identify(build) by extension 'ignore'
[0.409s] Level 1:colcon.colcon_core.package_identification:_identify(build) ignored
[0.409s] Level 1:colcon.colcon_core.package_identification:_identify(install) by extensions ['ignore', 'ignore_ament_install']
[0.409s] Level 1:colcon.colcon_core.package_identification:_identify(install) by extension 'ignore'
[0.409s] Level 1:colcon.colcon_core.package_identification:_identify(install) ignored
[0.410s] Level 1:colcon.colcon_core.package_identification:_identify(launch) by extensions ['ignore', 'ignore_ament_install']
[0.410s] Level 1:colcon.colcon_core.package_identification:_identify(launch) by extension 'ignore'
[0.410s] Level 1:colcon.colcon_core.package_identification:_identify(launch) by extension 'ignore_ament_install'
[0.410s] Level 1:colcon.colcon_core.package_identification:_identify(launch) by extensions ['colcon_pkg']
[0.410s] Level 1:colcon.colcon_core.package_identification:_identify(launch) by extension 'colcon_pkg'
[0.410s] Level 1:colcon.colcon_core.package_identification:_identify(launch) by extensions ['colcon_meta']
[0.410s] Level 1:colcon.colcon_core.package_identification:_identify(launch) by extension 'colcon_meta'
[0.410s] Level 1:colcon.colcon_core.package_identification:_identify(launch) by extensions ['ros']
[0.410s] Level 1:colcon.colcon_core.package_identification:_identify(launch) by extension 'ros'
[0.410s] Level 1:colcon.colcon_core.package_identification:_identify(launch) by extensions ['cmake', 'python']
[0.410s] Level 1:colcon.colcon_core.package_identification:_identify(launch) by extension 'cmake'
[0.410s] Level 1:colcon.colcon_core.package_identification:_identify(launch) by extension 'python'
[0.410s] Level 1:colcon.colcon_core.package_identification:_identify(launch) by extensions ['python_setup_py']
[0.410s] Level 1:colcon.colcon_core.package_identification:_identify(launch) by extension 'python_setup_py'
[0.410s] Level 1:colcon.colcon_core.package_identification:_identify(launch/__pycache__) by extensions ['ignore', 'ignore_ament_install']
[0.410s] Level 1:colcon.colcon_core.package_identification:_identify(launch/__pycache__) by extension 'ignore'
[0.411s] Level 1:colcon.colcon_core.package_identification:_identify(launch/__pycache__) by extension 'ignore_ament_install'
[0.411s] Level 1:colcon.colcon_core.package_identification:_identify(launch/__pycache__) by extensions ['colcon_pkg']
[0.411s] Level 1:colcon.colcon_core.package_identification:_identify(launch/__pycache__) by extension 'colcon_pkg'
[0.411s] Level 1:colcon.colcon_core.package_identification:_identify(launch/__pycache__) by extensions ['colcon_meta']
[0.411s] Level 1:colcon.colcon_core.package_identification:_identify(launch/__pycache__) by extension 'colcon_meta'
[0.411s] Level 1:colcon.colcon_core.package_identification:_identify(launch/__pycache__) by extensions ['ros']
[0.411s] Level 1:colcon.colcon_core.package_identification:_identify(launch/__pycache__) by extension 'ros'
[0.411s] Level 1:colcon.colcon_core.package_identification:_identify(launch/__pycache__) by extensions ['cmake', 'python']
[0.411s] Level 1:colcon.colcon_core.package_identification:_identify(launch/__pycache__) by extension 'cmake'
[0.411s] Level 1:colcon.colcon_core.package_identification:_identify(launch/__pycache__) by extension 'python'
[0.411s] Level 1:colcon.colcon_core.package_identification:_identify(launch/__pycache__) by extensions ['python_setup_py']
[0.411s] Level 1:colcon.colcon_core.package_identification:_identify(launch/__pycache__) by extension 'python_setup_py'
[0.411s] Level 1:colcon.colcon_core.package_identification:_identify(log) by extensions ['ignore', 'ignore_ament_install']
[0.411s] Level 1:colcon.colcon_core.package_identification:_identify(log) by extension 'ignore'
[0.412s] Level 1:colcon.colcon_core.package_identification:_identify(log) ignored
[0.412s] Level 1:colcon.colcon_core.package_identification:_identify(src) by extensions ['ignore', 'ignore_ament_install']
[0.412s] Level 1:colcon.colcon_core.package_identification:_identify(src) by extension 'ignore'
[0.412s] Level 1:colcon.colcon_core.package_identification:_identify(src) by extension 'ignore_ament_install'
[0.412s] Level 1:colcon.colcon_core.package_identification:_identify(src) by extensions ['colcon_pkg']
[0.412s] Level 1:colcon.colcon_core.package_identification:_identify(src) by extension 'colcon_pkg'
[0.412s] Level 1:colcon.colcon_core.package_identification:_identify(src) by extensions ['colcon_meta']
[0.412s] Level 1:colcon.colcon_core.package_identification:_identify(src) by extension 'colcon_meta'
[0.412s] Level 1:colcon.colcon_core.package_identification:_identify(src) by extensions ['ros']
[0.412s] Level 1:colcon.colcon_core.package_identification:_identify(src) by extension 'ros'
[0.412s] Level 1:colcon.colcon_core.package_identification:_identify(src) by extensions ['cmake', 'python']
[0.412s] Level 1:colcon.colcon_core.package_identification:_identify(src) by extension 'cmake'
[0.412s] Level 1:colcon.colcon_core.package_identification:_identify(src) by extension 'python'
[0.412s] Level 1:colcon.colcon_core.package_identification:_identify(src) by extensions ['python_setup_py']
[0.412s] Level 1:colcon.colcon_core.package_identification:_identify(src) by extension 'python_setup_py'
[0.413s] Level 1:colcon.colcon_core.package_identification:_identify(src/joy_controller) by extensions ['ignore', 'ignore_ament_install']
[0.413s] Level 1:colcon.colcon_core.package_identification:_identify(src/joy_controller) by extension 'ignore'
[0.413s] Level 1:colcon.colcon_core.package_identification:_identify(src/joy_controller) by extension 'ignore_ament_install'
[0.413s] Level 1:colcon.colcon_core.package_identification:_identify(src/joy_controller) by extensions ['colcon_pkg']
[0.413s] Level 1:colcon.colcon_core.package_identification:_identify(src/joy_controller) by extension 'colcon_pkg'
[0.413s] Level 1:colcon.colcon_core.package_identification:_identify(src/joy_controller) by extensions ['colcon_meta']
[0.413s] Level 1:colcon.colcon_core.package_identification:_identify(src/joy_controller) by extension 'colcon_meta'
[0.413s] Level 1:colcon.colcon_core.package_identification:_identify(src/joy_controller) by extensions ['ros']
[0.413s] Level 1:colcon.colcon_core.package_identification:_identify(src/joy_controller) by extension 'ros'
[0.417s] DEBUG:colcon.colcon_core.package_identification:Package 'src/joy_controller' with type 'ros.ament_cmake' and name 'joy_controller'
[0.417s] Level 1:colcon.colcon_core.package_discovery:discover_packages(recursive) using defaults
[0.417s] Level 1:colcon.colcon_core.package_discovery:discover_packages(ignore) discover
[0.417s] Level 1:colcon.colcon_core.package_discovery:discover_packages(ignore) using defaults
[0.417s] Level 1:colcon.colcon_core.package_discovery:discover_packages(path) discover
[0.417s] Level 1:colcon.colcon_core.package_discovery:discover_packages(path) using defaults
[0.446s] Level 5:colcon.colcon_core.verb:set package 'joy_controller' build argument 'cmake_args' from command line to 'None'
[0.446s] Level 5:colcon.colcon_core.verb:set package 'joy_controller' build argument 'cmake_target' from command line to 'None'
[0.446s] Level 5:colcon.colcon_core.verb:set package 'joy_controller' build argument 'cmake_target_skip_unavailable' from command line to 'False'
[0.446s] Level 5:colcon.colcon_core.verb:set package 'joy_controller' build argument 'cmake_clean_cache' from command line to 'False'
[0.446s] Level 5:colcon.colcon_core.verb:set package 'joy_controller' build argument 'cmake_clean_first' from command line to 'False'
[0.446s] Level 5:colcon.colcon_core.verb:set package 'joy_controller' build argument 'cmake_force_configure' from command line to 'False'
[0.446s] Level 5:colcon.colcon_core.verb:set package 'joy_controller' build argument 'ament_cmake_args' from command line to 'None'
[0.446s] Level 5:colcon.colcon_core.verb:set package 'joy_controller' build argument 'catkin_cmake_args' from command line to 'None'
[0.447s] Level 5:colcon.colcon_core.verb:set package 'joy_controller' build argument 'catkin_skip_building_tests' from command line to 'False'
[0.447s] DEBUG:colcon.colcon_core.verb:Building package 'joy_controller' with the following arguments: {'ament_cmake_args': None, 'build_base': '/root/working/ros2_ws/build/joy_controller', 'catkin_cmake_args': None, 'catkin_skip_building_tests': False, 'cmake_args': None, 'cmake_clean_cache': False, 'cmake_clean_first': False, 'cmake_force_configure': False, 'cmake_target': None, 'cmake_target_skip_unavailable': False, 'install_base': '/root/working/ros2_ws/install/joy_controller', 'merge_install': False, 'path': '/root/working/ros2_ws/src/joy_controller', 'symlink_install': False, 'test_result_base': None}
[0.447s] INFO:colcon.colcon_core.executor:Executing jobs using 'parallel' executor
[0.449s] DEBUG:colcon.colcon_parallel_executor.executor.parallel:run_until_complete
[0.449s] INFO:colcon.colcon_ros.task.ament_cmake.build:Building ROS package in '/root/working/ros2_ws/src/joy_controller' with build type 'ament_cmake'
[0.449s] INFO:colcon.colcon_cmake.task.cmake.build:Building CMake package in '/root/working/ros2_ws/src/joy_controller'
[0.454s] INFO:colcon.colcon_core.plugin_system:Skipping extension 'colcon_core.shell.bat': Not used on non-Windows systems
[0.455s] INFO:colcon.colcon_core.shell:Skip shell extension 'powershell' for command environment: Not usable outside of PowerShell
[0.455s] DEBUG:colcon.colcon_core.shell:Skip shell extension 'dsv' for command environment
[0.471s] DEBUG:colcon.colcon_core.event_handler.log_command:Invoking command in '/root/working/ros2_ws/build/joy_controller': CMAKE_PREFIX_PATH=${CMAKE_PREFIX_PATH}:/opt/ros/humble /usr/bin/cmake --build /root/working/ros2_ws/build/joy_controller -- -j4 -l4
[8.905s] DEBUG:colcon.colcon_core.event_handler.log_command:Invoked command in '/root/working/ros2_ws/build/joy_controller' returned '2': CMAKE_PREFIX_PATH=${CMAKE_PREFIX_PATH}:/opt/ros/humble /usr/bin/cmake --build /root/working/ros2_ws/build/joy_controller -- -j4 -l4
[8.906s] Level 1:colcon.colcon_core.environment:create_environment_scripts_only(joy_controller)
[8.909s] Level 1:colcon.colcon_core.environment:checking '/root/working/ros2_ws/install/joy_controller' for CMake module files
[8.910s] Level 1:colcon.colcon_core.environment:checking '/root/working/ros2_ws/install/joy_controller' for CMake config files
[8.911s] Level 1:colcon.colcon_core.shell:create_environment_hook('joy_controller', 'cmake_prefix_path')
[8.912s] INFO:colcon.colcon_core.shell:Creating environment hook '/root/working/ros2_ws/install/joy_controller/share/joy_controller/hook/cmake_prefix_path.ps1'
[8.912s] INFO:colcon.colcon_core.shell:Creating environment descriptor '/root/working/ros2_ws/install/joy_controller/share/joy_controller/hook/cmake_prefix_path.dsv'
[8.913s] INFO:colcon.colcon_core.shell:Creating environment hook '/root/working/ros2_ws/install/joy_controller/share/joy_controller/hook/cmake_prefix_path.sh'
[8.915s] Level 1:colcon.colcon_core.environment:checking '/root/working/ros2_ws/install/joy_controller/lib'
[8.915s] Level 1:colcon.colcon_core.shell:create_environment_hook('joy_controller', 'ld_library_path_lib')
[8.916s] INFO:colcon.colcon_core.shell:Creating environment hook '/root/working/ros2_ws/install/joy_controller/share/joy_controller/hook/ld_library_path_lib.ps1'
[8.917s] INFO:colcon.colcon_core.shell:Creating environment descriptor '/root/working/ros2_ws/install/joy_controller/share/joy_controller/hook/ld_library_path_lib.dsv'
[8.918s] INFO:colcon.colcon_core.shell:Creating environment hook '/root/working/ros2_ws/install/joy_controller/share/joy_controller/hook/ld_library_path_lib.sh'
[8.918s] Level 1:colcon.colcon_core.environment:checking '/root/working/ros2_ws/install/joy_controller/bin'
[8.918s] Level 1:colcon.colcon_core.environment:checking '/root/working/ros2_ws/install/joy_controller/lib/pkgconfig/joy_controller.pc'
[8.921s] Level 1:colcon.colcon_core.environment:checking '/root/working/ros2_ws/install/joy_controller/lib/python3.10/site-packages'
[8.921s] Level 1:colcon.colcon_core.environment:checking '/root/working/ros2_ws/install/joy_controller/bin'
[8.922s] INFO:colcon.colcon_core.shell:Creating package script '/root/working/ros2_ws/install/joy_controller/share/joy_controller/package.ps1'
[8.923s] INFO:colcon.colcon_core.shell:Creating package descriptor '/root/working/ros2_ws/install/joy_controller/share/joy_controller/package.dsv'
[8.924s] INFO:colcon.colcon_core.shell:Creating package script '/root/working/ros2_ws/install/joy_controller/share/joy_controller/package.sh'
[8.925s] INFO:colcon.colcon_core.shell:Creating package script '/root/working/ros2_ws/install/joy_controller/share/joy_controller/package.bash'
[8.926s] INFO:colcon.colcon_core.shell:Creating package script '/root/working/ros2_ws/install/joy_controller/share/joy_controller/package.zsh'
[8.927s] Level 1:colcon.colcon_core.environment:create_file_with_runtime_dependencies(/root/working/ros2_ws/install/joy_controller/share/colcon-core/packages/joy_controller)
[8.937s] DEBUG:colcon.colcon_parallel_executor.executor.parallel:closing loop
[8.938s] DEBUG:colcon.colcon_parallel_executor.executor.parallel:loop closed
[8.938s] DEBUG:colcon.colcon_parallel_executor.executor.parallel:run_until_complete finished with '2'
[8.938s] DEBUG:colcon.colcon_core.event_reactor:joining thread
[8.947s] INFO:colcon.colcon_core.plugin_system:Skipping extension 'colcon_notification.desktop_notification.notify_send': Could not find 'notify-send'
[8.947s] INFO:colcon.colcon_core.plugin_system:Skipping extension 'colcon_notification.desktop_notification.terminal_notifier': Not used on non-Darwin systems
[8.947s] INFO:colcon.colcon_core.plugin_system:Skipping extension 'colcon_notification.desktop_notification.win32': Not used on non-Windows systems
[8.947s] INFO:colcon.colcon_notification.desktop_notification:Sending desktop notification using 'notify2'
[8.947s] DEBUG:colcon.colcon_notification.desktop_notification.notify2:Failed to initialize notify2: org.freedesktop.DBus.Error.NotSupported: Unable to autolaunch a dbus-daemon without a $DISPLAY for X11
[8.948s] DEBUG:colcon.colcon_core.event_reactor:joined thread
[8.948s] INFO:colcon.colcon_core.shell:Creating prefix script '/root/working/ros2_ws/install/local_setup.ps1'
[8.950s] INFO:colcon.colcon_core.shell:Creating prefix util module '/root/working/ros2_ws/install/_local_setup_util_ps1.py'
[8.951s] INFO:colcon.colcon_core.shell:Creating prefix chain script '/root/working/ros2_ws/install/setup.ps1'
[8.953s] INFO:colcon.colcon_core.shell:Creating prefix script '/root/working/ros2_ws/install/local_setup.sh'
[8.954s] INFO:colcon.colcon_core.shell:Creating prefix util module '/root/working/ros2_ws/install/_local_setup_util_sh.py'
[8.955s] INFO:colcon.colcon_core.shell:Creating prefix chain script '/root/working/ros2_ws/install/setup.sh'
[8.959s] INFO:colcon.colcon_core.shell:Creating prefix script '/root/working/ros2_ws/install/local_setup.bash'
[8.960s] INFO:colcon.colcon_core.shell:Creating prefix chain script '/root/working/ros2_ws/install/setup.bash'
[8.961s] INFO:colcon.colcon_core.shell:Creating prefix script '/root/working/ros2_ws/install/local_setup.zsh'
[8.962s] INFO:colcon.colcon_core.shell:Creating prefix chain script '/root/working/ros2_ws/install/setup.zsh'
