-- The C compiler identification is GNU 13.3.0
-- The CXX compiler identification is GNU 13.3.0
-- Detecting C compiler ABI info
-- Detecting C compiler ABI info - done
-- Check for working C compiler: /usr/bin/cc - skipped
-- Detecting C compile features
-- Detecting C compile features - done
-- Detecting CXX compiler ABI info
-- Detecting CXX compiler ABI info - done
-- Check for working CXX compiler: /usr/bin/c++ - skipped
-- Detecting CXX compile features
-- Detecting CXX compile features - done
-- Found ament_cmake: 2.5.3 (/opt/ros/jazzy/share/ament_cmake/cmake)
-- Found Python3: /usr/bin/python3 (found version "3.12.3") found components: Interpreter 
-- Found rclcpp: 28.1.6 (/opt/ros/jazzy/share/rclcpp/cmake)
-- Found rosidl_generator_c: 4.6.5 (/opt/ros/jazzy/share/rosidl_generator_c/cmake)
-- Found rosidl_generator_cpp: 4.6.5 (/opt/ros/jazzy/share/rosidl_generator_cpp/cmake)
-- Using all available rosidl_typesupport_c: rosidl_typesupport_fastrtps_c;rosidl_typesupport_introspection_c
-- Using all available rosidl_typesupport_cpp: rosidl_typesupport_fastrtps_cpp;rosidl_typesupport_introspection_cpp
-- Found rmw_implementation_cmake: 7.3.1 (/opt/ros/jazzy/share/rmw_implementation_cmake/cmake)
-- Found rmw_fastrtps_cpp: 8.4.1 (/opt/ros/jazzy/share/rmw_fastrtps_cpp/cmake)
-- Found OpenSSL: /usr/lib/x86_64-linux-gnu/libcrypto.so (found version "3.0.13")  
-- Found FastRTPS: /opt/ros/jazzy/include (Required is at least version "2.13") 
-- Using RMW implementation 'rmw_fastrtps_cpp' as default
-- Found std_msgs: 5.3.5 (/opt/ros/jazzy/share/std_msgs/cmake)
-- Found geometry_msgs: 5.3.5 (/opt/ros/jazzy/share/geometry_msgs/cmake)
-- Found custom_interfaces: 0.0.0 (/home/rodep/rodep/test_ws/yano_ws/install/custom_interfaces/share/custom_interfaces/cmake)
-- Found ament_lint_auto: 0.17.1 (/opt/ros/jazzy/share/ament_lint_auto/cmake)
-- Added test 'cppcheck' to perform static code analysis on C / C++ code
-- Configured cppcheck include dirs: 
-- Configured cppcheck exclude dirs and/or files: 
-- Added test 'lint_cmake' to check CMake code style
-- Added test 'uncrustify' to check C / C++ code style
-- Configured uncrustify additional arguments: 
-- Added test 'xmllint' to check XML markup files
-- Configuring done (1.1s)
-- Generating done (0.0s)
-- Build files have been written to: /home/rodep/rodep/test_ws/yano_ws/build/crawler_driver
[ 50%] [32mBuilding CXX object CMakeFiles/crawler_driver_node.dir/src/crawler_driver.cpp.o[0m
[100%] [32m[1mLinking CXX executable crawler_driver_node[0m
[100%] Built target crawler_driver_node
-- Install configuration: ""
-- Installing: /home/rodep/rodep/test_ws/yano_ws/install/crawler_driver/lib/crawler_driver/crawler_driver_node
-- Set non-toolchain portion of runtime path of "/home/rodep/rodep/test_ws/yano_ws/install/crawler_driver/lib/crawler_driver/crawler_driver_node" to ""
-- Installing: /home/rodep/rodep/test_ws/yano_ws/install/crawler_driver/share/ament_index/resource_index/package_run_dependencies/crawler_driver
-- Installing: /home/rodep/rodep/test_ws/yano_ws/install/crawler_driver/share/ament_index/resource_index/parent_prefix_path/crawler_driver
-- Installing: /home/rodep/rodep/test_ws/yano_ws/install/crawler_driver/share/crawler_driver/environment/ament_prefix_path.sh
-- Installing: /home/rodep/rodep/test_ws/yano_ws/install/crawler_driver/share/crawler_driver/environment/ament_prefix_path.dsv
-- Installing: /home/rodep/rodep/test_ws/yano_ws/install/crawler_driver/share/crawler_driver/environment/path.sh
-- Installing: /home/rodep/rodep/test_ws/yano_ws/install/crawler_driver/share/crawler_driver/environment/path.dsv
-- Installing: /home/rodep/rodep/test_ws/yano_ws/install/crawler_driver/share/crawler_driver/local_setup.bash
-- Installing: /home/rodep/rodep/test_ws/yano_ws/install/crawler_driver/share/crawler_driver/local_setup.sh
-- Installing: /home/rodep/rodep/test_ws/yano_ws/install/crawler_driver/share/crawler_driver/local_setup.zsh
-- Installing: /home/rodep/rodep/test_ws/yano_ws/install/crawler_driver/share/crawler_driver/local_setup.dsv
-- Installing: /home/rodep/rodep/test_ws/yano_ws/install/crawler_driver/share/crawler_driver/package.dsv
-- Installing: /home/rodep/rodep/test_ws/yano_ws/install/crawler_driver/share/ament_index/resource_index/packages/crawler_driver
-- Installing: /home/rodep/rodep/test_ws/yano_ws/install/crawler_driver/share/crawler_driver/cmake/crawler_driverConfig.cmake
-- Installing: /home/rodep/rodep/test_ws/yano_ws/install/crawler_driver/share/crawler_driver/cmake/crawler_driverConfig-version.cmake
-- Installing: /home/rodep/rodep/test_ws/yano_ws/install/crawler_driver/share/crawler_driver/package.xml
