[0.018s] Invoking command in '/root/working/test_ws/yano_ws/build/custom_interfaces': /usr/bin/cmake /root/working/test_ws/yano_ws/src/custom_interfaces -DCMAKE_INSTALL_PREFIX=/root/working/test_ws/yano_ws/install/custom_interfaces
[0.144s] -- The C compiler identification is GNU 11.4.0
[0.265s] -- The CXX compiler identification is GNU 11.4.0
[0.279s] -- Detecting C compiler ABI info
[0.426s] -- Detecting C compiler ABI info - done
[0.466s] -- Check for working C compiler: /usr/bin/cc - skipped
[0.466s] -- Detecting C compile features
[0.467s] -- Detecting C compile features - done
[0.474s] -- Detecting CXX compiler ABI info
[0.648s] -- Detecting CXX compiler ABI info - done
[0.674s] -- Check for working CXX compiler: /usr/bin/c++ - skipped
[0.675s] -- Detecting CXX compile features
[0.676s] -- Detecting CXX compile features - done
[0.702s] [31mCMake Error at CMakeLists.txt:9 (find_package):
[0.702s]   By not providing "Findament_cmake.cmake" in CMAKE_MODULE_PATH this project
[0.702s]   has asked CMake to find a package configuration file provided by
[0.702s]   "ament_cmake", but CMake did not find one.
[0.702s] 
[0.702s]   Could not find a package configuration file provided by "ament_cmake" with
[0.703s]   any of the following names:
[0.703s] 
[0.703s]     ament_cmakeConfig.cmake
[0.703s]     ament_cmake-config.cmake
[0.703s] 
[0.703s]   Add the installation prefix of "ament_cmake" to CMAKE_PREFIX_PATH or set
[0.703s]   "ament_cmake_DIR" to a directory containing one of the above files.  If
[0.703s]   "ament_cmake" provides a separate development package or SDK, be sure it
[0.703s]   has been installed.
[0.704s] 
[0.704s] [0m
[0.706s] -- Configuring incomplete, errors occurred!
[0.707s] See also "/root/working/test_ws/yano_ws/build/custom_interfaces/CMakeFiles/CMakeOutput.log".
