[0.153s] DEBUG:colcon:Command line arguments: ['/usr/bin/colcon', 'build']
[0.153s] DEBUG:colcon:Parsed command line arguments: Namespace(log_base=None, log_level=None, verb_name='build', build_base='build', install_base='install', merge_install=False, symlink_install=False, test_result_base=None, continue_on_error=False, executor='parallel', parallel_workers=4, event_handlers=None, ignore_user_meta=False, metas=['./colcon.meta'], base_paths=['.'], packages_ignore=None, packages_ignore_regex=None, paths=None, packages_up_to=None, packages_up_to_regex=None, packages_above=None, packages_above_and_dependencies=None, packages_above_depth=None, packages_select_by_dep=None, packages_skip_by_dep=None, packages_skip_up_to=None, packages_select_build_failed=False, packages_skip_build_finished=False, packages_select_test_failures=False, packages_skip_test_passed=False, packages_select=None, packages_skip=None, packages_select_regex=None, packages_skip_regex=None, packages_start=None, packages_end=None, cmake_args=None, cmake_target=None, cmake_target_skip_unavailable=False, cmake_clean_cache=False, cmake_clean_first=False, cmake_force_configure=False, ament_cmake_args=None, catkin_cmake_args=None, catkin_skip_building_tests=False, mixin_files=None, mixin=None, verb_parser=<colcon_mixin.mixin.mixin_argument.MixinArgumentDecorator object at 0x7a21a3836620>, verb_extension=<colcon_core.verb.build.BuildVerb object at 0x7a21a39235e0>, main=<bound method BuildVerb.main of <colcon_core.verb.build.BuildVerb object at 0x7a21a39235e0>>, mixin_verb=('build',))
[0.321s] Level 1:colcon.colcon_core.package_discovery:discover_packages(colcon_meta) check parameters
[0.322s] INFO:colcon.colcon_metadata.package_discovery.colcon_meta:Using configuration from '/root/.colcon/metadata/default/Gazebo.meta'
[0.322s] INFO:colcon.colcon_metadata.package_discovery.colcon_meta:Using configuration from '/root/.colcon/metadata/default/fastrtps.meta'
[0.322s] Level 1:colcon.colcon_core.package_discovery:discover_packages(recursive) check parameters
[0.322s] Level 1:colcon.colcon_core.package_discovery:discover_packages(ignore) check parameters
[0.322s] Level 1:colcon.colcon_core.package_discovery:discover_packages(path) check parameters
[0.322s] Level 1:colcon.colcon_core.package_discovery:discover_packages(colcon_meta) discover
[0.322s] Level 1:colcon.colcon_core.package_discovery:discover_packages(recursive) discover
[0.323s] INFO:colcon.colcon_core.package_discovery:Crawling recursively for packages in '/root/working/rodep_ros2/yano_ws'
[0.323s] Level 1:colcon.colcon_core.package_identification:_identify(.) by extensions ['ignore', 'ignore_ament_install']
[0.323s] Level 1:colcon.colcon_core.package_identification:_identify(.) by extension 'ignore'
[0.323s] Level 1:colcon.colcon_core.package_identification:_identify(.) by extension 'ignore_ament_install'
[0.323s] Level 1:colcon.colcon_core.package_identification:_identify(.) by extensions ['colcon_pkg']
[0.323s] Level 1:colcon.colcon_core.package_identification:_identify(.) by extension 'colcon_pkg'
[0.323s] Level 1:colcon.colcon_core.package_identification:_identify(.) by extensions ['colcon_meta']
[0.323s] Level 1:colcon.colcon_core.package_identification:_identify(.) by extension 'colcon_meta'
[0.323s] Level 1:colcon.colcon_core.package_identification:_identify(.) by extensions ['ros']
[0.323s] Level 1:colcon.colcon_core.package_identification:_identify(.) by extension 'ros'
[0.338s] Level 1:colcon.colcon_core.package_identification:_identify(.) by extensions ['cmake', 'python']
[0.338s] Level 1:colcon.colcon_core.package_identification:_identify(.) by extension 'cmake'
[0.338s] Level 1:colcon.colcon_core.package_identification:_identify(.) by extension 'python'
[0.338s] Level 1:colcon.colcon_core.package_identification:_identify(.) by extensions ['python_setup_py']
[0.338s] Level 1:colcon.colcon_core.package_identification:_identify(.) by extension 'python_setup_py'
[0.338s] Level 1:colcon.colcon_core.package_identification:_identify(build) by extensions ['ignore', 'ignore_ament_install']
[0.338s] Level 1:colcon.colcon_core.package_identification:_identify(build) by extension 'ignore'
[0.338s] Level 1:colcon.colcon_core.package_identification:_identify(build) ignored
[0.338s] Level 1:colcon.colcon_core.package_identification:_identify(custom_interfaces) by extensions ['ignore', 'ignore_ament_install']
[0.338s] Level 1:colcon.colcon_core.package_identification:_identify(custom_interfaces) by extension 'ignore'
[0.338s] Level 1:colcon.colcon_core.package_identification:_identify(custom_interfaces) by extension 'ignore_ament_install'
[0.338s] Level 1:colcon.colcon_core.package_identification:_identify(custom_interfaces) by extensions ['colcon_pkg']
[0.338s] Level 1:colcon.colcon_core.package_identification:_identify(custom_interfaces) by extension 'colcon_pkg'
[0.339s] Level 1:colcon.colcon_core.package_identification:_identify(custom_interfaces) by extensions ['colcon_meta']
[0.339s] Level 1:colcon.colcon_core.package_identification:_identify(custom_interfaces) by extension 'colcon_meta'
[0.339s] Level 1:colcon.colcon_core.package_identification:_identify(custom_interfaces) by extensions ['ros']
[0.339s] Level 1:colcon.colcon_core.package_identification:_identify(custom_interfaces) by extension 'ros'
[0.341s] DEBUG:colcon.colcon_core.package_identification:Package 'custom_interfaces' with type 'ros.ament_cmake' and name 'custom_interfaces'
[0.341s] Level 1:colcon.colcon_core.package_identification:_identify(install) by extensions ['ignore', 'ignore_ament_install']
[0.342s] Level 1:colcon.colcon_core.package_identification:_identify(install) by extension 'ignore'
[0.342s] Level 1:colcon.colcon_core.package_identification:_identify(install) ignored
[0.342s] Level 1:colcon.colcon_core.package_identification:_identify(launch) by extensions ['ignore', 'ignore_ament_install']
[0.342s] Level 1:colcon.colcon_core.package_identification:_identify(launch) by extension 'ignore'
[0.342s] Level 1:colcon.colcon_core.package_identification:_identify(launch) by extension 'ignore_ament_install'
[0.342s] Level 1:colcon.colcon_core.package_identification:_identify(launch) by extensions ['colcon_pkg']
[0.342s] Level 1:colcon.colcon_core.package_identification:_identify(launch) by extension 'colcon_pkg'
[0.342s] Level 1:colcon.colcon_core.package_identification:_identify(launch) by extensions ['colcon_meta']
[0.342s] Level 1:colcon.colcon_core.package_identification:_identify(launch) by extension 'colcon_meta'
[0.342s] Level 1:colcon.colcon_core.package_identification:_identify(launch) by extensions ['ros']
[0.342s] Level 1:colcon.colcon_core.package_identification:_identify(launch) by extension 'ros'
[0.342s] Level 1:colcon.colcon_core.package_identification:_identify(launch) by extensions ['cmake', 'python']
[0.342s] Level 1:colcon.colcon_core.package_identification:_identify(launch) by extension 'cmake'
[0.342s] Level 1:colcon.colcon_core.package_identification:_identify(launch) by extension 'python'
[0.342s] Level 1:colcon.colcon_core.package_identification:_identify(launch) by extensions ['python_setup_py']
[0.342s] Level 1:colcon.colcon_core.package_identification:_identify(launch) by extension 'python_setup_py'
[0.342s] Level 1:colcon.colcon_core.package_identification:_identify(launch/__pycache__) by extensions ['ignore', 'ignore_ament_install']
[0.343s] Level 1:colcon.colcon_core.package_identification:_identify(launch/__pycache__) by extension 'ignore'
[0.343s] Level 1:colcon.colcon_core.package_identification:_identify(launch/__pycache__) by extension 'ignore_ament_install'
[0.343s] Level 1:colcon.colcon_core.package_identification:_identify(launch/__pycache__) by extensions ['colcon_pkg']
[0.343s] Level 1:colcon.colcon_core.package_identification:_identify(launch/__pycache__) by extension 'colcon_pkg'
[0.343s] Level 1:colcon.colcon_core.package_identification:_identify(launch/__pycache__) by extensions ['colcon_meta']
[0.343s] Level 1:colcon.colcon_core.package_identification:_identify(launch/__pycache__) by extension 'colcon_meta'
[0.343s] Level 1:colcon.colcon_core.package_identification:_identify(launch/__pycache__) by extensions ['ros']
[0.343s] Level 1:colcon.colcon_core.package_identification:_identify(launch/__pycache__) by extension 'ros'
[0.343s] Level 1:colcon.colcon_core.package_identification:_identify(launch/__pycache__) by extensions ['cmake', 'python']
[0.343s] Level 1:colcon.colcon_core.package_identification:_identify(launch/__pycache__) by extension 'cmake'
[0.343s] Level 1:colcon.colcon_core.package_identification:_identify(launch/__pycache__) by extension 'python'
[0.343s] Level 1:colcon.colcon_core.package_identification:_identify(launch/__pycache__) by extensions ['python_setup_py']
[0.343s] Level 1:colcon.colcon_core.package_identification:_identify(launch/__pycache__) by extension 'python_setup_py'
[0.343s] Level 1:colcon.colcon_core.package_identification:_identify(log) by extensions ['ignore', 'ignore_ament_install']
[0.343s] Level 1:colcon.colcon_core.package_identification:_identify(log) by extension 'ignore'
[0.343s] Level 1:colcon.colcon_core.package_identification:_identify(log) ignored
[0.344s] Level 1:colcon.colcon_core.package_identification:_identify(src) by extensions ['ignore', 'ignore_ament_install']
[0.344s] Level 1:colcon.colcon_core.package_identification:_identify(src) by extension 'ignore'
[0.344s] Level 1:colcon.colcon_core.package_identification:_identify(src) by extension 'ignore_ament_install'
[0.344s] Level 1:colcon.colcon_core.package_identification:_identify(src) by extensions ['colcon_pkg']
[0.344s] Level 1:colcon.colcon_core.package_identification:_identify(src) by extension 'colcon_pkg'
[0.344s] Level 1:colcon.colcon_core.package_identification:_identify(src) by extensions ['colcon_meta']
[0.344s] Level 1:colcon.colcon_core.package_identification:_identify(src) by extension 'colcon_meta'
[0.344s] Level 1:colcon.colcon_core.package_identification:_identify(src) by extensions ['ros']
[0.344s] Level 1:colcon.colcon_core.package_identification:_identify(src) by extension 'ros'
[0.344s] Level 1:colcon.colcon_core.package_identification:_identify(src) by extensions ['cmake', 'python']
[0.344s] Level 1:colcon.colcon_core.package_identification:_identify(src) by extension 'cmake'
[0.344s] Level 1:colcon.colcon_core.package_identification:_identify(src) by extension 'python'
[0.344s] Level 1:colcon.colcon_core.package_identification:_identify(src) by extensions ['python_setup_py']
[0.344s] Level 1:colcon.colcon_core.package_identification:_identify(src) by extension 'python_setup_py'
[0.344s] Level 1:colcon.colcon_core.package_identification:_identify(src/driver) by extensions ['ignore', 'ignore_ament_install']
[0.344s] Level 1:colcon.colcon_core.package_identification:_identify(src/driver) by extension 'ignore'
[0.344s] Level 1:colcon.colcon_core.package_identification:_identify(src/driver) by extension 'ignore_ament_install'
[0.345s] Level 1:colcon.colcon_core.package_identification:_identify(src/driver) by extensions ['colcon_pkg']
[0.345s] Level 1:colcon.colcon_core.package_identification:_identify(src/driver) by extension 'colcon_pkg'
[0.345s] Level 1:colcon.colcon_core.package_identification:_identify(src/driver) by extensions ['colcon_meta']
[0.345s] Level 1:colcon.colcon_core.package_identification:_identify(src/driver) by extension 'colcon_meta'
[0.345s] Level 1:colcon.colcon_core.package_identification:_identify(src/driver) by extensions ['ros']
[0.345s] Level 1:colcon.colcon_core.package_identification:_identify(src/driver) by extension 'ros'
[0.345s] DEBUG:colcon.colcon_core.package_identification:Package 'src/driver' with type 'ros.ament_cmake' and name 'driver'
[0.346s] Level 1:colcon.colcon_core.package_identification:_identify(src/operator) by extensions ['ignore', 'ignore_ament_install']
[0.346s] Level 1:colcon.colcon_core.package_identification:_identify(src/operator) by extension 'ignore'
[0.346s] Level 1:colcon.colcon_core.package_identification:_identify(src/operator) by extension 'ignore_ament_install'
[0.346s] Level 1:colcon.colcon_core.package_identification:_identify(src/operator) by extensions ['colcon_pkg']
[0.346s] Level 1:colcon.colcon_core.package_identification:_identify(src/operator) by extension 'colcon_pkg'
[0.346s] Level 1:colcon.colcon_core.package_identification:_identify(src/operator) by extensions ['colcon_meta']
[0.346s] Level 1:colcon.colcon_core.package_identification:_identify(src/operator) by extension 'colcon_meta'
[0.346s] Level 1:colcon.colcon_core.package_identification:_identify(src/operator) by extensions ['ros']
[0.346s] Level 1:colcon.colcon_core.package_identification:_identify(src/operator) by extension 'ros'
[0.347s] DEBUG:colcon.colcon_core.package_identification:Package 'src/operator' with type 'ros.ament_cmake' and name 'operator'
[0.347s] Level 1:colcon.colcon_core.package_discovery:discover_packages(recursive) using defaults
[0.347s] Level 1:colcon.colcon_core.package_discovery:discover_packages(ignore) discover
[0.347s] Level 1:colcon.colcon_core.package_discovery:discover_packages(ignore) using defaults
[0.347s] Level 1:colcon.colcon_core.package_discovery:discover_packages(path) discover
[0.347s] Level 1:colcon.colcon_core.package_discovery:discover_packages(path) using defaults
[0.370s] Level 5:colcon.colcon_core.verb:set package 'custom_interfaces' build argument 'cmake_args' from command line to 'None'
[0.370s] Level 5:colcon.colcon_core.verb:set package 'custom_interfaces' build argument 'cmake_target' from command line to 'None'
[0.370s] Level 5:colcon.colcon_core.verb:set package 'custom_interfaces' build argument 'cmake_target_skip_unavailable' from command line to 'False'
[0.370s] Level 5:colcon.colcon_core.verb:set package 'custom_interfaces' build argument 'cmake_clean_cache' from command line to 'False'
[0.370s] Level 5:colcon.colcon_core.verb:set package 'custom_interfaces' build argument 'cmake_clean_first' from command line to 'False'
[0.370s] Level 5:colcon.colcon_core.verb:set package 'custom_interfaces' build argument 'cmake_force_configure' from command line to 'False'
[0.370s] Level 5:colcon.colcon_core.verb:set package 'custom_interfaces' build argument 'ament_cmake_args' from command line to 'None'
[0.370s] Level 5:colcon.colcon_core.verb:set package 'custom_interfaces' build argument 'catkin_cmake_args' from command line to 'None'
[0.370s] Level 5:colcon.colcon_core.verb:set package 'custom_interfaces' build argument 'catkin_skip_building_tests' from command line to 'False'
[0.371s] DEBUG:colcon.colcon_core.verb:Building package 'custom_interfaces' with the following arguments: {'ament_cmake_args': None, 'build_base': '/root/working/rodep_ros2/yano_ws/build/custom_interfaces', 'catkin_cmake_args': None, 'catkin_skip_building_tests': False, 'cmake_args': None, 'cmake_clean_cache': False, 'cmake_clean_first': False, 'cmake_force_configure': False, 'cmake_target': None, 'cmake_target_skip_unavailable': False, 'install_base': '/root/working/rodep_ros2/yano_ws/install/custom_interfaces', 'merge_install': False, 'path': '/root/working/rodep_ros2/yano_ws/custom_interfaces', 'symlink_install': False, 'test_result_base': None}
[0.371s] Level 5:colcon.colcon_core.verb:set package 'driver' build argument 'cmake_args' from command line to 'None'
[0.371s] Level 5:colcon.colcon_core.verb:set package 'driver' build argument 'cmake_target' from command line to 'None'
[0.371s] Level 5:colcon.colcon_core.verb:set package 'driver' build argument 'cmake_target_skip_unavailable' from command line to 'False'
[0.371s] Level 5:colcon.colcon_core.verb:set package 'driver' build argument 'cmake_clean_cache' from command line to 'False'
[0.371s] Level 5:colcon.colcon_core.verb:set package 'driver' build argument 'cmake_clean_first' from command line to 'False'
[0.371s] Level 5:colcon.colcon_core.verb:set package 'driver' build argument 'cmake_force_configure' from command line to 'False'
[0.371s] Level 5:colcon.colcon_core.verb:set package 'driver' build argument 'ament_cmake_args' from command line to 'None'
[0.371s] Level 5:colcon.colcon_core.verb:set package 'driver' build argument 'catkin_cmake_args' from command line to 'None'
[0.371s] Level 5:colcon.colcon_core.verb:set package 'driver' build argument 'catkin_skip_building_tests' from command line to 'False'
[0.371s] DEBUG:colcon.colcon_core.verb:Building package 'driver' with the following arguments: {'ament_cmake_args': None, 'build_base': '/root/working/rodep_ros2/yano_ws/build/driver', 'catkin_cmake_args': None, 'catkin_skip_building_tests': False, 'cmake_args': None, 'cmake_clean_cache': False, 'cmake_clean_first': False, 'cmake_force_configure': False, 'cmake_target': None, 'cmake_target_skip_unavailable': False, 'install_base': '/root/working/rodep_ros2/yano_ws/install/driver', 'merge_install': False, 'path': '/root/working/rodep_ros2/yano_ws/src/driver', 'symlink_install': False, 'test_result_base': None}
[0.372s] Level 5:colcon.colcon_core.verb:set package 'operator' build argument 'cmake_args' from command line to 'None'
[0.372s] Level 5:colcon.colcon_core.verb:set package 'operator' build argument 'cmake_target' from command line to 'None'
[0.372s] Level 5:colcon.colcon_core.verb:set package 'operator' build argument 'cmake_target_skip_unavailable' from command line to 'False'
[0.372s] Level 5:colcon.colcon_core.verb:set package 'operator' build argument 'cmake_clean_cache' from command line to 'False'
[0.372s] Level 5:colcon.colcon_core.verb:set package 'operator' build argument 'cmake_clean_first' from command line to 'False'
[0.372s] Level 5:colcon.colcon_core.verb:set package 'operator' build argument 'cmake_force_configure' from command line to 'False'
[0.372s] Level 5:colcon.colcon_core.verb:set package 'operator' build argument 'ament_cmake_args' from command line to 'None'
[0.372s] Level 5:colcon.colcon_core.verb:set package 'operator' build argument 'catkin_cmake_args' from command line to 'None'
[0.372s] Level 5:colcon.colcon_core.verb:set package 'operator' build argument 'catkin_skip_building_tests' from command line to 'False'
[0.372s] DEBUG:colcon.colcon_core.verb:Building package 'operator' with the following arguments: {'ament_cmake_args': None, 'build_base': '/root/working/rodep_ros2/yano_ws/build/operator', 'catkin_cmake_args': None, 'catkin_skip_building_tests': False, 'cmake_args': None, 'cmake_clean_cache': False, 'cmake_clean_first': False, 'cmake_force_configure': False, 'cmake_target': None, 'cmake_target_skip_unavailable': False, 'install_base': '/root/working/rodep_ros2/yano_ws/install/operator', 'merge_install': False, 'path': '/root/working/rodep_ros2/yano_ws/src/operator', 'symlink_install': False, 'test_result_base': None}
[0.372s] INFO:colcon.colcon_core.executor:Executing jobs using 'parallel' executor
[0.373s] DEBUG:colcon.colcon_parallel_executor.executor.parallel:run_until_complete
[0.374s] INFO:colcon.colcon_ros.task.ament_cmake.build:Building ROS package in '/root/working/rodep_ros2/yano_ws/custom_interfaces' with build type 'ament_cmake'
[0.374s] INFO:colcon.colcon_cmake.task.cmake.build:Building CMake package in '/root/working/rodep_ros2/yano_ws/custom_interfaces'
[0.379s] INFO:colcon.colcon_core.plugin_system:Skipping extension 'colcon_core.shell.bat': Not used on non-Windows systems
[0.380s] INFO:colcon.colcon_core.shell:Skip shell extension 'powershell' for command environment: Not usable outside of PowerShell
[0.380s] DEBUG:colcon.colcon_core.shell:Skip shell extension 'dsv' for command environment
[0.391s] INFO:colcon.colcon_ros.task.ament_cmake.build:Building ROS package in '/root/working/rodep_ros2/yano_ws/src/driver' with build type 'ament_cmake'
[0.391s] INFO:colcon.colcon_cmake.task.cmake.build:Building CMake package in '/root/working/rodep_ros2/yano_ws/src/driver'
[0.391s] INFO:colcon.colcon_core.shell:Skip shell extension 'powershell' for command environment: Not usable outside of PowerShell
[0.391s] DEBUG:colcon.colcon_core.shell:Skip shell extension 'dsv' for command environment
[0.397s] INFO:colcon.colcon_ros.task.ament_cmake.build:Building ROS package in '/root/working/rodep_ros2/yano_ws/src/operator' with build type 'ament_cmake'
[0.397s] INFO:colcon.colcon_cmake.task.cmake.build:Building CMake package in '/root/working/rodep_ros2/yano_ws/src/operator'
[0.397s] INFO:colcon.colcon_core.shell:Skip shell extension 'powershell' for command environment: Not usable outside of PowerShell
[0.397s] DEBUG:colcon.colcon_core.shell:Skip shell extension 'dsv' for command environment
[0.410s] DEBUG:colcon.colcon_core.event_handler.log_command:Invoking command in '/root/working/rodep_ros2/yano_ws/build/custom_interfaces': CMAKE_PREFIX_PATH=${CMAKE_PREFIX_PATH}:/opt/ros/humble /usr/bin/cmake /root/working/rodep_ros2/yano_ws/custom_interfaces -DCMAKE_INSTALL_PREFIX=/root/working/rodep_ros2/yano_ws/install/custom_interfaces
[0.422s] DEBUG:colcon.colcon_core.event_handler.log_command:Invoking command in '/root/working/rodep_ros2/yano_ws/build/driver': CMAKE_PREFIX_PATH=${CMAKE_PREFIX_PATH}:/opt/ros/humble /usr/bin/cmake --build /root/working/rodep_ros2/yano_ws/build/driver -- -j4 -l4
[0.429s] DEBUG:colcon.colcon_core.event_handler.log_command:Invoking command in '/root/working/rodep_ros2/yano_ws/build/operator': CMAKE_PREFIX_PATH=${CMAKE_PREFIX_PATH}:/opt/ros/humble /usr/bin/cmake --build /root/working/rodep_ros2/yano_ws/build/operator -- -j4 -l4
[0.536s] DEBUG:colcon.colcon_core.event_handler.log_command:Invoked command in '/root/working/rodep_ros2/yano_ws/build/driver' returned '0': CMAKE_PREFIX_PATH=${CMAKE_PREFIX_PATH}:/opt/ros/humble /usr/bin/cmake --build /root/working/rodep_ros2/yano_ws/build/driver -- -j4 -l4
[0.554s] DEBUG:colcon.colcon_core.event_handler.log_command:Invoking command in '/root/working/rodep_ros2/yano_ws/build/driver': CMAKE_PREFIX_PATH=${CMAKE_PREFIX_PATH}:/opt/ros/humble /usr/bin/cmake --install /root/working/rodep_ros2/yano_ws/build/driver
[0.573s] Level 1:colcon.colcon_core.environment:create_environment_scripts_only(driver)
[0.574s] DEBUG:colcon.colcon_core.event_handler.log_command:Invoked command in '/root/working/rodep_ros2/yano_ws/build/driver' returned '0': CMAKE_PREFIX_PATH=${CMAKE_PREFIX_PATH}:/opt/ros/humble /usr/bin/cmake --install /root/working/rodep_ros2/yano_ws/build/driver
[0.580s] Level 1:colcon.colcon_core.environment:checking '/root/working/rodep_ros2/yano_ws/install/driver' for CMake module files
[0.581s] Level 1:colcon.colcon_core.environment:checking '/root/working/rodep_ros2/yano_ws/install/driver' for CMake config files
[0.582s] Level 1:colcon.colcon_core.shell:create_environment_hook('driver', 'cmake_prefix_path')
[0.583s] INFO:colcon.colcon_core.shell:Creating environment hook '/root/working/rodep_ros2/yano_ws/install/driver/share/driver/hook/cmake_prefix_path.ps1'
[0.586s] INFO:colcon.colcon_core.shell:Creating environment descriptor '/root/working/rodep_ros2/yano_ws/install/driver/share/driver/hook/cmake_prefix_path.dsv'
[0.588s] INFO:colcon.colcon_core.shell:Creating environment hook '/root/working/rodep_ros2/yano_ws/install/driver/share/driver/hook/cmake_prefix_path.sh'
[0.590s] Level 1:colcon.colcon_core.environment:checking '/root/working/rodep_ros2/yano_ws/install/driver/lib'
[0.591s] Level 1:colcon.colcon_core.environment:checking '/root/working/rodep_ros2/yano_ws/install/driver/bin'
[0.591s] Level 1:colcon.colcon_core.environment:checking '/root/working/rodep_ros2/yano_ws/install/driver/lib/pkgconfig/driver.pc'
[0.594s] Level 1:colcon.colcon_core.environment:checking '/root/working/rodep_ros2/yano_ws/install/driver/lib/python3.10/site-packages'
[0.594s] Level 1:colcon.colcon_core.environment:checking '/root/working/rodep_ros2/yano_ws/install/driver/bin'
[0.595s] INFO:colcon.colcon_core.shell:Creating package script '/root/working/rodep_ros2/yano_ws/install/driver/share/driver/package.ps1'
[0.596s] INFO:colcon.colcon_core.shell:Creating package descriptor '/root/working/rodep_ros2/yano_ws/install/driver/share/driver/package.dsv'
[0.597s] INFO:colcon.colcon_core.shell:Creating package script '/root/working/rodep_ros2/yano_ws/install/driver/share/driver/package.sh'
[0.598s] INFO:colcon.colcon_core.shell:Creating package script '/root/working/rodep_ros2/yano_ws/install/driver/share/driver/package.bash'
[0.599s] INFO:colcon.colcon_core.shell:Creating package script '/root/working/rodep_ros2/yano_ws/install/driver/share/driver/package.zsh'
[0.600s] Level 1:colcon.colcon_core.environment:create_file_with_runtime_dependencies(/root/working/rodep_ros2/yano_ws/install/driver/share/colcon-core/packages/driver)
[0.600s] Level 1:colcon.colcon_core.environment:create_environment_scripts_only(driver)
[0.601s] Level 1:colcon.colcon_core.environment:checking '/root/working/rodep_ros2/yano_ws/install/driver' for CMake module files
[0.601s] Level 1:colcon.colcon_core.environment:checking '/root/working/rodep_ros2/yano_ws/install/driver' for CMake config files
[0.601s] Level 1:colcon.colcon_core.shell:create_environment_hook('driver', 'cmake_prefix_path')
[0.602s] INFO:colcon.colcon_core.shell:Creating environment hook '/root/working/rodep_ros2/yano_ws/install/driver/share/driver/hook/cmake_prefix_path.ps1'
[0.602s] INFO:colcon.colcon_core.shell:Creating environment descriptor '/root/working/rodep_ros2/yano_ws/install/driver/share/driver/hook/cmake_prefix_path.dsv'
[0.603s] INFO:colcon.colcon_core.shell:Creating environment hook '/root/working/rodep_ros2/yano_ws/install/driver/share/driver/hook/cmake_prefix_path.sh'
[0.603s] Level 1:colcon.colcon_core.environment:checking '/root/working/rodep_ros2/yano_ws/install/driver/lib'
[0.604s] Level 1:colcon.colcon_core.environment:checking '/root/working/rodep_ros2/yano_ws/install/driver/bin'
[0.604s] Level 1:colcon.colcon_core.environment:checking '/root/working/rodep_ros2/yano_ws/install/driver/lib/pkgconfig/driver.pc'
[0.604s] Level 1:colcon.colcon_core.environment:checking '/root/working/rodep_ros2/yano_ws/install/driver/lib/python3.10/site-packages'
[0.604s] Level 1:colcon.colcon_core.environment:checking '/root/working/rodep_ros2/yano_ws/install/driver/bin'
[0.605s] INFO:colcon.colcon_core.shell:Creating package script '/root/working/rodep_ros2/yano_ws/install/driver/share/driver/package.ps1'
[0.605s] INFO:colcon.colcon_core.shell:Creating package descriptor '/root/working/rodep_ros2/yano_ws/install/driver/share/driver/package.dsv'
[0.606s] INFO:colcon.colcon_core.shell:Creating package script '/root/working/rodep_ros2/yano_ws/install/driver/share/driver/package.sh'
[0.607s] INFO:colcon.colcon_core.shell:Creating package script '/root/working/rodep_ros2/yano_ws/install/driver/share/driver/package.bash'
[0.608s] INFO:colcon.colcon_core.shell:Creating package script '/root/working/rodep_ros2/yano_ws/install/driver/share/driver/package.zsh'
[0.609s] Level 1:colcon.colcon_core.environment:create_file_with_runtime_dependencies(/root/working/rodep_ros2/yano_ws/install/driver/share/colcon-core/packages/driver)
[1.303s] DEBUG:colcon.colcon_core.event_handler.log_command:Invoked command in '/root/working/rodep_ros2/yano_ws/build/operator' returned '0': CMAKE_PREFIX_PATH=${CMAKE_PREFIX_PATH}:/opt/ros/humble /usr/bin/cmake --build /root/working/rodep_ros2/yano_ws/build/operator -- -j4 -l4
[1.307s] DEBUG:colcon.colcon_core.event_handler.log_command:Invoking command in '/root/working/rodep_ros2/yano_ws/build/operator': CMAKE_PREFIX_PATH=${CMAKE_PREFIX_PATH}:/opt/ros/humble /usr/bin/cmake --install /root/working/rodep_ros2/yano_ws/build/operator
[1.322s] Level 1:colcon.colcon_core.environment:create_environment_scripts_only(operator)
[1.323s] Level 1:colcon.colcon_core.environment:checking '/root/working/rodep_ros2/yano_ws/install/operator' for CMake module files
[1.323s] DEBUG:colcon.colcon_core.event_handler.log_command:Invoked command in '/root/working/rodep_ros2/yano_ws/build/operator' returned '0': CMAKE_PREFIX_PATH=${CMAKE_PREFIX_PATH}:/opt/ros/humble /usr/bin/cmake --install /root/working/rodep_ros2/yano_ws/build/operator
[1.324s] Level 1:colcon.colcon_core.environment:checking '/root/working/rodep_ros2/yano_ws/install/operator' for CMake config files
[1.324s] Level 1:colcon.colcon_core.shell:create_environment_hook('operator', 'cmake_prefix_path')
[1.324s] INFO:colcon.colcon_core.shell:Creating environment hook '/root/working/rodep_ros2/yano_ws/install/operator/share/operator/hook/cmake_prefix_path.ps1'
[1.325s] INFO:colcon.colcon_core.shell:Creating environment descriptor '/root/working/rodep_ros2/yano_ws/install/operator/share/operator/hook/cmake_prefix_path.dsv'
[1.325s] INFO:colcon.colcon_core.shell:Creating environment hook '/root/working/rodep_ros2/yano_ws/install/operator/share/operator/hook/cmake_prefix_path.sh'
[1.326s] Level 1:colcon.colcon_core.environment:checking '/root/working/rodep_ros2/yano_ws/install/operator/lib'
[1.326s] Level 1:colcon.colcon_core.environment:checking '/root/working/rodep_ros2/yano_ws/install/operator/bin'
[1.326s] Level 1:colcon.colcon_core.environment:checking '/root/working/rodep_ros2/yano_ws/install/operator/lib/pkgconfig/operator.pc'
[1.326s] Level 1:colcon.colcon_core.environment:checking '/root/working/rodep_ros2/yano_ws/install/operator/lib/python3.10/site-packages'
[1.327s] Level 1:colcon.colcon_core.environment:checking '/root/working/rodep_ros2/yano_ws/install/operator/bin'
[1.327s] INFO:colcon.colcon_core.shell:Creating package script '/root/working/rodep_ros2/yano_ws/install/operator/share/operator/package.ps1'
[1.327s] INFO:colcon.colcon_core.shell:Creating package descriptor '/root/working/rodep_ros2/yano_ws/install/operator/share/operator/package.dsv'
[1.328s] INFO:colcon.colcon_core.shell:Creating package script '/root/working/rodep_ros2/yano_ws/install/operator/share/operator/package.sh'
[1.328s] INFO:colcon.colcon_core.shell:Creating package script '/root/working/rodep_ros2/yano_ws/install/operator/share/operator/package.bash'
[1.329s] INFO:colcon.colcon_core.shell:Creating package script '/root/working/rodep_ros2/yano_ws/install/operator/share/operator/package.zsh'
[1.329s] Level 1:colcon.colcon_core.environment:create_file_with_runtime_dependencies(/root/working/rodep_ros2/yano_ws/install/operator/share/colcon-core/packages/operator)
[1.330s] Level 1:colcon.colcon_core.environment:create_environment_scripts_only(operator)
[1.330s] Level 1:colcon.colcon_core.environment:checking '/root/working/rodep_ros2/yano_ws/install/operator' for CMake module files
[1.331s] Level 1:colcon.colcon_core.environment:checking '/root/working/rodep_ros2/yano_ws/install/operator' for CMake config files
[1.331s] Level 1:colcon.colcon_core.shell:create_environment_hook('operator', 'cmake_prefix_path')
[1.331s] INFO:colcon.colcon_core.shell:Creating environment hook '/root/working/rodep_ros2/yano_ws/install/operator/share/operator/hook/cmake_prefix_path.ps1'
[1.332s] INFO:colcon.colcon_core.shell:Creating environment descriptor '/root/working/rodep_ros2/yano_ws/install/operator/share/operator/hook/cmake_prefix_path.dsv'
[1.332s] INFO:colcon.colcon_core.shell:Creating environment hook '/root/working/rodep_ros2/yano_ws/install/operator/share/operator/hook/cmake_prefix_path.sh'
[1.333s] Level 1:colcon.colcon_core.environment:checking '/root/working/rodep_ros2/yano_ws/install/operator/lib'
[1.333s] Level 1:colcon.colcon_core.environment:checking '/root/working/rodep_ros2/yano_ws/install/operator/bin'
[1.333s] Level 1:colcon.colcon_core.environment:checking '/root/working/rodep_ros2/yano_ws/install/operator/lib/pkgconfig/operator.pc'
[1.333s] Level 1:colcon.colcon_core.environment:checking '/root/working/rodep_ros2/yano_ws/install/operator/lib/python3.10/site-packages'
[1.334s] Level 1:colcon.colcon_core.environment:checking '/root/working/rodep_ros2/yano_ws/install/operator/bin'
[1.334s] INFO:colcon.colcon_core.shell:Creating package script '/root/working/rodep_ros2/yano_ws/install/operator/share/operator/package.ps1'
[1.335s] INFO:colcon.colcon_core.shell:Creating package descriptor '/root/working/rodep_ros2/yano_ws/install/operator/share/operator/package.dsv'
[1.335s] INFO:colcon.colcon_core.shell:Creating package script '/root/working/rodep_ros2/yano_ws/install/operator/share/operator/package.sh'
[1.336s] INFO:colcon.colcon_core.shell:Creating package script '/root/working/rodep_ros2/yano_ws/install/operator/share/operator/package.bash'
[1.336s] INFO:colcon.colcon_core.shell:Creating package script '/root/working/rodep_ros2/yano_ws/install/operator/share/operator/package.zsh'
[1.337s] Level 1:colcon.colcon_core.environment:create_file_with_runtime_dependencies(/root/working/rodep_ros2/yano_ws/install/operator/share/colcon-core/packages/operator)
[2.511s] DEBUG:colcon.colcon_core.event_handler.log_command:Invoked command in '/root/working/rodep_ros2/yano_ws/build/custom_interfaces' returned '0': CMAKE_PREFIX_PATH=${CMAKE_PREFIX_PATH}:/opt/ros/humble /usr/bin/cmake /root/working/rodep_ros2/yano_ws/custom_interfaces -DCMAKE_INSTALL_PREFIX=/root/working/rodep_ros2/yano_ws/install/custom_interfaces
[2.512s] DEBUG:colcon.colcon_core.event_handler.log_command:Invoking command in '/root/working/rodep_ros2/yano_ws/build/custom_interfaces': CMAKE_PREFIX_PATH=${CMAKE_PREFIX_PATH}:/opt/ros/humble /usr/bin/cmake --build /root/working/rodep_ros2/yano_ws/build/custom_interfaces -- -j4 -l4
[5.914s] DEBUG:colcon.colcon_core.event_handler.log_command:Invoked command in '/root/working/rodep_ros2/yano_ws/build/custom_interfaces' returned '0': CMAKE_PREFIX_PATH=${CMAKE_PREFIX_PATH}:/opt/ros/humble /usr/bin/cmake --build /root/working/rodep_ros2/yano_ws/build/custom_interfaces -- -j4 -l4
[5.915s] DEBUG:colcon.colcon_core.event_handler.log_command:Invoking command in '/root/working/rodep_ros2/yano_ws/build/custom_interfaces': CMAKE_PREFIX_PATH=${CMAKE_PREFIX_PATH}:/opt/ros/humble /usr/bin/cmake --install /root/working/rodep_ros2/yano_ws/build/custom_interfaces
[6.017s] Level 1:colcon.colcon_core.environment:create_environment_scripts_only(custom_interfaces)
[6.018s] Level 1:colcon.colcon_core.environment:checking '/root/working/rodep_ros2/yano_ws/install/custom_interfaces' for CMake module files
[6.018s] DEBUG:colcon.colcon_core.event_handler.log_command:Invoked command in '/root/working/rodep_ros2/yano_ws/build/custom_interfaces' returned '0': CMAKE_PREFIX_PATH=${CMAKE_PREFIX_PATH}:/opt/ros/humble /usr/bin/cmake --install /root/working/rodep_ros2/yano_ws/build/custom_interfaces
[6.019s] Level 1:colcon.colcon_core.environment:checking '/root/working/rodep_ros2/yano_ws/install/custom_interfaces' for CMake config files
[6.020s] Level 1:colcon.colcon_core.shell:create_environment_hook('custom_interfaces', 'cmake_prefix_path')
[6.020s] INFO:colcon.colcon_core.shell:Creating environment hook '/root/working/rodep_ros2/yano_ws/install/custom_interfaces/share/custom_interfaces/hook/cmake_prefix_path.ps1'
[6.020s] INFO:colcon.colcon_core.shell:Creating environment descriptor '/root/working/rodep_ros2/yano_ws/install/custom_interfaces/share/custom_interfaces/hook/cmake_prefix_path.dsv'
[6.021s] INFO:colcon.colcon_core.shell:Creating environment hook '/root/working/rodep_ros2/yano_ws/install/custom_interfaces/share/custom_interfaces/hook/cmake_prefix_path.sh'
[6.021s] Level 1:colcon.colcon_core.environment:checking '/root/working/rodep_ros2/yano_ws/install/custom_interfaces/lib'
[6.022s] Level 1:colcon.colcon_core.shell:create_environment_hook('custom_interfaces', 'ld_library_path_lib')
[6.022s] INFO:colcon.colcon_core.shell:Creating environment hook '/root/working/rodep_ros2/yano_ws/install/custom_interfaces/share/custom_interfaces/hook/ld_library_path_lib.ps1'
[6.022s] INFO:colcon.colcon_core.shell:Creating environment descriptor '/root/working/rodep_ros2/yano_ws/install/custom_interfaces/share/custom_interfaces/hook/ld_library_path_lib.dsv'
[6.023s] INFO:colcon.colcon_core.shell:Creating environment hook '/root/working/rodep_ros2/yano_ws/install/custom_interfaces/share/custom_interfaces/hook/ld_library_path_lib.sh'
[6.023s] Level 1:colcon.colcon_core.environment:checking '/root/working/rodep_ros2/yano_ws/install/custom_interfaces/bin'
[6.023s] Level 1:colcon.colcon_core.environment:checking '/root/working/rodep_ros2/yano_ws/install/custom_interfaces/lib/pkgconfig/custom_interfaces.pc'
[6.023s] Level 1:colcon.colcon_core.environment:checking '/root/working/rodep_ros2/yano_ws/install/custom_interfaces/lib/python3.10/site-packages'
[6.024s] Level 1:colcon.colcon_core.environment:checking '/root/working/rodep_ros2/yano_ws/install/custom_interfaces/bin'
[6.024s] INFO:colcon.colcon_core.shell:Creating package script '/root/working/rodep_ros2/yano_ws/install/custom_interfaces/share/custom_interfaces/package.ps1'
[6.025s] INFO:colcon.colcon_core.shell:Creating package descriptor '/root/working/rodep_ros2/yano_ws/install/custom_interfaces/share/custom_interfaces/package.dsv'
[6.025s] INFO:colcon.colcon_core.shell:Creating package script '/root/working/rodep_ros2/yano_ws/install/custom_interfaces/share/custom_interfaces/package.sh'
[6.026s] INFO:colcon.colcon_core.shell:Creating package script '/root/working/rodep_ros2/yano_ws/install/custom_interfaces/share/custom_interfaces/package.bash'
[6.026s] INFO:colcon.colcon_core.shell:Creating package script '/root/working/rodep_ros2/yano_ws/install/custom_interfaces/share/custom_interfaces/package.zsh'
[6.026s] Level 1:colcon.colcon_core.environment:create_file_with_runtime_dependencies(/root/working/rodep_ros2/yano_ws/install/custom_interfaces/share/colcon-core/packages/custom_interfaces)
[6.027s] Level 1:colcon.colcon_core.environment:create_environment_scripts_only(custom_interfaces)
[6.027s] Level 1:colcon.colcon_core.environment:checking '/root/working/rodep_ros2/yano_ws/install/custom_interfaces' for CMake module files
[6.028s] Level 1:colcon.colcon_core.environment:checking '/root/working/rodep_ros2/yano_ws/install/custom_interfaces' for CMake config files
[6.029s] Level 1:colcon.colcon_core.shell:create_environment_hook('custom_interfaces', 'cmake_prefix_path')
[6.029s] INFO:colcon.colcon_core.shell:Creating environment hook '/root/working/rodep_ros2/yano_ws/install/custom_interfaces/share/custom_interfaces/hook/cmake_prefix_path.ps1'
[6.029s] INFO:colcon.colcon_core.shell:Creating environment descriptor '/root/working/rodep_ros2/yano_ws/install/custom_interfaces/share/custom_interfaces/hook/cmake_prefix_path.dsv'
[6.030s] INFO:colcon.colcon_core.shell:Creating environment hook '/root/working/rodep_ros2/yano_ws/install/custom_interfaces/share/custom_interfaces/hook/cmake_prefix_path.sh'
[6.030s] Level 1:colcon.colcon_core.environment:checking '/root/working/rodep_ros2/yano_ws/install/custom_interfaces/lib'
[6.031s] Level 1:colcon.colcon_core.shell:create_environment_hook('custom_interfaces', 'ld_library_path_lib')
[6.031s] INFO:colcon.colcon_core.shell:Creating environment hook '/root/working/rodep_ros2/yano_ws/install/custom_interfaces/share/custom_interfaces/hook/ld_library_path_lib.ps1'
[6.031s] INFO:colcon.colcon_core.shell:Creating environment descriptor '/root/working/rodep_ros2/yano_ws/install/custom_interfaces/share/custom_interfaces/hook/ld_library_path_lib.dsv'
[6.032s] INFO:colcon.colcon_core.shell:Creating environment hook '/root/working/rodep_ros2/yano_ws/install/custom_interfaces/share/custom_interfaces/hook/ld_library_path_lib.sh'
[6.032s] Level 1:colcon.colcon_core.environment:checking '/root/working/rodep_ros2/yano_ws/install/custom_interfaces/bin'
[6.032s] Level 1:colcon.colcon_core.environment:checking '/root/working/rodep_ros2/yano_ws/install/custom_interfaces/lib/pkgconfig/custom_interfaces.pc'
[6.032s] Level 1:colcon.colcon_core.environment:checking '/root/working/rodep_ros2/yano_ws/install/custom_interfaces/lib/python3.10/site-packages'
[6.033s] Level 1:colcon.colcon_core.environment:checking '/root/working/rodep_ros2/yano_ws/install/custom_interfaces/bin'
[6.033s] INFO:colcon.colcon_core.shell:Creating package script '/root/working/rodep_ros2/yano_ws/install/custom_interfaces/share/custom_interfaces/package.ps1'
[6.034s] INFO:colcon.colcon_core.shell:Creating package descriptor '/root/working/rodep_ros2/yano_ws/install/custom_interfaces/share/custom_interfaces/package.dsv'
[6.034s] INFO:colcon.colcon_core.shell:Creating package script '/root/working/rodep_ros2/yano_ws/install/custom_interfaces/share/custom_interfaces/package.sh'
[6.036s] INFO:colcon.colcon_core.shell:Creating package script '/root/working/rodep_ros2/yano_ws/install/custom_interfaces/share/custom_interfaces/package.bash'
[6.037s] INFO:colcon.colcon_core.shell:Creating package script '/root/working/rodep_ros2/yano_ws/install/custom_interfaces/share/custom_interfaces/package.zsh'
[6.037s] Level 1:colcon.colcon_core.environment:create_file_with_runtime_dependencies(/root/working/rodep_ros2/yano_ws/install/custom_interfaces/share/colcon-core/packages/custom_interfaces)
[6.038s] DEBUG:colcon.colcon_parallel_executor.executor.parallel:closing loop
[6.038s] DEBUG:colcon.colcon_parallel_executor.executor.parallel:loop closed
[6.038s] DEBUG:colcon.colcon_parallel_executor.executor.parallel:run_until_complete finished with '0'
[6.038s] DEBUG:colcon.colcon_core.event_reactor:joining thread
[6.064s] INFO:colcon.colcon_core.plugin_system:Skipping extension 'colcon_notification.desktop_notification.notify_send': Could not find 'notify-send'
[6.064s] INFO:colcon.colcon_core.plugin_system:Skipping extension 'colcon_notification.desktop_notification.terminal_notifier': Not used on non-Darwin systems
[6.064s] INFO:colcon.colcon_core.plugin_system:Skipping extension 'colcon_notification.desktop_notification.win32': Not used on non-Windows systems
[6.064s] INFO:colcon.colcon_notification.desktop_notification:Sending desktop notification using 'notify2'
[6.064s] DEBUG:colcon.colcon_notification.desktop_notification.notify2:Failed to initialize notify2: org.freedesktop.DBus.Error.NotSupported: Unable to autolaunch a dbus-daemon without a $DISPLAY for X11
[6.064s] DEBUG:colcon.colcon_core.event_reactor:joined thread
[6.064s] INFO:colcon.colcon_core.shell:Creating prefix script '/root/working/rodep_ros2/yano_ws/install/local_setup.ps1'
[6.066s] INFO:colcon.colcon_core.shell:Creating prefix util module '/root/working/rodep_ros2/yano_ws/install/_local_setup_util_ps1.py'
[6.067s] INFO:colcon.colcon_core.shell:Creating prefix chain script '/root/working/rodep_ros2/yano_ws/install/setup.ps1'
[6.068s] INFO:colcon.colcon_core.shell:Creating prefix script '/root/working/rodep_ros2/yano_ws/install/local_setup.sh'
[6.069s] INFO:colcon.colcon_core.shell:Creating prefix util module '/root/working/rodep_ros2/yano_ws/install/_local_setup_util_sh.py'
[6.070s] INFO:colcon.colcon_core.shell:Creating prefix chain script '/root/working/rodep_ros2/yano_ws/install/setup.sh'
[6.071s] INFO:colcon.colcon_core.shell:Creating prefix script '/root/working/rodep_ros2/yano_ws/install/local_setup.bash'
[6.071s] INFO:colcon.colcon_core.shell:Creating prefix chain script '/root/working/rodep_ros2/yano_ws/install/setup.bash'
[6.074s] INFO:colcon.colcon_core.shell:Creating prefix script '/root/working/rodep_ros2/yano_ws/install/local_setup.zsh'
[6.075s] INFO:colcon.colcon_core.shell:Creating prefix chain script '/root/working/rodep_ros2/yano_ws/install/setup.zsh'
