[0.165s] DEBUG:colcon:Command line arguments: ['/usr/bin/colcon', 'build']
[0.165s] DEBUG:colcon:Parsed command line arguments: Namespace(log_base=None, log_level=None, verb_name='build', build_base='build', install_base='install', merge_install=False, symlink_install=False, test_result_base=None, continue_on_error=False, executor='parallel', parallel_workers=8, event_handlers=None, ignore_user_meta=False, metas=['./colcon.meta'], base_paths=['.'], packages_ignore=None, packages_ignore_regex=None, paths=None, packages_up_to=None, packages_up_to_regex=None, packages_above=None, packages_above_and_dependencies=None, packages_above_depth=None, packages_select_by_dep=None, packages_skip_by_dep=None, packages_skip_up_to=None, packages_select_build_failed=False, packages_skip_build_finished=False, packages_select_test_failures=False, packages_skip_test_passed=False, packages_select=None, packages_skip=None, packages_select_regex=None, packages_skip_regex=None, packages_start=None, packages_end=None, allow_overriding=[], cmake_args=None, cmake_target=None, cmake_target_skip_unavailable=False, cmake_clean_cache=False, cmake_clean_first=False, cmake_force_configure=False, ament_cmake_args=None, catkin_cmake_args=None, catkin_skip_building_tests=False, mixin_files=None, mixin=None, verb_parser=<colcon_mixin.mixin.mixin_argument.MixinArgumentDecorator object at 0x7df6baf7bda0>, verb_extension=<colcon_core.verb.build.BuildVerb object at 0x7df6baf7b9e0>, main=<bound method BuildVerb.main of <colcon_core.verb.build.BuildVerb object at 0x7df6baf7b9e0>>, mixin_verb=('build',))
[0.212s] Level 1:colcon.colcon_core.package_discovery:discover_packages(colcon_meta) check parameters
[0.212s] Level 1:colcon.colcon_core.package_discovery:discover_packages(recursive) check parameters
[0.212s] Level 1:colcon.colcon_core.package_discovery:discover_packages(ignore) check parameters
[0.212s] Level 1:colcon.colcon_core.package_discovery:discover_packages(path) check parameters
[0.212s] Level 1:colcon.colcon_core.package_discovery:discover_packages(colcon_meta) discover
[0.212s] Level 1:colcon.colcon_core.package_discovery:discover_packages(recursive) discover
[0.212s] INFO:colcon.colcon_core.package_discovery:Crawling recursively for packages in '/home/rodep/rodep/test_ws/yano_ws'
[0.212s] Level 1:colcon.colcon_core.package_identification:_identify(.) by extensions ['ignore', 'ignore_ament_install']
[0.212s] Level 1:colcon.colcon_core.package_identification:_identify(.) by extension 'ignore'
[0.212s] Level 1:colcon.colcon_core.package_identification:_identify(.) by extension 'ignore_ament_install'
[0.212s] Level 1:colcon.colcon_core.package_identification:_identify(.) by extensions ['colcon_pkg']
[0.212s] Level 1:colcon.colcon_core.package_identification:_identify(.) by extension 'colcon_pkg'
[0.212s] Level 1:colcon.colcon_core.package_identification:_identify(.) by extensions ['colcon_meta']
[0.212s] Level 1:colcon.colcon_core.package_identification:_identify(.) by extension 'colcon_meta'
[0.212s] Level 1:colcon.colcon_core.package_identification:_identify(.) by extensions ['ros']
[0.212s] Level 1:colcon.colcon_core.package_identification:_identify(.) by extension 'ros'
[0.237s] Level 1:colcon.colcon_core.package_identification:_identify(.) by extensions ['cmake', 'python']
[0.237s] Level 1:colcon.colcon_core.package_identification:_identify(.) by extension 'cmake'
[0.237s] Level 1:colcon.colcon_core.package_identification:_identify(.) by extension 'python'
[0.237s] Level 1:colcon.colcon_core.package_identification:_identify(.) by extensions ['python_setup_py']
[0.237s] Level 1:colcon.colcon_core.package_identification:_identify(.) by extension 'python_setup_py'
[0.237s] Level 1:colcon.colcon_core.package_identification:_identify(build) by extensions ['ignore', 'ignore_ament_install']
[0.238s] Level 1:colcon.colcon_core.package_identification:_identify(build) by extension 'ignore'
[0.238s] Level 1:colcon.colcon_core.package_identification:_identify(build) ignored
[0.238s] Level 1:colcon.colcon_core.package_identification:_identify(install) by extensions ['ignore', 'ignore_ament_install']
[0.238s] Level 1:colcon.colcon_core.package_identification:_identify(install) by extension 'ignore'
[0.238s] Level 1:colcon.colcon_core.package_identification:_identify(install) ignored
[0.238s] Level 1:colcon.colcon_core.package_identification:_identify(launch) by extensions ['ignore', 'ignore_ament_install']
[0.238s] Level 1:colcon.colcon_core.package_identification:_identify(launch) by extension 'ignore'
[0.238s] Level 1:colcon.colcon_core.package_identification:_identify(launch) by extension 'ignore_ament_install'
[0.238s] Level 1:colcon.colcon_core.package_identification:_identify(launch) by extensions ['colcon_pkg']
[0.238s] Level 1:colcon.colcon_core.package_identification:_identify(launch) by extension 'colcon_pkg'
[0.238s] Level 1:colcon.colcon_core.package_identification:_identify(launch) by extensions ['colcon_meta']
[0.238s] Level 1:colcon.colcon_core.package_identification:_identify(launch) by extension 'colcon_meta'
[0.238s] Level 1:colcon.colcon_core.package_identification:_identify(launch) by extensions ['ros']
[0.238s] Level 1:colcon.colcon_core.package_identification:_identify(launch) by extension 'ros'
[0.238s] Level 1:colcon.colcon_core.package_identification:_identify(launch) by extensions ['cmake', 'python']
[0.238s] Level 1:colcon.colcon_core.package_identification:_identify(launch) by extension 'cmake'
[0.238s] Level 1:colcon.colcon_core.package_identification:_identify(launch) by extension 'python'
[0.238s] Level 1:colcon.colcon_core.package_identification:_identify(launch) by extensions ['python_setup_py']
[0.238s] Level 1:colcon.colcon_core.package_identification:_identify(launch) by extension 'python_setup_py'
[0.238s] Level 1:colcon.colcon_core.package_identification:_identify(launch/__pycache__) by extensions ['ignore', 'ignore_ament_install']
[0.239s] Level 1:colcon.colcon_core.package_identification:_identify(launch/__pycache__) by extension 'ignore'
[0.239s] Level 1:colcon.colcon_core.package_identification:_identify(launch/__pycache__) by extension 'ignore_ament_install'
[0.239s] Level 1:colcon.colcon_core.package_identification:_identify(launch/__pycache__) by extensions ['colcon_pkg']
[0.239s] Level 1:colcon.colcon_core.package_identification:_identify(launch/__pycache__) by extension 'colcon_pkg'
[0.239s] Level 1:colcon.colcon_core.package_identification:_identify(launch/__pycache__) by extensions ['colcon_meta']
[0.239s] Level 1:colcon.colcon_core.package_identification:_identify(launch/__pycache__) by extension 'colcon_meta'
[0.239s] Level 1:colcon.colcon_core.package_identification:_identify(launch/__pycache__) by extensions ['ros']
[0.239s] Level 1:colcon.colcon_core.package_identification:_identify(launch/__pycache__) by extension 'ros'
[0.239s] Level 1:colcon.colcon_core.package_identification:_identify(launch/__pycache__) by extensions ['cmake', 'python']
[0.239s] Level 1:colcon.colcon_core.package_identification:_identify(launch/__pycache__) by extension 'cmake'
[0.239s] Level 1:colcon.colcon_core.package_identification:_identify(launch/__pycache__) by extension 'python'
[0.239s] Level 1:colcon.colcon_core.package_identification:_identify(launch/__pycache__) by extensions ['python_setup_py']
[0.239s] Level 1:colcon.colcon_core.package_identification:_identify(launch/__pycache__) by extension 'python_setup_py'
[0.239s] Level 1:colcon.colcon_core.package_identification:_identify(log) by extensions ['ignore', 'ignore_ament_install']
[0.239s] Level 1:colcon.colcon_core.package_identification:_identify(log) by extension 'ignore'
[0.239s] Level 1:colcon.colcon_core.package_identification:_identify(log) ignored
[0.239s] Level 1:colcon.colcon_core.package_identification:_identify(src) by extensions ['ignore', 'ignore_ament_install']
[0.239s] Level 1:colcon.colcon_core.package_identification:_identify(src) by extension 'ignore'
[0.239s] Level 1:colcon.colcon_core.package_identification:_identify(src) by extension 'ignore_ament_install'
[0.239s] Level 1:colcon.colcon_core.package_identification:_identify(src) by extensions ['colcon_pkg']
[0.239s] Level 1:colcon.colcon_core.package_identification:_identify(src) by extension 'colcon_pkg'
[0.239s] Level 1:colcon.colcon_core.package_identification:_identify(src) by extensions ['colcon_meta']
[0.240s] Level 1:colcon.colcon_core.package_identification:_identify(src) by extension 'colcon_meta'
[0.240s] Level 1:colcon.colcon_core.package_identification:_identify(src) by extensions ['ros']
[0.240s] Level 1:colcon.colcon_core.package_identification:_identify(src) by extension 'ros'
[0.240s] Level 1:colcon.colcon_core.package_identification:_identify(src) by extensions ['cmake', 'python']
[0.240s] Level 1:colcon.colcon_core.package_identification:_identify(src) by extension 'cmake'
[0.240s] Level 1:colcon.colcon_core.package_identification:_identify(src) by extension 'python'
[0.240s] Level 1:colcon.colcon_core.package_identification:_identify(src) by extensions ['python_setup_py']
[0.240s] Level 1:colcon.colcon_core.package_identification:_identify(src) by extension 'python_setup_py'
[0.240s] Level 1:colcon.colcon_core.package_identification:_identify(src/DynamixelSDK) by extensions ['ignore', 'ignore_ament_install']
[0.240s] Level 1:colcon.colcon_core.package_identification:_identify(src/DynamixelSDK) by extension 'ignore'
[0.240s] Level 1:colcon.colcon_core.package_identification:_identify(src/DynamixelSDK) by extension 'ignore_ament_install'
[0.240s] Level 1:colcon.colcon_core.package_identification:_identify(src/DynamixelSDK) by extensions ['colcon_pkg']
[0.240s] Level 1:colcon.colcon_core.package_identification:_identify(src/DynamixelSDK) by extension 'colcon_pkg'
[0.240s] Level 1:colcon.colcon_core.package_identification:_identify(src/DynamixelSDK) by extensions ['colcon_meta']
[0.240s] Level 1:colcon.colcon_core.package_identification:_identify(src/DynamixelSDK) by extension 'colcon_meta'
[0.240s] Level 1:colcon.colcon_core.package_identification:_identify(src/DynamixelSDK) by extensions ['ros']
[0.240s] Level 1:colcon.colcon_core.package_identification:_identify(src/DynamixelSDK) by extension 'ros'
[0.240s] Level 1:colcon.colcon_core.package_identification:_identify(src/DynamixelSDK) by extensions ['cmake', 'python']
[0.240s] Level 1:colcon.colcon_core.package_identification:_identify(src/DynamixelSDK) by extension 'cmake'
[0.240s] Level 1:colcon.colcon_core.package_identification:_identify(src/DynamixelSDK) by extension 'python'
[0.240s] Level 1:colcon.colcon_core.package_identification:_identify(src/DynamixelSDK) by extensions ['python_setup_py']
[0.240s] Level 1:colcon.colcon_core.package_identification:_identify(src/DynamixelSDK) by extension 'python_setup_py'
[0.240s] Level 1:colcon.colcon_core.package_identification:_identify(src/crawler_driver) by extensions ['ignore', 'ignore_ament_install']
[0.241s] Level 1:colcon.colcon_core.package_identification:_identify(src/crawler_driver) by extension 'ignore'
[0.241s] Level 1:colcon.colcon_core.package_identification:_identify(src/crawler_driver) by extension 'ignore_ament_install'
[0.241s] Level 1:colcon.colcon_core.package_identification:_identify(src/crawler_driver) by extensions ['colcon_pkg']
[0.241s] Level 1:colcon.colcon_core.package_identification:_identify(src/crawler_driver) by extension 'colcon_pkg'
[0.241s] Level 1:colcon.colcon_core.package_identification:_identify(src/crawler_driver) by extensions ['colcon_meta']
[0.241s] Level 1:colcon.colcon_core.package_identification:_identify(src/crawler_driver) by extension 'colcon_meta'
[0.241s] Level 1:colcon.colcon_core.package_identification:_identify(src/crawler_driver) by extensions ['ros']
[0.241s] Level 1:colcon.colcon_core.package_identification:_identify(src/crawler_driver) by extension 'ros'
[0.244s] DEBUG:colcon.colcon_core.package_identification:Package 'src/crawler_driver' with type 'ros.ament_cmake' and name 'crawler_driver'
[0.244s] Level 1:colcon.colcon_core.package_identification:_identify(src/custom_interfaces) by extensions ['ignore', 'ignore_ament_install']
[0.244s] Level 1:colcon.colcon_core.package_identification:_identify(src/custom_interfaces) by extension 'ignore'
[0.244s] Level 1:colcon.colcon_core.package_identification:_identify(src/custom_interfaces) by extension 'ignore_ament_install'
[0.244s] Level 1:colcon.colcon_core.package_identification:_identify(src/custom_interfaces) by extensions ['colcon_pkg']
[0.244s] Level 1:colcon.colcon_core.package_identification:_identify(src/custom_interfaces) by extension 'colcon_pkg'
[0.244s] Level 1:colcon.colcon_core.package_identification:_identify(src/custom_interfaces) by extensions ['colcon_meta']
[0.244s] Level 1:colcon.colcon_core.package_identification:_identify(src/custom_interfaces) by extension 'colcon_meta'
[0.244s] Level 1:colcon.colcon_core.package_identification:_identify(src/custom_interfaces) by extensions ['ros']
[0.244s] Level 1:colcon.colcon_core.package_identification:_identify(src/custom_interfaces) by extension 'ros'
[0.245s] DEBUG:colcon.colcon_core.package_identification:Package 'src/custom_interfaces' with type 'ros.ament_cmake' and name 'custom_interfaces'
[0.245s] Level 1:colcon.colcon_core.package_identification:_identify(src/dynamixel-workbench) by extensions ['ignore', 'ignore_ament_install']
[0.245s] Level 1:colcon.colcon_core.package_identification:_identify(src/dynamixel-workbench) by extension 'ignore'
[0.245s] Level 1:colcon.colcon_core.package_identification:_identify(src/dynamixel-workbench) by extension 'ignore_ament_install'
[0.245s] Level 1:colcon.colcon_core.package_identification:_identify(src/dynamixel-workbench) by extensions ['colcon_pkg']
[0.245s] Level 1:colcon.colcon_core.package_identification:_identify(src/dynamixel-workbench) by extension 'colcon_pkg'
[0.245s] Level 1:colcon.colcon_core.package_identification:_identify(src/dynamixel-workbench) by extensions ['colcon_meta']
[0.245s] Level 1:colcon.colcon_core.package_identification:_identify(src/dynamixel-workbench) by extension 'colcon_meta'
[0.245s] Level 1:colcon.colcon_core.package_identification:_identify(src/dynamixel-workbench) by extensions ['ros']
[0.245s] Level 1:colcon.colcon_core.package_identification:_identify(src/dynamixel-workbench) by extension 'ros'
[0.245s] Level 1:colcon.colcon_core.package_identification:_identify(src/dynamixel-workbench) by extensions ['cmake', 'python']
[0.245s] Level 1:colcon.colcon_core.package_identification:_identify(src/dynamixel-workbench) by extension 'cmake'
[0.245s] Level 1:colcon.colcon_core.package_identification:_identify(src/dynamixel-workbench) by extension 'python'
[0.245s] Level 1:colcon.colcon_core.package_identification:_identify(src/dynamixel-workbench) by extensions ['python_setup_py']
[0.245s] Level 1:colcon.colcon_core.package_identification:_identify(src/dynamixel-workbench) by extension 'python_setup_py'
[0.245s] Level 1:colcon.colcon_core.package_identification:_identify(src/dynamixel-workbench-msgs) by extensions ['ignore', 'ignore_ament_install']
[0.245s] Level 1:colcon.colcon_core.package_identification:_identify(src/dynamixel-workbench-msgs) by extension 'ignore'
[0.245s] Level 1:colcon.colcon_core.package_identification:_identify(src/dynamixel-workbench-msgs) by extension 'ignore_ament_install'
[0.246s] Level 1:colcon.colcon_core.package_identification:_identify(src/dynamixel-workbench-msgs) by extensions ['colcon_pkg']
[0.246s] Level 1:colcon.colcon_core.package_identification:_identify(src/dynamixel-workbench-msgs) by extension 'colcon_pkg'
[0.246s] Level 1:colcon.colcon_core.package_identification:_identify(src/dynamixel-workbench-msgs) by extensions ['colcon_meta']
[0.246s] Level 1:colcon.colcon_core.package_identification:_identify(src/dynamixel-workbench-msgs) by extension 'colcon_meta'
[0.246s] Level 1:colcon.colcon_core.package_identification:_identify(src/dynamixel-workbench-msgs) by extensions ['ros']
[0.246s] Level 1:colcon.colcon_core.package_identification:_identify(src/dynamixel-workbench-msgs) by extension 'ros'
[0.246s] Level 1:colcon.colcon_core.package_identification:_identify(src/dynamixel-workbench-msgs) by extensions ['cmake', 'python']
[0.246s] Level 1:colcon.colcon_core.package_identification:_identify(src/dynamixel-workbench-msgs) by extension 'cmake'
[0.246s] Level 1:colcon.colcon_core.package_identification:_identify(src/dynamixel-workbench-msgs) by extension 'python'
[0.246s] Level 1:colcon.colcon_core.package_identification:_identify(src/dynamixel-workbench-msgs) by extensions ['python_setup_py']
[0.246s] Level 1:colcon.colcon_core.package_identification:_identify(src/dynamixel-workbench-msgs) by extension 'python_setup_py'
[0.246s] Level 1:colcon.colcon_core.package_identification:_identify(src/flipper_driver) by extensions ['ignore', 'ignore_ament_install']
[0.246s] Level 1:colcon.colcon_core.package_identification:_identify(src/flipper_driver) by extension 'ignore'
[0.246s] Level 1:colcon.colcon_core.package_identification:_identify(src/flipper_driver) by extension 'ignore_ament_install'
[0.246s] Level 1:colcon.colcon_core.package_identification:_identify(src/flipper_driver) by extensions ['colcon_pkg']
[0.246s] Level 1:colcon.colcon_core.package_identification:_identify(src/flipper_driver) by extension 'colcon_pkg'
[0.246s] Level 1:colcon.colcon_core.package_identification:_identify(src/flipper_driver) by extensions ['colcon_meta']
[0.246s] Level 1:colcon.colcon_core.package_identification:_identify(src/flipper_driver) by extension 'colcon_meta'
[0.246s] Level 1:colcon.colcon_core.package_identification:_identify(src/flipper_driver) by extensions ['ros']
[0.246s] Level 1:colcon.colcon_core.package_identification:_identify(src/flipper_driver) by extension 'ros'
[0.247s] DEBUG:colcon.colcon_core.package_identification:Package 'src/flipper_driver' with type 'ros.ament_cmake' and name 'flipper_driver'
[0.247s] Level 1:colcon.colcon_core.package_identification:_identify(src/my_rqt_plugin) by extensions ['ignore', 'ignore_ament_install']
[0.247s] Level 1:colcon.colcon_core.package_identification:_identify(src/my_rqt_plugin) by extension 'ignore'
[0.247s] Level 1:colcon.colcon_core.package_identification:_identify(src/my_rqt_plugin) by extension 'ignore_ament_install'
[0.247s] Level 1:colcon.colcon_core.package_identification:_identify(src/my_rqt_plugin) by extensions ['colcon_pkg']
[0.247s] Level 1:colcon.colcon_core.package_identification:_identify(src/my_rqt_plugin) by extension 'colcon_pkg'
[0.247s] Level 1:colcon.colcon_core.package_identification:_identify(src/my_rqt_plugin) by extensions ['colcon_meta']
[0.247s] Level 1:colcon.colcon_core.package_identification:_identify(src/my_rqt_plugin) by extension 'colcon_meta'
[0.247s] Level 1:colcon.colcon_core.package_identification:_identify(src/my_rqt_plugin) by extensions ['ros']
[0.247s] Level 1:colcon.colcon_core.package_identification:_identify(src/my_rqt_plugin) by extension 'ros'
[0.248s] DEBUG:colcon.colcon_core.package_identification:Package 'src/my_rqt_plugin' with type 'ros.ament_cmake' and name 'my_rqt_plugin'
[0.248s] Level 1:colcon.colcon_core.package_identification:_identify(src/operator) by extensions ['ignore', 'ignore_ament_install']
[0.248s] Level 1:colcon.colcon_core.package_identification:_identify(src/operator) by extension 'ignore'
[0.248s] Level 1:colcon.colcon_core.package_identification:_identify(src/operator) by extension 'ignore_ament_install'
[0.248s] Level 1:colcon.colcon_core.package_identification:_identify(src/operator) by extensions ['colcon_pkg']
[0.248s] Level 1:colcon.colcon_core.package_identification:_identify(src/operator) by extension 'colcon_pkg'
[0.248s] Level 1:colcon.colcon_core.package_identification:_identify(src/operator) by extensions ['colcon_meta']
[0.248s] Level 1:colcon.colcon_core.package_identification:_identify(src/operator) by extension 'colcon_meta'
[0.248s] Level 1:colcon.colcon_core.package_identification:_identify(src/operator) by extensions ['ros']
[0.248s] Level 1:colcon.colcon_core.package_identification:_identify(src/operator) by extension 'ros'
[0.249s] DEBUG:colcon.colcon_core.package_identification:Package 'src/operator' with type 'ros.ament_cmake' and name 'operator'
[0.249s] Level 1:colcon.colcon_core.package_identification:_identify(src/usb_camera) by extensions ['ignore', 'ignore_ament_install']
[0.249s] Level 1:colcon.colcon_core.package_identification:_identify(src/usb_camera) by extension 'ignore'
[0.249s] Level 1:colcon.colcon_core.package_identification:_identify(src/usb_camera) by extension 'ignore_ament_install'
[0.249s] Level 1:colcon.colcon_core.package_identification:_identify(src/usb_camera) by extensions ['colcon_pkg']
[0.249s] Level 1:colcon.colcon_core.package_identification:_identify(src/usb_camera) by extension 'colcon_pkg'
[0.249s] Level 1:colcon.colcon_core.package_identification:_identify(src/usb_camera) by extensions ['colcon_meta']
[0.249s] Level 1:colcon.colcon_core.package_identification:_identify(src/usb_camera) by extension 'colcon_meta'
[0.249s] Level 1:colcon.colcon_core.package_identification:_identify(src/usb_camera) by extensions ['ros']
[0.249s] Level 1:colcon.colcon_core.package_identification:_identify(src/usb_camera) by extension 'ros'
[0.249s] DEBUG:colcon.colcon_core.package_identification:Package 'src/usb_camera' with type 'ros.ament_cmake' and name 'usb_camera'
[0.249s] Level 1:colcon.colcon_core.package_discovery:discover_packages(recursive) using defaults
[0.250s] Level 1:colcon.colcon_core.package_discovery:discover_packages(ignore) discover
[0.250s] Level 1:colcon.colcon_core.package_discovery:discover_packages(ignore) using defaults
[0.250s] Level 1:colcon.colcon_core.package_discovery:discover_packages(path) discover
[0.250s] Level 1:colcon.colcon_core.package_discovery:discover_packages(path) using defaults
[0.270s] Level 1:colcon.colcon_core.package_discovery:discover_packages(prefix_path) check parameters
[0.270s] Level 1:colcon.colcon_core.package_discovery:discover_packages(prefix_path) discover
[0.273s] DEBUG:colcon.colcon_installed_package_information.package_discovery:Found 288 installed packages in /opt/ros/jazzy
[0.273s] Level 1:colcon.colcon_core.package_discovery:discover_packages(prefix_path) using defaults
[0.313s] Level 5:colcon.colcon_core.verb:set package 'custom_interfaces' build argument 'cmake_args' from command line to 'None'
[0.313s] Level 5:colcon.colcon_core.verb:set package 'custom_interfaces' build argument 'cmake_target' from command line to 'None'
[0.313s] Level 5:colcon.colcon_core.verb:set package 'custom_interfaces' build argument 'cmake_target_skip_unavailable' from command line to 'False'
[0.313s] Level 5:colcon.colcon_core.verb:set package 'custom_interfaces' build argument 'cmake_clean_cache' from command line to 'False'
[0.313s] Level 5:colcon.colcon_core.verb:set package 'custom_interfaces' build argument 'cmake_clean_first' from command line to 'False'
[0.313s] Level 5:colcon.colcon_core.verb:set package 'custom_interfaces' build argument 'cmake_force_configure' from command line to 'False'
[0.313s] Level 5:colcon.colcon_core.verb:set package 'custom_interfaces' build argument 'ament_cmake_args' from command line to 'None'
[0.313s] Level 5:colcon.colcon_core.verb:set package 'custom_interfaces' build argument 'catkin_cmake_args' from command line to 'None'
[0.313s] Level 5:colcon.colcon_core.verb:set package 'custom_interfaces' build argument 'catkin_skip_building_tests' from command line to 'False'
[0.314s] DEBUG:colcon.colcon_core.verb:Building package 'custom_interfaces' with the following arguments: {'ament_cmake_args': None, 'build_base': '/home/rodep/rodep/test_ws/yano_ws/build/custom_interfaces', 'catkin_cmake_args': None, 'catkin_skip_building_tests': False, 'cmake_args': None, 'cmake_clean_cache': False, 'cmake_clean_first': False, 'cmake_force_configure': False, 'cmake_target': None, 'cmake_target_skip_unavailable': False, 'install_base': '/home/rodep/rodep/test_ws/yano_ws/install/custom_interfaces', 'merge_install': False, 'path': '/home/rodep/rodep/test_ws/yano_ws/src/custom_interfaces', 'symlink_install': False, 'test_result_base': None}
[0.314s] Level 5:colcon.colcon_core.verb:set package 'my_rqt_plugin' build argument 'cmake_args' from command line to 'None'
[0.314s] Level 5:colcon.colcon_core.verb:set package 'my_rqt_plugin' build argument 'cmake_target' from command line to 'None'
[0.314s] Level 5:colcon.colcon_core.verb:set package 'my_rqt_plugin' build argument 'cmake_target_skip_unavailable' from command line to 'False'
[0.314s] Level 5:colcon.colcon_core.verb:set package 'my_rqt_plugin' build argument 'cmake_clean_cache' from command line to 'False'
[0.314s] Level 5:colcon.colcon_core.verb:set package 'my_rqt_plugin' build argument 'cmake_clean_first' from command line to 'False'
[0.314s] Level 5:colcon.colcon_core.verb:set package 'my_rqt_plugin' build argument 'cmake_force_configure' from command line to 'False'
[0.314s] Level 5:colcon.colcon_core.verb:set package 'my_rqt_plugin' build argument 'ament_cmake_args' from command line to 'None'
[0.314s] Level 5:colcon.colcon_core.verb:set package 'my_rqt_plugin' build argument 'catkin_cmake_args' from command line to 'None'
[0.314s] Level 5:colcon.colcon_core.verb:set package 'my_rqt_plugin' build argument 'catkin_skip_building_tests' from command line to 'False'
[0.314s] DEBUG:colcon.colcon_core.verb:Building package 'my_rqt_plugin' with the following arguments: {'ament_cmake_args': None, 'build_base': '/home/rodep/rodep/test_ws/yano_ws/build/my_rqt_plugin', 'catkin_cmake_args': None, 'catkin_skip_building_tests': False, 'cmake_args': None, 'cmake_clean_cache': False, 'cmake_clean_first': False, 'cmake_force_configure': False, 'cmake_target': None, 'cmake_target_skip_unavailable': False, 'install_base': '/home/rodep/rodep/test_ws/yano_ws/install/my_rqt_plugin', 'merge_install': False, 'path': '/home/rodep/rodep/test_ws/yano_ws/src/my_rqt_plugin', 'symlink_install': False, 'test_result_base': None}
[0.314s] Level 5:colcon.colcon_core.verb:set package 'usb_camera' build argument 'cmake_args' from command line to 'None'
[0.314s] Level 5:colcon.colcon_core.verb:set package 'usb_camera' build argument 'cmake_target' from command line to 'None'
[0.314s] Level 5:colcon.colcon_core.verb:set package 'usb_camera' build argument 'cmake_target_skip_unavailable' from command line to 'False'
[0.314s] Level 5:colcon.colcon_core.verb:set package 'usb_camera' build argument 'cmake_clean_cache' from command line to 'False'
[0.314s] Level 5:colcon.colcon_core.verb:set package 'usb_camera' build argument 'cmake_clean_first' from command line to 'False'
[0.314s] Level 5:colcon.colcon_core.verb:set package 'usb_camera' build argument 'cmake_force_configure' from command line to 'False'
[0.314s] Level 5:colcon.colcon_core.verb:set package 'usb_camera' build argument 'ament_cmake_args' from command line to 'None'
[0.314s] Level 5:colcon.colcon_core.verb:set package 'usb_camera' build argument 'catkin_cmake_args' from command line to 'None'
[0.314s] Level 5:colcon.colcon_core.verb:set package 'usb_camera' build argument 'catkin_skip_building_tests' from command line to 'False'
[0.314s] DEBUG:colcon.colcon_core.verb:Building package 'usb_camera' with the following arguments: {'ament_cmake_args': None, 'build_base': '/home/rodep/rodep/test_ws/yano_ws/build/usb_camera', 'catkin_cmake_args': None, 'catkin_skip_building_tests': False, 'cmake_args': None, 'cmake_clean_cache': False, 'cmake_clean_first': False, 'cmake_force_configure': False, 'cmake_target': None, 'cmake_target_skip_unavailable': False, 'install_base': '/home/rodep/rodep/test_ws/yano_ws/install/usb_camera', 'merge_install': False, 'path': '/home/rodep/rodep/test_ws/yano_ws/src/usb_camera', 'symlink_install': False, 'test_result_base': None}
[0.315s] Level 5:colcon.colcon_core.verb:set package 'crawler_driver' build argument 'cmake_args' from command line to 'None'
[0.315s] Level 5:colcon.colcon_core.verb:set package 'crawler_driver' build argument 'cmake_target' from command line to 'None'
[0.315s] Level 5:colcon.colcon_core.verb:set package 'crawler_driver' build argument 'cmake_target_skip_unavailable' from command line to 'False'
[0.315s] Level 5:colcon.colcon_core.verb:set package 'crawler_driver' build argument 'cmake_clean_cache' from command line to 'False'
[0.315s] Level 5:colcon.colcon_core.verb:set package 'crawler_driver' build argument 'cmake_clean_first' from command line to 'False'
[0.315s] Level 5:colcon.colcon_core.verb:set package 'crawler_driver' build argument 'cmake_force_configure' from command line to 'False'
[0.315s] Level 5:colcon.colcon_core.verb:set package 'crawler_driver' build argument 'ament_cmake_args' from command line to 'None'
[0.315s] Level 5:colcon.colcon_core.verb:set package 'crawler_driver' build argument 'catkin_cmake_args' from command line to 'None'
[0.315s] Level 5:colcon.colcon_core.verb:set package 'crawler_driver' build argument 'catkin_skip_building_tests' from command line to 'False'
[0.315s] DEBUG:colcon.colcon_core.verb:Building package 'crawler_driver' with the following arguments: {'ament_cmake_args': None, 'build_base': '/home/rodep/rodep/test_ws/yano_ws/build/crawler_driver', 'catkin_cmake_args': None, 'catkin_skip_building_tests': False, 'cmake_args': None, 'cmake_clean_cache': False, 'cmake_clean_first': False, 'cmake_force_configure': False, 'cmake_target': None, 'cmake_target_skip_unavailable': False, 'install_base': '/home/rodep/rodep/test_ws/yano_ws/install/crawler_driver', 'merge_install': False, 'path': '/home/rodep/rodep/test_ws/yano_ws/src/crawler_driver', 'symlink_install': False, 'test_result_base': None}
[0.315s] Level 5:colcon.colcon_core.verb:set package 'flipper_driver' build argument 'cmake_args' from command line to 'None'
[0.315s] Level 5:colcon.colcon_core.verb:set package 'flipper_driver' build argument 'cmake_target' from command line to 'None'
[0.315s] Level 5:colcon.colcon_core.verb:set package 'flipper_driver' build argument 'cmake_target_skip_unavailable' from command line to 'False'
[0.315s] Level 5:colcon.colcon_core.verb:set package 'flipper_driver' build argument 'cmake_clean_cache' from command line to 'False'
[0.315s] Level 5:colcon.colcon_core.verb:set package 'flipper_driver' build argument 'cmake_clean_first' from command line to 'False'
[0.315s] Level 5:colcon.colcon_core.verb:set package 'flipper_driver' build argument 'cmake_force_configure' from command line to 'False'
[0.315s] Level 5:colcon.colcon_core.verb:set package 'flipper_driver' build argument 'ament_cmake_args' from command line to 'None'
[0.315s] Level 5:colcon.colcon_core.verb:set package 'flipper_driver' build argument 'catkin_cmake_args' from command line to 'None'
[0.315s] Level 5:colcon.colcon_core.verb:set package 'flipper_driver' build argument 'catkin_skip_building_tests' from command line to 'False'
[0.315s] DEBUG:colcon.colcon_core.verb:Building package 'flipper_driver' with the following arguments: {'ament_cmake_args': None, 'build_base': '/home/rodep/rodep/test_ws/yano_ws/build/flipper_driver', 'catkin_cmake_args': None, 'catkin_skip_building_tests': False, 'cmake_args': None, 'cmake_clean_cache': False, 'cmake_clean_first': False, 'cmake_force_configure': False, 'cmake_target': None, 'cmake_target_skip_unavailable': False, 'install_base': '/home/rodep/rodep/test_ws/yano_ws/install/flipper_driver', 'merge_install': False, 'path': '/home/rodep/rodep/test_ws/yano_ws/src/flipper_driver', 'symlink_install': False, 'test_result_base': None}
[0.315s] Level 5:colcon.colcon_core.verb:set package 'operator' build argument 'cmake_args' from command line to 'None'
[0.315s] Level 5:colcon.colcon_core.verb:set package 'operator' build argument 'cmake_target' from command line to 'None'
[0.315s] Level 5:colcon.colcon_core.verb:set package 'operator' build argument 'cmake_target_skip_unavailable' from command line to 'False'
[0.315s] Level 5:colcon.colcon_core.verb:set package 'operator' build argument 'cmake_clean_cache' from command line to 'False'
[0.315s] Level 5:colcon.colcon_core.verb:set package 'operator' build argument 'cmake_clean_first' from command line to 'False'
[0.315s] Level 5:colcon.colcon_core.verb:set package 'operator' build argument 'cmake_force_configure' from command line to 'False'
[0.315s] Level 5:colcon.colcon_core.verb:set package 'operator' build argument 'ament_cmake_args' from command line to 'None'
[0.315s] Level 5:colcon.colcon_core.verb:set package 'operator' build argument 'catkin_cmake_args' from command line to 'None'
[0.315s] Level 5:colcon.colcon_core.verb:set package 'operator' build argument 'catkin_skip_building_tests' from command line to 'False'
[0.316s] DEBUG:colcon.colcon_core.verb:Building package 'operator' with the following arguments: {'ament_cmake_args': None, 'build_base': '/home/rodep/rodep/test_ws/yano_ws/build/operator', 'catkin_cmake_args': None, 'catkin_skip_building_tests': False, 'cmake_args': None, 'cmake_clean_cache': False, 'cmake_clean_first': False, 'cmake_force_configure': False, 'cmake_target': None, 'cmake_target_skip_unavailable': False, 'install_base': '/home/rodep/rodep/test_ws/yano_ws/install/operator', 'merge_install': False, 'path': '/home/rodep/rodep/test_ws/yano_ws/src/operator', 'symlink_install': False, 'test_result_base': None}
[0.316s] INFO:colcon.colcon_core.executor:Executing jobs using 'parallel' executor
[0.317s] DEBUG:colcon.colcon_parallel_executor.executor.parallel:run_until_complete
[0.317s] INFO:colcon.colcon_ros.task.ament_cmake.build:Building ROS package in '/home/rodep/rodep/test_ws/yano_ws/src/custom_interfaces' with build type 'ament_cmake'
[0.317s] INFO:colcon.colcon_cmake.task.cmake.build:Building CMake package in '/home/rodep/rodep/test_ws/yano_ws/src/custom_interfaces'
[0.320s] INFO:colcon.colcon_core.plugin_system:Skipping extension 'colcon_core.shell.bat': Not used on non-Windows systems
[0.320s] INFO:colcon.colcon_core.shell:Skip shell extension 'powershell' for command environment: Not usable outside of PowerShell
[0.320s] DEBUG:colcon.colcon_core.shell:Skip shell extension 'dsv' for command environment
[0.322s] INFO:colcon.colcon_ros.task.ament_cmake.build:Building ROS package in '/home/rodep/rodep/test_ws/yano_ws/src/my_rqt_plugin' with build type 'ament_cmake'
[0.322s] INFO:colcon.colcon_cmake.task.cmake.build:Building CMake package in '/home/rodep/rodep/test_ws/yano_ws/src/my_rqt_plugin'
[0.323s] INFO:colcon.colcon_core.shell:Skip shell extension 'powershell' for command environment: Not usable outside of PowerShell
[0.323s] DEBUG:colcon.colcon_core.shell:Skip shell extension 'dsv' for command environment
[0.325s] INFO:colcon.colcon_ros.task.ament_cmake.build:Building ROS package in '/home/rodep/rodep/test_ws/yano_ws/src/usb_camera' with build type 'ament_cmake'
[0.325s] INFO:colcon.colcon_cmake.task.cmake.build:Building CMake package in '/home/rodep/rodep/test_ws/yano_ws/src/usb_camera'
[0.325s] INFO:colcon.colcon_core.shell:Skip shell extension 'powershell' for command environment: Not usable outside of PowerShell
[0.325s] DEBUG:colcon.colcon_core.shell:Skip shell extension 'dsv' for command environment
[0.330s] DEBUG:colcon.colcon_core.event_handler.log_command:Invoking command in '/home/rodep/rodep/test_ws/yano_ws/build/custom_interfaces': CMAKE_PREFIX_PATH=${CMAKE_PREFIX_PATH}:/opt/ros/jazzy DEBUGINFOD_URLS=https://debuginfod.ubuntu.com /usr/bin/cmake /home/rodep/rodep/test_ws/yano_ws/src/custom_interfaces -DCMAKE_INSTALL_PREFIX=/home/rodep/rodep/test_ws/yano_ws/install/custom_interfaces
[0.332s] DEBUG:colcon.colcon_core.event_handler.log_command:Invoking command in '/home/rodep/rodep/test_ws/yano_ws/build/my_rqt_plugin': CMAKE_PREFIX_PATH=${CMAKE_PREFIX_PATH}:/opt/ros/jazzy DEBUGINFOD_URLS=https://debuginfod.ubuntu.com /usr/bin/cmake /home/rodep/rodep/test_ws/yano_ws/src/my_rqt_plugin -DCMAKE_INSTALL_PREFIX=/home/rodep/rodep/test_ws/yano_ws/install/my_rqt_plugin
[0.334s] DEBUG:colcon.colcon_core.event_handler.log_command:Invoking command in '/home/rodep/rodep/test_ws/yano_ws/build/usb_camera': CMAKE_PREFIX_PATH=${CMAKE_PREFIX_PATH}:/opt/ros/jazzy DEBUGINFOD_URLS=https://debuginfod.ubuntu.com /usr/bin/cmake /home/rodep/rodep/test_ws/yano_ws/src/usb_camera -DCMAKE_INSTALL_PREFIX=/home/rodep/rodep/test_ws/yano_ws/install/usb_camera
[1.477s] DEBUG:colcon.colcon_core.event_handler.log_command:Invoked command in '/home/rodep/rodep/test_ws/yano_ws/build/my_rqt_plugin' returned '0': CMAKE_PREFIX_PATH=${CMAKE_PREFIX_PATH}:/opt/ros/jazzy DEBUGINFOD_URLS=https://debuginfod.ubuntu.com /usr/bin/cmake /home/rodep/rodep/test_ws/yano_ws/src/my_rqt_plugin -DCMAKE_INSTALL_PREFIX=/home/rodep/rodep/test_ws/yano_ws/install/my_rqt_plugin
[1.478s] DEBUG:colcon.colcon_core.event_handler.log_command:Invoking command in '/home/rodep/rodep/test_ws/yano_ws/build/my_rqt_plugin': CMAKE_PREFIX_PATH=${CMAKE_PREFIX_PATH}:/opt/ros/jazzy DEBUGINFOD_URLS=https://debuginfod.ubuntu.com /usr/bin/cmake --build /home/rodep/rodep/test_ws/yano_ws/build/my_rqt_plugin -- -j8 -l8
[1.553s] DEBUG:colcon.colcon_core.event_handler.log_command:Invoked command in '/home/rodep/rodep/test_ws/yano_ws/build/usb_camera' returned '0': CMAKE_PREFIX_PATH=${CMAKE_PREFIX_PATH}:/opt/ros/jazzy DEBUGINFOD_URLS=https://debuginfod.ubuntu.com /usr/bin/cmake /home/rodep/rodep/test_ws/yano_ws/src/usb_camera -DCMAKE_INSTALL_PREFIX=/home/rodep/rodep/test_ws/yano_ws/install/usb_camera
[1.554s] DEBUG:colcon.colcon_core.event_handler.log_command:Invoking command in '/home/rodep/rodep/test_ws/yano_ws/build/usb_camera': CMAKE_PREFIX_PATH=${CMAKE_PREFIX_PATH}:/opt/ros/jazzy DEBUGINFOD_URLS=https://debuginfod.ubuntu.com /usr/bin/cmake --build /home/rodep/rodep/test_ws/yano_ws/build/usb_camera -- -j8 -l8
[3.207s] DEBUG:colcon.colcon_core.event_handler.log_command:Invoked command in '/home/rodep/rodep/test_ws/yano_ws/build/custom_interfaces' returned '0': CMAKE_PREFIX_PATH=${CMAKE_PREFIX_PATH}:/opt/ros/jazzy DEBUGINFOD_URLS=https://debuginfod.ubuntu.com /usr/bin/cmake /home/rodep/rodep/test_ws/yano_ws/src/custom_interfaces -DCMAKE_INSTALL_PREFIX=/home/rodep/rodep/test_ws/yano_ws/install/custom_interfaces
[3.208s] DEBUG:colcon.colcon_core.event_handler.log_command:Invoking command in '/home/rodep/rodep/test_ws/yano_ws/build/custom_interfaces': CMAKE_PREFIX_PATH=${CMAKE_PREFIX_PATH}:/opt/ros/jazzy DEBUGINFOD_URLS=https://debuginfod.ubuntu.com /usr/bin/cmake --build /home/rodep/rodep/test_ws/yano_ws/build/custom_interfaces -- -j8 -l8
[6.032s] DEBUG:colcon.colcon_core.event_handler.log_command:Invoked command in '/home/rodep/rodep/test_ws/yano_ws/build/my_rqt_plugin' returned '0': CMAKE_PREFIX_PATH=${CMAKE_PREFIX_PATH}:/opt/ros/jazzy DEBUGINFOD_URLS=https://debuginfod.ubuntu.com /usr/bin/cmake --build /home/rodep/rodep/test_ws/yano_ws/build/my_rqt_plugin -- -j8 -l8
[6.040s] DEBUG:colcon.colcon_core.event_handler.log_command:Invoking command in '/home/rodep/rodep/test_ws/yano_ws/build/my_rqt_plugin': CMAKE_PREFIX_PATH=${CMAKE_PREFIX_PATH}:/opt/ros/jazzy DEBUGINFOD_URLS=https://debuginfod.ubuntu.com /usr/bin/cmake --install /home/rodep/rodep/test_ws/yano_ws/build/my_rqt_plugin
[6.050s] Level 1:colcon.colcon_core.environment:create_environment_scripts_only(my_rqt_plugin)
[6.050s] DEBUG:colcon.colcon_core.event_handler.log_command:Invoked command in '/home/rodep/rodep/test_ws/yano_ws/build/my_rqt_plugin' returned '0': CMAKE_PREFIX_PATH=${CMAKE_PREFIX_PATH}:/opt/ros/jazzy DEBUGINFOD_URLS=https://debuginfod.ubuntu.com /usr/bin/cmake --install /home/rodep/rodep/test_ws/yano_ws/build/my_rqt_plugin
[6.056s] Level 1:colcon.colcon_core.environment:checking '/home/rodep/rodep/test_ws/yano_ws/install/my_rqt_plugin' for CMake module files
[6.056s] Level 1:colcon.colcon_core.environment:checking '/home/rodep/rodep/test_ws/yano_ws/install/my_rqt_plugin' for CMake config files
[6.057s] Level 1:colcon.colcon_core.shell:create_environment_hook('my_rqt_plugin', 'cmake_prefix_path')
[6.057s] INFO:colcon.colcon_core.shell:Creating environment hook '/home/rodep/rodep/test_ws/yano_ws/install/my_rqt_plugin/share/my_rqt_plugin/hook/cmake_prefix_path.ps1'
[6.058s] INFO:colcon.colcon_core.shell:Creating environment descriptor '/home/rodep/rodep/test_ws/yano_ws/install/my_rqt_plugin/share/my_rqt_plugin/hook/cmake_prefix_path.dsv'
[6.058s] INFO:colcon.colcon_core.shell:Creating environment hook '/home/rodep/rodep/test_ws/yano_ws/install/my_rqt_plugin/share/my_rqt_plugin/hook/cmake_prefix_path.sh'
[6.059s] Level 1:colcon.colcon_core.environment:checking '/home/rodep/rodep/test_ws/yano_ws/install/my_rqt_plugin/lib'
[6.060s] Level 1:colcon.colcon_core.shell:create_environment_hook('my_rqt_plugin', 'ld_library_path_lib')
[6.060s] INFO:colcon.colcon_core.shell:Creating environment hook '/home/rodep/rodep/test_ws/yano_ws/install/my_rqt_plugin/share/my_rqt_plugin/hook/ld_library_path_lib.ps1'
[6.060s] INFO:colcon.colcon_core.shell:Creating environment descriptor '/home/rodep/rodep/test_ws/yano_ws/install/my_rqt_plugin/share/my_rqt_plugin/hook/ld_library_path_lib.dsv'
[6.061s] INFO:colcon.colcon_core.shell:Creating environment hook '/home/rodep/rodep/test_ws/yano_ws/install/my_rqt_plugin/share/my_rqt_plugin/hook/ld_library_path_lib.sh'
[6.061s] Level 1:colcon.colcon_core.environment:checking '/home/rodep/rodep/test_ws/yano_ws/install/my_rqt_plugin/bin'
[6.061s] Level 1:colcon.colcon_core.environment:checking '/home/rodep/rodep/test_ws/yano_ws/install/my_rqt_plugin/lib/pkgconfig/my_rqt_plugin.pc'
[6.062s] Level 1:colcon.colcon_core.environment:checking '/home/rodep/rodep/test_ws/yano_ws/install/my_rqt_plugin/lib/python3.12/site-packages'
[6.062s] Level 1:colcon.colcon_core.environment:checking '/home/rodep/rodep/test_ws/yano_ws/install/my_rqt_plugin/bin'
[6.062s] INFO:colcon.colcon_core.shell:Creating package script '/home/rodep/rodep/test_ws/yano_ws/install/my_rqt_plugin/share/my_rqt_plugin/package.ps1'
[6.063s] INFO:colcon.colcon_core.shell:Creating package descriptor '/home/rodep/rodep/test_ws/yano_ws/install/my_rqt_plugin/share/my_rqt_plugin/package.dsv'
[6.064s] INFO:colcon.colcon_core.shell:Creating package script '/home/rodep/rodep/test_ws/yano_ws/install/my_rqt_plugin/share/my_rqt_plugin/package.sh'
[6.065s] INFO:colcon.colcon_core.shell:Creating package script '/home/rodep/rodep/test_ws/yano_ws/install/my_rqt_plugin/share/my_rqt_plugin/package.bash'
[6.066s] INFO:colcon.colcon_core.shell:Creating package script '/home/rodep/rodep/test_ws/yano_ws/install/my_rqt_plugin/share/my_rqt_plugin/package.zsh'
[6.067s] Level 1:colcon.colcon_core.environment:create_file_with_runtime_dependencies(/home/rodep/rodep/test_ws/yano_ws/install/my_rqt_plugin/share/colcon-core/packages/my_rqt_plugin)
[6.068s] Level 1:colcon.colcon_core.environment:create_environment_scripts_only(my_rqt_plugin)
[6.068s] Level 1:colcon.colcon_core.environment:checking '/home/rodep/rodep/test_ws/yano_ws/install/my_rqt_plugin' for CMake module files
[6.069s] Level 1:colcon.colcon_core.environment:checking '/home/rodep/rodep/test_ws/yano_ws/install/my_rqt_plugin' for CMake config files
[6.069s] Level 1:colcon.colcon_core.shell:create_environment_hook('my_rqt_plugin', 'cmake_prefix_path')
[6.069s] INFO:colcon.colcon_core.shell:Creating environment hook '/home/rodep/rodep/test_ws/yano_ws/install/my_rqt_plugin/share/my_rqt_plugin/hook/cmake_prefix_path.ps1'
[6.070s] INFO:colcon.colcon_core.shell:Creating environment descriptor '/home/rodep/rodep/test_ws/yano_ws/install/my_rqt_plugin/share/my_rqt_plugin/hook/cmake_prefix_path.dsv'
[6.070s] INFO:colcon.colcon_core.shell:Creating environment hook '/home/rodep/rodep/test_ws/yano_ws/install/my_rqt_plugin/share/my_rqt_plugin/hook/cmake_prefix_path.sh'
[6.071s] Level 1:colcon.colcon_core.environment:checking '/home/rodep/rodep/test_ws/yano_ws/install/my_rqt_plugin/lib'
[6.071s] Level 1:colcon.colcon_core.shell:create_environment_hook('my_rqt_plugin', 'ld_library_path_lib')
[6.071s] INFO:colcon.colcon_core.shell:Creating environment hook '/home/rodep/rodep/test_ws/yano_ws/install/my_rqt_plugin/share/my_rqt_plugin/hook/ld_library_path_lib.ps1'
[6.072s] INFO:colcon.colcon_core.shell:Creating environment descriptor '/home/rodep/rodep/test_ws/yano_ws/install/my_rqt_plugin/share/my_rqt_plugin/hook/ld_library_path_lib.dsv'
[6.072s] INFO:colcon.colcon_core.shell:Creating environment hook '/home/rodep/rodep/test_ws/yano_ws/install/my_rqt_plugin/share/my_rqt_plugin/hook/ld_library_path_lib.sh'
[6.072s] Level 1:colcon.colcon_core.environment:checking '/home/rodep/rodep/test_ws/yano_ws/install/my_rqt_plugin/bin'
[6.073s] Level 1:colcon.colcon_core.environment:checking '/home/rodep/rodep/test_ws/yano_ws/install/my_rqt_plugin/lib/pkgconfig/my_rqt_plugin.pc'
[6.073s] Level 1:colcon.colcon_core.environment:checking '/home/rodep/rodep/test_ws/yano_ws/install/my_rqt_plugin/lib/python3.12/site-packages'
[6.073s] Level 1:colcon.colcon_core.environment:checking '/home/rodep/rodep/test_ws/yano_ws/install/my_rqt_plugin/bin'
[6.074s] INFO:colcon.colcon_core.shell:Creating package script '/home/rodep/rodep/test_ws/yano_ws/install/my_rqt_plugin/share/my_rqt_plugin/package.ps1'
[6.074s] INFO:colcon.colcon_core.shell:Creating package descriptor '/home/rodep/rodep/test_ws/yano_ws/install/my_rqt_plugin/share/my_rqt_plugin/package.dsv'
[6.075s] INFO:colcon.colcon_core.shell:Creating package script '/home/rodep/rodep/test_ws/yano_ws/install/my_rqt_plugin/share/my_rqt_plugin/package.sh'
[6.075s] INFO:colcon.colcon_core.shell:Creating package script '/home/rodep/rodep/test_ws/yano_ws/install/my_rqt_plugin/share/my_rqt_plugin/package.bash'
[6.075s] INFO:colcon.colcon_core.shell:Creating package script '/home/rodep/rodep/test_ws/yano_ws/install/my_rqt_plugin/share/my_rqt_plugin/package.zsh'
[6.076s] Level 1:colcon.colcon_core.environment:create_file_with_runtime_dependencies(/home/rodep/rodep/test_ws/yano_ws/install/my_rqt_plugin/share/colcon-core/packages/my_rqt_plugin)
[6.722s] DEBUG:colcon.colcon_core.event_handler.log_command:Invoked command in '/home/rodep/rodep/test_ws/yano_ws/build/custom_interfaces' returned '0': CMAKE_PREFIX_PATH=${CMAKE_PREFIX_PATH}:/opt/ros/jazzy DEBUGINFOD_URLS=https://debuginfod.ubuntu.com /usr/bin/cmake --build /home/rodep/rodep/test_ws/yano_ws/build/custom_interfaces -- -j8 -l8
[6.723s] DEBUG:colcon.colcon_core.event_handler.log_command:Invoking command in '/home/rodep/rodep/test_ws/yano_ws/build/custom_interfaces': CMAKE_PREFIX_PATH=${CMAKE_PREFIX_PATH}:/opt/ros/jazzy DEBUGINFOD_URLS=https://debuginfod.ubuntu.com /usr/bin/cmake --install /home/rodep/rodep/test_ws/yano_ws/build/custom_interfaces
[6.789s] Level 1:colcon.colcon_core.environment:create_environment_scripts_only(custom_interfaces)
[6.789s] Level 1:colcon.colcon_core.environment:checking '/home/rodep/rodep/test_ws/yano_ws/install/custom_interfaces' for CMake module files
[6.789s] DEBUG:colcon.colcon_core.event_handler.log_command:Invoked command in '/home/rodep/rodep/test_ws/yano_ws/build/custom_interfaces' returned '0': CMAKE_PREFIX_PATH=${CMAKE_PREFIX_PATH}:/opt/ros/jazzy DEBUGINFOD_URLS=https://debuginfod.ubuntu.com /usr/bin/cmake --install /home/rodep/rodep/test_ws/yano_ws/build/custom_interfaces
[6.790s] Level 1:colcon.colcon_core.environment:checking '/home/rodep/rodep/test_ws/yano_ws/install/custom_interfaces' for CMake config files
[6.790s] Level 1:colcon.colcon_core.shell:create_environment_hook('custom_interfaces', 'cmake_prefix_path')
[6.790s] INFO:colcon.colcon_core.shell:Creating environment hook '/home/rodep/rodep/test_ws/yano_ws/install/custom_interfaces/share/custom_interfaces/hook/cmake_prefix_path.ps1'
[6.791s] INFO:colcon.colcon_core.shell:Creating environment descriptor '/home/rodep/rodep/test_ws/yano_ws/install/custom_interfaces/share/custom_interfaces/hook/cmake_prefix_path.dsv'
[6.791s] INFO:colcon.colcon_core.shell:Creating environment hook '/home/rodep/rodep/test_ws/yano_ws/install/custom_interfaces/share/custom_interfaces/hook/cmake_prefix_path.sh'
[6.791s] Level 1:colcon.colcon_core.environment:checking '/home/rodep/rodep/test_ws/yano_ws/install/custom_interfaces/lib'
[6.791s] Level 1:colcon.colcon_core.shell:create_environment_hook('custom_interfaces', 'ld_library_path_lib')
[6.792s] INFO:colcon.colcon_core.shell:Creating environment hook '/home/rodep/rodep/test_ws/yano_ws/install/custom_interfaces/share/custom_interfaces/hook/ld_library_path_lib.ps1'
[6.792s] INFO:colcon.colcon_core.shell:Creating environment descriptor '/home/rodep/rodep/test_ws/yano_ws/install/custom_interfaces/share/custom_interfaces/hook/ld_library_path_lib.dsv'
[6.792s] INFO:colcon.colcon_core.shell:Creating environment hook '/home/rodep/rodep/test_ws/yano_ws/install/custom_interfaces/share/custom_interfaces/hook/ld_library_path_lib.sh'
[6.792s] Level 1:colcon.colcon_core.environment:checking '/home/rodep/rodep/test_ws/yano_ws/install/custom_interfaces/bin'
[6.793s] Level 1:colcon.colcon_core.environment:checking '/home/rodep/rodep/test_ws/yano_ws/install/custom_interfaces/lib/pkgconfig/custom_interfaces.pc'
[6.793s] Level 1:colcon.colcon_core.environment:checking '/home/rodep/rodep/test_ws/yano_ws/install/custom_interfaces/lib/python3.12/site-packages'
[6.793s] Level 1:colcon.colcon_core.shell:create_environment_hook('custom_interfaces', 'pythonpath')
[6.793s] INFO:colcon.colcon_core.shell:Creating environment hook '/home/rodep/rodep/test_ws/yano_ws/install/custom_interfaces/share/custom_interfaces/hook/pythonpath.ps1'
[6.793s] INFO:colcon.colcon_core.shell:Creating environment descriptor '/home/rodep/rodep/test_ws/yano_ws/install/custom_interfaces/share/custom_interfaces/hook/pythonpath.dsv'
[6.794s] INFO:colcon.colcon_core.shell:Creating environment hook '/home/rodep/rodep/test_ws/yano_ws/install/custom_interfaces/share/custom_interfaces/hook/pythonpath.sh'
[6.794s] Level 1:colcon.colcon_core.environment:checking '/home/rodep/rodep/test_ws/yano_ws/install/custom_interfaces/bin'
[6.794s] INFO:colcon.colcon_core.shell:Creating package script '/home/rodep/rodep/test_ws/yano_ws/install/custom_interfaces/share/custom_interfaces/package.ps1'
[6.795s] INFO:colcon.colcon_core.shell:Creating package descriptor '/home/rodep/rodep/test_ws/yano_ws/install/custom_interfaces/share/custom_interfaces/package.dsv'
[6.795s] INFO:colcon.colcon_core.shell:Creating package script '/home/rodep/rodep/test_ws/yano_ws/install/custom_interfaces/share/custom_interfaces/package.sh'
[6.795s] INFO:colcon.colcon_core.shell:Creating package script '/home/rodep/rodep/test_ws/yano_ws/install/custom_interfaces/share/custom_interfaces/package.bash'
[6.796s] INFO:colcon.colcon_core.shell:Creating package script '/home/rodep/rodep/test_ws/yano_ws/install/custom_interfaces/share/custom_interfaces/package.zsh'
[6.796s] Level 1:colcon.colcon_core.environment:create_file_with_runtime_dependencies(/home/rodep/rodep/test_ws/yano_ws/install/custom_interfaces/share/colcon-core/packages/custom_interfaces)
[6.796s] Level 1:colcon.colcon_core.environment:create_environment_scripts_only(custom_interfaces)
[6.797s] Level 1:colcon.colcon_core.environment:checking '/home/rodep/rodep/test_ws/yano_ws/install/custom_interfaces' for CMake module files
[6.797s] Level 1:colcon.colcon_core.environment:checking '/home/rodep/rodep/test_ws/yano_ws/install/custom_interfaces' for CMake config files
[6.797s] Level 1:colcon.colcon_core.shell:create_environment_hook('custom_interfaces', 'cmake_prefix_path')
[6.797s] INFO:colcon.colcon_core.shell:Creating environment hook '/home/rodep/rodep/test_ws/yano_ws/install/custom_interfaces/share/custom_interfaces/hook/cmake_prefix_path.ps1'
[6.798s] INFO:colcon.colcon_core.shell:Creating environment descriptor '/home/rodep/rodep/test_ws/yano_ws/install/custom_interfaces/share/custom_interfaces/hook/cmake_prefix_path.dsv'
[6.798s] INFO:colcon.colcon_core.shell:Creating environment hook '/home/rodep/rodep/test_ws/yano_ws/install/custom_interfaces/share/custom_interfaces/hook/cmake_prefix_path.sh'
[6.799s] Level 1:colcon.colcon_core.environment:checking '/home/rodep/rodep/test_ws/yano_ws/install/custom_interfaces/lib'
[6.799s] Level 1:colcon.colcon_core.shell:create_environment_hook('custom_interfaces', 'ld_library_path_lib')
[6.799s] INFO:colcon.colcon_core.shell:Creating environment hook '/home/rodep/rodep/test_ws/yano_ws/install/custom_interfaces/share/custom_interfaces/hook/ld_library_path_lib.ps1'
[6.800s] INFO:colcon.colcon_core.shell:Creating environment descriptor '/home/rodep/rodep/test_ws/yano_ws/install/custom_interfaces/share/custom_interfaces/hook/ld_library_path_lib.dsv'
[6.800s] INFO:colcon.colcon_core.shell:Creating environment hook '/home/rodep/rodep/test_ws/yano_ws/install/custom_interfaces/share/custom_interfaces/hook/ld_library_path_lib.sh'
[6.800s] Level 1:colcon.colcon_core.environment:checking '/home/rodep/rodep/test_ws/yano_ws/install/custom_interfaces/bin'
[6.800s] Level 1:colcon.colcon_core.environment:checking '/home/rodep/rodep/test_ws/yano_ws/install/custom_interfaces/lib/pkgconfig/custom_interfaces.pc'
[6.800s] Level 1:colcon.colcon_core.environment:checking '/home/rodep/rodep/test_ws/yano_ws/install/custom_interfaces/lib/python3.12/site-packages'
[6.801s] Level 1:colcon.colcon_core.shell:create_environment_hook('custom_interfaces', 'pythonpath')
[6.801s] INFO:colcon.colcon_core.shell:Creating environment hook '/home/rodep/rodep/test_ws/yano_ws/install/custom_interfaces/share/custom_interfaces/hook/pythonpath.ps1'
[6.801s] INFO:colcon.colcon_core.shell:Creating environment descriptor '/home/rodep/rodep/test_ws/yano_ws/install/custom_interfaces/share/custom_interfaces/hook/pythonpath.dsv'
[6.801s] INFO:colcon.colcon_core.shell:Creating environment hook '/home/rodep/rodep/test_ws/yano_ws/install/custom_interfaces/share/custom_interfaces/hook/pythonpath.sh'
[6.802s] Level 1:colcon.colcon_core.environment:checking '/home/rodep/rodep/test_ws/yano_ws/install/custom_interfaces/bin'
[6.802s] INFO:colcon.colcon_core.shell:Creating package script '/home/rodep/rodep/test_ws/yano_ws/install/custom_interfaces/share/custom_interfaces/package.ps1'
[6.803s] INFO:colcon.colcon_core.shell:Creating package descriptor '/home/rodep/rodep/test_ws/yano_ws/install/custom_interfaces/share/custom_interfaces/package.dsv'
[6.803s] INFO:colcon.colcon_core.shell:Creating package script '/home/rodep/rodep/test_ws/yano_ws/install/custom_interfaces/share/custom_interfaces/package.sh'
[6.803s] INFO:colcon.colcon_core.shell:Creating package script '/home/rodep/rodep/test_ws/yano_ws/install/custom_interfaces/share/custom_interfaces/package.bash'
[6.804s] INFO:colcon.colcon_core.shell:Creating package script '/home/rodep/rodep/test_ws/yano_ws/install/custom_interfaces/share/custom_interfaces/package.zsh'
[6.804s] Level 1:colcon.colcon_core.environment:create_file_with_runtime_dependencies(/home/rodep/rodep/test_ws/yano_ws/install/custom_interfaces/share/colcon-core/packages/custom_interfaces)
[6.804s] INFO:colcon.colcon_ros.task.ament_cmake.build:Building ROS package in '/home/rodep/rodep/test_ws/yano_ws/src/crawler_driver' with build type 'ament_cmake'
[6.804s] INFO:colcon.colcon_cmake.task.cmake.build:Building CMake package in '/home/rodep/rodep/test_ws/yano_ws/src/crawler_driver'
[6.805s] INFO:colcon.colcon_core.shell:Skip shell extension 'powershell' for command environment: Not usable outside of PowerShell
[6.805s] DEBUG:colcon.colcon_core.shell:Skip shell extension 'dsv' for command environment
[6.807s] INFO:colcon.colcon_ros.task.ament_cmake.build:Building ROS package in '/home/rodep/rodep/test_ws/yano_ws/src/flipper_driver' with build type 'ament_cmake'
[6.808s] INFO:colcon.colcon_cmake.task.cmake.build:Building CMake package in '/home/rodep/rodep/test_ws/yano_ws/src/flipper_driver'
[6.808s] INFO:colcon.colcon_core.shell:Skip shell extension 'powershell' for command environment: Not usable outside of PowerShell
[6.808s] DEBUG:colcon.colcon_core.shell:Skip shell extension 'dsv' for command environment
[6.810s] INFO:colcon.colcon_ros.task.ament_cmake.build:Building ROS package in '/home/rodep/rodep/test_ws/yano_ws/src/operator' with build type 'ament_cmake'
[6.810s] INFO:colcon.colcon_cmake.task.cmake.build:Building CMake package in '/home/rodep/rodep/test_ws/yano_ws/src/operator'
[6.810s] INFO:colcon.colcon_core.shell:Skip shell extension 'powershell' for command environment: Not usable outside of PowerShell
[6.810s] DEBUG:colcon.colcon_core.shell:Skip shell extension 'dsv' for command environment
[6.815s] DEBUG:colcon.colcon_core.event_handler.log_command:Invoking command in '/home/rodep/rodep/test_ws/yano_ws/build/crawler_driver': AMENT_PREFIX_PATH=/home/rodep/rodep/test_ws/yano_ws/install/custom_interfaces:${AMENT_PREFIX_PATH} CMAKE_PREFIX_PATH=/home/rodep/rodep/test_ws/yano_ws/install/custom_interfaces:/opt/ros/jazzy/opt/gz_math_vendor:/opt/ros/jazzy/opt/gz_utils_vendor:/opt/ros/jazzy/opt/gz_cmake_vendor:/opt/ros/jazzy DEBUGINFOD_URLS=https://debuginfod.ubuntu.com LD_LIBRARY_PATH=/home/rodep/rodep/test_ws/yano_ws/install/custom_interfaces/lib:${LD_LIBRARY_PATH} PYTHONPATH=/home/rodep/rodep/test_ws/yano_ws/install/custom_interfaces/lib/python3.12/site-packages:${PYTHONPATH} /usr/bin/cmake /home/rodep/rodep/test_ws/yano_ws/src/crawler_driver -DCMAKE_INSTALL_PREFIX=/home/rodep/rodep/test_ws/yano_ws/install/crawler_driver
[6.816s] DEBUG:colcon.colcon_core.event_handler.log_command:Invoking command in '/home/rodep/rodep/test_ws/yano_ws/build/flipper_driver': AMENT_PREFIX_PATH=/home/rodep/rodep/test_ws/yano_ws/install/custom_interfaces:${AMENT_PREFIX_PATH} CMAKE_PREFIX_PATH=/home/rodep/rodep/test_ws/yano_ws/install/custom_interfaces:/opt/ros/jazzy/opt/gz_math_vendor:/opt/ros/jazzy/opt/gz_utils_vendor:/opt/ros/jazzy/opt/gz_cmake_vendor:/opt/ros/jazzy DEBUGINFOD_URLS=https://debuginfod.ubuntu.com LD_LIBRARY_PATH=/home/rodep/rodep/test_ws/yano_ws/install/custom_interfaces/lib:${LD_LIBRARY_PATH} PYTHONPATH=/home/rodep/rodep/test_ws/yano_ws/install/custom_interfaces/lib/python3.12/site-packages:${PYTHONPATH} /usr/bin/cmake /home/rodep/rodep/test_ws/yano_ws/src/flipper_driver -DCMAKE_INSTALL_PREFIX=/home/rodep/rodep/test_ws/yano_ws/install/flipper_driver
[6.819s] DEBUG:colcon.colcon_core.event_handler.log_command:Invoking command in '/home/rodep/rodep/test_ws/yano_ws/build/operator': AMENT_PREFIX_PATH=/home/rodep/rodep/test_ws/yano_ws/install/custom_interfaces:${AMENT_PREFIX_PATH} CMAKE_PREFIX_PATH=/home/rodep/rodep/test_ws/yano_ws/install/custom_interfaces:/opt/ros/jazzy/opt/gz_math_vendor:/opt/ros/jazzy/opt/gz_utils_vendor:/opt/ros/jazzy/opt/gz_cmake_vendor:/opt/ros/jazzy DEBUGINFOD_URLS=https://debuginfod.ubuntu.com LD_LIBRARY_PATH=/home/rodep/rodep/test_ws/yano_ws/install/custom_interfaces/lib:${LD_LIBRARY_PATH} PYTHONPATH=/home/rodep/rodep/test_ws/yano_ws/install/custom_interfaces/lib/python3.12/site-packages:${PYTHONPATH} /usr/bin/cmake /home/rodep/rodep/test_ws/yano_ws/src/operator -DCMAKE_INSTALL_PREFIX=/home/rodep/rodep/test_ws/yano_ws/install/operator
[7.884s] DEBUG:colcon.colcon_core.event_handler.log_command:Invoked command in '/home/rodep/rodep/test_ws/yano_ws/build/flipper_driver' returned '0': AMENT_PREFIX_PATH=/home/rodep/rodep/test_ws/yano_ws/install/custom_interfaces:${AMENT_PREFIX_PATH} CMAKE_PREFIX_PATH=/home/rodep/rodep/test_ws/yano_ws/install/custom_interfaces:/opt/ros/jazzy/opt/gz_math_vendor:/opt/ros/jazzy/opt/gz_utils_vendor:/opt/ros/jazzy/opt/gz_cmake_vendor:/opt/ros/jazzy DEBUGINFOD_URLS=https://debuginfod.ubuntu.com LD_LIBRARY_PATH=/home/rodep/rodep/test_ws/yano_ws/install/custom_interfaces/lib:${LD_LIBRARY_PATH} PYTHONPATH=/home/rodep/rodep/test_ws/yano_ws/install/custom_interfaces/lib/python3.12/site-packages:${PYTHONPATH} /usr/bin/cmake /home/rodep/rodep/test_ws/yano_ws/src/flipper_driver -DCMAKE_INSTALL_PREFIX=/home/rodep/rodep/test_ws/yano_ws/install/flipper_driver
[7.886s] DEBUG:colcon.colcon_core.event_handler.log_command:Invoking command in '/home/rodep/rodep/test_ws/yano_ws/build/flipper_driver': AMENT_PREFIX_PATH=/home/rodep/rodep/test_ws/yano_ws/install/custom_interfaces:${AMENT_PREFIX_PATH} CMAKE_PREFIX_PATH=/home/rodep/rodep/test_ws/yano_ws/install/custom_interfaces:/opt/ros/jazzy/opt/gz_math_vendor:/opt/ros/jazzy/opt/gz_utils_vendor:/opt/ros/jazzy/opt/gz_cmake_vendor:/opt/ros/jazzy DEBUGINFOD_URLS=https://debuginfod.ubuntu.com LD_LIBRARY_PATH=/home/rodep/rodep/test_ws/yano_ws/install/custom_interfaces/lib:${LD_LIBRARY_PATH} PYTHONPATH=/home/rodep/rodep/test_ws/yano_ws/install/custom_interfaces/lib/python3.12/site-packages:${PYTHONPATH} /usr/bin/cmake --build /home/rodep/rodep/test_ws/yano_ws/build/flipper_driver -- -j8 -l8
[7.910s] DEBUG:colcon.colcon_core.event_handler.log_command:Invoked command in '/home/rodep/rodep/test_ws/yano_ws/build/crawler_driver' returned '0': AMENT_PREFIX_PATH=/home/rodep/rodep/test_ws/yano_ws/install/custom_interfaces:${AMENT_PREFIX_PATH} CMAKE_PREFIX_PATH=/home/rodep/rodep/test_ws/yano_ws/install/custom_interfaces:/opt/ros/jazzy/opt/gz_math_vendor:/opt/ros/jazzy/opt/gz_utils_vendor:/opt/ros/jazzy/opt/gz_cmake_vendor:/opt/ros/jazzy DEBUGINFOD_URLS=https://debuginfod.ubuntu.com LD_LIBRARY_PATH=/home/rodep/rodep/test_ws/yano_ws/install/custom_interfaces/lib:${LD_LIBRARY_PATH} PYTHONPATH=/home/rodep/rodep/test_ws/yano_ws/install/custom_interfaces/lib/python3.12/site-packages:${PYTHONPATH} /usr/bin/cmake /home/rodep/rodep/test_ws/yano_ws/src/crawler_driver -DCMAKE_INSTALL_PREFIX=/home/rodep/rodep/test_ws/yano_ws/install/crawler_driver
[7.911s] DEBUG:colcon.colcon_core.event_handler.log_command:Invoking command in '/home/rodep/rodep/test_ws/yano_ws/build/crawler_driver': AMENT_PREFIX_PATH=/home/rodep/rodep/test_ws/yano_ws/install/custom_interfaces:${AMENT_PREFIX_PATH} CMAKE_PREFIX_PATH=/home/rodep/rodep/test_ws/yano_ws/install/custom_interfaces:/opt/ros/jazzy/opt/gz_math_vendor:/opt/ros/jazzy/opt/gz_utils_vendor:/opt/ros/jazzy/opt/gz_cmake_vendor:/opt/ros/jazzy DEBUGINFOD_URLS=https://debuginfod.ubuntu.com LD_LIBRARY_PATH=/home/rodep/rodep/test_ws/yano_ws/install/custom_interfaces/lib:${LD_LIBRARY_PATH} PYTHONPATH=/home/rodep/rodep/test_ws/yano_ws/install/custom_interfaces/lib/python3.12/site-packages:${PYTHONPATH} /usr/bin/cmake --build /home/rodep/rodep/test_ws/yano_ws/build/crawler_driver -- -j8 -l8
[7.994s] DEBUG:colcon.colcon_core.event_handler.log_command:Invoked command in '/home/rodep/rodep/test_ws/yano_ws/build/operator' returned '0': AMENT_PREFIX_PATH=/home/rodep/rodep/test_ws/yano_ws/install/custom_interfaces:${AMENT_PREFIX_PATH} CMAKE_PREFIX_PATH=/home/rodep/rodep/test_ws/yano_ws/install/custom_interfaces:/opt/ros/jazzy/opt/gz_math_vendor:/opt/ros/jazzy/opt/gz_utils_vendor:/opt/ros/jazzy/opt/gz_cmake_vendor:/opt/ros/jazzy DEBUGINFOD_URLS=https://debuginfod.ubuntu.com LD_LIBRARY_PATH=/home/rodep/rodep/test_ws/yano_ws/install/custom_interfaces/lib:${LD_LIBRARY_PATH} PYTHONPATH=/home/rodep/rodep/test_ws/yano_ws/install/custom_interfaces/lib/python3.12/site-packages:${PYTHONPATH} /usr/bin/cmake /home/rodep/rodep/test_ws/yano_ws/src/operator -DCMAKE_INSTALL_PREFIX=/home/rodep/rodep/test_ws/yano_ws/install/operator
[7.995s] DEBUG:colcon.colcon_core.event_handler.log_command:Invoking command in '/home/rodep/rodep/test_ws/yano_ws/build/operator': AMENT_PREFIX_PATH=/home/rodep/rodep/test_ws/yano_ws/install/custom_interfaces:${AMENT_PREFIX_PATH} CMAKE_PREFIX_PATH=/home/rodep/rodep/test_ws/yano_ws/install/custom_interfaces:/opt/ros/jazzy/opt/gz_math_vendor:/opt/ros/jazzy/opt/gz_utils_vendor:/opt/ros/jazzy/opt/gz_cmake_vendor:/opt/ros/jazzy DEBUGINFOD_URLS=https://debuginfod.ubuntu.com LD_LIBRARY_PATH=/home/rodep/rodep/test_ws/yano_ws/install/custom_interfaces/lib:${LD_LIBRARY_PATH} PYTHONPATH=/home/rodep/rodep/test_ws/yano_ws/install/custom_interfaces/lib/python3.12/site-packages:${PYTHONPATH} /usr/bin/cmake --build /home/rodep/rodep/test_ws/yano_ws/build/operator -- -j8 -l8
[9.188s] DEBUG:colcon.colcon_core.event_handler.log_command:Invoked command in '/home/rodep/rodep/test_ws/yano_ws/build/usb_camera' returned '0': CMAKE_PREFIX_PATH=${CMAKE_PREFIX_PATH}:/opt/ros/jazzy DEBUGINFOD_URLS=https://debuginfod.ubuntu.com /usr/bin/cmake --build /home/rodep/rodep/test_ws/yano_ws/build/usb_camera -- -j8 -l8
[9.189s] DEBUG:colcon.colcon_core.event_handler.log_command:Invoking command in '/home/rodep/rodep/test_ws/yano_ws/build/usb_camera': CMAKE_PREFIX_PATH=${CMAKE_PREFIX_PATH}:/opt/ros/jazzy DEBUGINFOD_URLS=https://debuginfod.ubuntu.com /usr/bin/cmake --install /home/rodep/rodep/test_ws/yano_ws/build/usb_camera
[9.199s] Level 1:colcon.colcon_core.environment:create_environment_scripts_only(usb_camera)
[9.200s] Level 1:colcon.colcon_core.environment:checking '/home/rodep/rodep/test_ws/yano_ws/install/usb_camera' for CMake module files
[9.200s] DEBUG:colcon.colcon_core.event_handler.log_command:Invoked command in '/home/rodep/rodep/test_ws/yano_ws/build/usb_camera' returned '0': CMAKE_PREFIX_PATH=${CMAKE_PREFIX_PATH}:/opt/ros/jazzy DEBUGINFOD_URLS=https://debuginfod.ubuntu.com /usr/bin/cmake --install /home/rodep/rodep/test_ws/yano_ws/build/usb_camera
[9.200s] Level 1:colcon.colcon_core.environment:checking '/home/rodep/rodep/test_ws/yano_ws/install/usb_camera' for CMake config files
[9.201s] Level 1:colcon.colcon_core.shell:create_environment_hook('usb_camera', 'cmake_prefix_path')
[9.201s] INFO:colcon.colcon_core.shell:Creating environment hook '/home/rodep/rodep/test_ws/yano_ws/install/usb_camera/share/usb_camera/hook/cmake_prefix_path.ps1'
[9.201s] INFO:colcon.colcon_core.shell:Creating environment descriptor '/home/rodep/rodep/test_ws/yano_ws/install/usb_camera/share/usb_camera/hook/cmake_prefix_path.dsv'
[9.201s] INFO:colcon.colcon_core.shell:Creating environment hook '/home/rodep/rodep/test_ws/yano_ws/install/usb_camera/share/usb_camera/hook/cmake_prefix_path.sh'
[9.202s] Level 1:colcon.colcon_core.environment:checking '/home/rodep/rodep/test_ws/yano_ws/install/usb_camera/lib'
[9.202s] Level 1:colcon.colcon_core.environment:checking '/home/rodep/rodep/test_ws/yano_ws/install/usb_camera/bin'
[9.202s] Level 1:colcon.colcon_core.environment:checking '/home/rodep/rodep/test_ws/yano_ws/install/usb_camera/lib/pkgconfig/usb_camera.pc'
[9.202s] Level 1:colcon.colcon_core.environment:checking '/home/rodep/rodep/test_ws/yano_ws/install/usb_camera/lib/python3.12/site-packages'
[9.202s] Level 1:colcon.colcon_core.environment:checking '/home/rodep/rodep/test_ws/yano_ws/install/usb_camera/bin'
[9.203s] INFO:colcon.colcon_core.shell:Creating package script '/home/rodep/rodep/test_ws/yano_ws/install/usb_camera/share/usb_camera/package.ps1'
[9.203s] INFO:colcon.colcon_core.shell:Creating package descriptor '/home/rodep/rodep/test_ws/yano_ws/install/usb_camera/share/usb_camera/package.dsv'
[9.203s] INFO:colcon.colcon_core.shell:Creating package script '/home/rodep/rodep/test_ws/yano_ws/install/usb_camera/share/usb_camera/package.sh'
[9.204s] INFO:colcon.colcon_core.shell:Creating package script '/home/rodep/rodep/test_ws/yano_ws/install/usb_camera/share/usb_camera/package.bash'
[9.204s] INFO:colcon.colcon_core.shell:Creating package script '/home/rodep/rodep/test_ws/yano_ws/install/usb_camera/share/usb_camera/package.zsh'
[9.204s] Level 1:colcon.colcon_core.environment:create_file_with_runtime_dependencies(/home/rodep/rodep/test_ws/yano_ws/install/usb_camera/share/colcon-core/packages/usb_camera)
[9.205s] Level 1:colcon.colcon_core.environment:create_environment_scripts_only(usb_camera)
[9.205s] Level 1:colcon.colcon_core.environment:checking '/home/rodep/rodep/test_ws/yano_ws/install/usb_camera' for CMake module files
[9.205s] Level 1:colcon.colcon_core.environment:checking '/home/rodep/rodep/test_ws/yano_ws/install/usb_camera' for CMake config files
[9.206s] Level 1:colcon.colcon_core.shell:create_environment_hook('usb_camera', 'cmake_prefix_path')
[9.206s] INFO:colcon.colcon_core.shell:Creating environment hook '/home/rodep/rodep/test_ws/yano_ws/install/usb_camera/share/usb_camera/hook/cmake_prefix_path.ps1'
[9.206s] INFO:colcon.colcon_core.shell:Creating environment descriptor '/home/rodep/rodep/test_ws/yano_ws/install/usb_camera/share/usb_camera/hook/cmake_prefix_path.dsv'
[9.206s] INFO:colcon.colcon_core.shell:Creating environment hook '/home/rodep/rodep/test_ws/yano_ws/install/usb_camera/share/usb_camera/hook/cmake_prefix_path.sh'
[9.207s] Level 1:colcon.colcon_core.environment:checking '/home/rodep/rodep/test_ws/yano_ws/install/usb_camera/lib'
[9.207s] Level 1:colcon.colcon_core.environment:checking '/home/rodep/rodep/test_ws/yano_ws/install/usb_camera/bin'
[9.207s] Level 1:colcon.colcon_core.environment:checking '/home/rodep/rodep/test_ws/yano_ws/install/usb_camera/lib/pkgconfig/usb_camera.pc'
[9.207s] Level 1:colcon.colcon_core.environment:checking '/home/rodep/rodep/test_ws/yano_ws/install/usb_camera/lib/python3.12/site-packages'
[9.207s] Level 1:colcon.colcon_core.environment:checking '/home/rodep/rodep/test_ws/yano_ws/install/usb_camera/bin'
[9.208s] INFO:colcon.colcon_core.shell:Creating package script '/home/rodep/rodep/test_ws/yano_ws/install/usb_camera/share/usb_camera/package.ps1'
[9.208s] INFO:colcon.colcon_core.shell:Creating package descriptor '/home/rodep/rodep/test_ws/yano_ws/install/usb_camera/share/usb_camera/package.dsv'
[9.209s] INFO:colcon.colcon_core.shell:Creating package script '/home/rodep/rodep/test_ws/yano_ws/install/usb_camera/share/usb_camera/package.sh'
[9.209s] INFO:colcon.colcon_core.shell:Creating package script '/home/rodep/rodep/test_ws/yano_ws/install/usb_camera/share/usb_camera/package.bash'
[9.209s] INFO:colcon.colcon_core.shell:Creating package script '/home/rodep/rodep/test_ws/yano_ws/install/usb_camera/share/usb_camera/package.zsh'
[9.210s] Level 1:colcon.colcon_core.environment:create_file_with_runtime_dependencies(/home/rodep/rodep/test_ws/yano_ws/install/usb_camera/share/colcon-core/packages/usb_camera)
[16.584s] DEBUG:colcon.colcon_core.event_handler.log_command:Invoked command in '/home/rodep/rodep/test_ws/yano_ws/build/operator' returned '0': AMENT_PREFIX_PATH=/home/rodep/rodep/test_ws/yano_ws/install/custom_interfaces:${AMENT_PREFIX_PATH} CMAKE_PREFIX_PATH=/home/rodep/rodep/test_ws/yano_ws/install/custom_interfaces:/opt/ros/jazzy/opt/gz_math_vendor:/opt/ros/jazzy/opt/gz_utils_vendor:/opt/ros/jazzy/opt/gz_cmake_vendor:/opt/ros/jazzy DEBUGINFOD_URLS=https://debuginfod.ubuntu.com LD_LIBRARY_PATH=/home/rodep/rodep/test_ws/yano_ws/install/custom_interfaces/lib:${LD_LIBRARY_PATH} PYTHONPATH=/home/rodep/rodep/test_ws/yano_ws/install/custom_interfaces/lib/python3.12/site-packages:${PYTHONPATH} /usr/bin/cmake --build /home/rodep/rodep/test_ws/yano_ws/build/operator -- -j8 -l8
[16.585s] DEBUG:colcon.colcon_core.event_handler.log_command:Invoking command in '/home/rodep/rodep/test_ws/yano_ws/build/operator': AMENT_PREFIX_PATH=/home/rodep/rodep/test_ws/yano_ws/install/custom_interfaces:${AMENT_PREFIX_PATH} CMAKE_PREFIX_PATH=/home/rodep/rodep/test_ws/yano_ws/install/custom_interfaces:/opt/ros/jazzy/opt/gz_math_vendor:/opt/ros/jazzy/opt/gz_utils_vendor:/opt/ros/jazzy/opt/gz_cmake_vendor:/opt/ros/jazzy DEBUGINFOD_URLS=https://debuginfod.ubuntu.com LD_LIBRARY_PATH=/home/rodep/rodep/test_ws/yano_ws/install/custom_interfaces/lib:${LD_LIBRARY_PATH} PYTHONPATH=/home/rodep/rodep/test_ws/yano_ws/install/custom_interfaces/lib/python3.12/site-packages:${PYTHONPATH} /usr/bin/cmake --install /home/rodep/rodep/test_ws/yano_ws/build/operator
[16.597s] Level 1:colcon.colcon_core.environment:create_environment_scripts_only(operator)
[16.597s] DEBUG:colcon.colcon_core.event_handler.log_command:Invoked command in '/home/rodep/rodep/test_ws/yano_ws/build/operator' returned '0': AMENT_PREFIX_PATH=/home/rodep/rodep/test_ws/yano_ws/install/custom_interfaces:${AMENT_PREFIX_PATH} CMAKE_PREFIX_PATH=/home/rodep/rodep/test_ws/yano_ws/install/custom_interfaces:/opt/ros/jazzy/opt/gz_math_vendor:/opt/ros/jazzy/opt/gz_utils_vendor:/opt/ros/jazzy/opt/gz_cmake_vendor:/opt/ros/jazzy DEBUGINFOD_URLS=https://debuginfod.ubuntu.com LD_LIBRARY_PATH=/home/rodep/rodep/test_ws/yano_ws/install/custom_interfaces/lib:${LD_LIBRARY_PATH} PYTHONPATH=/home/rodep/rodep/test_ws/yano_ws/install/custom_interfaces/lib/python3.12/site-packages:${PYTHONPATH} /usr/bin/cmake --install /home/rodep/rodep/test_ws/yano_ws/build/operator
[16.597s] Level 1:colcon.colcon_core.environment:checking '/home/rodep/rodep/test_ws/yano_ws/install/operator' for CMake module files
[16.598s] Level 1:colcon.colcon_core.environment:checking '/home/rodep/rodep/test_ws/yano_ws/install/operator' for CMake config files
[16.598s] Level 1:colcon.colcon_core.shell:create_environment_hook('operator', 'cmake_prefix_path')
[16.598s] INFO:colcon.colcon_core.shell:Creating environment hook '/home/rodep/rodep/test_ws/yano_ws/install/operator/share/operator/hook/cmake_prefix_path.ps1'
[16.598s] INFO:colcon.colcon_core.shell:Creating environment descriptor '/home/rodep/rodep/test_ws/yano_ws/install/operator/share/operator/hook/cmake_prefix_path.dsv'
[16.599s] INFO:colcon.colcon_core.shell:Creating environment hook '/home/rodep/rodep/test_ws/yano_ws/install/operator/share/operator/hook/cmake_prefix_path.sh'
[16.599s] Level 1:colcon.colcon_core.environment:checking '/home/rodep/rodep/test_ws/yano_ws/install/operator/lib'
[16.599s] Level 1:colcon.colcon_core.environment:checking '/home/rodep/rodep/test_ws/yano_ws/install/operator/bin'
[16.599s] Level 1:colcon.colcon_core.environment:checking '/home/rodep/rodep/test_ws/yano_ws/install/operator/lib/pkgconfig/operator.pc'
[16.599s] Level 1:colcon.colcon_core.environment:checking '/home/rodep/rodep/test_ws/yano_ws/install/operator/lib/python3.12/site-packages'
[16.600s] Level 1:colcon.colcon_core.environment:checking '/home/rodep/rodep/test_ws/yano_ws/install/operator/bin'
[16.600s] INFO:colcon.colcon_core.shell:Creating package script '/home/rodep/rodep/test_ws/yano_ws/install/operator/share/operator/package.ps1'
[16.600s] INFO:colcon.colcon_core.shell:Creating package descriptor '/home/rodep/rodep/test_ws/yano_ws/install/operator/share/operator/package.dsv'
[16.601s] INFO:colcon.colcon_core.shell:Creating package script '/home/rodep/rodep/test_ws/yano_ws/install/operator/share/operator/package.sh'
[16.601s] INFO:colcon.colcon_core.shell:Creating package script '/home/rodep/rodep/test_ws/yano_ws/install/operator/share/operator/package.bash'
[16.601s] INFO:colcon.colcon_core.shell:Creating package script '/home/rodep/rodep/test_ws/yano_ws/install/operator/share/operator/package.zsh'
[16.601s] Level 1:colcon.colcon_core.environment:create_file_with_runtime_dependencies(/home/rodep/rodep/test_ws/yano_ws/install/operator/share/colcon-core/packages/operator)
[16.602s] Level 1:colcon.colcon_core.environment:create_environment_scripts_only(operator)
[16.602s] Level 1:colcon.colcon_core.environment:checking '/home/rodep/rodep/test_ws/yano_ws/install/operator' for CMake module files
[16.602s] Level 1:colcon.colcon_core.environment:checking '/home/rodep/rodep/test_ws/yano_ws/install/operator' for CMake config files
[16.603s] Level 1:colcon.colcon_core.shell:create_environment_hook('operator', 'cmake_prefix_path')
[16.603s] INFO:colcon.colcon_core.shell:Creating environment hook '/home/rodep/rodep/test_ws/yano_ws/install/operator/share/operator/hook/cmake_prefix_path.ps1'
[16.603s] INFO:colcon.colcon_core.shell:Creating environment descriptor '/home/rodep/rodep/test_ws/yano_ws/install/operator/share/operator/hook/cmake_prefix_path.dsv'
[16.603s] INFO:colcon.colcon_core.shell:Creating environment hook '/home/rodep/rodep/test_ws/yano_ws/install/operator/share/operator/hook/cmake_prefix_path.sh'
[16.604s] Level 1:colcon.colcon_core.environment:checking '/home/rodep/rodep/test_ws/yano_ws/install/operator/lib'
[16.604s] Level 1:colcon.colcon_core.environment:checking '/home/rodep/rodep/test_ws/yano_ws/install/operator/bin'
[16.604s] Level 1:colcon.colcon_core.environment:checking '/home/rodep/rodep/test_ws/yano_ws/install/operator/lib/pkgconfig/operator.pc'
[16.604s] Level 1:colcon.colcon_core.environment:checking '/home/rodep/rodep/test_ws/yano_ws/install/operator/lib/python3.12/site-packages'
[16.604s] Level 1:colcon.colcon_core.environment:checking '/home/rodep/rodep/test_ws/yano_ws/install/operator/bin'
[16.605s] INFO:colcon.colcon_core.shell:Creating package script '/home/rodep/rodep/test_ws/yano_ws/install/operator/share/operator/package.ps1'
[16.605s] INFO:colcon.colcon_core.shell:Creating package descriptor '/home/rodep/rodep/test_ws/yano_ws/install/operator/share/operator/package.dsv'
[16.605s] INFO:colcon.colcon_core.shell:Creating package script '/home/rodep/rodep/test_ws/yano_ws/install/operator/share/operator/package.sh'
[16.606s] INFO:colcon.colcon_core.shell:Creating package script '/home/rodep/rodep/test_ws/yano_ws/install/operator/share/operator/package.bash'
[16.606s] INFO:colcon.colcon_core.shell:Creating package script '/home/rodep/rodep/test_ws/yano_ws/install/operator/share/operator/package.zsh'
[16.606s] Level 1:colcon.colcon_core.environment:create_file_with_runtime_dependencies(/home/rodep/rodep/test_ws/yano_ws/install/operator/share/colcon-core/packages/operator)
[17.295s] DEBUG:colcon.colcon_core.event_handler.log_command:Invoked command in '/home/rodep/rodep/test_ws/yano_ws/build/flipper_driver' returned '0': AMENT_PREFIX_PATH=/home/rodep/rodep/test_ws/yano_ws/install/custom_interfaces:${AMENT_PREFIX_PATH} CMAKE_PREFIX_PATH=/home/rodep/rodep/test_ws/yano_ws/install/custom_interfaces:/opt/ros/jazzy/opt/gz_math_vendor:/opt/ros/jazzy/opt/gz_utils_vendor:/opt/ros/jazzy/opt/gz_cmake_vendor:/opt/ros/jazzy DEBUGINFOD_URLS=https://debuginfod.ubuntu.com LD_LIBRARY_PATH=/home/rodep/rodep/test_ws/yano_ws/install/custom_interfaces/lib:${LD_LIBRARY_PATH} PYTHONPATH=/home/rodep/rodep/test_ws/yano_ws/install/custom_interfaces/lib/python3.12/site-packages:${PYTHONPATH} /usr/bin/cmake --build /home/rodep/rodep/test_ws/yano_ws/build/flipper_driver -- -j8 -l8
[17.296s] DEBUG:colcon.colcon_core.event_handler.log_command:Invoking command in '/home/rodep/rodep/test_ws/yano_ws/build/flipper_driver': AMENT_PREFIX_PATH=/home/rodep/rodep/test_ws/yano_ws/install/custom_interfaces:${AMENT_PREFIX_PATH} CMAKE_PREFIX_PATH=/home/rodep/rodep/test_ws/yano_ws/install/custom_interfaces:/opt/ros/jazzy/opt/gz_math_vendor:/opt/ros/jazzy/opt/gz_utils_vendor:/opt/ros/jazzy/opt/gz_cmake_vendor:/opt/ros/jazzy DEBUGINFOD_URLS=https://debuginfod.ubuntu.com LD_LIBRARY_PATH=/home/rodep/rodep/test_ws/yano_ws/install/custom_interfaces/lib:${LD_LIBRARY_PATH} PYTHONPATH=/home/rodep/rodep/test_ws/yano_ws/install/custom_interfaces/lib/python3.12/site-packages:${PYTHONPATH} /usr/bin/cmake --install /home/rodep/rodep/test_ws/yano_ws/build/flipper_driver
[17.309s] Level 1:colcon.colcon_core.environment:create_environment_scripts_only(flipper_driver)
[17.309s] Level 1:colcon.colcon_core.environment:checking '/home/rodep/rodep/test_ws/yano_ws/install/flipper_driver' for CMake module files
[17.309s] DEBUG:colcon.colcon_core.event_handler.log_command:Invoked command in '/home/rodep/rodep/test_ws/yano_ws/build/flipper_driver' returned '0': AMENT_PREFIX_PATH=/home/rodep/rodep/test_ws/yano_ws/install/custom_interfaces:${AMENT_PREFIX_PATH} CMAKE_PREFIX_PATH=/home/rodep/rodep/test_ws/yano_ws/install/custom_interfaces:/opt/ros/jazzy/opt/gz_math_vendor:/opt/ros/jazzy/opt/gz_utils_vendor:/opt/ros/jazzy/opt/gz_cmake_vendor:/opt/ros/jazzy DEBUGINFOD_URLS=https://debuginfod.ubuntu.com LD_LIBRARY_PATH=/home/rodep/rodep/test_ws/yano_ws/install/custom_interfaces/lib:${LD_LIBRARY_PATH} PYTHONPATH=/home/rodep/rodep/test_ws/yano_ws/install/custom_interfaces/lib/python3.12/site-packages:${PYTHONPATH} /usr/bin/cmake --install /home/rodep/rodep/test_ws/yano_ws/build/flipper_driver
[17.310s] Level 1:colcon.colcon_core.environment:checking '/home/rodep/rodep/test_ws/yano_ws/install/flipper_driver' for CMake config files
[17.310s] Level 1:colcon.colcon_core.shell:create_environment_hook('flipper_driver', 'cmake_prefix_path')
[17.310s] INFO:colcon.colcon_core.shell:Creating environment hook '/home/rodep/rodep/test_ws/yano_ws/install/flipper_driver/share/flipper_driver/hook/cmake_prefix_path.ps1'
[17.310s] INFO:colcon.colcon_core.shell:Creating environment descriptor '/home/rodep/rodep/test_ws/yano_ws/install/flipper_driver/share/flipper_driver/hook/cmake_prefix_path.dsv'
[17.311s] INFO:colcon.colcon_core.shell:Creating environment hook '/home/rodep/rodep/test_ws/yano_ws/install/flipper_driver/share/flipper_driver/hook/cmake_prefix_path.sh'
[17.311s] Level 1:colcon.colcon_core.environment:checking '/home/rodep/rodep/test_ws/yano_ws/install/flipper_driver/lib'
[17.311s] Level 1:colcon.colcon_core.environment:checking '/home/rodep/rodep/test_ws/yano_ws/install/flipper_driver/bin'
[17.311s] Level 1:colcon.colcon_core.environment:checking '/home/rodep/rodep/test_ws/yano_ws/install/flipper_driver/lib/pkgconfig/flipper_driver.pc'
[17.311s] Level 1:colcon.colcon_core.environment:checking '/home/rodep/rodep/test_ws/yano_ws/install/flipper_driver/lib/python3.12/site-packages'
[17.312s] Level 1:colcon.colcon_core.environment:checking '/home/rodep/rodep/test_ws/yano_ws/install/flipper_driver/bin'
[17.312s] INFO:colcon.colcon_core.shell:Creating package script '/home/rodep/rodep/test_ws/yano_ws/install/flipper_driver/share/flipper_driver/package.ps1'
[17.312s] INFO:colcon.colcon_core.shell:Creating package descriptor '/home/rodep/rodep/test_ws/yano_ws/install/flipper_driver/share/flipper_driver/package.dsv'
[17.312s] INFO:colcon.colcon_core.shell:Creating package script '/home/rodep/rodep/test_ws/yano_ws/install/flipper_driver/share/flipper_driver/package.sh'
[17.313s] INFO:colcon.colcon_core.shell:Creating package script '/home/rodep/rodep/test_ws/yano_ws/install/flipper_driver/share/flipper_driver/package.bash'
[17.313s] INFO:colcon.colcon_core.shell:Creating package script '/home/rodep/rodep/test_ws/yano_ws/install/flipper_driver/share/flipper_driver/package.zsh'
[17.313s] Level 1:colcon.colcon_core.environment:create_file_with_runtime_dependencies(/home/rodep/rodep/test_ws/yano_ws/install/flipper_driver/share/colcon-core/packages/flipper_driver)
[17.314s] Level 1:colcon.colcon_core.environment:create_environment_scripts_only(flipper_driver)
[17.314s] Level 1:colcon.colcon_core.environment:checking '/home/rodep/rodep/test_ws/yano_ws/install/flipper_driver' for CMake module files
[17.314s] Level 1:colcon.colcon_core.environment:checking '/home/rodep/rodep/test_ws/yano_ws/install/flipper_driver' for CMake config files
[17.314s] Level 1:colcon.colcon_core.shell:create_environment_hook('flipper_driver', 'cmake_prefix_path')
[17.315s] INFO:colcon.colcon_core.shell:Creating environment hook '/home/rodep/rodep/test_ws/yano_ws/install/flipper_driver/share/flipper_driver/hook/cmake_prefix_path.ps1'
[17.315s] INFO:colcon.colcon_core.shell:Creating environment descriptor '/home/rodep/rodep/test_ws/yano_ws/install/flipper_driver/share/flipper_driver/hook/cmake_prefix_path.dsv'
[17.315s] INFO:colcon.colcon_core.shell:Creating environment hook '/home/rodep/rodep/test_ws/yano_ws/install/flipper_driver/share/flipper_driver/hook/cmake_prefix_path.sh'
[17.316s] Level 1:colcon.colcon_core.environment:checking '/home/rodep/rodep/test_ws/yano_ws/install/flipper_driver/lib'
[17.316s] Level 1:colcon.colcon_core.environment:checking '/home/rodep/rodep/test_ws/yano_ws/install/flipper_driver/bin'
[17.316s] Level 1:colcon.colcon_core.environment:checking '/home/rodep/rodep/test_ws/yano_ws/install/flipper_driver/lib/pkgconfig/flipper_driver.pc'
[17.316s] Level 1:colcon.colcon_core.environment:checking '/home/rodep/rodep/test_ws/yano_ws/install/flipper_driver/lib/python3.12/site-packages'
[17.316s] Level 1:colcon.colcon_core.environment:checking '/home/rodep/rodep/test_ws/yano_ws/install/flipper_driver/bin'
[17.316s] INFO:colcon.colcon_core.shell:Creating package script '/home/rodep/rodep/test_ws/yano_ws/install/flipper_driver/share/flipper_driver/package.ps1'
[17.317s] INFO:colcon.colcon_core.shell:Creating package descriptor '/home/rodep/rodep/test_ws/yano_ws/install/flipper_driver/share/flipper_driver/package.dsv'
[17.317s] INFO:colcon.colcon_core.shell:Creating package script '/home/rodep/rodep/test_ws/yano_ws/install/flipper_driver/share/flipper_driver/package.sh'
[17.318s] INFO:colcon.colcon_core.shell:Creating package script '/home/rodep/rodep/test_ws/yano_ws/install/flipper_driver/share/flipper_driver/package.bash'
[17.318s] INFO:colcon.colcon_core.shell:Creating package script '/home/rodep/rodep/test_ws/yano_ws/install/flipper_driver/share/flipper_driver/package.zsh'
[17.318s] Level 1:colcon.colcon_core.environment:create_file_with_runtime_dependencies(/home/rodep/rodep/test_ws/yano_ws/install/flipper_driver/share/colcon-core/packages/flipper_driver)
[19.872s] DEBUG:colcon.colcon_core.event_handler.log_command:Invoked command in '/home/rodep/rodep/test_ws/yano_ws/build/crawler_driver' returned '0': AMENT_PREFIX_PATH=/home/rodep/rodep/test_ws/yano_ws/install/custom_interfaces:${AMENT_PREFIX_PATH} CMAKE_PREFIX_PATH=/home/rodep/rodep/test_ws/yano_ws/install/custom_interfaces:/opt/ros/jazzy/opt/gz_math_vendor:/opt/ros/jazzy/opt/gz_utils_vendor:/opt/ros/jazzy/opt/gz_cmake_vendor:/opt/ros/jazzy DEBUGINFOD_URLS=https://debuginfod.ubuntu.com LD_LIBRARY_PATH=/home/rodep/rodep/test_ws/yano_ws/install/custom_interfaces/lib:${LD_LIBRARY_PATH} PYTHONPATH=/home/rodep/rodep/test_ws/yano_ws/install/custom_interfaces/lib/python3.12/site-packages:${PYTHONPATH} /usr/bin/cmake --build /home/rodep/rodep/test_ws/yano_ws/build/crawler_driver -- -j8 -l8
[19.872s] DEBUG:colcon.colcon_core.event_handler.log_command:Invoking command in '/home/rodep/rodep/test_ws/yano_ws/build/crawler_driver': AMENT_PREFIX_PATH=/home/rodep/rodep/test_ws/yano_ws/install/custom_interfaces:${AMENT_PREFIX_PATH} CMAKE_PREFIX_PATH=/home/rodep/rodep/test_ws/yano_ws/install/custom_interfaces:/opt/ros/jazzy/opt/gz_math_vendor:/opt/ros/jazzy/opt/gz_utils_vendor:/opt/ros/jazzy/opt/gz_cmake_vendor:/opt/ros/jazzy DEBUGINFOD_URLS=https://debuginfod.ubuntu.com LD_LIBRARY_PATH=/home/rodep/rodep/test_ws/yano_ws/install/custom_interfaces/lib:${LD_LIBRARY_PATH} PYTHONPATH=/home/rodep/rodep/test_ws/yano_ws/install/custom_interfaces/lib/python3.12/site-packages:${PYTHONPATH} /usr/bin/cmake --install /home/rodep/rodep/test_ws/yano_ws/build/crawler_driver
[19.886s] Level 1:colcon.colcon_core.environment:create_environment_scripts_only(crawler_driver)
[19.887s] Level 1:colcon.colcon_core.environment:checking '/home/rodep/rodep/test_ws/yano_ws/install/crawler_driver' for CMake module files
[19.887s] DEBUG:colcon.colcon_core.event_handler.log_command:Invoked command in '/home/rodep/rodep/test_ws/yano_ws/build/crawler_driver' returned '0': AMENT_PREFIX_PATH=/home/rodep/rodep/test_ws/yano_ws/install/custom_interfaces:${AMENT_PREFIX_PATH} CMAKE_PREFIX_PATH=/home/rodep/rodep/test_ws/yano_ws/install/custom_interfaces:/opt/ros/jazzy/opt/gz_math_vendor:/opt/ros/jazzy/opt/gz_utils_vendor:/opt/ros/jazzy/opt/gz_cmake_vendor:/opt/ros/jazzy DEBUGINFOD_URLS=https://debuginfod.ubuntu.com LD_LIBRARY_PATH=/home/rodep/rodep/test_ws/yano_ws/install/custom_interfaces/lib:${LD_LIBRARY_PATH} PYTHONPATH=/home/rodep/rodep/test_ws/yano_ws/install/custom_interfaces/lib/python3.12/site-packages:${PYTHONPATH} /usr/bin/cmake --install /home/rodep/rodep/test_ws/yano_ws/build/crawler_driver
[19.887s] Level 1:colcon.colcon_core.environment:checking '/home/rodep/rodep/test_ws/yano_ws/install/crawler_driver' for CMake config files
[19.887s] Level 1:colcon.colcon_core.shell:create_environment_hook('crawler_driver', 'cmake_prefix_path')
[19.887s] INFO:colcon.colcon_core.shell:Creating environment hook '/home/rodep/rodep/test_ws/yano_ws/install/crawler_driver/share/crawler_driver/hook/cmake_prefix_path.ps1'
[19.888s] INFO:colcon.colcon_core.shell:Creating environment descriptor '/home/rodep/rodep/test_ws/yano_ws/install/crawler_driver/share/crawler_driver/hook/cmake_prefix_path.dsv'
[19.888s] INFO:colcon.colcon_core.shell:Creating environment hook '/home/rodep/rodep/test_ws/yano_ws/install/crawler_driver/share/crawler_driver/hook/cmake_prefix_path.sh'
[19.889s] Level 1:colcon.colcon_core.environment:checking '/home/rodep/rodep/test_ws/yano_ws/install/crawler_driver/lib'
[19.889s] Level 1:colcon.colcon_core.environment:checking '/home/rodep/rodep/test_ws/yano_ws/install/crawler_driver/bin'
[19.889s] Level 1:colcon.colcon_core.environment:checking '/home/rodep/rodep/test_ws/yano_ws/install/crawler_driver/lib/pkgconfig/crawler_driver.pc'
[19.889s] Level 1:colcon.colcon_core.environment:checking '/home/rodep/rodep/test_ws/yano_ws/install/crawler_driver/lib/python3.12/site-packages'
[19.889s] Level 1:colcon.colcon_core.environment:checking '/home/rodep/rodep/test_ws/yano_ws/install/crawler_driver/bin'
[19.889s] INFO:colcon.colcon_core.shell:Creating package script '/home/rodep/rodep/test_ws/yano_ws/install/crawler_driver/share/crawler_driver/package.ps1'
[19.890s] INFO:colcon.colcon_core.shell:Creating package descriptor '/home/rodep/rodep/test_ws/yano_ws/install/crawler_driver/share/crawler_driver/package.dsv'
[19.890s] INFO:colcon.colcon_core.shell:Creating package script '/home/rodep/rodep/test_ws/yano_ws/install/crawler_driver/share/crawler_driver/package.sh'
[19.890s] INFO:colcon.colcon_core.shell:Creating package script '/home/rodep/rodep/test_ws/yano_ws/install/crawler_driver/share/crawler_driver/package.bash'
[19.890s] INFO:colcon.colcon_core.shell:Creating package script '/home/rodep/rodep/test_ws/yano_ws/install/crawler_driver/share/crawler_driver/package.zsh'
[19.891s] Level 1:colcon.colcon_core.environment:create_file_with_runtime_dependencies(/home/rodep/rodep/test_ws/yano_ws/install/crawler_driver/share/colcon-core/packages/crawler_driver)
[19.891s] Level 1:colcon.colcon_core.environment:create_environment_scripts_only(crawler_driver)
[19.891s] Level 1:colcon.colcon_core.environment:checking '/home/rodep/rodep/test_ws/yano_ws/install/crawler_driver' for CMake module files
[19.892s] Level 1:colcon.colcon_core.environment:checking '/home/rodep/rodep/test_ws/yano_ws/install/crawler_driver' for CMake config files
[19.892s] Level 1:colcon.colcon_core.shell:create_environment_hook('crawler_driver', 'cmake_prefix_path')
[19.892s] INFO:colcon.colcon_core.shell:Creating environment hook '/home/rodep/rodep/test_ws/yano_ws/install/crawler_driver/share/crawler_driver/hook/cmake_prefix_path.ps1'
[19.892s] INFO:colcon.colcon_core.shell:Creating environment descriptor '/home/rodep/rodep/test_ws/yano_ws/install/crawler_driver/share/crawler_driver/hook/cmake_prefix_path.dsv'
[19.892s] INFO:colcon.colcon_core.shell:Creating environment hook '/home/rodep/rodep/test_ws/yano_ws/install/crawler_driver/share/crawler_driver/hook/cmake_prefix_path.sh'
[19.893s] Level 1:colcon.colcon_core.environment:checking '/home/rodep/rodep/test_ws/yano_ws/install/crawler_driver/lib'
[19.893s] Level 1:colcon.colcon_core.environment:checking '/home/rodep/rodep/test_ws/yano_ws/install/crawler_driver/bin'
[19.893s] Level 1:colcon.colcon_core.environment:checking '/home/rodep/rodep/test_ws/yano_ws/install/crawler_driver/lib/pkgconfig/crawler_driver.pc'
[19.893s] Level 1:colcon.colcon_core.environment:checking '/home/rodep/rodep/test_ws/yano_ws/install/crawler_driver/lib/python3.12/site-packages'
[19.893s] Level 1:colcon.colcon_core.environment:checking '/home/rodep/rodep/test_ws/yano_ws/install/crawler_driver/bin'
[19.894s] INFO:colcon.colcon_core.shell:Creating package script '/home/rodep/rodep/test_ws/yano_ws/install/crawler_driver/share/crawler_driver/package.ps1'
[19.894s] INFO:colcon.colcon_core.shell:Creating package descriptor '/home/rodep/rodep/test_ws/yano_ws/install/crawler_driver/share/crawler_driver/package.dsv'
[19.894s] INFO:colcon.colcon_core.shell:Creating package script '/home/rodep/rodep/test_ws/yano_ws/install/crawler_driver/share/crawler_driver/package.sh'
[19.895s] INFO:colcon.colcon_core.shell:Creating package script '/home/rodep/rodep/test_ws/yano_ws/install/crawler_driver/share/crawler_driver/package.bash'
[19.895s] INFO:colcon.colcon_core.shell:Creating package script '/home/rodep/rodep/test_ws/yano_ws/install/crawler_driver/share/crawler_driver/package.zsh'
[19.895s] Level 1:colcon.colcon_core.environment:create_file_with_runtime_dependencies(/home/rodep/rodep/test_ws/yano_ws/install/crawler_driver/share/colcon-core/packages/crawler_driver)
[19.895s] DEBUG:colcon.colcon_parallel_executor.executor.parallel:closing loop
[19.896s] DEBUG:colcon.colcon_parallel_executor.executor.parallel:loop closed
[19.896s] DEBUG:colcon.colcon_parallel_executor.executor.parallel:run_until_complete finished with '0'
[19.896s] DEBUG:colcon.colcon_core.event_reactor:joining thread
[19.901s] INFO:colcon.colcon_core.plugin_system:Skipping extension 'colcon_notification.desktop_notification.terminal_notifier': Not used on non-Darwin systems
[19.901s] INFO:colcon.colcon_core.plugin_system:Skipping extension 'colcon_notification.desktop_notification.win32': Not used on non-Windows systems
[19.901s] INFO:colcon.colcon_notification.desktop_notification:Sending desktop notification using 'notify2'
[19.910s] DEBUG:colcon.colcon_core.event_reactor:joined thread
[19.911s] INFO:colcon.colcon_core.shell:Creating prefix script '/home/rodep/rodep/test_ws/yano_ws/install/local_setup.ps1'
[19.911s] INFO:colcon.colcon_core.shell:Creating prefix util module '/home/rodep/rodep/test_ws/yano_ws/install/_local_setup_util_ps1.py'
[19.912s] INFO:colcon.colcon_core.shell:Creating prefix chain script '/home/rodep/rodep/test_ws/yano_ws/install/setup.ps1'
[19.913s] INFO:colcon.colcon_core.shell:Creating prefix script '/home/rodep/rodep/test_ws/yano_ws/install/local_setup.sh'
[19.914s] INFO:colcon.colcon_core.shell:Creating prefix util module '/home/rodep/rodep/test_ws/yano_ws/install/_local_setup_util_sh.py'
[19.914s] INFO:colcon.colcon_core.shell:Creating prefix chain script '/home/rodep/rodep/test_ws/yano_ws/install/setup.sh'
[19.915s] INFO:colcon.colcon_core.shell:Creating prefix script '/home/rodep/rodep/test_ws/yano_ws/install/local_setup.bash'
[19.916s] INFO:colcon.colcon_core.shell:Creating prefix chain script '/home/rodep/rodep/test_ws/yano_ws/install/setup.bash'
[19.916s] INFO:colcon.colcon_core.shell:Creating prefix script '/home/rodep/rodep/test_ws/yano_ws/install/local_setup.zsh'
[19.917s] INFO:colcon.colcon_core.shell:Creating prefix chain script '/home/rodep/rodep/test_ws/yano_ws/install/setup.zsh'
