[0.100s] DEBUG:colcon:Command line arguments: ['/usr/bin/colcon', 'build']
[0.100s] DEBUG:colcon:Parsed command line arguments: Namespace(log_base=None, log_level=None, verb_name='build', build_base='build', install_base='install', merge_install=False, symlink_install=False, test_result_base=None, continue_on_error=False, executor='parallel', parallel_workers=8, event_handlers=None, ignore_user_meta=False, metas=['./colcon.meta'], base_paths=['.'], packages_ignore=None, packages_ignore_regex=None, paths=None, packages_up_to=None, packages_up_to_regex=None, packages_above=None, packages_above_and_dependencies=None, packages_above_depth=None, packages_select_by_dep=None, packages_skip_by_dep=None, packages_skip_up_to=None, packages_select_build_failed=False, packages_skip_build_finished=False, packages_select_test_failures=False, packages_skip_test_passed=False, packages_select=None, packages_skip=None, packages_select_regex=None, packages_skip_regex=None, packages_start=None, packages_end=None, allow_overriding=[], cmake_args=None, cmake_target=None, cmake_target_skip_unavailable=False, cmake_clean_cache=False, cmake_clean_first=False, cmake_force_configure=False, ament_cmake_args=None, catkin_cmake_args=None, catkin_skip_building_tests=False, mixin_files=None, mixin=None, verb_parser=<colcon_mixin.mixin.mixin_argument.MixinArgumentDecorator object at 0x7d70af290440>, verb_extension=<colcon_core.verb.build.BuildVerb object at 0x7d70af26b9b0>, main=<bound method BuildVerb.main of <colcon_core.verb.build.BuildVerb object at 0x7d70af26b9b0>>, mixin_verb=('build',))
[0.135s] Level 1:colcon.colcon_core.package_discovery:discover_packages(colcon_meta) check parameters
[0.135s] Level 1:colcon.colcon_core.package_discovery:discover_packages(recursive) check parameters
[0.135s] Level 1:colcon.colcon_core.package_discovery:discover_packages(ignore) check parameters
[0.135s] Level 1:colcon.colcon_core.package_discovery:discover_packages(path) check parameters
[0.135s] Level 1:colcon.colcon_core.package_discovery:discover_packages(colcon_meta) discover
[0.135s] Level 1:colcon.colcon_core.package_discovery:discover_packages(recursive) discover
[0.135s] INFO:colcon.colcon_core.package_discovery:Crawling recursively for packages in '/home/rodep/rodep/test_ws/yano_ws'
[0.135s] Level 1:colcon.colcon_core.package_identification:_identify(.) by extensions ['ignore', 'ignore_ament_install']
[0.135s] Level 1:colcon.colcon_core.package_identification:_identify(.) by extension 'ignore'
[0.135s] Level 1:colcon.colcon_core.package_identification:_identify(.) by extension 'ignore_ament_install'
[0.135s] Level 1:colcon.colcon_core.package_identification:_identify(.) by extensions ['colcon_pkg']
[0.135s] Level 1:colcon.colcon_core.package_identification:_identify(.) by extension 'colcon_pkg'
[0.135s] Level 1:colcon.colcon_core.package_identification:_identify(.) by extensions ['colcon_meta']
[0.135s] Level 1:colcon.colcon_core.package_identification:_identify(.) by extension 'colcon_meta'
[0.135s] Level 1:colcon.colcon_core.package_identification:_identify(.) by extensions ['ros']
[0.135s] Level 1:colcon.colcon_core.package_identification:_identify(.) by extension 'ros'
[0.159s] Level 1:colcon.colcon_core.package_identification:_identify(.) by extensions ['cmake', 'python']
[0.159s] Level 1:colcon.colcon_core.package_identification:_identify(.) by extension 'cmake'
[0.159s] Level 1:colcon.colcon_core.package_identification:_identify(.) by extension 'python'
[0.159s] Level 1:colcon.colcon_core.package_identification:_identify(.) by extensions ['python_setup_py']
[0.159s] Level 1:colcon.colcon_core.package_identification:_identify(.) by extension 'python_setup_py'
[0.159s] Level 1:colcon.colcon_core.package_identification:_identify(build) by extensions ['ignore', 'ignore_ament_install']
[0.159s] Level 1:colcon.colcon_core.package_identification:_identify(build) by extension 'ignore'
[0.159s] Level 1:colcon.colcon_core.package_identification:_identify(build) ignored
[0.159s] Level 1:colcon.colcon_core.package_identification:_identify(install) by extensions ['ignore', 'ignore_ament_install']
[0.159s] Level 1:colcon.colcon_core.package_identification:_identify(install) by extension 'ignore'
[0.159s] Level 1:colcon.colcon_core.package_identification:_identify(install) ignored
[0.160s] Level 1:colcon.colcon_core.package_identification:_identify(launch) by extensions ['ignore', 'ignore_ament_install']
[0.160s] Level 1:colcon.colcon_core.package_identification:_identify(launch) by extension 'ignore'
[0.160s] Level 1:colcon.colcon_core.package_identification:_identify(launch) by extension 'ignore_ament_install'
[0.160s] Level 1:colcon.colcon_core.package_identification:_identify(launch) by extensions ['colcon_pkg']
[0.160s] Level 1:colcon.colcon_core.package_identification:_identify(launch) by extension 'colcon_pkg'
[0.160s] Level 1:colcon.colcon_core.package_identification:_identify(launch) by extensions ['colcon_meta']
[0.160s] Level 1:colcon.colcon_core.package_identification:_identify(launch) by extension 'colcon_meta'
[0.160s] Level 1:colcon.colcon_core.package_identification:_identify(launch) by extensions ['ros']
[0.160s] Level 1:colcon.colcon_core.package_identification:_identify(launch) by extension 'ros'
[0.160s] Level 1:colcon.colcon_core.package_identification:_identify(launch) by extensions ['cmake', 'python']
[0.160s] Level 1:colcon.colcon_core.package_identification:_identify(launch) by extension 'cmake'
[0.160s] Level 1:colcon.colcon_core.package_identification:_identify(launch) by extension 'python'
[0.160s] Level 1:colcon.colcon_core.package_identification:_identify(launch) by extensions ['python_setup_py']
[0.160s] Level 1:colcon.colcon_core.package_identification:_identify(launch) by extension 'python_setup_py'
[0.160s] Level 1:colcon.colcon_core.package_identification:_identify(launch/__pycache__) by extensions ['ignore', 'ignore_ament_install']
[0.160s] Level 1:colcon.colcon_core.package_identification:_identify(launch/__pycache__) by extension 'ignore'
[0.160s] Level 1:colcon.colcon_core.package_identification:_identify(launch/__pycache__) by extension 'ignore_ament_install'
[0.160s] Level 1:colcon.colcon_core.package_identification:_identify(launch/__pycache__) by extensions ['colcon_pkg']
[0.160s] Level 1:colcon.colcon_core.package_identification:_identify(launch/__pycache__) by extension 'colcon_pkg'
[0.160s] Level 1:colcon.colcon_core.package_identification:_identify(launch/__pycache__) by extensions ['colcon_meta']
[0.160s] Level 1:colcon.colcon_core.package_identification:_identify(launch/__pycache__) by extension 'colcon_meta'
[0.160s] Level 1:colcon.colcon_core.package_identification:_identify(launch/__pycache__) by extensions ['ros']
[0.160s] Level 1:colcon.colcon_core.package_identification:_identify(launch/__pycache__) by extension 'ros'
[0.161s] Level 1:colcon.colcon_core.package_identification:_identify(launch/__pycache__) by extensions ['cmake', 'python']
[0.161s] Level 1:colcon.colcon_core.package_identification:_identify(launch/__pycache__) by extension 'cmake'
[0.161s] Level 1:colcon.colcon_core.package_identification:_identify(launch/__pycache__) by extension 'python'
[0.161s] Level 1:colcon.colcon_core.package_identification:_identify(launch/__pycache__) by extensions ['python_setup_py']
[0.161s] Level 1:colcon.colcon_core.package_identification:_identify(launch/__pycache__) by extension 'python_setup_py'
[0.161s] Level 1:colcon.colcon_core.package_identification:_identify(log) by extensions ['ignore', 'ignore_ament_install']
[0.161s] Level 1:colcon.colcon_core.package_identification:_identify(log) by extension 'ignore'
[0.161s] Level 1:colcon.colcon_core.package_identification:_identify(log) ignored
[0.161s] Level 1:colcon.colcon_core.package_identification:_identify(src) by extensions ['ignore', 'ignore_ament_install']
[0.161s] Level 1:colcon.colcon_core.package_identification:_identify(src) by extension 'ignore'
[0.161s] Level 1:colcon.colcon_core.package_identification:_identify(src) by extension 'ignore_ament_install'
[0.161s] Level 1:colcon.colcon_core.package_identification:_identify(src) by extensions ['colcon_pkg']
[0.161s] Level 1:colcon.colcon_core.package_identification:_identify(src) by extension 'colcon_pkg'
[0.161s] Level 1:colcon.colcon_core.package_identification:_identify(src) by extensions ['colcon_meta']
[0.161s] Level 1:colcon.colcon_core.package_identification:_identify(src) by extension 'colcon_meta'
[0.161s] Level 1:colcon.colcon_core.package_identification:_identify(src) by extensions ['ros']
[0.161s] Level 1:colcon.colcon_core.package_identification:_identify(src) by extension 'ros'
[0.161s] Level 1:colcon.colcon_core.package_identification:_identify(src) by extensions ['cmake', 'python']
[0.161s] Level 1:colcon.colcon_core.package_identification:_identify(src) by extension 'cmake'
[0.161s] Level 1:colcon.colcon_core.package_identification:_identify(src) by extension 'python'
[0.161s] Level 1:colcon.colcon_core.package_identification:_identify(src) by extensions ['python_setup_py']
[0.161s] Level 1:colcon.colcon_core.package_identification:_identify(src) by extension 'python_setup_py'
[0.162s] Level 1:colcon.colcon_core.package_identification:_identify(src/DynamixelSDK) by extensions ['ignore', 'ignore_ament_install']
[0.162s] Level 1:colcon.colcon_core.package_identification:_identify(src/DynamixelSDK) by extension 'ignore'
[0.162s] Level 1:colcon.colcon_core.package_identification:_identify(src/DynamixelSDK) by extension 'ignore_ament_install'
[0.162s] Level 1:colcon.colcon_core.package_identification:_identify(src/DynamixelSDK) by extensions ['colcon_pkg']
[0.162s] Level 1:colcon.colcon_core.package_identification:_identify(src/DynamixelSDK) by extension 'colcon_pkg'
[0.162s] Level 1:colcon.colcon_core.package_identification:_identify(src/DynamixelSDK) by extensions ['colcon_meta']
[0.162s] Level 1:colcon.colcon_core.package_identification:_identify(src/DynamixelSDK) by extension 'colcon_meta'
[0.162s] Level 1:colcon.colcon_core.package_identification:_identify(src/DynamixelSDK) by extensions ['ros']
[0.162s] Level 1:colcon.colcon_core.package_identification:_identify(src/DynamixelSDK) by extension 'ros'
[0.162s] Level 1:colcon.colcon_core.package_identification:_identify(src/DynamixelSDK) by extensions ['cmake', 'python']
[0.162s] Level 1:colcon.colcon_core.package_identification:_identify(src/DynamixelSDK) by extension 'cmake'
[0.162s] Level 1:colcon.colcon_core.package_identification:_identify(src/DynamixelSDK) by extension 'python'
[0.162s] Level 1:colcon.colcon_core.package_identification:_identify(src/DynamixelSDK) by extensions ['python_setup_py']
[0.162s] Level 1:colcon.colcon_core.package_identification:_identify(src/DynamixelSDK) by extension 'python_setup_py'
[0.162s] Level 1:colcon.colcon_core.package_identification:_identify(src/crawler_driver) by extensions ['ignore', 'ignore_ament_install']
[0.162s] Level 1:colcon.colcon_core.package_identification:_identify(src/crawler_driver) by extension 'ignore'
[0.162s] Level 1:colcon.colcon_core.package_identification:_identify(src/crawler_driver) by extension 'ignore_ament_install'
[0.162s] Level 1:colcon.colcon_core.package_identification:_identify(src/crawler_driver) by extensions ['colcon_pkg']
[0.162s] Level 1:colcon.colcon_core.package_identification:_identify(src/crawler_driver) by extension 'colcon_pkg'
[0.162s] Level 1:colcon.colcon_core.package_identification:_identify(src/crawler_driver) by extensions ['colcon_meta']
[0.162s] Level 1:colcon.colcon_core.package_identification:_identify(src/crawler_driver) by extension 'colcon_meta'
[0.162s] Level 1:colcon.colcon_core.package_identification:_identify(src/crawler_driver) by extensions ['ros']
[0.162s] Level 1:colcon.colcon_core.package_identification:_identify(src/crawler_driver) by extension 'ros'
[0.165s] DEBUG:colcon.colcon_core.package_identification:Package 'src/crawler_driver' with type 'ros.ament_cmake' and name 'crawler_driver'
[0.165s] Level 1:colcon.colcon_core.package_identification:_identify(src/custom_interfaces) by extensions ['ignore', 'ignore_ament_install']
[0.165s] Level 1:colcon.colcon_core.package_identification:_identify(src/custom_interfaces) by extension 'ignore'
[0.166s] Level 1:colcon.colcon_core.package_identification:_identify(src/custom_interfaces) by extension 'ignore_ament_install'
[0.166s] Level 1:colcon.colcon_core.package_identification:_identify(src/custom_interfaces) by extensions ['colcon_pkg']
[0.166s] Level 1:colcon.colcon_core.package_identification:_identify(src/custom_interfaces) by extension 'colcon_pkg'
[0.166s] Level 1:colcon.colcon_core.package_identification:_identify(src/custom_interfaces) by extensions ['colcon_meta']
[0.166s] Level 1:colcon.colcon_core.package_identification:_identify(src/custom_interfaces) by extension 'colcon_meta'
[0.166s] Level 1:colcon.colcon_core.package_identification:_identify(src/custom_interfaces) by extensions ['ros']
[0.166s] Level 1:colcon.colcon_core.package_identification:_identify(src/custom_interfaces) by extension 'ros'
[0.166s] DEBUG:colcon.colcon_core.package_identification:Package 'src/custom_interfaces' with type 'ros.ament_cmake' and name 'custom_interfaces'
[0.166s] Level 1:colcon.colcon_core.package_identification:_identify(src/dynamixel-workbench) by extensions ['ignore', 'ignore_ament_install']
[0.166s] Level 1:colcon.colcon_core.package_identification:_identify(src/dynamixel-workbench) by extension 'ignore'
[0.166s] Level 1:colcon.colcon_core.package_identification:_identify(src/dynamixel-workbench) by extension 'ignore_ament_install'
[0.166s] Level 1:colcon.colcon_core.package_identification:_identify(src/dynamixel-workbench) by extensions ['colcon_pkg']
[0.166s] Level 1:colcon.colcon_core.package_identification:_identify(src/dynamixel-workbench) by extension 'colcon_pkg'
[0.166s] Level 1:colcon.colcon_core.package_identification:_identify(src/dynamixel-workbench) by extensions ['colcon_meta']
[0.167s] Level 1:colcon.colcon_core.package_identification:_identify(src/dynamixel-workbench) by extension 'colcon_meta'
[0.167s] Level 1:colcon.colcon_core.package_identification:_identify(src/dynamixel-workbench) by extensions ['ros']
[0.167s] Level 1:colcon.colcon_core.package_identification:_identify(src/dynamixel-workbench) by extension 'ros'
[0.167s] Level 1:colcon.colcon_core.package_identification:_identify(src/dynamixel-workbench) by extensions ['cmake', 'python']
[0.167s] Level 1:colcon.colcon_core.package_identification:_identify(src/dynamixel-workbench) by extension 'cmake'
[0.167s] Level 1:colcon.colcon_core.package_identification:_identify(src/dynamixel-workbench) by extension 'python'
[0.167s] Level 1:colcon.colcon_core.package_identification:_identify(src/dynamixel-workbench) by extensions ['python_setup_py']
[0.167s] Level 1:colcon.colcon_core.package_identification:_identify(src/dynamixel-workbench) by extension 'python_setup_py'
[0.167s] Level 1:colcon.colcon_core.package_identification:_identify(src/dynamixel-workbench-msgs) by extensions ['ignore', 'ignore_ament_install']
[0.167s] Level 1:colcon.colcon_core.package_identification:_identify(src/dynamixel-workbench-msgs) by extension 'ignore'
[0.167s] Level 1:colcon.colcon_core.package_identification:_identify(src/dynamixel-workbench-msgs) by extension 'ignore_ament_install'
[0.167s] Level 1:colcon.colcon_core.package_identification:_identify(src/dynamixel-workbench-msgs) by extensions ['colcon_pkg']
[0.167s] Level 1:colcon.colcon_core.package_identification:_identify(src/dynamixel-workbench-msgs) by extension 'colcon_pkg'
[0.167s] Level 1:colcon.colcon_core.package_identification:_identify(src/dynamixel-workbench-msgs) by extensions ['colcon_meta']
[0.167s] Level 1:colcon.colcon_core.package_identification:_identify(src/dynamixel-workbench-msgs) by extension 'colcon_meta'
[0.167s] Level 1:colcon.colcon_core.package_identification:_identify(src/dynamixel-workbench-msgs) by extensions ['ros']
[0.167s] Level 1:colcon.colcon_core.package_identification:_identify(src/dynamixel-workbench-msgs) by extension 'ros'
[0.167s] Level 1:colcon.colcon_core.package_identification:_identify(src/dynamixel-workbench-msgs) by extensions ['cmake', 'python']
[0.167s] Level 1:colcon.colcon_core.package_identification:_identify(src/dynamixel-workbench-msgs) by extension 'cmake'
[0.167s] Level 1:colcon.colcon_core.package_identification:_identify(src/dynamixel-workbench-msgs) by extension 'python'
[0.167s] Level 1:colcon.colcon_core.package_identification:_identify(src/dynamixel-workbench-msgs) by extensions ['python_setup_py']
[0.167s] Level 1:colcon.colcon_core.package_identification:_identify(src/dynamixel-workbench-msgs) by extension 'python_setup_py'
[0.168s] Level 1:colcon.colcon_core.package_identification:_identify(src/flipper_driver) by extensions ['ignore', 'ignore_ament_install']
[0.168s] Level 1:colcon.colcon_core.package_identification:_identify(src/flipper_driver) by extension 'ignore'
[0.168s] Level 1:colcon.colcon_core.package_identification:_identify(src/flipper_driver) by extension 'ignore_ament_install'
[0.168s] Level 1:colcon.colcon_core.package_identification:_identify(src/flipper_driver) by extensions ['colcon_pkg']
[0.168s] Level 1:colcon.colcon_core.package_identification:_identify(src/flipper_driver) by extension 'colcon_pkg'
[0.168s] Level 1:colcon.colcon_core.package_identification:_identify(src/flipper_driver) by extensions ['colcon_meta']
[0.168s] Level 1:colcon.colcon_core.package_identification:_identify(src/flipper_driver) by extension 'colcon_meta'
[0.168s] Level 1:colcon.colcon_core.package_identification:_identify(src/flipper_driver) by extensions ['ros']
[0.168s] Level 1:colcon.colcon_core.package_identification:_identify(src/flipper_driver) by extension 'ros'
[0.168s] DEBUG:colcon.colcon_core.package_identification:Package 'src/flipper_driver' with type 'ros.ament_cmake' and name 'flipper_driver'
[0.168s] Level 1:colcon.colcon_core.package_identification:_identify(src/my_rqt_plugin) by extensions ['ignore', 'ignore_ament_install']
[0.168s] Level 1:colcon.colcon_core.package_identification:_identify(src/my_rqt_plugin) by extension 'ignore'
[0.169s] Level 1:colcon.colcon_core.package_identification:_identify(src/my_rqt_plugin) by extension 'ignore_ament_install'
[0.169s] Level 1:colcon.colcon_core.package_identification:_identify(src/my_rqt_plugin) by extensions ['colcon_pkg']
[0.169s] Level 1:colcon.colcon_core.package_identification:_identify(src/my_rqt_plugin) by extension 'colcon_pkg'
[0.169s] Level 1:colcon.colcon_core.package_identification:_identify(src/my_rqt_plugin) by extensions ['colcon_meta']
[0.169s] Level 1:colcon.colcon_core.package_identification:_identify(src/my_rqt_plugin) by extension 'colcon_meta'
[0.169s] Level 1:colcon.colcon_core.package_identification:_identify(src/my_rqt_plugin) by extensions ['ros']
[0.169s] Level 1:colcon.colcon_core.package_identification:_identify(src/my_rqt_plugin) by extension 'ros'
[0.169s] DEBUG:colcon.colcon_core.package_identification:Package 'src/my_rqt_plugin' with type 'ros.ament_cmake' and name 'my_rqt_plugin'
[0.169s] Level 1:colcon.colcon_core.package_identification:_identify(src/operator) by extensions ['ignore', 'ignore_ament_install']
[0.169s] Level 1:colcon.colcon_core.package_identification:_identify(src/operator) by extension 'ignore'
[0.170s] Level 1:colcon.colcon_core.package_identification:_identify(src/operator) by extension 'ignore_ament_install'
[0.170s] Level 1:colcon.colcon_core.package_identification:_identify(src/operator) by extensions ['colcon_pkg']
[0.170s] Level 1:colcon.colcon_core.package_identification:_identify(src/operator) by extension 'colcon_pkg'
[0.170s] Level 1:colcon.colcon_core.package_identification:_identify(src/operator) by extensions ['colcon_meta']
[0.170s] Level 1:colcon.colcon_core.package_identification:_identify(src/operator) by extension 'colcon_meta'
[0.170s] Level 1:colcon.colcon_core.package_identification:_identify(src/operator) by extensions ['ros']
[0.170s] Level 1:colcon.colcon_core.package_identification:_identify(src/operator) by extension 'ros'
[0.170s] DEBUG:colcon.colcon_core.package_identification:Package 'src/operator' with type 'ros.ament_cmake' and name 'operator'
[0.170s] Level 1:colcon.colcon_core.package_identification:_identify(src/usb_camera) by extensions ['ignore', 'ignore_ament_install']
[0.170s] Level 1:colcon.colcon_core.package_identification:_identify(src/usb_camera) by extension 'ignore'
[0.170s] Level 1:colcon.colcon_core.package_identification:_identify(src/usb_camera) by extension 'ignore_ament_install'
[0.171s] Level 1:colcon.colcon_core.package_identification:_identify(src/usb_camera) by extensions ['colcon_pkg']
[0.171s] Level 1:colcon.colcon_core.package_identification:_identify(src/usb_camera) by extension 'colcon_pkg'
[0.171s] Level 1:colcon.colcon_core.package_identification:_identify(src/usb_camera) by extensions ['colcon_meta']
[0.171s] Level 1:colcon.colcon_core.package_identification:_identify(src/usb_camera) by extension 'colcon_meta'
[0.171s] Level 1:colcon.colcon_core.package_identification:_identify(src/usb_camera) by extensions ['ros']
[0.171s] Level 1:colcon.colcon_core.package_identification:_identify(src/usb_camera) by extension 'ros'
[0.171s] DEBUG:colcon.colcon_core.package_identification:Package 'src/usb_camera' with type 'ros.ament_cmake' and name 'usb_camera'
[0.171s] Level 1:colcon.colcon_core.package_discovery:discover_packages(recursive) using defaults
[0.171s] Level 1:colcon.colcon_core.package_discovery:discover_packages(ignore) discover
[0.171s] Level 1:colcon.colcon_core.package_discovery:discover_packages(ignore) using defaults
[0.171s] Level 1:colcon.colcon_core.package_discovery:discover_packages(path) discover
[0.171s] Level 1:colcon.colcon_core.package_discovery:discover_packages(path) using defaults
[0.187s] Level 1:colcon.colcon_core.package_discovery:discover_packages(prefix_path) check parameters
[0.188s] Level 1:colcon.colcon_core.package_discovery:discover_packages(prefix_path) discover
[0.189s] DEBUG:colcon.colcon_installed_package_information.package_discovery:Found 6 installed packages in /home/rodep/rodep/test_ws/yano_ws/install
[0.190s] DEBUG:colcon.colcon_installed_package_information.package_discovery:Found 288 installed packages in /opt/ros/jazzy
[0.191s] Level 1:colcon.colcon_core.package_discovery:discover_packages(prefix_path) using defaults
[0.234s] Level 5:colcon.colcon_core.verb:set package 'custom_interfaces' build argument 'cmake_args' from command line to 'None'
[0.234s] Level 5:colcon.colcon_core.verb:set package 'custom_interfaces' build argument 'cmake_target' from command line to 'None'
[0.234s] Level 5:colcon.colcon_core.verb:set package 'custom_interfaces' build argument 'cmake_target_skip_unavailable' from command line to 'False'
[0.234s] Level 5:colcon.colcon_core.verb:set package 'custom_interfaces' build argument 'cmake_clean_cache' from command line to 'False'
[0.234s] Level 5:colcon.colcon_core.verb:set package 'custom_interfaces' build argument 'cmake_clean_first' from command line to 'False'
[0.234s] Level 5:colcon.colcon_core.verb:set package 'custom_interfaces' build argument 'cmake_force_configure' from command line to 'False'
[0.234s] Level 5:colcon.colcon_core.verb:set package 'custom_interfaces' build argument 'ament_cmake_args' from command line to 'None'
[0.234s] Level 5:colcon.colcon_core.verb:set package 'custom_interfaces' build argument 'catkin_cmake_args' from command line to 'None'
[0.234s] Level 5:colcon.colcon_core.verb:set package 'custom_interfaces' build argument 'catkin_skip_building_tests' from command line to 'False'
[0.234s] DEBUG:colcon.colcon_core.verb:Building package 'custom_interfaces' with the following arguments: {'ament_cmake_args': None, 'build_base': '/home/rodep/rodep/test_ws/yano_ws/build/custom_interfaces', 'catkin_cmake_args': None, 'catkin_skip_building_tests': False, 'cmake_args': None, 'cmake_clean_cache': False, 'cmake_clean_first': False, 'cmake_force_configure': False, 'cmake_target': None, 'cmake_target_skip_unavailable': False, 'install_base': '/home/rodep/rodep/test_ws/yano_ws/install/custom_interfaces', 'merge_install': False, 'path': '/home/rodep/rodep/test_ws/yano_ws/src/custom_interfaces', 'symlink_install': False, 'test_result_base': None}
[0.234s] Level 5:colcon.colcon_core.verb:set package 'my_rqt_plugin' build argument 'cmake_args' from command line to 'None'
[0.234s] Level 5:colcon.colcon_core.verb:set package 'my_rqt_plugin' build argument 'cmake_target' from command line to 'None'
[0.234s] Level 5:colcon.colcon_core.verb:set package 'my_rqt_plugin' build argument 'cmake_target_skip_unavailable' from command line to 'False'
[0.234s] Level 5:colcon.colcon_core.verb:set package 'my_rqt_plugin' build argument 'cmake_clean_cache' from command line to 'False'
[0.234s] Level 5:colcon.colcon_core.verb:set package 'my_rqt_plugin' build argument 'cmake_clean_first' from command line to 'False'
[0.234s] Level 5:colcon.colcon_core.verb:set package 'my_rqt_plugin' build argument 'cmake_force_configure' from command line to 'False'
[0.234s] Level 5:colcon.colcon_core.verb:set package 'my_rqt_plugin' build argument 'ament_cmake_args' from command line to 'None'
[0.234s] Level 5:colcon.colcon_core.verb:set package 'my_rqt_plugin' build argument 'catkin_cmake_args' from command line to 'None'
[0.234s] Level 5:colcon.colcon_core.verb:set package 'my_rqt_plugin' build argument 'catkin_skip_building_tests' from command line to 'False'
[0.234s] DEBUG:colcon.colcon_core.verb:Building package 'my_rqt_plugin' with the following arguments: {'ament_cmake_args': None, 'build_base': '/home/rodep/rodep/test_ws/yano_ws/build/my_rqt_plugin', 'catkin_cmake_args': None, 'catkin_skip_building_tests': False, 'cmake_args': None, 'cmake_clean_cache': False, 'cmake_clean_first': False, 'cmake_force_configure': False, 'cmake_target': None, 'cmake_target_skip_unavailable': False, 'install_base': '/home/rodep/rodep/test_ws/yano_ws/install/my_rqt_plugin', 'merge_install': False, 'path': '/home/rodep/rodep/test_ws/yano_ws/src/my_rqt_plugin', 'symlink_install': False, 'test_result_base': None}
[0.235s] Level 5:colcon.colcon_core.verb:set package 'usb_camera' build argument 'cmake_args' from command line to 'None'
[0.235s] Level 5:colcon.colcon_core.verb:set package 'usb_camera' build argument 'cmake_target' from command line to 'None'
[0.235s] Level 5:colcon.colcon_core.verb:set package 'usb_camera' build argument 'cmake_target_skip_unavailable' from command line to 'False'
[0.235s] Level 5:colcon.colcon_core.verb:set package 'usb_camera' build argument 'cmake_clean_cache' from command line to 'False'
[0.235s] Level 5:colcon.colcon_core.verb:set package 'usb_camera' build argument 'cmake_clean_first' from command line to 'False'
[0.235s] Level 5:colcon.colcon_core.verb:set package 'usb_camera' build argument 'cmake_force_configure' from command line to 'False'
[0.235s] Level 5:colcon.colcon_core.verb:set package 'usb_camera' build argument 'ament_cmake_args' from command line to 'None'
[0.235s] Level 5:colcon.colcon_core.verb:set package 'usb_camera' build argument 'catkin_cmake_args' from command line to 'None'
[0.235s] Level 5:colcon.colcon_core.verb:set package 'usb_camera' build argument 'catkin_skip_building_tests' from command line to 'False'
[0.235s] DEBUG:colcon.colcon_core.verb:Building package 'usb_camera' with the following arguments: {'ament_cmake_args': None, 'build_base': '/home/rodep/rodep/test_ws/yano_ws/build/usb_camera', 'catkin_cmake_args': None, 'catkin_skip_building_tests': False, 'cmake_args': None, 'cmake_clean_cache': False, 'cmake_clean_first': False, 'cmake_force_configure': False, 'cmake_target': None, 'cmake_target_skip_unavailable': False, 'install_base': '/home/rodep/rodep/test_ws/yano_ws/install/usb_camera', 'merge_install': False, 'path': '/home/rodep/rodep/test_ws/yano_ws/src/usb_camera', 'symlink_install': False, 'test_result_base': None}
[0.235s] Level 5:colcon.colcon_core.verb:set package 'crawler_driver' build argument 'cmake_args' from command line to 'None'
[0.235s] Level 5:colcon.colcon_core.verb:set package 'crawler_driver' build argument 'cmake_target' from command line to 'None'
[0.235s] Level 5:colcon.colcon_core.verb:set package 'crawler_driver' build argument 'cmake_target_skip_unavailable' from command line to 'False'
[0.235s] Level 5:colcon.colcon_core.verb:set package 'crawler_driver' build argument 'cmake_clean_cache' from command line to 'False'
[0.235s] Level 5:colcon.colcon_core.verb:set package 'crawler_driver' build argument 'cmake_clean_first' from command line to 'False'
[0.235s] Level 5:colcon.colcon_core.verb:set package 'crawler_driver' build argument 'cmake_force_configure' from command line to 'False'
[0.235s] Level 5:colcon.colcon_core.verb:set package 'crawler_driver' build argument 'ament_cmake_args' from command line to 'None'
[0.235s] Level 5:colcon.colcon_core.verb:set package 'crawler_driver' build argument 'catkin_cmake_args' from command line to 'None'
[0.235s] Level 5:colcon.colcon_core.verb:set package 'crawler_driver' build argument 'catkin_skip_building_tests' from command line to 'False'
[0.235s] DEBUG:colcon.colcon_core.verb:Building package 'crawler_driver' with the following arguments: {'ament_cmake_args': None, 'build_base': '/home/rodep/rodep/test_ws/yano_ws/build/crawler_driver', 'catkin_cmake_args': None, 'catkin_skip_building_tests': False, 'cmake_args': None, 'cmake_clean_cache': False, 'cmake_clean_first': False, 'cmake_force_configure': False, 'cmake_target': None, 'cmake_target_skip_unavailable': False, 'install_base': '/home/rodep/rodep/test_ws/yano_ws/install/crawler_driver', 'merge_install': False, 'path': '/home/rodep/rodep/test_ws/yano_ws/src/crawler_driver', 'symlink_install': False, 'test_result_base': None}
[0.235s] Level 5:colcon.colcon_core.verb:set package 'flipper_driver' build argument 'cmake_args' from command line to 'None'
[0.235s] Level 5:colcon.colcon_core.verb:set package 'flipper_driver' build argument 'cmake_target' from command line to 'None'
[0.235s] Level 5:colcon.colcon_core.verb:set package 'flipper_driver' build argument 'cmake_target_skip_unavailable' from command line to 'False'
[0.235s] Level 5:colcon.colcon_core.verb:set package 'flipper_driver' build argument 'cmake_clean_cache' from command line to 'False'
[0.235s] Level 5:colcon.colcon_core.verb:set package 'flipper_driver' build argument 'cmake_clean_first' from command line to 'False'
[0.235s] Level 5:colcon.colcon_core.verb:set package 'flipper_driver' build argument 'cmake_force_configure' from command line to 'False'
[0.235s] Level 5:colcon.colcon_core.verb:set package 'flipper_driver' build argument 'ament_cmake_args' from command line to 'None'
[0.235s] Level 5:colcon.colcon_core.verb:set package 'flipper_driver' build argument 'catkin_cmake_args' from command line to 'None'
[0.235s] Level 5:colcon.colcon_core.verb:set package 'flipper_driver' build argument 'catkin_skip_building_tests' from command line to 'False'
[0.236s] DEBUG:colcon.colcon_core.verb:Building package 'flipper_driver' with the following arguments: {'ament_cmake_args': None, 'build_base': '/home/rodep/rodep/test_ws/yano_ws/build/flipper_driver', 'catkin_cmake_args': None, 'catkin_skip_building_tests': False, 'cmake_args': None, 'cmake_clean_cache': False, 'cmake_clean_first': False, 'cmake_force_configure': False, 'cmake_target': None, 'cmake_target_skip_unavailable': False, 'install_base': '/home/rodep/rodep/test_ws/yano_ws/install/flipper_driver', 'merge_install': False, 'path': '/home/rodep/rodep/test_ws/yano_ws/src/flipper_driver', 'symlink_install': False, 'test_result_base': None}
[0.236s] Level 5:colcon.colcon_core.verb:set package 'operator' build argument 'cmake_args' from command line to 'None'
[0.236s] Level 5:colcon.colcon_core.verb:set package 'operator' build argument 'cmake_target' from command line to 'None'
[0.236s] Level 5:colcon.colcon_core.verb:set package 'operator' build argument 'cmake_target_skip_unavailable' from command line to 'False'
[0.236s] Level 5:colcon.colcon_core.verb:set package 'operator' build argument 'cmake_clean_cache' from command line to 'False'
[0.236s] Level 5:colcon.colcon_core.verb:set package 'operator' build argument 'cmake_clean_first' from command line to 'False'
[0.236s] Level 5:colcon.colcon_core.verb:set package 'operator' build argument 'cmake_force_configure' from command line to 'False'
[0.236s] Level 5:colcon.colcon_core.verb:set package 'operator' build argument 'ament_cmake_args' from command line to 'None'
[0.236s] Level 5:colcon.colcon_core.verb:set package 'operator' build argument 'catkin_cmake_args' from command line to 'None'
[0.236s] Level 5:colcon.colcon_core.verb:set package 'operator' build argument 'catkin_skip_building_tests' from command line to 'False'
[0.236s] DEBUG:colcon.colcon_core.verb:Building package 'operator' with the following arguments: {'ament_cmake_args': None, 'build_base': '/home/rodep/rodep/test_ws/yano_ws/build/operator', 'catkin_cmake_args': None, 'catkin_skip_building_tests': False, 'cmake_args': None, 'cmake_clean_cache': False, 'cmake_clean_first': False, 'cmake_force_configure': False, 'cmake_target': None, 'cmake_target_skip_unavailable': False, 'install_base': '/home/rodep/rodep/test_ws/yano_ws/install/operator', 'merge_install': False, 'path': '/home/rodep/rodep/test_ws/yano_ws/src/operator', 'symlink_install': False, 'test_result_base': None}
[0.236s] INFO:colcon.colcon_core.executor:Executing jobs using 'parallel' executor
[0.237s] DEBUG:colcon.colcon_parallel_executor.executor.parallel:run_until_complete
[0.237s] INFO:colcon.colcon_ros.task.ament_cmake.build:Building ROS package in '/home/rodep/rodep/test_ws/yano_ws/src/custom_interfaces' with build type 'ament_cmake'
[0.237s] INFO:colcon.colcon_cmake.task.cmake.build:Building CMake package in '/home/rodep/rodep/test_ws/yano_ws/src/custom_interfaces'
[0.239s] INFO:colcon.colcon_core.plugin_system:Skipping extension 'colcon_core.shell.bat': Not used on non-Windows systems
[0.239s] INFO:colcon.colcon_core.shell:Skip shell extension 'powershell' for command environment: Not usable outside of PowerShell
[0.239s] DEBUG:colcon.colcon_core.shell:Skip shell extension 'dsv' for command environment
[0.242s] INFO:colcon.colcon_ros.task.ament_cmake.build:Building ROS package in '/home/rodep/rodep/test_ws/yano_ws/src/my_rqt_plugin' with build type 'ament_cmake'
[0.243s] INFO:colcon.colcon_cmake.task.cmake.build:Building CMake package in '/home/rodep/rodep/test_ws/yano_ws/src/my_rqt_plugin'
[0.243s] INFO:colcon.colcon_core.shell:Skip shell extension 'powershell' for command environment: Not usable outside of PowerShell
[0.243s] DEBUG:colcon.colcon_core.shell:Skip shell extension 'dsv' for command environment
[0.246s] INFO:colcon.colcon_ros.task.ament_cmake.build:Building ROS package in '/home/rodep/rodep/test_ws/yano_ws/src/usb_camera' with build type 'ament_cmake'
[0.246s] INFO:colcon.colcon_cmake.task.cmake.build:Building CMake package in '/home/rodep/rodep/test_ws/yano_ws/src/usb_camera'
[0.246s] INFO:colcon.colcon_core.shell:Skip shell extension 'powershell' for command environment: Not usable outside of PowerShell
[0.246s] DEBUG:colcon.colcon_core.shell:Skip shell extension 'dsv' for command environment
[0.253s] DEBUG:colcon.colcon_core.event_handler.log_command:Invoking command in '/home/rodep/rodep/test_ws/yano_ws/build/custom_interfaces': CMAKE_PREFIX_PATH=${CMAKE_PREFIX_PATH}:/opt/ros/jazzy DEBUGINFOD_URLS=https://debuginfod.ubuntu.com /usr/bin/cmake --build /home/rodep/rodep/test_ws/yano_ws/build/custom_interfaces -- -j8 -l8
[0.255s] DEBUG:colcon.colcon_core.event_handler.log_command:Invoking command in '/home/rodep/rodep/test_ws/yano_ws/build/my_rqt_plugin': CMAKE_PREFIX_PATH=${CMAKE_PREFIX_PATH}:/opt/ros/jazzy DEBUGINFOD_URLS=https://debuginfod.ubuntu.com /usr/bin/cmake --build /home/rodep/rodep/test_ws/yano_ws/build/my_rqt_plugin -- -j8 -l8
[0.258s] DEBUG:colcon.colcon_core.event_handler.log_command:Invoking command in '/home/rodep/rodep/test_ws/yano_ws/build/usb_camera': CMAKE_PREFIX_PATH=${CMAKE_PREFIX_PATH}:/opt/ros/jazzy DEBUGINFOD_URLS=https://debuginfod.ubuntu.com /usr/bin/cmake --build /home/rodep/rodep/test_ws/yano_ws/build/usb_camera -- -j8 -l8
[0.308s] DEBUG:colcon.colcon_core.event_handler.log_command:Invoked command in '/home/rodep/rodep/test_ws/yano_ws/build/my_rqt_plugin' returned '0': CMAKE_PREFIX_PATH=${CMAKE_PREFIX_PATH}:/opt/ros/jazzy DEBUGINFOD_URLS=https://debuginfod.ubuntu.com /usr/bin/cmake --build /home/rodep/rodep/test_ws/yano_ws/build/my_rqt_plugin -- -j8 -l8
[0.316s] DEBUG:colcon.colcon_core.event_handler.log_command:Invoking command in '/home/rodep/rodep/test_ws/yano_ws/build/my_rqt_plugin': CMAKE_PREFIX_PATH=${CMAKE_PREFIX_PATH}:/opt/ros/jazzy DEBUGINFOD_URLS=https://debuginfod.ubuntu.com /usr/bin/cmake --install /home/rodep/rodep/test_ws/yano_ws/build/my_rqt_plugin
[0.320s] DEBUG:colcon.colcon_core.event_handler.log_command:Invoked command in '/home/rodep/rodep/test_ws/yano_ws/build/usb_camera' returned '0': CMAKE_PREFIX_PATH=${CMAKE_PREFIX_PATH}:/opt/ros/jazzy DEBUGINFOD_URLS=https://debuginfod.ubuntu.com /usr/bin/cmake --build /home/rodep/rodep/test_ws/yano_ws/build/usb_camera -- -j8 -l8
[0.321s] DEBUG:colcon.colcon_core.event_handler.log_command:Invoking command in '/home/rodep/rodep/test_ws/yano_ws/build/usb_camera': CMAKE_PREFIX_PATH=${CMAKE_PREFIX_PATH}:/opt/ros/jazzy DEBUGINFOD_URLS=https://debuginfod.ubuntu.com /usr/bin/cmake --install /home/rodep/rodep/test_ws/yano_ws/build/usb_camera
[0.332s] Level 1:colcon.colcon_core.environment:create_environment_scripts_only(my_rqt_plugin)
[0.335s] DEBUG:colcon.colcon_core.event_handler.log_command:Invoked command in '/home/rodep/rodep/test_ws/yano_ws/build/my_rqt_plugin' returned '0': CMAKE_PREFIX_PATH=${CMAKE_PREFIX_PATH}:/opt/ros/jazzy DEBUGINFOD_URLS=https://debuginfod.ubuntu.com /usr/bin/cmake --install /home/rodep/rodep/test_ws/yano_ws/build/my_rqt_plugin
[0.339s] Level 1:colcon.colcon_core.environment:checking '/home/rodep/rodep/test_ws/yano_ws/install/my_rqt_plugin' for CMake module files
[0.340s] Level 1:colcon.colcon_core.environment:checking '/home/rodep/rodep/test_ws/yano_ws/install/my_rqt_plugin' for CMake config files
[0.341s] Level 1:colcon.colcon_core.shell:create_environment_hook('my_rqt_plugin', 'cmake_prefix_path')
[0.341s] INFO:colcon.colcon_core.shell:Creating environment hook '/home/rodep/rodep/test_ws/yano_ws/install/my_rqt_plugin/share/my_rqt_plugin/hook/cmake_prefix_path.ps1'
[0.342s] INFO:colcon.colcon_core.shell:Creating environment descriptor '/home/rodep/rodep/test_ws/yano_ws/install/my_rqt_plugin/share/my_rqt_plugin/hook/cmake_prefix_path.dsv'
[0.343s] INFO:colcon.colcon_core.shell:Creating environment hook '/home/rodep/rodep/test_ws/yano_ws/install/my_rqt_plugin/share/my_rqt_plugin/hook/cmake_prefix_path.sh'
[0.344s] Level 1:colcon.colcon_core.environment:checking '/home/rodep/rodep/test_ws/yano_ws/install/my_rqt_plugin/lib'
[0.344s] Level 1:colcon.colcon_core.shell:create_environment_hook('my_rqt_plugin', 'ld_library_path_lib')
[0.345s] INFO:colcon.colcon_core.shell:Creating environment hook '/home/rodep/rodep/test_ws/yano_ws/install/my_rqt_plugin/share/my_rqt_plugin/hook/ld_library_path_lib.ps1'
[0.345s] INFO:colcon.colcon_core.shell:Creating environment descriptor '/home/rodep/rodep/test_ws/yano_ws/install/my_rqt_plugin/share/my_rqt_plugin/hook/ld_library_path_lib.dsv'
[0.345s] INFO:colcon.colcon_core.shell:Creating environment hook '/home/rodep/rodep/test_ws/yano_ws/install/my_rqt_plugin/share/my_rqt_plugin/hook/ld_library_path_lib.sh'
[0.346s] Level 1:colcon.colcon_core.environment:checking '/home/rodep/rodep/test_ws/yano_ws/install/my_rqt_plugin/bin'
[0.346s] Level 1:colcon.colcon_core.environment:checking '/home/rodep/rodep/test_ws/yano_ws/install/my_rqt_plugin/lib/pkgconfig/my_rqt_plugin.pc'
[0.346s] Level 1:colcon.colcon_core.environment:checking '/home/rodep/rodep/test_ws/yano_ws/install/my_rqt_plugin/lib/python3.12/site-packages'
[0.346s] Level 1:colcon.colcon_core.environment:checking '/home/rodep/rodep/test_ws/yano_ws/install/my_rqt_plugin/bin'
[0.346s] INFO:colcon.colcon_core.shell:Creating package script '/home/rodep/rodep/test_ws/yano_ws/install/my_rqt_plugin/share/my_rqt_plugin/package.ps1'
[0.347s] INFO:colcon.colcon_core.shell:Creating package descriptor '/home/rodep/rodep/test_ws/yano_ws/install/my_rqt_plugin/share/my_rqt_plugin/package.dsv'
[0.347s] INFO:colcon.colcon_core.shell:Creating package script '/home/rodep/rodep/test_ws/yano_ws/install/my_rqt_plugin/share/my_rqt_plugin/package.sh'
[0.348s] INFO:colcon.colcon_core.shell:Creating package script '/home/rodep/rodep/test_ws/yano_ws/install/my_rqt_plugin/share/my_rqt_plugin/package.bash'
[0.349s] INFO:colcon.colcon_core.shell:Creating package script '/home/rodep/rodep/test_ws/yano_ws/install/my_rqt_plugin/share/my_rqt_plugin/package.zsh'
[0.349s] Level 1:colcon.colcon_core.environment:create_file_with_runtime_dependencies(/home/rodep/rodep/test_ws/yano_ws/install/my_rqt_plugin/share/colcon-core/packages/my_rqt_plugin)
[0.349s] Level 1:colcon.colcon_core.environment:create_environment_scripts_only(my_rqt_plugin)
[0.350s] Level 1:colcon.colcon_core.environment:checking '/home/rodep/rodep/test_ws/yano_ws/install/my_rqt_plugin' for CMake module files
[0.350s] Level 1:colcon.colcon_core.environment:checking '/home/rodep/rodep/test_ws/yano_ws/install/my_rqt_plugin' for CMake config files
[0.350s] Level 1:colcon.colcon_core.shell:create_environment_hook('my_rqt_plugin', 'cmake_prefix_path')
[0.350s] INFO:colcon.colcon_core.shell:Creating environment hook '/home/rodep/rodep/test_ws/yano_ws/install/my_rqt_plugin/share/my_rqt_plugin/hook/cmake_prefix_path.ps1'
[0.351s] INFO:colcon.colcon_core.shell:Creating environment descriptor '/home/rodep/rodep/test_ws/yano_ws/install/my_rqt_plugin/share/my_rqt_plugin/hook/cmake_prefix_path.dsv'
[0.351s] INFO:colcon.colcon_core.shell:Creating environment hook '/home/rodep/rodep/test_ws/yano_ws/install/my_rqt_plugin/share/my_rqt_plugin/hook/cmake_prefix_path.sh'
[0.351s] Level 1:colcon.colcon_core.environment:checking '/home/rodep/rodep/test_ws/yano_ws/install/my_rqt_plugin/lib'
[0.351s] Level 1:colcon.colcon_core.shell:create_environment_hook('my_rqt_plugin', 'ld_library_path_lib')
[0.352s] INFO:colcon.colcon_core.shell:Creating environment hook '/home/rodep/rodep/test_ws/yano_ws/install/my_rqt_plugin/share/my_rqt_plugin/hook/ld_library_path_lib.ps1'
[0.352s] INFO:colcon.colcon_core.shell:Creating environment descriptor '/home/rodep/rodep/test_ws/yano_ws/install/my_rqt_plugin/share/my_rqt_plugin/hook/ld_library_path_lib.dsv'
[0.352s] INFO:colcon.colcon_core.shell:Creating environment hook '/home/rodep/rodep/test_ws/yano_ws/install/my_rqt_plugin/share/my_rqt_plugin/hook/ld_library_path_lib.sh'
[0.353s] Level 1:colcon.colcon_core.environment:checking '/home/rodep/rodep/test_ws/yano_ws/install/my_rqt_plugin/bin'
[0.353s] Level 1:colcon.colcon_core.environment:checking '/home/rodep/rodep/test_ws/yano_ws/install/my_rqt_plugin/lib/pkgconfig/my_rqt_plugin.pc'
[0.353s] Level 1:colcon.colcon_core.environment:checking '/home/rodep/rodep/test_ws/yano_ws/install/my_rqt_plugin/lib/python3.12/site-packages'
[0.353s] Level 1:colcon.colcon_core.environment:checking '/home/rodep/rodep/test_ws/yano_ws/install/my_rqt_plugin/bin'
[0.353s] INFO:colcon.colcon_core.shell:Creating package script '/home/rodep/rodep/test_ws/yano_ws/install/my_rqt_plugin/share/my_rqt_plugin/package.ps1'
[0.354s] INFO:colcon.colcon_core.shell:Creating package descriptor '/home/rodep/rodep/test_ws/yano_ws/install/my_rqt_plugin/share/my_rqt_plugin/package.dsv'
[0.354s] INFO:colcon.colcon_core.shell:Creating package script '/home/rodep/rodep/test_ws/yano_ws/install/my_rqt_plugin/share/my_rqt_plugin/package.sh'
[0.355s] INFO:colcon.colcon_core.shell:Creating package script '/home/rodep/rodep/test_ws/yano_ws/install/my_rqt_plugin/share/my_rqt_plugin/package.bash'
[0.355s] INFO:colcon.colcon_core.shell:Creating package script '/home/rodep/rodep/test_ws/yano_ws/install/my_rqt_plugin/share/my_rqt_plugin/package.zsh'
[0.355s] Level 1:colcon.colcon_core.environment:create_file_with_runtime_dependencies(/home/rodep/rodep/test_ws/yano_ws/install/my_rqt_plugin/share/colcon-core/packages/my_rqt_plugin)
[0.356s] Level 1:colcon.colcon_core.environment:create_environment_scripts_only(usb_camera)
[0.356s] Level 1:colcon.colcon_core.environment:checking '/home/rodep/rodep/test_ws/yano_ws/install/usb_camera' for CMake module files
[0.357s] DEBUG:colcon.colcon_core.event_handler.log_command:Invoked command in '/home/rodep/rodep/test_ws/yano_ws/build/usb_camera' returned '0': CMAKE_PREFIX_PATH=${CMAKE_PREFIX_PATH}:/opt/ros/jazzy DEBUGINFOD_URLS=https://debuginfod.ubuntu.com /usr/bin/cmake --install /home/rodep/rodep/test_ws/yano_ws/build/usb_camera
[0.357s] Level 1:colcon.colcon_core.environment:checking '/home/rodep/rodep/test_ws/yano_ws/install/usb_camera' for CMake config files
[0.357s] Level 1:colcon.colcon_core.shell:create_environment_hook('usb_camera', 'cmake_prefix_path')
[0.357s] INFO:colcon.colcon_core.shell:Creating environment hook '/home/rodep/rodep/test_ws/yano_ws/install/usb_camera/share/usb_camera/hook/cmake_prefix_path.ps1'
[0.358s] INFO:colcon.colcon_core.shell:Creating environment descriptor '/home/rodep/rodep/test_ws/yano_ws/install/usb_camera/share/usb_camera/hook/cmake_prefix_path.dsv'
[0.358s] INFO:colcon.colcon_core.shell:Creating environment hook '/home/rodep/rodep/test_ws/yano_ws/install/usb_camera/share/usb_camera/hook/cmake_prefix_path.sh'
[0.358s] Level 1:colcon.colcon_core.environment:checking '/home/rodep/rodep/test_ws/yano_ws/install/usb_camera/lib'
[0.358s] Level 1:colcon.colcon_core.environment:checking '/home/rodep/rodep/test_ws/yano_ws/install/usb_camera/bin'
[0.359s] Level 1:colcon.colcon_core.environment:checking '/home/rodep/rodep/test_ws/yano_ws/install/usb_camera/lib/pkgconfig/usb_camera.pc'
[0.359s] Level 1:colcon.colcon_core.environment:checking '/home/rodep/rodep/test_ws/yano_ws/install/usb_camera/lib/python3.12/site-packages'
[0.359s] Level 1:colcon.colcon_core.environment:checking '/home/rodep/rodep/test_ws/yano_ws/install/usb_camera/bin'
[0.359s] INFO:colcon.colcon_core.shell:Creating package script '/home/rodep/rodep/test_ws/yano_ws/install/usb_camera/share/usb_camera/package.ps1'
[0.360s] INFO:colcon.colcon_core.shell:Creating package descriptor '/home/rodep/rodep/test_ws/yano_ws/install/usb_camera/share/usb_camera/package.dsv'
[0.360s] INFO:colcon.colcon_core.shell:Creating package script '/home/rodep/rodep/test_ws/yano_ws/install/usb_camera/share/usb_camera/package.sh'
[0.360s] INFO:colcon.colcon_core.shell:Creating package script '/home/rodep/rodep/test_ws/yano_ws/install/usb_camera/share/usb_camera/package.bash'
[0.361s] INFO:colcon.colcon_core.shell:Creating package script '/home/rodep/rodep/test_ws/yano_ws/install/usb_camera/share/usb_camera/package.zsh'
[0.361s] Level 1:colcon.colcon_core.environment:create_file_with_runtime_dependencies(/home/rodep/rodep/test_ws/yano_ws/install/usb_camera/share/colcon-core/packages/usb_camera)
[0.361s] Level 1:colcon.colcon_core.environment:create_environment_scripts_only(usb_camera)
[0.362s] Level 1:colcon.colcon_core.environment:checking '/home/rodep/rodep/test_ws/yano_ws/install/usb_camera' for CMake module files
[0.362s] Level 1:colcon.colcon_core.environment:checking '/home/rodep/rodep/test_ws/yano_ws/install/usb_camera' for CMake config files
[0.362s] Level 1:colcon.colcon_core.shell:create_environment_hook('usb_camera', 'cmake_prefix_path')
[0.362s] INFO:colcon.colcon_core.shell:Creating environment hook '/home/rodep/rodep/test_ws/yano_ws/install/usb_camera/share/usb_camera/hook/cmake_prefix_path.ps1'
[0.363s] INFO:colcon.colcon_core.shell:Creating environment descriptor '/home/rodep/rodep/test_ws/yano_ws/install/usb_camera/share/usb_camera/hook/cmake_prefix_path.dsv'
[0.363s] INFO:colcon.colcon_core.shell:Creating environment hook '/home/rodep/rodep/test_ws/yano_ws/install/usb_camera/share/usb_camera/hook/cmake_prefix_path.sh'
[0.363s] Level 1:colcon.colcon_core.environment:checking '/home/rodep/rodep/test_ws/yano_ws/install/usb_camera/lib'
[0.363s] Level 1:colcon.colcon_core.environment:checking '/home/rodep/rodep/test_ws/yano_ws/install/usb_camera/bin'
[0.363s] Level 1:colcon.colcon_core.environment:checking '/home/rodep/rodep/test_ws/yano_ws/install/usb_camera/lib/pkgconfig/usb_camera.pc'
[0.364s] Level 1:colcon.colcon_core.environment:checking '/home/rodep/rodep/test_ws/yano_ws/install/usb_camera/lib/python3.12/site-packages'
[0.364s] Level 1:colcon.colcon_core.environment:checking '/home/rodep/rodep/test_ws/yano_ws/install/usb_camera/bin'
[0.364s] INFO:colcon.colcon_core.shell:Creating package script '/home/rodep/rodep/test_ws/yano_ws/install/usb_camera/share/usb_camera/package.ps1'
[0.364s] INFO:colcon.colcon_core.shell:Creating package descriptor '/home/rodep/rodep/test_ws/yano_ws/install/usb_camera/share/usb_camera/package.dsv'
[0.365s] INFO:colcon.colcon_core.shell:Creating package script '/home/rodep/rodep/test_ws/yano_ws/install/usb_camera/share/usb_camera/package.sh'
[0.365s] INFO:colcon.colcon_core.shell:Creating package script '/home/rodep/rodep/test_ws/yano_ws/install/usb_camera/share/usb_camera/package.bash'
[0.366s] INFO:colcon.colcon_core.shell:Creating package script '/home/rodep/rodep/test_ws/yano_ws/install/usb_camera/share/usb_camera/package.zsh'
[0.366s] Level 1:colcon.colcon_core.environment:create_file_with_runtime_dependencies(/home/rodep/rodep/test_ws/yano_ws/install/usb_camera/share/colcon-core/packages/usb_camera)
[0.622s] DEBUG:colcon.colcon_core.event_handler.log_command:Invoked command in '/home/rodep/rodep/test_ws/yano_ws/build/custom_interfaces' returned '0': CMAKE_PREFIX_PATH=${CMAKE_PREFIX_PATH}:/opt/ros/jazzy DEBUGINFOD_URLS=https://debuginfod.ubuntu.com /usr/bin/cmake --build /home/rodep/rodep/test_ws/yano_ws/build/custom_interfaces -- -j8 -l8
[0.623s] DEBUG:colcon.colcon_core.event_handler.log_command:Invoking command in '/home/rodep/rodep/test_ws/yano_ws/build/custom_interfaces': CMAKE_PREFIX_PATH=${CMAKE_PREFIX_PATH}:/opt/ros/jazzy DEBUGINFOD_URLS=https://debuginfod.ubuntu.com /usr/bin/cmake --install /home/rodep/rodep/test_ws/yano_ws/build/custom_interfaces
[0.674s] Level 1:colcon.colcon_core.environment:create_environment_scripts_only(custom_interfaces)
[0.674s] Level 1:colcon.colcon_core.environment:checking '/home/rodep/rodep/test_ws/yano_ws/install/custom_interfaces' for CMake module files
[0.674s] DEBUG:colcon.colcon_core.event_handler.log_command:Invoked command in '/home/rodep/rodep/test_ws/yano_ws/build/custom_interfaces' returned '0': CMAKE_PREFIX_PATH=${CMAKE_PREFIX_PATH}:/opt/ros/jazzy DEBUGINFOD_URLS=https://debuginfod.ubuntu.com /usr/bin/cmake --install /home/rodep/rodep/test_ws/yano_ws/build/custom_interfaces
[0.675s] Level 1:colcon.colcon_core.environment:checking '/home/rodep/rodep/test_ws/yano_ws/install/custom_interfaces' for CMake config files
[0.675s] Level 1:colcon.colcon_core.shell:create_environment_hook('custom_interfaces', 'cmake_prefix_path')
[0.675s] INFO:colcon.colcon_core.shell:Creating environment hook '/home/rodep/rodep/test_ws/yano_ws/install/custom_interfaces/share/custom_interfaces/hook/cmake_prefix_path.ps1'
[0.676s] INFO:colcon.colcon_core.shell:Creating environment descriptor '/home/rodep/rodep/test_ws/yano_ws/install/custom_interfaces/share/custom_interfaces/hook/cmake_prefix_path.dsv'
[0.676s] INFO:colcon.colcon_core.shell:Creating environment hook '/home/rodep/rodep/test_ws/yano_ws/install/custom_interfaces/share/custom_interfaces/hook/cmake_prefix_path.sh'
[0.676s] Level 1:colcon.colcon_core.environment:checking '/home/rodep/rodep/test_ws/yano_ws/install/custom_interfaces/lib'
[0.676s] Level 1:colcon.colcon_core.shell:create_environment_hook('custom_interfaces', 'ld_library_path_lib')
[0.677s] INFO:colcon.colcon_core.shell:Creating environment hook '/home/rodep/rodep/test_ws/yano_ws/install/custom_interfaces/share/custom_interfaces/hook/ld_library_path_lib.ps1'
[0.677s] INFO:colcon.colcon_core.shell:Creating environment descriptor '/home/rodep/rodep/test_ws/yano_ws/install/custom_interfaces/share/custom_interfaces/hook/ld_library_path_lib.dsv'
[0.677s] INFO:colcon.colcon_core.shell:Creating environment hook '/home/rodep/rodep/test_ws/yano_ws/install/custom_interfaces/share/custom_interfaces/hook/ld_library_path_lib.sh'
[0.677s] Level 1:colcon.colcon_core.environment:checking '/home/rodep/rodep/test_ws/yano_ws/install/custom_interfaces/bin'
[0.677s] Level 1:colcon.colcon_core.environment:checking '/home/rodep/rodep/test_ws/yano_ws/install/custom_interfaces/lib/pkgconfig/custom_interfaces.pc'
[0.678s] Level 1:colcon.colcon_core.environment:checking '/home/rodep/rodep/test_ws/yano_ws/install/custom_interfaces/lib/python3.12/site-packages'
[0.678s] Level 1:colcon.colcon_core.shell:create_environment_hook('custom_interfaces', 'pythonpath')
[0.678s] INFO:colcon.colcon_core.shell:Creating environment hook '/home/rodep/rodep/test_ws/yano_ws/install/custom_interfaces/share/custom_interfaces/hook/pythonpath.ps1'
[0.678s] INFO:colcon.colcon_core.shell:Creating environment descriptor '/home/rodep/rodep/test_ws/yano_ws/install/custom_interfaces/share/custom_interfaces/hook/pythonpath.dsv'
[0.678s] INFO:colcon.colcon_core.shell:Creating environment hook '/home/rodep/rodep/test_ws/yano_ws/install/custom_interfaces/share/custom_interfaces/hook/pythonpath.sh'
[0.679s] Level 1:colcon.colcon_core.environment:checking '/home/rodep/rodep/test_ws/yano_ws/install/custom_interfaces/bin'
[0.679s] INFO:colcon.colcon_core.shell:Creating package script '/home/rodep/rodep/test_ws/yano_ws/install/custom_interfaces/share/custom_interfaces/package.ps1'
[0.680s] INFO:colcon.colcon_core.shell:Creating package descriptor '/home/rodep/rodep/test_ws/yano_ws/install/custom_interfaces/share/custom_interfaces/package.dsv'
[0.680s] INFO:colcon.colcon_core.shell:Creating package script '/home/rodep/rodep/test_ws/yano_ws/install/custom_interfaces/share/custom_interfaces/package.sh'
[0.680s] INFO:colcon.colcon_core.shell:Creating package script '/home/rodep/rodep/test_ws/yano_ws/install/custom_interfaces/share/custom_interfaces/package.bash'
[0.681s] INFO:colcon.colcon_core.shell:Creating package script '/home/rodep/rodep/test_ws/yano_ws/install/custom_interfaces/share/custom_interfaces/package.zsh'
[0.681s] Level 1:colcon.colcon_core.environment:create_file_with_runtime_dependencies(/home/rodep/rodep/test_ws/yano_ws/install/custom_interfaces/share/colcon-core/packages/custom_interfaces)
[0.681s] Level 1:colcon.colcon_core.environment:create_environment_scripts_only(custom_interfaces)
[0.681s] Level 1:colcon.colcon_core.environment:checking '/home/rodep/rodep/test_ws/yano_ws/install/custom_interfaces' for CMake module files
[0.682s] Level 1:colcon.colcon_core.environment:checking '/home/rodep/rodep/test_ws/yano_ws/install/custom_interfaces' for CMake config files
[0.682s] Level 1:colcon.colcon_core.shell:create_environment_hook('custom_interfaces', 'cmake_prefix_path')
[0.682s] INFO:colcon.colcon_core.shell:Creating environment hook '/home/rodep/rodep/test_ws/yano_ws/install/custom_interfaces/share/custom_interfaces/hook/cmake_prefix_path.ps1'
[0.683s] INFO:colcon.colcon_core.shell:Creating environment descriptor '/home/rodep/rodep/test_ws/yano_ws/install/custom_interfaces/share/custom_interfaces/hook/cmake_prefix_path.dsv'
[0.683s] INFO:colcon.colcon_core.shell:Creating environment hook '/home/rodep/rodep/test_ws/yano_ws/install/custom_interfaces/share/custom_interfaces/hook/cmake_prefix_path.sh'
[0.683s] Level 1:colcon.colcon_core.environment:checking '/home/rodep/rodep/test_ws/yano_ws/install/custom_interfaces/lib'
[0.683s] Level 1:colcon.colcon_core.shell:create_environment_hook('custom_interfaces', 'ld_library_path_lib')
[0.683s] INFO:colcon.colcon_core.shell:Creating environment hook '/home/rodep/rodep/test_ws/yano_ws/install/custom_interfaces/share/custom_interfaces/hook/ld_library_path_lib.ps1'
[0.684s] INFO:colcon.colcon_core.shell:Creating environment descriptor '/home/rodep/rodep/test_ws/yano_ws/install/custom_interfaces/share/custom_interfaces/hook/ld_library_path_lib.dsv'
[0.684s] INFO:colcon.colcon_core.shell:Creating environment hook '/home/rodep/rodep/test_ws/yano_ws/install/custom_interfaces/share/custom_interfaces/hook/ld_library_path_lib.sh'
[0.684s] Level 1:colcon.colcon_core.environment:checking '/home/rodep/rodep/test_ws/yano_ws/install/custom_interfaces/bin'
[0.684s] Level 1:colcon.colcon_core.environment:checking '/home/rodep/rodep/test_ws/yano_ws/install/custom_interfaces/lib/pkgconfig/custom_interfaces.pc'
[0.684s] Level 1:colcon.colcon_core.environment:checking '/home/rodep/rodep/test_ws/yano_ws/install/custom_interfaces/lib/python3.12/site-packages'
[0.685s] Level 1:colcon.colcon_core.shell:create_environment_hook('custom_interfaces', 'pythonpath')
[0.685s] INFO:colcon.colcon_core.shell:Creating environment hook '/home/rodep/rodep/test_ws/yano_ws/install/custom_interfaces/share/custom_interfaces/hook/pythonpath.ps1'
[0.685s] INFO:colcon.colcon_core.shell:Creating environment descriptor '/home/rodep/rodep/test_ws/yano_ws/install/custom_interfaces/share/custom_interfaces/hook/pythonpath.dsv'
[0.685s] INFO:colcon.colcon_core.shell:Creating environment hook '/home/rodep/rodep/test_ws/yano_ws/install/custom_interfaces/share/custom_interfaces/hook/pythonpath.sh'
[0.686s] Level 1:colcon.colcon_core.environment:checking '/home/rodep/rodep/test_ws/yano_ws/install/custom_interfaces/bin'
[0.686s] INFO:colcon.colcon_core.shell:Creating package script '/home/rodep/rodep/test_ws/yano_ws/install/custom_interfaces/share/custom_interfaces/package.ps1'
[0.686s] INFO:colcon.colcon_core.shell:Creating package descriptor '/home/rodep/rodep/test_ws/yano_ws/install/custom_interfaces/share/custom_interfaces/package.dsv'
[0.687s] INFO:colcon.colcon_core.shell:Creating package script '/home/rodep/rodep/test_ws/yano_ws/install/custom_interfaces/share/custom_interfaces/package.sh'
[0.687s] INFO:colcon.colcon_core.shell:Creating package script '/home/rodep/rodep/test_ws/yano_ws/install/custom_interfaces/share/custom_interfaces/package.bash'
[0.687s] INFO:colcon.colcon_core.shell:Creating package script '/home/rodep/rodep/test_ws/yano_ws/install/custom_interfaces/share/custom_interfaces/package.zsh'
[0.688s] Level 1:colcon.colcon_core.environment:create_file_with_runtime_dependencies(/home/rodep/rodep/test_ws/yano_ws/install/custom_interfaces/share/colcon-core/packages/custom_interfaces)
[0.688s] INFO:colcon.colcon_ros.task.ament_cmake.build:Building ROS package in '/home/rodep/rodep/test_ws/yano_ws/src/crawler_driver' with build type 'ament_cmake'
[0.688s] INFO:colcon.colcon_cmake.task.cmake.build:Building CMake package in '/home/rodep/rodep/test_ws/yano_ws/src/crawler_driver'
[0.688s] INFO:colcon.colcon_core.shell:Skip shell extension 'powershell' for command environment: Not usable outside of PowerShell
[0.688s] DEBUG:colcon.colcon_core.shell:Skip shell extension 'dsv' for command environment
[0.691s] INFO:colcon.colcon_ros.task.ament_cmake.build:Building ROS package in '/home/rodep/rodep/test_ws/yano_ws/src/flipper_driver' with build type 'ament_cmake'
[0.691s] INFO:colcon.colcon_cmake.task.cmake.build:Building CMake package in '/home/rodep/rodep/test_ws/yano_ws/src/flipper_driver'
[0.691s] INFO:colcon.colcon_core.shell:Skip shell extension 'powershell' for command environment: Not usable outside of PowerShell
[0.691s] DEBUG:colcon.colcon_core.shell:Skip shell extension 'dsv' for command environment
[0.694s] INFO:colcon.colcon_ros.task.ament_cmake.build:Building ROS package in '/home/rodep/rodep/test_ws/yano_ws/src/operator' with build type 'ament_cmake'
[0.694s] INFO:colcon.colcon_cmake.task.cmake.build:Building CMake package in '/home/rodep/rodep/test_ws/yano_ws/src/operator'
[0.694s] INFO:colcon.colcon_core.shell:Skip shell extension 'powershell' for command environment: Not usable outside of PowerShell
[0.694s] DEBUG:colcon.colcon_core.shell:Skip shell extension 'dsv' for command environment
[0.699s] DEBUG:colcon.colcon_core.event_handler.log_command:Invoking command in '/home/rodep/rodep/test_ws/yano_ws/build/crawler_driver': CMAKE_PREFIX_PATH=/home/rodep/rodep/test_ws/yano_ws/install/custom_interfaces:/home/rodep/rodep/test_ws/yano_ws/install/usb_camera:/home/rodep/rodep/test_ws/yano_ws/install/operator:/home/rodep/rodep/test_ws/yano_ws/install/my_rqt_plugin:/home/rodep/rodep/test_ws/yano_ws/install/flipper_driver:/home/rodep/rodep/test_ws/yano_ws/install/crawler_driver:/opt/ros/jazzy/opt/gz_math_vendor:/opt/ros/jazzy/opt/gz_utils_vendor:/opt/ros/jazzy/opt/gz_cmake_vendor:/opt/ros/jazzy DEBUGINFOD_URLS=https://debuginfod.ubuntu.com LD_LIBRARY_PATH=/home/rodep/rodep/test_ws/yano_ws/install/custom_interfaces/lib:/home/rodep/rodep/test_ws/yano_ws/install/my_rqt_plugin/lib:/opt/ros/jazzy/opt/rviz_ogre_vendor/lib:/opt/ros/jazzy/lib/x86_64-linux-gnu:/opt/ros/jazzy/opt/gz_math_vendor/lib:/opt/ros/jazzy/opt/gz_utils_vendor/lib:/opt/ros/jazzy/opt/gz_cmake_vendor/lib:/opt/ros/jazzy/lib /usr/bin/cmake --build /home/rodep/rodep/test_ws/yano_ws/build/crawler_driver -- -j8 -l8
[0.701s] DEBUG:colcon.colcon_core.event_handler.log_command:Invoking command in '/home/rodep/rodep/test_ws/yano_ws/build/flipper_driver': CMAKE_PREFIX_PATH=/home/rodep/rodep/test_ws/yano_ws/install/custom_interfaces:/home/rodep/rodep/test_ws/yano_ws/install/usb_camera:/home/rodep/rodep/test_ws/yano_ws/install/operator:/home/rodep/rodep/test_ws/yano_ws/install/my_rqt_plugin:/home/rodep/rodep/test_ws/yano_ws/install/flipper_driver:/home/rodep/rodep/test_ws/yano_ws/install/crawler_driver:/opt/ros/jazzy/opt/gz_math_vendor:/opt/ros/jazzy/opt/gz_utils_vendor:/opt/ros/jazzy/opt/gz_cmake_vendor:/opt/ros/jazzy DEBUGINFOD_URLS=https://debuginfod.ubuntu.com LD_LIBRARY_PATH=/home/rodep/rodep/test_ws/yano_ws/install/custom_interfaces/lib:/home/rodep/rodep/test_ws/yano_ws/install/my_rqt_plugin/lib:/opt/ros/jazzy/opt/rviz_ogre_vendor/lib:/opt/ros/jazzy/lib/x86_64-linux-gnu:/opt/ros/jazzy/opt/gz_math_vendor/lib:/opt/ros/jazzy/opt/gz_utils_vendor/lib:/opt/ros/jazzy/opt/gz_cmake_vendor/lib:/opt/ros/jazzy/lib /usr/bin/cmake --build /home/rodep/rodep/test_ws/yano_ws/build/flipper_driver -- -j8 -l8
[0.704s] DEBUG:colcon.colcon_core.event_handler.log_command:Invoking command in '/home/rodep/rodep/test_ws/yano_ws/build/operator': CMAKE_PREFIX_PATH=/home/rodep/rodep/test_ws/yano_ws/install/custom_interfaces:/home/rodep/rodep/test_ws/yano_ws/install/usb_camera:/home/rodep/rodep/test_ws/yano_ws/install/operator:/home/rodep/rodep/test_ws/yano_ws/install/my_rqt_plugin:/home/rodep/rodep/test_ws/yano_ws/install/flipper_driver:/home/rodep/rodep/test_ws/yano_ws/install/crawler_driver:/opt/ros/jazzy/opt/gz_math_vendor:/opt/ros/jazzy/opt/gz_utils_vendor:/opt/ros/jazzy/opt/gz_cmake_vendor:/opt/ros/jazzy DEBUGINFOD_URLS=https://debuginfod.ubuntu.com LD_LIBRARY_PATH=/home/rodep/rodep/test_ws/yano_ws/install/custom_interfaces/lib:/home/rodep/rodep/test_ws/yano_ws/install/my_rqt_plugin/lib:/opt/ros/jazzy/opt/rviz_ogre_vendor/lib:/opt/ros/jazzy/lib/x86_64-linux-gnu:/opt/ros/jazzy/opt/gz_math_vendor/lib:/opt/ros/jazzy/opt/gz_utils_vendor/lib:/opt/ros/jazzy/opt/gz_cmake_vendor/lib:/opt/ros/jazzy/lib /usr/bin/cmake --build /home/rodep/rodep/test_ws/yano_ws/build/operator -- -j8 -l8
[0.759s] DEBUG:colcon.colcon_core.event_handler.log_command:Invoked command in '/home/rodep/rodep/test_ws/yano_ws/build/crawler_driver' returned '0': CMAKE_PREFIX_PATH=/home/rodep/rodep/test_ws/yano_ws/install/custom_interfaces:/home/rodep/rodep/test_ws/yano_ws/install/usb_camera:/home/rodep/rodep/test_ws/yano_ws/install/operator:/home/rodep/rodep/test_ws/yano_ws/install/my_rqt_plugin:/home/rodep/rodep/test_ws/yano_ws/install/flipper_driver:/home/rodep/rodep/test_ws/yano_ws/install/crawler_driver:/opt/ros/jazzy/opt/gz_math_vendor:/opt/ros/jazzy/opt/gz_utils_vendor:/opt/ros/jazzy/opt/gz_cmake_vendor:/opt/ros/jazzy DEBUGINFOD_URLS=https://debuginfod.ubuntu.com LD_LIBRARY_PATH=/home/rodep/rodep/test_ws/yano_ws/install/custom_interfaces/lib:/home/rodep/rodep/test_ws/yano_ws/install/my_rqt_plugin/lib:/opt/ros/jazzy/opt/rviz_ogre_vendor/lib:/opt/ros/jazzy/lib/x86_64-linux-gnu:/opt/ros/jazzy/opt/gz_math_vendor/lib:/opt/ros/jazzy/opt/gz_utils_vendor/lib:/opt/ros/jazzy/opt/gz_cmake_vendor/lib:/opt/ros/jazzy/lib /usr/bin/cmake --build /home/rodep/rodep/test_ws/yano_ws/build/crawler_driver -- -j8 -l8
[0.760s] DEBUG:colcon.colcon_core.event_handler.log_command:Invoking command in '/home/rodep/rodep/test_ws/yano_ws/build/crawler_driver': CMAKE_PREFIX_PATH=/home/rodep/rodep/test_ws/yano_ws/install/custom_interfaces:/home/rodep/rodep/test_ws/yano_ws/install/usb_camera:/home/rodep/rodep/test_ws/yano_ws/install/operator:/home/rodep/rodep/test_ws/yano_ws/install/my_rqt_plugin:/home/rodep/rodep/test_ws/yano_ws/install/flipper_driver:/home/rodep/rodep/test_ws/yano_ws/install/crawler_driver:/opt/ros/jazzy/opt/gz_math_vendor:/opt/ros/jazzy/opt/gz_utils_vendor:/opt/ros/jazzy/opt/gz_cmake_vendor:/opt/ros/jazzy DEBUGINFOD_URLS=https://debuginfod.ubuntu.com LD_LIBRARY_PATH=/home/rodep/rodep/test_ws/yano_ws/install/custom_interfaces/lib:/home/rodep/rodep/test_ws/yano_ws/install/my_rqt_plugin/lib:/opt/ros/jazzy/opt/rviz_ogre_vendor/lib:/opt/ros/jazzy/lib/x86_64-linux-gnu:/opt/ros/jazzy/opt/gz_math_vendor/lib:/opt/ros/jazzy/opt/gz_utils_vendor/lib:/opt/ros/jazzy/opt/gz_cmake_vendor/lib:/opt/ros/jazzy/lib /usr/bin/cmake --install /home/rodep/rodep/test_ws/yano_ws/build/crawler_driver
[0.761s] DEBUG:colcon.colcon_core.event_handler.log_command:Invoked command in '/home/rodep/rodep/test_ws/yano_ws/build/operator' returned '0': CMAKE_PREFIX_PATH=/home/rodep/rodep/test_ws/yano_ws/install/custom_interfaces:/home/rodep/rodep/test_ws/yano_ws/install/usb_camera:/home/rodep/rodep/test_ws/yano_ws/install/operator:/home/rodep/rodep/test_ws/yano_ws/install/my_rqt_plugin:/home/rodep/rodep/test_ws/yano_ws/install/flipper_driver:/home/rodep/rodep/test_ws/yano_ws/install/crawler_driver:/opt/ros/jazzy/opt/gz_math_vendor:/opt/ros/jazzy/opt/gz_utils_vendor:/opt/ros/jazzy/opt/gz_cmake_vendor:/opt/ros/jazzy DEBUGINFOD_URLS=https://debuginfod.ubuntu.com LD_LIBRARY_PATH=/home/rodep/rodep/test_ws/yano_ws/install/custom_interfaces/lib:/home/rodep/rodep/test_ws/yano_ws/install/my_rqt_plugin/lib:/opt/ros/jazzy/opt/rviz_ogre_vendor/lib:/opt/ros/jazzy/lib/x86_64-linux-gnu:/opt/ros/jazzy/opt/gz_math_vendor/lib:/opt/ros/jazzy/opt/gz_utils_vendor/lib:/opt/ros/jazzy/opt/gz_cmake_vendor/lib:/opt/ros/jazzy/lib /usr/bin/cmake --build /home/rodep/rodep/test_ws/yano_ws/build/operator -- -j8 -l8
[0.762s] DEBUG:colcon.colcon_core.event_handler.log_command:Invoking command in '/home/rodep/rodep/test_ws/yano_ws/build/operator': CMAKE_PREFIX_PATH=/home/rodep/rodep/test_ws/yano_ws/install/custom_interfaces:/home/rodep/rodep/test_ws/yano_ws/install/usb_camera:/home/rodep/rodep/test_ws/yano_ws/install/operator:/home/rodep/rodep/test_ws/yano_ws/install/my_rqt_plugin:/home/rodep/rodep/test_ws/yano_ws/install/flipper_driver:/home/rodep/rodep/test_ws/yano_ws/install/crawler_driver:/opt/ros/jazzy/opt/gz_math_vendor:/opt/ros/jazzy/opt/gz_utils_vendor:/opt/ros/jazzy/opt/gz_cmake_vendor:/opt/ros/jazzy DEBUGINFOD_URLS=https://debuginfod.ubuntu.com LD_LIBRARY_PATH=/home/rodep/rodep/test_ws/yano_ws/install/custom_interfaces/lib:/home/rodep/rodep/test_ws/yano_ws/install/my_rqt_plugin/lib:/opt/ros/jazzy/opt/rviz_ogre_vendor/lib:/opt/ros/jazzy/lib/x86_64-linux-gnu:/opt/ros/jazzy/opt/gz_math_vendor/lib:/opt/ros/jazzy/opt/gz_utils_vendor/lib:/opt/ros/jazzy/opt/gz_cmake_vendor/lib:/opt/ros/jazzy/lib /usr/bin/cmake --install /home/rodep/rodep/test_ws/yano_ws/build/operator
[0.769s] Level 1:colcon.colcon_core.environment:create_environment_scripts_only(operator)
[0.770s] Level 1:colcon.colcon_core.environment:checking '/home/rodep/rodep/test_ws/yano_ws/install/operator' for CMake module files
[0.770s] DEBUG:colcon.colcon_core.event_handler.log_command:Invoked command in '/home/rodep/rodep/test_ws/yano_ws/build/operator' returned '0': CMAKE_PREFIX_PATH=/home/rodep/rodep/test_ws/yano_ws/install/custom_interfaces:/home/rodep/rodep/test_ws/yano_ws/install/usb_camera:/home/rodep/rodep/test_ws/yano_ws/install/operator:/home/rodep/rodep/test_ws/yano_ws/install/my_rqt_plugin:/home/rodep/rodep/test_ws/yano_ws/install/flipper_driver:/home/rodep/rodep/test_ws/yano_ws/install/crawler_driver:/opt/ros/jazzy/opt/gz_math_vendor:/opt/ros/jazzy/opt/gz_utils_vendor:/opt/ros/jazzy/opt/gz_cmake_vendor:/opt/ros/jazzy DEBUGINFOD_URLS=https://debuginfod.ubuntu.com LD_LIBRARY_PATH=/home/rodep/rodep/test_ws/yano_ws/install/custom_interfaces/lib:/home/rodep/rodep/test_ws/yano_ws/install/my_rqt_plugin/lib:/opt/ros/jazzy/opt/rviz_ogre_vendor/lib:/opt/ros/jazzy/lib/x86_64-linux-gnu:/opt/ros/jazzy/opt/gz_math_vendor/lib:/opt/ros/jazzy/opt/gz_utils_vendor/lib:/opt/ros/jazzy/opt/gz_cmake_vendor/lib:/opt/ros/jazzy/lib /usr/bin/cmake --install /home/rodep/rodep/test_ws/yano_ws/build/operator
[0.771s] Level 1:colcon.colcon_core.environment:checking '/home/rodep/rodep/test_ws/yano_ws/install/operator' for CMake config files
[0.771s] Level 1:colcon.colcon_core.shell:create_environment_hook('operator', 'cmake_prefix_path')
[0.771s] INFO:colcon.colcon_core.shell:Creating environment hook '/home/rodep/rodep/test_ws/yano_ws/install/operator/share/operator/hook/cmake_prefix_path.ps1'
[0.772s] INFO:colcon.colcon_core.shell:Creating environment descriptor '/home/rodep/rodep/test_ws/yano_ws/install/operator/share/operator/hook/cmake_prefix_path.dsv'
[0.772s] INFO:colcon.colcon_core.shell:Creating environment hook '/home/rodep/rodep/test_ws/yano_ws/install/operator/share/operator/hook/cmake_prefix_path.sh'
[0.773s] Level 1:colcon.colcon_core.environment:checking '/home/rodep/rodep/test_ws/yano_ws/install/operator/lib'
[0.773s] Level 1:colcon.colcon_core.environment:checking '/home/rodep/rodep/test_ws/yano_ws/install/operator/bin'
[0.773s] Level 1:colcon.colcon_core.environment:checking '/home/rodep/rodep/test_ws/yano_ws/install/operator/lib/pkgconfig/operator.pc'
[0.773s] Level 1:colcon.colcon_core.environment:checking '/home/rodep/rodep/test_ws/yano_ws/install/operator/lib/python3.12/site-packages'
[0.774s] Level 1:colcon.colcon_core.environment:checking '/home/rodep/rodep/test_ws/yano_ws/install/operator/bin'
[0.774s] INFO:colcon.colcon_core.shell:Creating package script '/home/rodep/rodep/test_ws/yano_ws/install/operator/share/operator/package.ps1'
[0.774s] INFO:colcon.colcon_core.shell:Creating package descriptor '/home/rodep/rodep/test_ws/yano_ws/install/operator/share/operator/package.dsv'
[0.775s] INFO:colcon.colcon_core.shell:Creating package script '/home/rodep/rodep/test_ws/yano_ws/install/operator/share/operator/package.sh'
[0.775s] INFO:colcon.colcon_core.shell:Creating package script '/home/rodep/rodep/test_ws/yano_ws/install/operator/share/operator/package.bash'
[0.776s] INFO:colcon.colcon_core.shell:Creating package script '/home/rodep/rodep/test_ws/yano_ws/install/operator/share/operator/package.zsh'
[0.776s] Level 1:colcon.colcon_core.environment:create_file_with_runtime_dependencies(/home/rodep/rodep/test_ws/yano_ws/install/operator/share/colcon-core/packages/operator)
[0.777s] Level 1:colcon.colcon_core.environment:create_environment_scripts_only(operator)
[0.777s] Level 1:colcon.colcon_core.environment:checking '/home/rodep/rodep/test_ws/yano_ws/install/operator' for CMake module files
[0.778s] Level 1:colcon.colcon_core.environment:checking '/home/rodep/rodep/test_ws/yano_ws/install/operator' for CMake config files
[0.778s] Level 1:colcon.colcon_core.shell:create_environment_hook('operator', 'cmake_prefix_path')
[0.778s] INFO:colcon.colcon_core.shell:Creating environment hook '/home/rodep/rodep/test_ws/yano_ws/install/operator/share/operator/hook/cmake_prefix_path.ps1'
[0.779s] INFO:colcon.colcon_core.shell:Creating environment descriptor '/home/rodep/rodep/test_ws/yano_ws/install/operator/share/operator/hook/cmake_prefix_path.dsv'
[0.779s] INFO:colcon.colcon_core.shell:Creating environment hook '/home/rodep/rodep/test_ws/yano_ws/install/operator/share/operator/hook/cmake_prefix_path.sh'
[0.780s] Level 1:colcon.colcon_core.environment:checking '/home/rodep/rodep/test_ws/yano_ws/install/operator/lib'
[0.780s] Level 1:colcon.colcon_core.environment:checking '/home/rodep/rodep/test_ws/yano_ws/install/operator/bin'
[0.780s] Level 1:colcon.colcon_core.environment:checking '/home/rodep/rodep/test_ws/yano_ws/install/operator/lib/pkgconfig/operator.pc'
[0.780s] Level 1:colcon.colcon_core.environment:checking '/home/rodep/rodep/test_ws/yano_ws/install/operator/lib/python3.12/site-packages'
[0.780s] Level 1:colcon.colcon_core.environment:checking '/home/rodep/rodep/test_ws/yano_ws/install/operator/bin'
[0.781s] INFO:colcon.colcon_core.shell:Creating package script '/home/rodep/rodep/test_ws/yano_ws/install/operator/share/operator/package.ps1'
[0.781s] INFO:colcon.colcon_core.shell:Creating package descriptor '/home/rodep/rodep/test_ws/yano_ws/install/operator/share/operator/package.dsv'
[0.782s] INFO:colcon.colcon_core.shell:Creating package script '/home/rodep/rodep/test_ws/yano_ws/install/operator/share/operator/package.sh'
[0.782s] INFO:colcon.colcon_core.shell:Creating package script '/home/rodep/rodep/test_ws/yano_ws/install/operator/share/operator/package.bash'
[0.783s] INFO:colcon.colcon_core.shell:Creating package script '/home/rodep/rodep/test_ws/yano_ws/install/operator/share/operator/package.zsh'
[0.783s] Level 1:colcon.colcon_core.environment:create_file_with_runtime_dependencies(/home/rodep/rodep/test_ws/yano_ws/install/operator/share/colcon-core/packages/operator)
[0.784s] Level 1:colcon.colcon_core.environment:create_environment_scripts_only(crawler_driver)
[0.784s] Level 1:colcon.colcon_core.environment:checking '/home/rodep/rodep/test_ws/yano_ws/install/crawler_driver' for CMake module files
[0.785s] DEBUG:colcon.colcon_core.event_handler.log_command:Invoked command in '/home/rodep/rodep/test_ws/yano_ws/build/crawler_driver' returned '0': CMAKE_PREFIX_PATH=/home/rodep/rodep/test_ws/yano_ws/install/custom_interfaces:/home/rodep/rodep/test_ws/yano_ws/install/usb_camera:/home/rodep/rodep/test_ws/yano_ws/install/operator:/home/rodep/rodep/test_ws/yano_ws/install/my_rqt_plugin:/home/rodep/rodep/test_ws/yano_ws/install/flipper_driver:/home/rodep/rodep/test_ws/yano_ws/install/crawler_driver:/opt/ros/jazzy/opt/gz_math_vendor:/opt/ros/jazzy/opt/gz_utils_vendor:/opt/ros/jazzy/opt/gz_cmake_vendor:/opt/ros/jazzy DEBUGINFOD_URLS=https://debuginfod.ubuntu.com LD_LIBRARY_PATH=/home/rodep/rodep/test_ws/yano_ws/install/custom_interfaces/lib:/home/rodep/rodep/test_ws/yano_ws/install/my_rqt_plugin/lib:/opt/ros/jazzy/opt/rviz_ogre_vendor/lib:/opt/ros/jazzy/lib/x86_64-linux-gnu:/opt/ros/jazzy/opt/gz_math_vendor/lib:/opt/ros/jazzy/opt/gz_utils_vendor/lib:/opt/ros/jazzy/opt/gz_cmake_vendor/lib:/opt/ros/jazzy/lib /usr/bin/cmake --install /home/rodep/rodep/test_ws/yano_ws/build/crawler_driver
[0.785s] Level 1:colcon.colcon_core.environment:checking '/home/rodep/rodep/test_ws/yano_ws/install/crawler_driver' for CMake config files
[0.785s] Level 1:colcon.colcon_core.shell:create_environment_hook('crawler_driver', 'cmake_prefix_path')
[0.786s] INFO:colcon.colcon_core.shell:Creating environment hook '/home/rodep/rodep/test_ws/yano_ws/install/crawler_driver/share/crawler_driver/hook/cmake_prefix_path.ps1'
[0.786s] INFO:colcon.colcon_core.shell:Creating environment descriptor '/home/rodep/rodep/test_ws/yano_ws/install/crawler_driver/share/crawler_driver/hook/cmake_prefix_path.dsv'
[0.787s] INFO:colcon.colcon_core.shell:Creating environment hook '/home/rodep/rodep/test_ws/yano_ws/install/crawler_driver/share/crawler_driver/hook/cmake_prefix_path.sh'
[0.787s] Level 1:colcon.colcon_core.environment:checking '/home/rodep/rodep/test_ws/yano_ws/install/crawler_driver/lib'
[0.787s] Level 1:colcon.colcon_core.environment:checking '/home/rodep/rodep/test_ws/yano_ws/install/crawler_driver/bin'
[0.787s] Level 1:colcon.colcon_core.environment:checking '/home/rodep/rodep/test_ws/yano_ws/install/crawler_driver/lib/pkgconfig/crawler_driver.pc'
[0.788s] Level 1:colcon.colcon_core.environment:checking '/home/rodep/rodep/test_ws/yano_ws/install/crawler_driver/lib/python3.12/site-packages'
[0.788s] Level 1:colcon.colcon_core.environment:checking '/home/rodep/rodep/test_ws/yano_ws/install/crawler_driver/bin'
[0.788s] INFO:colcon.colcon_core.shell:Creating package script '/home/rodep/rodep/test_ws/yano_ws/install/crawler_driver/share/crawler_driver/package.ps1'
[0.789s] INFO:colcon.colcon_core.shell:Creating package descriptor '/home/rodep/rodep/test_ws/yano_ws/install/crawler_driver/share/crawler_driver/package.dsv'
[0.789s] INFO:colcon.colcon_core.shell:Creating package script '/home/rodep/rodep/test_ws/yano_ws/install/crawler_driver/share/crawler_driver/package.sh'
[0.790s] INFO:colcon.colcon_core.shell:Creating package script '/home/rodep/rodep/test_ws/yano_ws/install/crawler_driver/share/crawler_driver/package.bash'
[0.790s] INFO:colcon.colcon_core.shell:Creating package script '/home/rodep/rodep/test_ws/yano_ws/install/crawler_driver/share/crawler_driver/package.zsh'
[0.790s] Level 1:colcon.colcon_core.environment:create_file_with_runtime_dependencies(/home/rodep/rodep/test_ws/yano_ws/install/crawler_driver/share/colcon-core/packages/crawler_driver)
[0.791s] Level 1:colcon.colcon_core.environment:create_environment_scripts_only(crawler_driver)
[0.791s] Level 1:colcon.colcon_core.environment:checking '/home/rodep/rodep/test_ws/yano_ws/install/crawler_driver' for CMake module files
[0.792s] Level 1:colcon.colcon_core.environment:checking '/home/rodep/rodep/test_ws/yano_ws/install/crawler_driver' for CMake config files
[0.792s] Level 1:colcon.colcon_core.shell:create_environment_hook('crawler_driver', 'cmake_prefix_path')
[0.792s] INFO:colcon.colcon_core.shell:Creating environment hook '/home/rodep/rodep/test_ws/yano_ws/install/crawler_driver/share/crawler_driver/hook/cmake_prefix_path.ps1'
[0.793s] INFO:colcon.colcon_core.shell:Creating environment descriptor '/home/rodep/rodep/test_ws/yano_ws/install/crawler_driver/share/crawler_driver/hook/cmake_prefix_path.dsv'
[0.793s] INFO:colcon.colcon_core.shell:Creating environment hook '/home/rodep/rodep/test_ws/yano_ws/install/crawler_driver/share/crawler_driver/hook/cmake_prefix_path.sh'
[0.794s] Level 1:colcon.colcon_core.environment:checking '/home/rodep/rodep/test_ws/yano_ws/install/crawler_driver/lib'
[0.794s] Level 1:colcon.colcon_core.environment:checking '/home/rodep/rodep/test_ws/yano_ws/install/crawler_driver/bin'
[0.794s] Level 1:colcon.colcon_core.environment:checking '/home/rodep/rodep/test_ws/yano_ws/install/crawler_driver/lib/pkgconfig/crawler_driver.pc'
[0.794s] Level 1:colcon.colcon_core.environment:checking '/home/rodep/rodep/test_ws/yano_ws/install/crawler_driver/lib/python3.12/site-packages'
[0.794s] Level 1:colcon.colcon_core.environment:checking '/home/rodep/rodep/test_ws/yano_ws/install/crawler_driver/bin'
[0.795s] INFO:colcon.colcon_core.shell:Creating package script '/home/rodep/rodep/test_ws/yano_ws/install/crawler_driver/share/crawler_driver/package.ps1'
[0.795s] INFO:colcon.colcon_core.shell:Creating package descriptor '/home/rodep/rodep/test_ws/yano_ws/install/crawler_driver/share/crawler_driver/package.dsv'
[0.796s] INFO:colcon.colcon_core.shell:Creating package script '/home/rodep/rodep/test_ws/yano_ws/install/crawler_driver/share/crawler_driver/package.sh'
[0.796s] INFO:colcon.colcon_core.shell:Creating package script '/home/rodep/rodep/test_ws/yano_ws/install/crawler_driver/share/crawler_driver/package.bash'
[0.797s] INFO:colcon.colcon_core.shell:Creating package script '/home/rodep/rodep/test_ws/yano_ws/install/crawler_driver/share/crawler_driver/package.zsh'
[0.797s] Level 1:colcon.colcon_core.environment:create_file_with_runtime_dependencies(/home/rodep/rodep/test_ws/yano_ws/install/crawler_driver/share/colcon-core/packages/crawler_driver)
[9.803s] DEBUG:colcon.colcon_core.event_handler.log_command:Invoked command in '/home/rodep/rodep/test_ws/yano_ws/build/flipper_driver' returned '0': CMAKE_PREFIX_PATH=/home/rodep/rodep/test_ws/yano_ws/install/custom_interfaces:/home/rodep/rodep/test_ws/yano_ws/install/usb_camera:/home/rodep/rodep/test_ws/yano_ws/install/operator:/home/rodep/rodep/test_ws/yano_ws/install/my_rqt_plugin:/home/rodep/rodep/test_ws/yano_ws/install/flipper_driver:/home/rodep/rodep/test_ws/yano_ws/install/crawler_driver:/opt/ros/jazzy/opt/gz_math_vendor:/opt/ros/jazzy/opt/gz_utils_vendor:/opt/ros/jazzy/opt/gz_cmake_vendor:/opt/ros/jazzy DEBUGINFOD_URLS=https://debuginfod.ubuntu.com LD_LIBRARY_PATH=/home/rodep/rodep/test_ws/yano_ws/install/custom_interfaces/lib:/home/rodep/rodep/test_ws/yano_ws/install/my_rqt_plugin/lib:/opt/ros/jazzy/opt/rviz_ogre_vendor/lib:/opt/ros/jazzy/lib/x86_64-linux-gnu:/opt/ros/jazzy/opt/gz_math_vendor/lib:/opt/ros/jazzy/opt/gz_utils_vendor/lib:/opt/ros/jazzy/opt/gz_cmake_vendor/lib:/opt/ros/jazzy/lib /usr/bin/cmake --build /home/rodep/rodep/test_ws/yano_ws/build/flipper_driver -- -j8 -l8
[9.804s] DEBUG:colcon.colcon_core.event_handler.log_command:Invoking command in '/home/rodep/rodep/test_ws/yano_ws/build/flipper_driver': CMAKE_PREFIX_PATH=/home/rodep/rodep/test_ws/yano_ws/install/custom_interfaces:/home/rodep/rodep/test_ws/yano_ws/install/usb_camera:/home/rodep/rodep/test_ws/yano_ws/install/operator:/home/rodep/rodep/test_ws/yano_ws/install/my_rqt_plugin:/home/rodep/rodep/test_ws/yano_ws/install/flipper_driver:/home/rodep/rodep/test_ws/yano_ws/install/crawler_driver:/opt/ros/jazzy/opt/gz_math_vendor:/opt/ros/jazzy/opt/gz_utils_vendor:/opt/ros/jazzy/opt/gz_cmake_vendor:/opt/ros/jazzy DEBUGINFOD_URLS=https://debuginfod.ubuntu.com LD_LIBRARY_PATH=/home/rodep/rodep/test_ws/yano_ws/install/custom_interfaces/lib:/home/rodep/rodep/test_ws/yano_ws/install/my_rqt_plugin/lib:/opt/ros/jazzy/opt/rviz_ogre_vendor/lib:/opt/ros/jazzy/lib/x86_64-linux-gnu:/opt/ros/jazzy/opt/gz_math_vendor/lib:/opt/ros/jazzy/opt/gz_utils_vendor/lib:/opt/ros/jazzy/opt/gz_cmake_vendor/lib:/opt/ros/jazzy/lib /usr/bin/cmake --install /home/rodep/rodep/test_ws/yano_ws/build/flipper_driver
[9.817s] Level 1:colcon.colcon_core.environment:create_environment_scripts_only(flipper_driver)
[9.817s] DEBUG:colcon.colcon_core.event_handler.log_command:Invoked command in '/home/rodep/rodep/test_ws/yano_ws/build/flipper_driver' returned '0': CMAKE_PREFIX_PATH=/home/rodep/rodep/test_ws/yano_ws/install/custom_interfaces:/home/rodep/rodep/test_ws/yano_ws/install/usb_camera:/home/rodep/rodep/test_ws/yano_ws/install/operator:/home/rodep/rodep/test_ws/yano_ws/install/my_rqt_plugin:/home/rodep/rodep/test_ws/yano_ws/install/flipper_driver:/home/rodep/rodep/test_ws/yano_ws/install/crawler_driver:/opt/ros/jazzy/opt/gz_math_vendor:/opt/ros/jazzy/opt/gz_utils_vendor:/opt/ros/jazzy/opt/gz_cmake_vendor:/opt/ros/jazzy DEBUGINFOD_URLS=https://debuginfod.ubuntu.com LD_LIBRARY_PATH=/home/rodep/rodep/test_ws/yano_ws/install/custom_interfaces/lib:/home/rodep/rodep/test_ws/yano_ws/install/my_rqt_plugin/lib:/opt/ros/jazzy/opt/rviz_ogre_vendor/lib:/opt/ros/jazzy/lib/x86_64-linux-gnu:/opt/ros/jazzy/opt/gz_math_vendor/lib:/opt/ros/jazzy/opt/gz_utils_vendor/lib:/opt/ros/jazzy/opt/gz_cmake_vendor/lib:/opt/ros/jazzy/lib /usr/bin/cmake --install /home/rodep/rodep/test_ws/yano_ws/build/flipper_driver
[9.817s] Level 1:colcon.colcon_core.environment:checking '/home/rodep/rodep/test_ws/yano_ws/install/flipper_driver' for CMake module files
[9.818s] Level 1:colcon.colcon_core.environment:checking '/home/rodep/rodep/test_ws/yano_ws/install/flipper_driver' for CMake config files
[9.818s] Level 1:colcon.colcon_core.shell:create_environment_hook('flipper_driver', 'cmake_prefix_path')
[9.818s] INFO:colcon.colcon_core.shell:Creating environment hook '/home/rodep/rodep/test_ws/yano_ws/install/flipper_driver/share/flipper_driver/hook/cmake_prefix_path.ps1'
[9.819s] INFO:colcon.colcon_core.shell:Creating environment descriptor '/home/rodep/rodep/test_ws/yano_ws/install/flipper_driver/share/flipper_driver/hook/cmake_prefix_path.dsv'
[9.819s] INFO:colcon.colcon_core.shell:Creating environment hook '/home/rodep/rodep/test_ws/yano_ws/install/flipper_driver/share/flipper_driver/hook/cmake_prefix_path.sh'
[9.819s] Level 1:colcon.colcon_core.environment:checking '/home/rodep/rodep/test_ws/yano_ws/install/flipper_driver/lib'
[9.819s] Level 1:colcon.colcon_core.environment:checking '/home/rodep/rodep/test_ws/yano_ws/install/flipper_driver/bin'
[9.819s] Level 1:colcon.colcon_core.environment:checking '/home/rodep/rodep/test_ws/yano_ws/install/flipper_driver/lib/pkgconfig/flipper_driver.pc'
[9.820s] Level 1:colcon.colcon_core.environment:checking '/home/rodep/rodep/test_ws/yano_ws/install/flipper_driver/lib/python3.12/site-packages'
[9.820s] Level 1:colcon.colcon_core.environment:checking '/home/rodep/rodep/test_ws/yano_ws/install/flipper_driver/bin'
[9.820s] INFO:colcon.colcon_core.shell:Creating package script '/home/rodep/rodep/test_ws/yano_ws/install/flipper_driver/share/flipper_driver/package.ps1'
[9.820s] INFO:colcon.colcon_core.shell:Creating package descriptor '/home/rodep/rodep/test_ws/yano_ws/install/flipper_driver/share/flipper_driver/package.dsv'
[9.821s] INFO:colcon.colcon_core.shell:Creating package script '/home/rodep/rodep/test_ws/yano_ws/install/flipper_driver/share/flipper_driver/package.sh'
[9.821s] INFO:colcon.colcon_core.shell:Creating package script '/home/rodep/rodep/test_ws/yano_ws/install/flipper_driver/share/flipper_driver/package.bash'
[9.821s] INFO:colcon.colcon_core.shell:Creating package script '/home/rodep/rodep/test_ws/yano_ws/install/flipper_driver/share/flipper_driver/package.zsh'
[9.822s] Level 1:colcon.colcon_core.environment:create_file_with_runtime_dependencies(/home/rodep/rodep/test_ws/yano_ws/install/flipper_driver/share/colcon-core/packages/flipper_driver)
[9.822s] Level 1:colcon.colcon_core.environment:create_environment_scripts_only(flipper_driver)
[9.822s] Level 1:colcon.colcon_core.environment:checking '/home/rodep/rodep/test_ws/yano_ws/install/flipper_driver' for CMake module files
[9.822s] Level 1:colcon.colcon_core.environment:checking '/home/rodep/rodep/test_ws/yano_ws/install/flipper_driver' for CMake config files
[9.823s] Level 1:colcon.colcon_core.shell:create_environment_hook('flipper_driver', 'cmake_prefix_path')
[9.823s] INFO:colcon.colcon_core.shell:Creating environment hook '/home/rodep/rodep/test_ws/yano_ws/install/flipper_driver/share/flipper_driver/hook/cmake_prefix_path.ps1'
[9.823s] INFO:colcon.colcon_core.shell:Creating environment descriptor '/home/rodep/rodep/test_ws/yano_ws/install/flipper_driver/share/flipper_driver/hook/cmake_prefix_path.dsv'
[9.823s] INFO:colcon.colcon_core.shell:Creating environment hook '/home/rodep/rodep/test_ws/yano_ws/install/flipper_driver/share/flipper_driver/hook/cmake_prefix_path.sh'
[9.824s] Level 1:colcon.colcon_core.environment:checking '/home/rodep/rodep/test_ws/yano_ws/install/flipper_driver/lib'
[9.824s] Level 1:colcon.colcon_core.environment:checking '/home/rodep/rodep/test_ws/yano_ws/install/flipper_driver/bin'
[9.824s] Level 1:colcon.colcon_core.environment:checking '/home/rodep/rodep/test_ws/yano_ws/install/flipper_driver/lib/pkgconfig/flipper_driver.pc'
[9.824s] Level 1:colcon.colcon_core.environment:checking '/home/rodep/rodep/test_ws/yano_ws/install/flipper_driver/lib/python3.12/site-packages'
[9.824s] Level 1:colcon.colcon_core.environment:checking '/home/rodep/rodep/test_ws/yano_ws/install/flipper_driver/bin'
[9.824s] INFO:colcon.colcon_core.shell:Creating package script '/home/rodep/rodep/test_ws/yano_ws/install/flipper_driver/share/flipper_driver/package.ps1'
[9.825s] INFO:colcon.colcon_core.shell:Creating package descriptor '/home/rodep/rodep/test_ws/yano_ws/install/flipper_driver/share/flipper_driver/package.dsv'
[9.825s] INFO:colcon.colcon_core.shell:Creating package script '/home/rodep/rodep/test_ws/yano_ws/install/flipper_driver/share/flipper_driver/package.sh'
[9.825s] INFO:colcon.colcon_core.shell:Creating package script '/home/rodep/rodep/test_ws/yano_ws/install/flipper_driver/share/flipper_driver/package.bash'
[9.826s] INFO:colcon.colcon_core.shell:Creating package script '/home/rodep/rodep/test_ws/yano_ws/install/flipper_driver/share/flipper_driver/package.zsh'
[9.826s] Level 1:colcon.colcon_core.environment:create_file_with_runtime_dependencies(/home/rodep/rodep/test_ws/yano_ws/install/flipper_driver/share/colcon-core/packages/flipper_driver)
[9.826s] DEBUG:colcon.colcon_parallel_executor.executor.parallel:closing loop
[9.826s] DEBUG:colcon.colcon_parallel_executor.executor.parallel:loop closed
[9.826s] DEBUG:colcon.colcon_parallel_executor.executor.parallel:run_until_complete finished with '0'
[9.827s] DEBUG:colcon.colcon_core.event_reactor:joining thread
[9.831s] INFO:colcon.colcon_core.plugin_system:Skipping extension 'colcon_notification.desktop_notification.terminal_notifier': Not used on non-Darwin systems
[9.831s] INFO:colcon.colcon_core.plugin_system:Skipping extension 'colcon_notification.desktop_notification.win32': Not used on non-Windows systems
[9.831s] INFO:colcon.colcon_notification.desktop_notification:Sending desktop notification using 'notify2'
[9.841s] DEBUG:colcon.colcon_core.event_reactor:joined thread
[9.841s] INFO:colcon.colcon_core.shell:Creating prefix script '/home/rodep/rodep/test_ws/yano_ws/install/local_setup.ps1'
[9.842s] INFO:colcon.colcon_core.shell:Creating prefix util module '/home/rodep/rodep/test_ws/yano_ws/install/_local_setup_util_ps1.py'
[9.843s] INFO:colcon.colcon_core.shell:Creating prefix chain script '/home/rodep/rodep/test_ws/yano_ws/install/setup.ps1'
[9.844s] INFO:colcon.colcon_core.shell:Creating prefix script '/home/rodep/rodep/test_ws/yano_ws/install/local_setup.sh'
[9.844s] INFO:colcon.colcon_core.shell:Creating prefix util module '/home/rodep/rodep/test_ws/yano_ws/install/_local_setup_util_sh.py'
[9.844s] INFO:colcon.colcon_core.shell:Creating prefix chain script '/home/rodep/rodep/test_ws/yano_ws/install/setup.sh'
[9.845s] INFO:colcon.colcon_core.shell:Creating prefix script '/home/rodep/rodep/test_ws/yano_ws/install/local_setup.bash'
[9.846s] INFO:colcon.colcon_core.shell:Creating prefix chain script '/home/rodep/rodep/test_ws/yano_ws/install/setup.bash'
[9.847s] INFO:colcon.colcon_core.shell:Creating prefix script '/home/rodep/rodep/test_ws/yano_ws/install/local_setup.zsh'
[9.847s] INFO:colcon.colcon_core.shell:Creating prefix chain script '/home/rodep/rodep/test_ws/yano_ws/install/setup.zsh'
