[0.013s] Invoking command in '/home/rodep/rodep/test_ws/yano_ws/build/crawler_driver': CMAKE_PREFIX_PATH=/home/rodep/rodep/test_ws/yano_ws/install/custom_interfaces:/home/rodep/rodep/test_ws/yano_ws/install/usb_camera:/home/rodep/rodep/test_ws/yano_ws/install/operator:/home/rodep/rodep/test_ws/yano_ws/install/flipper_driver:/home/rodep/rodep/test_ws/yano_ws/install/crawler_driver:/opt/ros/jazzy/opt/gz_math_vendor:/opt/ros/jazzy/opt/gz_utils_vendor:/opt/ros/jazzy/opt/gz_cmake_vendor:/opt/ros/jazzy DEBUGINFOD_URLS=https://debuginfod.ubuntu.com /usr/bin/cmake --build /home/rodep/rodep/test_ws/yano_ws/build/crawler_driver -- -j8 -l8
[0.069s] [ 50%] [32mBuilding CXX object CMakeFiles/crawler_driver_node.dir/src/crawler_driver.cpp.o[0m
[11.506s] [100%] [32m[1mLinking CXX executable crawler_driver_node[0m
[11.848s] [100%] Built target crawler_driver_node
[11.857s] Invoked command in '/home/rodep/rodep/test_ws/yano_ws/build/crawler_driver' returned '0': CMAKE_PREFIX_PATH=/home/rodep/rodep/test_ws/yano_ws/install/custom_interfaces:/home/rodep/rodep/test_ws/yano_ws/install/usb_camera:/home/rodep/rodep/test_ws/yano_ws/install/operator:/home/rodep/rodep/test_ws/yano_ws/install/flipper_driver:/home/rodep/rodep/test_ws/yano_ws/install/crawler_driver:/opt/ros/jazzy/opt/gz_math_vendor:/opt/ros/jazzy/opt/gz_utils_vendor:/opt/ros/jazzy/opt/gz_cmake_vendor:/opt/ros/jazzy DEBUGINFOD_URLS=https://debuginfod.ubuntu.com /usr/bin/cmake --build /home/rodep/rodep/test_ws/yano_ws/build/crawler_driver -- -j8 -l8
[11.858s] Invoking command in '/home/rodep/rodep/test_ws/yano_ws/build/crawler_driver': CMAKE_PREFIX_PATH=/home/rodep/rodep/test_ws/yano_ws/install/custom_interfaces:/home/rodep/rodep/test_ws/yano_ws/install/usb_camera:/home/rodep/rodep/test_ws/yano_ws/install/operator:/home/rodep/rodep/test_ws/yano_ws/install/flipper_driver:/home/rodep/rodep/test_ws/yano_ws/install/crawler_driver:/opt/ros/jazzy/opt/gz_math_vendor:/opt/ros/jazzy/opt/gz_utils_vendor:/opt/ros/jazzy/opt/gz_cmake_vendor:/opt/ros/jazzy DEBUGINFOD_URLS=https://debuginfod.ubuntu.com /usr/bin/cmake --install /home/rodep/rodep/test_ws/yano_ws/build/crawler_driver
[11.864s] -- Install configuration: ""
[11.865s] -- Installing: /home/rodep/rodep/test_ws/yano_ws/install/crawler_driver/lib/crawler_driver/crawler_driver_node
[11.870s] -- Set non-toolchain portion of runtime path of "/home/rodep/rodep/test_ws/yano_ws/install/crawler_driver/lib/crawler_driver/crawler_driver_node" to ""
[11.870s] -- Up-to-date: /home/rodep/rodep/test_ws/yano_ws/install/crawler_driver/share/ament_index/resource_index/package_run_dependencies/crawler_driver
[11.870s] -- Up-to-date: /home/rodep/rodep/test_ws/yano_ws/install/crawler_driver/share/ament_index/resource_index/parent_prefix_path/crawler_driver
[11.871s] -- Up-to-date: /home/rodep/rodep/test_ws/yano_ws/install/crawler_driver/share/crawler_driver/environment/ament_prefix_path.sh
[11.871s] -- Up-to-date: /home/rodep/rodep/test_ws/yano_ws/install/crawler_driver/share/crawler_driver/environment/ament_prefix_path.dsv
[11.871s] -- Up-to-date: /home/rodep/rodep/test_ws/yano_ws/install/crawler_driver/share/crawler_driver/environment/path.sh
[11.871s] -- Up-to-date: /home/rodep/rodep/test_ws/yano_ws/install/crawler_driver/share/crawler_driver/environment/path.dsv
[11.871s] -- Up-to-date: /home/rodep/rodep/test_ws/yano_ws/install/crawler_driver/share/crawler_driver/local_setup.bash
[11.871s] -- Up-to-date: /home/rodep/rodep/test_ws/yano_ws/install/crawler_driver/share/crawler_driver/local_setup.sh
[11.871s] -- Up-to-date: /home/rodep/rodep/test_ws/yano_ws/install/crawler_driver/share/crawler_driver/local_setup.zsh
[11.871s] -- Up-to-date: /home/rodep/rodep/test_ws/yano_ws/install/crawler_driver/share/crawler_driver/local_setup.dsv
[11.871s] -- Installing: /home/rodep/rodep/test_ws/yano_ws/install/crawler_driver/share/crawler_driver/package.dsv
[11.871s] -- Up-to-date: /home/rodep/rodep/test_ws/yano_ws/install/crawler_driver/share/ament_index/resource_index/packages/crawler_driver
[11.872s] -- Up-to-date: /home/rodep/rodep/test_ws/yano_ws/install/crawler_driver/share/crawler_driver/cmake/crawler_driverConfig.cmake
[11.872s] -- Up-to-date: /home/rodep/rodep/test_ws/yano_ws/install/crawler_driver/share/crawler_driver/cmake/crawler_driverConfig-version.cmake
[11.872s] -- Up-to-date: /home/rodep/rodep/test_ws/yano_ws/install/crawler_driver/share/crawler_driver/package.xml
[11.873s] Invoked command in '/home/rodep/rodep/test_ws/yano_ws/build/crawler_driver' returned '0': CMAKE_PREFIX_PATH=/home/rodep/rodep/test_ws/yano_ws/install/custom_interfaces:/home/rodep/rodep/test_ws/yano_ws/install/usb_camera:/home/rodep/rodep/test_ws/yano_ws/install/operator:/home/rodep/rodep/test_ws/yano_ws/install/flipper_driver:/home/rodep/rodep/test_ws/yano_ws/install/crawler_driver:/opt/ros/jazzy/opt/gz_math_vendor:/opt/ros/jazzy/opt/gz_utils_vendor:/opt/ros/jazzy/opt/gz_cmake_vendor:/opt/ros/jazzy DEBUGINFOD_URLS=https://debuginfod.ubuntu.com /usr/bin/cmake --install /home/rodep/rodep/test_ws/yano_ws/build/crawler_driver
