[0.026s] Invoking command in '/root/working/test_ws/yano_ws/build/flipper_driver': CMAKE_PREFIX_PATH=/root/working/test_ws/yano_ws/install/custom_interfaces:/root/working/test_ws/yano_ws/install/usb_camera:/root/working/test_ws/yano_ws/install/operator:/root/working/test_ws/yano_ws/install/flipper_driver:/root/working/test_ws/yano_ws/install/crawler_driver:/opt/ros/humble /usr/bin/cmake --build /root/working/test_ws/yano_ws/build/flipper_driver -- -j4 -l4
[0.121s] [100%] Built target flipper_driver_node
[0.136s] Invoked command in '/root/working/test_ws/yano_ws/build/flipper_driver' returned '0': CMAKE_PREFIX_PATH=/root/working/test_ws/yano_ws/install/custom_interfaces:/root/working/test_ws/yano_ws/install/usb_camera:/root/working/test_ws/yano_ws/install/operator:/root/working/test_ws/yano_ws/install/flipper_driver:/root/working/test_ws/yano_ws/install/crawler_driver:/opt/ros/humble /usr/bin/cmake --build /root/working/test_ws/yano_ws/build/flipper_driver -- -j4 -l4
[0.139s] Invoking command in '/root/working/test_ws/yano_ws/build/flipper_driver': CMAKE_PREFIX_PATH=/root/working/test_ws/yano_ws/install/custom_interfaces:/root/working/test_ws/yano_ws/install/usb_camera:/root/working/test_ws/yano_ws/install/operator:/root/working/test_ws/yano_ws/install/flipper_driver:/root/working/test_ws/yano_ws/install/crawler_driver:/opt/ros/humble /usr/bin/cmake --install /root/working/test_ws/yano_ws/build/flipper_driver
[0.152s] -- Install configuration: ""
[0.153s] -- Up-to-date: /root/working/test_ws/yano_ws/install/flipper_driver/lib/flipper_driver/flipper_driver_node
[0.154s] -- Up-to-date: /root/working/test_ws/yano_ws/install/flipper_driver/share/ament_index/resource_index/package_run_dependencies/flipper_driver
[0.155s] -- Up-to-date: /root/working/test_ws/yano_ws/install/flipper_driver/share/ament_index/resource_index/parent_prefix_path/flipper_driver
[0.157s] -- Up-to-date: /root/working/test_ws/yano_ws/install/flipper_driver/share/flipper_driver/environment/ament_prefix_path.sh
[0.158s] -- Up-to-date: /root/working/test_ws/yano_ws/install/flipper_driver/share/flipper_driver/environment/ament_prefix_path.dsv
[0.159s] -- Up-to-date: /root/working/test_ws/yano_ws/install/flipper_driver/share/flipper_driver/environment/path.sh
[0.159s] -- Up-to-date: /root/working/test_ws/yano_ws/install/flipper_driver/share/flipper_driver/environment/path.dsv
[0.159s] -- Up-to-date: /root/working/test_ws/yano_ws/install/flipper_driver/share/flipper_driver/local_setup.bash
[0.160s] -- Up-to-date: /root/working/test_ws/yano_ws/install/flipper_driver/share/flipper_driver/local_setup.sh
[0.160s] -- Up-to-date: /root/working/test_ws/yano_ws/install/flipper_driver/share/flipper_driver/local_setup.zsh
[0.160s] -- Up-to-date: /root/working/test_ws/yano_ws/install/flipper_driver/share/flipper_driver/local_setup.dsv
[0.160s] -- Installing: /root/working/test_ws/yano_ws/install/flipper_driver/share/flipper_driver/package.dsv
[0.160s] -- Up-to-date: /root/working/test_ws/yano_ws/install/flipper_driver/share/ament_index/resource_index/packages/flipper_driver
[0.160s] -- Up-to-date: /root/working/test_ws/yano_ws/install/flipper_driver/share/flipper_driver/cmake/flipper_driverConfig.cmake
[0.160s] -- Up-to-date: /root/working/test_ws/yano_ws/install/flipper_driver/share/flipper_driver/cmake/flipper_driverConfig-version.cmake
[0.161s] -- Up-to-date: /root/working/test_ws/yano_ws/install/flipper_driver/share/flipper_driver/package.xml
[0.161s] Invoked command in '/root/working/test_ws/yano_ws/build/flipper_driver' returned '0': CMAKE_PREFIX_PATH=/root/working/test_ws/yano_ws/install/custom_interfaces:/root/working/test_ws/yano_ws/install/usb_camera:/root/working/test_ws/yano_ws/install/operator:/root/working/test_ws/yano_ws/install/flipper_driver:/root/working/test_ws/yano_ws/install/crawler_driver:/opt/ros/humble /usr/bin/cmake --install /root/working/test_ws/yano_ws/build/flipper_driver
