[35m[1mConsolidate compiler generated dependencies of target sub[0m
[ 50%] [32mBuilding CXX object CMakeFiles/sub.dir/src/my_joy.cpp.o[0m
[100%] [32m[1mLinking CXX executable sub[0m
[100%] Built target sub
-- Install configuration: ""
-- Installing: /root/working/ros2_ws/install/joy_controller/lib/joy_controller/sub
-- Set runtime path of "/root/working/ros2_ws/install/joy_controller/lib/joy_controller/sub" to ""
-- Installing: /root/working/ros2_ws/install/joy_controller/share/ament_index/resource_index/package_run_dependencies/joy_controller
-- Installing: /root/working/ros2_ws/install/joy_controller/share/ament_index/resource_index/parent_prefix_path/joy_controller
-- Up-to-date: /root/working/ros2_ws/install/joy_controller/share/joy_controller/environment/ament_prefix_path.sh
-- Installing: /root/working/ros2_ws/install/joy_controller/share/joy_controller/environment/ament_prefix_path.dsv
-- Up-to-date: /root/working/ros2_ws/install/joy_controller/share/joy_controller/environment/path.sh
-- Installing: /root/working/ros2_ws/install/joy_controller/share/joy_controller/environment/path.dsv
-- Up-to-date: /root/working/ros2_ws/install/joy_controller/share/joy_controller/local_setup.bash
-- Up-to-date: /root/working/ros2_ws/install/joy_controller/share/joy_controller/local_setup.sh
-- Up-to-date: /root/working/ros2_ws/install/joy_controller/share/joy_controller/local_setup.zsh
-- Installing: /root/working/ros2_ws/install/joy_controller/share/joy_controller/local_setup.dsv
-- Installing: /root/working/ros2_ws/install/joy_controller/share/joy_controller/package.dsv
-- Up-to-date: /root/working/ros2_ws/install/joy_controller/share/ament_index/resource_index/packages/joy_controller
-- Up-to-date: /root/working/ros2_ws/install/joy_controller/share/joy_controller/cmake/joy_controllerConfig.cmake
-- Up-to-date: /root/working/ros2_ws/install/joy_controller/share/joy_controller/cmake/joy_controllerConfig-version.cmake
-- Installing: /root/working/ros2_ws/install/joy_controller/share/joy_controller/package.xml
