[0.031s] Invoking command in '/root/working/test_ws/yano_ws/build/operator': AMENT_PREFIX_PATH=/root/working/test_ws/yano_ws/install/custom_interfaces:${AMENT_PREFIX_PATH} CMAKE_PREFIX_PATH=/root/working/test_ws/yano_ws/install/custom_interfaces:/opt/ros/humble LD_LIBRARY_PATH=/root/working/test_ws/yano_ws/install/custom_interfaces/lib:${LD_LIBRARY_PATH} PYTHONPATH=/root/working/test_ws/yano_ws/install/custom_interfaces/local/lib/python3.10/dist-packages:${PYTHONPATH} /usr/bin/cmake --build /root/working/test_ws/yano_ws/build/operator -- -j4 -l4
[0.114s] [35m[1mConsolidate compiler generated dependencies of target operator_node[0m
[0.144s] [100%] Built target operator_node
[0.160s] Invoked command in '/root/working/test_ws/yano_ws/build/operator' returned '0': AMENT_PREFIX_PATH=/root/working/test_ws/yano_ws/install/custom_interfaces:${AMENT_PREFIX_PATH} CMAKE_PREFIX_PATH=/root/working/test_ws/yano_ws/install/custom_interfaces:/opt/ros/humble LD_LIBRARY_PATH=/root/working/test_ws/yano_ws/install/custom_interfaces/lib:${LD_LIBRARY_PATH} PYTHONPATH=/root/working/test_ws/yano_ws/install/custom_interfaces/local/lib/python3.10/dist-packages:${PYTHONPATH} /usr/bin/cmake --build /root/working/test_ws/yano_ws/build/operator -- -j4 -l4
[0.163s] Invoking command in '/root/working/test_ws/yano_ws/build/operator': AMENT_PREFIX_PATH=/root/working/test_ws/yano_ws/install/custom_interfaces:${AMENT_PREFIX_PATH} CMAKE_PREFIX_PATH=/root/working/test_ws/yano_ws/install/custom_interfaces:/opt/ros/humble LD_LIBRARY_PATH=/root/working/test_ws/yano_ws/install/custom_interfaces/lib:${LD_LIBRARY_PATH} PYTHONPATH=/root/working/test_ws/yano_ws/install/custom_interfaces/local/lib/python3.10/dist-packages:${PYTHONPATH} /usr/bin/cmake --install /root/working/test_ws/yano_ws/build/operator
[0.177s] -- Install configuration: ""
[0.180s] -- Up-to-date: /root/working/test_ws/yano_ws/install/operator/lib/operator/operator_node
[0.180s] -- Up-to-date: /root/working/test_ws/yano_ws/install/operator/share/ament_index/resource_index/package_run_dependencies/operator
[0.180s] -- Up-to-date: /root/working/test_ws/yano_ws/install/operator/share/ament_index/resource_index/parent_prefix_path/operator
[0.180s] -- Up-to-date: /root/working/test_ws/yano_ws/install/operator/share/operator/environment/ament_prefix_path.sh
[0.180s] -- Up-to-date: /root/working/test_ws/yano_ws/install/operator/share/operator/environment/ament_prefix_path.dsv
[0.181s] -- Up-to-date: /root/working/test_ws/yano_ws/install/operator/share/operator/environment/path.sh
[0.181s] -- Up-to-date: /root/working/test_ws/yano_ws/install/operator/share/operator/environment/path.dsv
[0.181s] -- Up-to-date: /root/working/test_ws/yano_ws/install/operator/share/operator/local_setup.bash
[0.185s] -- Up-to-date: /root/working/test_ws/yano_ws/install/operator/share/operator/local_setup.sh
[0.186s] -- Up-to-date: /root/working/test_ws/yano_ws/install/operator/share/operator/local_setup.zsh
[0.187s] -- Up-to-date: /root/working/test_ws/yano_ws/install/operator/share/operator/local_setup.dsv
[0.188s] -- Installing: /root/working/test_ws/yano_ws/install/operator/share/operator/package.dsv
[0.189s] -- Up-to-date: /root/working/test_ws/yano_ws/install/operator/share/ament_index/resource_index/packages/operator
[0.190s] -- Up-to-date: /root/working/test_ws/yano_ws/install/operator/share/operator/cmake/operatorConfig.cmake
[0.190s] -- Up-to-date: /root/working/test_ws/yano_ws/install/operator/share/operator/cmake/operatorConfig-version.cmake
[0.191s] -- Up-to-date: /root/working/test_ws/yano_ws/install/operator/share/operator/package.xml
[0.196s] Invoked command in '/root/working/test_ws/yano_ws/build/operator' returned '0': AMENT_PREFIX_PATH=/root/working/test_ws/yano_ws/install/custom_interfaces:${AMENT_PREFIX_PATH} CMAKE_PREFIX_PATH=/root/working/test_ws/yano_ws/install/custom_interfaces:/opt/ros/humble LD_LIBRARY_PATH=/root/working/test_ws/yano_ws/install/custom_interfaces/lib:${LD_LIBRARY_PATH} PYTHONPATH=/root/working/test_ws/yano_ws/install/custom_interfaces/local/lib/python3.10/dist-packages:${PYTHONPATH} /usr/bin/cmake --install /root/working/test_ws/yano_ws/build/operator
