[0.019s] Invoking command in '/root/working/ros2_ws/build/joy_controller': CMAKE_PREFIX_PATH=${CMAKE_PREFIX_PATH}:/opt/ros/humble /usr/bin/cmake --build /root/working/ros2_ws/build/joy_controller -- -j4 -l4
[0.077s] [35m[1mConsolidate compiler generated dependencies of target sub[0m
[0.103s] [100%] Built target sub
[0.119s] Invoked command in '/root/working/ros2_ws/build/joy_controller' returned '0': CMAKE_PREFIX_PATH=${CMAKE_PREFIX_PATH}:/opt/ros/humble /usr/bin/cmake --build /root/working/ros2_ws/build/joy_controller -- -j4 -l4
[0.133s] Invoking command in '/root/working/ros2_ws/build/joy_controller': CMAKE_PREFIX_PATH=${CMAKE_PREFIX_PATH}:/opt/ros/humble /usr/bin/cmake --install /root/working/ros2_ws/build/joy_controller
[0.143s] -- Install configuration: ""
[0.143s] -- Up-to-date: /root/working/ros2_ws/install/joy_controller/lib/joy_controller/sub
[0.143s] -- Up-to-date: /root/working/ros2_ws/install/joy_controller/share/ament_index/resource_index/package_run_dependencies/joy_controller
[0.144s] -- Up-to-date: /root/working/ros2_ws/install/joy_controller/share/ament_index/resource_index/parent_prefix_path/joy_controller
[0.144s] -- Up-to-date: /root/working/ros2_ws/install/joy_controller/share/joy_controller/environment/ament_prefix_path.sh
[0.144s] -- Up-to-date: /root/working/ros2_ws/install/joy_controller/share/joy_controller/environment/ament_prefix_path.dsv
[0.144s] -- Up-to-date: /root/working/ros2_ws/install/joy_controller/share/joy_controller/environment/path.sh
[0.145s] -- Up-to-date: /root/working/ros2_ws/install/joy_controller/share/joy_controller/environment/path.dsv
[0.145s] -- Up-to-date: /root/working/ros2_ws/install/joy_controller/share/joy_controller/local_setup.bash
[0.145s] -- Up-to-date: /root/working/ros2_ws/install/joy_controller/share/joy_controller/local_setup.sh
[0.145s] -- Up-to-date: /root/working/ros2_ws/install/joy_controller/share/joy_controller/local_setup.zsh
[0.145s] -- Up-to-date: /root/working/ros2_ws/install/joy_controller/share/joy_controller/local_setup.dsv
[0.145s] -- Installing: /root/working/ros2_ws/install/joy_controller/share/joy_controller/package.dsv
[0.145s] -- Up-to-date: /root/working/ros2_ws/install/joy_controller/share/ament_index/resource_index/packages/joy_controller
[0.145s] -- Up-to-date: /root/working/ros2_ws/install/joy_controller/share/joy_controller/cmake/joy_controllerConfig.cmake
[0.146s] -- Up-to-date: /root/working/ros2_ws/install/joy_controller/share/joy_controller/cmake/joy_controllerConfig-version.cmake
[0.146s] -- Up-to-date: /root/working/ros2_ws/install/joy_controller/share/joy_controller/package.xml
[0.148s] Invoked command in '/root/working/ros2_ws/build/joy_controller' returned '0': CMAKE_PREFIX_PATH=${CMAKE_PREFIX_PATH}:/opt/ros/humble /usr/bin/cmake --install /root/working/ros2_ws/build/joy_controller
