[35m[1mConsolidate compiler generated dependencies of target operator_node[0m
[ 50%] [32mBuilding CXX object CMakeFiles/operator_node.dir/src/operator.cpp.o[0m
In file included from [01m[K/opt/ros/humble/include/rclcpp/rclcpp/logging.hpp:24[m[K,
                 from [01m[K/opt/ros/humble/include/rclcpp/rclcpp/client.hpp:40[m[K,
                 from [01m[K/opt/ros/humble/include/rclcpp/rclcpp/callback_group.hpp:24[m[K,
                 from [01m[K/opt/ros/humble/include/rclcpp/rclcpp/any_executable.hpp:20[m[K,
                 from [01m[K/opt/ros/humble/include/rclcpp/rclcpp/memory_strategy.hpp:25[m[K,
                 from [01m[K/opt/ros/humble/include/rclcpp/rclcpp/memory_strategies.hpp:18[m[K,
                 from [01m[K/opt/ros/humble/include/rclcpp/rclcpp/executor_options.hpp:20[m[K,
                 from [01m[K/opt/ros/humble/include/rclcpp/rclcpp/executor.hpp:37[m[K,
                 from [01m[K/opt/ros/humble/include/rclcpp/rclcpp/executors/multi_threaded_executor.hpp:25[m[K,
                 from [01m[K/opt/ros/humble/include/rclcpp/rclcpp/executors.hpp:21[m[K,
                 from [01m[K/opt/ros/humble/include/rclcpp/rclcpp/rclcpp.hpp:155[m[K,
                 from [01m[K/root/working/test_ws/yano_ws/src/operator/src/operator.cpp:8[m[K:
[01m[K/root/working/test_ws/yano_ws/src/operator/src/operator.cpp:[m[K In member function ‘[01m[Kvoid Operator::joy_callback(const Joy&)[m[K’:
[01m[K/root/working/test_ws/yano_ws/src/operator/src/operator.cpp:84:58:[m[K [01;31m[Kerror: [m[Krequest for member ‘[01m[Kc_str[m[K’ in ‘[01m[K((Operator*)this)->Operator::m1_vel[m[K’, which is of non-class type ‘[01m[Kfloat[m[K’
   84 |             RCLCPP_INFO(this->get_logger(), "%s", m1_vel.[01;31m[Kc_str[m[K());
      |                                                          [01;31m[K^~~~~[m[K
[01m[K/root/working/test_ws/yano_ws/src/operator/src/operator.cpp:85:58:[m[K [01;31m[Kerror: [m[Krequest for member ‘[01m[Kc_str[m[K’ in ‘[01m[K((Operator*)this)->Operator::m2_vel[m[K’, which is of non-class type ‘[01m[Kfloat[m[K’
   85 |             RCLCPP_INFO(this->get_logger(), "%s", m2_vel.[01;31m[Kc_str[m[K());
      |                                                          [01;31m[K^~~~~[m[K
gmake[2]: *** [CMakeFiles/operator_node.dir/build.make:76: CMakeFiles/operator_node.dir/src/operator.cpp.o] Error 1
gmake[1]: *** [CMakeFiles/Makefile2:137: CMakeFiles/operator_node.dir/all] Error 2
gmake: *** [Makefile:146: all] Error 2
