[0.025s] Invoking command in '/root/working/test_ws/yano_ws/build/dynamixel_sdk': /usr/bin/cmake --build /root/working/test_ws/yano_ws/build/dynamixel_sdk -- -j4 -l4
[0.171s] [100%] Built target dynamixel_sdk
[0.268s] Invoked command in '/root/working/test_ws/yano_ws/build/dynamixel_sdk' returned '0': /usr/bin/cmake --build /root/working/test_ws/yano_ws/build/dynamixel_sdk -- -j4 -l4
[0.367s] Invoking command in '/root/working/test_ws/yano_ws/build/dynamixel_sdk': /usr/bin/cmake --install /root/working/test_ws/yano_ws/build/dynamixel_sdk
[0.420s] -- Install configuration: ""
[0.425s] -- Up-to-date: /root/working/test_ws/yano_ws/install/dynamixel_sdk/include/
[0.425s] -- Up-to-date: /root/working/test_ws/yano_ws/install/dynamixel_sdk/include//dynamixel_sdk
[0.426s] -- Up-to-date: /root/working/test_ws/yano_ws/install/dynamixel_sdk/include//dynamixel_sdk/group_handler.h
[0.426s] -- Up-to-date: /root/working/test_ws/yano_ws/install/dynamixel_sdk/include//dynamixel_sdk/group_bulk_read.h
[0.426s] -- Up-to-date: /root/working/test_ws/yano_ws/install/dynamixel_sdk/include//dynamixel_sdk/protocol2_packet_handler.h
[0.426s] -- Up-to-date: /root/working/test_ws/yano_ws/install/dynamixel_sdk/include//dynamixel_sdk/group_bulk_write.h
[0.426s] -- Up-to-date: /root/working/test_ws/yano_ws/install/dynamixel_sdk/include//dynamixel_sdk/port_handler.h
[0.432s] -- Up-to-date: /root/working/test_ws/yano_ws/install/dynamixel_sdk/include//dynamixel_sdk/protocol1_packet_handler.h
[0.433s] -- Up-to-date: /root/working/test_ws/yano_ws/install/dynamixel_sdk/include//dynamixel_sdk/port_handler_linux.h
[0.433s] -- Up-to-date: /root/working/test_ws/yano_ws/install/dynamixel_sdk/include//dynamixel_sdk/group_sync_write.h
[0.433s] -- Up-to-date: /root/working/test_ws/yano_ws/install/dynamixel_sdk/include//dynamixel_sdk/port_handler_mac.h
[0.433s] -- Up-to-date: /root/working/test_ws/yano_ws/install/dynamixel_sdk/include//dynamixel_sdk/port_handler_arduino.h
[0.433s] -- Up-to-date: /root/working/test_ws/yano_ws/install/dynamixel_sdk/include//dynamixel_sdk/group_fast_bulk_read.h
[0.433s] -- Up-to-date: /root/working/test_ws/yano_ws/install/dynamixel_sdk/include//dynamixel_sdk/dynamixel_sdk.h
[0.436s] -- Up-to-date: /root/working/test_ws/yano_ws/install/dynamixel_sdk/include//dynamixel_sdk/port_handler_windows.h
[0.436s] -- Up-to-date: /root/working/test_ws/yano_ws/install/dynamixel_sdk/include//dynamixel_sdk/packet_handler.h
[0.436s] -- Up-to-date: /root/working/test_ws/yano_ws/install/dynamixel_sdk/include//dynamixel_sdk/group_fast_sync_read.h
[0.437s] -- Up-to-date: /root/working/test_ws/yano_ws/install/dynamixel_sdk/include//dynamixel_sdk/group_sync_read.h
[0.442s] -- Up-to-date: /root/working/test_ws/yano_ws/install/dynamixel_sdk/lib/libdynamixel_sdk.so
[0.442s] -- Up-to-date: /root/working/test_ws/yano_ws/install/dynamixel_sdk/share/dynamixel_sdk/environment/library_path.sh
[0.452s] -- Up-to-date: /root/working/test_ws/yano_ws/install/dynamixel_sdk/share/dynamixel_sdk/environment/library_path.dsv
[0.452s] -- Up-to-date: /root/working/test_ws/yano_ws/install/dynamixel_sdk/share/ament_index/resource_index/package_run_dependencies/dynamixel_sdk
[0.452s] -- Up-to-date: /root/working/test_ws/yano_ws/install/dynamixel_sdk/share/ament_index/resource_index/parent_prefix_path/dynamixel_sdk
[0.457s] -- Up-to-date: /root/working/test_ws/yano_ws/install/dynamixel_sdk/share/dynamixel_sdk/environment/ament_prefix_path.sh
[0.457s] -- Up-to-date: /root/working/test_ws/yano_ws/install/dynamixel_sdk/share/dynamixel_sdk/environment/ament_prefix_path.dsv
[0.458s] -- Up-to-date: /root/working/test_ws/yano_ws/install/dynamixel_sdk/share/dynamixel_sdk/environment/path.sh
[0.459s] -- Up-to-date: /root/working/test_ws/yano_ws/install/dynamixel_sdk/share/dynamixel_sdk/environment/path.dsv
[0.459s] -- Up-to-date: /root/working/test_ws/yano_ws/install/dynamixel_sdk/share/dynamixel_sdk/local_setup.bash
[0.459s] -- Up-to-date: /root/working/test_ws/yano_ws/install/dynamixel_sdk/share/dynamixel_sdk/local_setup.sh
[0.459s] -- Up-to-date: /root/working/test_ws/yano_ws/install/dynamixel_sdk/share/dynamixel_sdk/local_setup.zsh
[0.459s] -- Up-to-date: /root/working/test_ws/yano_ws/install/dynamixel_sdk/share/dynamixel_sdk/local_setup.dsv
[0.467s] -- Installing: /root/working/test_ws/yano_ws/install/dynamixel_sdk/share/dynamixel_sdk/package.dsv
[0.468s] -- Up-to-date: /root/working/test_ws/yano_ws/install/dynamixel_sdk/share/ament_index/resource_index/packages/dynamixel_sdk
[0.468s] -- Up-to-date: /root/working/test_ws/yano_ws/install/dynamixel_sdk/share/dynamixel_sdk/cmake/ament_cmake_export_include_directories-extras.cmake
[0.468s] -- Up-to-date: /root/working/test_ws/yano_ws/install/dynamixel_sdk/share/dynamixel_sdk/cmake/ament_cmake_export_libraries-extras.cmake
[0.472s] -- Up-to-date: /root/working/test_ws/yano_ws/install/dynamixel_sdk/share/dynamixel_sdk/cmake/dynamixel_sdkConfig.cmake
[0.472s] -- Up-to-date: /root/working/test_ws/yano_ws/install/dynamixel_sdk/share/dynamixel_sdk/cmake/dynamixel_sdkConfig-version.cmake
[0.472s] -- Up-to-date: /root/working/test_ws/yano_ws/install/dynamixel_sdk/share/dynamixel_sdk/package.xml
[0.476s] Invoked command in '/root/working/test_ws/yano_ws/build/dynamixel_sdk' returned '0': /usr/bin/cmake --install /root/working/test_ws/yano_ws/build/dynamixel_sdk
