[0.021s] Invoking command in '/root/working/rodep_ros2/yano_ws/build/operator': CMAKE_PREFIX_PATH=${CMAKE_PREFIX_PATH}:/opt/ros/humble /usr/bin/cmake --build /root/working/rodep_ros2/yano_ws/build/operator -- -j4 -l4
[0.103s] [100%] Built target operator_node
[0.118s] Invoked command in '/root/working/rodep_ros2/yano_ws/build/operator' returned '0': CMAKE_PREFIX_PATH=${CMAKE_PREFIX_PATH}:/opt/ros/humble /usr/bin/cmake --build /root/working/rodep_ros2/yano_ws/build/operator -- -j4 -l4
[0.120s] Invoking command in '/root/working/rodep_ros2/yano_ws/build/operator': CMAKE_PREFIX_PATH=${CMAKE_PREFIX_PATH}:/opt/ros/humble /usr/bin/cmake --install /root/working/rodep_ros2/yano_ws/build/operator
[0.130s] -- Install configuration: ""
[0.130s] -- Up-to-date: /root/working/rodep_ros2/yano_ws/install/operator/lib/operator/operator_node
[0.131s] -- Up-to-date: /root/working/rodep_ros2/yano_ws/install/operator/share/ament_index/resource_index/package_run_dependencies/operator
[0.131s] -- Up-to-date: /root/working/rodep_ros2/yano_ws/install/operator/share/ament_index/resource_index/parent_prefix_path/operator
[0.131s] -- Up-to-date: /root/working/rodep_ros2/yano_ws/install/operator/share/operator/environment/ament_prefix_path.sh
[0.131s] -- Up-to-date: /root/working/rodep_ros2/yano_ws/install/operator/share/operator/environment/ament_prefix_path.dsv
[0.131s] -- Up-to-date: /root/working/rodep_ros2/yano_ws/install/operator/share/operator/environment/path.sh
[0.131s] -- Up-to-date: /root/working/rodep_ros2/yano_ws/install/operator/share/operator/environment/path.dsv
[0.132s] -- Up-to-date: /root/working/rodep_ros2/yano_ws/install/operator/share/operator/local_setup.bash
[0.132s] -- Up-to-date: /root/working/rodep_ros2/yano_ws/install/operator/share/operator/local_setup.sh
[0.132s] -- Up-to-date: /root/working/rodep_ros2/yano_ws/install/operator/share/operator/local_setup.zsh
[0.132s] -- Up-to-date: /root/working/rodep_ros2/yano_ws/install/operator/share/operator/local_setup.dsv
[0.132s] -- Installing: /root/working/rodep_ros2/yano_ws/install/operator/share/operator/package.dsv
[0.132s] -- Up-to-date: /root/working/rodep_ros2/yano_ws/install/operator/share/ament_index/resource_index/packages/operator
[0.132s] -- Up-to-date: /root/working/rodep_ros2/yano_ws/install/operator/share/operator/cmake/operatorConfig.cmake
[0.133s] -- Up-to-date: /root/working/rodep_ros2/yano_ws/install/operator/share/operator/cmake/operatorConfig-version.cmake
[0.133s] -- Up-to-date: /root/working/rodep_ros2/yano_ws/install/operator/share/operator/package.xml
[0.136s] Invoked command in '/root/working/rodep_ros2/yano_ws/build/operator' returned '0': CMAKE_PREFIX_PATH=${CMAKE_PREFIX_PATH}:/opt/ros/humble /usr/bin/cmake --install /root/working/rodep_ros2/yano_ws/build/operator
