[0.021s] Invoking command in '/root/working/rodep_ros2/yano_ws/build/custom_interfaces': CMAKE_PREFIX_PATH=/opt/ros/humble /usr/bin/cmake /root/working/rodep_ros2/yano_ws/custom_interfaces -DCMAKE_INSTALL_PREFIX=/root/working/rodep_ros2/yano_ws/install/custom_interfaces
[0.095s] -- The C compiler identification is GNU 11.4.0
[0.171s] -- The CXX compiler identification is GNU 11.4.0
[0.185s] -- Detecting C compiler ABI info
[0.276s] -- Detecting C compiler ABI info - done
[0.287s] -- Check for working C compiler: /usr/bin/cc - skipped
[0.287s] -- Detecting C compile features
[0.287s] -- Detecting C compile features - done
[0.292s] -- Detecting CXX compiler ABI info
[0.402s] -- Detecting CXX compiler ABI info - done
[0.412s] -- Check for working CXX compiler: /usr/bin/c++ - skipped
[0.412s] -- Detecting CXX compile features
[0.413s] -- Detecting CXX compile features - done
[0.418s] -- Found ament_cmake: 1.3.11 (/opt/ros/humble/share/ament_cmake/cmake)
[0.621s] -- Found Python3: /usr/bin/python3 (found version "3.10.12") found components: Interpreter 
[0.763s] -- Found rosidl_default_generators: 1.2.0 (/opt/ros/humble/share/rosidl_default_generators/cmake)
[0.769s] -- Using all available rosidl_typesupport_c: rosidl_typesupport_fastrtps_c;rosidl_typesupport_introspection_c
[0.783s] -- Found rosidl_adapter: 3.1.6 (/opt/ros/humble/share/rosidl_adapter/cmake)
[0.857s] -- Using all available rosidl_typesupport_cpp: rosidl_typesupport_fastrtps_cpp;rosidl_typesupport_introspection_cpp
[1.243s] -- Found ament_cmake_ros: 0.10.0 (/opt/ros/humble/share/ament_cmake_ros/cmake)
[1.488s] -- Using all available rosidl_typesupport_c: rosidl_typesupport_fastrtps_c;rosidl_typesupport_introspection_c
[1.810s] -- Using all available rosidl_typesupport_cpp: rosidl_typesupport_fastrtps_cpp;rosidl_typesupport_introspection_cpp
[1.841s] -- Found PythonInterp: /usr/bin/python3 (found suitable version "3.10.12", minimum required is "3.6") 
[1.845s] -- Found python_cmake_module: 0.10.0 (/opt/ros/humble/share/python_cmake_module/cmake)
[1.877s] -- Found PythonLibs: /usr/lib/x86_64-linux-gnu/libpython3.10.so (found suitable version "3.10.12", minimum required is "3.5") 
[1.877s] -- Using PYTHON_EXECUTABLE: /usr/bin/python3
[1.877s] -- Using PYTHON_INCLUDE_DIRS: /usr/include/python3.10
[1.877s] -- Using PYTHON_LIBRARIES: /usr/lib/x86_64-linux-gnu/libpython3.10.so
[1.908s] -- Found PythonExtra: .so  
[1.953s] -- Found ament_lint_auto: 0.12.11 (/opt/ros/humble/share/ament_lint_auto/cmake)
[1.992s] -- Added test 'lint_cmake' to check CMake code style
[1.994s] -- Added test 'xmllint' to check XML markup files
[1.996s] -- Configuring done
[2.045s] -- Generating done
[2.062s] -- Build files have been written to: /root/working/rodep_ros2/yano_ws/build/custom_interfaces
[2.072s] Invoked command in '/root/working/rodep_ros2/yano_ws/build/custom_interfaces' returned '0': CMAKE_PREFIX_PATH=/opt/ros/humble /usr/bin/cmake /root/working/rodep_ros2/yano_ws/custom_interfaces -DCMAKE_INSTALL_PREFIX=/root/working/rodep_ros2/yano_ws/install/custom_interfaces
[2.074s] Invoking command in '/root/working/rodep_ros2/yano_ws/build/custom_interfaces': CMAKE_PREFIX_PATH=/opt/ros/humble /usr/bin/cmake --build /root/working/rodep_ros2/yano_ws/build/custom_interfaces -- -j4 -l4
[2.133s] [35m[1mConsolidate compiler generated dependencies of target custom_interfaces__rosidl_generator_c[0m
[2.145s] [  2%] Built target custom_interfaces__cpp
[2.156s] [ 12%] Built target custom_interfaces__rosidl_generator_c
[2.164s] [35m[1mConsolidate compiler generated dependencies of target custom_interfaces__rosidl_typesupport_cpp[0m
[2.167s] [35m[1mConsolidate compiler generated dependencies of target custom_interfaces__rosidl_typesupport_fastrtps_cpp[0m
[2.167s] [ 12%] Built target ament_cmake_python_copy_custom_interfaces
[2.177s] [35m[1mConsolidate compiler generated dependencies of target custom_interfaces__rosidl_typesupport_introspection_cpp[0m
[2.185s] [35m[1mConsolidate compiler generated dependencies of target custom_interfaces__rosidl_typesupport_fastrtps_c[0m
[2.193s] [ 33%] Built target custom_interfaces__rosidl_typesupport_cpp
[2.193s] [ 33%] Built target custom_interfaces__rosidl_typesupport_fastrtps_cpp
[2.204s] [ 43%] Built target custom_interfaces__rosidl_typesupport_introspection_cpp
[2.214s] [35m[1mConsolidate compiler generated dependencies of target custom_interfaces__rosidl_typesupport_c[0m
[2.214s] [35m[1mConsolidate compiler generated dependencies of target custom_interfaces__rosidl_typesupport_introspection_c[0m
[2.215s] [ 53%] Built target custom_interfaces__rosidl_typesupport_fastrtps_c
[2.233s] [ 74%] Built target custom_interfaces__rosidl_typesupport_c
[2.233s] [ 74%] Built target custom_interfaces__rosidl_typesupport_introspection_c
[2.259s] [ 74%] Built target custom_interfaces
[2.286s] [ 76%] Built target custom_interfaces__py
[2.299s] [35m[1mConsolidate compiler generated dependencies of target custom_interfaces__rosidl_generator_py[0m
[2.320s] [ 84%] Built target custom_interfaces__rosidl_generator_py
[2.341s] [35m[1mConsolidate compiler generated dependencies of target custom_interfaces__rosidl_typesupport_fastrtps_c__pyext[0m
[2.341s] [35m[1mConsolidate compiler generated dependencies of target custom_interfaces__rosidl_typesupport_introspection_c__pyext[0m
[2.343s] [35m[1mConsolidate compiler generated dependencies of target custom_interfaces__rosidl_typesupport_c__pyext[0m
[2.364s] [ 94%] Built target custom_interfaces__rosidl_typesupport_fastrtps_c__pyext
[2.364s] [ 94%] Built target custom_interfaces__rosidl_typesupport_introspection_c__pyext
[2.367s] [100%] Built target custom_interfaces__rosidl_typesupport_c__pyext
[2.531s] running egg_info
[2.532s] writing custom_interfaces.egg-info/PKG-INFO
[2.533s] writing dependency_links to custom_interfaces.egg-info/dependency_links.txt
[2.533s] writing top-level names to custom_interfaces.egg-info/top_level.txt
[2.536s] reading manifest file 'custom_interfaces.egg-info/SOURCES.txt'
[2.536s] writing manifest file 'custom_interfaces.egg-info/SOURCES.txt'
[2.570s] [100%] Built target ament_cmake_python_build_custom_interfaces_egg
[2.585s] Invoked command in '/root/working/rodep_ros2/yano_ws/build/custom_interfaces' returned '0': CMAKE_PREFIX_PATH=/opt/ros/humble /usr/bin/cmake --build /root/working/rodep_ros2/yano_ws/build/custom_interfaces -- -j4 -l4
[2.598s] Invoking command in '/root/working/rodep_ros2/yano_ws/build/custom_interfaces': CMAKE_PREFIX_PATH=/opt/ros/humble /usr/bin/cmake --install /root/working/rodep_ros2/yano_ws/build/custom_interfaces
[2.610s] -- Install configuration: ""
[2.610s] -- Up-to-date: /root/working/rodep_ros2/yano_ws/install/custom_interfaces/share/ament_index/resource_index/rosidl_interfaces/custom_interfaces
[2.610s] -- Up-to-date: /root/working/rodep_ros2/yano_ws/install/custom_interfaces/include/custom_interfaces/custom_interfaces
[2.610s] -- Up-to-date: /root/working/rodep_ros2/yano_ws/install/custom_interfaces/include/custom_interfaces/custom_interfaces/srv
[2.611s] -- Up-to-date: /root/working/rodep_ros2/yano_ws/install/custom_interfaces/include/custom_interfaces/custom_interfaces/srv/detail
[2.611s] -- Up-to-date: /root/working/rodep_ros2/yano_ws/install/custom_interfaces/include/custom_interfaces/custom_interfaces/srv/detail/set_mode__struct.h
[2.611s] -- Up-to-date: /root/working/rodep_ros2/yano_ws/install/custom_interfaces/include/custom_interfaces/custom_interfaces/srv/detail/set_mode__functions.h
[2.611s] -- Up-to-date: /root/working/rodep_ros2/yano_ws/install/custom_interfaces/include/custom_interfaces/custom_interfaces/srv/detail/set_mode__functions.c
[2.611s] -- Up-to-date: /root/working/rodep_ros2/yano_ws/install/custom_interfaces/include/custom_interfaces/custom_interfaces/srv/detail/set_mode__type_support.h
[2.612s] -- Up-to-date: /root/working/rodep_ros2/yano_ws/install/custom_interfaces/include/custom_interfaces/custom_interfaces/srv/set_mode.h
[2.612s] -- Up-to-date: /root/working/rodep_ros2/yano_ws/install/custom_interfaces/include/custom_interfaces/custom_interfaces/msg
[2.612s] -- Up-to-date: /root/working/rodep_ros2/yano_ws/install/custom_interfaces/include/custom_interfaces/custom_interfaces/msg/rosidl_generator_c__visibility_control.h
[2.612s] -- Up-to-date: /root/working/rodep_ros2/yano_ws/install/custom_interfaces/include/custom_interfaces/custom_interfaces/msg/detail
[2.612s] -- Up-to-date: /root/working/rodep_ros2/yano_ws/install/custom_interfaces/include/custom_interfaces/custom_interfaces/msg/detail/driver_velocity__type_support.h
[2.613s] -- Up-to-date: /root/working/rodep_ros2/yano_ws/install/custom_interfaces/include/custom_interfaces/custom_interfaces/msg/detail/driver_velocity__functions.h
[2.613s] -- Up-to-date: /root/working/rodep_ros2/yano_ws/install/custom_interfaces/include/custom_interfaces/custom_interfaces/msg/detail/driver_velocity__functions.c
[2.613s] -- Up-to-date: /root/working/rodep_ros2/yano_ws/install/custom_interfaces/include/custom_interfaces/custom_interfaces/msg/detail/driver_velocity__struct.h
[2.613s] -- Up-to-date: /root/working/rodep_ros2/yano_ws/install/custom_interfaces/include/custom_interfaces/custom_interfaces/msg/driver_velocity.h
[2.613s] -- Up-to-date: /root/working/rodep_ros2/yano_ws/install/custom_interfaces/share/custom_interfaces/environment/library_path.sh
[2.614s] -- Installing: /root/working/rodep_ros2/yano_ws/install/custom_interfaces/share/custom_interfaces/environment/library_path.dsv
[2.614s] -- Up-to-date: /root/working/rodep_ros2/yano_ws/install/custom_interfaces/lib/libcustom_interfaces__rosidl_generator_c.so
[2.614s] -- Up-to-date: /root/working/rodep_ros2/yano_ws/install/custom_interfaces/include/custom_interfaces/custom_interfaces
[2.614s] -- Up-to-date: /root/working/rodep_ros2/yano_ws/install/custom_interfaces/include/custom_interfaces/custom_interfaces/srv
[2.615s] -- Up-to-date: /root/working/rodep_ros2/yano_ws/install/custom_interfaces/include/custom_interfaces/custom_interfaces/srv/detail
[2.615s] -- Up-to-date: /root/working/rodep_ros2/yano_ws/install/custom_interfaces/include/custom_interfaces/custom_interfaces/srv/detail/set_mode__rosidl_typesupport_fastrtps_c.h
[2.615s] -- Up-to-date: /root/working/rodep_ros2/yano_ws/install/custom_interfaces/include/custom_interfaces/custom_interfaces/msg
[2.615s] -- Up-to-date: /root/working/rodep_ros2/yano_ws/install/custom_interfaces/include/custom_interfaces/custom_interfaces/msg/rosidl_typesupport_fastrtps_c__visibility_control.h
[2.615s] -- Up-to-date: /root/working/rodep_ros2/yano_ws/install/custom_interfaces/include/custom_interfaces/custom_interfaces/msg/detail
[2.615s] -- Up-to-date: /root/working/rodep_ros2/yano_ws/install/custom_interfaces/include/custom_interfaces/custom_interfaces/msg/detail/driver_velocity__rosidl_typesupport_fastrtps_c.h
[2.616s] -- Up-to-date: /root/working/rodep_ros2/yano_ws/install/custom_interfaces/lib/libcustom_interfaces__rosidl_typesupport_fastrtps_c.so
[2.616s] -- Up-to-date: /root/working/rodep_ros2/yano_ws/install/custom_interfaces/include/custom_interfaces/custom_interfaces
[2.616s] -- Up-to-date: /root/working/rodep_ros2/yano_ws/install/custom_interfaces/include/custom_interfaces/custom_interfaces/srv
[2.616s] -- Up-to-date: /root/working/rodep_ros2/yano_ws/install/custom_interfaces/include/custom_interfaces/custom_interfaces/srv/detail
[2.617s] -- Up-to-date: /root/working/rodep_ros2/yano_ws/install/custom_interfaces/include/custom_interfaces/custom_interfaces/srv/detail/set_mode__type_support.c
[2.617s] -- Up-to-date: /root/working/rodep_ros2/yano_ws/install/custom_interfaces/include/custom_interfaces/custom_interfaces/srv/detail/set_mode__rosidl_typesupport_introspection_c.h
[2.617s] -- Up-to-date: /root/working/rodep_ros2/yano_ws/install/custom_interfaces/include/custom_interfaces/custom_interfaces/msg
[2.617s] -- Up-to-date: /root/working/rodep_ros2/yano_ws/install/custom_interfaces/include/custom_interfaces/custom_interfaces/msg/detail
[2.618s] -- Up-to-date: /root/working/rodep_ros2/yano_ws/install/custom_interfaces/include/custom_interfaces/custom_interfaces/msg/detail/driver_velocity__type_support.c
[2.618s] -- Up-to-date: /root/working/rodep_ros2/yano_ws/install/custom_interfaces/include/custom_interfaces/custom_interfaces/msg/detail/driver_velocity__rosidl_typesupport_introspection_c.h
[2.618s] -- Up-to-date: /root/working/rodep_ros2/yano_ws/install/custom_interfaces/include/custom_interfaces/custom_interfaces/msg/rosidl_typesupport_introspection_c__visibility_control.h
[2.619s] -- Up-to-date: /root/working/rodep_ros2/yano_ws/install/custom_interfaces/lib/libcustom_interfaces__rosidl_typesupport_introspection_c.so
[2.619s] -- Up-to-date: /root/working/rodep_ros2/yano_ws/install/custom_interfaces/lib/libcustom_interfaces__rosidl_typesupport_c.so
[2.619s] -- Up-to-date: /root/working/rodep_ros2/yano_ws/install/custom_interfaces/include/custom_interfaces/custom_interfaces
[2.620s] -- Up-to-date: /root/working/rodep_ros2/yano_ws/install/custom_interfaces/include/custom_interfaces/custom_interfaces/srv
[2.620s] -- Up-to-date: /root/working/rodep_ros2/yano_ws/install/custom_interfaces/include/custom_interfaces/custom_interfaces/srv/detail
[2.620s] -- Up-to-date: /root/working/rodep_ros2/yano_ws/install/custom_interfaces/include/custom_interfaces/custom_interfaces/srv/detail/set_mode__builder.hpp
[2.620s] -- Up-to-date: /root/working/rodep_ros2/yano_ws/install/custom_interfaces/include/custom_interfaces/custom_interfaces/srv/detail/set_mode__traits.hpp
[2.620s] -- Up-to-date: /root/working/rodep_ros2/yano_ws/install/custom_interfaces/include/custom_interfaces/custom_interfaces/srv/detail/set_mode__struct.hpp
[2.621s] -- Up-to-date: /root/working/rodep_ros2/yano_ws/install/custom_interfaces/include/custom_interfaces/custom_interfaces/srv/detail/set_mode__type_support.hpp
[2.621s] -- Up-to-date: /root/working/rodep_ros2/yano_ws/install/custom_interfaces/include/custom_interfaces/custom_interfaces/srv/set_mode.hpp
[2.621s] -- Up-to-date: /root/working/rodep_ros2/yano_ws/install/custom_interfaces/include/custom_interfaces/custom_interfaces/msg
[2.621s] -- Up-to-date: /root/working/rodep_ros2/yano_ws/install/custom_interfaces/include/custom_interfaces/custom_interfaces/msg/rosidl_generator_cpp__visibility_control.hpp
[2.621s] -- Up-to-date: /root/working/rodep_ros2/yano_ws/install/custom_interfaces/include/custom_interfaces/custom_interfaces/msg/driver_velocity.hpp
[2.622s] -- Up-to-date: /root/working/rodep_ros2/yano_ws/install/custom_interfaces/include/custom_interfaces/custom_interfaces/msg/detail
[2.622s] -- Up-to-date: /root/working/rodep_ros2/yano_ws/install/custom_interfaces/include/custom_interfaces/custom_interfaces/msg/detail/driver_velocity__struct.hpp
[2.622s] -- Up-to-date: /root/working/rodep_ros2/yano_ws/install/custom_interfaces/include/custom_interfaces/custom_interfaces/msg/detail/driver_velocity__type_support.hpp
[2.622s] -- Up-to-date: /root/working/rodep_ros2/yano_ws/install/custom_interfaces/include/custom_interfaces/custom_interfaces/msg/detail/driver_velocity__builder.hpp
[2.622s] -- Up-to-date: /root/working/rodep_ros2/yano_ws/install/custom_interfaces/include/custom_interfaces/custom_interfaces/msg/detail/driver_velocity__traits.hpp
[2.623s] -- Up-to-date: /root/working/rodep_ros2/yano_ws/install/custom_interfaces/include/custom_interfaces/custom_interfaces
[2.623s] -- Up-to-date: /root/working/rodep_ros2/yano_ws/install/custom_interfaces/include/custom_interfaces/custom_interfaces/srv
[2.623s] -- Up-to-date: /root/working/rodep_ros2/yano_ws/install/custom_interfaces/include/custom_interfaces/custom_interfaces/srv/detail
[2.623s] -- Up-to-date: /root/working/rodep_ros2/yano_ws/install/custom_interfaces/include/custom_interfaces/custom_interfaces/srv/detail/dds_fastrtps
[2.623s] -- Up-to-date: /root/working/rodep_ros2/yano_ws/install/custom_interfaces/include/custom_interfaces/custom_interfaces/srv/detail/set_mode__rosidl_typesupport_fastrtps_cpp.hpp
[2.624s] -- Up-to-date: /root/working/rodep_ros2/yano_ws/install/custom_interfaces/include/custom_interfaces/custom_interfaces/msg
[2.624s] -- Up-to-date: /root/working/rodep_ros2/yano_ws/install/custom_interfaces/include/custom_interfaces/custom_interfaces/msg/detail
[2.624s] -- Up-to-date: /root/working/rodep_ros2/yano_ws/install/custom_interfaces/include/custom_interfaces/custom_interfaces/msg/detail/driver_velocity__rosidl_typesupport_fastrtps_cpp.hpp
[2.624s] -- Up-to-date: /root/working/rodep_ros2/yano_ws/install/custom_interfaces/include/custom_interfaces/custom_interfaces/msg/detail/dds_fastrtps
[2.624s] -- Up-to-date: /root/working/rodep_ros2/yano_ws/install/custom_interfaces/include/custom_interfaces/custom_interfaces/msg/rosidl_typesupport_fastrtps_cpp__visibility_control.h
[2.625s] -- Up-to-date: /root/working/rodep_ros2/yano_ws/install/custom_interfaces/lib/libcustom_interfaces__rosidl_typesupport_fastrtps_cpp.so
[2.625s] -- Up-to-date: /root/working/rodep_ros2/yano_ws/install/custom_interfaces/include/custom_interfaces/custom_interfaces
[2.625s] -- Up-to-date: /root/working/rodep_ros2/yano_ws/install/custom_interfaces/include/custom_interfaces/custom_interfaces/srv
[2.625s] -- Up-to-date: /root/working/rodep_ros2/yano_ws/install/custom_interfaces/include/custom_interfaces/custom_interfaces/srv/detail
[2.625s] -- Up-to-date: /root/working/rodep_ros2/yano_ws/install/custom_interfaces/include/custom_interfaces/custom_interfaces/srv/detail/set_mode__type_support.cpp
[2.625s] -- Up-to-date: /root/working/rodep_ros2/yano_ws/install/custom_interfaces/include/custom_interfaces/custom_interfaces/srv/detail/set_mode__rosidl_typesupport_introspection_cpp.hpp
[2.625s] -- Up-to-date: /root/working/rodep_ros2/yano_ws/install/custom_interfaces/include/custom_interfaces/custom_interfaces/msg
[2.626s] -- Up-to-date: /root/working/rodep_ros2/yano_ws/install/custom_interfaces/include/custom_interfaces/custom_interfaces/msg/detail
[2.626s] -- Up-to-date: /root/working/rodep_ros2/yano_ws/install/custom_interfaces/include/custom_interfaces/custom_interfaces/msg/detail/driver_velocity__rosidl_typesupport_introspection_cpp.hpp
[2.626s] -- Up-to-date: /root/working/rodep_ros2/yano_ws/install/custom_interfaces/include/custom_interfaces/custom_interfaces/msg/detail/driver_velocity__type_support.cpp
[2.626s] -- Up-to-date: /root/working/rodep_ros2/yano_ws/install/custom_interfaces/lib/libcustom_interfaces__rosidl_typesupport_introspection_cpp.so
[2.626s] -- Up-to-date: /root/working/rodep_ros2/yano_ws/install/custom_interfaces/lib/libcustom_interfaces__rosidl_typesupport_cpp.so
[2.626s] -- Up-to-date: /root/working/rodep_ros2/yano_ws/install/custom_interfaces/share/custom_interfaces/environment/pythonpath.sh
[2.626s] -- Installing: /root/working/rodep_ros2/yano_ws/install/custom_interfaces/share/custom_interfaces/environment/pythonpath.dsv
[2.626s] -- Up-to-date: /root/working/rodep_ros2/yano_ws/install/custom_interfaces/local/lib/python3.10/dist-packages/custom_interfaces-0.0.0-py3.10.egg-info
[2.627s] -- Installing: /root/working/rodep_ros2/yano_ws/install/custom_interfaces/local/lib/python3.10/dist-packages/custom_interfaces-0.0.0-py3.10.egg-info/SOURCES.txt
[2.627s] -- Installing: /root/working/rodep_ros2/yano_ws/install/custom_interfaces/local/lib/python3.10/dist-packages/custom_interfaces-0.0.0-py3.10.egg-info/top_level.txt
[2.627s] -- Installing: /root/working/rodep_ros2/yano_ws/install/custom_interfaces/local/lib/python3.10/dist-packages/custom_interfaces-0.0.0-py3.10.egg-info/PKG-INFO
[2.627s] -- Installing: /root/working/rodep_ros2/yano_ws/install/custom_interfaces/local/lib/python3.10/dist-packages/custom_interfaces-0.0.0-py3.10.egg-info/dependency_links.txt
[2.627s] -- Up-to-date: /root/working/rodep_ros2/yano_ws/install/custom_interfaces/local/lib/python3.10/dist-packages/custom_interfaces
[2.627s] -- Up-to-date: /root/working/rodep_ros2/yano_ws/install/custom_interfaces/local/lib/python3.10/dist-packages/custom_interfaces/_custom_interfaces_s.ep.rosidl_typesupport_fastrtps_c.c
[2.627s] -- Up-to-date: /root/working/rodep_ros2/yano_ws/install/custom_interfaces/local/lib/python3.10/dist-packages/custom_interfaces/custom_interfaces_s__rosidl_typesupport_introspection_c.cpython-310-x86_64-linux-gnu.so
[2.627s] -- Up-to-date: /root/working/rodep_ros2/yano_ws/install/custom_interfaces/local/lib/python3.10/dist-packages/custom_interfaces/srv
[2.627s] -- Up-to-date: /root/working/rodep_ros2/yano_ws/install/custom_interfaces/local/lib/python3.10/dist-packages/custom_interfaces/srv/_set_mode.py
[2.627s] -- Up-to-date: /root/working/rodep_ros2/yano_ws/install/custom_interfaces/local/lib/python3.10/dist-packages/custom_interfaces/srv/__init__.py
[2.627s] -- Up-to-date: /root/working/rodep_ros2/yano_ws/install/custom_interfaces/local/lib/python3.10/dist-packages/custom_interfaces/srv/_set_mode_s.c
[2.628s] -- Up-to-date: /root/working/rodep_ros2/yano_ws/install/custom_interfaces/local/lib/python3.10/dist-packages/custom_interfaces/custom_interfaces_s__rosidl_typesupport_c.cpython-310-x86_64-linux-gnu.so
[2.628s] -- Up-to-date: /root/working/rodep_ros2/yano_ws/install/custom_interfaces/local/lib/python3.10/dist-packages/custom_interfaces/custom_interfaces_s__rosidl_typesupport_fastrtps_c.cpython-310-x86_64-linux-gnu.so
[2.628s] -- Up-to-date: /root/working/rodep_ros2/yano_ws/install/custom_interfaces/local/lib/python3.10/dist-packages/custom_interfaces/msg
[2.628s] -- Up-to-date: /root/working/rodep_ros2/yano_ws/install/custom_interfaces/local/lib/python3.10/dist-packages/custom_interfaces/msg/_driver_velocity_s.c
[2.628s] -- Up-to-date: /root/working/rodep_ros2/yano_ws/install/custom_interfaces/local/lib/python3.10/dist-packages/custom_interfaces/msg/_driver_velocity.py
[2.628s] -- Up-to-date: /root/working/rodep_ros2/yano_ws/install/custom_interfaces/local/lib/python3.10/dist-packages/custom_interfaces/msg/__init__.py
[2.628s] -- Installing: /root/working/rodep_ros2/yano_ws/install/custom_interfaces/local/lib/python3.10/dist-packages/custom_interfaces/__init__.py
[2.628s] -- Up-to-date: /root/working/rodep_ros2/yano_ws/install/custom_interfaces/local/lib/python3.10/dist-packages/custom_interfaces/_custom_interfaces_s.ep.rosidl_typesupport_introspection_c.c
[2.628s] -- Up-to-date: /root/working/rodep_ros2/yano_ws/install/custom_interfaces/local/lib/python3.10/dist-packages/custom_interfaces/_custom_interfaces_s.ep.rosidl_typesupport_c.c
[2.628s] -- Up-to-date: /root/working/rodep_ros2/yano_ws/install/custom_interfaces/local/lib/python3.10/dist-packages/custom_interfaces/libcustom_interfaces__rosidl_generator_py.so
[2.668s] Listing '/root/working/rodep_ros2/yano_ws/install/custom_interfaces/local/lib/python3.10/dist-packages/custom_interfaces'...
[2.668s] Compiling '/root/working/rodep_ros2/yano_ws/install/custom_interfaces/local/lib/python3.10/dist-packages/custom_interfaces/__init__.py'...
[2.668s] Listing '/root/working/rodep_ros2/yano_ws/install/custom_interfaces/local/lib/python3.10/dist-packages/custom_interfaces/msg'...
[2.668s] Listing '/root/working/rodep_ros2/yano_ws/install/custom_interfaces/local/lib/python3.10/dist-packages/custom_interfaces/srv'...
[2.674s] -- Up-to-date: /root/working/rodep_ros2/yano_ws/install/custom_interfaces/local/lib/python3.10/dist-packages/custom_interfaces/custom_interfaces_s__rosidl_typesupport_fastrtps_c.cpython-310-x86_64-linux-gnu.so
[2.675s] -- Up-to-date: /root/working/rodep_ros2/yano_ws/install/custom_interfaces/local/lib/python3.10/dist-packages/custom_interfaces/custom_interfaces_s__rosidl_typesupport_introspection_c.cpython-310-x86_64-linux-gnu.so
[2.676s] -- Up-to-date: /root/working/rodep_ros2/yano_ws/install/custom_interfaces/local/lib/python3.10/dist-packages/custom_interfaces/custom_interfaces_s__rosidl_typesupport_c.cpython-310-x86_64-linux-gnu.so
[2.676s] -- Up-to-date: /root/working/rodep_ros2/yano_ws/install/custom_interfaces/lib/libcustom_interfaces__rosidl_generator_py.so
[2.677s] -- Up-to-date: /root/working/rodep_ros2/yano_ws/install/custom_interfaces/share/custom_interfaces/msg/DriverVelocity.idl
[2.677s] -- Up-to-date: /root/working/rodep_ros2/yano_ws/install/custom_interfaces/share/custom_interfaces/srv/SetMode.idl
[2.677s] -- Up-to-date: /root/working/rodep_ros2/yano_ws/install/custom_interfaces/share/custom_interfaces/msg/DriverVelocity.msg
[2.678s] -- Up-to-date: /root/working/rodep_ros2/yano_ws/install/custom_interfaces/share/custom_interfaces/srv/SetMode.srv
[2.678s] -- Up-to-date: /root/working/rodep_ros2/yano_ws/install/custom_interfaces/share/custom_interfaces/srv/SetMode_Request.msg
[2.678s] -- Up-to-date: /root/working/rodep_ros2/yano_ws/install/custom_interfaces/share/custom_interfaces/srv/SetMode_Response.msg
[2.678s] -- Up-to-date: /root/working/rodep_ros2/yano_ws/install/custom_interfaces/share/custom_interfaces/msg
[2.678s] -- Up-to-date: /root/working/rodep_ros2/yano_ws/install/custom_interfaces/share/custom_interfaces/msg/DriverVelocity.msg
[2.679s] -- Up-to-date: /root/working/rodep_ros2/yano_ws/install/custom_interfaces/share/ament_index/resource_index/package_run_dependencies/custom_interfaces
[2.679s] -- Up-to-date: /root/working/rodep_ros2/yano_ws/install/custom_interfaces/share/ament_index/resource_index/parent_prefix_path/custom_interfaces
[2.679s] -- Up-to-date: /root/working/rodep_ros2/yano_ws/install/custom_interfaces/share/custom_interfaces/environment/ament_prefix_path.sh
[2.679s] -- Installing: /root/working/rodep_ros2/yano_ws/install/custom_interfaces/share/custom_interfaces/environment/ament_prefix_path.dsv
[2.679s] -- Up-to-date: /root/working/rodep_ros2/yano_ws/install/custom_interfaces/share/custom_interfaces/environment/path.sh
[2.680s] -- Installing: /root/working/rodep_ros2/yano_ws/install/custom_interfaces/share/custom_interfaces/environment/path.dsv
[2.680s] -- Up-to-date: /root/working/rodep_ros2/yano_ws/install/custom_interfaces/share/custom_interfaces/local_setup.bash
[2.680s] -- Up-to-date: /root/working/rodep_ros2/yano_ws/install/custom_interfaces/share/custom_interfaces/local_setup.sh
[2.680s] -- Up-to-date: /root/working/rodep_ros2/yano_ws/install/custom_interfaces/share/custom_interfaces/local_setup.zsh
[2.680s] -- Installing: /root/working/rodep_ros2/yano_ws/install/custom_interfaces/share/custom_interfaces/local_setup.dsv
[2.681s] -- Installing: /root/working/rodep_ros2/yano_ws/install/custom_interfaces/share/custom_interfaces/package.dsv
[2.681s] -- Up-to-date: /root/working/rodep_ros2/yano_ws/install/custom_interfaces/share/ament_index/resource_index/packages/custom_interfaces
[2.681s] -- Up-to-date: /root/working/rodep_ros2/yano_ws/install/custom_interfaces/share/custom_interfaces/cmake/export_custom_interfaces__rosidl_generator_cExport.cmake
[2.681s] -- Up-to-date: /root/working/rodep_ros2/yano_ws/install/custom_interfaces/share/custom_interfaces/cmake/export_custom_interfaces__rosidl_generator_cExport-noconfig.cmake
[2.681s] -- Up-to-date: /root/working/rodep_ros2/yano_ws/install/custom_interfaces/share/custom_interfaces/cmake/export_custom_interfaces__rosidl_typesupport_fastrtps_cExport.cmake
[2.682s] -- Up-to-date: /root/working/rodep_ros2/yano_ws/install/custom_interfaces/share/custom_interfaces/cmake/export_custom_interfaces__rosidl_typesupport_fastrtps_cExport-noconfig.cmake
[2.682s] -- Up-to-date: /root/working/rodep_ros2/yano_ws/install/custom_interfaces/share/custom_interfaces/cmake/custom_interfaces__rosidl_typesupport_introspection_cExport.cmake
[2.682s] -- Up-to-date: /root/working/rodep_ros2/yano_ws/install/custom_interfaces/share/custom_interfaces/cmake/custom_interfaces__rosidl_typesupport_introspection_cExport-noconfig.cmake
[2.682s] -- Up-to-date: /root/working/rodep_ros2/yano_ws/install/custom_interfaces/share/custom_interfaces/cmake/custom_interfaces__rosidl_typesupport_cExport.cmake
[2.682s] -- Up-to-date: /root/working/rodep_ros2/yano_ws/install/custom_interfaces/share/custom_interfaces/cmake/custom_interfaces__rosidl_typesupport_cExport-noconfig.cmake
[2.683s] -- Up-to-date: /root/working/rodep_ros2/yano_ws/install/custom_interfaces/share/custom_interfaces/cmake/export_custom_interfaces__rosidl_generator_cppExport.cmake
[2.683s] -- Up-to-date: /root/working/rodep_ros2/yano_ws/install/custom_interfaces/share/custom_interfaces/cmake/export_custom_interfaces__rosidl_typesupport_fastrtps_cppExport.cmake
[2.683s] -- Up-to-date: /root/working/rodep_ros2/yano_ws/install/custom_interfaces/share/custom_interfaces/cmake/export_custom_interfaces__rosidl_typesupport_fastrtps_cppExport-noconfig.cmake
[2.683s] -- Up-to-date: /root/working/rodep_ros2/yano_ws/install/custom_interfaces/share/custom_interfaces/cmake/custom_interfaces__rosidl_typesupport_introspection_cppExport.cmake
[2.684s] -- Up-to-date: /root/working/rodep_ros2/yano_ws/install/custom_interfaces/share/custom_interfaces/cmake/custom_interfaces__rosidl_typesupport_introspection_cppExport-noconfig.cmake
[2.684s] -- Up-to-date: /root/working/rodep_ros2/yano_ws/install/custom_interfaces/share/custom_interfaces/cmake/custom_interfaces__rosidl_typesupport_cppExport.cmake
[2.684s] -- Up-to-date: /root/working/rodep_ros2/yano_ws/install/custom_interfaces/share/custom_interfaces/cmake/custom_interfaces__rosidl_typesupport_cppExport-noconfig.cmake
[2.684s] -- Up-to-date: /root/working/rodep_ros2/yano_ws/install/custom_interfaces/share/custom_interfaces/cmake/export_custom_interfaces__rosidl_generator_pyExport.cmake
[2.684s] -- Up-to-date: /root/working/rodep_ros2/yano_ws/install/custom_interfaces/share/custom_interfaces/cmake/export_custom_interfaces__rosidl_generator_pyExport-noconfig.cmake
[2.684s] -- Up-to-date: /root/working/rodep_ros2/yano_ws/install/custom_interfaces/share/custom_interfaces/cmake/rosidl_cmake-extras.cmake
[2.685s] -- Up-to-date: /root/working/rodep_ros2/yano_ws/install/custom_interfaces/share/custom_interfaces/cmake/ament_cmake_export_include_directories-extras.cmake
[2.685s] -- Up-to-date: /root/working/rodep_ros2/yano_ws/install/custom_interfaces/share/custom_interfaces/cmake/ament_cmake_export_libraries-extras.cmake
[2.685s] -- Up-to-date: /root/working/rodep_ros2/yano_ws/install/custom_interfaces/share/custom_interfaces/cmake/ament_cmake_export_targets-extras.cmake
[2.685s] -- Up-to-date: /root/working/rodep_ros2/yano_ws/install/custom_interfaces/share/custom_interfaces/cmake/rosidl_cmake_export_typesupport_targets-extras.cmake
[2.685s] -- Up-to-date: /root/working/rodep_ros2/yano_ws/install/custom_interfaces/share/custom_interfaces/cmake/ament_cmake_export_dependencies-extras.cmake
[2.685s] -- Up-to-date: /root/working/rodep_ros2/yano_ws/install/custom_interfaces/share/custom_interfaces/cmake/rosidl_cmake_export_typesupport_libraries-extras.cmake
[2.685s] -- Up-to-date: /root/working/rodep_ros2/yano_ws/install/custom_interfaces/share/custom_interfaces/cmake/custom_interfacesConfig.cmake
[2.686s] -- Up-to-date: /root/working/rodep_ros2/yano_ws/install/custom_interfaces/share/custom_interfaces/cmake/custom_interfacesConfig-version.cmake
[2.686s] -- Up-to-date: /root/working/rodep_ros2/yano_ws/install/custom_interfaces/share/custom_interfaces/package.xml
[2.688s] Invoked command in '/root/working/rodep_ros2/yano_ws/build/custom_interfaces' returned '0': CMAKE_PREFIX_PATH=/opt/ros/humble /usr/bin/cmake --install /root/working/rodep_ros2/yano_ws/build/custom_interfaces
