[0.015s] Invoking command in '/root/working/test_ws/yano_ws/build/usb_camera': CMAKE_PREFIX_PATH=${CMAKE_PREFIX_PATH}:/opt/ros/humble /usr/bin/cmake /root/working/test_ws/yano_ws/src/usb_camera -DCMAKE_INSTALL_PREFIX=/root/working/test_ws/yano_ws/install/usb_camera
[0.127s] -- The C compiler identification is GNU 11.4.0
[0.242s] -- The CXX compiler identification is GNU 11.4.0
[0.256s] -- Detecting C compiler ABI info
[0.456s] -- Detecting C compiler ABI info - done
[0.491s] -- Check for working C compiler: /usr/bin/cc - skipped
[0.491s] -- Detecting C compile features
[0.496s] -- Detecting C compile features - done
[0.504s] -- Detecting CXX compiler ABI info
[0.705s] -- Detecting CXX compiler ABI info - done
[0.741s] -- Check for working CXX compiler: /usr/bin/c++ - skipped
[0.742s] -- Detecting CXX compile features
[0.748s] -- Detecting CXX compile features - done
[0.761s] -- Found ament_cmake: 1.3.11 (/opt/ros/humble/share/ament_cmake/cmake)
[1.290s] -- Found Python3: /usr/bin/python3 (found version "3.10.12") found components: Interpreter 
[1.861s] -- Found rclcpp: 16.0.11 (/opt/ros/humble/share/rclcpp/cmake)
[2.105s] -- Found rosidl_generator_c: 3.1.6 (/opt/ros/humble/share/rosidl_generator_c/cmake)
[2.107s] -- Found rosidl_adapter: 3.1.6 (/opt/ros/humble/share/rosidl_adapter/cmake)
[2.132s] -- Found rosidl_generator_cpp: 3.1.6 (/opt/ros/humble/share/rosidl_generator_cpp/cmake)
[2.176s] -- Using all available rosidl_typesupport_c: rosidl_typesupport_fastrtps_c;rosidl_typesupport_introspection_c
[2.245s] -- Using all available rosidl_typesupport_cpp: rosidl_typesupport_fastrtps_cpp;rosidl_typesupport_introspection_cpp
[2.418s] -- Found rmw_implementation_cmake: 6.1.2 (/opt/ros/humble/share/rmw_implementation_cmake/cmake)
[2.419s] -- Found rmw_fastrtps_cpp: 6.2.7 (/opt/ros/humble/share/rmw_fastrtps_cpp/cmake)
[2.729s] -- Found OpenSSL: /usr/lib/x86_64-linux-gnu/libcrypto.so (found version "3.0.2")  
[2.794s] -- Found FastRTPS: /opt/ros/humble/include  
[2.911s] -- Using RMW implementation 'rmw_fastrtps_cpp' as default
[2.938s] -- Looking for pthread.h
[3.178s] -- Looking for pthread.h - found
[3.182s] -- Performing Test CMAKE_HAVE_LIBC_PTHREAD
[3.364s] -- Performing Test CMAKE_HAVE_LIBC_PTHREAD - Success
[3.366s] -- Found Threads: TRUE  
[3.593s] -- Found sensor_msgs: 4.2.4 (/opt/ros/humble/share/sensor_msgs/cmake)
[3.724s] -- Found cv_bridge: 3.2.1 (/opt/ros/humble/share/cv_bridge/cmake)
[3.797s] -- Found OpenCV: /usr (found version "4.5.4") 
[3.810s] -- Found ament_lint_auto: 0.12.11 (/opt/ros/humble/share/ament_lint_auto/cmake)
[4.160s] -- Added test 'cppcheck' to perform static code analysis on C / C++ code
[4.164s] -- Configured cppcheck include dirs: 
[4.164s] -- Configured cppcheck exclude dirs and/or files: 
[4.170s] -- Added test 'lint_cmake' to check CMake code style
[4.172s] -- Added test 'uncrustify' to check C / C++ code style
[4.173s] -- Configured uncrustify additional arguments: 
[4.173s] -- Added test 'xmllint' to check XML markup files
[4.182s] -- Configuring done
[4.270s] -- Generating done
[4.289s] -- Build files have been written to: /root/working/test_ws/yano_ws/build/usb_camera
[4.320s] Invoked command in '/root/working/test_ws/yano_ws/build/usb_camera' returned '0': CMAKE_PREFIX_PATH=${CMAKE_PREFIX_PATH}:/opt/ros/humble /usr/bin/cmake /root/working/test_ws/yano_ws/src/usb_camera -DCMAKE_INSTALL_PREFIX=/root/working/test_ws/yano_ws/install/usb_camera
[4.321s] Invoking command in '/root/working/test_ws/yano_ws/build/usb_camera': CMAKE_PREFIX_PATH=${CMAKE_PREFIX_PATH}:/opt/ros/humble /usr/bin/cmake --build /root/working/test_ws/yano_ws/build/usb_camera -- -j4 -l4
[4.463s] [ 50%] [32mBuilding CXX object CMakeFiles/usb_camera.dir/src/usb_camera.cpp.o[0m
[22.414s] [100%] [32m[1mLinking CXX executable usb_camera[0m
[24.228s] [100%] Built target usb_camera
[24.302s] Invoked command in '/root/working/test_ws/yano_ws/build/usb_camera' returned '0': CMAKE_PREFIX_PATH=${CMAKE_PREFIX_PATH}:/opt/ros/humble /usr/bin/cmake --build /root/working/test_ws/yano_ws/build/usb_camera -- -j4 -l4
[24.303s] Invoking command in '/root/working/test_ws/yano_ws/build/usb_camera': CMAKE_PREFIX_PATH=${CMAKE_PREFIX_PATH}:/opt/ros/humble /usr/bin/cmake --install /root/working/test_ws/yano_ws/build/usb_camera
[24.352s] -- Install configuration: ""
[24.352s] -- Installing: /root/working/test_ws/yano_ws/install/usb_camera/lib/usb_camera/usb_camera
[24.352s] -- Set runtime path of "/root/working/test_ws/yano_ws/install/usb_camera/lib/usb_camera/usb_camera" to ""
[24.358s] -- Installing: /root/working/test_ws/yano_ws/install/usb_camera/share/ament_index/resource_index/package_run_dependencies/usb_camera
[24.358s] -- Installing: /root/working/test_ws/yano_ws/install/usb_camera/share/ament_index/resource_index/parent_prefix_path/usb_camera
[24.368s] -- Installing: /root/working/test_ws/yano_ws/install/usb_camera/share/usb_camera/environment/ament_prefix_path.sh
[24.368s] -- Installing: /root/working/test_ws/yano_ws/install/usb_camera/share/usb_camera/environment/ament_prefix_path.dsv
[24.369s] -- Installing: /root/working/test_ws/yano_ws/install/usb_camera/share/usb_camera/environment/path.sh
[24.369s] -- Installing: /root/working/test_ws/yano_ws/install/usb_camera/share/usb_camera/environment/path.dsv
[24.369s] -- Installing: /root/working/test_ws/yano_ws/install/usb_camera/share/usb_camera/local_setup.bash
[24.369s] -- Installing: /root/working/test_ws/yano_ws/install/usb_camera/share/usb_camera/local_setup.sh
[24.382s] -- Installing: /root/working/test_ws/yano_ws/install/usb_camera/share/usb_camera/local_setup.zsh
[24.382s] -- Installing: /root/working/test_ws/yano_ws/install/usb_camera/share/usb_camera/local_setup.dsv
[24.382s] -- Installing: /root/working/test_ws/yano_ws/install/usb_camera/share/usb_camera/package.dsv
[24.382s] -- Installing: /root/working/test_ws/yano_ws/install/usb_camera/share/ament_index/resource_index/packages/usb_camera
[24.382s] -- Installing: /root/working/test_ws/yano_ws/install/usb_camera/share/usb_camera/cmake/usb_cameraConfig.cmake
[24.382s] -- Installing: /root/working/test_ws/yano_ws/install/usb_camera/share/usb_camera/cmake/usb_cameraConfig-version.cmake
[24.383s] -- Installing: /root/working/test_ws/yano_ws/install/usb_camera/share/usb_camera/package.xml
[24.404s] Invoked command in '/root/working/test_ws/yano_ws/build/usb_camera' returned '0': CMAKE_PREFIX_PATH=${CMAKE_PREFIX_PATH}:/opt/ros/humble /usr/bin/cmake --install /root/working/test_ws/yano_ws/build/usb_camera
