[0.042s] Invoking command in '/root/working/test_ws/yano_ws/build/operator': AMENT_PREFIX_PATH=/root/working/test_ws/yano_ws/install/custom_interfaces:${AMENT_PREFIX_PATH} CMAKE_PREFIX_PATH=/root/working/test_ws/yano_ws/install/custom_interfaces:/opt/ros/humble LD_LIBRARY_PATH=/root/working/test_ws/yano_ws/install/custom_interfaces/lib:${LD_LIBRARY_PATH} PYTHONPATH=/root/working/test_ws/yano_ws/install/custom_interfaces/local/lib/python3.10/dist-packages:${PYTHONPATH} /usr/bin/cmake /root/working/test_ws/yano_ws/src/operator -DCMAKE_INSTALL_PREFIX=/root/working/test_ws/yano_ws/install/operator
[0.219s] -- The C compiler identification is GNU 11.4.0
[0.423s] -- The CXX compiler identification is GNU 11.4.0
[0.441s] -- Detecting C compiler ABI info
[0.621s] -- Detecting C compiler ABI info - done
[0.656s] -- Check for working C compiler: /usr/bin/cc - skipped
[0.657s] -- Detecting C compile features
[0.658s] -- Detecting C compile features - done
[0.667s] -- Detecting CXX compiler ABI info
[0.926s] -- Detecting CXX compiler ABI info - done
[0.958s] -- Check for working CXX compiler: /usr/bin/c++ - skipped
[0.959s] -- Detecting CXX compile features
[0.960s] -- Detecting CXX compile features - done
[0.972s] -- Found ament_cmake: 1.3.11 (/opt/ros/humble/share/ament_cmake/cmake)
[1.529s] -- Found Python3: /usr/bin/python3 (found version "3.10.12") found components: Interpreter 
[2.044s] -- Found rclcpp: 16.0.11 (/opt/ros/humble/share/rclcpp/cmake)
[2.192s] -- Found rosidl_generator_c: 3.1.6 (/opt/ros/humble/share/rosidl_generator_c/cmake)
[2.220s] -- Found rosidl_adapter: 3.1.6 (/opt/ros/humble/share/rosidl_adapter/cmake)
[2.248s] -- Found rosidl_generator_cpp: 3.1.6 (/opt/ros/humble/share/rosidl_generator_cpp/cmake)
[2.287s] -- Using all available rosidl_typesupport_c: rosidl_typesupport_fastrtps_c;rosidl_typesupport_introspection_c
[2.345s] -- Using all available rosidl_typesupport_cpp: rosidl_typesupport_fastrtps_cpp;rosidl_typesupport_introspection_cpp
[2.481s] -- Found rmw_implementation_cmake: 6.1.2 (/opt/ros/humble/share/rmw_implementation_cmake/cmake)
[2.488s] -- Found rmw_fastrtps_cpp: 6.2.7 (/opt/ros/humble/share/rmw_fastrtps_cpp/cmake)
[2.636s] -- Found OpenSSL: /usr/lib/x86_64-linux-gnu/libcrypto.so (found version "3.0.2")  
[2.677s] -- Found FastRTPS: /opt/ros/humble/include  
[2.753s] -- Using RMW implementation 'rmw_fastrtps_cpp' as default
[2.773s] -- Looking for pthread.h
[2.894s] -- Looking for pthread.h - found
[2.894s] -- Performing Test CMAKE_HAVE_LIBC_PTHREAD
[3.036s] -- Performing Test CMAKE_HAVE_LIBC_PTHREAD - Success
[3.038s] -- Found Threads: TRUE  
[3.148s] -- Found sensor_msgs: 4.2.4 (/opt/ros/humble/share/sensor_msgs/cmake)
[3.202s] -- Found custom_interfaces: 0.0.0 (/root/working/test_ws/yano_ws/install/custom_interfaces/share/custom_interfaces/cmake)
[3.232s] -- Found ament_lint_auto: 0.12.11 (/opt/ros/humble/share/ament_lint_auto/cmake)
[3.371s] -- Added test 'cppcheck' to perform static code analysis on C / C++ code
[3.371s] -- Configured cppcheck include dirs: 
[3.371s] -- Configured cppcheck exclude dirs and/or files: 
[3.372s] -- Added test 'flake8' to check Python code syntax and style conventions
[3.374s] -- Added test 'lint_cmake' to check CMake code style
[3.375s] -- Added test 'pep257' to check Python code against some of the docstring style conventions in PEP 257
[3.377s] -- Added test 'uncrustify' to check C / C++ code style
[3.377s] -- Configured uncrustify additional arguments: 
[3.378s] -- Added test 'xmllint' to check XML markup files
[3.380s] -- Configuring done
[3.397s] -- Generating done
[3.403s] -- Build files have been written to: /root/working/test_ws/yano_ws/build/operator
[3.421s] Invoked command in '/root/working/test_ws/yano_ws/build/operator' returned '0': AMENT_PREFIX_PATH=/root/working/test_ws/yano_ws/install/custom_interfaces:${AMENT_PREFIX_PATH} CMAKE_PREFIX_PATH=/root/working/test_ws/yano_ws/install/custom_interfaces:/opt/ros/humble LD_LIBRARY_PATH=/root/working/test_ws/yano_ws/install/custom_interfaces/lib:${LD_LIBRARY_PATH} PYTHONPATH=/root/working/test_ws/yano_ws/install/custom_interfaces/local/lib/python3.10/dist-packages:${PYTHONPATH} /usr/bin/cmake /root/working/test_ws/yano_ws/src/operator -DCMAKE_INSTALL_PREFIX=/root/working/test_ws/yano_ws/install/operator
[3.423s] Invoking command in '/root/working/test_ws/yano_ws/build/operator': AMENT_PREFIX_PATH=/root/working/test_ws/yano_ws/install/custom_interfaces:${AMENT_PREFIX_PATH} CMAKE_PREFIX_PATH=/root/working/test_ws/yano_ws/install/custom_interfaces:/opt/ros/humble LD_LIBRARY_PATH=/root/working/test_ws/yano_ws/install/custom_interfaces/lib:${LD_LIBRARY_PATH} PYTHONPATH=/root/working/test_ws/yano_ws/install/custom_interfaces/local/lib/python3.10/dist-packages:${PYTHONPATH} /usr/bin/cmake --build /root/working/test_ws/yano_ws/build/operator -- -j4 -l4
[3.491s] [ 50%] [32mBuilding CXX object CMakeFiles/operator_node.dir/src/operator.cpp.o[0m
[17.666s] [100%] [32m[1mLinking CXX executable operator_node[0m
[18.346s] [100%] Built target operator_node
[18.362s] Invoked command in '/root/working/test_ws/yano_ws/build/operator' returned '0': AMENT_PREFIX_PATH=/root/working/test_ws/yano_ws/install/custom_interfaces:${AMENT_PREFIX_PATH} CMAKE_PREFIX_PATH=/root/working/test_ws/yano_ws/install/custom_interfaces:/opt/ros/humble LD_LIBRARY_PATH=/root/working/test_ws/yano_ws/install/custom_interfaces/lib:${LD_LIBRARY_PATH} PYTHONPATH=/root/working/test_ws/yano_ws/install/custom_interfaces/local/lib/python3.10/dist-packages:${PYTHONPATH} /usr/bin/cmake --build /root/working/test_ws/yano_ws/build/operator -- -j4 -l4
[18.364s] Invoking command in '/root/working/test_ws/yano_ws/build/operator': AMENT_PREFIX_PATH=/root/working/test_ws/yano_ws/install/custom_interfaces:${AMENT_PREFIX_PATH} CMAKE_PREFIX_PATH=/root/working/test_ws/yano_ws/install/custom_interfaces:/opt/ros/humble LD_LIBRARY_PATH=/root/working/test_ws/yano_ws/install/custom_interfaces/lib:${LD_LIBRARY_PATH} PYTHONPATH=/root/working/test_ws/yano_ws/install/custom_interfaces/local/lib/python3.10/dist-packages:${PYTHONPATH} /usr/bin/cmake --install /root/working/test_ws/yano_ws/build/operator
[18.374s] -- Install configuration: ""
[18.374s] -- Installing: /root/working/test_ws/yano_ws/install/operator/lib/operator/operator_node
[18.380s] -- Set runtime path of "/root/working/test_ws/yano_ws/install/operator/lib/operator/operator_node" to ""
[18.380s] -- Installing: /root/working/test_ws/yano_ws/install/operator/share/ament_index/resource_index/package_run_dependencies/operator
[18.380s] -- Installing: /root/working/test_ws/yano_ws/install/operator/share/ament_index/resource_index/parent_prefix_path/operator
[18.381s] -- Installing: /root/working/test_ws/yano_ws/install/operator/share/operator/environment/ament_prefix_path.sh
[18.382s] -- Installing: /root/working/test_ws/yano_ws/install/operator/share/operator/environment/ament_prefix_path.dsv
[18.382s] -- Installing: /root/working/test_ws/yano_ws/install/operator/share/operator/environment/path.sh
[18.384s] -- Installing: /root/working/test_ws/yano_ws/install/operator/share/operator/environment/path.dsv
[18.386s] -- Installing: /root/working/test_ws/yano_ws/install/operator/share/operator/local_setup.bash
[18.386s] -- Installing: /root/working/test_ws/yano_ws/install/operator/share/operator/local_setup.sh
[18.387s] -- Installing: /root/working/test_ws/yano_ws/install/operator/share/operator/local_setup.zsh
[18.387s] -- Installing: /root/working/test_ws/yano_ws/install/operator/share/operator/local_setup.dsv
[18.387s] -- Installing: /root/working/test_ws/yano_ws/install/operator/share/operator/package.dsv
[18.388s] -- Installing: /root/working/test_ws/yano_ws/install/operator/share/ament_index/resource_index/packages/operator
[18.388s] -- Installing: /root/working/test_ws/yano_ws/install/operator/share/operator/cmake/operatorConfig.cmake
[18.388s] -- Installing: /root/working/test_ws/yano_ws/install/operator/share/operator/cmake/operatorConfig-version.cmake
[18.389s] -- Installing: /root/working/test_ws/yano_ws/install/operator/share/operator/package.xml
[18.390s] Invoked command in '/root/working/test_ws/yano_ws/build/operator' returned '0': AMENT_PREFIX_PATH=/root/working/test_ws/yano_ws/install/custom_interfaces:${AMENT_PREFIX_PATH} CMAKE_PREFIX_PATH=/root/working/test_ws/yano_ws/install/custom_interfaces:/opt/ros/humble LD_LIBRARY_PATH=/root/working/test_ws/yano_ws/install/custom_interfaces/lib:${LD_LIBRARY_PATH} PYTHONPATH=/root/working/test_ws/yano_ws/install/custom_interfaces/local/lib/python3.10/dist-packages:${PYTHONPATH} /usr/bin/cmake --install /root/working/test_ws/yano_ws/build/operator
