[0.017s] Invoking command in '/root/working/rodep_ros2/yano_ws/build/operator': CMAKE_PREFIX_PATH=/opt/ros/humble /usr/bin/cmake --build /root/working/rodep_ros2/yano_ws/build/operator -- -j4 -l4
[0.052s] -- Found ament_cmake: 1.3.11 (/opt/ros/humble/share/ament_cmake/cmake)
[0.225s] -- Found rclcpp: 16.0.11 (/opt/ros/humble/share/rclcpp/cmake)
[0.260s] -- Found rosidl_generator_c: 3.1.6 (/opt/ros/humble/share/rosidl_generator_c/cmake)
[0.263s] -- Found rosidl_adapter: 3.1.6 (/opt/ros/humble/share/rosidl_adapter/cmake)
[0.271s] -- Found rosidl_generator_cpp: 3.1.6 (/opt/ros/humble/share/rosidl_generator_cpp/cmake)
[0.283s] -- Using all available rosidl_typesupport_c: rosidl_typesupport_fastrtps_c;rosidl_typesupport_introspection_c
[0.304s] -- Using all available rosidl_typesupport_cpp: rosidl_typesupport_fastrtps_cpp;rosidl_typesupport_introspection_cpp
[0.345s] -- Found rmw_implementation_cmake: 6.1.2 (/opt/ros/humble/share/rmw_implementation_cmake/cmake)
[0.347s] -- Found rmw_fastrtps_cpp: 6.2.7 (/opt/ros/humble/share/rmw_fastrtps_cpp/cmake)
[0.493s] -- Using RMW implementation 'rmw_fastrtps_cpp' as default
[0.559s] -- Found sensor_msgs: 4.2.4 (/opt/ros/humble/share/sensor_msgs/cmake)
[0.609s] -- Found ament_lint_auto: 0.12.11 (/opt/ros/humble/share/ament_lint_auto/cmake)
[0.698s] -- Added test 'cppcheck' to perform static code analysis on C / C++ code
[0.698s] -- Configured cppcheck include dirs: 
[0.698s] -- Configured cppcheck exclude dirs and/or files: 
[0.699s] -- Added test 'flake8' to check Python code syntax and style conventions
[0.700s] -- Added test 'lint_cmake' to check CMake code style
[0.700s] -- Added test 'pep257' to check Python code against some of the docstring style conventions in PEP 257
[0.702s] -- Added test 'uncrustify' to check C / C++ code style
[0.702s] -- Configured uncrustify additional arguments: 
[0.702s] -- Added test 'xmllint' to check XML markup files
[0.704s] -- Configuring done
[0.718s] -- Generating done
[0.723s] -- Build files have been written to: /root/working/rodep_ros2/yano_ws/build/operator
[0.754s] [35m[1mConsolidate compiler generated dependencies of target operator_node[0m
[0.777s] [100%] Built target operator_node
[0.795s] Invoked command in '/root/working/rodep_ros2/yano_ws/build/operator' returned '0': CMAKE_PREFIX_PATH=/opt/ros/humble /usr/bin/cmake --build /root/working/rodep_ros2/yano_ws/build/operator -- -j4 -l4
[0.807s] Invoking command in '/root/working/rodep_ros2/yano_ws/build/operator': CMAKE_PREFIX_PATH=/opt/ros/humble /usr/bin/cmake --install /root/working/rodep_ros2/yano_ws/build/operator
[0.816s] -- Install configuration: ""
[0.816s] -- Up-to-date: /root/working/rodep_ros2/yano_ws/install/operator/lib/operator/operator_node
[0.817s] -- Up-to-date: /root/working/rodep_ros2/yano_ws/install/operator/share/ament_index/resource_index/package_run_dependencies/operator
[0.817s] -- Installing: /root/working/rodep_ros2/yano_ws/install/operator/share/ament_index/resource_index/parent_prefix_path/operator
[0.817s] -- Up-to-date: /root/working/rodep_ros2/yano_ws/install/operator/share/operator/environment/ament_prefix_path.sh
[0.817s] -- Installing: /root/working/rodep_ros2/yano_ws/install/operator/share/operator/environment/ament_prefix_path.dsv
[0.818s] -- Up-to-date: /root/working/rodep_ros2/yano_ws/install/operator/share/operator/environment/path.sh
[0.818s] -- Installing: /root/working/rodep_ros2/yano_ws/install/operator/share/operator/environment/path.dsv
[0.818s] -- Up-to-date: /root/working/rodep_ros2/yano_ws/install/operator/share/operator/local_setup.bash
[0.818s] -- Up-to-date: /root/working/rodep_ros2/yano_ws/install/operator/share/operator/local_setup.sh
[0.819s] -- Up-to-date: /root/working/rodep_ros2/yano_ws/install/operator/share/operator/local_setup.zsh
[0.819s] -- Installing: /root/working/rodep_ros2/yano_ws/install/operator/share/operator/local_setup.dsv
[0.819s] -- Installing: /root/working/rodep_ros2/yano_ws/install/operator/share/operator/package.dsv
[0.819s] -- Up-to-date: /root/working/rodep_ros2/yano_ws/install/operator/share/ament_index/resource_index/packages/operator
[0.819s] -- Up-to-date: /root/working/rodep_ros2/yano_ws/install/operator/share/operator/cmake/operatorConfig.cmake
[0.820s] -- Up-to-date: /root/working/rodep_ros2/yano_ws/install/operator/share/operator/cmake/operatorConfig-version.cmake
[0.820s] -- Installing: /root/working/rodep_ros2/yano_ws/install/operator/share/operator/package.xml
[0.822s] Invoked command in '/root/working/rodep_ros2/yano_ws/build/operator' returned '0': CMAKE_PREFIX_PATH=/opt/ros/humble /usr/bin/cmake --install /root/working/rodep_ros2/yano_ws/build/operator
