[0.018s] Invoking command in '/root/working/rodep_ros2/yano_ws/build/driver': AMENT_PREFIX_PATH=/root/working/rodep_ros2/yano_ws/install/custom_interfaces:${AMENT_PREFIX_PATH} CMAKE_PREFIX_PATH=/root/working/rodep_ros2/yano_ws/install/custom_interfaces:/opt/ros/humble LD_LIBRARY_PATH=/root/working/rodep_ros2/yano_ws/install/custom_interfaces/lib:${LD_LIBRARY_PATH} PYTHONPATH=/root/working/rodep_ros2/yano_ws/install/custom_interfaces/local/lib/python3.10/dist-packages:${PYTHONPATH} /usr/bin/cmake /root/working/rodep_ros2/yano_ws/src/driver -DCMAKE_INSTALL_PREFIX=/root/working/rodep_ros2/yano_ws/install/driver
[0.101s] -- The C compiler identification is GNU 11.4.0
[0.177s] -- The CXX compiler identification is GNU 11.4.0
[0.186s] -- Detecting C compiler ABI info
[0.276s] -- Detecting C compiler ABI info - done
[0.292s] -- Check for working C compiler: /usr/bin/cc - skipped
[0.292s] -- Detecting C compile features
[0.293s] -- Detecting C compile features - done
[0.297s] -- Detecting CXX compiler ABI info
[0.413s] -- Detecting CXX compiler ABI info - done
[0.429s] -- Check for working CXX compiler: /usr/bin/c++ - skipped
[0.430s] -- Detecting CXX compile features
[0.431s] -- Detecting CXX compile features - done
[0.438s] -- Found ament_cmake: 1.3.11 (/opt/ros/humble/share/ament_cmake/cmake)
[0.655s] -- Found Python3: /usr/bin/python3 (found version "3.10.12") found components: Interpreter 
[0.820s] -- Found rclcpp: 16.0.11 (/opt/ros/humble/share/rclcpp/cmake)
[0.923s] -- Found rosidl_generator_c: 3.1.6 (/opt/ros/humble/share/rosidl_generator_c/cmake)
[0.934s] -- Found rosidl_adapter: 3.1.6 (/opt/ros/humble/share/rosidl_adapter/cmake)
[0.950s] -- Found rosidl_generator_cpp: 3.1.6 (/opt/ros/humble/share/rosidl_generator_cpp/cmake)
[0.971s] -- Using all available rosidl_typesupport_c: rosidl_typesupport_fastrtps_c;rosidl_typesupport_introspection_c
[1.000s] -- Using all available rosidl_typesupport_cpp: rosidl_typesupport_fastrtps_cpp;rosidl_typesupport_introspection_cpp
[1.120s] -- Found rmw_implementation_cmake: 6.1.2 (/opt/ros/humble/share/rmw_implementation_cmake/cmake)
[1.129s] -- Found rmw_fastrtps_cpp: 6.2.7 (/opt/ros/humble/share/rmw_fastrtps_cpp/cmake)
[1.289s] -- Found OpenSSL: /usr/lib/x86_64-linux-gnu/libcrypto.so (found version "3.0.2")  
[1.331s] -- Found FastRTPS: /opt/ros/humble/include  
[1.395s] -- Using RMW implementation 'rmw_fastrtps_cpp' as default
[1.423s] -- Looking for pthread.h
[1.520s] -- Looking for pthread.h - found
[1.520s] -- Performing Test CMAKE_HAVE_LIBC_PTHREAD
[1.618s] -- Performing Test CMAKE_HAVE_LIBC_PTHREAD - Success
[1.619s] -- Found Threads: TRUE  
[1.732s] -- Found geometry_msgs: 4.2.4 (/opt/ros/humble/share/geometry_msgs/cmake)
[1.758s] -- Found custom_interfaces: 0.0.0 (/root/working/rodep_ros2/yano_ws/install/custom_interfaces/share/custom_interfaces/cmake)
[1.776s] -- Found ament_lint_auto: 0.12.11 (/opt/ros/humble/share/ament_lint_auto/cmake)
[1.934s] -- Added test 'cppcheck' to perform static code analysis on C / C++ code
[1.934s] -- Configured cppcheck include dirs: 
[1.934s] -- Configured cppcheck exclude dirs and/or files: 
[1.935s] -- Added test 'lint_cmake' to check CMake code style
[1.937s] -- Added test 'uncrustify' to check C / C++ code style
[1.937s] -- Configured uncrustify additional arguments: 
[1.938s] -- Added test 'xmllint' to check XML markup files
[1.940s] -- Configuring done
[1.955s] -- Generating done
[1.960s] -- Build files have been written to: /root/working/rodep_ros2/yano_ws/build/driver
[1.971s] Invoked command in '/root/working/rodep_ros2/yano_ws/build/driver' returned '0': AMENT_PREFIX_PATH=/root/working/rodep_ros2/yano_ws/install/custom_interfaces:${AMENT_PREFIX_PATH} CMAKE_PREFIX_PATH=/root/working/rodep_ros2/yano_ws/install/custom_interfaces:/opt/ros/humble LD_LIBRARY_PATH=/root/working/rodep_ros2/yano_ws/install/custom_interfaces/lib:${LD_LIBRARY_PATH} PYTHONPATH=/root/working/rodep_ros2/yano_ws/install/custom_interfaces/local/lib/python3.10/dist-packages:${PYTHONPATH} /usr/bin/cmake /root/working/rodep_ros2/yano_ws/src/driver -DCMAKE_INSTALL_PREFIX=/root/working/rodep_ros2/yano_ws/install/driver
[1.974s] Invoking command in '/root/working/rodep_ros2/yano_ws/build/driver': AMENT_PREFIX_PATH=/root/working/rodep_ros2/yano_ws/install/custom_interfaces:${AMENT_PREFIX_PATH} CMAKE_PREFIX_PATH=/root/working/rodep_ros2/yano_ws/install/custom_interfaces:/opt/ros/humble LD_LIBRARY_PATH=/root/working/rodep_ros2/yano_ws/install/custom_interfaces/lib:${LD_LIBRARY_PATH} PYTHONPATH=/root/working/rodep_ros2/yano_ws/install/custom_interfaces/local/lib/python3.10/dist-packages:${PYTHONPATH} /usr/bin/cmake --build /root/working/rodep_ros2/yano_ws/build/driver -- -j4 -l4
[2.043s] [ 50%] [32mBuilding CXX object CMakeFiles/driver_node.dir/src/driver.cpp.o[0m
[19.109s] [100%] [32m[1mLinking CXX executable driver_node[0m
[19.948s] [100%] Built target driver_node
[19.962s] Invoked command in '/root/working/rodep_ros2/yano_ws/build/driver' returned '0': AMENT_PREFIX_PATH=/root/working/rodep_ros2/yano_ws/install/custom_interfaces:${AMENT_PREFIX_PATH} CMAKE_PREFIX_PATH=/root/working/rodep_ros2/yano_ws/install/custom_interfaces:/opt/ros/humble LD_LIBRARY_PATH=/root/working/rodep_ros2/yano_ws/install/custom_interfaces/lib:${LD_LIBRARY_PATH} PYTHONPATH=/root/working/rodep_ros2/yano_ws/install/custom_interfaces/local/lib/python3.10/dist-packages:${PYTHONPATH} /usr/bin/cmake --build /root/working/rodep_ros2/yano_ws/build/driver -- -j4 -l4
[19.965s] Invoking command in '/root/working/rodep_ros2/yano_ws/build/driver': AMENT_PREFIX_PATH=/root/working/rodep_ros2/yano_ws/install/custom_interfaces:${AMENT_PREFIX_PATH} CMAKE_PREFIX_PATH=/root/working/rodep_ros2/yano_ws/install/custom_interfaces:/opt/ros/humble LD_LIBRARY_PATH=/root/working/rodep_ros2/yano_ws/install/custom_interfaces/lib:${LD_LIBRARY_PATH} PYTHONPATH=/root/working/rodep_ros2/yano_ws/install/custom_interfaces/local/lib/python3.10/dist-packages:${PYTHONPATH} /usr/bin/cmake --install /root/working/rodep_ros2/yano_ws/build/driver
[19.975s] -- Install configuration: ""
[19.975s] -- Installing: /root/working/rodep_ros2/yano_ws/install/driver/lib/driver/driver_node
[19.985s] -- Set runtime path of "/root/working/rodep_ros2/yano_ws/install/driver/lib/driver/driver_node" to ""
[19.985s] -- Installing: /root/working/rodep_ros2/yano_ws/install/driver/share/ament_index/resource_index/package_run_dependencies/driver
[19.986s] -- Installing: /root/working/rodep_ros2/yano_ws/install/driver/share/ament_index/resource_index/parent_prefix_path/driver
[19.986s] -- Installing: /root/working/rodep_ros2/yano_ws/install/driver/share/driver/environment/ament_prefix_path.sh
[19.986s] -- Installing: /root/working/rodep_ros2/yano_ws/install/driver/share/driver/environment/ament_prefix_path.dsv
[19.987s] -- Installing: /root/working/rodep_ros2/yano_ws/install/driver/share/driver/environment/path.sh
[19.987s] -- Installing: /root/working/rodep_ros2/yano_ws/install/driver/share/driver/environment/path.dsv
[19.987s] -- Installing: /root/working/rodep_ros2/yano_ws/install/driver/share/driver/local_setup.bash
[19.988s] -- Installing: /root/working/rodep_ros2/yano_ws/install/driver/share/driver/local_setup.sh
[19.988s] -- Installing: /root/working/rodep_ros2/yano_ws/install/driver/share/driver/local_setup.zsh
[19.988s] -- Installing: /root/working/rodep_ros2/yano_ws/install/driver/share/driver/local_setup.dsv
[19.988s] -- Installing: /root/working/rodep_ros2/yano_ws/install/driver/share/driver/package.dsv
[19.989s] -- Installing: /root/working/rodep_ros2/yano_ws/install/driver/share/ament_index/resource_index/packages/driver
[19.989s] -- Installing: /root/working/rodep_ros2/yano_ws/install/driver/share/driver/cmake/driverConfig.cmake
[19.989s] -- Installing: /root/working/rodep_ros2/yano_ws/install/driver/share/driver/cmake/driverConfig-version.cmake
[19.990s] -- Installing: /root/working/rodep_ros2/yano_ws/install/driver/share/driver/package.xml
[19.993s] Invoked command in '/root/working/rodep_ros2/yano_ws/build/driver' returned '0': AMENT_PREFIX_PATH=/root/working/rodep_ros2/yano_ws/install/custom_interfaces:${AMENT_PREFIX_PATH} CMAKE_PREFIX_PATH=/root/working/rodep_ros2/yano_ws/install/custom_interfaces:/opt/ros/humble LD_LIBRARY_PATH=/root/working/rodep_ros2/yano_ws/install/custom_interfaces/lib:${LD_LIBRARY_PATH} PYTHONPATH=/root/working/rodep_ros2/yano_ws/install/custom_interfaces/local/lib/python3.10/dist-packages:${PYTHONPATH} /usr/bin/cmake --install /root/working/rodep_ros2/yano_ws/build/driver
