[0.007s] Invoking command in '/root/test_ws/yano_ws/build/usb_camera': CMAKE_PREFIX_PATH=/opt/ros/humble /usr/bin/cmake --build /root/test_ws/yano_ws/build/usb_camera -- -j16 -l16
[0.036s] [35m[1mConsolidate compiler generated dependencies of target usb_camera[0m
[0.052s] [ 50%] [32mBuilding CXX object CMakeFiles/usb_camera.dir/src/usb_camera.cpp.o[0m
[2.957s] [100%] [32m[1mLinking CXX executable usb_camera[0m
[3.344s] [100%] Built target usb_camera
[3.350s] Invoked command in '/root/test_ws/yano_ws/build/usb_camera' returned '0': CMAKE_PREFIX_PATH=/opt/ros/humble /usr/bin/cmake --build /root/test_ws/yano_ws/build/usb_camera -- -j16 -l16
[3.355s] Invoking command in '/root/test_ws/yano_ws/build/usb_camera': CMAKE_PREFIX_PATH=/opt/ros/humble /usr/bin/cmake --install /root/test_ws/yano_ws/build/usb_camera
[3.359s] -- Install configuration: ""
[3.359s] -- Installing: /root/test_ws/yano_ws/install/usb_camera/lib/usb_camera/usb_camera
[3.359s] -- Set runtime path of "/root/test_ws/yano_ws/install/usb_camera/lib/usb_camera/usb_camera" to ""
[3.359s] -- Installing: /root/test_ws/yano_ws/install/usb_camera/share/ament_index/resource_index/package_run_dependencies/usb_camera
[3.359s] -- Installing: /root/test_ws/yano_ws/install/usb_camera/share/ament_index/resource_index/parent_prefix_path/usb_camera
[3.359s] -- Installing: /root/test_ws/yano_ws/install/usb_camera/share/usb_camera/environment/ament_prefix_path.sh
[3.359s] -- Installing: /root/test_ws/yano_ws/install/usb_camera/share/usb_camera/environment/ament_prefix_path.dsv
[3.360s] -- Installing: /root/test_ws/yano_ws/install/usb_camera/share/usb_camera/environment/path.sh
[3.360s] -- Installing: /root/test_ws/yano_ws/install/usb_camera/share/usb_camera/environment/path.dsv
[3.360s] -- Installing: /root/test_ws/yano_ws/install/usb_camera/share/usb_camera/local_setup.bash
[3.360s] -- Installing: /root/test_ws/yano_ws/install/usb_camera/share/usb_camera/local_setup.sh
[3.360s] -- Installing: /root/test_ws/yano_ws/install/usb_camera/share/usb_camera/local_setup.zsh
[3.360s] -- Installing: /root/test_ws/yano_ws/install/usb_camera/share/usb_camera/local_setup.dsv
[3.360s] -- Installing: /root/test_ws/yano_ws/install/usb_camera/share/usb_camera/package.dsv
[3.360s] -- Installing: /root/test_ws/yano_ws/install/usb_camera/share/ament_index/resource_index/packages/usb_camera
[3.360s] -- Installing: /root/test_ws/yano_ws/install/usb_camera/share/usb_camera/cmake/usb_cameraConfig.cmake
[3.360s] -- Installing: /root/test_ws/yano_ws/install/usb_camera/share/usb_camera/cmake/usb_cameraConfig-version.cmake
[3.360s] -- Installing: /root/test_ws/yano_ws/install/usb_camera/share/usb_camera/package.xml
[3.361s] Invoked command in '/root/test_ws/yano_ws/build/usb_camera' returned '0': CMAKE_PREFIX_PATH=/opt/ros/humble /usr/bin/cmake --install /root/test_ws/yano_ws/build/usb_camera
