[0.027s] Invoking command in '/root/working/test_ws/yano_ws/build/custom_interfaces': CMAKE_PREFIX_PATH=${CMAKE_PREFIX_PATH}:/opt/ros/humble /usr/bin/cmake --build /root/working/test_ws/yano_ws/build/custom_interfaces -- -j4 -l4
[0.066s] -- Found ament_cmake: 1.3.11 (/opt/ros/humble/share/ament_cmake/cmake)
[0.268s] -- Found rosidl_default_generators: 1.2.0 (/opt/ros/humble/share/rosidl_default_generators/cmake)
[0.275s] -- Using all available rosidl_typesupport_c: rosidl_typesupport_fastrtps_c;rosidl_typesupport_introspection_c
[0.282s] -- Found rosidl_adapter: 3.1.6 (/opt/ros/humble/share/rosidl_adapter/cmake)
[0.353s] -- Using all available rosidl_typesupport_cpp: rosidl_typesupport_fastrtps_cpp;rosidl_typesupport_introspection_cpp
[0.811s] -- Found ament_cmake_ros: 0.10.0 (/opt/ros/humble/share/ament_cmake_ros/cmake)
[1.077s] -- Using all available rosidl_typesupport_c: rosidl_typesupport_fastrtps_c;rosidl_typesupport_introspection_c
[1.454s] -- Using all available rosidl_typesupport_cpp: rosidl_typesupport_fastrtps_cpp;rosidl_typesupport_introspection_cpp
[1.483s] -- Found python_cmake_module: 0.10.0 (/opt/ros/humble/share/python_cmake_module/cmake)
[1.516s] -- Using PYTHON_EXECUTABLE: /usr/bin/python3
[1.516s] -- Using PYTHON_INCLUDE_DIRS: /usr/include/python3.10
[1.516s] -- Using PYTHON_LIBRARIES: /usr/lib/x86_64-linux-gnu/libpython3.10.so
[1.531s] -- Found ament_lint_auto: 0.12.11 (/opt/ros/humble/share/ament_lint_auto/cmake)
[1.547s] -- Added test 'lint_cmake' to check CMake code style
[1.548s] -- Added test 'xmllint' to check XML markup files
[1.551s] -- Configuring done
[1.595s] -- Generating done
[1.614s] -- Build files have been written to: /root/working/test_ws/yano_ws/build/custom_interfaces
[1.650s] [35m[1mConsolidate compiler generated dependencies of target custom_interfaces__rosidl_generator_c[0m
[1.672s] [  2%] [32mBuilding C object CMakeFiles/custom_interfaces__rosidl_generator_c.dir/rosidl_generator_c/custom_interfaces/msg/detail/driver_velocity__functions.c.o[0m
[1.673s] [  5%] Built target custom_interfaces__cpp
[1.681s] [  7%] [32mBuilding C object CMakeFiles/custom_interfaces__rosidl_generator_c.dir/rosidl_generator_c/custom_interfaces/srv/detail/set_mode__functions.c.o[0m
[1.690s] [  7%] Built target ament_cmake_python_copy_custom_interfaces
[1.715s] [35m[1mConsolidate compiler generated dependencies of target custom_interfaces__rosidl_typesupport_fastrtps_cpp[0m
[1.715s] [35m[1mConsolidate compiler generated dependencies of target custom_interfaces__rosidl_typesupport_introspection_cpp[0m
[1.742s] [ 10%] [32mBuilding CXX object CMakeFiles/custom_interfaces__rosidl_typesupport_fastrtps_cpp.dir/rosidl_typesupport_fastrtps_cpp/custom_interfaces/msg/detail/dds_fastrtps/driver_velocity__type_support.cpp.o[0m
[1.753s] [ 12%] [32mBuilding CXX object CMakeFiles/custom_interfaces__rosidl_typesupport_introspection_cpp.dir/rosidl_typesupport_introspection_cpp/custom_interfaces/msg/detail/driver_velocity__type_support.cpp.o[0m
[1.797s] [ 15%] [32mBuilding CXX object CMakeFiles/custom_interfaces__rosidl_typesupport_fastrtps_cpp.dir/rosidl_typesupport_fastrtps_cpp/custom_interfaces/srv/detail/dds_fastrtps/set_mode__type_support.cpp.o[0m
[1.819s] [ 17%] [32m[1mLinking C shared library libcustom_interfaces__rosidl_generator_c.so[0m
[1.960s] [ 20%] Built target custom_interfaces__rosidl_generator_c
[2.003s] [35m[1mConsolidate compiler generated dependencies of target custom_interfaces__rosidl_typesupport_cpp[0m
[2.057s] [ 23%] [32mBuilding CXX object CMakeFiles/custom_interfaces__rosidl_typesupport_cpp.dir/rosidl_typesupport_cpp/custom_interfaces/msg/driver_velocity__type_support.cpp.o[0m
[2.707s] [ 25%] [32mBuilding CXX object CMakeFiles/custom_interfaces__rosidl_typesupport_cpp.dir/rosidl_typesupport_cpp/custom_interfaces/srv/set_mode__type_support.cpp.o[0m
[2.784s] [ 28%] [32mBuilding CXX object CMakeFiles/custom_interfaces__rosidl_typesupport_introspection_cpp.dir/rosidl_typesupport_introspection_cpp/custom_interfaces/srv/detail/set_mode__type_support.cpp.o[0m
[2.810s] [ 30%] [32m[1mLinking CXX shared library libcustom_interfaces__rosidl_typesupport_fastrtps_cpp.so[0m
[2.886s] [35m[1mConsolidate compiler generated dependencies of target custom_interfaces__rosidl_typesupport_fastrtps_c[0m
[2.946s] [ 33%] [32mBuilding CXX object CMakeFiles/custom_interfaces__rosidl_typesupport_fastrtps_c.dir/rosidl_typesupport_fastrtps_c/custom_interfaces/msg/detail/driver_velocity__type_support_c.cpp.o[0m
[2.999s] [ 35%] Built target custom_interfaces__rosidl_typesupport_fastrtps_cpp
[3.034s] [ 38%] [32mBuilding CXX object CMakeFiles/custom_interfaces__rosidl_typesupport_fastrtps_c.dir/rosidl_typesupport_fastrtps_c/custom_interfaces/srv/detail/set_mode__type_support_c.cpp.o[0m
[3.428s] [ 41%] [32m[1mLinking CXX shared library libcustom_interfaces__rosidl_typesupport_cpp.so[0m
[3.536s] [ 43%] [32m[1mLinking CXX shared library libcustom_interfaces__rosidl_typesupport_introspection_cpp.so[0m
[3.572s] [ 46%] Built target custom_interfaces__rosidl_typesupport_cpp
[3.612s] [35m[1mConsolidate compiler generated dependencies of target custom_interfaces__rosidl_typesupport_introspection_c[0m
[3.666s] [ 48%] [32mBuilding C object CMakeFiles/custom_interfaces__rosidl_typesupport_introspection_c.dir/rosidl_typesupport_introspection_c/custom_interfaces/msg/detail/driver_velocity__type_support.c.o[0m
[3.751s] [ 51%] Built target custom_interfaces__rosidl_typesupport_introspection_cpp
[3.770s] [35m[1mConsolidate compiler generated dependencies of target custom_interfaces__rosidl_typesupport_c[0m
[3.776s] [ 53%] [32mBuilding C object CMakeFiles/custom_interfaces__rosidl_typesupport_introspection_c.dir/rosidl_typesupport_introspection_c/custom_interfaces/srv/detail/set_mode__type_support.c.o[0m
[3.802s] [ 56%] [32mBuilding CXX object CMakeFiles/custom_interfaces__rosidl_typesupport_c.dir/rosidl_typesupport_c/custom_interfaces/msg/driver_velocity__type_support.cpp.o[0m
[3.848s] [ 58%] [32mBuilding CXX object CMakeFiles/custom_interfaces__rosidl_typesupport_c.dir/rosidl_typesupport_c/custom_interfaces/srv/set_mode__type_support.cpp.o[0m
[3.884s] [ 61%] [32m[1mLinking C shared library libcustom_interfaces__rosidl_typesupport_introspection_c.so[0m
[3.937s] [ 64%] [32m[1mLinking CXX shared library libcustom_interfaces__rosidl_typesupport_c.so[0m
[3.982s] [ 66%] Built target custom_interfaces__rosidl_typesupport_introspection_c
[3.986s] [ 69%] [32m[1mLinking CXX shared library libcustom_interfaces__rosidl_typesupport_fastrtps_c.so[0m
[4.061s] [ 71%] Built target custom_interfaces__rosidl_typesupport_c
[4.140s] [ 74%] Built target custom_interfaces__rosidl_typesupport_fastrtps_c
[4.177s] [ 74%] Built target custom_interfaces
[4.216s] [ 76%] Built target custom_interfaces__py
[4.238s] [35m[1mConsolidate compiler generated dependencies of target custom_interfaces__rosidl_generator_py[0m
[4.263s] [ 79%] [32mBuilding C object CMakeFiles/custom_interfaces__rosidl_generator_py.dir/rosidl_generator_py/custom_interfaces/msg/_driver_velocity_s.c.o[0m
[4.264s] [ 82%] [32mBuilding C object CMakeFiles/custom_interfaces__rosidl_generator_py.dir/rosidl_generator_py/custom_interfaces/srv/_set_mode_s.c.o[0m
[4.343s] running egg_info
[4.345s] writing custom_interfaces.egg-info/PKG-INFO
[4.346s] writing dependency_links to custom_interfaces.egg-info/dependency_links.txt
[4.347s] writing top-level names to custom_interfaces.egg-info/top_level.txt
[4.354s] reading manifest file 'custom_interfaces.egg-info/SOURCES.txt'
[4.356s] writing manifest file 'custom_interfaces.egg-info/SOURCES.txt'
[4.408s] [ 82%] Built target ament_cmake_python_build_custom_interfaces_egg
[4.471s] [ 84%] [32m[1mLinking C shared library rosidl_generator_py/custom_interfaces/libcustom_interfaces__rosidl_generator_py.so[0m
[4.527s] [ 84%] Built target custom_interfaces__rosidl_generator_py
[4.548s] [35m[1mConsolidate compiler generated dependencies of target custom_interfaces__rosidl_typesupport_introspection_c__pyext[0m
[4.549s] [35m[1mConsolidate compiler generated dependencies of target custom_interfaces__rosidl_typesupport_fastrtps_c__pyext[0m
[4.549s] [35m[1mConsolidate compiler generated dependencies of target custom_interfaces__rosidl_typesupport_c__pyext[0m
[4.572s] [ 89%] [32mBuilding C object CMakeFiles/custom_interfaces__rosidl_typesupport_fastrtps_c__pyext.dir/rosidl_generator_py/custom_interfaces/_custom_interfaces_s.ep.rosidl_typesupport_fastrtps_c.c.o[0m
[4.572s] [ 89%] [32mBuilding C object CMakeFiles/custom_interfaces__rosidl_typesupport_introspection_c__pyext.dir/rosidl_generator_py/custom_interfaces/_custom_interfaces_s.ep.rosidl_typesupport_introspection_c.c.o[0m
[4.574s] [ 92%] [32mBuilding C object CMakeFiles/custom_interfaces__rosidl_typesupport_c__pyext.dir/rosidl_generator_py/custom_interfaces/_custom_interfaces_s.ep.rosidl_typesupport_c.c.o[0m
[4.780s] [ 94%] [32m[1mLinking C shared library rosidl_generator_py/custom_interfaces/custom_interfaces_s__rosidl_typesupport_c.cpython-310-x86_64-linux-gnu.so[0m
[4.786s] [ 97%] [32m[1mLinking C shared library rosidl_generator_py/custom_interfaces/custom_interfaces_s__rosidl_typesupport_introspection_c.cpython-310-x86_64-linux-gnu.so[0m
[4.788s] [100%] [32m[1mLinking C shared library rosidl_generator_py/custom_interfaces/custom_interfaces_s__rosidl_typesupport_fastrtps_c.cpython-310-x86_64-linux-gnu.so[0m
[4.858s] [100%] Built target custom_interfaces__rosidl_typesupport_c__pyext
[4.860s] [100%] Built target custom_interfaces__rosidl_typesupport_fastrtps_c__pyext
[4.869s] [100%] Built target custom_interfaces__rosidl_typesupport_introspection_c__pyext
[4.885s] Invoked command in '/root/working/test_ws/yano_ws/build/custom_interfaces' returned '0': CMAKE_PREFIX_PATH=${CMAKE_PREFIX_PATH}:/opt/ros/humble /usr/bin/cmake --build /root/working/test_ws/yano_ws/build/custom_interfaces -- -j4 -l4
[4.902s] Invoking command in '/root/working/test_ws/yano_ws/build/custom_interfaces': CMAKE_PREFIX_PATH=${CMAKE_PREFIX_PATH}:/opt/ros/humble /usr/bin/cmake --install /root/working/test_ws/yano_ws/build/custom_interfaces
[4.911s] -- Install configuration: ""
[4.911s] -- Up-to-date: /root/working/test_ws/yano_ws/install/custom_interfaces/share/ament_index/resource_index/rosidl_interfaces/custom_interfaces
[4.912s] -- Up-to-date: /root/working/test_ws/yano_ws/install/custom_interfaces/include/custom_interfaces/custom_interfaces
[4.912s] -- Up-to-date: /root/working/test_ws/yano_ws/install/custom_interfaces/include/custom_interfaces/custom_interfaces/srv
[4.912s] -- Up-to-date: /root/working/test_ws/yano_ws/install/custom_interfaces/include/custom_interfaces/custom_interfaces/srv/detail
[4.912s] -- Up-to-date: /root/working/test_ws/yano_ws/install/custom_interfaces/include/custom_interfaces/custom_interfaces/srv/detail/set_mode__struct.h
[4.912s] -- Up-to-date: /root/working/test_ws/yano_ws/install/custom_interfaces/include/custom_interfaces/custom_interfaces/srv/detail/set_mode__functions.h
[4.913s] -- Up-to-date: /root/working/test_ws/yano_ws/install/custom_interfaces/include/custom_interfaces/custom_interfaces/srv/detail/set_mode__functions.c
[4.913s] -- Up-to-date: /root/working/test_ws/yano_ws/install/custom_interfaces/include/custom_interfaces/custom_interfaces/srv/detail/set_mode__type_support.h
[4.913s] -- Up-to-date: /root/working/test_ws/yano_ws/install/custom_interfaces/include/custom_interfaces/custom_interfaces/srv/set_mode.h
[4.913s] -- Up-to-date: /root/working/test_ws/yano_ws/install/custom_interfaces/include/custom_interfaces/custom_interfaces/msg
[4.913s] -- Up-to-date: /root/working/test_ws/yano_ws/install/custom_interfaces/include/custom_interfaces/custom_interfaces/msg/rosidl_generator_c__visibility_control.h
[4.913s] -- Up-to-date: /root/working/test_ws/yano_ws/install/custom_interfaces/include/custom_interfaces/custom_interfaces/msg/detail
[4.914s] -- Up-to-date: /root/working/test_ws/yano_ws/install/custom_interfaces/include/custom_interfaces/custom_interfaces/msg/detail/driver_velocity__type_support.h
[4.914s] -- Up-to-date: /root/working/test_ws/yano_ws/install/custom_interfaces/include/custom_interfaces/custom_interfaces/msg/detail/driver_velocity__functions.h
[4.914s] -- Up-to-date: /root/working/test_ws/yano_ws/install/custom_interfaces/include/custom_interfaces/custom_interfaces/msg/detail/driver_velocity__functions.c
[4.914s] -- Up-to-date: /root/working/test_ws/yano_ws/install/custom_interfaces/include/custom_interfaces/custom_interfaces/msg/detail/driver_velocity__struct.h
[4.914s] -- Up-to-date: /root/working/test_ws/yano_ws/install/custom_interfaces/include/custom_interfaces/custom_interfaces/msg/driver_velocity.h
[4.915s] -- Installing: /root/working/test_ws/yano_ws/install/custom_interfaces/share/custom_interfaces/environment/library_path.sh
[4.915s] -- Installing: /root/working/test_ws/yano_ws/install/custom_interfaces/share/custom_interfaces/environment/library_path.dsv
[4.915s] -- Installing: /root/working/test_ws/yano_ws/install/custom_interfaces/lib/libcustom_interfaces__rosidl_generator_c.so
[4.915s] -- Set runtime path of "/root/working/test_ws/yano_ws/install/custom_interfaces/lib/libcustom_interfaces__rosidl_generator_c.so" to ""
[4.915s] -- Up-to-date: /root/working/test_ws/yano_ws/install/custom_interfaces/include/custom_interfaces/custom_interfaces
[4.916s] -- Up-to-date: /root/working/test_ws/yano_ws/install/custom_interfaces/include/custom_interfaces/custom_interfaces/srv
[4.916s] -- Up-to-date: /root/working/test_ws/yano_ws/install/custom_interfaces/include/custom_interfaces/custom_interfaces/srv/detail
[4.916s] -- Up-to-date: /root/working/test_ws/yano_ws/install/custom_interfaces/include/custom_interfaces/custom_interfaces/srv/detail/set_mode__rosidl_typesupport_fastrtps_c.h
[4.916s] -- Up-to-date: /root/working/test_ws/yano_ws/install/custom_interfaces/include/custom_interfaces/custom_interfaces/msg
[4.916s] -- Up-to-date: /root/working/test_ws/yano_ws/install/custom_interfaces/include/custom_interfaces/custom_interfaces/msg/rosidl_typesupport_fastrtps_c__visibility_control.h
[4.916s] -- Up-to-date: /root/working/test_ws/yano_ws/install/custom_interfaces/include/custom_interfaces/custom_interfaces/msg/detail
[4.917s] -- Up-to-date: /root/working/test_ws/yano_ws/install/custom_interfaces/include/custom_interfaces/custom_interfaces/msg/detail/driver_velocity__rosidl_typesupport_fastrtps_c.h
[4.917s] -- Installing: /root/working/test_ws/yano_ws/install/custom_interfaces/lib/libcustom_interfaces__rosidl_typesupport_fastrtps_c.so
[4.917s] -- Set runtime path of "/root/working/test_ws/yano_ws/install/custom_interfaces/lib/libcustom_interfaces__rosidl_typesupport_fastrtps_c.so" to ""
[4.917s] -- Up-to-date: /root/working/test_ws/yano_ws/install/custom_interfaces/include/custom_interfaces/custom_interfaces
[4.917s] -- Up-to-date: /root/working/test_ws/yano_ws/install/custom_interfaces/include/custom_interfaces/custom_interfaces/srv
[4.918s] -- Up-to-date: /root/working/test_ws/yano_ws/install/custom_interfaces/include/custom_interfaces/custom_interfaces/srv/detail
[4.918s] -- Up-to-date: /root/working/test_ws/yano_ws/install/custom_interfaces/include/custom_interfaces/custom_interfaces/srv/detail/set_mode__type_support.c
[4.918s] -- Up-to-date: /root/working/test_ws/yano_ws/install/custom_interfaces/include/custom_interfaces/custom_interfaces/srv/detail/set_mode__rosidl_typesupport_introspection_c.h
[4.918s] -- Up-to-date: /root/working/test_ws/yano_ws/install/custom_interfaces/include/custom_interfaces/custom_interfaces/msg
[4.918s] -- Up-to-date: /root/working/test_ws/yano_ws/install/custom_interfaces/include/custom_interfaces/custom_interfaces/msg/detail
[4.918s] -- Up-to-date: /root/working/test_ws/yano_ws/install/custom_interfaces/include/custom_interfaces/custom_interfaces/msg/detail/driver_velocity__type_support.c
[4.919s] -- Up-to-date: /root/working/test_ws/yano_ws/install/custom_interfaces/include/custom_interfaces/custom_interfaces/msg/detail/driver_velocity__rosidl_typesupport_introspection_c.h
[4.919s] -- Up-to-date: /root/working/test_ws/yano_ws/install/custom_interfaces/include/custom_interfaces/custom_interfaces/msg/rosidl_typesupport_introspection_c__visibility_control.h
[4.919s] -- Installing: /root/working/test_ws/yano_ws/install/custom_interfaces/lib/libcustom_interfaces__rosidl_typesupport_introspection_c.so
[4.919s] -- Set runtime path of "/root/working/test_ws/yano_ws/install/custom_interfaces/lib/libcustom_interfaces__rosidl_typesupport_introspection_c.so" to ""
[4.919s] -- Installing: /root/working/test_ws/yano_ws/install/custom_interfaces/lib/libcustom_interfaces__rosidl_typesupport_c.so
[4.920s] -- Set runtime path of "/root/working/test_ws/yano_ws/install/custom_interfaces/lib/libcustom_interfaces__rosidl_typesupport_c.so" to ""
[4.920s] -- Up-to-date: /root/working/test_ws/yano_ws/install/custom_interfaces/include/custom_interfaces/custom_interfaces
[4.920s] -- Up-to-date: /root/working/test_ws/yano_ws/install/custom_interfaces/include/custom_interfaces/custom_interfaces/srv
[4.921s] -- Up-to-date: /root/working/test_ws/yano_ws/install/custom_interfaces/include/custom_interfaces/custom_interfaces/srv/detail
[4.921s] -- Up-to-date: /root/working/test_ws/yano_ws/install/custom_interfaces/include/custom_interfaces/custom_interfaces/srv/detail/set_mode__builder.hpp
[4.921s] -- Up-to-date: /root/working/test_ws/yano_ws/install/custom_interfaces/include/custom_interfaces/custom_interfaces/srv/detail/set_mode__traits.hpp
[4.921s] -- Up-to-date: /root/working/test_ws/yano_ws/install/custom_interfaces/include/custom_interfaces/custom_interfaces/srv/detail/set_mode__struct.hpp
[4.921s] -- Up-to-date: /root/working/test_ws/yano_ws/install/custom_interfaces/include/custom_interfaces/custom_interfaces/srv/detail/set_mode__type_support.hpp
[4.922s] -- Up-to-date: /root/working/test_ws/yano_ws/install/custom_interfaces/include/custom_interfaces/custom_interfaces/srv/set_mode.hpp
[4.922s] -- Up-to-date: /root/working/test_ws/yano_ws/install/custom_interfaces/include/custom_interfaces/custom_interfaces/msg
[4.922s] -- Up-to-date: /root/working/test_ws/yano_ws/install/custom_interfaces/include/custom_interfaces/custom_interfaces/msg/rosidl_generator_cpp__visibility_control.hpp
[4.922s] -- Up-to-date: /root/working/test_ws/yano_ws/install/custom_interfaces/include/custom_interfaces/custom_interfaces/msg/driver_velocity.hpp
[4.923s] -- Up-to-date: /root/working/test_ws/yano_ws/install/custom_interfaces/include/custom_interfaces/custom_interfaces/msg/detail
[4.923s] -- Up-to-date: /root/working/test_ws/yano_ws/install/custom_interfaces/include/custom_interfaces/custom_interfaces/msg/detail/driver_velocity__struct.hpp
[4.923s] -- Up-to-date: /root/working/test_ws/yano_ws/install/custom_interfaces/include/custom_interfaces/custom_interfaces/msg/detail/driver_velocity__type_support.hpp
[4.923s] -- Up-to-date: /root/working/test_ws/yano_ws/install/custom_interfaces/include/custom_interfaces/custom_interfaces/msg/detail/driver_velocity__builder.hpp
[4.923s] -- Up-to-date: /root/working/test_ws/yano_ws/install/custom_interfaces/include/custom_interfaces/custom_interfaces/msg/detail/driver_velocity__traits.hpp
[4.923s] -- Up-to-date: /root/working/test_ws/yano_ws/install/custom_interfaces/include/custom_interfaces/custom_interfaces
[4.923s] -- Up-to-date: /root/working/test_ws/yano_ws/install/custom_interfaces/include/custom_interfaces/custom_interfaces/srv
[4.924s] -- Up-to-date: /root/working/test_ws/yano_ws/install/custom_interfaces/include/custom_interfaces/custom_interfaces/srv/detail
[4.924s] -- Installing: /root/working/test_ws/yano_ws/install/custom_interfaces/include/custom_interfaces/custom_interfaces/srv/detail/dds_fastrtps
[4.924s] -- Up-to-date: /root/working/test_ws/yano_ws/install/custom_interfaces/include/custom_interfaces/custom_interfaces/srv/detail/set_mode__rosidl_typesupport_fastrtps_cpp.hpp
[4.924s] -- Up-to-date: /root/working/test_ws/yano_ws/install/custom_interfaces/include/custom_interfaces/custom_interfaces/msg
[4.924s] -- Up-to-date: /root/working/test_ws/yano_ws/install/custom_interfaces/include/custom_interfaces/custom_interfaces/msg/detail
[4.924s] -- Up-to-date: /root/working/test_ws/yano_ws/install/custom_interfaces/include/custom_interfaces/custom_interfaces/msg/detail/driver_velocity__rosidl_typesupport_fastrtps_cpp.hpp
[4.925s] -- Installing: /root/working/test_ws/yano_ws/install/custom_interfaces/include/custom_interfaces/custom_interfaces/msg/detail/dds_fastrtps
[4.925s] -- Up-to-date: /root/working/test_ws/yano_ws/install/custom_interfaces/include/custom_interfaces/custom_interfaces/msg/rosidl_typesupport_fastrtps_cpp__visibility_control.h
[4.925s] -- Installing: /root/working/test_ws/yano_ws/install/custom_interfaces/lib/libcustom_interfaces__rosidl_typesupport_fastrtps_cpp.so
[4.925s] -- Set runtime path of "/root/working/test_ws/yano_ws/install/custom_interfaces/lib/libcustom_interfaces__rosidl_typesupport_fastrtps_cpp.so" to ""
[4.925s] -- Up-to-date: /root/working/test_ws/yano_ws/install/custom_interfaces/include/custom_interfaces/custom_interfaces
[4.925s] -- Up-to-date: /root/working/test_ws/yano_ws/install/custom_interfaces/include/custom_interfaces/custom_interfaces/srv
[4.926s] -- Up-to-date: /root/working/test_ws/yano_ws/install/custom_interfaces/include/custom_interfaces/custom_interfaces/srv/detail
[4.926s] -- Up-to-date: /root/working/test_ws/yano_ws/install/custom_interfaces/include/custom_interfaces/custom_interfaces/srv/detail/set_mode__type_support.cpp
[4.926s] -- Up-to-date: /root/working/test_ws/yano_ws/install/custom_interfaces/include/custom_interfaces/custom_interfaces/srv/detail/set_mode__rosidl_typesupport_introspection_cpp.hpp
[4.926s] -- Up-to-date: /root/working/test_ws/yano_ws/install/custom_interfaces/include/custom_interfaces/custom_interfaces/msg
[4.926s] -- Up-to-date: /root/working/test_ws/yano_ws/install/custom_interfaces/include/custom_interfaces/custom_interfaces/msg/detail
[4.926s] -- Up-to-date: /root/working/test_ws/yano_ws/install/custom_interfaces/include/custom_interfaces/custom_interfaces/msg/detail/driver_velocity__rosidl_typesupport_introspection_cpp.hpp
[4.926s] -- Up-to-date: /root/working/test_ws/yano_ws/install/custom_interfaces/include/custom_interfaces/custom_interfaces/msg/detail/driver_velocity__type_support.cpp
[4.926s] -- Installing: /root/working/test_ws/yano_ws/install/custom_interfaces/lib/libcustom_interfaces__rosidl_typesupport_introspection_cpp.so
[4.927s] -- Set runtime path of "/root/working/test_ws/yano_ws/install/custom_interfaces/lib/libcustom_interfaces__rosidl_typesupport_introspection_cpp.so" to ""
[4.927s] -- Installing: /root/working/test_ws/yano_ws/install/custom_interfaces/lib/libcustom_interfaces__rosidl_typesupport_cpp.so
[4.928s] -- Set runtime path of "/root/working/test_ws/yano_ws/install/custom_interfaces/lib/libcustom_interfaces__rosidl_typesupport_cpp.so" to ""
[4.928s] -- Up-to-date: /root/working/test_ws/yano_ws/install/custom_interfaces/share/custom_interfaces/environment/pythonpath.sh
[4.929s] -- Installing: /root/working/test_ws/yano_ws/install/custom_interfaces/share/custom_interfaces/environment/pythonpath.dsv
[4.929s] -- Up-to-date: /root/working/test_ws/yano_ws/install/custom_interfaces/local/lib/python3.10/dist-packages/custom_interfaces-0.0.0-py3.10.egg-info
[4.929s] -- Installing: /root/working/test_ws/yano_ws/install/custom_interfaces/local/lib/python3.10/dist-packages/custom_interfaces-0.0.0-py3.10.egg-info/SOURCES.txt
[4.929s] -- Installing: /root/working/test_ws/yano_ws/install/custom_interfaces/local/lib/python3.10/dist-packages/custom_interfaces-0.0.0-py3.10.egg-info/top_level.txt
[4.930s] -- Installing: /root/working/test_ws/yano_ws/install/custom_interfaces/local/lib/python3.10/dist-packages/custom_interfaces-0.0.0-py3.10.egg-info/PKG-INFO
[4.930s] -- Installing: /root/working/test_ws/yano_ws/install/custom_interfaces/local/lib/python3.10/dist-packages/custom_interfaces-0.0.0-py3.10.egg-info/dependency_links.txt
[4.930s] -- Up-to-date: /root/working/test_ws/yano_ws/install/custom_interfaces/local/lib/python3.10/dist-packages/custom_interfaces
[4.931s] -- Up-to-date: /root/working/test_ws/yano_ws/install/custom_interfaces/local/lib/python3.10/dist-packages/custom_interfaces/_custom_interfaces_s.ep.rosidl_typesupport_fastrtps_c.c
[4.931s] -- Installing: /root/working/test_ws/yano_ws/install/custom_interfaces/local/lib/python3.10/dist-packages/custom_interfaces/custom_interfaces_s__rosidl_typesupport_introspection_c.cpython-310-x86_64-linux-gnu.so
[4.931s] -- Up-to-date: /root/working/test_ws/yano_ws/install/custom_interfaces/local/lib/python3.10/dist-packages/custom_interfaces/srv
[4.931s] -- Up-to-date: /root/working/test_ws/yano_ws/install/custom_interfaces/local/lib/python3.10/dist-packages/custom_interfaces/srv/_set_mode.py
[4.931s] -- Up-to-date: /root/working/test_ws/yano_ws/install/custom_interfaces/local/lib/python3.10/dist-packages/custom_interfaces/srv/__init__.py
[4.931s] -- Up-to-date: /root/working/test_ws/yano_ws/install/custom_interfaces/local/lib/python3.10/dist-packages/custom_interfaces/srv/_set_mode_s.c
[4.932s] -- Installing: /root/working/test_ws/yano_ws/install/custom_interfaces/local/lib/python3.10/dist-packages/custom_interfaces/custom_interfaces_s__rosidl_typesupport_c.cpython-310-x86_64-linux-gnu.so
[4.932s] -- Installing: /root/working/test_ws/yano_ws/install/custom_interfaces/local/lib/python3.10/dist-packages/custom_interfaces/custom_interfaces_s__rosidl_typesupport_fastrtps_c.cpython-310-x86_64-linux-gnu.so
[4.932s] -- Up-to-date: /root/working/test_ws/yano_ws/install/custom_interfaces/local/lib/python3.10/dist-packages/custom_interfaces/msg
[4.933s] -- Up-to-date: /root/working/test_ws/yano_ws/install/custom_interfaces/local/lib/python3.10/dist-packages/custom_interfaces/msg/_driver_velocity_s.c
[4.933s] -- Up-to-date: /root/working/test_ws/yano_ws/install/custom_interfaces/local/lib/python3.10/dist-packages/custom_interfaces/msg/_driver_velocity.py
[4.933s] -- Up-to-date: /root/working/test_ws/yano_ws/install/custom_interfaces/local/lib/python3.10/dist-packages/custom_interfaces/msg/__init__.py
[4.933s] -- Installing: /root/working/test_ws/yano_ws/install/custom_interfaces/local/lib/python3.10/dist-packages/custom_interfaces/__init__.py
[4.933s] -- Up-to-date: /root/working/test_ws/yano_ws/install/custom_interfaces/local/lib/python3.10/dist-packages/custom_interfaces/_custom_interfaces_s.ep.rosidl_typesupport_introspection_c.c
[4.934s] -- Up-to-date: /root/working/test_ws/yano_ws/install/custom_interfaces/local/lib/python3.10/dist-packages/custom_interfaces/_custom_interfaces_s.ep.rosidl_typesupport_c.c
[4.934s] -- Installing: /root/working/test_ws/yano_ws/install/custom_interfaces/local/lib/python3.10/dist-packages/custom_interfaces/libcustom_interfaces__rosidl_generator_py.so
[4.982s] Listing '/root/working/test_ws/yano_ws/install/custom_interfaces/local/lib/python3.10/dist-packages/custom_interfaces'...
[4.982s] Compiling '/root/working/test_ws/yano_ws/install/custom_interfaces/local/lib/python3.10/dist-packages/custom_interfaces/__init__.py'...
[4.982s] Listing '/root/working/test_ws/yano_ws/install/custom_interfaces/local/lib/python3.10/dist-packages/custom_interfaces/msg'...
[4.982s] Compiling '/root/working/test_ws/yano_ws/install/custom_interfaces/local/lib/python3.10/dist-packages/custom_interfaces/msg/__init__.py'...
[4.983s] Compiling '/root/working/test_ws/yano_ws/install/custom_interfaces/local/lib/python3.10/dist-packages/custom_interfaces/msg/_driver_velocity.py'...
[4.983s] Listing '/root/working/test_ws/yano_ws/install/custom_interfaces/local/lib/python3.10/dist-packages/custom_interfaces/srv'...
[4.983s] Compiling '/root/working/test_ws/yano_ws/install/custom_interfaces/local/lib/python3.10/dist-packages/custom_interfaces/srv/__init__.py'...
[4.983s] Compiling '/root/working/test_ws/yano_ws/install/custom_interfaces/local/lib/python3.10/dist-packages/custom_interfaces/srv/_set_mode.py'...
[4.989s] -- Installing: /root/working/test_ws/yano_ws/install/custom_interfaces/local/lib/python3.10/dist-packages/custom_interfaces/custom_interfaces_s__rosidl_typesupport_fastrtps_c.cpython-310-x86_64-linux-gnu.so
[4.990s] -- Set runtime path of "/root/working/test_ws/yano_ws/install/custom_interfaces/local/lib/python3.10/dist-packages/custom_interfaces/custom_interfaces_s__rosidl_typesupport_fastrtps_c.cpython-310-x86_64-linux-gnu.so" to ""
[4.991s] -- Installing: /root/working/test_ws/yano_ws/install/custom_interfaces/local/lib/python3.10/dist-packages/custom_interfaces/custom_interfaces_s__rosidl_typesupport_introspection_c.cpython-310-x86_64-linux-gnu.so
[4.991s] -- Set runtime path of "/root/working/test_ws/yano_ws/install/custom_interfaces/local/lib/python3.10/dist-packages/custom_interfaces/custom_interfaces_s__rosidl_typesupport_introspection_c.cpython-310-x86_64-linux-gnu.so" to ""
[4.992s] -- Installing: /root/working/test_ws/yano_ws/install/custom_interfaces/local/lib/python3.10/dist-packages/custom_interfaces/custom_interfaces_s__rosidl_typesupport_c.cpython-310-x86_64-linux-gnu.so
[4.992s] -- Set runtime path of "/root/working/test_ws/yano_ws/install/custom_interfaces/local/lib/python3.10/dist-packages/custom_interfaces/custom_interfaces_s__rosidl_typesupport_c.cpython-310-x86_64-linux-gnu.so" to ""
[4.993s] -- Installing: /root/working/test_ws/yano_ws/install/custom_interfaces/lib/libcustom_interfaces__rosidl_generator_py.so
[4.993s] -- Set runtime path of "/root/working/test_ws/yano_ws/install/custom_interfaces/lib/libcustom_interfaces__rosidl_generator_py.so" to ""
[4.994s] -- Up-to-date: /root/working/test_ws/yano_ws/install/custom_interfaces/share/custom_interfaces/msg/DriverVelocity.idl
[4.994s] -- Up-to-date: /root/working/test_ws/yano_ws/install/custom_interfaces/share/custom_interfaces/srv/SetMode.idl
[4.994s] -- Up-to-date: /root/working/test_ws/yano_ws/install/custom_interfaces/share/custom_interfaces/msg/DriverVelocity.msg
[4.994s] -- Up-to-date: /root/working/test_ws/yano_ws/install/custom_interfaces/share/custom_interfaces/srv/SetMode.srv
[4.994s] -- Up-to-date: /root/working/test_ws/yano_ws/install/custom_interfaces/share/custom_interfaces/srv/SetMode_Request.msg
[4.994s] -- Up-to-date: /root/working/test_ws/yano_ws/install/custom_interfaces/share/custom_interfaces/srv/SetMode_Response.msg
[4.994s] -- Up-to-date: /root/working/test_ws/yano_ws/install/custom_interfaces/share/custom_interfaces/msg
[4.995s] -- Up-to-date: /root/working/test_ws/yano_ws/install/custom_interfaces/share/custom_interfaces/msg/DriverVelocity.msg
[4.995s] -- Up-to-date: /root/working/test_ws/yano_ws/install/custom_interfaces/share/ament_index/resource_index/package_run_dependencies/custom_interfaces
[4.995s] -- Installing: /root/working/test_ws/yano_ws/install/custom_interfaces/share/ament_index/resource_index/parent_prefix_path/custom_interfaces
[4.995s] -- Installing: /root/working/test_ws/yano_ws/install/custom_interfaces/share/custom_interfaces/environment/ament_prefix_path.sh
[4.995s] -- Installing: /root/working/test_ws/yano_ws/install/custom_interfaces/share/custom_interfaces/environment/ament_prefix_path.dsv
[4.996s] -- Installing: /root/working/test_ws/yano_ws/install/custom_interfaces/share/custom_interfaces/environment/path.sh
[4.996s] -- Installing: /root/working/test_ws/yano_ws/install/custom_interfaces/share/custom_interfaces/environment/path.dsv
[4.996s] -- Up-to-date: /root/working/test_ws/yano_ws/install/custom_interfaces/share/custom_interfaces/local_setup.bash
[4.996s] -- Up-to-date: /root/working/test_ws/yano_ws/install/custom_interfaces/share/custom_interfaces/local_setup.sh
[4.996s] -- Up-to-date: /root/working/test_ws/yano_ws/install/custom_interfaces/share/custom_interfaces/local_setup.zsh
[4.997s] -- Installing: /root/working/test_ws/yano_ws/install/custom_interfaces/share/custom_interfaces/local_setup.dsv
[4.997s] -- Installing: /root/working/test_ws/yano_ws/install/custom_interfaces/share/custom_interfaces/package.dsv
[4.997s] -- Up-to-date: /root/working/test_ws/yano_ws/install/custom_interfaces/share/ament_index/resource_index/packages/custom_interfaces
[4.997s] -- Up-to-date: /root/working/test_ws/yano_ws/install/custom_interfaces/share/custom_interfaces/cmake/export_custom_interfaces__rosidl_generator_cExport.cmake
[4.997s] -- Up-to-date: /root/working/test_ws/yano_ws/install/custom_interfaces/share/custom_interfaces/cmake/export_custom_interfaces__rosidl_generator_cExport-noconfig.cmake
[4.997s] -- Up-to-date: /root/working/test_ws/yano_ws/install/custom_interfaces/share/custom_interfaces/cmake/export_custom_interfaces__rosidl_typesupport_fastrtps_cExport.cmake
[4.997s] -- Up-to-date: /root/working/test_ws/yano_ws/install/custom_interfaces/share/custom_interfaces/cmake/export_custom_interfaces__rosidl_typesupport_fastrtps_cExport-noconfig.cmake
[4.998s] -- Up-to-date: /root/working/test_ws/yano_ws/install/custom_interfaces/share/custom_interfaces/cmake/custom_interfaces__rosidl_typesupport_introspection_cExport.cmake
[4.998s] -- Up-to-date: /root/working/test_ws/yano_ws/install/custom_interfaces/share/custom_interfaces/cmake/custom_interfaces__rosidl_typesupport_introspection_cExport-noconfig.cmake
[4.998s] -- Up-to-date: /root/working/test_ws/yano_ws/install/custom_interfaces/share/custom_interfaces/cmake/custom_interfaces__rosidl_typesupport_cExport.cmake
[4.998s] -- Up-to-date: /root/working/test_ws/yano_ws/install/custom_interfaces/share/custom_interfaces/cmake/custom_interfaces__rosidl_typesupport_cExport-noconfig.cmake
[4.998s] -- Up-to-date: /root/working/test_ws/yano_ws/install/custom_interfaces/share/custom_interfaces/cmake/export_custom_interfaces__rosidl_generator_cppExport.cmake
[4.999s] -- Up-to-date: /root/working/test_ws/yano_ws/install/custom_interfaces/share/custom_interfaces/cmake/export_custom_interfaces__rosidl_typesupport_fastrtps_cppExport.cmake
[4.999s] -- Up-to-date: /root/working/test_ws/yano_ws/install/custom_interfaces/share/custom_interfaces/cmake/export_custom_interfaces__rosidl_typesupport_fastrtps_cppExport-noconfig.cmake
[4.999s] -- Up-to-date: /root/working/test_ws/yano_ws/install/custom_interfaces/share/custom_interfaces/cmake/custom_interfaces__rosidl_typesupport_introspection_cppExport.cmake
[4.999s] -- Up-to-date: /root/working/test_ws/yano_ws/install/custom_interfaces/share/custom_interfaces/cmake/custom_interfaces__rosidl_typesupport_introspection_cppExport-noconfig.cmake
[4.999s] -- Up-to-date: /root/working/test_ws/yano_ws/install/custom_interfaces/share/custom_interfaces/cmake/custom_interfaces__rosidl_typesupport_cppExport.cmake
[4.999s] -- Up-to-date: /root/working/test_ws/yano_ws/install/custom_interfaces/share/custom_interfaces/cmake/custom_interfaces__rosidl_typesupport_cppExport-noconfig.cmake
[4.999s] -- Up-to-date: /root/working/test_ws/yano_ws/install/custom_interfaces/share/custom_interfaces/cmake/export_custom_interfaces__rosidl_generator_pyExport.cmake
[5.000s] -- Up-to-date: /root/working/test_ws/yano_ws/install/custom_interfaces/share/custom_interfaces/cmake/export_custom_interfaces__rosidl_generator_pyExport-noconfig.cmake
[5.000s] -- Up-to-date: /root/working/test_ws/yano_ws/install/custom_interfaces/share/custom_interfaces/cmake/rosidl_cmake-extras.cmake
[5.000s] -- Up-to-date: /root/working/test_ws/yano_ws/install/custom_interfaces/share/custom_interfaces/cmake/ament_cmake_export_include_directories-extras.cmake
[5.000s] -- Up-to-date: /root/working/test_ws/yano_ws/install/custom_interfaces/share/custom_interfaces/cmake/ament_cmake_export_libraries-extras.cmake
[5.000s] -- Up-to-date: /root/working/test_ws/yano_ws/install/custom_interfaces/share/custom_interfaces/cmake/ament_cmake_export_targets-extras.cmake
[5.000s] -- Up-to-date: /root/working/test_ws/yano_ws/install/custom_interfaces/share/custom_interfaces/cmake/rosidl_cmake_export_typesupport_targets-extras.cmake
[5.000s] -- Up-to-date: /root/working/test_ws/yano_ws/install/custom_interfaces/share/custom_interfaces/cmake/ament_cmake_export_dependencies-extras.cmake
[5.000s] -- Up-to-date: /root/working/test_ws/yano_ws/install/custom_interfaces/share/custom_interfaces/cmake/rosidl_cmake_export_typesupport_libraries-extras.cmake
[5.000s] -- Up-to-date: /root/working/test_ws/yano_ws/install/custom_interfaces/share/custom_interfaces/cmake/custom_interfacesConfig.cmake
[5.001s] -- Up-to-date: /root/working/test_ws/yano_ws/install/custom_interfaces/share/custom_interfaces/cmake/custom_interfacesConfig-version.cmake
[5.001s] -- Up-to-date: /root/working/test_ws/yano_ws/install/custom_interfaces/share/custom_interfaces/package.xml
[5.002s] Invoked command in '/root/working/test_ws/yano_ws/build/custom_interfaces' returned '0': CMAKE_PREFIX_PATH=${CMAKE_PREFIX_PATH}:/opt/ros/humble /usr/bin/cmake --install /root/working/test_ws/yano_ws/build/custom_interfaces
