[0.147s] DEBUG:colcon:Command line arguments: ['/usr/bin/colcon', 'build']
[0.147s] DEBUG:colcon:Parsed command line arguments: Namespace(log_base=None, log_level=None, verb_name='build', build_base='build', install_base='install', merge_install=False, symlink_install=False, test_result_base=None, continue_on_error=False, executor='parallel', parallel_workers=4, event_handlers=None, ignore_user_meta=False, metas=['./colcon.meta'], base_paths=['.'], packages_ignore=None, packages_ignore_regex=None, paths=None, packages_up_to=None, packages_up_to_regex=None, packages_above=None, packages_above_and_dependencies=None, packages_above_depth=None, packages_select_by_dep=None, packages_skip_by_dep=None, packages_skip_up_to=None, packages_select_build_failed=False, packages_skip_build_finished=False, packages_select_test_failures=False, packages_skip_test_passed=False, packages_select=None, packages_skip=None, packages_select_regex=None, packages_skip_regex=None, packages_start=None, packages_end=None, cmake_args=None, cmake_target=None, cmake_target_skip_unavailable=False, cmake_clean_cache=False, cmake_clean_first=False, cmake_force_configure=False, ament_cmake_args=None, catkin_cmake_args=None, catkin_skip_building_tests=False, mixin_files=None, mixin=None, verb_parser=<colcon_mixin.mixin.mixin_argument.MixinArgumentDecorator object at 0x7eab8e7ae8f0>, verb_extension=<colcon_core.verb.build.BuildVerb object at 0x7eab8e89b8b0>, main=<bound method BuildVerb.main of <colcon_core.verb.build.BuildVerb object at 0x7eab8e89b8b0>>, mixin_verb=('build',))
[0.325s] Level 1:colcon.colcon_core.package_discovery:discover_packages(colcon_meta) check parameters
[0.326s] INFO:colcon.colcon_metadata.package_discovery.colcon_meta:Using configuration from '/root/.colcon/metadata/default/Gazebo.meta'
[0.326s] INFO:colcon.colcon_metadata.package_discovery.colcon_meta:Using configuration from '/root/.colcon/metadata/default/fastrtps.meta'
[0.327s] Level 1:colcon.colcon_core.package_discovery:discover_packages(recursive) check parameters
[0.327s] Level 1:colcon.colcon_core.package_discovery:discover_packages(ignore) check parameters
[0.327s] Level 1:colcon.colcon_core.package_discovery:discover_packages(path) check parameters
[0.327s] Level 1:colcon.colcon_core.package_discovery:discover_packages(colcon_meta) discover
[0.327s] Level 1:colcon.colcon_core.package_discovery:discover_packages(recursive) discover
[0.327s] INFO:colcon.colcon_core.package_discovery:Crawling recursively for packages in '/root/working/rodep_ros2/yano_ws'
[0.327s] Level 1:colcon.colcon_core.package_identification:_identify(.) by extensions ['ignore', 'ignore_ament_install']
[0.327s] Level 1:colcon.colcon_core.package_identification:_identify(.) by extension 'ignore'
[0.327s] Level 1:colcon.colcon_core.package_identification:_identify(.) by extension 'ignore_ament_install'
[0.327s] Level 1:colcon.colcon_core.package_identification:_identify(.) by extensions ['colcon_pkg']
[0.327s] Level 1:colcon.colcon_core.package_identification:_identify(.) by extension 'colcon_pkg'
[0.327s] Level 1:colcon.colcon_core.package_identification:_identify(.) by extensions ['colcon_meta']
[0.327s] Level 1:colcon.colcon_core.package_identification:_identify(.) by extension 'colcon_meta'
[0.327s] Level 1:colcon.colcon_core.package_identification:_identify(.) by extensions ['ros']
[0.327s] Level 1:colcon.colcon_core.package_identification:_identify(.) by extension 'ros'
[0.342s] Level 1:colcon.colcon_core.package_identification:_identify(.) by extensions ['cmake', 'python']
[0.342s] Level 1:colcon.colcon_core.package_identification:_identify(.) by extension 'cmake'
[0.342s] Level 1:colcon.colcon_core.package_identification:_identify(.) by extension 'python'
[0.342s] Level 1:colcon.colcon_core.package_identification:_identify(.) by extensions ['python_setup_py']
[0.342s] Level 1:colcon.colcon_core.package_identification:_identify(.) by extension 'python_setup_py'
[0.342s] Level 1:colcon.colcon_core.package_identification:_identify(build) by extensions ['ignore', 'ignore_ament_install']
[0.342s] Level 1:colcon.colcon_core.package_identification:_identify(build) by extension 'ignore'
[0.342s] Level 1:colcon.colcon_core.package_identification:_identify(build) ignored
[0.343s] Level 1:colcon.colcon_core.package_identification:_identify(custom_interfaces) by extensions ['ignore', 'ignore_ament_install']
[0.343s] Level 1:colcon.colcon_core.package_identification:_identify(custom_interfaces) by extension 'ignore'
[0.343s] Level 1:colcon.colcon_core.package_identification:_identify(custom_interfaces) by extension 'ignore_ament_install'
[0.343s] Level 1:colcon.colcon_core.package_identification:_identify(custom_interfaces) by extensions ['colcon_pkg']
[0.343s] Level 1:colcon.colcon_core.package_identification:_identify(custom_interfaces) by extension 'colcon_pkg'
[0.343s] Level 1:colcon.colcon_core.package_identification:_identify(custom_interfaces) by extensions ['colcon_meta']
[0.343s] Level 1:colcon.colcon_core.package_identification:_identify(custom_interfaces) by extension 'colcon_meta'
[0.343s] Level 1:colcon.colcon_core.package_identification:_identify(custom_interfaces) by extensions ['ros']
[0.343s] Level 1:colcon.colcon_core.package_identification:_identify(custom_interfaces) by extension 'ros'
[0.346s] DEBUG:colcon.colcon_core.package_identification:Package 'custom_interfaces' with type 'ros.ament_cmake' and name 'custom_interfaces'
[0.346s] Level 1:colcon.colcon_core.package_identification:_identify(install) by extensions ['ignore', 'ignore_ament_install']
[0.346s] Level 1:colcon.colcon_core.package_identification:_identify(install) by extension 'ignore'
[0.346s] Level 1:colcon.colcon_core.package_identification:_identify(install) ignored
[0.346s] Level 1:colcon.colcon_core.package_identification:_identify(launch) by extensions ['ignore', 'ignore_ament_install']
[0.346s] Level 1:colcon.colcon_core.package_identification:_identify(launch) by extension 'ignore'
[0.346s] Level 1:colcon.colcon_core.package_identification:_identify(launch) by extension 'ignore_ament_install'
[0.346s] Level 1:colcon.colcon_core.package_identification:_identify(launch) by extensions ['colcon_pkg']
[0.346s] Level 1:colcon.colcon_core.package_identification:_identify(launch) by extension 'colcon_pkg'
[0.346s] Level 1:colcon.colcon_core.package_identification:_identify(launch) by extensions ['colcon_meta']
[0.346s] Level 1:colcon.colcon_core.package_identification:_identify(launch) by extension 'colcon_meta'
[0.346s] Level 1:colcon.colcon_core.package_identification:_identify(launch) by extensions ['ros']
[0.346s] Level 1:colcon.colcon_core.package_identification:_identify(launch) by extension 'ros'
[0.347s] Level 1:colcon.colcon_core.package_identification:_identify(launch) by extensions ['cmake', 'python']
[0.347s] Level 1:colcon.colcon_core.package_identification:_identify(launch) by extension 'cmake'
[0.347s] Level 1:colcon.colcon_core.package_identification:_identify(launch) by extension 'python'
[0.347s] Level 1:colcon.colcon_core.package_identification:_identify(launch) by extensions ['python_setup_py']
[0.347s] Level 1:colcon.colcon_core.package_identification:_identify(launch) by extension 'python_setup_py'
[0.347s] Level 1:colcon.colcon_core.package_identification:_identify(launch/__pycache__) by extensions ['ignore', 'ignore_ament_install']
[0.347s] Level 1:colcon.colcon_core.package_identification:_identify(launch/__pycache__) by extension 'ignore'
[0.347s] Level 1:colcon.colcon_core.package_identification:_identify(launch/__pycache__) by extension 'ignore_ament_install'
[0.347s] Level 1:colcon.colcon_core.package_identification:_identify(launch/__pycache__) by extensions ['colcon_pkg']
[0.347s] Level 1:colcon.colcon_core.package_identification:_identify(launch/__pycache__) by extension 'colcon_pkg'
[0.347s] Level 1:colcon.colcon_core.package_identification:_identify(launch/__pycache__) by extensions ['colcon_meta']
[0.347s] Level 1:colcon.colcon_core.package_identification:_identify(launch/__pycache__) by extension 'colcon_meta'
[0.347s] Level 1:colcon.colcon_core.package_identification:_identify(launch/__pycache__) by extensions ['ros']
[0.347s] Level 1:colcon.colcon_core.package_identification:_identify(launch/__pycache__) by extension 'ros'
[0.347s] Level 1:colcon.colcon_core.package_identification:_identify(launch/__pycache__) by extensions ['cmake', 'python']
[0.347s] Level 1:colcon.colcon_core.package_identification:_identify(launch/__pycache__) by extension 'cmake'
[0.347s] Level 1:colcon.colcon_core.package_identification:_identify(launch/__pycache__) by extension 'python'
[0.348s] Level 1:colcon.colcon_core.package_identification:_identify(launch/__pycache__) by extensions ['python_setup_py']
[0.348s] Level 1:colcon.colcon_core.package_identification:_identify(launch/__pycache__) by extension 'python_setup_py'
[0.348s] Level 1:colcon.colcon_core.package_identification:_identify(log) by extensions ['ignore', 'ignore_ament_install']
[0.348s] Level 1:colcon.colcon_core.package_identification:_identify(log) by extension 'ignore'
[0.348s] Level 1:colcon.colcon_core.package_identification:_identify(log) ignored
[0.348s] Level 1:colcon.colcon_core.package_identification:_identify(src) by extensions ['ignore', 'ignore_ament_install']
[0.348s] Level 1:colcon.colcon_core.package_identification:_identify(src) by extension 'ignore'
[0.348s] Level 1:colcon.colcon_core.package_identification:_identify(src) by extension 'ignore_ament_install'
[0.348s] Level 1:colcon.colcon_core.package_identification:_identify(src) by extensions ['colcon_pkg']
[0.348s] Level 1:colcon.colcon_core.package_identification:_identify(src) by extension 'colcon_pkg'
[0.348s] Level 1:colcon.colcon_core.package_identification:_identify(src) by extensions ['colcon_meta']
[0.348s] Level 1:colcon.colcon_core.package_identification:_identify(src) by extension 'colcon_meta'
[0.348s] Level 1:colcon.colcon_core.package_identification:_identify(src) by extensions ['ros']
[0.348s] Level 1:colcon.colcon_core.package_identification:_identify(src) by extension 'ros'
[0.348s] Level 1:colcon.colcon_core.package_identification:_identify(src) by extensions ['cmake', 'python']
[0.348s] Level 1:colcon.colcon_core.package_identification:_identify(src) by extension 'cmake'
[0.349s] Level 1:colcon.colcon_core.package_identification:_identify(src) by extension 'python'
[0.349s] Level 1:colcon.colcon_core.package_identification:_identify(src) by extensions ['python_setup_py']
[0.349s] Level 1:colcon.colcon_core.package_identification:_identify(src) by extension 'python_setup_py'
[0.349s] Level 1:colcon.colcon_core.package_identification:_identify(src/driver) by extensions ['ignore', 'ignore_ament_install']
[0.349s] Level 1:colcon.colcon_core.package_identification:_identify(src/driver) by extension 'ignore'
[0.349s] Level 1:colcon.colcon_core.package_identification:_identify(src/driver) by extension 'ignore_ament_install'
[0.349s] Level 1:colcon.colcon_core.package_identification:_identify(src/driver) by extensions ['colcon_pkg']
[0.349s] Level 1:colcon.colcon_core.package_identification:_identify(src/driver) by extension 'colcon_pkg'
[0.349s] Level 1:colcon.colcon_core.package_identification:_identify(src/driver) by extensions ['colcon_meta']
[0.349s] Level 1:colcon.colcon_core.package_identification:_identify(src/driver) by extension 'colcon_meta'
[0.349s] Level 1:colcon.colcon_core.package_identification:_identify(src/driver) by extensions ['ros']
[0.349s] Level 1:colcon.colcon_core.package_identification:_identify(src/driver) by extension 'ros'
[0.350s] DEBUG:colcon.colcon_core.package_identification:Package 'src/driver' with type 'ros.ament_cmake' and name 'driver'
[0.350s] Level 1:colcon.colcon_core.package_identification:_identify(src/operator) by extensions ['ignore', 'ignore_ament_install']
[0.350s] Level 1:colcon.colcon_core.package_identification:_identify(src/operator) by extension 'ignore'
[0.350s] Level 1:colcon.colcon_core.package_identification:_identify(src/operator) by extension 'ignore_ament_install'
[0.351s] Level 1:colcon.colcon_core.package_identification:_identify(src/operator) by extensions ['colcon_pkg']
[0.351s] Level 1:colcon.colcon_core.package_identification:_identify(src/operator) by extension 'colcon_pkg'
[0.351s] Level 1:colcon.colcon_core.package_identification:_identify(src/operator) by extensions ['colcon_meta']
[0.351s] Level 1:colcon.colcon_core.package_identification:_identify(src/operator) by extension 'colcon_meta'
[0.351s] Level 1:colcon.colcon_core.package_identification:_identify(src/operator) by extensions ['ros']
[0.351s] Level 1:colcon.colcon_core.package_identification:_identify(src/operator) by extension 'ros'
[0.352s] DEBUG:colcon.colcon_core.package_identification:Package 'src/operator' with type 'ros.ament_cmake' and name 'operator'
[0.352s] Level 1:colcon.colcon_core.package_discovery:discover_packages(recursive) using defaults
[0.352s] Level 1:colcon.colcon_core.package_discovery:discover_packages(ignore) discover
[0.352s] Level 1:colcon.colcon_core.package_discovery:discover_packages(ignore) using defaults
[0.352s] Level 1:colcon.colcon_core.package_discovery:discover_packages(path) discover
[0.352s] Level 1:colcon.colcon_core.package_discovery:discover_packages(path) using defaults
[0.376s] Level 5:colcon.colcon_core.verb:set package 'custom_interfaces' build argument 'cmake_args' from command line to 'None'
[0.376s] Level 5:colcon.colcon_core.verb:set package 'custom_interfaces' build argument 'cmake_target' from command line to 'None'
[0.376s] Level 5:colcon.colcon_core.verb:set package 'custom_interfaces' build argument 'cmake_target_skip_unavailable' from command line to 'False'
[0.376s] Level 5:colcon.colcon_core.verb:set package 'custom_interfaces' build argument 'cmake_clean_cache' from command line to 'False'
[0.376s] Level 5:colcon.colcon_core.verb:set package 'custom_interfaces' build argument 'cmake_clean_first' from command line to 'False'
[0.376s] Level 5:colcon.colcon_core.verb:set package 'custom_interfaces' build argument 'cmake_force_configure' from command line to 'False'
[0.376s] Level 5:colcon.colcon_core.verb:set package 'custom_interfaces' build argument 'ament_cmake_args' from command line to 'None'
[0.376s] Level 5:colcon.colcon_core.verb:set package 'custom_interfaces' build argument 'catkin_cmake_args' from command line to 'None'
[0.376s] Level 5:colcon.colcon_core.verb:set package 'custom_interfaces' build argument 'catkin_skip_building_tests' from command line to 'False'
[0.376s] DEBUG:colcon.colcon_core.verb:Building package 'custom_interfaces' with the following arguments: {'ament_cmake_args': None, 'build_base': '/root/working/rodep_ros2/yano_ws/build/custom_interfaces', 'catkin_cmake_args': None, 'catkin_skip_building_tests': False, 'cmake_args': None, 'cmake_clean_cache': False, 'cmake_clean_first': False, 'cmake_force_configure': False, 'cmake_target': None, 'cmake_target_skip_unavailable': False, 'install_base': '/root/working/rodep_ros2/yano_ws/install/custom_interfaces', 'merge_install': False, 'path': '/root/working/rodep_ros2/yano_ws/custom_interfaces', 'symlink_install': False, 'test_result_base': None}
[0.377s] Level 5:colcon.colcon_core.verb:set package 'driver' build argument 'cmake_args' from command line to 'None'
[0.377s] Level 5:colcon.colcon_core.verb:set package 'driver' build argument 'cmake_target' from command line to 'None'
[0.377s] Level 5:colcon.colcon_core.verb:set package 'driver' build argument 'cmake_target_skip_unavailable' from command line to 'False'
[0.377s] Level 5:colcon.colcon_core.verb:set package 'driver' build argument 'cmake_clean_cache' from command line to 'False'
[0.377s] Level 5:colcon.colcon_core.verb:set package 'driver' build argument 'cmake_clean_first' from command line to 'False'
[0.377s] Level 5:colcon.colcon_core.verb:set package 'driver' build argument 'cmake_force_configure' from command line to 'False'
[0.377s] Level 5:colcon.colcon_core.verb:set package 'driver' build argument 'ament_cmake_args' from command line to 'None'
[0.377s] Level 5:colcon.colcon_core.verb:set package 'driver' build argument 'catkin_cmake_args' from command line to 'None'
[0.377s] Level 5:colcon.colcon_core.verb:set package 'driver' build argument 'catkin_skip_building_tests' from command line to 'False'
[0.377s] DEBUG:colcon.colcon_core.verb:Building package 'driver' with the following arguments: {'ament_cmake_args': None, 'build_base': '/root/working/rodep_ros2/yano_ws/build/driver', 'catkin_cmake_args': None, 'catkin_skip_building_tests': False, 'cmake_args': None, 'cmake_clean_cache': False, 'cmake_clean_first': False, 'cmake_force_configure': False, 'cmake_target': None, 'cmake_target_skip_unavailable': False, 'install_base': '/root/working/rodep_ros2/yano_ws/install/driver', 'merge_install': False, 'path': '/root/working/rodep_ros2/yano_ws/src/driver', 'symlink_install': False, 'test_result_base': None}
[0.378s] Level 5:colcon.colcon_core.verb:set package 'operator' build argument 'cmake_args' from command line to 'None'
[0.378s] Level 5:colcon.colcon_core.verb:set package 'operator' build argument 'cmake_target' from command line to 'None'
[0.378s] Level 5:colcon.colcon_core.verb:set package 'operator' build argument 'cmake_target_skip_unavailable' from command line to 'False'
[0.378s] Level 5:colcon.colcon_core.verb:set package 'operator' build argument 'cmake_clean_cache' from command line to 'False'
[0.378s] Level 5:colcon.colcon_core.verb:set package 'operator' build argument 'cmake_clean_first' from command line to 'False'
[0.378s] Level 5:colcon.colcon_core.verb:set package 'operator' build argument 'cmake_force_configure' from command line to 'False'
[0.378s] Level 5:colcon.colcon_core.verb:set package 'operator' build argument 'ament_cmake_args' from command line to 'None'
[0.378s] Level 5:colcon.colcon_core.verb:set package 'operator' build argument 'catkin_cmake_args' from command line to 'None'
[0.378s] Level 5:colcon.colcon_core.verb:set package 'operator' build argument 'catkin_skip_building_tests' from command line to 'False'
[0.378s] DEBUG:colcon.colcon_core.verb:Building package 'operator' with the following arguments: {'ament_cmake_args': None, 'build_base': '/root/working/rodep_ros2/yano_ws/build/operator', 'catkin_cmake_args': None, 'catkin_skip_building_tests': False, 'cmake_args': None, 'cmake_clean_cache': False, 'cmake_clean_first': False, 'cmake_force_configure': False, 'cmake_target': None, 'cmake_target_skip_unavailable': False, 'install_base': '/root/working/rodep_ros2/yano_ws/install/operator', 'merge_install': False, 'path': '/root/working/rodep_ros2/yano_ws/src/operator', 'symlink_install': False, 'test_result_base': None}
[0.378s] INFO:colcon.colcon_core.executor:Executing jobs using 'parallel' executor
[0.379s] DEBUG:colcon.colcon_parallel_executor.executor.parallel:run_until_complete
[0.380s] INFO:colcon.colcon_ros.task.ament_cmake.build:Building ROS package in '/root/working/rodep_ros2/yano_ws/custom_interfaces' with build type 'ament_cmake'
[0.380s] INFO:colcon.colcon_cmake.task.cmake.build:Building CMake package in '/root/working/rodep_ros2/yano_ws/custom_interfaces'
[0.384s] INFO:colcon.colcon_core.plugin_system:Skipping extension 'colcon_core.shell.bat': Not used on non-Windows systems
[0.385s] INFO:colcon.colcon_core.shell:Skip shell extension 'powershell' for command environment: Not usable outside of PowerShell
[0.385s] DEBUG:colcon.colcon_core.shell:Skip shell extension 'dsv' for command environment
[0.402s] DEBUG:colcon.colcon_core.event_handler.log_command:Invoking command in '/root/working/rodep_ros2/yano_ws/build/custom_interfaces': CMAKE_PREFIX_PATH=${CMAKE_PREFIX_PATH}:/opt/ros/humble /usr/bin/cmake --build /root/working/rodep_ros2/yano_ws/build/custom_interfaces -- -j4 -l4
[0.905s] DEBUG:colcon.colcon_core.event_handler.log_command:Invoked command in '/root/working/rodep_ros2/yano_ws/build/custom_interfaces' returned '0': CMAKE_PREFIX_PATH=${CMAKE_PREFIX_PATH}:/opt/ros/humble /usr/bin/cmake --build /root/working/rodep_ros2/yano_ws/build/custom_interfaces -- -j4 -l4
[0.917s] DEBUG:colcon.colcon_core.event_handler.log_command:Invoking command in '/root/working/rodep_ros2/yano_ws/build/custom_interfaces': CMAKE_PREFIX_PATH=${CMAKE_PREFIX_PATH}:/opt/ros/humble /usr/bin/cmake --install /root/working/rodep_ros2/yano_ws/build/custom_interfaces
[0.995s] Level 1:colcon.colcon_core.environment:create_environment_scripts_only(custom_interfaces)
[0.996s] DEBUG:colcon.colcon_core.event_handler.log_command:Invoked command in '/root/working/rodep_ros2/yano_ws/build/custom_interfaces' returned '0': CMAKE_PREFIX_PATH=${CMAKE_PREFIX_PATH}:/opt/ros/humble /usr/bin/cmake --install /root/working/rodep_ros2/yano_ws/build/custom_interfaces
[0.999s] Level 1:colcon.colcon_core.environment:checking '/root/working/rodep_ros2/yano_ws/install/custom_interfaces' for CMake module files
[1.000s] Level 1:colcon.colcon_core.environment:checking '/root/working/rodep_ros2/yano_ws/install/custom_interfaces' for CMake config files
[1.001s] Level 1:colcon.colcon_core.shell:create_environment_hook('custom_interfaces', 'cmake_prefix_path')
[1.001s] INFO:colcon.colcon_core.shell:Creating environment hook '/root/working/rodep_ros2/yano_ws/install/custom_interfaces/share/custom_interfaces/hook/cmake_prefix_path.ps1'
[1.002s] INFO:colcon.colcon_core.shell:Creating environment descriptor '/root/working/rodep_ros2/yano_ws/install/custom_interfaces/share/custom_interfaces/hook/cmake_prefix_path.dsv'
[1.002s] INFO:colcon.colcon_core.shell:Creating environment hook '/root/working/rodep_ros2/yano_ws/install/custom_interfaces/share/custom_interfaces/hook/cmake_prefix_path.sh'
[1.003s] Level 1:colcon.colcon_core.environment:checking '/root/working/rodep_ros2/yano_ws/install/custom_interfaces/lib'
[1.004s] Level 1:colcon.colcon_core.shell:create_environment_hook('custom_interfaces', 'ld_library_path_lib')
[1.004s] INFO:colcon.colcon_core.shell:Creating environment hook '/root/working/rodep_ros2/yano_ws/install/custom_interfaces/share/custom_interfaces/hook/ld_library_path_lib.ps1'
[1.005s] INFO:colcon.colcon_core.shell:Creating environment descriptor '/root/working/rodep_ros2/yano_ws/install/custom_interfaces/share/custom_interfaces/hook/ld_library_path_lib.dsv'
[1.005s] INFO:colcon.colcon_core.shell:Creating environment hook '/root/working/rodep_ros2/yano_ws/install/custom_interfaces/share/custom_interfaces/hook/ld_library_path_lib.sh'
[1.006s] Level 1:colcon.colcon_core.environment:checking '/root/working/rodep_ros2/yano_ws/install/custom_interfaces/bin'
[1.006s] Level 1:colcon.colcon_core.environment:checking '/root/working/rodep_ros2/yano_ws/install/custom_interfaces/lib/pkgconfig/custom_interfaces.pc'
[1.008s] Level 1:colcon.colcon_core.environment:checking '/root/working/rodep_ros2/yano_ws/install/custom_interfaces/lib/python3.10/site-packages'
[1.008s] Level 1:colcon.colcon_core.environment:checking '/root/working/rodep_ros2/yano_ws/install/custom_interfaces/bin'
[1.009s] INFO:colcon.colcon_core.shell:Creating package script '/root/working/rodep_ros2/yano_ws/install/custom_interfaces/share/custom_interfaces/package.ps1'
[1.010s] INFO:colcon.colcon_core.shell:Creating package descriptor '/root/working/rodep_ros2/yano_ws/install/custom_interfaces/share/custom_interfaces/package.dsv'
[1.010s] INFO:colcon.colcon_core.shell:Creating package script '/root/working/rodep_ros2/yano_ws/install/custom_interfaces/share/custom_interfaces/package.sh'
[1.011s] INFO:colcon.colcon_core.shell:Creating package script '/root/working/rodep_ros2/yano_ws/install/custom_interfaces/share/custom_interfaces/package.bash'
[1.012s] INFO:colcon.colcon_core.shell:Creating package script '/root/working/rodep_ros2/yano_ws/install/custom_interfaces/share/custom_interfaces/package.zsh'
[1.013s] Level 1:colcon.colcon_core.environment:create_file_with_runtime_dependencies(/root/working/rodep_ros2/yano_ws/install/custom_interfaces/share/colcon-core/packages/custom_interfaces)
[1.014s] Level 1:colcon.colcon_core.environment:create_environment_scripts_only(custom_interfaces)
[1.014s] Level 1:colcon.colcon_core.environment:checking '/root/working/rodep_ros2/yano_ws/install/custom_interfaces' for CMake module files
[1.015s] Level 1:colcon.colcon_core.environment:checking '/root/working/rodep_ros2/yano_ws/install/custom_interfaces' for CMake config files
[1.015s] Level 1:colcon.colcon_core.shell:create_environment_hook('custom_interfaces', 'cmake_prefix_path')
[1.016s] INFO:colcon.colcon_core.shell:Creating environment hook '/root/working/rodep_ros2/yano_ws/install/custom_interfaces/share/custom_interfaces/hook/cmake_prefix_path.ps1'
[1.016s] INFO:colcon.colcon_core.shell:Creating environment descriptor '/root/working/rodep_ros2/yano_ws/install/custom_interfaces/share/custom_interfaces/hook/cmake_prefix_path.dsv'
[1.017s] INFO:colcon.colcon_core.shell:Creating environment hook '/root/working/rodep_ros2/yano_ws/install/custom_interfaces/share/custom_interfaces/hook/cmake_prefix_path.sh'
[1.017s] Level 1:colcon.colcon_core.environment:checking '/root/working/rodep_ros2/yano_ws/install/custom_interfaces/lib'
[1.017s] Level 1:colcon.colcon_core.shell:create_environment_hook('custom_interfaces', 'ld_library_path_lib')
[1.018s] INFO:colcon.colcon_core.shell:Creating environment hook '/root/working/rodep_ros2/yano_ws/install/custom_interfaces/share/custom_interfaces/hook/ld_library_path_lib.ps1'
[1.018s] INFO:colcon.colcon_core.shell:Creating environment descriptor '/root/working/rodep_ros2/yano_ws/install/custom_interfaces/share/custom_interfaces/hook/ld_library_path_lib.dsv'
[1.019s] INFO:colcon.colcon_core.shell:Creating environment hook '/root/working/rodep_ros2/yano_ws/install/custom_interfaces/share/custom_interfaces/hook/ld_library_path_lib.sh'
[1.019s] Level 1:colcon.colcon_core.environment:checking '/root/working/rodep_ros2/yano_ws/install/custom_interfaces/bin'
[1.019s] Level 1:colcon.colcon_core.environment:checking '/root/working/rodep_ros2/yano_ws/install/custom_interfaces/lib/pkgconfig/custom_interfaces.pc'
[1.019s] Level 1:colcon.colcon_core.environment:checking '/root/working/rodep_ros2/yano_ws/install/custom_interfaces/lib/python3.10/site-packages'
[1.020s] Level 1:colcon.colcon_core.environment:checking '/root/working/rodep_ros2/yano_ws/install/custom_interfaces/bin'
[1.020s] INFO:colcon.colcon_core.shell:Creating package script '/root/working/rodep_ros2/yano_ws/install/custom_interfaces/share/custom_interfaces/package.ps1'
[1.021s] INFO:colcon.colcon_core.shell:Creating package descriptor '/root/working/rodep_ros2/yano_ws/install/custom_interfaces/share/custom_interfaces/package.dsv'
[1.021s] INFO:colcon.colcon_core.shell:Creating package script '/root/working/rodep_ros2/yano_ws/install/custom_interfaces/share/custom_interfaces/package.sh'
[1.022s] INFO:colcon.colcon_core.shell:Creating package script '/root/working/rodep_ros2/yano_ws/install/custom_interfaces/share/custom_interfaces/package.bash'
[1.022s] INFO:colcon.colcon_core.shell:Creating package script '/root/working/rodep_ros2/yano_ws/install/custom_interfaces/share/custom_interfaces/package.zsh'
[1.023s] Level 1:colcon.colcon_core.environment:create_file_with_runtime_dependencies(/root/working/rodep_ros2/yano_ws/install/custom_interfaces/share/colcon-core/packages/custom_interfaces)
[1.023s] INFO:colcon.colcon_ros.task.ament_cmake.build:Building ROS package in '/root/working/rodep_ros2/yano_ws/src/driver' with build type 'ament_cmake'
[1.023s] INFO:colcon.colcon_cmake.task.cmake.build:Building CMake package in '/root/working/rodep_ros2/yano_ws/src/driver'
[1.024s] INFO:colcon.colcon_core.shell:Skip shell extension 'powershell' for command environment: Not usable outside of PowerShell
[1.024s] DEBUG:colcon.colcon_core.shell:Skip shell extension 'dsv' for command environment
[1.032s] INFO:colcon.colcon_ros.task.ament_cmake.build:Building ROS package in '/root/working/rodep_ros2/yano_ws/src/operator' with build type 'ament_cmake'
[1.033s] INFO:colcon.colcon_cmake.task.cmake.build:Building CMake package in '/root/working/rodep_ros2/yano_ws/src/operator'
[1.034s] INFO:colcon.colcon_core.shell:Skip shell extension 'powershell' for command environment: Not usable outside of PowerShell
[1.034s] DEBUG:colcon.colcon_core.shell:Skip shell extension 'dsv' for command environment
[1.048s] DEBUG:colcon.colcon_core.event_handler.log_command:Invoking command in '/root/working/rodep_ros2/yano_ws/build/driver': CMAKE_PREFIX_PATH=${CMAKE_PREFIX_PATH}:/opt/ros/humble /usr/bin/cmake --build /root/working/rodep_ros2/yano_ws/build/driver -- -j4 -l4
[1.054s] DEBUG:colcon.colcon_core.event_handler.log_command:Invoking command in '/root/working/rodep_ros2/yano_ws/build/operator': CMAKE_PREFIX_PATH=${CMAKE_PREFIX_PATH}:/opt/ros/humble /usr/bin/cmake --build /root/working/rodep_ros2/yano_ws/build/operator -- -j4 -l4
[1.161s] DEBUG:colcon.colcon_core.event_handler.log_command:Invoked command in '/root/working/rodep_ros2/yano_ws/build/operator' returned '0': CMAKE_PREFIX_PATH=${CMAKE_PREFIX_PATH}:/opt/ros/humble /usr/bin/cmake --build /root/working/rodep_ros2/yano_ws/build/operator -- -j4 -l4
[1.163s] DEBUG:colcon.colcon_core.event_handler.log_command:Invoking command in '/root/working/rodep_ros2/yano_ws/build/operator': CMAKE_PREFIX_PATH=${CMAKE_PREFIX_PATH}:/opt/ros/humble /usr/bin/cmake --install /root/working/rodep_ros2/yano_ws/build/operator
[1.178s] Level 1:colcon.colcon_core.environment:create_environment_scripts_only(operator)
[1.179s] Level 1:colcon.colcon_core.environment:checking '/root/working/rodep_ros2/yano_ws/install/operator' for CMake module files
[1.179s] DEBUG:colcon.colcon_core.event_handler.log_command:Invoked command in '/root/working/rodep_ros2/yano_ws/build/operator' returned '0': CMAKE_PREFIX_PATH=${CMAKE_PREFIX_PATH}:/opt/ros/humble /usr/bin/cmake --install /root/working/rodep_ros2/yano_ws/build/operator
[1.179s] Level 1:colcon.colcon_core.environment:checking '/root/working/rodep_ros2/yano_ws/install/operator' for CMake config files
[1.180s] Level 1:colcon.colcon_core.shell:create_environment_hook('operator', 'cmake_prefix_path')
[1.180s] INFO:colcon.colcon_core.shell:Creating environment hook '/root/working/rodep_ros2/yano_ws/install/operator/share/operator/hook/cmake_prefix_path.ps1'
[1.180s] INFO:colcon.colcon_core.shell:Creating environment descriptor '/root/working/rodep_ros2/yano_ws/install/operator/share/operator/hook/cmake_prefix_path.dsv'
[1.181s] INFO:colcon.colcon_core.shell:Creating environment hook '/root/working/rodep_ros2/yano_ws/install/operator/share/operator/hook/cmake_prefix_path.sh'
[1.182s] Level 1:colcon.colcon_core.environment:checking '/root/working/rodep_ros2/yano_ws/install/operator/lib'
[1.182s] Level 1:colcon.colcon_core.environment:checking '/root/working/rodep_ros2/yano_ws/install/operator/bin'
[1.182s] Level 1:colcon.colcon_core.environment:checking '/root/working/rodep_ros2/yano_ws/install/operator/lib/pkgconfig/operator.pc'
[1.182s] Level 1:colcon.colcon_core.environment:checking '/root/working/rodep_ros2/yano_ws/install/operator/lib/python3.10/site-packages'
[1.183s] Level 1:colcon.colcon_core.environment:checking '/root/working/rodep_ros2/yano_ws/install/operator/bin'
[1.183s] INFO:colcon.colcon_core.shell:Creating package script '/root/working/rodep_ros2/yano_ws/install/operator/share/operator/package.ps1'
[1.184s] INFO:colcon.colcon_core.shell:Creating package descriptor '/root/working/rodep_ros2/yano_ws/install/operator/share/operator/package.dsv'
[1.185s] INFO:colcon.colcon_core.shell:Creating package script '/root/working/rodep_ros2/yano_ws/install/operator/share/operator/package.sh'
[1.186s] INFO:colcon.colcon_core.shell:Creating package script '/root/working/rodep_ros2/yano_ws/install/operator/share/operator/package.bash'
[1.187s] INFO:colcon.colcon_core.shell:Creating package script '/root/working/rodep_ros2/yano_ws/install/operator/share/operator/package.zsh'
[1.188s] Level 1:colcon.colcon_core.environment:create_file_with_runtime_dependencies(/root/working/rodep_ros2/yano_ws/install/operator/share/colcon-core/packages/operator)
[1.189s] Level 1:colcon.colcon_core.environment:create_environment_scripts_only(operator)
[1.189s] Level 1:colcon.colcon_core.environment:checking '/root/working/rodep_ros2/yano_ws/install/operator' for CMake module files
[1.190s] Level 1:colcon.colcon_core.environment:checking '/root/working/rodep_ros2/yano_ws/install/operator' for CMake config files
[1.191s] Level 1:colcon.colcon_core.shell:create_environment_hook('operator', 'cmake_prefix_path')
[1.191s] INFO:colcon.colcon_core.shell:Creating environment hook '/root/working/rodep_ros2/yano_ws/install/operator/share/operator/hook/cmake_prefix_path.ps1'
[1.192s] INFO:colcon.colcon_core.shell:Creating environment descriptor '/root/working/rodep_ros2/yano_ws/install/operator/share/operator/hook/cmake_prefix_path.dsv'
[1.193s] INFO:colcon.colcon_core.shell:Creating environment hook '/root/working/rodep_ros2/yano_ws/install/operator/share/operator/hook/cmake_prefix_path.sh'
[1.194s] Level 1:colcon.colcon_core.environment:checking '/root/working/rodep_ros2/yano_ws/install/operator/lib'
[1.195s] Level 1:colcon.colcon_core.environment:checking '/root/working/rodep_ros2/yano_ws/install/operator/bin'
[1.195s] Level 1:colcon.colcon_core.environment:checking '/root/working/rodep_ros2/yano_ws/install/operator/lib/pkgconfig/operator.pc'
[1.195s] Level 1:colcon.colcon_core.environment:checking '/root/working/rodep_ros2/yano_ws/install/operator/lib/python3.10/site-packages'
[1.195s] Level 1:colcon.colcon_core.environment:checking '/root/working/rodep_ros2/yano_ws/install/operator/bin'
[1.196s] INFO:colcon.colcon_core.shell:Creating package script '/root/working/rodep_ros2/yano_ws/install/operator/share/operator/package.ps1'
[1.196s] INFO:colcon.colcon_core.shell:Creating package descriptor '/root/working/rodep_ros2/yano_ws/install/operator/share/operator/package.dsv'
[1.197s] INFO:colcon.colcon_core.shell:Creating package script '/root/working/rodep_ros2/yano_ws/install/operator/share/operator/package.sh'
[1.197s] INFO:colcon.colcon_core.shell:Creating package script '/root/working/rodep_ros2/yano_ws/install/operator/share/operator/package.bash'
[1.198s] INFO:colcon.colcon_core.shell:Creating package script '/root/working/rodep_ros2/yano_ws/install/operator/share/operator/package.zsh'
[1.198s] Level 1:colcon.colcon_core.environment:create_file_with_runtime_dependencies(/root/working/rodep_ros2/yano_ws/install/operator/share/colcon-core/packages/operator)
[15.563s] DEBUG:colcon.colcon_core.event_handler.log_command:Invoked command in '/root/working/rodep_ros2/yano_ws/build/driver' returned '0': CMAKE_PREFIX_PATH=${CMAKE_PREFIX_PATH}:/opt/ros/humble /usr/bin/cmake --build /root/working/rodep_ros2/yano_ws/build/driver -- -j4 -l4
[15.566s] DEBUG:colcon.colcon_core.event_handler.log_command:Invoking command in '/root/working/rodep_ros2/yano_ws/build/driver': CMAKE_PREFIX_PATH=${CMAKE_PREFIX_PATH}:/opt/ros/humble /usr/bin/cmake --install /root/working/rodep_ros2/yano_ws/build/driver
[15.586s] Level 1:colcon.colcon_core.environment:create_environment_scripts_only(driver)
[15.587s] Level 1:colcon.colcon_core.environment:checking '/root/working/rodep_ros2/yano_ws/install/driver' for CMake module files
[15.587s] DEBUG:colcon.colcon_core.event_handler.log_command:Invoked command in '/root/working/rodep_ros2/yano_ws/build/driver' returned '0': CMAKE_PREFIX_PATH=${CMAKE_PREFIX_PATH}:/opt/ros/humble /usr/bin/cmake --install /root/working/rodep_ros2/yano_ws/build/driver
[15.588s] Level 1:colcon.colcon_core.environment:checking '/root/working/rodep_ros2/yano_ws/install/driver' for CMake config files
[15.588s] Level 1:colcon.colcon_core.shell:create_environment_hook('driver', 'cmake_prefix_path')
[15.588s] INFO:colcon.colcon_core.shell:Creating environment hook '/root/working/rodep_ros2/yano_ws/install/driver/share/driver/hook/cmake_prefix_path.ps1'
[15.589s] INFO:colcon.colcon_core.shell:Creating environment descriptor '/root/working/rodep_ros2/yano_ws/install/driver/share/driver/hook/cmake_prefix_path.dsv'
[15.589s] INFO:colcon.colcon_core.shell:Creating environment hook '/root/working/rodep_ros2/yano_ws/install/driver/share/driver/hook/cmake_prefix_path.sh'
[15.590s] Level 1:colcon.colcon_core.environment:checking '/root/working/rodep_ros2/yano_ws/install/driver/lib'
[15.591s] Level 1:colcon.colcon_core.environment:checking '/root/working/rodep_ros2/yano_ws/install/driver/bin'
[15.591s] Level 1:colcon.colcon_core.environment:checking '/root/working/rodep_ros2/yano_ws/install/driver/lib/pkgconfig/driver.pc'
[15.591s] Level 1:colcon.colcon_core.environment:checking '/root/working/rodep_ros2/yano_ws/install/driver/lib/python3.10/site-packages'
[15.592s] Level 1:colcon.colcon_core.environment:checking '/root/working/rodep_ros2/yano_ws/install/driver/bin'
[15.592s] INFO:colcon.colcon_core.shell:Creating package script '/root/working/rodep_ros2/yano_ws/install/driver/share/driver/package.ps1'
[15.593s] INFO:colcon.colcon_core.shell:Creating package descriptor '/root/working/rodep_ros2/yano_ws/install/driver/share/driver/package.dsv'
[15.593s] INFO:colcon.colcon_core.shell:Creating package script '/root/working/rodep_ros2/yano_ws/install/driver/share/driver/package.sh'
[15.594s] INFO:colcon.colcon_core.shell:Creating package script '/root/working/rodep_ros2/yano_ws/install/driver/share/driver/package.bash'
[15.594s] INFO:colcon.colcon_core.shell:Creating package script '/root/working/rodep_ros2/yano_ws/install/driver/share/driver/package.zsh'
[15.594s] Level 1:colcon.colcon_core.environment:create_file_with_runtime_dependencies(/root/working/rodep_ros2/yano_ws/install/driver/share/colcon-core/packages/driver)
[15.595s] Level 1:colcon.colcon_core.environment:create_environment_scripts_only(driver)
[15.595s] Level 1:colcon.colcon_core.environment:checking '/root/working/rodep_ros2/yano_ws/install/driver' for CMake module files
[15.596s] Level 1:colcon.colcon_core.environment:checking '/root/working/rodep_ros2/yano_ws/install/driver' for CMake config files
[15.596s] Level 1:colcon.colcon_core.shell:create_environment_hook('driver', 'cmake_prefix_path')
[15.596s] INFO:colcon.colcon_core.shell:Creating environment hook '/root/working/rodep_ros2/yano_ws/install/driver/share/driver/hook/cmake_prefix_path.ps1'
[15.597s] INFO:colcon.colcon_core.shell:Creating environment descriptor '/root/working/rodep_ros2/yano_ws/install/driver/share/driver/hook/cmake_prefix_path.dsv'
[15.597s] INFO:colcon.colcon_core.shell:Creating environment hook '/root/working/rodep_ros2/yano_ws/install/driver/share/driver/hook/cmake_prefix_path.sh'
[15.598s] Level 1:colcon.colcon_core.environment:checking '/root/working/rodep_ros2/yano_ws/install/driver/lib'
[15.598s] Level 1:colcon.colcon_core.environment:checking '/root/working/rodep_ros2/yano_ws/install/driver/bin'
[15.598s] Level 1:colcon.colcon_core.environment:checking '/root/working/rodep_ros2/yano_ws/install/driver/lib/pkgconfig/driver.pc'
[15.598s] Level 1:colcon.colcon_core.environment:checking '/root/working/rodep_ros2/yano_ws/install/driver/lib/python3.10/site-packages'
[15.599s] Level 1:colcon.colcon_core.environment:checking '/root/working/rodep_ros2/yano_ws/install/driver/bin'
[15.599s] INFO:colcon.colcon_core.shell:Creating package script '/root/working/rodep_ros2/yano_ws/install/driver/share/driver/package.ps1'
[15.599s] INFO:colcon.colcon_core.shell:Creating package descriptor '/root/working/rodep_ros2/yano_ws/install/driver/share/driver/package.dsv'
[15.600s] INFO:colcon.colcon_core.shell:Creating package script '/root/working/rodep_ros2/yano_ws/install/driver/share/driver/package.sh'
[15.600s] INFO:colcon.colcon_core.shell:Creating package script '/root/working/rodep_ros2/yano_ws/install/driver/share/driver/package.bash'
[15.601s] INFO:colcon.colcon_core.shell:Creating package script '/root/working/rodep_ros2/yano_ws/install/driver/share/driver/package.zsh'
[15.602s] Level 1:colcon.colcon_core.environment:create_file_with_runtime_dependencies(/root/working/rodep_ros2/yano_ws/install/driver/share/colcon-core/packages/driver)
[15.602s] DEBUG:colcon.colcon_parallel_executor.executor.parallel:closing loop
[15.602s] DEBUG:colcon.colcon_parallel_executor.executor.parallel:loop closed
[15.602s] DEBUG:colcon.colcon_parallel_executor.executor.parallel:run_until_complete finished with '0'
[15.602s] DEBUG:colcon.colcon_core.event_reactor:joining thread
[15.628s] INFO:colcon.colcon_core.plugin_system:Skipping extension 'colcon_notification.desktop_notification.notify_send': Could not find 'notify-send'
[15.629s] INFO:colcon.colcon_core.plugin_system:Skipping extension 'colcon_notification.desktop_notification.terminal_notifier': Not used on non-Darwin systems
[15.629s] INFO:colcon.colcon_core.plugin_system:Skipping extension 'colcon_notification.desktop_notification.win32': Not used on non-Windows systems
[15.629s] INFO:colcon.colcon_notification.desktop_notification:Sending desktop notification using 'notify2'
[15.629s] DEBUG:colcon.colcon_notification.desktop_notification.notify2:Failed to initialize notify2: org.freedesktop.DBus.Error.NotSupported: Unable to autolaunch a dbus-daemon without a $DISPLAY for X11
[15.629s] DEBUG:colcon.colcon_core.event_reactor:joined thread
[15.630s] INFO:colcon.colcon_core.shell:Creating prefix script '/root/working/rodep_ros2/yano_ws/install/local_setup.ps1'
[15.632s] INFO:colcon.colcon_core.shell:Creating prefix util module '/root/working/rodep_ros2/yano_ws/install/_local_setup_util_ps1.py'
[15.634s] INFO:colcon.colcon_core.shell:Creating prefix chain script '/root/working/rodep_ros2/yano_ws/install/setup.ps1'
[15.635s] INFO:colcon.colcon_core.shell:Creating prefix script '/root/working/rodep_ros2/yano_ws/install/local_setup.sh'
[15.636s] INFO:colcon.colcon_core.shell:Creating prefix util module '/root/working/rodep_ros2/yano_ws/install/_local_setup_util_sh.py'
[15.636s] INFO:colcon.colcon_core.shell:Creating prefix chain script '/root/working/rodep_ros2/yano_ws/install/setup.sh'
[15.638s] INFO:colcon.colcon_core.shell:Creating prefix script '/root/working/rodep_ros2/yano_ws/install/local_setup.bash'
[15.638s] INFO:colcon.colcon_core.shell:Creating prefix chain script '/root/working/rodep_ros2/yano_ws/install/setup.bash'
[15.640s] INFO:colcon.colcon_core.shell:Creating prefix script '/root/working/rodep_ros2/yano_ws/install/local_setup.zsh'
[15.640s] INFO:colcon.colcon_core.shell:Creating prefix chain script '/root/working/rodep_ros2/yano_ws/install/setup.zsh'
