[35m[1mConsolidate compiler generated dependencies of target sub[0m
[  3%] Built target joy_controller__cpp
[ 12%] Built target joy_controller__rosidl_generator_c
[ 12%] Built target ament_cmake_python_copy_joy_controller
[ 21%] Built target joy_controller__rosidl_typesupport_cpp
[ 24%] [32mBuilding CXX object CMakeFiles/sub.dir/src/my_joy.cpp.o[0m
[ 33%] Built target joy_controller__rosidl_typesupport_fastrtps_cpp
[ 42%] Built target joy_controller__rosidl_typesupport_introspection_c
[ 51%] Built target joy_controller__rosidl_typesupport_c
[ 60%] Built target joy_controller__rosidl_typesupport_introspection_cpp
[ 69%] Built target joy_controller__rosidl_typesupport_fastrtps_c
[ 69%] Built target joy_controller
[ 72%] Built target joy_controller__py
[ 78%] Built target joy_controller__rosidl_generator_py
[ 84%] Built target joy_controller__rosidl_typesupport_introspection_c__pyext
[ 90%] Built target joy_controller__rosidl_typesupport_fastrtps_c__pyext
[ 96%] Built target joy_controller__rosidl_typesupport_c__pyext
running egg_info
writing joy_controller.egg-info/PKG-INFO
writing dependency_links to joy_controller.egg-info/dependency_links.txt
writing top-level names to joy_controller.egg-info/top_level.txt
reading manifest file 'joy_controller.egg-info/SOURCES.txt'
writing manifest file 'joy_controller.egg-info/SOURCES.txt'
[ 96%] Built target ament_cmake_python_build_joy_controller_egg
[100%] [32m[1mLinking CXX executable sub[0m
[100%] Built target sub
-- Install configuration: ""
-- Installing: /root/working/ros2_ws/install/joy_controller/lib/joy_controller/sub
-- Set runtime path of "/root/working/ros2_ws/install/joy_controller/lib/joy_controller/sub" to ""
-- Up-to-date: /root/working/ros2_ws/install/joy_controller/share/ament_index/resource_index/rosidl_interfaces/joy_controller
-- Up-to-date: /root/working/ros2_ws/install/joy_controller/include/joy_controller/joy_controller
-- Up-to-date: /root/working/ros2_ws/install/joy_controller/include/joy_controller/joy_controller/msg
-- Up-to-date: /root/working/ros2_ws/install/joy_controller/include/joy_controller/joy_controller/msg/my_custom_message.h
-- Up-to-date: /root/working/ros2_ws/install/joy_controller/include/joy_controller/joy_controller/msg/rosidl_generator_c__visibility_control.h
-- Up-to-date: /root/working/ros2_ws/install/joy_controller/include/joy_controller/joy_controller/msg/detail
-- Up-to-date: /root/working/ros2_ws/install/joy_controller/include/joy_controller/joy_controller/msg/detail/my_custom_message__struct.h
-- Up-to-date: /root/working/ros2_ws/install/joy_controller/include/joy_controller/joy_controller/msg/detail/my_custom_message__functions.h
-- Up-to-date: /root/working/ros2_ws/install/joy_controller/include/joy_controller/joy_controller/msg/detail/my_custom_message__functions.c
-- Up-to-date: /root/working/ros2_ws/install/joy_controller/include/joy_controller/joy_controller/msg/detail/my_custom_message__type_support.h
-- Up-to-date: /root/working/ros2_ws/install/joy_controller/share/joy_controller/environment/library_path.sh
-- Up-to-date: /root/working/ros2_ws/install/joy_controller/share/joy_controller/environment/library_path.dsv
-- Up-to-date: /root/working/ros2_ws/install/joy_controller/lib/libjoy_controller__rosidl_generator_c.so
-- Up-to-date: /root/working/ros2_ws/install/joy_controller/include/joy_controller/joy_controller
-- Up-to-date: /root/working/ros2_ws/install/joy_controller/include/joy_controller/joy_controller/msg
-- Up-to-date: /root/working/ros2_ws/install/joy_controller/include/joy_controller/joy_controller/msg/rosidl_typesupport_fastrtps_c__visibility_control.h
-- Up-to-date: /root/working/ros2_ws/install/joy_controller/include/joy_controller/joy_controller/msg/detail
-- Up-to-date: /root/working/ros2_ws/install/joy_controller/include/joy_controller/joy_controller/msg/detail/my_custom_message__rosidl_typesupport_fastrtps_c.h
-- Up-to-date: /root/working/ros2_ws/install/joy_controller/lib/libjoy_controller__rosidl_typesupport_fastrtps_c.so
-- Up-to-date: /root/working/ros2_ws/install/joy_controller/include/joy_controller/joy_controller
-- Up-to-date: /root/working/ros2_ws/install/joy_controller/include/joy_controller/joy_controller/msg
-- Up-to-date: /root/working/ros2_ws/install/joy_controller/include/joy_controller/joy_controller/msg/rosidl_generator_cpp__visibility_control.hpp
-- Up-to-date: /root/working/ros2_ws/install/joy_controller/include/joy_controller/joy_controller/msg/detail
-- Up-to-date: /root/working/ros2_ws/install/joy_controller/include/joy_controller/joy_controller/msg/detail/my_custom_message__type_support.hpp
-- Up-to-date: /root/working/ros2_ws/install/joy_controller/include/joy_controller/joy_controller/msg/detail/my_custom_message__traits.hpp
-- Up-to-date: /root/working/ros2_ws/install/joy_controller/include/joy_controller/joy_controller/msg/detail/my_custom_message__struct.hpp
-- Up-to-date: /root/working/ros2_ws/install/joy_controller/include/joy_controller/joy_controller/msg/detail/my_custom_message__builder.hpp
-- Up-to-date: /root/working/ros2_ws/install/joy_controller/include/joy_controller/joy_controller/msg/my_custom_message.hpp
-- Up-to-date: /root/working/ros2_ws/install/joy_controller/include/joy_controller/joy_controller
-- Up-to-date: /root/working/ros2_ws/install/joy_controller/include/joy_controller/joy_controller/msg
-- Up-to-date: /root/working/ros2_ws/install/joy_controller/include/joy_controller/joy_controller/msg/detail
-- Up-to-date: /root/working/ros2_ws/install/joy_controller/include/joy_controller/joy_controller/msg/detail/my_custom_message__rosidl_typesupport_fastrtps_cpp.hpp
-- Up-to-date: /root/working/ros2_ws/install/joy_controller/include/joy_controller/joy_controller/msg/detail/dds_fastrtps
-- Up-to-date: /root/working/ros2_ws/install/joy_controller/include/joy_controller/joy_controller/msg/rosidl_typesupport_fastrtps_cpp__visibility_control.h
-- Up-to-date: /root/working/ros2_ws/install/joy_controller/lib/libjoy_controller__rosidl_typesupport_fastrtps_cpp.so
-- Up-to-date: /root/working/ros2_ws/install/joy_controller/include/joy_controller/joy_controller
-- Up-to-date: /root/working/ros2_ws/install/joy_controller/include/joy_controller/joy_controller/msg
-- Up-to-date: /root/working/ros2_ws/install/joy_controller/include/joy_controller/joy_controller/msg/detail
-- Up-to-date: /root/working/ros2_ws/install/joy_controller/include/joy_controller/joy_controller/msg/detail/my_custom_message__rosidl_typesupport_introspection_c.h
-- Up-to-date: /root/working/ros2_ws/install/joy_controller/include/joy_controller/joy_controller/msg/detail/my_custom_message__type_support.c
-- Up-to-date: /root/working/ros2_ws/install/joy_controller/include/joy_controller/joy_controller/msg/rosidl_typesupport_introspection_c__visibility_control.h
-- Up-to-date: /root/working/ros2_ws/install/joy_controller/lib/libjoy_controller__rosidl_typesupport_introspection_c.so
-- Up-to-date: /root/working/ros2_ws/install/joy_controller/lib/libjoy_controller__rosidl_typesupport_c.so
-- Up-to-date: /root/working/ros2_ws/install/joy_controller/include/joy_controller/joy_controller
-- Up-to-date: /root/working/ros2_ws/install/joy_controller/include/joy_controller/joy_controller/msg
-- Up-to-date: /root/working/ros2_ws/install/joy_controller/include/joy_controller/joy_controller/msg/detail
-- Up-to-date: /root/working/ros2_ws/install/joy_controller/include/joy_controller/joy_controller/msg/detail/my_custom_message__rosidl_typesupport_introspection_cpp.hpp
-- Up-to-date: /root/working/ros2_ws/install/joy_controller/include/joy_controller/joy_controller/msg/detail/my_custom_message__type_support.cpp
-- Up-to-date: /root/working/ros2_ws/install/joy_controller/lib/libjoy_controller__rosidl_typesupport_introspection_cpp.so
-- Up-to-date: /root/working/ros2_ws/install/joy_controller/lib/libjoy_controller__rosidl_typesupport_cpp.so
-- Up-to-date: /root/working/ros2_ws/install/joy_controller/share/joy_controller/environment/pythonpath.sh
-- Up-to-date: /root/working/ros2_ws/install/joy_controller/share/joy_controller/environment/pythonpath.dsv
-- Up-to-date: /root/working/ros2_ws/install/joy_controller/local/lib/python3.10/dist-packages/joy_controller-0.0.0-py3.10.egg-info
-- Installing: /root/working/ros2_ws/install/joy_controller/local/lib/python3.10/dist-packages/joy_controller-0.0.0-py3.10.egg-info/SOURCES.txt
-- Installing: /root/working/ros2_ws/install/joy_controller/local/lib/python3.10/dist-packages/joy_controller-0.0.0-py3.10.egg-info/top_level.txt
-- Installing: /root/working/ros2_ws/install/joy_controller/local/lib/python3.10/dist-packages/joy_controller-0.0.0-py3.10.egg-info/PKG-INFO
-- Installing: /root/working/ros2_ws/install/joy_controller/local/lib/python3.10/dist-packages/joy_controller-0.0.0-py3.10.egg-info/dependency_links.txt
-- Up-to-date: /root/working/ros2_ws/install/joy_controller/local/lib/python3.10/dist-packages/joy_controller
-- Up-to-date: /root/working/ros2_ws/install/joy_controller/local/lib/python3.10/dist-packages/joy_controller/_joy_controller_s.ep.rosidl_typesupport_introspection_c.c
-- Up-to-date: /root/working/ros2_ws/install/joy_controller/local/lib/python3.10/dist-packages/joy_controller/joy_controller_s__rosidl_typesupport_fastrtps_c.cpython-310-x86_64-linux-gnu.so
-- Up-to-date: /root/working/ros2_ws/install/joy_controller/local/lib/python3.10/dist-packages/joy_controller/joy_controller_s__rosidl_typesupport_introspection_c.cpython-310-x86_64-linux-gnu.so
-- Up-to-date: /root/working/ros2_ws/install/joy_controller/local/lib/python3.10/dist-packages/joy_controller/_joy_controller_s.ep.rosidl_typesupport_c.c
-- Up-to-date: /root/working/ros2_ws/install/joy_controller/local/lib/python3.10/dist-packages/joy_controller/joy_controller_s__rosidl_typesupport_c.cpython-310-x86_64-linux-gnu.so
-- Up-to-date: /root/working/ros2_ws/install/joy_controller/local/lib/python3.10/dist-packages/joy_controller/libjoy_controller__rosidl_generator_py.so
-- Up-to-date: /root/working/ros2_ws/install/joy_controller/local/lib/python3.10/dist-packages/joy_controller/_joy_controller_s.ep.rosidl_typesupport_fastrtps_c.c
-- Up-to-date: /root/working/ros2_ws/install/joy_controller/local/lib/python3.10/dist-packages/joy_controller/msg
-- Up-to-date: /root/working/ros2_ws/install/joy_controller/local/lib/python3.10/dist-packages/joy_controller/msg/_my_custom_message.py
-- Up-to-date: /root/working/ros2_ws/install/joy_controller/local/lib/python3.10/dist-packages/joy_controller/msg/_my_custom_message_s.c
-- Up-to-date: /root/working/ros2_ws/install/joy_controller/local/lib/python3.10/dist-packages/joy_controller/msg/__init__.py
-- Up-to-date: /root/working/ros2_ws/install/joy_controller/local/lib/python3.10/dist-packages/joy_controller/__init__.py
Listing '/root/working/ros2_ws/install/joy_controller/local/lib/python3.10/dist-packages/joy_controller'...
Listing '/root/working/ros2_ws/install/joy_controller/local/lib/python3.10/dist-packages/joy_controller/msg'...
-- Up-to-date: /root/working/ros2_ws/install/joy_controller/local/lib/python3.10/dist-packages/joy_controller/joy_controller_s__rosidl_typesupport_fastrtps_c.cpython-310-x86_64-linux-gnu.so
-- Up-to-date: /root/working/ros2_ws/install/joy_controller/local/lib/python3.10/dist-packages/joy_controller/joy_controller_s__rosidl_typesupport_introspection_c.cpython-310-x86_64-linux-gnu.so
-- Up-to-date: /root/working/ros2_ws/install/joy_controller/local/lib/python3.10/dist-packages/joy_controller/joy_controller_s__rosidl_typesupport_c.cpython-310-x86_64-linux-gnu.so
-- Up-to-date: /root/working/ros2_ws/install/joy_controller/lib/libjoy_controller__rosidl_generator_py.so
-- Up-to-date: /root/working/ros2_ws/install/joy_controller/share/joy_controller/msg/MyCustomMessage.idl
-- Up-to-date: /root/working/ros2_ws/install/joy_controller/share/joy_controller/msg/MyCustomMessage.msg
-- Up-to-date: /root/working/ros2_ws/install/joy_controller/share/ament_index/resource_index/package_run_dependencies/joy_controller
-- Up-to-date: /root/working/ros2_ws/install/joy_controller/share/ament_index/resource_index/parent_prefix_path/joy_controller
-- Up-to-date: /root/working/ros2_ws/install/joy_controller/share/joy_controller/environment/ament_prefix_path.sh
-- Up-to-date: /root/working/ros2_ws/install/joy_controller/share/joy_controller/environment/ament_prefix_path.dsv
-- Up-to-date: /root/working/ros2_ws/install/joy_controller/share/joy_controller/environment/path.sh
-- Up-to-date: /root/working/ros2_ws/install/joy_controller/share/joy_controller/environment/path.dsv
-- Up-to-date: /root/working/ros2_ws/install/joy_controller/share/joy_controller/local_setup.bash
-- Up-to-date: /root/working/ros2_ws/install/joy_controller/share/joy_controller/local_setup.sh
-- Up-to-date: /root/working/ros2_ws/install/joy_controller/share/joy_controller/local_setup.zsh
-- Up-to-date: /root/working/ros2_ws/install/joy_controller/share/joy_controller/local_setup.dsv
-- Installing: /root/working/ros2_ws/install/joy_controller/share/joy_controller/package.dsv
-- Up-to-date: /root/working/ros2_ws/install/joy_controller/share/ament_index/resource_index/packages/joy_controller
-- Up-to-date: /root/working/ros2_ws/install/joy_controller/share/joy_controller/cmake/export_joy_controller__rosidl_generator_cExport.cmake
-- Up-to-date: /root/working/ros2_ws/install/joy_controller/share/joy_controller/cmake/export_joy_controller__rosidl_generator_cExport-noconfig.cmake
-- Up-to-date: /root/working/ros2_ws/install/joy_controller/share/joy_controller/cmake/export_joy_controller__rosidl_typesupport_fastrtps_cExport.cmake
-- Up-to-date: /root/working/ros2_ws/install/joy_controller/share/joy_controller/cmake/export_joy_controller__rosidl_typesupport_fastrtps_cExport-noconfig.cmake
-- Up-to-date: /root/working/ros2_ws/install/joy_controller/share/joy_controller/cmake/export_joy_controller__rosidl_generator_cppExport.cmake
-- Up-to-date: /root/working/ros2_ws/install/joy_controller/share/joy_controller/cmake/export_joy_controller__rosidl_typesupport_fastrtps_cppExport.cmake
-- Up-to-date: /root/working/ros2_ws/install/joy_controller/share/joy_controller/cmake/export_joy_controller__rosidl_typesupport_fastrtps_cppExport-noconfig.cmake
-- Up-to-date: /root/working/ros2_ws/install/joy_controller/share/joy_controller/cmake/joy_controller__rosidl_typesupport_introspection_cExport.cmake
-- Up-to-date: /root/working/ros2_ws/install/joy_controller/share/joy_controller/cmake/joy_controller__rosidl_typesupport_introspection_cExport-noconfig.cmake
-- Up-to-date: /root/working/ros2_ws/install/joy_controller/share/joy_controller/cmake/joy_controller__rosidl_typesupport_cExport.cmake
-- Up-to-date: /root/working/ros2_ws/install/joy_controller/share/joy_controller/cmake/joy_controller__rosidl_typesupport_cExport-noconfig.cmake
-- Up-to-date: /root/working/ros2_ws/install/joy_controller/share/joy_controller/cmake/joy_controller__rosidl_typesupport_introspection_cppExport.cmake
-- Up-to-date: /root/working/ros2_ws/install/joy_controller/share/joy_controller/cmake/joy_controller__rosidl_typesupport_introspection_cppExport-noconfig.cmake
-- Up-to-date: /root/working/ros2_ws/install/joy_controller/share/joy_controller/cmake/joy_controller__rosidl_typesupport_cppExport.cmake
-- Up-to-date: /root/working/ros2_ws/install/joy_controller/share/joy_controller/cmake/joy_controller__rosidl_typesupport_cppExport-noconfig.cmake
-- Up-to-date: /root/working/ros2_ws/install/joy_controller/share/joy_controller/cmake/export_joy_controller__rosidl_generator_pyExport.cmake
-- Up-to-date: /root/working/ros2_ws/install/joy_controller/share/joy_controller/cmake/export_joy_controller__rosidl_generator_pyExport-noconfig.cmake
-- Up-to-date: /root/working/ros2_ws/install/joy_controller/share/joy_controller/cmake/rosidl_cmake-extras.cmake
-- Up-to-date: /root/working/ros2_ws/install/joy_controller/share/joy_controller/cmake/ament_cmake_export_include_directories-extras.cmake
-- Up-to-date: /root/working/ros2_ws/install/joy_controller/share/joy_controller/cmake/ament_cmake_export_libraries-extras.cmake
-- Up-to-date: /root/working/ros2_ws/install/joy_controller/share/joy_controller/cmake/ament_cmake_export_targets-extras.cmake
-- Up-to-date: /root/working/ros2_ws/install/joy_controller/share/joy_controller/cmake/rosidl_cmake_export_typesupport_targets-extras.cmake
-- Up-to-date: /root/working/ros2_ws/install/joy_controller/share/joy_controller/cmake/ament_cmake_export_dependencies-extras.cmake
-- Up-to-date: /root/working/ros2_ws/install/joy_controller/share/joy_controller/cmake/rosidl_cmake_export_typesupport_libraries-extras.cmake
-- Up-to-date: /root/working/ros2_ws/install/joy_controller/share/joy_controller/cmake/joy_controllerConfig.cmake
-- Up-to-date: /root/working/ros2_ws/install/joy_controller/share/joy_controller/cmake/joy_controllerConfig-version.cmake
-- Up-to-date: /root/working/ros2_ws/install/joy_controller/share/joy_controller/package.xml
