[0.022s] Invoking command in '/root/working/ros2_ws/build/joy_controller': CMAKE_PREFIX_PATH=${CMAKE_PREFIX_PATH}:/opt/ros/humble /usr/bin/cmake --build /root/working/ros2_ws/build/joy_controller -- -j4 -l4
[0.110s] [35m[1mConsolidate compiler generated dependencies of target sub[0m
[0.112s] [  3%] Built target joy_controller__cpp
[0.128s] [ 12%] Built target joy_controller__rosidl_generator_c
[0.134s] [ 12%] Built target ament_cmake_python_copy_joy_controller
[0.155s] [ 21%] Built target joy_controller__rosidl_typesupport_cpp
[0.165s] [ 24%] [32mBuilding CXX object CMakeFiles/sub.dir/src/my_joy.cpp.o[0m
[0.175s] [ 33%] Built target joy_controller__rosidl_typesupport_fastrtps_cpp
[0.175s] [ 42%] Built target joy_controller__rosidl_typesupport_introspection_c
[0.196s] [ 51%] Built target joy_controller__rosidl_typesupport_c
[0.229s] [ 60%] Built target joy_controller__rosidl_typesupport_introspection_cpp
[0.243s] [ 69%] Built target joy_controller__rosidl_typesupport_fastrtps_c
[0.271s] [ 69%] Built target joy_controller
[0.303s] [ 72%] Built target joy_controller__py
[0.337s] [ 78%] Built target joy_controller__rosidl_generator_py
[0.381s] [ 84%] Built target joy_controller__rosidl_typesupport_introspection_c__pyext
[0.382s] [ 90%] Built target joy_controller__rosidl_typesupport_fastrtps_c__pyext
[0.427s] [ 96%] Built target joy_controller__rosidl_typesupport_c__pyext
[0.597s] running egg_info
[0.598s] writing joy_controller.egg-info/PKG-INFO
[0.598s] writing dependency_links to joy_controller.egg-info/dependency_links.txt
[0.599s] writing top-level names to joy_controller.egg-info/top_level.txt
[0.602s] reading manifest file 'joy_controller.egg-info/SOURCES.txt'
[0.604s] writing manifest file 'joy_controller.egg-info/SOURCES.txt'
[0.646s] [ 96%] Built target ament_cmake_python_build_joy_controller_egg
[14.559s] [100%] [32m[1mLinking CXX executable sub[0m
[15.278s] [100%] Built target sub
[15.294s] Invoked command in '/root/working/ros2_ws/build/joy_controller' returned '0': CMAKE_PREFIX_PATH=${CMAKE_PREFIX_PATH}:/opt/ros/humble /usr/bin/cmake --build /root/working/ros2_ws/build/joy_controller -- -j4 -l4
[15.308s] Invoking command in '/root/working/ros2_ws/build/joy_controller': CMAKE_PREFIX_PATH=${CMAKE_PREFIX_PATH}:/opt/ros/humble /usr/bin/cmake --install /root/working/ros2_ws/build/joy_controller
[15.318s] -- Install configuration: ""
[15.319s] -- Installing: /root/working/ros2_ws/install/joy_controller/lib/joy_controller/sub
[15.324s] -- Set runtime path of "/root/working/ros2_ws/install/joy_controller/lib/joy_controller/sub" to ""
[15.325s] -- Up-to-date: /root/working/ros2_ws/install/joy_controller/share/ament_index/resource_index/rosidl_interfaces/joy_controller
[15.325s] -- Up-to-date: /root/working/ros2_ws/install/joy_controller/include/joy_controller/joy_controller
[15.325s] -- Up-to-date: /root/working/ros2_ws/install/joy_controller/include/joy_controller/joy_controller/msg
[15.325s] -- Up-to-date: /root/working/ros2_ws/install/joy_controller/include/joy_controller/joy_controller/msg/my_custom_message.h
[15.325s] -- Up-to-date: /root/working/ros2_ws/install/joy_controller/include/joy_controller/joy_controller/msg/rosidl_generator_c__visibility_control.h
[15.326s] -- Up-to-date: /root/working/ros2_ws/install/joy_controller/include/joy_controller/joy_controller/msg/detail
[15.326s] -- Up-to-date: /root/working/ros2_ws/install/joy_controller/include/joy_controller/joy_controller/msg/detail/my_custom_message__struct.h
[15.326s] -- Up-to-date: /root/working/ros2_ws/install/joy_controller/include/joy_controller/joy_controller/msg/detail/my_custom_message__functions.h
[15.326s] -- Up-to-date: /root/working/ros2_ws/install/joy_controller/include/joy_controller/joy_controller/msg/detail/my_custom_message__functions.c
[15.326s] -- Up-to-date: /root/working/ros2_ws/install/joy_controller/include/joy_controller/joy_controller/msg/detail/my_custom_message__type_support.h
[15.326s] -- Up-to-date: /root/working/ros2_ws/install/joy_controller/share/joy_controller/environment/library_path.sh
[15.327s] -- Up-to-date: /root/working/ros2_ws/install/joy_controller/share/joy_controller/environment/library_path.dsv
[15.327s] -- Up-to-date: /root/working/ros2_ws/install/joy_controller/lib/libjoy_controller__rosidl_generator_c.so
[15.327s] -- Up-to-date: /root/working/ros2_ws/install/joy_controller/include/joy_controller/joy_controller
[15.327s] -- Up-to-date: /root/working/ros2_ws/install/joy_controller/include/joy_controller/joy_controller/msg
[15.328s] -- Up-to-date: /root/working/ros2_ws/install/joy_controller/include/joy_controller/joy_controller/msg/rosidl_typesupport_fastrtps_c__visibility_control.h
[15.328s] -- Up-to-date: /root/working/ros2_ws/install/joy_controller/include/joy_controller/joy_controller/msg/detail
[15.328s] -- Up-to-date: /root/working/ros2_ws/install/joy_controller/include/joy_controller/joy_controller/msg/detail/my_custom_message__rosidl_typesupport_fastrtps_c.h
[15.329s] -- Up-to-date: /root/working/ros2_ws/install/joy_controller/lib/libjoy_controller__rosidl_typesupport_fastrtps_c.so
[15.329s] -- Up-to-date: /root/working/ros2_ws/install/joy_controller/include/joy_controller/joy_controller
[15.329s] -- Up-to-date: /root/working/ros2_ws/install/joy_controller/include/joy_controller/joy_controller/msg
[15.330s] -- Up-to-date: /root/working/ros2_ws/install/joy_controller/include/joy_controller/joy_controller/msg/rosidl_generator_cpp__visibility_control.hpp
[15.330s] -- Up-to-date: /root/working/ros2_ws/install/joy_controller/include/joy_controller/joy_controller/msg/detail
[15.330s] -- Up-to-date: /root/working/ros2_ws/install/joy_controller/include/joy_controller/joy_controller/msg/detail/my_custom_message__type_support.hpp
[15.330s] -- Up-to-date: /root/working/ros2_ws/install/joy_controller/include/joy_controller/joy_controller/msg/detail/my_custom_message__traits.hpp
[15.331s] -- Up-to-date: /root/working/ros2_ws/install/joy_controller/include/joy_controller/joy_controller/msg/detail/my_custom_message__struct.hpp
[15.331s] -- Up-to-date: /root/working/ros2_ws/install/joy_controller/include/joy_controller/joy_controller/msg/detail/my_custom_message__builder.hpp
[15.331s] -- Up-to-date: /root/working/ros2_ws/install/joy_controller/include/joy_controller/joy_controller/msg/my_custom_message.hpp
[15.331s] -- Up-to-date: /root/working/ros2_ws/install/joy_controller/include/joy_controller/joy_controller
[15.331s] -- Up-to-date: /root/working/ros2_ws/install/joy_controller/include/joy_controller/joy_controller/msg
[15.331s] -- Up-to-date: /root/working/ros2_ws/install/joy_controller/include/joy_controller/joy_controller/msg/detail
[15.331s] -- Up-to-date: /root/working/ros2_ws/install/joy_controller/include/joy_controller/joy_controller/msg/detail/my_custom_message__rosidl_typesupport_fastrtps_cpp.hpp
[15.332s] -- Up-to-date: /root/working/ros2_ws/install/joy_controller/include/joy_controller/joy_controller/msg/detail/dds_fastrtps
[15.332s] -- Up-to-date: /root/working/ros2_ws/install/joy_controller/include/joy_controller/joy_controller/msg/rosidl_typesupport_fastrtps_cpp__visibility_control.h
[15.333s] -- Up-to-date: /root/working/ros2_ws/install/joy_controller/lib/libjoy_controller__rosidl_typesupport_fastrtps_cpp.so
[15.333s] -- Up-to-date: /root/working/ros2_ws/install/joy_controller/include/joy_controller/joy_controller
[15.333s] -- Up-to-date: /root/working/ros2_ws/install/joy_controller/include/joy_controller/joy_controller/msg
[15.334s] -- Up-to-date: /root/working/ros2_ws/install/joy_controller/include/joy_controller/joy_controller/msg/detail
[15.334s] -- Up-to-date: /root/working/ros2_ws/install/joy_controller/include/joy_controller/joy_controller/msg/detail/my_custom_message__rosidl_typesupport_introspection_c.h
[15.334s] -- Up-to-date: /root/working/ros2_ws/install/joy_controller/include/joy_controller/joy_controller/msg/detail/my_custom_message__type_support.c
[15.334s] -- Up-to-date: /root/working/ros2_ws/install/joy_controller/include/joy_controller/joy_controller/msg/rosidl_typesupport_introspection_c__visibility_control.h
[15.335s] -- Up-to-date: /root/working/ros2_ws/install/joy_controller/lib/libjoy_controller__rosidl_typesupport_introspection_c.so
[15.336s] -- Up-to-date: /root/working/ros2_ws/install/joy_controller/lib/libjoy_controller__rosidl_typesupport_c.so
[15.336s] -- Up-to-date: /root/working/ros2_ws/install/joy_controller/include/joy_controller/joy_controller
[15.336s] -- Up-to-date: /root/working/ros2_ws/install/joy_controller/include/joy_controller/joy_controller/msg
[15.337s] -- Up-to-date: /root/working/ros2_ws/install/joy_controller/include/joy_controller/joy_controller/msg/detail
[15.337s] -- Up-to-date: /root/working/ros2_ws/install/joy_controller/include/joy_controller/joy_controller/msg/detail/my_custom_message__rosidl_typesupport_introspection_cpp.hpp
[15.337s] -- Up-to-date: /root/working/ros2_ws/install/joy_controller/include/joy_controller/joy_controller/msg/detail/my_custom_message__type_support.cpp
[15.338s] -- Up-to-date: /root/working/ros2_ws/install/joy_controller/lib/libjoy_controller__rosidl_typesupport_introspection_cpp.so
[15.339s] -- Up-to-date: /root/working/ros2_ws/install/joy_controller/lib/libjoy_controller__rosidl_typesupport_cpp.so
[15.339s] -- Up-to-date: /root/working/ros2_ws/install/joy_controller/share/joy_controller/environment/pythonpath.sh
[15.339s] -- Up-to-date: /root/working/ros2_ws/install/joy_controller/share/joy_controller/environment/pythonpath.dsv
[15.340s] -- Up-to-date: /root/working/ros2_ws/install/joy_controller/local/lib/python3.10/dist-packages/joy_controller-0.0.0-py3.10.egg-info
[15.340s] -- Installing: /root/working/ros2_ws/install/joy_controller/local/lib/python3.10/dist-packages/joy_controller-0.0.0-py3.10.egg-info/SOURCES.txt
[15.340s] -- Installing: /root/working/ros2_ws/install/joy_controller/local/lib/python3.10/dist-packages/joy_controller-0.0.0-py3.10.egg-info/top_level.txt
[15.340s] -- Installing: /root/working/ros2_ws/install/joy_controller/local/lib/python3.10/dist-packages/joy_controller-0.0.0-py3.10.egg-info/PKG-INFO
[15.340s] -- Installing: /root/working/ros2_ws/install/joy_controller/local/lib/python3.10/dist-packages/joy_controller-0.0.0-py3.10.egg-info/dependency_links.txt
[15.341s] -- Up-to-date: /root/working/ros2_ws/install/joy_controller/local/lib/python3.10/dist-packages/joy_controller
[15.341s] -- Up-to-date: /root/working/ros2_ws/install/joy_controller/local/lib/python3.10/dist-packages/joy_controller/_joy_controller_s.ep.rosidl_typesupport_introspection_c.c
[15.341s] -- Up-to-date: /root/working/ros2_ws/install/joy_controller/local/lib/python3.10/dist-packages/joy_controller/joy_controller_s__rosidl_typesupport_fastrtps_c.cpython-310-x86_64-linux-gnu.so
[15.341s] -- Up-to-date: /root/working/ros2_ws/install/joy_controller/local/lib/python3.10/dist-packages/joy_controller/joy_controller_s__rosidl_typesupport_introspection_c.cpython-310-x86_64-linux-gnu.so
[15.341s] -- Up-to-date: /root/working/ros2_ws/install/joy_controller/local/lib/python3.10/dist-packages/joy_controller/_joy_controller_s.ep.rosidl_typesupport_c.c
[15.342s] -- Up-to-date: /root/working/ros2_ws/install/joy_controller/local/lib/python3.10/dist-packages/joy_controller/joy_controller_s__rosidl_typesupport_c.cpython-310-x86_64-linux-gnu.so
[15.342s] -- Up-to-date: /root/working/ros2_ws/install/joy_controller/local/lib/python3.10/dist-packages/joy_controller/libjoy_controller__rosidl_generator_py.so
[15.342s] -- Up-to-date: /root/working/ros2_ws/install/joy_controller/local/lib/python3.10/dist-packages/joy_controller/_joy_controller_s.ep.rosidl_typesupport_fastrtps_c.c
[15.342s] -- Up-to-date: /root/working/ros2_ws/install/joy_controller/local/lib/python3.10/dist-packages/joy_controller/msg
[15.342s] -- Up-to-date: /root/working/ros2_ws/install/joy_controller/local/lib/python3.10/dist-packages/joy_controller/msg/_my_custom_message.py
[15.342s] -- Up-to-date: /root/working/ros2_ws/install/joy_controller/local/lib/python3.10/dist-packages/joy_controller/msg/_my_custom_message_s.c
[15.342s] -- Up-to-date: /root/working/ros2_ws/install/joy_controller/local/lib/python3.10/dist-packages/joy_controller/msg/__init__.py
[15.342s] -- Up-to-date: /root/working/ros2_ws/install/joy_controller/local/lib/python3.10/dist-packages/joy_controller/__init__.py
[15.392s] Listing '/root/working/ros2_ws/install/joy_controller/local/lib/python3.10/dist-packages/joy_controller'...
[15.392s] Listing '/root/working/ros2_ws/install/joy_controller/local/lib/python3.10/dist-packages/joy_controller/msg'...
[15.399s] -- Up-to-date: /root/working/ros2_ws/install/joy_controller/local/lib/python3.10/dist-packages/joy_controller/joy_controller_s__rosidl_typesupport_fastrtps_c.cpython-310-x86_64-linux-gnu.so
[15.400s] -- Up-to-date: /root/working/ros2_ws/install/joy_controller/local/lib/python3.10/dist-packages/joy_controller/joy_controller_s__rosidl_typesupport_introspection_c.cpython-310-x86_64-linux-gnu.so
[15.401s] -- Up-to-date: /root/working/ros2_ws/install/joy_controller/local/lib/python3.10/dist-packages/joy_controller/joy_controller_s__rosidl_typesupport_c.cpython-310-x86_64-linux-gnu.so
[15.401s] -- Up-to-date: /root/working/ros2_ws/install/joy_controller/lib/libjoy_controller__rosidl_generator_py.so
[15.402s] -- Up-to-date: /root/working/ros2_ws/install/joy_controller/share/joy_controller/msg/MyCustomMessage.idl
[15.402s] -- Up-to-date: /root/working/ros2_ws/install/joy_controller/share/joy_controller/msg/MyCustomMessage.msg
[15.403s] -- Up-to-date: /root/working/ros2_ws/install/joy_controller/share/ament_index/resource_index/package_run_dependencies/joy_controller
[15.403s] -- Up-to-date: /root/working/ros2_ws/install/joy_controller/share/ament_index/resource_index/parent_prefix_path/joy_controller
[15.403s] -- Up-to-date: /root/working/ros2_ws/install/joy_controller/share/joy_controller/environment/ament_prefix_path.sh
[15.403s] -- Up-to-date: /root/working/ros2_ws/install/joy_controller/share/joy_controller/environment/ament_prefix_path.dsv
[15.404s] -- Up-to-date: /root/working/ros2_ws/install/joy_controller/share/joy_controller/environment/path.sh
[15.404s] -- Up-to-date: /root/working/ros2_ws/install/joy_controller/share/joy_controller/environment/path.dsv
[15.404s] -- Up-to-date: /root/working/ros2_ws/install/joy_controller/share/joy_controller/local_setup.bash
[15.404s] -- Up-to-date: /root/working/ros2_ws/install/joy_controller/share/joy_controller/local_setup.sh
[15.404s] -- Up-to-date: /root/working/ros2_ws/install/joy_controller/share/joy_controller/local_setup.zsh
[15.404s] -- Up-to-date: /root/working/ros2_ws/install/joy_controller/share/joy_controller/local_setup.dsv
[15.405s] -- Installing: /root/working/ros2_ws/install/joy_controller/share/joy_controller/package.dsv
[15.405s] -- Up-to-date: /root/working/ros2_ws/install/joy_controller/share/ament_index/resource_index/packages/joy_controller
[15.405s] -- Up-to-date: /root/working/ros2_ws/install/joy_controller/share/joy_controller/cmake/export_joy_controller__rosidl_generator_cExport.cmake
[15.405s] -- Up-to-date: /root/working/ros2_ws/install/joy_controller/share/joy_controller/cmake/export_joy_controller__rosidl_generator_cExport-noconfig.cmake
[15.405s] -- Up-to-date: /root/working/ros2_ws/install/joy_controller/share/joy_controller/cmake/export_joy_controller__rosidl_typesupport_fastrtps_cExport.cmake
[15.405s] -- Up-to-date: /root/working/ros2_ws/install/joy_controller/share/joy_controller/cmake/export_joy_controller__rosidl_typesupport_fastrtps_cExport-noconfig.cmake
[15.406s] -- Up-to-date: /root/working/ros2_ws/install/joy_controller/share/joy_controller/cmake/export_joy_controller__rosidl_generator_cppExport.cmake
[15.406s] -- Up-to-date: /root/working/ros2_ws/install/joy_controller/share/joy_controller/cmake/export_joy_controller__rosidl_typesupport_fastrtps_cppExport.cmake
[15.406s] -- Up-to-date: /root/working/ros2_ws/install/joy_controller/share/joy_controller/cmake/export_joy_controller__rosidl_typesupport_fastrtps_cppExport-noconfig.cmake
[15.407s] -- Up-to-date: /root/working/ros2_ws/install/joy_controller/share/joy_controller/cmake/joy_controller__rosidl_typesupport_introspection_cExport.cmake
[15.407s] -- Up-to-date: /root/working/ros2_ws/install/joy_controller/share/joy_controller/cmake/joy_controller__rosidl_typesupport_introspection_cExport-noconfig.cmake
[15.407s] -- Up-to-date: /root/working/ros2_ws/install/joy_controller/share/joy_controller/cmake/joy_controller__rosidl_typesupport_cExport.cmake
[15.408s] -- Up-to-date: /root/working/ros2_ws/install/joy_controller/share/joy_controller/cmake/joy_controller__rosidl_typesupport_cExport-noconfig.cmake
[15.408s] -- Up-to-date: /root/working/ros2_ws/install/joy_controller/share/joy_controller/cmake/joy_controller__rosidl_typesupport_introspection_cppExport.cmake
[15.408s] -- Up-to-date: /root/working/ros2_ws/install/joy_controller/share/joy_controller/cmake/joy_controller__rosidl_typesupport_introspection_cppExport-noconfig.cmake
[15.409s] -- Up-to-date: /root/working/ros2_ws/install/joy_controller/share/joy_controller/cmake/joy_controller__rosidl_typesupport_cppExport.cmake
[15.409s] -- Up-to-date: /root/working/ros2_ws/install/joy_controller/share/joy_controller/cmake/joy_controller__rosidl_typesupport_cppExport-noconfig.cmake
[15.409s] -- Up-to-date: /root/working/ros2_ws/install/joy_controller/share/joy_controller/cmake/export_joy_controller__rosidl_generator_pyExport.cmake
[15.409s] -- Up-to-date: /root/working/ros2_ws/install/joy_controller/share/joy_controller/cmake/export_joy_controller__rosidl_generator_pyExport-noconfig.cmake
[15.410s] -- Up-to-date: /root/working/ros2_ws/install/joy_controller/share/joy_controller/cmake/rosidl_cmake-extras.cmake
[15.410s] -- Up-to-date: /root/working/ros2_ws/install/joy_controller/share/joy_controller/cmake/ament_cmake_export_include_directories-extras.cmake
[15.410s] -- Up-to-date: /root/working/ros2_ws/install/joy_controller/share/joy_controller/cmake/ament_cmake_export_libraries-extras.cmake
[15.410s] -- Up-to-date: /root/working/ros2_ws/install/joy_controller/share/joy_controller/cmake/ament_cmake_export_targets-extras.cmake
[15.410s] -- Up-to-date: /root/working/ros2_ws/install/joy_controller/share/joy_controller/cmake/rosidl_cmake_export_typesupport_targets-extras.cmake
[15.410s] -- Up-to-date: /root/working/ros2_ws/install/joy_controller/share/joy_controller/cmake/ament_cmake_export_dependencies-extras.cmake
[15.411s] -- Up-to-date: /root/working/ros2_ws/install/joy_controller/share/joy_controller/cmake/rosidl_cmake_export_typesupport_libraries-extras.cmake
[15.411s] -- Up-to-date: /root/working/ros2_ws/install/joy_controller/share/joy_controller/cmake/joy_controllerConfig.cmake
[15.411s] -- Up-to-date: /root/working/ros2_ws/install/joy_controller/share/joy_controller/cmake/joy_controllerConfig-version.cmake
[15.411s] -- Up-to-date: /root/working/ros2_ws/install/joy_controller/share/joy_controller/package.xml
[15.414s] Invoked command in '/root/working/ros2_ws/build/joy_controller' returned '0': CMAKE_PREFIX_PATH=${CMAKE_PREFIX_PATH}:/opt/ros/humble /usr/bin/cmake --install /root/working/ros2_ws/build/joy_controller
