[35m[1mConsolidate compiler generated dependencies of target driver_node[0m
[ 50%] [32mBuilding CXX object CMakeFiles/driver_node.dir/src/driver.cpp.o[0m
[01m[K/root/working/test_ws/yano_ws/src/driver/src/driver.cpp:[m[K In member function ‘[01m[Kvoid Driver::driver_callback(const DriverVelocity&)[m[K’:
[01m[K/root/working/test_ws/yano_ws/src/driver/src/driver.cpp:222:16:[m[K [01;35m[Kwarning: [m[Kunused variable ‘[01m[KM1_counts_per_sec[m[K’ [[01;35m[K-Wunused-variable[m[K]
  222 |         double [01;35m[KM1_counts_per_sec[m[K = velocity_to_counts_per_sec(msg.m1_vel);
      |                [01;35m[K^~~~~~~~~~~~~~~~~[m[K
[100%] [32m[1mLinking CXX executable driver_node[0m
[100%] Built target driver_node
-- Install configuration: ""
-- Installing: /root/working/test_ws/yano_ws/install/driver/lib/driver/driver_node
-- Set runtime path of "/root/working/test_ws/yano_ws/install/driver/lib/driver/driver_node" to ""
-- Up-to-date: /root/working/test_ws/yano_ws/install/driver/share/ament_index/resource_index/package_run_dependencies/driver
-- Up-to-date: /root/working/test_ws/yano_ws/install/driver/share/ament_index/resource_index/parent_prefix_path/driver
-- Up-to-date: /root/working/test_ws/yano_ws/install/driver/share/driver/environment/ament_prefix_path.sh
-- Up-to-date: /root/working/test_ws/yano_ws/install/driver/share/driver/environment/ament_prefix_path.dsv
-- Up-to-date: /root/working/test_ws/yano_ws/install/driver/share/driver/environment/path.sh
-- Up-to-date: /root/working/test_ws/yano_ws/install/driver/share/driver/environment/path.dsv
-- Up-to-date: /root/working/test_ws/yano_ws/install/driver/share/driver/local_setup.bash
-- Up-to-date: /root/working/test_ws/yano_ws/install/driver/share/driver/local_setup.sh
-- Up-to-date: /root/working/test_ws/yano_ws/install/driver/share/driver/local_setup.zsh
-- Up-to-date: /root/working/test_ws/yano_ws/install/driver/share/driver/local_setup.dsv
-- Installing: /root/working/test_ws/yano_ws/install/driver/share/driver/package.dsv
-- Up-to-date: /root/working/test_ws/yano_ws/install/driver/share/ament_index/resource_index/packages/driver
-- Up-to-date: /root/working/test_ws/yano_ws/install/driver/share/driver/cmake/driverConfig.cmake
-- Up-to-date: /root/working/test_ws/yano_ws/install/driver/share/driver/cmake/driverConfig-version.cmake
-- Up-to-date: /root/working/test_ws/yano_ws/install/driver/share/driver/package.xml
