[0.047s] Invoking command in '/root/working/test_ws/yano_ws/build/driver': CMAKE_PREFIX_PATH=/root/working/test_ws/yano_ws/install/custom_interfaces:/root/working/test_ws/yano_ws/install/usb_camera:/root/working/test_ws/yano_ws/install/operator:/root/working/test_ws/yano_ws/install/flipper:/root/working/test_ws/yano_ws/install/dynamixel_workbench:/root/working/test_ws/yano_ws/install/dynamixel_workbench_toolbox:/root/working/test_ws/yano_ws/install/dynamixel_workbench_msgs:/root/working/test_ws/yano_ws/install/dynamixel_sdk_examples:/root/working/test_ws/yano_ws/install/dynamixel_sdk_custom_interfaces:/root/working/test_ws/yano_ws/install/dynamixel_sdk:/root/working/test_ws/yano_ws/install/driver:/opt/ros/humble LD_LIBRARY_PATH=/root/working/test_ws/yano_ws/install/custom_interfaces/lib:/opt/ros/humble/opt/rviz_ogre_vendor/lib:/opt/ros/humble/lib/x86_64-linux-gnu:/opt/ros/humble/lib:/root/working/test_ws/yano_ws/install/dynamixel_workbench_toolbox/lib:/root/working/test_ws/yano_ws/install/dynamixel_workbench_msgs/lib:/root/working/test_ws/yano_ws/install/dynamixel_sdk_custom_interfaces/lib:/root/working/test_ws/yano_ws/install/dynamixel_sdk/lib /usr/bin/cmake --build /root/working/test_ws/yano_ws/build/driver -- -j4 -l4
[0.099s] [35m[1mConsolidate compiler generated dependencies of target driver_node[0m
[0.141s] [ 50%] [32mBuilding CXX object CMakeFiles/driver_node.dir/src/driver.cpp.o[0m
[5.019s] [01m[K/root/working/test_ws/yano_ws/src/driver/src/driver.cpp:[m[K In member function ‘[01m[Kvoid Driver::driver_callback(const DriverVelocity&)[m[K’:
[5.019s] [01m[K/root/working/test_ws/yano_ws/src/driver/src/driver.cpp:222:16:[m[K [01;35m[Kwarning: [m[Kunused variable ‘[01m[KM1_counts_per_sec[m[K’ [[01;35m[K-Wunused-variable[m[K]
[5.019s]   222 |         double [01;35m[KM1_counts_per_sec[m[K = velocity_to_counts_per_sec(msg.m1_vel);
[5.019s]       |                [01;35m[K^~~~~~~~~~~~~~~~~[m[K
[17.202s] [100%] [32m[1mLinking CXX executable driver_node[0m
[18.089s] [100%] Built target driver_node
[18.104s] Invoked command in '/root/working/test_ws/yano_ws/build/driver' returned '0': CMAKE_PREFIX_PATH=/root/working/test_ws/yano_ws/install/custom_interfaces:/root/working/test_ws/yano_ws/install/usb_camera:/root/working/test_ws/yano_ws/install/operator:/root/working/test_ws/yano_ws/install/flipper:/root/working/test_ws/yano_ws/install/dynamixel_workbench:/root/working/test_ws/yano_ws/install/dynamixel_workbench_toolbox:/root/working/test_ws/yano_ws/install/dynamixel_workbench_msgs:/root/working/test_ws/yano_ws/install/dynamixel_sdk_examples:/root/working/test_ws/yano_ws/install/dynamixel_sdk_custom_interfaces:/root/working/test_ws/yano_ws/install/dynamixel_sdk:/root/working/test_ws/yano_ws/install/driver:/opt/ros/humble LD_LIBRARY_PATH=/root/working/test_ws/yano_ws/install/custom_interfaces/lib:/opt/ros/humble/opt/rviz_ogre_vendor/lib:/opt/ros/humble/lib/x86_64-linux-gnu:/opt/ros/humble/lib:/root/working/test_ws/yano_ws/install/dynamixel_workbench_toolbox/lib:/root/working/test_ws/yano_ws/install/dynamixel_workbench_msgs/lib:/root/working/test_ws/yano_ws/install/dynamixel_sdk_custom_interfaces/lib:/root/working/test_ws/yano_ws/install/dynamixel_sdk/lib /usr/bin/cmake --build /root/working/test_ws/yano_ws/build/driver -- -j4 -l4
[18.107s] Invoking command in '/root/working/test_ws/yano_ws/build/driver': CMAKE_PREFIX_PATH=/root/working/test_ws/yano_ws/install/custom_interfaces:/root/working/test_ws/yano_ws/install/usb_camera:/root/working/test_ws/yano_ws/install/operator:/root/working/test_ws/yano_ws/install/flipper:/root/working/test_ws/yano_ws/install/dynamixel_workbench:/root/working/test_ws/yano_ws/install/dynamixel_workbench_toolbox:/root/working/test_ws/yano_ws/install/dynamixel_workbench_msgs:/root/working/test_ws/yano_ws/install/dynamixel_sdk_examples:/root/working/test_ws/yano_ws/install/dynamixel_sdk_custom_interfaces:/root/working/test_ws/yano_ws/install/dynamixel_sdk:/root/working/test_ws/yano_ws/install/driver:/opt/ros/humble LD_LIBRARY_PATH=/root/working/test_ws/yano_ws/install/custom_interfaces/lib:/opt/ros/humble/opt/rviz_ogre_vendor/lib:/opt/ros/humble/lib/x86_64-linux-gnu:/opt/ros/humble/lib:/root/working/test_ws/yano_ws/install/dynamixel_workbench_toolbox/lib:/root/working/test_ws/yano_ws/install/dynamixel_workbench_msgs/lib:/root/working/test_ws/yano_ws/install/dynamixel_sdk_custom_interfaces/lib:/root/working/test_ws/yano_ws/install/dynamixel_sdk/lib /usr/bin/cmake --install /root/working/test_ws/yano_ws/build/driver
[18.117s] -- Install configuration: ""
[18.117s] -- Installing: /root/working/test_ws/yano_ws/install/driver/lib/driver/driver_node
[18.126s] -- Set runtime path of "/root/working/test_ws/yano_ws/install/driver/lib/driver/driver_node" to ""
[18.126s] -- Up-to-date: /root/working/test_ws/yano_ws/install/driver/share/ament_index/resource_index/package_run_dependencies/driver
[18.126s] -- Up-to-date: /root/working/test_ws/yano_ws/install/driver/share/ament_index/resource_index/parent_prefix_path/driver
[18.126s] -- Up-to-date: /root/working/test_ws/yano_ws/install/driver/share/driver/environment/ament_prefix_path.sh
[18.127s] -- Up-to-date: /root/working/test_ws/yano_ws/install/driver/share/driver/environment/ament_prefix_path.dsv
[18.127s] -- Up-to-date: /root/working/test_ws/yano_ws/install/driver/share/driver/environment/path.sh
[18.127s] -- Up-to-date: /root/working/test_ws/yano_ws/install/driver/share/driver/environment/path.dsv
[18.127s] -- Up-to-date: /root/working/test_ws/yano_ws/install/driver/share/driver/local_setup.bash
[18.127s] -- Up-to-date: /root/working/test_ws/yano_ws/install/driver/share/driver/local_setup.sh
[18.127s] -- Up-to-date: /root/working/test_ws/yano_ws/install/driver/share/driver/local_setup.zsh
[18.128s] -- Up-to-date: /root/working/test_ws/yano_ws/install/driver/share/driver/local_setup.dsv
[18.128s] -- Installing: /root/working/test_ws/yano_ws/install/driver/share/driver/package.dsv
[18.128s] -- Up-to-date: /root/working/test_ws/yano_ws/install/driver/share/ament_index/resource_index/packages/driver
[18.128s] -- Up-to-date: /root/working/test_ws/yano_ws/install/driver/share/driver/cmake/driverConfig.cmake
[18.128s] -- Up-to-date: /root/working/test_ws/yano_ws/install/driver/share/driver/cmake/driverConfig-version.cmake
[18.128s] -- Up-to-date: /root/working/test_ws/yano_ws/install/driver/share/driver/package.xml
[18.131s] Invoked command in '/root/working/test_ws/yano_ws/build/driver' returned '0': CMAKE_PREFIX_PATH=/root/working/test_ws/yano_ws/install/custom_interfaces:/root/working/test_ws/yano_ws/install/usb_camera:/root/working/test_ws/yano_ws/install/operator:/root/working/test_ws/yano_ws/install/flipper:/root/working/test_ws/yano_ws/install/dynamixel_workbench:/root/working/test_ws/yano_ws/install/dynamixel_workbench_toolbox:/root/working/test_ws/yano_ws/install/dynamixel_workbench_msgs:/root/working/test_ws/yano_ws/install/dynamixel_sdk_examples:/root/working/test_ws/yano_ws/install/dynamixel_sdk_custom_interfaces:/root/working/test_ws/yano_ws/install/dynamixel_sdk:/root/working/test_ws/yano_ws/install/driver:/opt/ros/humble LD_LIBRARY_PATH=/root/working/test_ws/yano_ws/install/custom_interfaces/lib:/opt/ros/humble/opt/rviz_ogre_vendor/lib:/opt/ros/humble/lib/x86_64-linux-gnu:/opt/ros/humble/lib:/root/working/test_ws/yano_ws/install/dynamixel_workbench_toolbox/lib:/root/working/test_ws/yano_ws/install/dynamixel_workbench_msgs/lib:/root/working/test_ws/yano_ws/install/dynamixel_sdk_custom_interfaces/lib:/root/working/test_ws/yano_ws/install/dynamixel_sdk/lib /usr/bin/cmake --install /root/working/test_ws/yano_ws/build/driver
