In file included from [01m[K/opt/ros/humble/include/rclcpp/rclcpp/client.hpp:40[m[K,
                 from [01m[K/opt/ros/humble/include/rclcpp/rclcpp/callback_group.hpp:24[m[K,
                 from [01m[K/opt/ros/humble/include/rclcpp/rclcpp/any_executable.hpp:20[m[K,
                 from [01m[K/opt/ros/humble/include/rclcpp/rclcpp/memory_strategy.hpp:25[m[K,
                 from [01m[K/opt/ros/humble/include/rclcpp/rclcpp/memory_strategies.hpp:18[m[K,
                 from [01m[K/opt/ros/humble/include/rclcpp/rclcpp/executor_options.hpp:20[m[K,
                 from [01m[K/opt/ros/humble/include/rclcpp/rclcpp/executor.hpp:37[m[K,
                 from [01m[K/opt/ros/humble/include/rclcpp/rclcpp/executors/multi_threaded_executor.hpp:25[m[K,
                 from [01m[K/opt/ros/humble/include/rclcpp/rclcpp/executors.hpp:21[m[K,
                 from [01m[K/opt/ros/humble/include/rclcpp/rclcpp/rclcpp.hpp:155[m[K,
                 from [01m[K/root/working/ros2_ws/src/joy_controller/src/my_joy.cpp:6[m[K:
[01m[K/root/working/ros2_ws/src/joy_controller/src/my_joy.cpp:[m[K In member function ‘[01m[Kvoid JoySubscriber::joy_callback(sensor_msgs::msg::Joy_<std::allocator<void> >::SharedPtr)[m[K’:
[01m[K/root/working/ros2_ws/src/joy_controller/src/my_joy.cpp:28:64:[m[K [01;31m[Kerror: [m[Kexpected ‘[01m[K)[m[K’ before string constant
   28 |                               RCLCPP_INFO(this->get_logger() [01;31m[K"%d"[m[K, button);
      |                                                              [01;31m[K^~~~[m[K

[01m[K/root/working/ros2_ws/src/joy_controller/src/my_joy.cpp:28:33:[m[K [01;36m[Knote: [m[Kto match this ‘[01m[K([m[K’
   28 |                                 [01;36m[KRCLCPP_INFO[m[K(this->get_logger() "%d", button);
      |                                 [01;36m[K^~~~~~~~~~~[m[K
[01m[K/root/working/ros2_ws/src/joy_controller/src/my_joy.cpp:28:33:[m[K [01;31m[Kerror: [m[Ktemplate argument 1 is invalid
   28 |                                 [01;31m[KRCLCPP_INFO[m[K(this->get_logger() "%d", button);
      |                                 [01;31m[K^~~~~~~~~~~[m[K
[01m[K/root/working/ros2_ws/src/joy_controller/src/my_joy.cpp:28:33:[m[K [01;31m[Kerror: [m[Ktemplate argument 1 is invalid
   28 |                                 [01;31m[KRCLCPP_INFO[m[K(this->get_logger() "%d", button);
      |                                 [01;31m[K^~~~~~~~~~~[m[K
[01m[K/root/working/ros2_ws/src/joy_controller/src/my_joy.cpp:28:33:[m[K [01;31m[Kerror: [m[Ktemplate argument 1 is invalid
   28 |                                 [01;31m[KRCLCPP_INFO[m[K(this->get_logger() "%d", button);
      |                                 [01;31m[K^~~~~~~~~~~[m[K
In file included from [01m[K/opt/ros/humble/include/rclcpp/rclcpp/logging.hpp:24[m[K,
                 from [01m[K/opt/ros/humble/include/rclcpp/rclcpp/client.hpp:40[m[K,
                 from [01m[K/opt/ros/humble/include/rclcpp/rclcpp/callback_group.hpp:24[m[K,
                 from [01m[K/opt/ros/humble/include/rclcpp/rclcpp/any_executable.hpp:20[m[K,
                 from [01m[K/opt/ros/humble/include/rclcpp/rclcpp/memory_strategy.hpp:25[m[K,
                 from [01m[K/opt/ros/humble/include/rclcpp/rclcpp/memory_strategies.hpp:18[m[K,
                 from [01m[K/opt/ros/humble/include/rclcpp/rclcpp/executor_options.hpp:20[m[K,
                 from [01m[K/opt/ros/humble/include/rclcpp/rclcpp/executor.hpp:37[m[K,
                 from [01m[K/opt/ros/humble/include/rclcpp/rclcpp/executors/multi_threaded_executor.hpp:25[m[K,
                 from [01m[K/opt/ros/humble/include/rclcpp/rclcpp/executors.hpp:21[m[K,
                 from [01m[K/opt/ros/humble/include/rclcpp/rclcpp/rclcpp.hpp:155[m[K,
                 from [01m[K/root/working/ros2_ws/src/joy_controller/src/my_joy.cpp:6[m[K:
[01m[K/root/working/ros2_ws/src/joy_controller/src/my_joy.cpp:28:64:[m[K [01;31m[Kerror: [m[Kexpected ‘[01m[K)[m[K’ before string constant
   28 |                               RCLCPP_INFO(this->get_logger() [01;31m[K"%d"[m[K, button);
      |                                                              [01;31m[K^~~~[m[K

[01m[K/root/working/ros2_ws/src/joy_controller/src/my_joy.cpp:28:33:[m[K [01;36m[Knote: [m[Kto match this ‘[01m[K([m[K’
   28 |                                 [01;36m[KRCLCPP_INFO[m[K(this->get_logger() "%d", button);
      |                                 [01;36m[K^~~~~~~~~~~[m[K
[01m[K/root/working/ros2_ws/src/joy_controller/src/my_joy.cpp:28:33:[m[K [01;31m[Kerror: [m[Kexpected ‘[01m[K)[m[K’ before ‘[01m[K}[m[K’ token
   28 |                                 [01;31m[KRCLCPP_INFO[m[K(this->get_logger() "%d", button);
      |                                 [01;31m[K^~~~~~~~~~~[m[K
[01m[K/root/working/ros2_ws/src/joy_controller/src/my_joy.cpp:28:33:[m[K [01;36m[Knote: [m[Kto match this ‘[01m[K([m[K’
   28 |                                 [01;36m[KRCLCPP_INFO[m[K(this->get_logger() "%d", button);
      |                                 [01;36m[K^~~~~~~~~~~[m[K
[01m[K/root/working/ros2_ws/src/joy_controller/src/my_joy.cpp:28:33:[m[K [01;31m[Kerror: [m[Kexpected ‘[01m[K)[m[K’ before ‘[01m[K}[m[K’ token
   28 |                                 [01;31m[KRCLCPP_INFO[m[K(this->get_logger() "%d", button);
      |                                 [01;31m[K^~~~~~~~~~~[m[K
[01m[K/root/working/ros2_ws/src/joy_controller/src/my_joy.cpp:28:33:[m[K [01;36m[Knote: [m[Kto match this ‘[01m[K([m[K’
   28 |                                 [01;36m[KRCLCPP_INFO[m[K(this->get_logger() "%d", button);
      |                                 [01;36m[K^~~~~~~~~~~[m[K
[01m[K/root/working/ros2_ws/src/joy_controller/src/my_joy.cpp:28:33:[m[K [01;31m[Kerror: [m[Kexpected primary-expression before ‘[01m[K}[m[K’ token
   28 |                                 [01;31m[KRCLCPP_INFO[m[K(this->get_logger() "%d", button);
      |                                 [01;31m[K^~~~~~~~~~~[m[K
[01m[K/root/working/ros2_ws/src/joy_controller/src/my_joy.cpp:27:43:[m[K [01;35m[Kwarning: [m[Kunused variable ‘[01m[Kbutton[m[K’ [[01;35m[K-Wunused-variable[m[K]
   27 |                         for (const auto & [01;35m[Kbutton[m[K : msg->buttons) {
      |                                           [01;35m[K^~~~~~[m[K
gmake[2]: *** [CMakeFiles/sub.dir/build.make:76: CMakeFiles/sub.dir/src/my_joy.cpp.o] Error 1
gmake[1]: *** [CMakeFiles/Makefile2:137: CMakeFiles/sub.dir/all] Error 2
gmake: *** [Makefile:146: all] Error 2
