[0.204s] DEBUG:colcon:Command line arguments: ['/usr/bin/colcon', 'build']
[0.204s] DEBUG:colcon:Parsed command line arguments: Namespace(log_base=None, log_level=None, verb_name='build', build_base='build', install_base='install', merge_install=False, symlink_install=False, test_result_base=None, continue_on_error=False, executor='parallel', parallel_workers=4, event_handlers=None, ignore_user_meta=False, metas=['./colcon.meta'], base_paths=['.'], packages_ignore=None, packages_ignore_regex=None, paths=None, packages_up_to=None, packages_up_to_regex=None, packages_above=None, packages_above_and_dependencies=None, packages_above_depth=None, packages_select_by_dep=None, packages_skip_by_dep=None, packages_skip_up_to=None, packages_select_build_failed=False, packages_skip_build_finished=False, packages_select_test_failures=False, packages_skip_test_passed=False, packages_select=None, packages_skip=None, packages_select_regex=None, packages_skip_regex=None, packages_start=None, packages_end=None, cmake_args=None, cmake_target=None, cmake_target_skip_unavailable=False, cmake_clean_cache=False, cmake_clean_first=False, cmake_force_configure=False, ament_cmake_args=None, catkin_cmake_args=None, catkin_skip_building_tests=False, mixin_files=None, mixin=None, verb_parser=<colcon_mixin.mixin.mixin_argument.MixinArgumentDecorator object at 0x79149cd72680>, verb_extension=<colcon_core.verb.build.BuildVerb object at 0x79149ce5f5b0>, main=<bound method BuildVerb.main of <colcon_core.verb.build.BuildVerb object at 0x79149ce5f5b0>>, mixin_verb=('build',))
[0.489s] Level 1:colcon.colcon_core.package_discovery:discover_packages(colcon_meta) check parameters
[0.490s] INFO:colcon.colcon_metadata.package_discovery.colcon_meta:Using configuration from '/root/.colcon/metadata/default/Gazebo.meta'
[0.491s] INFO:colcon.colcon_metadata.package_discovery.colcon_meta:Using configuration from '/root/.colcon/metadata/default/fastrtps.meta'
[0.491s] Level 1:colcon.colcon_core.package_discovery:discover_packages(recursive) check parameters
[0.491s] Level 1:colcon.colcon_core.package_discovery:discover_packages(ignore) check parameters
[0.491s] Level 1:colcon.colcon_core.package_discovery:discover_packages(path) check parameters
[0.491s] Level 1:colcon.colcon_core.package_discovery:discover_packages(colcon_meta) discover
[0.491s] Level 1:colcon.colcon_core.package_discovery:discover_packages(recursive) discover
[0.491s] INFO:colcon.colcon_core.package_discovery:Crawling recursively for packages in '/root/working/ros2_ws'
[0.491s] Level 1:colcon.colcon_core.package_identification:_identify(.) by extensions ['ignore', 'ignore_ament_install']
[0.491s] Level 1:colcon.colcon_core.package_identification:_identify(.) by extension 'ignore'
[0.491s] Level 1:colcon.colcon_core.package_identification:_identify(.) by extension 'ignore_ament_install'
[0.491s] Level 1:colcon.colcon_core.package_identification:_identify(.) by extensions ['colcon_pkg']
[0.491s] Level 1:colcon.colcon_core.package_identification:_identify(.) by extension 'colcon_pkg'
[0.492s] Level 1:colcon.colcon_core.package_identification:_identify(.) by extensions ['colcon_meta']
[0.492s] Level 1:colcon.colcon_core.package_identification:_identify(.) by extension 'colcon_meta'
[0.492s] Level 1:colcon.colcon_core.package_identification:_identify(.) by extensions ['ros']
[0.492s] Level 1:colcon.colcon_core.package_identification:_identify(.) by extension 'ros'
[0.511s] Level 1:colcon.colcon_core.package_identification:_identify(.) by extensions ['cmake', 'python']
[0.511s] Level 1:colcon.colcon_core.package_identification:_identify(.) by extension 'cmake'
[0.511s] Level 1:colcon.colcon_core.package_identification:_identify(.) by extension 'python'
[0.511s] Level 1:colcon.colcon_core.package_identification:_identify(.) by extensions ['python_setup_py']
[0.511s] Level 1:colcon.colcon_core.package_identification:_identify(.) by extension 'python_setup_py'
[0.511s] Level 1:colcon.colcon_core.package_identification:_identify(build) by extensions ['ignore', 'ignore_ament_install']
[0.511s] Level 1:colcon.colcon_core.package_identification:_identify(build) by extension 'ignore'
[0.511s] Level 1:colcon.colcon_core.package_identification:_identify(build) ignored
[0.511s] Level 1:colcon.colcon_core.package_identification:_identify(install) by extensions ['ignore', 'ignore_ament_install']
[0.512s] Level 1:colcon.colcon_core.package_identification:_identify(install) by extension 'ignore'
[0.512s] Level 1:colcon.colcon_core.package_identification:_identify(install) ignored
[0.512s] Level 1:colcon.colcon_core.package_identification:_identify(launch) by extensions ['ignore', 'ignore_ament_install']
[0.512s] Level 1:colcon.colcon_core.package_identification:_identify(launch) by extension 'ignore'
[0.512s] Level 1:colcon.colcon_core.package_identification:_identify(launch) by extension 'ignore_ament_install'
[0.512s] Level 1:colcon.colcon_core.package_identification:_identify(launch) by extensions ['colcon_pkg']
[0.512s] Level 1:colcon.colcon_core.package_identification:_identify(launch) by extension 'colcon_pkg'
[0.512s] Level 1:colcon.colcon_core.package_identification:_identify(launch) by extensions ['colcon_meta']
[0.512s] Level 1:colcon.colcon_core.package_identification:_identify(launch) by extension 'colcon_meta'
[0.512s] Level 1:colcon.colcon_core.package_identification:_identify(launch) by extensions ['ros']
[0.512s] Level 1:colcon.colcon_core.package_identification:_identify(launch) by extension 'ros'
[0.512s] Level 1:colcon.colcon_core.package_identification:_identify(launch) by extensions ['cmake', 'python']
[0.512s] Level 1:colcon.colcon_core.package_identification:_identify(launch) by extension 'cmake'
[0.512s] Level 1:colcon.colcon_core.package_identification:_identify(launch) by extension 'python'
[0.512s] Level 1:colcon.colcon_core.package_identification:_identify(launch) by extensions ['python_setup_py']
[0.512s] Level 1:colcon.colcon_core.package_identification:_identify(launch) by extension 'python_setup_py'
[0.513s] Level 1:colcon.colcon_core.package_identification:_identify(launch/__pycache__) by extensions ['ignore', 'ignore_ament_install']
[0.513s] Level 1:colcon.colcon_core.package_identification:_identify(launch/__pycache__) by extension 'ignore'
[0.513s] Level 1:colcon.colcon_core.package_identification:_identify(launch/__pycache__) by extension 'ignore_ament_install'
[0.513s] Level 1:colcon.colcon_core.package_identification:_identify(launch/__pycache__) by extensions ['colcon_pkg']
[0.513s] Level 1:colcon.colcon_core.package_identification:_identify(launch/__pycache__) by extension 'colcon_pkg'
[0.513s] Level 1:colcon.colcon_core.package_identification:_identify(launch/__pycache__) by extensions ['colcon_meta']
[0.513s] Level 1:colcon.colcon_core.package_identification:_identify(launch/__pycache__) by extension 'colcon_meta'
[0.513s] Level 1:colcon.colcon_core.package_identification:_identify(launch/__pycache__) by extensions ['ros']
[0.513s] Level 1:colcon.colcon_core.package_identification:_identify(launch/__pycache__) by extension 'ros'
[0.513s] Level 1:colcon.colcon_core.package_identification:_identify(launch/__pycache__) by extensions ['cmake', 'python']
[0.513s] Level 1:colcon.colcon_core.package_identification:_identify(launch/__pycache__) by extension 'cmake'
[0.513s] Level 1:colcon.colcon_core.package_identification:_identify(launch/__pycache__) by extension 'python'
[0.513s] Level 1:colcon.colcon_core.package_identification:_identify(launch/__pycache__) by extensions ['python_setup_py']
[0.513s] Level 1:colcon.colcon_core.package_identification:_identify(launch/__pycache__) by extension 'python_setup_py'
[0.513s] Level 1:colcon.colcon_core.package_identification:_identify(log) by extensions ['ignore', 'ignore_ament_install']
[0.514s] Level 1:colcon.colcon_core.package_identification:_identify(log) by extension 'ignore'
[0.514s] Level 1:colcon.colcon_core.package_identification:_identify(log) ignored
[0.514s] Level 1:colcon.colcon_core.package_identification:_identify(src) by extensions ['ignore', 'ignore_ament_install']
[0.514s] Level 1:colcon.colcon_core.package_identification:_identify(src) by extension 'ignore'
[0.514s] Level 1:colcon.colcon_core.package_identification:_identify(src) by extension 'ignore_ament_install'
[0.514s] Level 1:colcon.colcon_core.package_identification:_identify(src) by extensions ['colcon_pkg']
[0.514s] Level 1:colcon.colcon_core.package_identification:_identify(src) by extension 'colcon_pkg'
[0.514s] Level 1:colcon.colcon_core.package_identification:_identify(src) by extensions ['colcon_meta']
[0.514s] Level 1:colcon.colcon_core.package_identification:_identify(src) by extension 'colcon_meta'
[0.514s] Level 1:colcon.colcon_core.package_identification:_identify(src) by extensions ['ros']
[0.514s] Level 1:colcon.colcon_core.package_identification:_identify(src) by extension 'ros'
[0.514s] Level 1:colcon.colcon_core.package_identification:_identify(src) by extensions ['cmake', 'python']
[0.514s] Level 1:colcon.colcon_core.package_identification:_identify(src) by extension 'cmake'
[0.514s] Level 1:colcon.colcon_core.package_identification:_identify(src) by extension 'python'
[0.514s] Level 1:colcon.colcon_core.package_identification:_identify(src) by extensions ['python_setup_py']
[0.514s] Level 1:colcon.colcon_core.package_identification:_identify(src) by extension 'python_setup_py'
[0.515s] Level 1:colcon.colcon_core.package_identification:_identify(src/joy_controller) by extensions ['ignore', 'ignore_ament_install']
[0.515s] Level 1:colcon.colcon_core.package_identification:_identify(src/joy_controller) by extension 'ignore'
[0.515s] Level 1:colcon.colcon_core.package_identification:_identify(src/joy_controller) by extension 'ignore_ament_install'
[0.515s] Level 1:colcon.colcon_core.package_identification:_identify(src/joy_controller) by extensions ['colcon_pkg']
[0.515s] Level 1:colcon.colcon_core.package_identification:_identify(src/joy_controller) by extension 'colcon_pkg'
[0.515s] Level 1:colcon.colcon_core.package_identification:_identify(src/joy_controller) by extensions ['colcon_meta']
[0.515s] Level 1:colcon.colcon_core.package_identification:_identify(src/joy_controller) by extension 'colcon_meta'
[0.515s] Level 1:colcon.colcon_core.package_identification:_identify(src/joy_controller) by extensions ['ros']
[0.515s] Level 1:colcon.colcon_core.package_identification:_identify(src/joy_controller) by extension 'ros'
[0.521s] DEBUG:colcon.colcon_core.package_identification:Package 'src/joy_controller' with type 'ros.ament_cmake' and name 'joy_controller'
[0.521s] Level 1:colcon.colcon_core.package_discovery:discover_packages(recursive) using defaults
[0.521s] Level 1:colcon.colcon_core.package_discovery:discover_packages(ignore) discover
[0.521s] Level 1:colcon.colcon_core.package_discovery:discover_packages(ignore) using defaults
[0.521s] Level 1:colcon.colcon_core.package_discovery:discover_packages(path) discover
[0.521s] Level 1:colcon.colcon_core.package_discovery:discover_packages(path) using defaults
[0.556s] Level 5:colcon.colcon_core.verb:set package 'joy_controller' build argument 'cmake_args' from command line to 'None'
[0.556s] Level 5:colcon.colcon_core.verb:set package 'joy_controller' build argument 'cmake_target' from command line to 'None'
[0.556s] Level 5:colcon.colcon_core.verb:set package 'joy_controller' build argument 'cmake_target_skip_unavailable' from command line to 'False'
[0.557s] Level 5:colcon.colcon_core.verb:set package 'joy_controller' build argument 'cmake_clean_cache' from command line to 'False'
[0.557s] Level 5:colcon.colcon_core.verb:set package 'joy_controller' build argument 'cmake_clean_first' from command line to 'False'
[0.557s] Level 5:colcon.colcon_core.verb:set package 'joy_controller' build argument 'cmake_force_configure' from command line to 'False'
[0.557s] Level 5:colcon.colcon_core.verb:set package 'joy_controller' build argument 'ament_cmake_args' from command line to 'None'
[0.557s] Level 5:colcon.colcon_core.verb:set package 'joy_controller' build argument 'catkin_cmake_args' from command line to 'None'
[0.557s] Level 5:colcon.colcon_core.verb:set package 'joy_controller' build argument 'catkin_skip_building_tests' from command line to 'False'
[0.557s] DEBUG:colcon.colcon_core.verb:Building package 'joy_controller' with the following arguments: {'ament_cmake_args': None, 'build_base': '/root/working/ros2_ws/build/joy_controller', 'catkin_cmake_args': None, 'catkin_skip_building_tests': False, 'cmake_args': None, 'cmake_clean_cache': False, 'cmake_clean_first': False, 'cmake_force_configure': False, 'cmake_target': None, 'cmake_target_skip_unavailable': False, 'install_base': '/root/working/ros2_ws/install/joy_controller', 'merge_install': False, 'path': '/root/working/ros2_ws/src/joy_controller', 'symlink_install': False, 'test_result_base': None}
[0.557s] INFO:colcon.colcon_core.executor:Executing jobs using 'parallel' executor
[0.558s] DEBUG:colcon.colcon_parallel_executor.executor.parallel:run_until_complete
[0.559s] INFO:colcon.colcon_ros.task.ament_cmake.build:Building ROS package in '/root/working/ros2_ws/src/joy_controller' with build type 'ament_cmake'
[0.559s] INFO:colcon.colcon_cmake.task.cmake.build:Building CMake package in '/root/working/ros2_ws/src/joy_controller'
[0.567s] INFO:colcon.colcon_core.plugin_system:Skipping extension 'colcon_core.shell.bat': Not used on non-Windows systems
[0.568s] INFO:colcon.colcon_core.shell:Skip shell extension 'powershell' for command environment: Not usable outside of PowerShell
[0.568s] DEBUG:colcon.colcon_core.shell:Skip shell extension 'dsv' for command environment
[0.583s] DEBUG:colcon.colcon_core.event_handler.log_command:Invoking command in '/root/working/ros2_ws/build/joy_controller': CMAKE_PREFIX_PATH=${CMAKE_PREFIX_PATH}:/opt/ros/humble /usr/bin/cmake --build /root/working/ros2_ws/build/joy_controller -- -j4 -l4
[6.380s] DEBUG:colcon.colcon_core.event_handler.log_command:Invoked command in '/root/working/ros2_ws/build/joy_controller' returned '0': CMAKE_PREFIX_PATH=${CMAKE_PREFIX_PATH}:/opt/ros/humble /usr/bin/cmake --build /root/working/ros2_ws/build/joy_controller -- -j4 -l4
[6.397s] DEBUG:colcon.colcon_core.event_handler.log_command:Invoking command in '/root/working/ros2_ws/build/joy_controller': CMAKE_PREFIX_PATH=${CMAKE_PREFIX_PATH}:/opt/ros/humble /usr/bin/cmake --install /root/working/ros2_ws/build/joy_controller
[6.510s] Level 1:colcon.colcon_core.environment:create_environment_scripts_only(joy_controller)
[6.511s] DEBUG:colcon.colcon_core.event_handler.log_command:Invoked command in '/root/working/ros2_ws/build/joy_controller' returned '0': CMAKE_PREFIX_PATH=${CMAKE_PREFIX_PATH}:/opt/ros/humble /usr/bin/cmake --install /root/working/ros2_ws/build/joy_controller
[6.514s] Level 1:colcon.colcon_core.environment:checking '/root/working/ros2_ws/install/joy_controller' for CMake module files
[6.514s] Level 1:colcon.colcon_core.environment:checking '/root/working/ros2_ws/install/joy_controller' for CMake config files
[6.515s] Level 1:colcon.colcon_core.shell:create_environment_hook('joy_controller', 'cmake_prefix_path')
[6.515s] INFO:colcon.colcon_core.shell:Creating environment hook '/root/working/ros2_ws/install/joy_controller/share/joy_controller/hook/cmake_prefix_path.ps1'
[6.516s] INFO:colcon.colcon_core.shell:Creating environment descriptor '/root/working/ros2_ws/install/joy_controller/share/joy_controller/hook/cmake_prefix_path.dsv'
[6.517s] INFO:colcon.colcon_core.shell:Creating environment hook '/root/working/ros2_ws/install/joy_controller/share/joy_controller/hook/cmake_prefix_path.sh'
[6.518s] Level 1:colcon.colcon_core.environment:checking '/root/working/ros2_ws/install/joy_controller/lib'
[6.518s] Level 1:colcon.colcon_core.shell:create_environment_hook('joy_controller', 'ld_library_path_lib')
[6.518s] INFO:colcon.colcon_core.shell:Creating environment hook '/root/working/ros2_ws/install/joy_controller/share/joy_controller/hook/ld_library_path_lib.ps1'
[6.519s] INFO:colcon.colcon_core.shell:Creating environment descriptor '/root/working/ros2_ws/install/joy_controller/share/joy_controller/hook/ld_library_path_lib.dsv'
[6.519s] INFO:colcon.colcon_core.shell:Creating environment hook '/root/working/ros2_ws/install/joy_controller/share/joy_controller/hook/ld_library_path_lib.sh'
[6.520s] Level 1:colcon.colcon_core.environment:checking '/root/working/ros2_ws/install/joy_controller/bin'
[6.520s] Level 1:colcon.colcon_core.environment:checking '/root/working/ros2_ws/install/joy_controller/lib/pkgconfig/joy_controller.pc'
[6.522s] Level 1:colcon.colcon_core.environment:checking '/root/working/ros2_ws/install/joy_controller/lib/python3.10/site-packages'
[6.522s] Level 1:colcon.colcon_core.environment:checking '/root/working/ros2_ws/install/joy_controller/bin'
[6.523s] INFO:colcon.colcon_core.shell:Creating package script '/root/working/ros2_ws/install/joy_controller/share/joy_controller/package.ps1'
[6.524s] INFO:colcon.colcon_core.shell:Creating package descriptor '/root/working/ros2_ws/install/joy_controller/share/joy_controller/package.dsv'
[6.525s] INFO:colcon.colcon_core.shell:Creating package script '/root/working/ros2_ws/install/joy_controller/share/joy_controller/package.sh'
[6.526s] INFO:colcon.colcon_core.shell:Creating package script '/root/working/ros2_ws/install/joy_controller/share/joy_controller/package.bash'
[6.527s] INFO:colcon.colcon_core.shell:Creating package script '/root/working/ros2_ws/install/joy_controller/share/joy_controller/package.zsh'
[6.528s] Level 1:colcon.colcon_core.environment:create_file_with_runtime_dependencies(/root/working/ros2_ws/install/joy_controller/share/colcon-core/packages/joy_controller)
[6.530s] Level 1:colcon.colcon_core.environment:create_environment_scripts_only(joy_controller)
[6.530s] Level 1:colcon.colcon_core.environment:checking '/root/working/ros2_ws/install/joy_controller' for CMake module files
[6.531s] Level 1:colcon.colcon_core.environment:checking '/root/working/ros2_ws/install/joy_controller' for CMake config files
[6.533s] Level 1:colcon.colcon_core.shell:create_environment_hook('joy_controller', 'cmake_prefix_path')
[6.533s] INFO:colcon.colcon_core.shell:Creating environment hook '/root/working/ros2_ws/install/joy_controller/share/joy_controller/hook/cmake_prefix_path.ps1'
[6.534s] INFO:colcon.colcon_core.shell:Creating environment descriptor '/root/working/ros2_ws/install/joy_controller/share/joy_controller/hook/cmake_prefix_path.dsv'
[6.534s] INFO:colcon.colcon_core.shell:Creating environment hook '/root/working/ros2_ws/install/joy_controller/share/joy_controller/hook/cmake_prefix_path.sh'
[6.535s] Level 1:colcon.colcon_core.environment:checking '/root/working/ros2_ws/install/joy_controller/lib'
[6.535s] Level 1:colcon.colcon_core.shell:create_environment_hook('joy_controller', 'ld_library_path_lib')
[6.535s] INFO:colcon.colcon_core.shell:Creating environment hook '/root/working/ros2_ws/install/joy_controller/share/joy_controller/hook/ld_library_path_lib.ps1'
[6.536s] INFO:colcon.colcon_core.shell:Creating environment descriptor '/root/working/ros2_ws/install/joy_controller/share/joy_controller/hook/ld_library_path_lib.dsv'
[6.536s] INFO:colcon.colcon_core.shell:Creating environment hook '/root/working/ros2_ws/install/joy_controller/share/joy_controller/hook/ld_library_path_lib.sh'
[6.537s] Level 1:colcon.colcon_core.environment:checking '/root/working/ros2_ws/install/joy_controller/bin'
[6.537s] Level 1:colcon.colcon_core.environment:checking '/root/working/ros2_ws/install/joy_controller/lib/pkgconfig/joy_controller.pc'
[6.537s] Level 1:colcon.colcon_core.environment:checking '/root/working/ros2_ws/install/joy_controller/lib/python3.10/site-packages'
[6.537s] Level 1:colcon.colcon_core.environment:checking '/root/working/ros2_ws/install/joy_controller/bin'
[6.538s] INFO:colcon.colcon_core.shell:Creating package script '/root/working/ros2_ws/install/joy_controller/share/joy_controller/package.ps1'
[6.538s] INFO:colcon.colcon_core.shell:Creating package descriptor '/root/working/ros2_ws/install/joy_controller/share/joy_controller/package.dsv'
[6.539s] INFO:colcon.colcon_core.shell:Creating package script '/root/working/ros2_ws/install/joy_controller/share/joy_controller/package.sh'
[6.540s] INFO:colcon.colcon_core.shell:Creating package script '/root/working/ros2_ws/install/joy_controller/share/joy_controller/package.bash'
[6.540s] INFO:colcon.colcon_core.shell:Creating package script '/root/working/ros2_ws/install/joy_controller/share/joy_controller/package.zsh'
[6.541s] Level 1:colcon.colcon_core.environment:create_file_with_runtime_dependencies(/root/working/ros2_ws/install/joy_controller/share/colcon-core/packages/joy_controller)
[6.541s] DEBUG:colcon.colcon_parallel_executor.executor.parallel:closing loop
[6.542s] DEBUG:colcon.colcon_parallel_executor.executor.parallel:loop closed
[6.542s] DEBUG:colcon.colcon_parallel_executor.executor.parallel:run_until_complete finished with '0'
[6.542s] DEBUG:colcon.colcon_core.event_reactor:joining thread
[6.551s] INFO:colcon.colcon_core.plugin_system:Skipping extension 'colcon_notification.desktop_notification.notify_send': Could not find 'notify-send'
[6.551s] INFO:colcon.colcon_core.plugin_system:Skipping extension 'colcon_notification.desktop_notification.terminal_notifier': Not used on non-Darwin systems
[6.551s] INFO:colcon.colcon_core.plugin_system:Skipping extension 'colcon_notification.desktop_notification.win32': Not used on non-Windows systems
[6.551s] INFO:colcon.colcon_notification.desktop_notification:Sending desktop notification using 'notify2'
[6.551s] DEBUG:colcon.colcon_notification.desktop_notification.notify2:Failed to initialize notify2: org.freedesktop.DBus.Error.NotSupported: Unable to autolaunch a dbus-daemon without a $DISPLAY for X11
[6.551s] DEBUG:colcon.colcon_core.event_reactor:joined thread
[6.552s] INFO:colcon.colcon_core.shell:Creating prefix script '/root/working/ros2_ws/install/local_setup.ps1'
[6.553s] INFO:colcon.colcon_core.shell:Creating prefix util module '/root/working/ros2_ws/install/_local_setup_util_ps1.py'
[6.556s] INFO:colcon.colcon_core.shell:Creating prefix chain script '/root/working/ros2_ws/install/setup.ps1'
[6.558s] INFO:colcon.colcon_core.shell:Creating prefix script '/root/working/ros2_ws/install/local_setup.sh'
[6.559s] INFO:colcon.colcon_core.shell:Creating prefix util module '/root/working/ros2_ws/install/_local_setup_util_sh.py'
[6.559s] INFO:colcon.colcon_core.shell:Creating prefix chain script '/root/working/ros2_ws/install/setup.sh'
[6.562s] INFO:colcon.colcon_core.shell:Creating prefix script '/root/working/ros2_ws/install/local_setup.bash'
[6.562s] INFO:colcon.colcon_core.shell:Creating prefix chain script '/root/working/ros2_ws/install/setup.bash'
[6.563s] INFO:colcon.colcon_core.shell:Creating prefix script '/root/working/ros2_ws/install/local_setup.zsh'
[6.564s] INFO:colcon.colcon_core.shell:Creating prefix chain script '/root/working/ros2_ws/install/setup.zsh'
