[0.021s] Invoking command in '/root/working/test_ws/yano_ws/build/dynamixel_sdk_custom_interfaces': /usr/bin/cmake /root/working/test_ws/yano_ws/src/DynamixelSDK/ros/dynamixel_sdk_custom_interfaces -DCMAKE_INSTALL_PREFIX=/root/working/test_ws/yano_ws/install/dynamixel_sdk_custom_interfaces
[0.068s] -- Configuring incomplete, errors occurred!
[0.069s] See also "/root/working/test_ws/yano_ws/build/dynamixel_sdk_custom_interfaces/CMakeFiles/CMakeOutput.log".
[0.069s] [31mCMake Error at CMakeLists.txt:14 (find_package):
[0.069s]   By not providing "Findament_cmake.cmake" in CMAKE_MODULE_PATH this project
[0.070s]   has asked CMake to find a package configuration file provided by
[0.070s]   "ament_cmake", but CMake did not find one.
[0.070s] 
[0.070s]   Could not find a package configuration file provided by "ament_cmake" with
[0.070s]   any of the following names:
[0.070s] 
[0.070s]     ament_cmakeConfig.cmake
[0.070s]     ament_cmake-config.cmake
[0.070s] 
[0.071s]   Add the installation prefix of "ament_cmake" to CMAKE_PREFIX_PATH or set
[0.071s]   "ament_cmake_DIR" to a directory containing one of the above files.  If
[0.071s]   "ament_cmake" provides a separate development package or SDK, be sure it
[0.071s]   has been installed.
[0.071s] 
[0.071s] [0m
[0.079s] Invoked command in '/root/working/test_ws/yano_ws/build/dynamixel_sdk_custom_interfaces' returned '1': /usr/bin/cmake /root/working/test_ws/yano_ws/src/DynamixelSDK/ros/dynamixel_sdk_custom_interfaces -DCMAKE_INSTALL_PREFIX=/root/working/test_ws/yano_ws/install/dynamixel_sdk_custom_interfaces
