[0.037s] Invoking command in '/root/working/rodep_ros2/yano_ws/build/custom_interfaces': CMAKE_PREFIX_PATH=${CMAKE_PREFIX_PATH}:/opt/ros/humble /usr/bin/cmake /root/working/rodep_ros2/yano_ws/custom_interfaces -DCMAKE_INSTALL_PREFIX=/root/working/rodep_ros2/yano_ws/install/custom_interfaces
[0.133s] -- The C compiler identification is GNU 11.4.0
[0.228s] -- The CXX compiler identification is GNU 11.4.0
[0.238s] -- Detecting C compiler ABI info
[0.353s] -- Detecting C compiler ABI info - done
[0.362s] -- Check for working C compiler: /usr/bin/cc - skipped
[0.363s] -- Detecting C compile features
[0.363s] -- Detecting C compile features - done
[0.368s] -- Detecting CXX compiler ABI info
[0.516s] -- Detecting CXX compiler ABI info - done
[0.526s] -- Check for working CXX compiler: /usr/bin/c++ - skipped
[0.527s] -- Detecting CXX compile features
[0.527s] -- Detecting CXX compile features - done
[0.533s] -- Found ament_cmake: 1.3.11 (/opt/ros/humble/share/ament_cmake/cmake)
[0.789s] -- Found Python3: /usr/bin/python3 (found version "3.10.12") found components: Interpreter 
[0.996s] -- Found rosidl_default_generators: 1.2.0 (/opt/ros/humble/share/rosidl_default_generators/cmake)
[1.003s] -- Using all available rosidl_typesupport_c: rosidl_typesupport_fastrtps_c;rosidl_typesupport_introspection_c
[1.020s] -- Found rosidl_adapter: 3.1.6 (/opt/ros/humble/share/rosidl_adapter/cmake)
[1.122s] -- Using all available rosidl_typesupport_cpp: rosidl_typesupport_fastrtps_cpp;rosidl_typesupport_introspection_cpp
[1.636s] -- Found ament_cmake_ros: 0.10.0 (/opt/ros/humble/share/ament_cmake_ros/cmake)
[1.963s] -- Using all available rosidl_typesupport_c: rosidl_typesupport_fastrtps_c;rosidl_typesupport_introspection_c
[2.349s] -- Using all available rosidl_typesupport_cpp: rosidl_typesupport_fastrtps_cpp;rosidl_typesupport_introspection_cpp
[2.382s] -- Found PythonInterp: /usr/bin/python3 (found suitable version "3.10.12", minimum required is "3.6") 
[2.386s] -- Found python_cmake_module: 0.10.0 (/opt/ros/humble/share/python_cmake_module/cmake)
[2.428s] -- Found PythonLibs: /usr/lib/x86_64-linux-gnu/libpython3.10.so (found suitable version "3.10.12", minimum required is "3.5") 
[2.429s] -- Using PYTHON_EXECUTABLE: /usr/bin/python3
[2.430s] -- Using PYTHON_INCLUDE_DIRS: /usr/include/python3.10
[2.430s] -- Using PYTHON_LIBRARIES: /usr/lib/x86_64-linux-gnu/libpython3.10.so
[2.466s] -- Found PythonExtra: .so  
[2.539s] -- Found ament_lint_auto: 0.12.11 (/opt/ros/humble/share/ament_lint_auto/cmake)
[2.599s] -- Added test 'lint_cmake' to check CMake code style
[2.601s] -- Added test 'xmllint' to check XML markup files
[2.607s] -- Configuring done
[2.673s] -- Generating done
[2.695s] -- Build files have been written to: /root/working/rodep_ros2/yano_ws/build/custom_interfaces
[2.707s] Invoked command in '/root/working/rodep_ros2/yano_ws/build/custom_interfaces' returned '0': CMAKE_PREFIX_PATH=${CMAKE_PREFIX_PATH}:/opt/ros/humble /usr/bin/cmake /root/working/rodep_ros2/yano_ws/custom_interfaces -DCMAKE_INSTALL_PREFIX=/root/working/rodep_ros2/yano_ws/install/custom_interfaces
[2.712s] Invoking command in '/root/working/rodep_ros2/yano_ws/build/custom_interfaces': CMAKE_PREFIX_PATH=${CMAKE_PREFIX_PATH}:/opt/ros/humble /usr/bin/cmake --build /root/working/rodep_ros2/yano_ws/build/custom_interfaces -- -j4 -l4
[2.787s] [  3%] [34m[1mGenerating C code for ROS interfaces[0m
[2.821s] [  6%] [34m[1mGenerating C++ code for ROS interfaces[0m
[2.858s] [  6%] Built target ament_cmake_python_copy_custom_interfaces
[3.470s] running egg_info
[3.472s] creating custom_interfaces.egg-info
[3.472s] writing custom_interfaces.egg-info/PKG-INFO
[3.473s] writing dependency_links to custom_interfaces.egg-info/dependency_links.txt
[3.474s] writing top-level names to custom_interfaces.egg-info/top_level.txt
[3.475s] writing manifest file 'custom_interfaces.egg-info/SOURCES.txt'
[3.479s] reading manifest file 'custom_interfaces.egg-info/SOURCES.txt'
[3.482s] writing manifest file 'custom_interfaces.egg-info/SOURCES.txt'
[3.534s] [  9%] [32mBuilding C object CMakeFiles/custom_interfaces__rosidl_generator_c.dir/rosidl_generator_c/custom_interfaces/msg/detail/driver_velocity__functions.c.o[0m
[3.549s] [  9%] Built target custom_interfaces__cpp
[3.554s] [  9%] Built target ament_cmake_python_build_custom_interfaces_egg
[3.573s] [ 12%] [34m[1mGenerating C++ type support dispatch for ROS interfaces[0m
[3.577s] [ 16%] [34m[1mGenerating C++ type support for eProsima Fast-RTPS[0m
[3.584s] [ 19%] [34m[1mGenerating C++ introspection for ROS interfaces[0m
[3.634s] [ 22%] [32m[1mLinking C shared library libcustom_interfaces__rosidl_generator_c.so[0m
[3.703s] [ 22%] Built target custom_interfaces__rosidl_generator_c
[3.722s] [ 25%] [34m[1mGenerating C type support for eProsima Fast-RTPS[0m
[4.276s] [ 29%] [32mBuilding CXX object CMakeFiles/custom_interfaces__rosidl_typesupport_introspection_cpp.dir/rosidl_typesupport_introspection_cpp/custom_interfaces/msg/detail/driver_velocity__type_support.cpp.o[0m
[4.299s] [ 32%] [32mBuilding CXX object CMakeFiles/custom_interfaces__rosidl_typesupport_cpp.dir/rosidl_typesupport_cpp/custom_interfaces/msg/driver_velocity__type_support.cpp.o[0m
[4.385s] [ 35%] [32mBuilding CXX object CMakeFiles/custom_interfaces__rosidl_typesupport_fastrtps_c.dir/rosidl_typesupport_fastrtps_c/custom_interfaces/msg/detail/driver_velocity__type_support_c.cpp.o[0m
[4.487s] [ 38%] [32mBuilding CXX object CMakeFiles/custom_interfaces__rosidl_typesupport_fastrtps_cpp.dir/rosidl_typesupport_fastrtps_cpp/custom_interfaces/msg/detail/dds_fastrtps/driver_velocity__type_support.cpp.o[0m
[5.092s] [ 41%] [32m[1mLinking CXX shared library libcustom_interfaces__rosidl_typesupport_cpp.so[0m
[5.123s] [ 45%] [32m[1mLinking CXX shared library libcustom_interfaces__rosidl_typesupport_fastrtps_c.so[0m
[5.197s] [ 45%] Built target custom_interfaces__rosidl_typesupport_cpp
[5.216s] [ 48%] [34m[1mGenerating C introspection for ROS interfaces[0m
[5.328s] [ 51%] [32m[1mLinking CXX shared library libcustom_interfaces__rosidl_typesupport_introspection_cpp.so[0m
[5.400s] [ 51%] Built target custom_interfaces__rosidl_typesupport_fastrtps_c
[5.431s] [ 54%] [34m[1mGenerating C type support dispatch for ROS interfaces[0m
[5.449s] [ 54%] Built target custom_interfaces__rosidl_typesupport_introspection_cpp
[5.596s] [ 58%] [32m[1mLinking CXX shared library libcustom_interfaces__rosidl_typesupport_fastrtps_cpp.so[0m
[5.792s] [ 58%] Built target custom_interfaces__rosidl_typesupport_fastrtps_cpp
[5.853s] [ 61%] [32mBuilding C object CMakeFiles/custom_interfaces__rosidl_typesupport_introspection_c.dir/rosidl_typesupport_introspection_c/custom_interfaces/msg/detail/driver_velocity__type_support.c.o[0m
[5.902s] [ 64%] [32m[1mLinking C shared library libcustom_interfaces__rosidl_typesupport_introspection_c.so[0m
[5.947s] [ 67%] [32mBuilding CXX object CMakeFiles/custom_interfaces__rosidl_typesupport_c.dir/rosidl_typesupport_c/custom_interfaces/msg/driver_velocity__type_support.cpp.o[0m
[5.954s] [ 67%] Built target custom_interfaces__rosidl_typesupport_introspection_c
[5.996s] [ 70%] [32m[1mLinking CXX shared library libcustom_interfaces__rosidl_typesupport_c.so[0m
[6.056s] [ 70%] Built target custom_interfaces__rosidl_typesupport_c
[6.083s] [ 70%] Built target custom_interfaces
[6.110s] [ 74%] [34m[1mGenerating Python code for ROS interfaces[0m
[6.558s] [ 74%] Built target custom_interfaces__py
[6.594s] [ 77%] [32mBuilding C object CMakeFiles/custom_interfaces__rosidl_generator_py.dir/rosidl_generator_py/custom_interfaces/msg/_driver_velocity_s.c.o[0m
[6.729s] [ 80%] [32m[1mLinking C shared library rosidl_generator_py/custom_interfaces/libcustom_interfaces__rosidl_generator_py.so[0m
[6.785s] [ 80%] Built target custom_interfaces__rosidl_generator_py
[6.820s] [ 90%] [32mBuilding C object CMakeFiles/custom_interfaces__rosidl_typesupport_fastrtps_c__pyext.dir/rosidl_generator_py/custom_interfaces/_custom_interfaces_s.ep.rosidl_typesupport_fastrtps_c.c.o[0m
[6.822s] [ 90%] [32mBuilding C object CMakeFiles/custom_interfaces__rosidl_typesupport_c__pyext.dir/rosidl_generator_py/custom_interfaces/_custom_interfaces_s.ep.rosidl_typesupport_c.c.o[0m
[6.822s] [ 90%] [32mBuilding C object CMakeFiles/custom_interfaces__rosidl_typesupport_introspection_c__pyext.dir/rosidl_generator_py/custom_interfaces/_custom_interfaces_s.ep.rosidl_typesupport_introspection_c.c.o[0m
[7.014s] [ 93%] [32m[1mLinking C shared library rosidl_generator_py/custom_interfaces/custom_interfaces_s__rosidl_typesupport_c.cpython-310-x86_64-linux-gnu.so[0m
[7.028s] [ 96%] [32m[1mLinking C shared library rosidl_generator_py/custom_interfaces/custom_interfaces_s__rosidl_typesupport_introspection_c.cpython-310-x86_64-linux-gnu.so[0m
[7.038s] [100%] [32m[1mLinking C shared library rosidl_generator_py/custom_interfaces/custom_interfaces_s__rosidl_typesupport_fastrtps_c.cpython-310-x86_64-linux-gnu.so[0m
[7.081s] [100%] Built target custom_interfaces__rosidl_typesupport_c__pyext
[7.103s] [100%] Built target custom_interfaces__rosidl_typesupport_introspection_c__pyext
[7.103s] [100%] Built target custom_interfaces__rosidl_typesupport_fastrtps_c__pyext
