[0.011s] Invoking command in '/root/test_ws/yano_ws/build/custom_interfaces': CMAKE_PREFIX_PATH=/opt/ros/humble /usr/bin/cmake /root/test_ws/yano_ws/src/custom_interfaces -DCMAKE_INSTALL_PREFIX=/root/test_ws/yano_ws/install/custom_interfaces
[0.201s] -- The C compiler identification is GNU 11.4.0
[0.293s] -- The CXX compiler identification is GNU 11.4.0
[0.307s] -- Detecting C compiler ABI info
[0.422s] -- Detecting C compiler ABI info - done
[0.429s] -- Check for working C compiler: /usr/bin/cc - skipped
[0.430s] -- Detecting C compile features
[0.431s] -- Detecting C compile features - done
[0.435s] -- Detecting CXX compiler ABI info
[0.518s] -- Detecting CXX compiler ABI info - done
[0.522s] -- Check for working CXX compiler: /usr/bin/c++ - skipped
[0.522s] -- Detecting CXX compile features
[0.523s] -- Detecting CXX compile features - done
[0.549s] -- Found ament_cmake: 1.3.11 (/opt/ros/humble/share/ament_cmake/cmake)
[0.664s] -- Found Python3: /usr/bin/python3 (found version "3.10.12") found components: Interpreter 
[0.741s] -- Found rosidl_default_generators: 1.2.0 (/opt/ros/humble/share/rosidl_default_generators/cmake)
[0.747s] -- Using all available rosidl_typesupport_c: rosidl_typesupport_fastrtps_c;rosidl_typesupport_introspection_c
[0.756s] -- Found rosidl_adapter: 3.1.6 (/opt/ros/humble/share/rosidl_adapter/cmake)
[0.811s] -- Using all available rosidl_typesupport_cpp: rosidl_typesupport_fastrtps_cpp;rosidl_typesupport_introspection_cpp
[1.006s] -- Found ament_cmake_ros: 0.10.0 (/opt/ros/humble/share/ament_cmake_ros/cmake)
[1.122s] -- Using all available rosidl_typesupport_c: rosidl_typesupport_fastrtps_c;rosidl_typesupport_introspection_c
[1.286s] -- Using all available rosidl_typesupport_cpp: rosidl_typesupport_fastrtps_cpp;rosidl_typesupport_introspection_cpp
[1.302s] -- Found PythonInterp: /usr/bin/python3 (found suitable version "3.10.12", minimum required is "3.6") 
[1.306s] -- Found python_cmake_module: 0.10.0 (/opt/ros/humble/share/python_cmake_module/cmake)
[1.330s] -- Found PythonLibs: /usr/lib/x86_64-linux-gnu/libpython3.10.so (found suitable version "3.10.12", minimum required is "3.5") 
[1.330s] -- Using PYTHON_EXECUTABLE: /usr/bin/python3
[1.330s] -- Using PYTHON_INCLUDE_DIRS: /usr/include/python3.10
[1.330s] -- Using PYTHON_LIBRARIES: /usr/lib/x86_64-linux-gnu/libpython3.10.so
[1.343s] -- Found PythonExtra: .so  
[1.371s] -- Found ament_lint_auto: 0.12.11 (/opt/ros/humble/share/ament_lint_auto/cmake)
[1.397s] -- Added test 'lint_cmake' to check CMake code style
[1.397s] -- Added test 'xmllint' to check XML markup files
[1.399s] -- Configuring done
[1.416s] -- Generating done
[1.421s] -- Build files have been written to: /root/test_ws/yano_ws/build/custom_interfaces
[1.425s] Invoked command in '/root/test_ws/yano_ws/build/custom_interfaces' returned '0': CMAKE_PREFIX_PATH=/opt/ros/humble /usr/bin/cmake /root/test_ws/yano_ws/src/custom_interfaces -DCMAKE_INSTALL_PREFIX=/root/test_ws/yano_ws/install/custom_interfaces
[1.426s] Invoking command in '/root/test_ws/yano_ws/build/custom_interfaces': CMAKE_PREFIX_PATH=/opt/ros/humble /usr/bin/cmake --build /root/test_ws/yano_ws/build/custom_interfaces -- -j16 -l16
[1.446s] [  2%] [34m[1mGenerating C code for ROS interfaces[0m
[1.451s] [  5%] [34m[1mGenerating C++ code for ROS interfaces[0m
[1.456s] [  5%] Built target ament_cmake_python_copy_custom_interfaces
[1.585s] running egg_info
[1.585s] creating custom_interfaces.egg-info
[1.585s] writing custom_interfaces.egg-info/PKG-INFO
[1.585s] writing dependency_links to custom_interfaces.egg-info/dependency_links.txt
[1.585s] writing top-level names to custom_interfaces.egg-info/top_level.txt
[1.585s] writing manifest file 'custom_interfaces.egg-info/SOURCES.txt'
[1.587s] reading manifest file 'custom_interfaces.egg-info/SOURCES.txt'
[1.587s] writing manifest file 'custom_interfaces.egg-info/SOURCES.txt'
[1.602s] [  5%] Built target ament_cmake_python_build_custom_interfaces_egg
[1.674s] [  5%] Built target custom_interfaces__cpp
[1.680s] [ 17%] [34m[1mGenerating C++ type support for eProsima Fast-RTPS[0m
[1.680s] [ 17%] [32mBuilding C object CMakeFiles/custom_interfaces__rosidl_generator_c.dir/rosidl_generator_c/custom_interfaces/srv/detail/set_mode__functions.c.o[0m
[1.680s] [ 17%] [34m[1mGenerating C++ introspection for ROS interfaces[0m
[1.680s] [ 17%] [32mBuilding C object CMakeFiles/custom_interfaces__rosidl_generator_c.dir/rosidl_generator_c/custom_interfaces/msg/detail/driver_velocity__functions.c.o[0m
[1.680s] [ 17%] [34m[1mGenerating C++ type support dispatch for ROS interfaces[0m
[1.731s] [ 20%] [32m[1mLinking C shared library libcustom_interfaces__rosidl_generator_c.so[0m
[1.752s] [ 20%] Built target custom_interfaces__rosidl_generator_c
[1.758s] [ 28%] [34m[1mGenerating C type support dispatch for ROS interfaces[0m
[1.758s] [ 28%] [34m[1mGenerating C introspection for ROS interfaces[0m
[1.758s] [ 28%] [34m[1mGenerating C type support for eProsima Fast-RTPS[0m
[1.876s] [ 33%] [32mBuilding CXX object CMakeFiles/custom_interfaces__rosidl_typesupport_cpp.dir/rosidl_typesupport_cpp/custom_interfaces/srv/set_mode__type_support.cpp.o[0m
[1.876s] [ 33%] [32mBuilding CXX object CMakeFiles/custom_interfaces__rosidl_typesupport_cpp.dir/rosidl_typesupport_cpp/custom_interfaces/msg/driver_velocity__type_support.cpp.o[0m
[1.890s] [ 35%] [32mBuilding CXX object CMakeFiles/custom_interfaces__rosidl_typesupport_introspection_cpp.dir/rosidl_typesupport_introspection_cpp/custom_interfaces/msg/detail/driver_velocity__type_support.cpp.o[0m
[1.891s] [ 38%] [32mBuilding CXX object CMakeFiles/custom_interfaces__rosidl_typesupport_introspection_cpp.dir/rosidl_typesupport_introspection_cpp/custom_interfaces/srv/detail/set_mode__type_support.cpp.o[0m
[1.902s] [ 43%] [32mBuilding CXX object CMakeFiles/custom_interfaces__rosidl_typesupport_fastrtps_cpp.dir/rosidl_typesupport_fastrtps_cpp/custom_interfaces/msg/detail/dds_fastrtps/driver_velocity__type_support.cpp.o[0m
[1.902s] [ 43%] [32mBuilding CXX object CMakeFiles/custom_interfaces__rosidl_typesupport_fastrtps_cpp.dir/rosidl_typesupport_fastrtps_cpp/custom_interfaces/srv/detail/dds_fastrtps/set_mode__type_support.cpp.o[0m
[1.955s] [ 48%] [32mBuilding CXX object CMakeFiles/custom_interfaces__rosidl_typesupport_c.dir/rosidl_typesupport_c/custom_interfaces/msg/driver_velocity__type_support.cpp.o[0m
[1.955s] [ 48%] [32mBuilding CXX object CMakeFiles/custom_interfaces__rosidl_typesupport_c.dir/rosidl_typesupport_c/custom_interfaces/srv/set_mode__type_support.cpp.o[0m
[1.982s] [ 51%] [32m[1mLinking CXX shared library libcustom_interfaces__rosidl_typesupport_c.so[0m
[1.989s] [ 56%] [32mBuilding C object CMakeFiles/custom_interfaces__rosidl_typesupport_introspection_c.dir/rosidl_typesupport_introspection_c/custom_interfaces/msg/detail/driver_velocity__type_support.c.o[0m
[1.989s] [ 56%] [32mBuilding C object CMakeFiles/custom_interfaces__rosidl_typesupport_introspection_c.dir/rosidl_typesupport_introspection_c/custom_interfaces/srv/detail/set_mode__type_support.c.o[0m
[1.999s] [ 58%] [32mBuilding CXX object CMakeFiles/custom_interfaces__rosidl_typesupport_fastrtps_c.dir/rosidl_typesupport_fastrtps_c/custom_interfaces/msg/detail/driver_velocity__type_support_c.cpp.o[0m
[2.000s] [ 61%] [32mBuilding CXX object CMakeFiles/custom_interfaces__rosidl_typesupport_fastrtps_c.dir/rosidl_typesupport_fastrtps_c/custom_interfaces/srv/detail/set_mode__type_support_c.cpp.o[0m
[2.014s] [ 61%] Built target custom_interfaces__rosidl_typesupport_c
[2.018s] [ 64%] [32m[1mLinking C shared library libcustom_interfaces__rosidl_typesupport_introspection_c.so[0m
[2.045s] [ 64%] Built target custom_interfaces__rosidl_typesupport_introspection_c
[2.109s] [ 66%] [32m[1mLinking CXX shared library libcustom_interfaces__rosidl_typesupport_cpp.so[0m
[2.139s] [ 66%] Built target custom_interfaces__rosidl_typesupport_cpp
[2.177s] [ 69%] [32m[1mLinking CXX shared library libcustom_interfaces__rosidl_typesupport_introspection_cpp.so[0m
[2.200s] [ 71%] [32m[1mLinking CXX shared library libcustom_interfaces__rosidl_typesupport_fastrtps_cpp.so[0m
[2.217s] [ 71%] Built target custom_interfaces__rosidl_typesupport_introspection_cpp
[2.225s] [ 74%] [32m[1mLinking CXX shared library libcustom_interfaces__rosidl_typesupport_fastrtps_c.so[0m
[2.244s] [ 74%] Built target custom_interfaces__rosidl_typesupport_fastrtps_cpp
[2.274s] [ 74%] Built target custom_interfaces__rosidl_typesupport_fastrtps_c
[2.289s] [ 74%] Built target custom_interfaces
[2.306s] [ 76%] [34m[1mGenerating Python code for ROS interfaces[0m
[2.613s] [ 76%] Built target custom_interfaces__py
[2.623s] [ 82%] [32mBuilding C object CMakeFiles/custom_interfaces__rosidl_generator_py.dir/rosidl_generator_py/custom_interfaces/msg/_driver_velocity_s.c.o[0m
[2.623s] [ 82%] [32mBuilding C object CMakeFiles/custom_interfaces__rosidl_generator_py.dir/rosidl_generator_py/custom_interfaces/srv/_set_mode_s.c.o[0m
[2.703s] [ 84%] [32m[1mLinking C shared library rosidl_generator_py/custom_interfaces/libcustom_interfaces__rosidl_generator_py.so[0m
[2.725s] [ 84%] Built target custom_interfaces__rosidl_generator_py
[2.737s] [ 92%] [32mBuilding C object CMakeFiles/custom_interfaces__rosidl_typesupport_fastrtps_c__pyext.dir/rosidl_generator_py/custom_interfaces/_custom_interfaces_s.ep.rosidl_typesupport_fastrtps_c.c.o[0m
[2.738s] [ 92%] [32mBuilding C object CMakeFiles/custom_interfaces__rosidl_typesupport_c__pyext.dir/rosidl_generator_py/custom_interfaces/_custom_interfaces_s.ep.rosidl_typesupport_c.c.o[0m
[2.738s] [ 92%] [32mBuilding C object CMakeFiles/custom_interfaces__rosidl_typesupport_introspection_c__pyext.dir/rosidl_generator_py/custom_interfaces/_custom_interfaces_s.ep.rosidl_typesupport_introspection_c.c.o[0m
[2.793s] [100%] [32m[1mLinking C shared library rosidl_generator_py/custom_interfaces/custom_interfaces_s__rosidl_typesupport_c.cpython-310-x86_64-linux-gnu.so[0m
[2.793s] [100%] [32m[1mLinking C shared library rosidl_generator_py/custom_interfaces/custom_interfaces_s__rosidl_typesupport_fastrtps_c.cpython-310-x86_64-linux-gnu.so[0m
[2.793s] [100%] [32m[1mLinking C shared library rosidl_generator_py/custom_interfaces/custom_interfaces_s__rosidl_typesupport_introspection_c.cpython-310-x86_64-linux-gnu.so[0m
[2.813s] [100%] Built target custom_interfaces__rosidl_typesupport_fastrtps_c__pyext
[2.813s] [100%] Built target custom_interfaces__rosidl_typesupport_c__pyext
[2.813s] [100%] Built target custom_interfaces__rosidl_typesupport_introspection_c__pyext
[2.820s] Invoked command in '/root/test_ws/yano_ws/build/custom_interfaces' returned '0': CMAKE_PREFIX_PATH=/opt/ros/humble /usr/bin/cmake --build /root/test_ws/yano_ws/build/custom_interfaces -- -j16 -l16
[2.825s] Invoking command in '/root/test_ws/yano_ws/build/custom_interfaces': CMAKE_PREFIX_PATH=/opt/ros/humble /usr/bin/cmake --install /root/test_ws/yano_ws/build/custom_interfaces
[2.829s] -- Install configuration: ""
[2.829s] -- Installing: /root/test_ws/yano_ws/install/custom_interfaces/share/ament_index/resource_index/rosidl_interfaces/custom_interfaces
[2.829s] -- Installing: /root/test_ws/yano_ws/install/custom_interfaces/include/custom_interfaces/custom_interfaces
[2.829s] -- Installing: /root/test_ws/yano_ws/install/custom_interfaces/include/custom_interfaces/custom_interfaces/msg
[2.829s] -- Installing: /root/test_ws/yano_ws/install/custom_interfaces/include/custom_interfaces/custom_interfaces/msg/rosidl_generator_c__visibility_control.h
[2.829s] -- Installing: /root/test_ws/yano_ws/install/custom_interfaces/include/custom_interfaces/custom_interfaces/msg/driver_velocity.h
[2.829s] -- Installing: /root/test_ws/yano_ws/install/custom_interfaces/include/custom_interfaces/custom_interfaces/msg/detail
[2.829s] -- Installing: /root/test_ws/yano_ws/install/custom_interfaces/include/custom_interfaces/custom_interfaces/msg/detail/driver_velocity__struct.h
[2.829s] -- Installing: /root/test_ws/yano_ws/install/custom_interfaces/include/custom_interfaces/custom_interfaces/msg/detail/driver_velocity__functions.c
[2.829s] -- Installing: /root/test_ws/yano_ws/install/custom_interfaces/include/custom_interfaces/custom_interfaces/msg/detail/driver_velocity__functions.h
[2.829s] -- Installing: /root/test_ws/yano_ws/install/custom_interfaces/include/custom_interfaces/custom_interfaces/msg/detail/driver_velocity__type_support.h
[2.830s] -- Installing: /root/test_ws/yano_ws/install/custom_interfaces/include/custom_interfaces/custom_interfaces/srv
[2.830s] -- Installing: /root/test_ws/yano_ws/install/custom_interfaces/include/custom_interfaces/custom_interfaces/srv/detail
[2.830s] -- Installing: /root/test_ws/yano_ws/install/custom_interfaces/include/custom_interfaces/custom_interfaces/srv/detail/set_mode__functions.c
[2.830s] -- Installing: /root/test_ws/yano_ws/install/custom_interfaces/include/custom_interfaces/custom_interfaces/srv/detail/set_mode__struct.h
[2.830s] -- Installing: /root/test_ws/yano_ws/install/custom_interfaces/include/custom_interfaces/custom_interfaces/srv/detail/set_mode__type_support.h
[2.830s] -- Installing: /root/test_ws/yano_ws/install/custom_interfaces/include/custom_interfaces/custom_interfaces/srv/detail/set_mode__functions.h
[2.830s] -- Installing: /root/test_ws/yano_ws/install/custom_interfaces/include/custom_interfaces/custom_interfaces/srv/set_mode.h
[2.830s] -- Installing: /root/test_ws/yano_ws/install/custom_interfaces/share/custom_interfaces/environment/library_path.sh
[2.830s] -- Installing: /root/test_ws/yano_ws/install/custom_interfaces/share/custom_interfaces/environment/library_path.dsv
[2.830s] -- Installing: /root/test_ws/yano_ws/install/custom_interfaces/lib/libcustom_interfaces__rosidl_generator_c.so
[2.830s] -- Set runtime path of "/root/test_ws/yano_ws/install/custom_interfaces/lib/libcustom_interfaces__rosidl_generator_c.so" to ""
[2.830s] -- Up-to-date: /root/test_ws/yano_ws/install/custom_interfaces/include/custom_interfaces/custom_interfaces
[2.830s] -- Up-to-date: /root/test_ws/yano_ws/install/custom_interfaces/include/custom_interfaces/custom_interfaces/msg
[2.830s] -- Installing: /root/test_ws/yano_ws/install/custom_interfaces/include/custom_interfaces/custom_interfaces/msg/rosidl_typesupport_fastrtps_c__visibility_control.h
[2.831s] -- Up-to-date: /root/test_ws/yano_ws/install/custom_interfaces/include/custom_interfaces/custom_interfaces/msg/detail
[2.831s] -- Installing: /root/test_ws/yano_ws/install/custom_interfaces/include/custom_interfaces/custom_interfaces/msg/detail/driver_velocity__rosidl_typesupport_fastrtps_c.h
[2.831s] -- Up-to-date: /root/test_ws/yano_ws/install/custom_interfaces/include/custom_interfaces/custom_interfaces/srv
[2.831s] -- Up-to-date: /root/test_ws/yano_ws/install/custom_interfaces/include/custom_interfaces/custom_interfaces/srv/detail
[2.831s] -- Installing: /root/test_ws/yano_ws/install/custom_interfaces/include/custom_interfaces/custom_interfaces/srv/detail/set_mode__rosidl_typesupport_fastrtps_c.h
[2.831s] -- Installing: /root/test_ws/yano_ws/install/custom_interfaces/lib/libcustom_interfaces__rosidl_typesupport_fastrtps_c.so
[2.831s] -- Set runtime path of "/root/test_ws/yano_ws/install/custom_interfaces/lib/libcustom_interfaces__rosidl_typesupport_fastrtps_c.so" to ""
[2.831s] -- Up-to-date: /root/test_ws/yano_ws/install/custom_interfaces/include/custom_interfaces/custom_interfaces
[2.831s] -- Up-to-date: /root/test_ws/yano_ws/install/custom_interfaces/include/custom_interfaces/custom_interfaces/msg
[2.831s] -- Installing: /root/test_ws/yano_ws/install/custom_interfaces/include/custom_interfaces/custom_interfaces/msg/rosidl_typesupport_introspection_c__visibility_control.h
[2.831s] -- Up-to-date: /root/test_ws/yano_ws/install/custom_interfaces/include/custom_interfaces/custom_interfaces/msg/detail
[2.831s] -- Installing: /root/test_ws/yano_ws/install/custom_interfaces/include/custom_interfaces/custom_interfaces/msg/detail/driver_velocity__type_support.c
[2.831s] -- Installing: /root/test_ws/yano_ws/install/custom_interfaces/include/custom_interfaces/custom_interfaces/msg/detail/driver_velocity__rosidl_typesupport_introspection_c.h
[2.831s] -- Up-to-date: /root/test_ws/yano_ws/install/custom_interfaces/include/custom_interfaces/custom_interfaces/srv
[2.831s] -- Up-to-date: /root/test_ws/yano_ws/install/custom_interfaces/include/custom_interfaces/custom_interfaces/srv/detail
[2.831s] -- Installing: /root/test_ws/yano_ws/install/custom_interfaces/include/custom_interfaces/custom_interfaces/srv/detail/set_mode__type_support.c
[2.831s] -- Installing: /root/test_ws/yano_ws/install/custom_interfaces/include/custom_interfaces/custom_interfaces/srv/detail/set_mode__rosidl_typesupport_introspection_c.h
[2.831s] -- Installing: /root/test_ws/yano_ws/install/custom_interfaces/lib/libcustom_interfaces__rosidl_typesupport_introspection_c.so
[2.832s] -- Set runtime path of "/root/test_ws/yano_ws/install/custom_interfaces/lib/libcustom_interfaces__rosidl_typesupport_introspection_c.so" to ""
[2.832s] -- Installing: /root/test_ws/yano_ws/install/custom_interfaces/lib/libcustom_interfaces__rosidl_typesupport_c.so
[2.832s] -- Set runtime path of "/root/test_ws/yano_ws/install/custom_interfaces/lib/libcustom_interfaces__rosidl_typesupport_c.so" to ""
[2.832s] -- Up-to-date: /root/test_ws/yano_ws/install/custom_interfaces/include/custom_interfaces/custom_interfaces
[2.832s] -- Up-to-date: /root/test_ws/yano_ws/install/custom_interfaces/include/custom_interfaces/custom_interfaces/msg
[2.832s] -- Installing: /root/test_ws/yano_ws/install/custom_interfaces/include/custom_interfaces/custom_interfaces/msg/driver_velocity.hpp
[2.832s] -- Up-to-date: /root/test_ws/yano_ws/install/custom_interfaces/include/custom_interfaces/custom_interfaces/msg/detail
[2.832s] -- Installing: /root/test_ws/yano_ws/install/custom_interfaces/include/custom_interfaces/custom_interfaces/msg/detail/driver_velocity__builder.hpp
[2.832s] -- Installing: /root/test_ws/yano_ws/install/custom_interfaces/include/custom_interfaces/custom_interfaces/msg/detail/driver_velocity__traits.hpp
[2.832s] -- Installing: /root/test_ws/yano_ws/install/custom_interfaces/include/custom_interfaces/custom_interfaces/msg/detail/driver_velocity__struct.hpp
[2.832s] -- Installing: /root/test_ws/yano_ws/install/custom_interfaces/include/custom_interfaces/custom_interfaces/msg/detail/driver_velocity__type_support.hpp
[2.832s] -- Installing: /root/test_ws/yano_ws/install/custom_interfaces/include/custom_interfaces/custom_interfaces/msg/rosidl_generator_cpp__visibility_control.hpp
[2.832s] -- Up-to-date: /root/test_ws/yano_ws/install/custom_interfaces/include/custom_interfaces/custom_interfaces/srv
[2.832s] -- Installing: /root/test_ws/yano_ws/install/custom_interfaces/include/custom_interfaces/custom_interfaces/srv/set_mode.hpp
[2.832s] -- Up-to-date: /root/test_ws/yano_ws/install/custom_interfaces/include/custom_interfaces/custom_interfaces/srv/detail
[2.832s] -- Installing: /root/test_ws/yano_ws/install/custom_interfaces/include/custom_interfaces/custom_interfaces/srv/detail/set_mode__struct.hpp
[2.833s] -- Installing: /root/test_ws/yano_ws/install/custom_interfaces/include/custom_interfaces/custom_interfaces/srv/detail/set_mode__builder.hpp
[2.833s] -- Installing: /root/test_ws/yano_ws/install/custom_interfaces/include/custom_interfaces/custom_interfaces/srv/detail/set_mode__type_support.hpp
[2.833s] -- Installing: /root/test_ws/yano_ws/install/custom_interfaces/include/custom_interfaces/custom_interfaces/srv/detail/set_mode__traits.hpp
[2.833s] -- Up-to-date: /root/test_ws/yano_ws/install/custom_interfaces/include/custom_interfaces/custom_interfaces
[2.833s] -- Up-to-date: /root/test_ws/yano_ws/install/custom_interfaces/include/custom_interfaces/custom_interfaces/msg
[2.833s] -- Installing: /root/test_ws/yano_ws/install/custom_interfaces/include/custom_interfaces/custom_interfaces/msg/rosidl_typesupport_fastrtps_cpp__visibility_control.h
[2.833s] -- Up-to-date: /root/test_ws/yano_ws/install/custom_interfaces/include/custom_interfaces/custom_interfaces/msg/detail
[2.833s] -- Installing: /root/test_ws/yano_ws/install/custom_interfaces/include/custom_interfaces/custom_interfaces/msg/detail/driver_velocity__rosidl_typesupport_fastrtps_cpp.hpp
[2.833s] -- Installing: /root/test_ws/yano_ws/install/custom_interfaces/include/custom_interfaces/custom_interfaces/msg/detail/dds_fastrtps
[2.833s] -- Up-to-date: /root/test_ws/yano_ws/install/custom_interfaces/include/custom_interfaces/custom_interfaces/srv
[2.833s] -- Up-to-date: /root/test_ws/yano_ws/install/custom_interfaces/include/custom_interfaces/custom_interfaces/srv/detail
[2.833s] -- Installing: /root/test_ws/yano_ws/install/custom_interfaces/include/custom_interfaces/custom_interfaces/srv/detail/set_mode__rosidl_typesupport_fastrtps_cpp.hpp
[2.833s] -- Installing: /root/test_ws/yano_ws/install/custom_interfaces/include/custom_interfaces/custom_interfaces/srv/detail/dds_fastrtps
[2.833s] -- Installing: /root/test_ws/yano_ws/install/custom_interfaces/lib/libcustom_interfaces__rosidl_typesupport_fastrtps_cpp.so
[2.833s] -- Set runtime path of "/root/test_ws/yano_ws/install/custom_interfaces/lib/libcustom_interfaces__rosidl_typesupport_fastrtps_cpp.so" to ""
[2.833s] -- Up-to-date: /root/test_ws/yano_ws/install/custom_interfaces/include/custom_interfaces/custom_interfaces
[2.833s] -- Up-to-date: /root/test_ws/yano_ws/install/custom_interfaces/include/custom_interfaces/custom_interfaces/msg
[2.833s] -- Up-to-date: /root/test_ws/yano_ws/install/custom_interfaces/include/custom_interfaces/custom_interfaces/msg/detail
[2.833s] -- Installing: /root/test_ws/yano_ws/install/custom_interfaces/include/custom_interfaces/custom_interfaces/msg/detail/driver_velocity__type_support.cpp
[2.833s] -- Installing: /root/test_ws/yano_ws/install/custom_interfaces/include/custom_interfaces/custom_interfaces/msg/detail/driver_velocity__rosidl_typesupport_introspection_cpp.hpp
[2.833s] -- Up-to-date: /root/test_ws/yano_ws/install/custom_interfaces/include/custom_interfaces/custom_interfaces/srv
[2.833s] -- Up-to-date: /root/test_ws/yano_ws/install/custom_interfaces/include/custom_interfaces/custom_interfaces/srv/detail
[2.834s] -- Installing: /root/test_ws/yano_ws/install/custom_interfaces/include/custom_interfaces/custom_interfaces/srv/detail/set_mode__rosidl_typesupport_introspection_cpp.hpp
[2.834s] -- Installing: /root/test_ws/yano_ws/install/custom_interfaces/include/custom_interfaces/custom_interfaces/srv/detail/set_mode__type_support.cpp
[2.834s] -- Installing: /root/test_ws/yano_ws/install/custom_interfaces/lib/libcustom_interfaces__rosidl_typesupport_introspection_cpp.so
[2.834s] -- Set runtime path of "/root/test_ws/yano_ws/install/custom_interfaces/lib/libcustom_interfaces__rosidl_typesupport_introspection_cpp.so" to ""
[2.834s] -- Installing: /root/test_ws/yano_ws/install/custom_interfaces/lib/libcustom_interfaces__rosidl_typesupport_cpp.so
[2.834s] -- Set runtime path of "/root/test_ws/yano_ws/install/custom_interfaces/lib/libcustom_interfaces__rosidl_typesupport_cpp.so" to ""
[2.834s] -- Installing: /root/test_ws/yano_ws/install/custom_interfaces/share/custom_interfaces/environment/pythonpath.sh
[2.834s] -- Installing: /root/test_ws/yano_ws/install/custom_interfaces/share/custom_interfaces/environment/pythonpath.dsv
[2.834s] -- Installing: /root/test_ws/yano_ws/install/custom_interfaces/local/lib/python3.10/dist-packages/custom_interfaces-0.0.0-py3.10.egg-info
[2.834s] -- Installing: /root/test_ws/yano_ws/install/custom_interfaces/local/lib/python3.10/dist-packages/custom_interfaces-0.0.0-py3.10.egg-info/dependency_links.txt
[2.834s] -- Installing: /root/test_ws/yano_ws/install/custom_interfaces/local/lib/python3.10/dist-packages/custom_interfaces-0.0.0-py3.10.egg-info/SOURCES.txt
[2.834s] -- Installing: /root/test_ws/yano_ws/install/custom_interfaces/local/lib/python3.10/dist-packages/custom_interfaces-0.0.0-py3.10.egg-info/PKG-INFO
[2.834s] -- Installing: /root/test_ws/yano_ws/install/custom_interfaces/local/lib/python3.10/dist-packages/custom_interfaces-0.0.0-py3.10.egg-info/top_level.txt
[2.834s] -- Installing: /root/test_ws/yano_ws/install/custom_interfaces/local/lib/python3.10/dist-packages/custom_interfaces
[2.834s] -- Installing: /root/test_ws/yano_ws/install/custom_interfaces/local/lib/python3.10/dist-packages/custom_interfaces/_custom_interfaces_s.ep.rosidl_typesupport_introspection_c.c
[2.834s] -- Installing: /root/test_ws/yano_ws/install/custom_interfaces/local/lib/python3.10/dist-packages/custom_interfaces/custom_interfaces_s__rosidl_typesupport_c.cpython-310-x86_64-linux-gnu.so
[2.835s] -- Installing: /root/test_ws/yano_ws/install/custom_interfaces/local/lib/python3.10/dist-packages/custom_interfaces/custom_interfaces_s__rosidl_typesupport_fastrtps_c.cpython-310-x86_64-linux-gnu.so
[2.835s] -- Installing: /root/test_ws/yano_ws/install/custom_interfaces/local/lib/python3.10/dist-packages/custom_interfaces/__init__.py
[2.835s] -- Installing: /root/test_ws/yano_ws/install/custom_interfaces/local/lib/python3.10/dist-packages/custom_interfaces/msg
[2.835s] -- Installing: /root/test_ws/yano_ws/install/custom_interfaces/local/lib/python3.10/dist-packages/custom_interfaces/msg/__init__.py
[2.835s] -- Installing: /root/test_ws/yano_ws/install/custom_interfaces/local/lib/python3.10/dist-packages/custom_interfaces/msg/_driver_velocity_s.c
[2.835s] -- Installing: /root/test_ws/yano_ws/install/custom_interfaces/local/lib/python3.10/dist-packages/custom_interfaces/msg/_driver_velocity.py
[2.835s] -- Installing: /root/test_ws/yano_ws/install/custom_interfaces/local/lib/python3.10/dist-packages/custom_interfaces/libcustom_interfaces__rosidl_generator_py.so
[2.835s] -- Installing: /root/test_ws/yano_ws/install/custom_interfaces/local/lib/python3.10/dist-packages/custom_interfaces/srv
[2.835s] -- Installing: /root/test_ws/yano_ws/install/custom_interfaces/local/lib/python3.10/dist-packages/custom_interfaces/srv/_set_mode_s.c
[2.835s] -- Installing: /root/test_ws/yano_ws/install/custom_interfaces/local/lib/python3.10/dist-packages/custom_interfaces/srv/__init__.py
[2.835s] -- Installing: /root/test_ws/yano_ws/install/custom_interfaces/local/lib/python3.10/dist-packages/custom_interfaces/srv/_set_mode.py
[2.835s] -- Installing: /root/test_ws/yano_ws/install/custom_interfaces/local/lib/python3.10/dist-packages/custom_interfaces/_custom_interfaces_s.ep.rosidl_typesupport_c.c
[2.835s] -- Installing: /root/test_ws/yano_ws/install/custom_interfaces/local/lib/python3.10/dist-packages/custom_interfaces/custom_interfaces_s__rosidl_typesupport_introspection_c.cpython-310-x86_64-linux-gnu.so
[2.835s] -- Installing: /root/test_ws/yano_ws/install/custom_interfaces/local/lib/python3.10/dist-packages/custom_interfaces/_custom_interfaces_s.ep.rosidl_typesupport_fastrtps_c.c
[2.858s] Listing '/root/test_ws/yano_ws/install/custom_interfaces/local/lib/python3.10/dist-packages/custom_interfaces'...
[2.858s] Compiling '/root/test_ws/yano_ws/install/custom_interfaces/local/lib/python3.10/dist-packages/custom_interfaces/__init__.py'...
[2.858s] Listing '/root/test_ws/yano_ws/install/custom_interfaces/local/lib/python3.10/dist-packages/custom_interfaces/msg'...
[2.858s] Compiling '/root/test_ws/yano_ws/install/custom_interfaces/local/lib/python3.10/dist-packages/custom_interfaces/msg/__init__.py'...
[2.858s] Compiling '/root/test_ws/yano_ws/install/custom_interfaces/local/lib/python3.10/dist-packages/custom_interfaces/msg/_driver_velocity.py'...
[2.858s] Listing '/root/test_ws/yano_ws/install/custom_interfaces/local/lib/python3.10/dist-packages/custom_interfaces/srv'...
[2.858s] Compiling '/root/test_ws/yano_ws/install/custom_interfaces/local/lib/python3.10/dist-packages/custom_interfaces/srv/__init__.py'...
[2.858s] Compiling '/root/test_ws/yano_ws/install/custom_interfaces/local/lib/python3.10/dist-packages/custom_interfaces/srv/_set_mode.py'...
[2.861s] -- Installing: /root/test_ws/yano_ws/install/custom_interfaces/local/lib/python3.10/dist-packages/custom_interfaces/custom_interfaces_s__rosidl_typesupport_fastrtps_c.cpython-310-x86_64-linux-gnu.so
[2.861s] -- Set runtime path of "/root/test_ws/yano_ws/install/custom_interfaces/local/lib/python3.10/dist-packages/custom_interfaces/custom_interfaces_s__rosidl_typesupport_fastrtps_c.cpython-310-x86_64-linux-gnu.so" to ""
[2.861s] -- Installing: /root/test_ws/yano_ws/install/custom_interfaces/local/lib/python3.10/dist-packages/custom_interfaces/custom_interfaces_s__rosidl_typesupport_introspection_c.cpython-310-x86_64-linux-gnu.so
[2.861s] -- Set runtime path of "/root/test_ws/yano_ws/install/custom_interfaces/local/lib/python3.10/dist-packages/custom_interfaces/custom_interfaces_s__rosidl_typesupport_introspection_c.cpython-310-x86_64-linux-gnu.so" to ""
[2.861s] -- Installing: /root/test_ws/yano_ws/install/custom_interfaces/local/lib/python3.10/dist-packages/custom_interfaces/custom_interfaces_s__rosidl_typesupport_c.cpython-310-x86_64-linux-gnu.so
[2.861s] -- Set runtime path of "/root/test_ws/yano_ws/install/custom_interfaces/local/lib/python3.10/dist-packages/custom_interfaces/custom_interfaces_s__rosidl_typesupport_c.cpython-310-x86_64-linux-gnu.so" to ""
[2.861s] -- Installing: /root/test_ws/yano_ws/install/custom_interfaces/lib/libcustom_interfaces__rosidl_generator_py.so
[2.862s] -- Set runtime path of "/root/test_ws/yano_ws/install/custom_interfaces/lib/libcustom_interfaces__rosidl_generator_py.so" to ""
[2.862s] -- Installing: /root/test_ws/yano_ws/install/custom_interfaces/share/custom_interfaces/msg/DriverVelocity.idl
[2.862s] -- Installing: /root/test_ws/yano_ws/install/custom_interfaces/share/custom_interfaces/srv/SetMode.idl
[2.862s] -- Installing: /root/test_ws/yano_ws/install/custom_interfaces/share/custom_interfaces/msg/DriverVelocity.msg
[2.862s] -- Installing: /root/test_ws/yano_ws/install/custom_interfaces/share/custom_interfaces/srv/SetMode.srv
[2.862s] -- Installing: /root/test_ws/yano_ws/install/custom_interfaces/share/custom_interfaces/srv/SetMode_Request.msg
[2.862s] -- Installing: /root/test_ws/yano_ws/install/custom_interfaces/share/custom_interfaces/srv/SetMode_Response.msg
[2.862s] -- Up-to-date: /root/test_ws/yano_ws/install/custom_interfaces/share/custom_interfaces/msg
[2.862s] -- Up-to-date: /root/test_ws/yano_ws/install/custom_interfaces/share/custom_interfaces/msg/DriverVelocity.msg
[2.862s] -- Installing: /root/test_ws/yano_ws/install/custom_interfaces/share/ament_index/resource_index/package_run_dependencies/custom_interfaces
[2.862s] -- Installing: /root/test_ws/yano_ws/install/custom_interfaces/share/ament_index/resource_index/parent_prefix_path/custom_interfaces
[2.862s] -- Installing: /root/test_ws/yano_ws/install/custom_interfaces/share/custom_interfaces/environment/ament_prefix_path.sh
[2.862s] -- Installing: /root/test_ws/yano_ws/install/custom_interfaces/share/custom_interfaces/environment/ament_prefix_path.dsv
[2.862s] -- Installing: /root/test_ws/yano_ws/install/custom_interfaces/share/custom_interfaces/environment/path.sh
[2.863s] -- Installing: /root/test_ws/yano_ws/install/custom_interfaces/share/custom_interfaces/environment/path.dsv
[2.863s] -- Installing: /root/test_ws/yano_ws/install/custom_interfaces/share/custom_interfaces/local_setup.bash
[2.863s] -- Installing: /root/test_ws/yano_ws/install/custom_interfaces/share/custom_interfaces/local_setup.sh
[2.863s] -- Installing: /root/test_ws/yano_ws/install/custom_interfaces/share/custom_interfaces/local_setup.zsh
[2.863s] -- Installing: /root/test_ws/yano_ws/install/custom_interfaces/share/custom_interfaces/local_setup.dsv
[2.863s] -- Installing: /root/test_ws/yano_ws/install/custom_interfaces/share/custom_interfaces/package.dsv
[2.863s] -- Installing: /root/test_ws/yano_ws/install/custom_interfaces/share/ament_index/resource_index/packages/custom_interfaces
[2.863s] -- Installing: /root/test_ws/yano_ws/install/custom_interfaces/share/custom_interfaces/cmake/export_custom_interfaces__rosidl_generator_cExport.cmake
[2.863s] -- Installing: /root/test_ws/yano_ws/install/custom_interfaces/share/custom_interfaces/cmake/export_custom_interfaces__rosidl_generator_cExport-noconfig.cmake
[2.863s] -- Installing: /root/test_ws/yano_ws/install/custom_interfaces/share/custom_interfaces/cmake/export_custom_interfaces__rosidl_typesupport_fastrtps_cExport.cmake
[2.863s] -- Installing: /root/test_ws/yano_ws/install/custom_interfaces/share/custom_interfaces/cmake/export_custom_interfaces__rosidl_typesupport_fastrtps_cExport-noconfig.cmake
[2.863s] -- Installing: /root/test_ws/yano_ws/install/custom_interfaces/share/custom_interfaces/cmake/custom_interfaces__rosidl_typesupport_introspection_cExport.cmake
[2.864s] -- Installing: /root/test_ws/yano_ws/install/custom_interfaces/share/custom_interfaces/cmake/custom_interfaces__rosidl_typesupport_introspection_cExport-noconfig.cmake
[2.864s] -- Installing: /root/test_ws/yano_ws/install/custom_interfaces/share/custom_interfaces/cmake/custom_interfaces__rosidl_typesupport_cExport.cmake
[2.864s] -- Installing: /root/test_ws/yano_ws/install/custom_interfaces/share/custom_interfaces/cmake/custom_interfaces__rosidl_typesupport_cExport-noconfig.cmake
[2.864s] -- Installing: /root/test_ws/yano_ws/install/custom_interfaces/share/custom_interfaces/cmake/export_custom_interfaces__rosidl_generator_cppExport.cmake
[2.864s] -- Installing: /root/test_ws/yano_ws/install/custom_interfaces/share/custom_interfaces/cmake/export_custom_interfaces__rosidl_typesupport_fastrtps_cppExport.cmake
[2.864s] -- Installing: /root/test_ws/yano_ws/install/custom_interfaces/share/custom_interfaces/cmake/export_custom_interfaces__rosidl_typesupport_fastrtps_cppExport-noconfig.cmake
[2.864s] -- Installing: /root/test_ws/yano_ws/install/custom_interfaces/share/custom_interfaces/cmake/custom_interfaces__rosidl_typesupport_introspection_cppExport.cmake
[2.864s] -- Installing: /root/test_ws/yano_ws/install/custom_interfaces/share/custom_interfaces/cmake/custom_interfaces__rosidl_typesupport_introspection_cppExport-noconfig.cmake
[2.864s] -- Installing: /root/test_ws/yano_ws/install/custom_interfaces/share/custom_interfaces/cmake/custom_interfaces__rosidl_typesupport_cppExport.cmake
[2.864s] -- Installing: /root/test_ws/yano_ws/install/custom_interfaces/share/custom_interfaces/cmake/custom_interfaces__rosidl_typesupport_cppExport-noconfig.cmake
[2.865s] -- Installing: /root/test_ws/yano_ws/install/custom_interfaces/share/custom_interfaces/cmake/export_custom_interfaces__rosidl_generator_pyExport.cmake
[2.865s] -- Installing: /root/test_ws/yano_ws/install/custom_interfaces/share/custom_interfaces/cmake/export_custom_interfaces__rosidl_generator_pyExport-noconfig.cmake
[2.865s] -- Installing: /root/test_ws/yano_ws/install/custom_interfaces/share/custom_interfaces/cmake/rosidl_cmake-extras.cmake
[2.865s] -- Installing: /root/test_ws/yano_ws/install/custom_interfaces/share/custom_interfaces/cmake/ament_cmake_export_include_directories-extras.cmake
[2.865s] -- Installing: /root/test_ws/yano_ws/install/custom_interfaces/share/custom_interfaces/cmake/ament_cmake_export_libraries-extras.cmake
[2.865s] -- Installing: /root/test_ws/yano_ws/install/custom_interfaces/share/custom_interfaces/cmake/ament_cmake_export_targets-extras.cmake
[2.865s] -- Installing: /root/test_ws/yano_ws/install/custom_interfaces/share/custom_interfaces/cmake/rosidl_cmake_export_typesupport_targets-extras.cmake
[2.865s] -- Installing: /root/test_ws/yano_ws/install/custom_interfaces/share/custom_interfaces/cmake/ament_cmake_export_dependencies-extras.cmake
[2.865s] -- Installing: /root/test_ws/yano_ws/install/custom_interfaces/share/custom_interfaces/cmake/rosidl_cmake_export_typesupport_libraries-extras.cmake
[2.865s] -- Installing: /root/test_ws/yano_ws/install/custom_interfaces/share/custom_interfaces/cmake/custom_interfacesConfig.cmake
[2.865s] -- Installing: /root/test_ws/yano_ws/install/custom_interfaces/share/custom_interfaces/cmake/custom_interfacesConfig-version.cmake
[2.865s] -- Installing: /root/test_ws/yano_ws/install/custom_interfaces/share/custom_interfaces/package.xml
[2.867s] Invoked command in '/root/test_ws/yano_ws/build/custom_interfaces' returned '0': CMAKE_PREFIX_PATH=/opt/ros/humble /usr/bin/cmake --install /root/test_ws/yano_ws/build/custom_interfaces
