[0.164s] DEBUG:colcon:Command line arguments: ['/usr/bin/colcon', 'build']
[0.164s] DEBUG:colcon:Parsed command line arguments: Namespace(log_base=None, log_level=None, verb_name='build', build_base='build', install_base='install', merge_install=False, symlink_install=False, test_result_base=None, continue_on_error=False, executor='parallel', parallel_workers=4, event_handlers=None, ignore_user_meta=False, metas=['./colcon.meta'], base_paths=['.'], packages_ignore=None, packages_ignore_regex=None, paths=None, packages_up_to=None, packages_up_to_regex=None, packages_above=None, packages_above_and_dependencies=None, packages_above_depth=None, packages_select_by_dep=None, packages_skip_by_dep=None, packages_skip_up_to=None, packages_select_build_failed=False, packages_skip_build_finished=False, packages_select_test_failures=False, packages_skip_test_passed=False, packages_select=None, packages_skip=None, packages_select_regex=None, packages_skip_regex=None, packages_start=None, packages_end=None, cmake_args=None, cmake_target=None, cmake_target_skip_unavailable=False, cmake_clean_cache=False, cmake_clean_first=False, cmake_force_configure=False, ament_cmake_args=None, catkin_cmake_args=None, catkin_skip_building_tests=False, mixin_files=None, mixin=None, verb_parser=<colcon_mixin.mixin.mixin_argument.MixinArgumentDecorator object at 0x7ad0197bf3a0>, verb_extension=<colcon_core.verb.build.BuildVerb object at 0x7ad0198f03a0>, main=<bound method BuildVerb.main of <colcon_core.verb.build.BuildVerb object at 0x7ad0198f03a0>>, mixin_verb=('build',))
[0.356s] Level 1:colcon.colcon_core.package_discovery:discover_packages(colcon_meta) check parameters
[0.357s] INFO:colcon.colcon_metadata.package_discovery.colcon_meta:Using configuration from '/root/.colcon/metadata/default/Gazebo.meta'
[0.357s] INFO:colcon.colcon_metadata.package_discovery.colcon_meta:Using configuration from '/root/.colcon/metadata/default/fastrtps.meta'
[0.358s] Level 1:colcon.colcon_core.package_discovery:discover_packages(recursive) check parameters
[0.358s] Level 1:colcon.colcon_core.package_discovery:discover_packages(ignore) check parameters
[0.358s] Level 1:colcon.colcon_core.package_discovery:discover_packages(path) check parameters
[0.358s] Level 1:colcon.colcon_core.package_discovery:discover_packages(colcon_meta) discover
[0.358s] Level 1:colcon.colcon_core.package_discovery:discover_packages(recursive) discover
[0.358s] INFO:colcon.colcon_core.package_discovery:Crawling recursively for packages in '/root/working/test_ws/yano_ws'
[0.358s] Level 1:colcon.colcon_core.package_identification:_identify(.) by extensions ['ignore', 'ignore_ament_install']
[0.358s] Level 1:colcon.colcon_core.package_identification:_identify(.) by extension 'ignore'
[0.358s] Level 1:colcon.colcon_core.package_identification:_identify(.) by extension 'ignore_ament_install'
[0.358s] Level 1:colcon.colcon_core.package_identification:_identify(.) by extensions ['colcon_pkg']
[0.358s] Level 1:colcon.colcon_core.package_identification:_identify(.) by extension 'colcon_pkg'
[0.358s] Level 1:colcon.colcon_core.package_identification:_identify(.) by extensions ['colcon_meta']
[0.358s] Level 1:colcon.colcon_core.package_identification:_identify(.) by extension 'colcon_meta'
[0.358s] Level 1:colcon.colcon_core.package_identification:_identify(.) by extensions ['ros']
[0.358s] Level 1:colcon.colcon_core.package_identification:_identify(.) by extension 'ros'
[0.373s] Level 1:colcon.colcon_core.package_identification:_identify(.) by extensions ['cmake', 'python']
[0.373s] Level 1:colcon.colcon_core.package_identification:_identify(.) by extension 'cmake'
[0.373s] Level 1:colcon.colcon_core.package_identification:_identify(.) by extension 'python'
[0.373s] Level 1:colcon.colcon_core.package_identification:_identify(.) by extensions ['python_setup_py']
[0.373s] Level 1:colcon.colcon_core.package_identification:_identify(.) by extension 'python_setup_py'
[0.374s] Level 1:colcon.colcon_core.package_identification:_identify(build) by extensions ['ignore', 'ignore_ament_install']
[0.374s] Level 1:colcon.colcon_core.package_identification:_identify(build) by extension 'ignore'
[0.374s] Level 1:colcon.colcon_core.package_identification:_identify(build) ignored
[0.374s] Level 1:colcon.colcon_core.package_identification:_identify(install) by extensions ['ignore', 'ignore_ament_install']
[0.374s] Level 1:colcon.colcon_core.package_identification:_identify(install) by extension 'ignore'
[0.374s] Level 1:colcon.colcon_core.package_identification:_identify(install) ignored
[0.374s] Level 1:colcon.colcon_core.package_identification:_identify(launch) by extensions ['ignore', 'ignore_ament_install']
[0.374s] Level 1:colcon.colcon_core.package_identification:_identify(launch) by extension 'ignore'
[0.374s] Level 1:colcon.colcon_core.package_identification:_identify(launch) by extension 'ignore_ament_install'
[0.374s] Level 1:colcon.colcon_core.package_identification:_identify(launch) by extensions ['colcon_pkg']
[0.374s] Level 1:colcon.colcon_core.package_identification:_identify(launch) by extension 'colcon_pkg'
[0.374s] Level 1:colcon.colcon_core.package_identification:_identify(launch) by extensions ['colcon_meta']
[0.374s] Level 1:colcon.colcon_core.package_identification:_identify(launch) by extension 'colcon_meta'
[0.375s] Level 1:colcon.colcon_core.package_identification:_identify(launch) by extensions ['ros']
[0.375s] Level 1:colcon.colcon_core.package_identification:_identify(launch) by extension 'ros'
[0.375s] Level 1:colcon.colcon_core.package_identification:_identify(launch) by extensions ['cmake', 'python']
[0.375s] Level 1:colcon.colcon_core.package_identification:_identify(launch) by extension 'cmake'
[0.375s] Level 1:colcon.colcon_core.package_identification:_identify(launch) by extension 'python'
[0.375s] Level 1:colcon.colcon_core.package_identification:_identify(launch) by extensions ['python_setup_py']
[0.375s] Level 1:colcon.colcon_core.package_identification:_identify(launch) by extension 'python_setup_py'
[0.375s] Level 1:colcon.colcon_core.package_identification:_identify(launch/__pycache__) by extensions ['ignore', 'ignore_ament_install']
[0.375s] Level 1:colcon.colcon_core.package_identification:_identify(launch/__pycache__) by extension 'ignore'
[0.375s] Level 1:colcon.colcon_core.package_identification:_identify(launch/__pycache__) by extension 'ignore_ament_install'
[0.375s] Level 1:colcon.colcon_core.package_identification:_identify(launch/__pycache__) by extensions ['colcon_pkg']
[0.375s] Level 1:colcon.colcon_core.package_identification:_identify(launch/__pycache__) by extension 'colcon_pkg'
[0.375s] Level 1:colcon.colcon_core.package_identification:_identify(launch/__pycache__) by extensions ['colcon_meta']
[0.375s] Level 1:colcon.colcon_core.package_identification:_identify(launch/__pycache__) by extension 'colcon_meta'
[0.375s] Level 1:colcon.colcon_core.package_identification:_identify(launch/__pycache__) by extensions ['ros']
[0.375s] Level 1:colcon.colcon_core.package_identification:_identify(launch/__pycache__) by extension 'ros'
[0.376s] Level 1:colcon.colcon_core.package_identification:_identify(launch/__pycache__) by extensions ['cmake', 'python']
[0.376s] Level 1:colcon.colcon_core.package_identification:_identify(launch/__pycache__) by extension 'cmake'
[0.376s] Level 1:colcon.colcon_core.package_identification:_identify(launch/__pycache__) by extension 'python'
[0.376s] Level 1:colcon.colcon_core.package_identification:_identify(launch/__pycache__) by extensions ['python_setup_py']
[0.376s] Level 1:colcon.colcon_core.package_identification:_identify(launch/__pycache__) by extension 'python_setup_py'
[0.376s] Level 1:colcon.colcon_core.package_identification:_identify(log) by extensions ['ignore', 'ignore_ament_install']
[0.376s] Level 1:colcon.colcon_core.package_identification:_identify(log) by extension 'ignore'
[0.376s] Level 1:colcon.colcon_core.package_identification:_identify(log) ignored
[0.376s] Level 1:colcon.colcon_core.package_identification:_identify(src) by extensions ['ignore', 'ignore_ament_install']
[0.376s] Level 1:colcon.colcon_core.package_identification:_identify(src) by extension 'ignore'
[0.376s] Level 1:colcon.colcon_core.package_identification:_identify(src) by extension 'ignore_ament_install'
[0.376s] Level 1:colcon.colcon_core.package_identification:_identify(src) by extensions ['colcon_pkg']
[0.376s] Level 1:colcon.colcon_core.package_identification:_identify(src) by extension 'colcon_pkg'
[0.376s] Level 1:colcon.colcon_core.package_identification:_identify(src) by extensions ['colcon_meta']
[0.376s] Level 1:colcon.colcon_core.package_identification:_identify(src) by extension 'colcon_meta'
[0.376s] Level 1:colcon.colcon_core.package_identification:_identify(src) by extensions ['ros']
[0.377s] Level 1:colcon.colcon_core.package_identification:_identify(src) by extension 'ros'
[0.377s] Level 1:colcon.colcon_core.package_identification:_identify(src) by extensions ['cmake', 'python']
[0.377s] Level 1:colcon.colcon_core.package_identification:_identify(src) by extension 'cmake'
[0.377s] Level 1:colcon.colcon_core.package_identification:_identify(src) by extension 'python'
[0.377s] Level 1:colcon.colcon_core.package_identification:_identify(src) by extensions ['python_setup_py']
[0.377s] Level 1:colcon.colcon_core.package_identification:_identify(src) by extension 'python_setup_py'
[0.377s] Level 1:colcon.colcon_core.package_identification:_identify(src/DynamixelSDK) by extensions ['ignore', 'ignore_ament_install']
[0.377s] Level 1:colcon.colcon_core.package_identification:_identify(src/DynamixelSDK) by extension 'ignore'
[0.377s] Level 1:colcon.colcon_core.package_identification:_identify(src/DynamixelSDK) by extension 'ignore_ament_install'
[0.377s] Level 1:colcon.colcon_core.package_identification:_identify(src/DynamixelSDK) by extensions ['colcon_pkg']
[0.377s] Level 1:colcon.colcon_core.package_identification:_identify(src/DynamixelSDK) by extension 'colcon_pkg'
[0.377s] Level 1:colcon.colcon_core.package_identification:_identify(src/DynamixelSDK) by extensions ['colcon_meta']
[0.377s] Level 1:colcon.colcon_core.package_identification:_identify(src/DynamixelSDK) by extension 'colcon_meta'
[0.377s] Level 1:colcon.colcon_core.package_identification:_identify(src/DynamixelSDK) by extensions ['ros']
[0.377s] Level 1:colcon.colcon_core.package_identification:_identify(src/DynamixelSDK) by extension 'ros'
[0.377s] Level 1:colcon.colcon_core.package_identification:_identify(src/DynamixelSDK) by extensions ['cmake', 'python']
[0.377s] Level 1:colcon.colcon_core.package_identification:_identify(src/DynamixelSDK) by extension 'cmake'
[0.377s] Level 1:colcon.colcon_core.package_identification:_identify(src/DynamixelSDK) by extension 'python'
[0.378s] Level 1:colcon.colcon_core.package_identification:_identify(src/DynamixelSDK) by extensions ['python_setup_py']
[0.378s] Level 1:colcon.colcon_core.package_identification:_identify(src/DynamixelSDK) by extension 'python_setup_py'
[0.378s] Level 1:colcon.colcon_core.package_identification:_identify(src/custom_interfaces) by extensions ['ignore', 'ignore_ament_install']
[0.378s] Level 1:colcon.colcon_core.package_identification:_identify(src/custom_interfaces) by extension 'ignore'
[0.378s] Level 1:colcon.colcon_core.package_identification:_identify(src/custom_interfaces) by extension 'ignore_ament_install'
[0.378s] Level 1:colcon.colcon_core.package_identification:_identify(src/custom_interfaces) by extensions ['colcon_pkg']
[0.378s] Level 1:colcon.colcon_core.package_identification:_identify(src/custom_interfaces) by extension 'colcon_pkg'
[0.378s] Level 1:colcon.colcon_core.package_identification:_identify(src/custom_interfaces) by extensions ['colcon_meta']
[0.378s] Level 1:colcon.colcon_core.package_identification:_identify(src/custom_interfaces) by extension 'colcon_meta'
[0.378s] Level 1:colcon.colcon_core.package_identification:_identify(src/custom_interfaces) by extensions ['ros']
[0.378s] Level 1:colcon.colcon_core.package_identification:_identify(src/custom_interfaces) by extension 'ros'
[0.381s] DEBUG:colcon.colcon_core.package_identification:Package 'src/custom_interfaces' with type 'ros.ament_cmake' and name 'custom_interfaces'
[0.381s] Level 1:colcon.colcon_core.package_identification:_identify(src/driver) by extensions ['ignore', 'ignore_ament_install']
[0.381s] Level 1:colcon.colcon_core.package_identification:_identify(src/driver) by extension 'ignore'
[0.381s] Level 1:colcon.colcon_core.package_identification:_identify(src/driver) by extension 'ignore_ament_install'
[0.381s] Level 1:colcon.colcon_core.package_identification:_identify(src/driver) by extensions ['colcon_pkg']
[0.382s] Level 1:colcon.colcon_core.package_identification:_identify(src/driver) by extension 'colcon_pkg'
[0.382s] Level 1:colcon.colcon_core.package_identification:_identify(src/driver) by extensions ['colcon_meta']
[0.382s] Level 1:colcon.colcon_core.package_identification:_identify(src/driver) by extension 'colcon_meta'
[0.382s] Level 1:colcon.colcon_core.package_identification:_identify(src/driver) by extensions ['ros']
[0.382s] Level 1:colcon.colcon_core.package_identification:_identify(src/driver) by extension 'ros'
[0.383s] DEBUG:colcon.colcon_core.package_identification:Package 'src/driver' with type 'ros.ament_cmake' and name 'driver'
[0.383s] Level 1:colcon.colcon_core.package_identification:_identify(src/dynamixel-workbench) by extensions ['ignore', 'ignore_ament_install']
[0.383s] Level 1:colcon.colcon_core.package_identification:_identify(src/dynamixel-workbench) by extension 'ignore'
[0.383s] Level 1:colcon.colcon_core.package_identification:_identify(src/dynamixel-workbench) by extension 'ignore_ament_install'
[0.383s] Level 1:colcon.colcon_core.package_identification:_identify(src/dynamixel-workbench) by extensions ['colcon_pkg']
[0.383s] Level 1:colcon.colcon_core.package_identification:_identify(src/dynamixel-workbench) by extension 'colcon_pkg'
[0.383s] Level 1:colcon.colcon_core.package_identification:_identify(src/dynamixel-workbench) by extensions ['colcon_meta']
[0.384s] Level 1:colcon.colcon_core.package_identification:_identify(src/dynamixel-workbench) by extension 'colcon_meta'
[0.384s] Level 1:colcon.colcon_core.package_identification:_identify(src/dynamixel-workbench) by extensions ['ros']
[0.384s] Level 1:colcon.colcon_core.package_identification:_identify(src/dynamixel-workbench) by extension 'ros'
[0.384s] Level 1:colcon.colcon_core.package_identification:_identify(src/dynamixel-workbench) by extensions ['cmake', 'python']
[0.384s] Level 1:colcon.colcon_core.package_identification:_identify(src/dynamixel-workbench) by extension 'cmake'
[0.384s] Level 1:colcon.colcon_core.package_identification:_identify(src/dynamixel-workbench) by extension 'python'
[0.384s] Level 1:colcon.colcon_core.package_identification:_identify(src/dynamixel-workbench) by extensions ['python_setup_py']
[0.384s] Level 1:colcon.colcon_core.package_identification:_identify(src/dynamixel-workbench) by extension 'python_setup_py'
[0.384s] Level 1:colcon.colcon_core.package_identification:_identify(src/dynamixel-workbench-msgs) by extensions ['ignore', 'ignore_ament_install']
[0.384s] Level 1:colcon.colcon_core.package_identification:_identify(src/dynamixel-workbench-msgs) by extension 'ignore'
[0.384s] Level 1:colcon.colcon_core.package_identification:_identify(src/dynamixel-workbench-msgs) by extension 'ignore_ament_install'
[0.384s] Level 1:colcon.colcon_core.package_identification:_identify(src/dynamixel-workbench-msgs) by extensions ['colcon_pkg']
[0.384s] Level 1:colcon.colcon_core.package_identification:_identify(src/dynamixel-workbench-msgs) by extension 'colcon_pkg'
[0.384s] Level 1:colcon.colcon_core.package_identification:_identify(src/dynamixel-workbench-msgs) by extensions ['colcon_meta']
[0.384s] Level 1:colcon.colcon_core.package_identification:_identify(src/dynamixel-workbench-msgs) by extension 'colcon_meta'
[0.384s] Level 1:colcon.colcon_core.package_identification:_identify(src/dynamixel-workbench-msgs) by extensions ['ros']
[0.384s] Level 1:colcon.colcon_core.package_identification:_identify(src/dynamixel-workbench-msgs) by extension 'ros'
[0.385s] Level 1:colcon.colcon_core.package_identification:_identify(src/dynamixel-workbench-msgs) by extensions ['cmake', 'python']
[0.385s] Level 1:colcon.colcon_core.package_identification:_identify(src/dynamixel-workbench-msgs) by extension 'cmake'
[0.385s] Level 1:colcon.colcon_core.package_identification:_identify(src/dynamixel-workbench-msgs) by extension 'python'
[0.385s] Level 1:colcon.colcon_core.package_identification:_identify(src/dynamixel-workbench-msgs) by extensions ['python_setup_py']
[0.385s] Level 1:colcon.colcon_core.package_identification:_identify(src/dynamixel-workbench-msgs) by extension 'python_setup_py'
[0.385s] Level 1:colcon.colcon_core.package_identification:_identify(src/flipper) by extensions ['ignore', 'ignore_ament_install']
[0.385s] Level 1:colcon.colcon_core.package_identification:_identify(src/flipper) by extension 'ignore'
[0.385s] Level 1:colcon.colcon_core.package_identification:_identify(src/flipper) by extension 'ignore_ament_install'
[0.385s] Level 1:colcon.colcon_core.package_identification:_identify(src/flipper) by extensions ['colcon_pkg']
[0.385s] Level 1:colcon.colcon_core.package_identification:_identify(src/flipper) by extension 'colcon_pkg'
[0.385s] Level 1:colcon.colcon_core.package_identification:_identify(src/flipper) by extensions ['colcon_meta']
[0.385s] Level 1:colcon.colcon_core.package_identification:_identify(src/flipper) by extension 'colcon_meta'
[0.385s] Level 1:colcon.colcon_core.package_identification:_identify(src/flipper) by extensions ['ros']
[0.385s] Level 1:colcon.colcon_core.package_identification:_identify(src/flipper) by extension 'ros'
[0.386s] DEBUG:colcon.colcon_core.package_identification:Package 'src/flipper' with type 'ros.ament_cmake' and name 'flipper'
[0.386s] Level 1:colcon.colcon_core.package_identification:_identify(src/operator) by extensions ['ignore', 'ignore_ament_install']
[0.386s] Level 1:colcon.colcon_core.package_identification:_identify(src/operator) by extension 'ignore'
[0.386s] Level 1:colcon.colcon_core.package_identification:_identify(src/operator) by extension 'ignore_ament_install'
[0.387s] Level 1:colcon.colcon_core.package_identification:_identify(src/operator) by extensions ['colcon_pkg']
[0.387s] Level 1:colcon.colcon_core.package_identification:_identify(src/operator) by extension 'colcon_pkg'
[0.387s] Level 1:colcon.colcon_core.package_identification:_identify(src/operator) by extensions ['colcon_meta']
[0.387s] Level 1:colcon.colcon_core.package_identification:_identify(src/operator) by extension 'colcon_meta'
[0.387s] Level 1:colcon.colcon_core.package_identification:_identify(src/operator) by extensions ['ros']
[0.387s] Level 1:colcon.colcon_core.package_identification:_identify(src/operator) by extension 'ros'
[0.388s] DEBUG:colcon.colcon_core.package_identification:Package 'src/operator' with type 'ros.ament_cmake' and name 'operator'
[0.388s] Level 1:colcon.colcon_core.package_identification:_identify(src/usb_camera) by extensions ['ignore', 'ignore_ament_install']
[0.388s] Level 1:colcon.colcon_core.package_identification:_identify(src/usb_camera) by extension 'ignore'
[0.388s] Level 1:colcon.colcon_core.package_identification:_identify(src/usb_camera) by extension 'ignore_ament_install'
[0.388s] Level 1:colcon.colcon_core.package_identification:_identify(src/usb_camera) by extensions ['colcon_pkg']
[0.388s] Level 1:colcon.colcon_core.package_identification:_identify(src/usb_camera) by extension 'colcon_pkg'
[0.388s] Level 1:colcon.colcon_core.package_identification:_identify(src/usb_camera) by extensions ['colcon_meta']
[0.388s] Level 1:colcon.colcon_core.package_identification:_identify(src/usb_camera) by extension 'colcon_meta'
[0.388s] Level 1:colcon.colcon_core.package_identification:_identify(src/usb_camera) by extensions ['ros']
[0.388s] Level 1:colcon.colcon_core.package_identification:_identify(src/usb_camera) by extension 'ros'
[0.389s] DEBUG:colcon.colcon_core.package_identification:Package 'src/usb_camera' with type 'ros.ament_cmake' and name 'usb_camera'
[0.389s] Level 1:colcon.colcon_core.package_discovery:discover_packages(recursive) using defaults
[0.389s] Level 1:colcon.colcon_core.package_discovery:discover_packages(ignore) discover
[0.389s] Level 1:colcon.colcon_core.package_discovery:discover_packages(ignore) using defaults
[0.389s] Level 1:colcon.colcon_core.package_discovery:discover_packages(path) discover
[0.389s] Level 1:colcon.colcon_core.package_discovery:discover_packages(path) using defaults
[0.417s] Level 5:colcon.colcon_core.verb:set package 'custom_interfaces' build argument 'cmake_args' from command line to 'None'
[0.417s] Level 5:colcon.colcon_core.verb:set package 'custom_interfaces' build argument 'cmake_target' from command line to 'None'
[0.417s] Level 5:colcon.colcon_core.verb:set package 'custom_interfaces' build argument 'cmake_target_skip_unavailable' from command line to 'False'
[0.417s] Level 5:colcon.colcon_core.verb:set package 'custom_interfaces' build argument 'cmake_clean_cache' from command line to 'False'
[0.417s] Level 5:colcon.colcon_core.verb:set package 'custom_interfaces' build argument 'cmake_clean_first' from command line to 'False'
[0.417s] Level 5:colcon.colcon_core.verb:set package 'custom_interfaces' build argument 'cmake_force_configure' from command line to 'False'
[0.417s] Level 5:colcon.colcon_core.verb:set package 'custom_interfaces' build argument 'ament_cmake_args' from command line to 'None'
[0.417s] Level 5:colcon.colcon_core.verb:set package 'custom_interfaces' build argument 'catkin_cmake_args' from command line to 'None'
[0.417s] Level 5:colcon.colcon_core.verb:set package 'custom_interfaces' build argument 'catkin_skip_building_tests' from command line to 'False'
[0.417s] DEBUG:colcon.colcon_core.verb:Building package 'custom_interfaces' with the following arguments: {'ament_cmake_args': None, 'build_base': '/root/working/test_ws/yano_ws/build/custom_interfaces', 'catkin_cmake_args': None, 'catkin_skip_building_tests': False, 'cmake_args': None, 'cmake_clean_cache': False, 'cmake_clean_first': False, 'cmake_force_configure': False, 'cmake_target': None, 'cmake_target_skip_unavailable': False, 'install_base': '/root/working/test_ws/yano_ws/install/custom_interfaces', 'merge_install': False, 'path': '/root/working/test_ws/yano_ws/src/custom_interfaces', 'symlink_install': False, 'test_result_base': None}
[0.417s] Level 5:colcon.colcon_core.verb:set package 'flipper' build argument 'cmake_args' from command line to 'None'
[0.418s] Level 5:colcon.colcon_core.verb:set package 'flipper' build argument 'cmake_target' from command line to 'None'
[0.418s] Level 5:colcon.colcon_core.verb:set package 'flipper' build argument 'cmake_target_skip_unavailable' from command line to 'False'
[0.418s] Level 5:colcon.colcon_core.verb:set package 'flipper' build argument 'cmake_clean_cache' from command line to 'False'
[0.418s] Level 5:colcon.colcon_core.verb:set package 'flipper' build argument 'cmake_clean_first' from command line to 'False'
[0.418s] Level 5:colcon.colcon_core.verb:set package 'flipper' build argument 'cmake_force_configure' from command line to 'False'
[0.418s] Level 5:colcon.colcon_core.verb:set package 'flipper' build argument 'ament_cmake_args' from command line to 'None'
[0.418s] Level 5:colcon.colcon_core.verb:set package 'flipper' build argument 'catkin_cmake_args' from command line to 'None'
[0.418s] Level 5:colcon.colcon_core.verb:set package 'flipper' build argument 'catkin_skip_building_tests' from command line to 'False'
[0.418s] DEBUG:colcon.colcon_core.verb:Building package 'flipper' with the following arguments: {'ament_cmake_args': None, 'build_base': '/root/working/test_ws/yano_ws/build/flipper', 'catkin_cmake_args': None, 'catkin_skip_building_tests': False, 'cmake_args': None, 'cmake_clean_cache': False, 'cmake_clean_first': False, 'cmake_force_configure': False, 'cmake_target': None, 'cmake_target_skip_unavailable': False, 'install_base': '/root/working/test_ws/yano_ws/install/flipper', 'merge_install': False, 'path': '/root/working/test_ws/yano_ws/src/flipper', 'symlink_install': False, 'test_result_base': None}
[0.418s] Level 5:colcon.colcon_core.verb:set package 'usb_camera' build argument 'cmake_args' from command line to 'None'
[0.418s] Level 5:colcon.colcon_core.verb:set package 'usb_camera' build argument 'cmake_target' from command line to 'None'
[0.418s] Level 5:colcon.colcon_core.verb:set package 'usb_camera' build argument 'cmake_target_skip_unavailable' from command line to 'False'
[0.418s] Level 5:colcon.colcon_core.verb:set package 'usb_camera' build argument 'cmake_clean_cache' from command line to 'False'
[0.418s] Level 5:colcon.colcon_core.verb:set package 'usb_camera' build argument 'cmake_clean_first' from command line to 'False'
[0.418s] Level 5:colcon.colcon_core.verb:set package 'usb_camera' build argument 'cmake_force_configure' from command line to 'False'
[0.418s] Level 5:colcon.colcon_core.verb:set package 'usb_camera' build argument 'ament_cmake_args' from command line to 'None'
[0.419s] Level 5:colcon.colcon_core.verb:set package 'usb_camera' build argument 'catkin_cmake_args' from command line to 'None'
[0.419s] Level 5:colcon.colcon_core.verb:set package 'usb_camera' build argument 'catkin_skip_building_tests' from command line to 'False'
[0.419s] DEBUG:colcon.colcon_core.verb:Building package 'usb_camera' with the following arguments: {'ament_cmake_args': None, 'build_base': '/root/working/test_ws/yano_ws/build/usb_camera', 'catkin_cmake_args': None, 'catkin_skip_building_tests': False, 'cmake_args': None, 'cmake_clean_cache': False, 'cmake_clean_first': False, 'cmake_force_configure': False, 'cmake_target': None, 'cmake_target_skip_unavailable': False, 'install_base': '/root/working/test_ws/yano_ws/install/usb_camera', 'merge_install': False, 'path': '/root/working/test_ws/yano_ws/src/usb_camera', 'symlink_install': False, 'test_result_base': None}
[0.419s] Level 5:colcon.colcon_core.verb:set package 'driver' build argument 'cmake_args' from command line to 'None'
[0.419s] Level 5:colcon.colcon_core.verb:set package 'driver' build argument 'cmake_target' from command line to 'None'
[0.419s] Level 5:colcon.colcon_core.verb:set package 'driver' build argument 'cmake_target_skip_unavailable' from command line to 'False'
[0.419s] Level 5:colcon.colcon_core.verb:set package 'driver' build argument 'cmake_clean_cache' from command line to 'False'
[0.419s] Level 5:colcon.colcon_core.verb:set package 'driver' build argument 'cmake_clean_first' from command line to 'False'
[0.419s] Level 5:colcon.colcon_core.verb:set package 'driver' build argument 'cmake_force_configure' from command line to 'False'
[0.419s] Level 5:colcon.colcon_core.verb:set package 'driver' build argument 'ament_cmake_args' from command line to 'None'
[0.420s] Level 5:colcon.colcon_core.verb:set package 'driver' build argument 'catkin_cmake_args' from command line to 'None'
[0.420s] Level 5:colcon.colcon_core.verb:set package 'driver' build argument 'catkin_skip_building_tests' from command line to 'False'
[0.420s] DEBUG:colcon.colcon_core.verb:Building package 'driver' with the following arguments: {'ament_cmake_args': None, 'build_base': '/root/working/test_ws/yano_ws/build/driver', 'catkin_cmake_args': None, 'catkin_skip_building_tests': False, 'cmake_args': None, 'cmake_clean_cache': False, 'cmake_clean_first': False, 'cmake_force_configure': False, 'cmake_target': None, 'cmake_target_skip_unavailable': False, 'install_base': '/root/working/test_ws/yano_ws/install/driver', 'merge_install': False, 'path': '/root/working/test_ws/yano_ws/src/driver', 'symlink_install': False, 'test_result_base': None}
[0.420s] Level 5:colcon.colcon_core.verb:set package 'operator' build argument 'cmake_args' from command line to 'None'
[0.420s] Level 5:colcon.colcon_core.verb:set package 'operator' build argument 'cmake_target' from command line to 'None'
[0.420s] Level 5:colcon.colcon_core.verb:set package 'operator' build argument 'cmake_target_skip_unavailable' from command line to 'False'
[0.420s] Level 5:colcon.colcon_core.verb:set package 'operator' build argument 'cmake_clean_cache' from command line to 'False'
[0.420s] Level 5:colcon.colcon_core.verb:set package 'operator' build argument 'cmake_clean_first' from command line to 'False'
[0.420s] Level 5:colcon.colcon_core.verb:set package 'operator' build argument 'cmake_force_configure' from command line to 'False'
[0.420s] Level 5:colcon.colcon_core.verb:set package 'operator' build argument 'ament_cmake_args' from command line to 'None'
[0.420s] Level 5:colcon.colcon_core.verb:set package 'operator' build argument 'catkin_cmake_args' from command line to 'None'
[0.420s] Level 5:colcon.colcon_core.verb:set package 'operator' build argument 'catkin_skip_building_tests' from command line to 'False'
[0.420s] DEBUG:colcon.colcon_core.verb:Building package 'operator' with the following arguments: {'ament_cmake_args': None, 'build_base': '/root/working/test_ws/yano_ws/build/operator', 'catkin_cmake_args': None, 'catkin_skip_building_tests': False, 'cmake_args': None, 'cmake_clean_cache': False, 'cmake_clean_first': False, 'cmake_force_configure': False, 'cmake_target': None, 'cmake_target_skip_unavailable': False, 'install_base': '/root/working/test_ws/yano_ws/install/operator', 'merge_install': False, 'path': '/root/working/test_ws/yano_ws/src/operator', 'symlink_install': False, 'test_result_base': None}
[0.421s] INFO:colcon.colcon_core.executor:Executing jobs using 'parallel' executor
[0.422s] DEBUG:colcon.colcon_parallel_executor.executor.parallel:run_until_complete
[0.422s] INFO:colcon.colcon_ros.task.ament_cmake.build:Building ROS package in '/root/working/test_ws/yano_ws/src/custom_interfaces' with build type 'ament_cmake'
[0.423s] INFO:colcon.colcon_cmake.task.cmake.build:Building CMake package in '/root/working/test_ws/yano_ws/src/custom_interfaces'
[0.428s] INFO:colcon.colcon_core.plugin_system:Skipping extension 'colcon_core.shell.bat': Not used on non-Windows systems
[0.428s] INFO:colcon.colcon_core.shell:Skip shell extension 'powershell' for command environment: Not usable outside of PowerShell
[0.428s] DEBUG:colcon.colcon_core.shell:Skip shell extension 'dsv' for command environment
[0.440s] INFO:colcon.colcon_ros.task.ament_cmake.build:Building ROS package in '/root/working/test_ws/yano_ws/src/flipper' with build type 'ament_cmake'
[0.440s] INFO:colcon.colcon_cmake.task.cmake.build:Building CMake package in '/root/working/test_ws/yano_ws/src/flipper'
[0.441s] INFO:colcon.colcon_core.shell:Skip shell extension 'powershell' for command environment: Not usable outside of PowerShell
[0.441s] DEBUG:colcon.colcon_core.shell:Skip shell extension 'dsv' for command environment
[0.448s] INFO:colcon.colcon_ros.task.ament_cmake.build:Building ROS package in '/root/working/test_ws/yano_ws/src/usb_camera' with build type 'ament_cmake'
[0.448s] INFO:colcon.colcon_cmake.task.cmake.build:Building CMake package in '/root/working/test_ws/yano_ws/src/usb_camera'
[0.449s] INFO:colcon.colcon_core.shell:Skip shell extension 'powershell' for command environment: Not usable outside of PowerShell
[0.450s] DEBUG:colcon.colcon_core.shell:Skip shell extension 'dsv' for command environment
[0.471s] DEBUG:colcon.colcon_core.event_handler.log_command:Invoking command in '/root/working/test_ws/yano_ws/build/custom_interfaces': CMAKE_PREFIX_PATH=${CMAKE_PREFIX_PATH}:/opt/ros/humble /usr/bin/cmake --build /root/working/test_ws/yano_ws/build/custom_interfaces -- -j4 -l4
[0.477s] DEBUG:colcon.colcon_core.event_handler.log_command:Invoking command in '/root/working/test_ws/yano_ws/build/flipper': CMAKE_PREFIX_PATH=${CMAKE_PREFIX_PATH}:/opt/ros/humble /usr/bin/cmake --build /root/working/test_ws/yano_ws/build/flipper -- -j4 -l4
[0.484s] DEBUG:colcon.colcon_core.event_handler.log_command:Invoking command in '/root/working/test_ws/yano_ws/build/usb_camera': CMAKE_PREFIX_PATH=${CMAKE_PREFIX_PATH}:/opt/ros/humble /usr/bin/cmake --build /root/working/test_ws/yano_ws/build/usb_camera -- -j4 -l4
[0.709s] DEBUG:colcon.colcon_core.event_handler.log_command:Invoked command in '/root/working/test_ws/yano_ws/build/flipper' returned '0': CMAKE_PREFIX_PATH=${CMAKE_PREFIX_PATH}:/opt/ros/humble /usr/bin/cmake --build /root/working/test_ws/yano_ws/build/flipper -- -j4 -l4
[0.743s] DEBUG:colcon.colcon_core.event_handler.log_command:Invoking command in '/root/working/test_ws/yano_ws/build/flipper': CMAKE_PREFIX_PATH=${CMAKE_PREFIX_PATH}:/opt/ros/humble /usr/bin/cmake --install /root/working/test_ws/yano_ws/build/flipper
[0.759s] DEBUG:colcon.colcon_core.event_handler.log_command:Invoked command in '/root/working/test_ws/yano_ws/build/usb_camera' returned '0': CMAKE_PREFIX_PATH=${CMAKE_PREFIX_PATH}:/opt/ros/humble /usr/bin/cmake --build /root/working/test_ws/yano_ws/build/usb_camera -- -j4 -l4
[0.760s] DEBUG:colcon.colcon_core.event_handler.log_command:Invoking command in '/root/working/test_ws/yano_ws/build/usb_camera': CMAKE_PREFIX_PATH=${CMAKE_PREFIX_PATH}:/opt/ros/humble /usr/bin/cmake --install /root/working/test_ws/yano_ws/build/usb_camera
[0.785s] Level 1:colcon.colcon_core.environment:create_environment_scripts_only(usb_camera)
[0.787s] DEBUG:colcon.colcon_core.event_handler.log_command:Invoked command in '/root/working/test_ws/yano_ws/build/usb_camera' returned '0': CMAKE_PREFIX_PATH=${CMAKE_PREFIX_PATH}:/opt/ros/humble /usr/bin/cmake --install /root/working/test_ws/yano_ws/build/usb_camera
[0.797s] Level 1:colcon.colcon_core.environment:checking '/root/working/test_ws/yano_ws/install/usb_camera' for CMake module files
[0.798s] Level 1:colcon.colcon_core.environment:checking '/root/working/test_ws/yano_ws/install/usb_camera' for CMake config files
[0.799s] Level 1:colcon.colcon_core.shell:create_environment_hook('usb_camera', 'cmake_prefix_path')
[0.800s] INFO:colcon.colcon_core.shell:Creating environment hook '/root/working/test_ws/yano_ws/install/usb_camera/share/usb_camera/hook/cmake_prefix_path.ps1'
[0.801s] INFO:colcon.colcon_core.shell:Creating environment descriptor '/root/working/test_ws/yano_ws/install/usb_camera/share/usb_camera/hook/cmake_prefix_path.dsv'
[0.802s] INFO:colcon.colcon_core.shell:Creating environment hook '/root/working/test_ws/yano_ws/install/usb_camera/share/usb_camera/hook/cmake_prefix_path.sh'
[0.804s] Level 1:colcon.colcon_core.environment:checking '/root/working/test_ws/yano_ws/install/usb_camera/lib'
[0.805s] Level 1:colcon.colcon_core.environment:checking '/root/working/test_ws/yano_ws/install/usb_camera/bin'
[0.805s] Level 1:colcon.colcon_core.environment:checking '/root/working/test_ws/yano_ws/install/usb_camera/lib/pkgconfig/usb_camera.pc'
[0.808s] Level 1:colcon.colcon_core.environment:checking '/root/working/test_ws/yano_ws/install/usb_camera/lib/python3.10/site-packages'
[0.809s] Level 1:colcon.colcon_core.environment:checking '/root/working/test_ws/yano_ws/install/usb_camera/bin'
[0.810s] INFO:colcon.colcon_core.shell:Creating package script '/root/working/test_ws/yano_ws/install/usb_camera/share/usb_camera/package.ps1'
[0.812s] INFO:colcon.colcon_core.shell:Creating package descriptor '/root/working/test_ws/yano_ws/install/usb_camera/share/usb_camera/package.dsv'
[0.813s] INFO:colcon.colcon_core.shell:Creating package script '/root/working/test_ws/yano_ws/install/usb_camera/share/usb_camera/package.sh'
[0.815s] INFO:colcon.colcon_core.shell:Creating package script '/root/working/test_ws/yano_ws/install/usb_camera/share/usb_camera/package.bash'
[0.817s] INFO:colcon.colcon_core.shell:Creating package script '/root/working/test_ws/yano_ws/install/usb_camera/share/usb_camera/package.zsh'
[0.819s] Level 1:colcon.colcon_core.environment:create_file_with_runtime_dependencies(/root/working/test_ws/yano_ws/install/usb_camera/share/colcon-core/packages/usb_camera)
[0.821s] Level 1:colcon.colcon_core.environment:create_environment_scripts_only(usb_camera)
[0.821s] Level 1:colcon.colcon_core.environment:checking '/root/working/test_ws/yano_ws/install/usb_camera' for CMake module files
[0.822s] Level 1:colcon.colcon_core.environment:checking '/root/working/test_ws/yano_ws/install/usb_camera' for CMake config files
[0.823s] Level 1:colcon.colcon_core.shell:create_environment_hook('usb_camera', 'cmake_prefix_path')
[0.823s] INFO:colcon.colcon_core.shell:Creating environment hook '/root/working/test_ws/yano_ws/install/usb_camera/share/usb_camera/hook/cmake_prefix_path.ps1'
[0.824s] INFO:colcon.colcon_core.shell:Creating environment descriptor '/root/working/test_ws/yano_ws/install/usb_camera/share/usb_camera/hook/cmake_prefix_path.dsv'
[0.825s] INFO:colcon.colcon_core.shell:Creating environment hook '/root/working/test_ws/yano_ws/install/usb_camera/share/usb_camera/hook/cmake_prefix_path.sh'
[0.826s] Level 1:colcon.colcon_core.environment:checking '/root/working/test_ws/yano_ws/install/usb_camera/lib'
[0.826s] Level 1:colcon.colcon_core.environment:checking '/root/working/test_ws/yano_ws/install/usb_camera/bin'
[0.826s] Level 1:colcon.colcon_core.environment:checking '/root/working/test_ws/yano_ws/install/usb_camera/lib/pkgconfig/usb_camera.pc'
[0.827s] Level 1:colcon.colcon_core.environment:checking '/root/working/test_ws/yano_ws/install/usb_camera/lib/python3.10/site-packages'
[0.827s] Level 1:colcon.colcon_core.environment:checking '/root/working/test_ws/yano_ws/install/usb_camera/bin'
[0.830s] INFO:colcon.colcon_core.shell:Creating package script '/root/working/test_ws/yano_ws/install/usb_camera/share/usb_camera/package.ps1'
[0.831s] INFO:colcon.colcon_core.shell:Creating package descriptor '/root/working/test_ws/yano_ws/install/usb_camera/share/usb_camera/package.dsv'
[0.832s] INFO:colcon.colcon_core.shell:Creating package script '/root/working/test_ws/yano_ws/install/usb_camera/share/usb_camera/package.sh'
[0.835s] INFO:colcon.colcon_core.shell:Creating package script '/root/working/test_ws/yano_ws/install/usb_camera/share/usb_camera/package.bash'
[0.838s] INFO:colcon.colcon_core.shell:Creating package script '/root/working/test_ws/yano_ws/install/usb_camera/share/usb_camera/package.zsh'
[0.839s] Level 1:colcon.colcon_core.environment:create_file_with_runtime_dependencies(/root/working/test_ws/yano_ws/install/usb_camera/share/colcon-core/packages/usb_camera)
[0.842s] Level 1:colcon.colcon_core.environment:create_environment_scripts_only(flipper)
[0.843s] Level 1:colcon.colcon_core.environment:checking '/root/working/test_ws/yano_ws/install/flipper' for CMake module files
[0.844s] Level 1:colcon.colcon_core.environment:checking '/root/working/test_ws/yano_ws/install/flipper' for CMake config files
[0.844s] Level 1:colcon.colcon_core.shell:create_environment_hook('flipper', 'cmake_prefix_path')
[0.845s] INFO:colcon.colcon_core.shell:Creating environment hook '/root/working/test_ws/yano_ws/install/flipper/share/flipper/hook/cmake_prefix_path.ps1'
[0.847s] DEBUG:colcon.colcon_core.event_handler.log_command:Invoked command in '/root/working/test_ws/yano_ws/build/flipper' returned '0': CMAKE_PREFIX_PATH=${CMAKE_PREFIX_PATH}:/opt/ros/humble /usr/bin/cmake --install /root/working/test_ws/yano_ws/build/flipper
[0.848s] INFO:colcon.colcon_core.shell:Creating environment descriptor '/root/working/test_ws/yano_ws/install/flipper/share/flipper/hook/cmake_prefix_path.dsv'
[0.848s] INFO:colcon.colcon_core.shell:Creating environment hook '/root/working/test_ws/yano_ws/install/flipper/share/flipper/hook/cmake_prefix_path.sh'
[0.850s] Level 1:colcon.colcon_core.environment:checking '/root/working/test_ws/yano_ws/install/flipper/lib'
[0.850s] Level 1:colcon.colcon_core.environment:checking '/root/working/test_ws/yano_ws/install/flipper/bin'
[0.850s] Level 1:colcon.colcon_core.environment:checking '/root/working/test_ws/yano_ws/install/flipper/lib/pkgconfig/flipper.pc'
[0.851s] Level 1:colcon.colcon_core.environment:checking '/root/working/test_ws/yano_ws/install/flipper/lib/python3.10/site-packages'
[0.851s] Level 1:colcon.colcon_core.environment:checking '/root/working/test_ws/yano_ws/install/flipper/bin'
[0.852s] INFO:colcon.colcon_core.shell:Creating package script '/root/working/test_ws/yano_ws/install/flipper/share/flipper/package.ps1'
[0.853s] INFO:colcon.colcon_core.shell:Creating package descriptor '/root/working/test_ws/yano_ws/install/flipper/share/flipper/package.dsv'
[0.854s] INFO:colcon.colcon_core.shell:Creating package script '/root/working/test_ws/yano_ws/install/flipper/share/flipper/package.sh'
[0.855s] INFO:colcon.colcon_core.shell:Creating package script '/root/working/test_ws/yano_ws/install/flipper/share/flipper/package.bash'
[0.856s] INFO:colcon.colcon_core.shell:Creating package script '/root/working/test_ws/yano_ws/install/flipper/share/flipper/package.zsh'
[0.857s] Level 1:colcon.colcon_core.environment:create_file_with_runtime_dependencies(/root/working/test_ws/yano_ws/install/flipper/share/colcon-core/packages/flipper)
[0.858s] Level 1:colcon.colcon_core.environment:create_environment_scripts_only(flipper)
[0.859s] Level 1:colcon.colcon_core.environment:checking '/root/working/test_ws/yano_ws/install/flipper' for CMake module files
[0.860s] Level 1:colcon.colcon_core.environment:checking '/root/working/test_ws/yano_ws/install/flipper' for CMake config files
[0.860s] Level 1:colcon.colcon_core.shell:create_environment_hook('flipper', 'cmake_prefix_path')
[0.861s] INFO:colcon.colcon_core.shell:Creating environment hook '/root/working/test_ws/yano_ws/install/flipper/share/flipper/hook/cmake_prefix_path.ps1'
[0.863s] INFO:colcon.colcon_core.shell:Creating environment descriptor '/root/working/test_ws/yano_ws/install/flipper/share/flipper/hook/cmake_prefix_path.dsv'
[0.865s] INFO:colcon.colcon_core.shell:Creating environment hook '/root/working/test_ws/yano_ws/install/flipper/share/flipper/hook/cmake_prefix_path.sh'
[0.866s] Level 1:colcon.colcon_core.environment:checking '/root/working/test_ws/yano_ws/install/flipper/lib'
[0.866s] Level 1:colcon.colcon_core.environment:checking '/root/working/test_ws/yano_ws/install/flipper/bin'
[0.867s] Level 1:colcon.colcon_core.environment:checking '/root/working/test_ws/yano_ws/install/flipper/lib/pkgconfig/flipper.pc'
[0.867s] Level 1:colcon.colcon_core.environment:checking '/root/working/test_ws/yano_ws/install/flipper/lib/python3.10/site-packages'
[0.872s] Level 1:colcon.colcon_core.environment:checking '/root/working/test_ws/yano_ws/install/flipper/bin'
[0.872s] INFO:colcon.colcon_core.shell:Creating package script '/root/working/test_ws/yano_ws/install/flipper/share/flipper/package.ps1'
[0.874s] INFO:colcon.colcon_core.shell:Creating package descriptor '/root/working/test_ws/yano_ws/install/flipper/share/flipper/package.dsv'
[0.875s] INFO:colcon.colcon_core.shell:Creating package script '/root/working/test_ws/yano_ws/install/flipper/share/flipper/package.sh'
[0.876s] INFO:colcon.colcon_core.shell:Creating package script '/root/working/test_ws/yano_ws/install/flipper/share/flipper/package.bash'
[0.879s] INFO:colcon.colcon_core.shell:Creating package script '/root/working/test_ws/yano_ws/install/flipper/share/flipper/package.zsh'
[0.881s] Level 1:colcon.colcon_core.environment:create_file_with_runtime_dependencies(/root/working/test_ws/yano_ws/install/flipper/share/colcon-core/packages/flipper)
[1.262s] DEBUG:colcon.colcon_core.event_handler.log_command:Invoked command in '/root/working/test_ws/yano_ws/build/custom_interfaces' returned '0': CMAKE_PREFIX_PATH=${CMAKE_PREFIX_PATH}:/opt/ros/humble /usr/bin/cmake --build /root/working/test_ws/yano_ws/build/custom_interfaces -- -j4 -l4
[1.264s] DEBUG:colcon.colcon_core.event_handler.log_command:Invoking command in '/root/working/test_ws/yano_ws/build/custom_interfaces': CMAKE_PREFIX_PATH=${CMAKE_PREFIX_PATH}:/opt/ros/humble /usr/bin/cmake --install /root/working/test_ws/yano_ws/build/custom_interfaces
[1.354s] Level 1:colcon.colcon_core.environment:create_environment_scripts_only(custom_interfaces)
[1.354s] Level 1:colcon.colcon_core.environment:checking '/root/working/test_ws/yano_ws/install/custom_interfaces' for CMake module files
[1.355s] DEBUG:colcon.colcon_core.event_handler.log_command:Invoked command in '/root/working/test_ws/yano_ws/build/custom_interfaces' returned '0': CMAKE_PREFIX_PATH=${CMAKE_PREFIX_PATH}:/opt/ros/humble /usr/bin/cmake --install /root/working/test_ws/yano_ws/build/custom_interfaces
[1.355s] Level 1:colcon.colcon_core.environment:checking '/root/working/test_ws/yano_ws/install/custom_interfaces' for CMake config files
[1.357s] Level 1:colcon.colcon_core.shell:create_environment_hook('custom_interfaces', 'cmake_prefix_path')
[1.357s] INFO:colcon.colcon_core.shell:Creating environment hook '/root/working/test_ws/yano_ws/install/custom_interfaces/share/custom_interfaces/hook/cmake_prefix_path.ps1'
[1.358s] INFO:colcon.colcon_core.shell:Creating environment descriptor '/root/working/test_ws/yano_ws/install/custom_interfaces/share/custom_interfaces/hook/cmake_prefix_path.dsv'
[1.358s] INFO:colcon.colcon_core.shell:Creating environment hook '/root/working/test_ws/yano_ws/install/custom_interfaces/share/custom_interfaces/hook/cmake_prefix_path.sh'
[1.359s] Level 1:colcon.colcon_core.environment:checking '/root/working/test_ws/yano_ws/install/custom_interfaces/lib'
[1.359s] Level 1:colcon.colcon_core.shell:create_environment_hook('custom_interfaces', 'ld_library_path_lib')
[1.359s] INFO:colcon.colcon_core.shell:Creating environment hook '/root/working/test_ws/yano_ws/install/custom_interfaces/share/custom_interfaces/hook/ld_library_path_lib.ps1'
[1.360s] INFO:colcon.colcon_core.shell:Creating environment descriptor '/root/working/test_ws/yano_ws/install/custom_interfaces/share/custom_interfaces/hook/ld_library_path_lib.dsv'
[1.360s] INFO:colcon.colcon_core.shell:Creating environment hook '/root/working/test_ws/yano_ws/install/custom_interfaces/share/custom_interfaces/hook/ld_library_path_lib.sh'
[1.361s] Level 1:colcon.colcon_core.environment:checking '/root/working/test_ws/yano_ws/install/custom_interfaces/bin'
[1.361s] Level 1:colcon.colcon_core.environment:checking '/root/working/test_ws/yano_ws/install/custom_interfaces/lib/pkgconfig/custom_interfaces.pc'
[1.361s] Level 1:colcon.colcon_core.environment:checking '/root/working/test_ws/yano_ws/install/custom_interfaces/lib/python3.10/site-packages'
[1.362s] Level 1:colcon.colcon_core.environment:checking '/root/working/test_ws/yano_ws/install/custom_interfaces/bin'
[1.362s] INFO:colcon.colcon_core.shell:Creating package script '/root/working/test_ws/yano_ws/install/custom_interfaces/share/custom_interfaces/package.ps1'
[1.363s] INFO:colcon.colcon_core.shell:Creating package descriptor '/root/working/test_ws/yano_ws/install/custom_interfaces/share/custom_interfaces/package.dsv'
[1.363s] INFO:colcon.colcon_core.shell:Creating package script '/root/working/test_ws/yano_ws/install/custom_interfaces/share/custom_interfaces/package.sh'
[1.364s] INFO:colcon.colcon_core.shell:Creating package script '/root/working/test_ws/yano_ws/install/custom_interfaces/share/custom_interfaces/package.bash'
[1.364s] INFO:colcon.colcon_core.shell:Creating package script '/root/working/test_ws/yano_ws/install/custom_interfaces/share/custom_interfaces/package.zsh'
[1.365s] Level 1:colcon.colcon_core.environment:create_file_with_runtime_dependencies(/root/working/test_ws/yano_ws/install/custom_interfaces/share/colcon-core/packages/custom_interfaces)
[1.366s] Level 1:colcon.colcon_core.environment:create_environment_scripts_only(custom_interfaces)
[1.366s] Level 1:colcon.colcon_core.environment:checking '/root/working/test_ws/yano_ws/install/custom_interfaces' for CMake module files
[1.367s] Level 1:colcon.colcon_core.environment:checking '/root/working/test_ws/yano_ws/install/custom_interfaces' for CMake config files
[1.368s] Level 1:colcon.colcon_core.shell:create_environment_hook('custom_interfaces', 'cmake_prefix_path')
[1.368s] INFO:colcon.colcon_core.shell:Creating environment hook '/root/working/test_ws/yano_ws/install/custom_interfaces/share/custom_interfaces/hook/cmake_prefix_path.ps1'
[1.369s] INFO:colcon.colcon_core.shell:Creating environment descriptor '/root/working/test_ws/yano_ws/install/custom_interfaces/share/custom_interfaces/hook/cmake_prefix_path.dsv'
[1.369s] INFO:colcon.colcon_core.shell:Creating environment hook '/root/working/test_ws/yano_ws/install/custom_interfaces/share/custom_interfaces/hook/cmake_prefix_path.sh'
[1.370s] Level 1:colcon.colcon_core.environment:checking '/root/working/test_ws/yano_ws/install/custom_interfaces/lib'
[1.370s] Level 1:colcon.colcon_core.shell:create_environment_hook('custom_interfaces', 'ld_library_path_lib')
[1.370s] INFO:colcon.colcon_core.shell:Creating environment hook '/root/working/test_ws/yano_ws/install/custom_interfaces/share/custom_interfaces/hook/ld_library_path_lib.ps1'
[1.371s] INFO:colcon.colcon_core.shell:Creating environment descriptor '/root/working/test_ws/yano_ws/install/custom_interfaces/share/custom_interfaces/hook/ld_library_path_lib.dsv'
[1.371s] INFO:colcon.colcon_core.shell:Creating environment hook '/root/working/test_ws/yano_ws/install/custom_interfaces/share/custom_interfaces/hook/ld_library_path_lib.sh'
[1.372s] Level 1:colcon.colcon_core.environment:checking '/root/working/test_ws/yano_ws/install/custom_interfaces/bin'
[1.372s] Level 1:colcon.colcon_core.environment:checking '/root/working/test_ws/yano_ws/install/custom_interfaces/lib/pkgconfig/custom_interfaces.pc'
[1.372s] Level 1:colcon.colcon_core.environment:checking '/root/working/test_ws/yano_ws/install/custom_interfaces/lib/python3.10/site-packages'
[1.372s] Level 1:colcon.colcon_core.environment:checking '/root/working/test_ws/yano_ws/install/custom_interfaces/bin'
[1.373s] INFO:colcon.colcon_core.shell:Creating package script '/root/working/test_ws/yano_ws/install/custom_interfaces/share/custom_interfaces/package.ps1'
[1.374s] INFO:colcon.colcon_core.shell:Creating package descriptor '/root/working/test_ws/yano_ws/install/custom_interfaces/share/custom_interfaces/package.dsv'
[1.374s] INFO:colcon.colcon_core.shell:Creating package script '/root/working/test_ws/yano_ws/install/custom_interfaces/share/custom_interfaces/package.sh'
[1.375s] INFO:colcon.colcon_core.shell:Creating package script '/root/working/test_ws/yano_ws/install/custom_interfaces/share/custom_interfaces/package.bash'
[1.375s] INFO:colcon.colcon_core.shell:Creating package script '/root/working/test_ws/yano_ws/install/custom_interfaces/share/custom_interfaces/package.zsh'
[1.376s] Level 1:colcon.colcon_core.environment:create_file_with_runtime_dependencies(/root/working/test_ws/yano_ws/install/custom_interfaces/share/colcon-core/packages/custom_interfaces)
[1.376s] INFO:colcon.colcon_ros.task.ament_cmake.build:Building ROS package in '/root/working/test_ws/yano_ws/src/driver' with build type 'ament_cmake'
[1.377s] INFO:colcon.colcon_cmake.task.cmake.build:Building CMake package in '/root/working/test_ws/yano_ws/src/driver'
[1.377s] INFO:colcon.colcon_core.shell:Skip shell extension 'powershell' for command environment: Not usable outside of PowerShell
[1.377s] DEBUG:colcon.colcon_core.shell:Skip shell extension 'dsv' for command environment
[1.385s] INFO:colcon.colcon_ros.task.ament_cmake.build:Building ROS package in '/root/working/test_ws/yano_ws/src/operator' with build type 'ament_cmake'
[1.386s] INFO:colcon.colcon_cmake.task.cmake.build:Building CMake package in '/root/working/test_ws/yano_ws/src/operator'
[1.387s] INFO:colcon.colcon_core.shell:Skip shell extension 'powershell' for command environment: Not usable outside of PowerShell
[1.387s] DEBUG:colcon.colcon_core.shell:Skip shell extension 'dsv' for command environment
[1.422s] DEBUG:colcon.colcon_core.event_handler.log_command:Invoking command in '/root/working/test_ws/yano_ws/build/driver': CMAKE_PREFIX_PATH=/root/working/test_ws/yano_ws/install/custom_interfaces:/root/working/test_ws/yano_ws/install/usb_camera:/root/working/test_ws/yano_ws/install/operator:/root/working/test_ws/yano_ws/install/flipper:/root/working/test_ws/yano_ws/install/dynamixel_workbench:/root/working/test_ws/yano_ws/install/dynamixel_workbench_toolbox:/root/working/test_ws/yano_ws/install/dynamixel_workbench_msgs:/root/working/test_ws/yano_ws/install/dynamixel_sdk_examples:/root/working/test_ws/yano_ws/install/dynamixel_sdk_custom_interfaces:/root/working/test_ws/yano_ws/install/dynamixel_sdk:/root/working/test_ws/yano_ws/install/driver:/opt/ros/humble LD_LIBRARY_PATH=/root/working/test_ws/yano_ws/install/custom_interfaces/lib:/opt/ros/humble/opt/rviz_ogre_vendor/lib:/opt/ros/humble/lib/x86_64-linux-gnu:/opt/ros/humble/lib:/root/working/test_ws/yano_ws/install/dynamixel_workbench_toolbox/lib:/root/working/test_ws/yano_ws/install/dynamixel_workbench_msgs/lib:/root/working/test_ws/yano_ws/install/dynamixel_sdk_custom_interfaces/lib:/root/working/test_ws/yano_ws/install/dynamixel_sdk/lib /usr/bin/cmake --build /root/working/test_ws/yano_ws/build/driver -- -j4 -l4
[1.427s] DEBUG:colcon.colcon_core.event_handler.log_command:Invoking command in '/root/working/test_ws/yano_ws/build/operator': CMAKE_PREFIX_PATH=/root/working/test_ws/yano_ws/install/custom_interfaces:/root/working/test_ws/yano_ws/install/usb_camera:/root/working/test_ws/yano_ws/install/operator:/root/working/test_ws/yano_ws/install/flipper:/root/working/test_ws/yano_ws/install/dynamixel_workbench:/root/working/test_ws/yano_ws/install/dynamixel_workbench_toolbox:/root/working/test_ws/yano_ws/install/dynamixel_workbench_msgs:/root/working/test_ws/yano_ws/install/dynamixel_sdk_examples:/root/working/test_ws/yano_ws/install/dynamixel_sdk_custom_interfaces:/root/working/test_ws/yano_ws/install/dynamixel_sdk:/root/working/test_ws/yano_ws/install/driver:/opt/ros/humble LD_LIBRARY_PATH=/root/working/test_ws/yano_ws/install/custom_interfaces/lib:/opt/ros/humble/opt/rviz_ogre_vendor/lib:/opt/ros/humble/lib/x86_64-linux-gnu:/opt/ros/humble/lib:/root/working/test_ws/yano_ws/install/dynamixel_workbench_toolbox/lib:/root/working/test_ws/yano_ws/install/dynamixel_workbench_msgs/lib:/root/working/test_ws/yano_ws/install/dynamixel_sdk_custom_interfaces/lib:/root/working/test_ws/yano_ws/install/dynamixel_sdk/lib /usr/bin/cmake --build /root/working/test_ws/yano_ws/build/operator -- -j4 -l4
[1.531s] DEBUG:colcon.colcon_core.event_handler.log_command:Invoked command in '/root/working/test_ws/yano_ws/build/operator' returned '0': CMAKE_PREFIX_PATH=/root/working/test_ws/yano_ws/install/custom_interfaces:/root/working/test_ws/yano_ws/install/usb_camera:/root/working/test_ws/yano_ws/install/operator:/root/working/test_ws/yano_ws/install/flipper:/root/working/test_ws/yano_ws/install/dynamixel_workbench:/root/working/test_ws/yano_ws/install/dynamixel_workbench_toolbox:/root/working/test_ws/yano_ws/install/dynamixel_workbench_msgs:/root/working/test_ws/yano_ws/install/dynamixel_sdk_examples:/root/working/test_ws/yano_ws/install/dynamixel_sdk_custom_interfaces:/root/working/test_ws/yano_ws/install/dynamixel_sdk:/root/working/test_ws/yano_ws/install/driver:/opt/ros/humble LD_LIBRARY_PATH=/root/working/test_ws/yano_ws/install/custom_interfaces/lib:/opt/ros/humble/opt/rviz_ogre_vendor/lib:/opt/ros/humble/lib/x86_64-linux-gnu:/opt/ros/humble/lib:/root/working/test_ws/yano_ws/install/dynamixel_workbench_toolbox/lib:/root/working/test_ws/yano_ws/install/dynamixel_workbench_msgs/lib:/root/working/test_ws/yano_ws/install/dynamixel_sdk_custom_interfaces/lib:/root/working/test_ws/yano_ws/install/dynamixel_sdk/lib /usr/bin/cmake --build /root/working/test_ws/yano_ws/build/operator -- -j4 -l4
[1.533s] DEBUG:colcon.colcon_core.event_handler.log_command:Invoking command in '/root/working/test_ws/yano_ws/build/operator': CMAKE_PREFIX_PATH=/root/working/test_ws/yano_ws/install/custom_interfaces:/root/working/test_ws/yano_ws/install/usb_camera:/root/working/test_ws/yano_ws/install/operator:/root/working/test_ws/yano_ws/install/flipper:/root/working/test_ws/yano_ws/install/dynamixel_workbench:/root/working/test_ws/yano_ws/install/dynamixel_workbench_toolbox:/root/working/test_ws/yano_ws/install/dynamixel_workbench_msgs:/root/working/test_ws/yano_ws/install/dynamixel_sdk_examples:/root/working/test_ws/yano_ws/install/dynamixel_sdk_custom_interfaces:/root/working/test_ws/yano_ws/install/dynamixel_sdk:/root/working/test_ws/yano_ws/install/driver:/opt/ros/humble LD_LIBRARY_PATH=/root/working/test_ws/yano_ws/install/custom_interfaces/lib:/opt/ros/humble/opt/rviz_ogre_vendor/lib:/opt/ros/humble/lib/x86_64-linux-gnu:/opt/ros/humble/lib:/root/working/test_ws/yano_ws/install/dynamixel_workbench_toolbox/lib:/root/working/test_ws/yano_ws/install/dynamixel_workbench_msgs/lib:/root/working/test_ws/yano_ws/install/dynamixel_sdk_custom_interfaces/lib:/root/working/test_ws/yano_ws/install/dynamixel_sdk/lib /usr/bin/cmake --install /root/working/test_ws/yano_ws/build/operator
[1.553s] Level 1:colcon.colcon_core.environment:create_environment_scripts_only(operator)
[1.553s] Level 1:colcon.colcon_core.environment:checking '/root/working/test_ws/yano_ws/install/operator' for CMake module files
[1.554s] DEBUG:colcon.colcon_core.event_handler.log_command:Invoked command in '/root/working/test_ws/yano_ws/build/operator' returned '0': CMAKE_PREFIX_PATH=/root/working/test_ws/yano_ws/install/custom_interfaces:/root/working/test_ws/yano_ws/install/usb_camera:/root/working/test_ws/yano_ws/install/operator:/root/working/test_ws/yano_ws/install/flipper:/root/working/test_ws/yano_ws/install/dynamixel_workbench:/root/working/test_ws/yano_ws/install/dynamixel_workbench_toolbox:/root/working/test_ws/yano_ws/install/dynamixel_workbench_msgs:/root/working/test_ws/yano_ws/install/dynamixel_sdk_examples:/root/working/test_ws/yano_ws/install/dynamixel_sdk_custom_interfaces:/root/working/test_ws/yano_ws/install/dynamixel_sdk:/root/working/test_ws/yano_ws/install/driver:/opt/ros/humble LD_LIBRARY_PATH=/root/working/test_ws/yano_ws/install/custom_interfaces/lib:/opt/ros/humble/opt/rviz_ogre_vendor/lib:/opt/ros/humble/lib/x86_64-linux-gnu:/opt/ros/humble/lib:/root/working/test_ws/yano_ws/install/dynamixel_workbench_toolbox/lib:/root/working/test_ws/yano_ws/install/dynamixel_workbench_msgs/lib:/root/working/test_ws/yano_ws/install/dynamixel_sdk_custom_interfaces/lib:/root/working/test_ws/yano_ws/install/dynamixel_sdk/lib /usr/bin/cmake --install /root/working/test_ws/yano_ws/build/operator
[1.555s] Level 1:colcon.colcon_core.environment:checking '/root/working/test_ws/yano_ws/install/operator' for CMake config files
[1.555s] Level 1:colcon.colcon_core.shell:create_environment_hook('operator', 'cmake_prefix_path')
[1.555s] INFO:colcon.colcon_core.shell:Creating environment hook '/root/working/test_ws/yano_ws/install/operator/share/operator/hook/cmake_prefix_path.ps1'
[1.556s] INFO:colcon.colcon_core.shell:Creating environment descriptor '/root/working/test_ws/yano_ws/install/operator/share/operator/hook/cmake_prefix_path.dsv'
[1.557s] INFO:colcon.colcon_core.shell:Creating environment hook '/root/working/test_ws/yano_ws/install/operator/share/operator/hook/cmake_prefix_path.sh'
[1.557s] Level 1:colcon.colcon_core.environment:checking '/root/working/test_ws/yano_ws/install/operator/lib'
[1.557s] Level 1:colcon.colcon_core.environment:checking '/root/working/test_ws/yano_ws/install/operator/bin'
[1.558s] Level 1:colcon.colcon_core.environment:checking '/root/working/test_ws/yano_ws/install/operator/lib/pkgconfig/operator.pc'
[1.558s] Level 1:colcon.colcon_core.environment:checking '/root/working/test_ws/yano_ws/install/operator/lib/python3.10/site-packages'
[1.558s] Level 1:colcon.colcon_core.environment:checking '/root/working/test_ws/yano_ws/install/operator/bin'
[1.559s] INFO:colcon.colcon_core.shell:Creating package script '/root/working/test_ws/yano_ws/install/operator/share/operator/package.ps1'
[1.559s] INFO:colcon.colcon_core.shell:Creating package descriptor '/root/working/test_ws/yano_ws/install/operator/share/operator/package.dsv'
[1.560s] INFO:colcon.colcon_core.shell:Creating package script '/root/working/test_ws/yano_ws/install/operator/share/operator/package.sh'
[1.560s] INFO:colcon.colcon_core.shell:Creating package script '/root/working/test_ws/yano_ws/install/operator/share/operator/package.bash'
[1.561s] INFO:colcon.colcon_core.shell:Creating package script '/root/working/test_ws/yano_ws/install/operator/share/operator/package.zsh'
[1.561s] Level 1:colcon.colcon_core.environment:create_file_with_runtime_dependencies(/root/working/test_ws/yano_ws/install/operator/share/colcon-core/packages/operator)
[1.562s] Level 1:colcon.colcon_core.environment:create_environment_scripts_only(operator)
[1.562s] Level 1:colcon.colcon_core.environment:checking '/root/working/test_ws/yano_ws/install/operator' for CMake module files
[1.563s] Level 1:colcon.colcon_core.environment:checking '/root/working/test_ws/yano_ws/install/operator' for CMake config files
[1.563s] Level 1:colcon.colcon_core.shell:create_environment_hook('operator', 'cmake_prefix_path')
[1.563s] INFO:colcon.colcon_core.shell:Creating environment hook '/root/working/test_ws/yano_ws/install/operator/share/operator/hook/cmake_prefix_path.ps1'
[1.564s] INFO:colcon.colcon_core.shell:Creating environment descriptor '/root/working/test_ws/yano_ws/install/operator/share/operator/hook/cmake_prefix_path.dsv'
[1.564s] INFO:colcon.colcon_core.shell:Creating environment hook '/root/working/test_ws/yano_ws/install/operator/share/operator/hook/cmake_prefix_path.sh'
[1.565s] Level 1:colcon.colcon_core.environment:checking '/root/working/test_ws/yano_ws/install/operator/lib'
[1.565s] Level 1:colcon.colcon_core.environment:checking '/root/working/test_ws/yano_ws/install/operator/bin'
[1.565s] Level 1:colcon.colcon_core.environment:checking '/root/working/test_ws/yano_ws/install/operator/lib/pkgconfig/operator.pc'
[1.565s] Level 1:colcon.colcon_core.environment:checking '/root/working/test_ws/yano_ws/install/operator/lib/python3.10/site-packages'
[1.566s] Level 1:colcon.colcon_core.environment:checking '/root/working/test_ws/yano_ws/install/operator/bin'
[1.566s] INFO:colcon.colcon_core.shell:Creating package script '/root/working/test_ws/yano_ws/install/operator/share/operator/package.ps1'
[1.567s] INFO:colcon.colcon_core.shell:Creating package descriptor '/root/working/test_ws/yano_ws/install/operator/share/operator/package.dsv'
[1.567s] INFO:colcon.colcon_core.shell:Creating package script '/root/working/test_ws/yano_ws/install/operator/share/operator/package.sh'
[1.568s] INFO:colcon.colcon_core.shell:Creating package script '/root/working/test_ws/yano_ws/install/operator/share/operator/package.bash'
[1.568s] INFO:colcon.colcon_core.shell:Creating package script '/root/working/test_ws/yano_ws/install/operator/share/operator/package.zsh'
[1.569s] Level 1:colcon.colcon_core.environment:create_file_with_runtime_dependencies(/root/working/test_ws/yano_ws/install/operator/share/colcon-core/packages/operator)
[19.770s] DEBUG:colcon.colcon_core.event_handler.log_command:Invoked command in '/root/working/test_ws/yano_ws/build/driver' returned '0': CMAKE_PREFIX_PATH=/root/working/test_ws/yano_ws/install/custom_interfaces:/root/working/test_ws/yano_ws/install/usb_camera:/root/working/test_ws/yano_ws/install/operator:/root/working/test_ws/yano_ws/install/flipper:/root/working/test_ws/yano_ws/install/dynamixel_workbench:/root/working/test_ws/yano_ws/install/dynamixel_workbench_toolbox:/root/working/test_ws/yano_ws/install/dynamixel_workbench_msgs:/root/working/test_ws/yano_ws/install/dynamixel_sdk_examples:/root/working/test_ws/yano_ws/install/dynamixel_sdk_custom_interfaces:/root/working/test_ws/yano_ws/install/dynamixel_sdk:/root/working/test_ws/yano_ws/install/driver:/opt/ros/humble LD_LIBRARY_PATH=/root/working/test_ws/yano_ws/install/custom_interfaces/lib:/opt/ros/humble/opt/rviz_ogre_vendor/lib:/opt/ros/humble/lib/x86_64-linux-gnu:/opt/ros/humble/lib:/root/working/test_ws/yano_ws/install/dynamixel_workbench_toolbox/lib:/root/working/test_ws/yano_ws/install/dynamixel_workbench_msgs/lib:/root/working/test_ws/yano_ws/install/dynamixel_sdk_custom_interfaces/lib:/root/working/test_ws/yano_ws/install/dynamixel_sdk/lib /usr/bin/cmake --build /root/working/test_ws/yano_ws/build/driver -- -j4 -l4
[19.773s] DEBUG:colcon.colcon_core.event_handler.log_command:Invoking command in '/root/working/test_ws/yano_ws/build/driver': CMAKE_PREFIX_PATH=/root/working/test_ws/yano_ws/install/custom_interfaces:/root/working/test_ws/yano_ws/install/usb_camera:/root/working/test_ws/yano_ws/install/operator:/root/working/test_ws/yano_ws/install/flipper:/root/working/test_ws/yano_ws/install/dynamixel_workbench:/root/working/test_ws/yano_ws/install/dynamixel_workbench_toolbox:/root/working/test_ws/yano_ws/install/dynamixel_workbench_msgs:/root/working/test_ws/yano_ws/install/dynamixel_sdk_examples:/root/working/test_ws/yano_ws/install/dynamixel_sdk_custom_interfaces:/root/working/test_ws/yano_ws/install/dynamixel_sdk:/root/working/test_ws/yano_ws/install/driver:/opt/ros/humble LD_LIBRARY_PATH=/root/working/test_ws/yano_ws/install/custom_interfaces/lib:/opt/ros/humble/opt/rviz_ogre_vendor/lib:/opt/ros/humble/lib/x86_64-linux-gnu:/opt/ros/humble/lib:/root/working/test_ws/yano_ws/install/dynamixel_workbench_toolbox/lib:/root/working/test_ws/yano_ws/install/dynamixel_workbench_msgs/lib:/root/working/test_ws/yano_ws/install/dynamixel_sdk_custom_interfaces/lib:/root/working/test_ws/yano_ws/install/dynamixel_sdk/lib /usr/bin/cmake --install /root/working/test_ws/yano_ws/build/driver
[19.797s] Level 1:colcon.colcon_core.environment:create_environment_scripts_only(driver)
[19.798s] Level 1:colcon.colcon_core.environment:checking '/root/working/test_ws/yano_ws/install/driver' for CMake module files
[19.798s] DEBUG:colcon.colcon_core.event_handler.log_command:Invoked command in '/root/working/test_ws/yano_ws/build/driver' returned '0': CMAKE_PREFIX_PATH=/root/working/test_ws/yano_ws/install/custom_interfaces:/root/working/test_ws/yano_ws/install/usb_camera:/root/working/test_ws/yano_ws/install/operator:/root/working/test_ws/yano_ws/install/flipper:/root/working/test_ws/yano_ws/install/dynamixel_workbench:/root/working/test_ws/yano_ws/install/dynamixel_workbench_toolbox:/root/working/test_ws/yano_ws/install/dynamixel_workbench_msgs:/root/working/test_ws/yano_ws/install/dynamixel_sdk_examples:/root/working/test_ws/yano_ws/install/dynamixel_sdk_custom_interfaces:/root/working/test_ws/yano_ws/install/dynamixel_sdk:/root/working/test_ws/yano_ws/install/driver:/opt/ros/humble LD_LIBRARY_PATH=/root/working/test_ws/yano_ws/install/custom_interfaces/lib:/opt/ros/humble/opt/rviz_ogre_vendor/lib:/opt/ros/humble/lib/x86_64-linux-gnu:/opt/ros/humble/lib:/root/working/test_ws/yano_ws/install/dynamixel_workbench_toolbox/lib:/root/working/test_ws/yano_ws/install/dynamixel_workbench_msgs/lib:/root/working/test_ws/yano_ws/install/dynamixel_sdk_custom_interfaces/lib:/root/working/test_ws/yano_ws/install/dynamixel_sdk/lib /usr/bin/cmake --install /root/working/test_ws/yano_ws/build/driver
[19.799s] Level 1:colcon.colcon_core.environment:checking '/root/working/test_ws/yano_ws/install/driver' for CMake config files
[19.800s] Level 1:colcon.colcon_core.shell:create_environment_hook('driver', 'cmake_prefix_path')
[19.801s] INFO:colcon.colcon_core.shell:Creating environment hook '/root/working/test_ws/yano_ws/install/driver/share/driver/hook/cmake_prefix_path.ps1'
[19.802s] INFO:colcon.colcon_core.shell:Creating environment descriptor '/root/working/test_ws/yano_ws/install/driver/share/driver/hook/cmake_prefix_path.dsv'
[19.803s] INFO:colcon.colcon_core.shell:Creating environment hook '/root/working/test_ws/yano_ws/install/driver/share/driver/hook/cmake_prefix_path.sh'
[19.804s] Level 1:colcon.colcon_core.environment:checking '/root/working/test_ws/yano_ws/install/driver/lib'
[19.804s] Level 1:colcon.colcon_core.environment:checking '/root/working/test_ws/yano_ws/install/driver/bin'
[19.804s] Level 1:colcon.colcon_core.environment:checking '/root/working/test_ws/yano_ws/install/driver/lib/pkgconfig/driver.pc'
[19.805s] Level 1:colcon.colcon_core.environment:checking '/root/working/test_ws/yano_ws/install/driver/lib/python3.10/site-packages'
[19.805s] Level 1:colcon.colcon_core.environment:checking '/root/working/test_ws/yano_ws/install/driver/bin'
[19.806s] INFO:colcon.colcon_core.shell:Creating package script '/root/working/test_ws/yano_ws/install/driver/share/driver/package.ps1'
[19.806s] INFO:colcon.colcon_core.shell:Creating package descriptor '/root/working/test_ws/yano_ws/install/driver/share/driver/package.dsv'
[19.807s] INFO:colcon.colcon_core.shell:Creating package script '/root/working/test_ws/yano_ws/install/driver/share/driver/package.sh'
[19.808s] INFO:colcon.colcon_core.shell:Creating package script '/root/working/test_ws/yano_ws/install/driver/share/driver/package.bash'
[19.809s] INFO:colcon.colcon_core.shell:Creating package script '/root/working/test_ws/yano_ws/install/driver/share/driver/package.zsh'
[19.810s] Level 1:colcon.colcon_core.environment:create_file_with_runtime_dependencies(/root/working/test_ws/yano_ws/install/driver/share/colcon-core/packages/driver)
[19.811s] Level 1:colcon.colcon_core.environment:create_environment_scripts_only(driver)
[19.811s] Level 1:colcon.colcon_core.environment:checking '/root/working/test_ws/yano_ws/install/driver' for CMake module files
[19.812s] Level 1:colcon.colcon_core.environment:checking '/root/working/test_ws/yano_ws/install/driver' for CMake config files
[19.812s] Level 1:colcon.colcon_core.shell:create_environment_hook('driver', 'cmake_prefix_path')
[19.812s] INFO:colcon.colcon_core.shell:Creating environment hook '/root/working/test_ws/yano_ws/install/driver/share/driver/hook/cmake_prefix_path.ps1'
[19.813s] INFO:colcon.colcon_core.shell:Creating environment descriptor '/root/working/test_ws/yano_ws/install/driver/share/driver/hook/cmake_prefix_path.dsv'
[19.813s] INFO:colcon.colcon_core.shell:Creating environment hook '/root/working/test_ws/yano_ws/install/driver/share/driver/hook/cmake_prefix_path.sh'
[19.814s] Level 1:colcon.colcon_core.environment:checking '/root/working/test_ws/yano_ws/install/driver/lib'
[19.814s] Level 1:colcon.colcon_core.environment:checking '/root/working/test_ws/yano_ws/install/driver/bin'
[19.814s] Level 1:colcon.colcon_core.environment:checking '/root/working/test_ws/yano_ws/install/driver/lib/pkgconfig/driver.pc'
[19.815s] Level 1:colcon.colcon_core.environment:checking '/root/working/test_ws/yano_ws/install/driver/lib/python3.10/site-packages'
[19.815s] Level 1:colcon.colcon_core.environment:checking '/root/working/test_ws/yano_ws/install/driver/bin'
[19.816s] INFO:colcon.colcon_core.shell:Creating package script '/root/working/test_ws/yano_ws/install/driver/share/driver/package.ps1'
[19.816s] INFO:colcon.colcon_core.shell:Creating package descriptor '/root/working/test_ws/yano_ws/install/driver/share/driver/package.dsv'
[19.817s] INFO:colcon.colcon_core.shell:Creating package script '/root/working/test_ws/yano_ws/install/driver/share/driver/package.sh'
[19.817s] INFO:colcon.colcon_core.shell:Creating package script '/root/working/test_ws/yano_ws/install/driver/share/driver/package.bash'
[19.818s] INFO:colcon.colcon_core.shell:Creating package script '/root/working/test_ws/yano_ws/install/driver/share/driver/package.zsh'
[19.818s] Level 1:colcon.colcon_core.environment:create_file_with_runtime_dependencies(/root/working/test_ws/yano_ws/install/driver/share/colcon-core/packages/driver)
[19.819s] DEBUG:colcon.colcon_parallel_executor.executor.parallel:closing loop
[19.819s] DEBUG:colcon.colcon_parallel_executor.executor.parallel:loop closed
[19.819s] DEBUG:colcon.colcon_parallel_executor.executor.parallel:run_until_complete finished with '0'
[19.819s] DEBUG:colcon.colcon_core.event_reactor:joining thread
[19.830s] INFO:colcon.colcon_core.plugin_system:Skipping extension 'colcon_notification.desktop_notification.notify_send': Could not find 'notify-send'
[19.830s] INFO:colcon.colcon_core.plugin_system:Skipping extension 'colcon_notification.desktop_notification.terminal_notifier': Not used on non-Darwin systems
[19.830s] INFO:colcon.colcon_core.plugin_system:Skipping extension 'colcon_notification.desktop_notification.win32': Not used on non-Windows systems
[19.830s] INFO:colcon.colcon_notification.desktop_notification:Sending desktop notification using 'notify2'
[19.831s] DEBUG:colcon.colcon_notification.desktop_notification.notify2:Failed to initialize notify2: org.freedesktop.DBus.Error.NotSupported: Unable to autolaunch a dbus-daemon without a $DISPLAY for X11
[19.831s] DEBUG:colcon.colcon_core.event_reactor:joined thread
[19.831s] INFO:colcon.colcon_core.shell:Creating prefix script '/root/working/test_ws/yano_ws/install/local_setup.ps1'
[19.834s] INFO:colcon.colcon_core.shell:Creating prefix util module '/root/working/test_ws/yano_ws/install/_local_setup_util_ps1.py'
[19.837s] INFO:colcon.colcon_core.shell:Creating prefix chain script '/root/working/test_ws/yano_ws/install/setup.ps1'
[19.839s] INFO:colcon.colcon_core.shell:Creating prefix script '/root/working/test_ws/yano_ws/install/local_setup.sh'
[19.840s] INFO:colcon.colcon_core.shell:Creating prefix util module '/root/working/test_ws/yano_ws/install/_local_setup_util_sh.py'
[19.841s] INFO:colcon.colcon_core.shell:Creating prefix chain script '/root/working/test_ws/yano_ws/install/setup.sh'
[19.842s] INFO:colcon.colcon_core.shell:Creating prefix script '/root/working/test_ws/yano_ws/install/local_setup.bash'
[19.843s] INFO:colcon.colcon_core.shell:Creating prefix chain script '/root/working/test_ws/yano_ws/install/setup.bash'
[19.845s] INFO:colcon.colcon_core.shell:Creating prefix script '/root/working/test_ws/yano_ws/install/local_setup.zsh'
[19.846s] INFO:colcon.colcon_core.shell:Creating prefix chain script '/root/working/test_ws/yano_ws/install/setup.zsh'
