[0.024s] Invoking command in '/root/working/test_ws/yano_ws/build/dynamixel_sdk': /usr/bin/cmake /root/working/test_ws/yano_ws/src/DynamixelSDK/ros/dynamixel_sdk -DCMAKE_INSTALL_PREFIX=/root/working/test_ws/yano_ws/install/dynamixel_sdk
[0.076s] [31mCMake Error at CMakeLists.txt:18 (find_package):
[0.076s]   By not providing "Findament_cmake.cmake" in CMAKE_MODULE_PATH this project
[0.076s]   has asked CMake to find a package configuration file provided by
[0.077s]   "ament_cmake", but CMake did not find one.
[0.078s] 
[0.078s]   Could not find a package configuration file provided by "ament_cmake" with
[0.078s]   any of the following names:
[0.078s] 
[0.078s]     ament_cmakeConfig.cmake
[0.078s]     ament_cmake-config.cmake
[0.079s] 
[0.079s]   Add the installation prefix of "ament_cmake" to CMAKE_PREFIX_PATH or set
[0.079s]   "ament_cmake_DIR" to a directory containing one of the above files.  If
[0.079s]   "ament_cmake" provides a separate development package or SDK, be sure it
[0.079s]   has been installed.
[0.079s] 
[0.079s] [0m
[0.080s] -- Configuring incomplete, errors occurred!
[0.080s] See also "/root/working/test_ws/yano_ws/build/dynamixel_sdk/CMakeFiles/CMakeOutput.log".
[0.085s] Invoked command in '/root/working/test_ws/yano_ws/build/dynamixel_sdk' returned '1': /usr/bin/cmake /root/working/test_ws/yano_ws/src/DynamixelSDK/ros/dynamixel_sdk -DCMAKE_INSTALL_PREFIX=/root/working/test_ws/yano_ws/install/dynamixel_sdk
