[0.017s] Invoking command in '/root/working/rodep_ros2/yano_ws/build/driver': AMENT_PREFIX_PATH=/root/working/rodep_ros2/yano_ws/install/custom_interfaces:${AMENT_PREFIX_PATH} CMAKE_PREFIX_PATH=/root/working/rodep_ros2/yano_ws/install/custom_interfaces:/opt/ros/humble LD_LIBRARY_PATH=/root/working/rodep_ros2/yano_ws/install/custom_interfaces/lib:${LD_LIBRARY_PATH} PYTHONPATH=/root/working/rodep_ros2/yano_ws/install/custom_interfaces/local/lib/python3.10/dist-packages:${PYTHONPATH} /usr/bin/cmake /root/working/rodep_ros2/yano_ws/src/driver -DCMAKE_INSTALL_PREFIX=/root/working/rodep_ros2/yano_ws/install/driver
[0.091s] -- The C compiler identification is GNU 11.4.0
[0.165s] -- The CXX compiler identification is GNU 11.4.0
[0.174s] -- Detecting C compiler ABI info
[0.267s] -- Detecting C compiler ABI info - done
[0.276s] -- Check for working C compiler: /usr/bin/cc - skipped
[0.277s] -- Detecting C compile features
[0.277s] -- Detecting C compile features - done
[0.281s] -- Detecting CXX compiler ABI info
[0.387s] -- Detecting CXX compiler ABI info - done
[0.397s] -- Check for working CXX compiler: /usr/bin/c++ - skipped
[0.398s] -- Detecting CXX compile features
[0.398s] -- Detecting CXX compile features - done
[0.404s] -- Found ament_cmake: 1.3.11 (/opt/ros/humble/share/ament_cmake/cmake)
[0.612s] -- Found Python3: /usr/bin/python3 (found version "3.10.12") found components: Interpreter 
[0.761s] -- Found rclcpp: 16.0.11 (/opt/ros/humble/share/rclcpp/cmake)
[0.844s] -- Found rosidl_generator_c: 3.1.6 (/opt/ros/humble/share/rosidl_generator_c/cmake)
[0.856s] -- Found rosidl_adapter: 3.1.6 (/opt/ros/humble/share/rosidl_adapter/cmake)
[0.872s] -- Found rosidl_generator_cpp: 3.1.6 (/opt/ros/humble/share/rosidl_generator_cpp/cmake)
[0.893s] -- Using all available rosidl_typesupport_c: rosidl_typesupport_fastrtps_c;rosidl_typesupport_introspection_c
[0.921s] -- Using all available rosidl_typesupport_cpp: rosidl_typesupport_fastrtps_cpp;rosidl_typesupport_introspection_cpp
[1.003s] -- Found rmw_implementation_cmake: 6.1.2 (/opt/ros/humble/share/rmw_implementation_cmake/cmake)
[1.008s] -- Found rmw_fastrtps_cpp: 6.2.7 (/opt/ros/humble/share/rmw_fastrtps_cpp/cmake)
[1.143s] -- Found OpenSSL: /usr/lib/x86_64-linux-gnu/libcrypto.so (found version "3.0.2")  
[1.182s] -- Found FastRTPS: /opt/ros/humble/include  
[1.247s] -- Using RMW implementation 'rmw_fastrtps_cpp' as default
[1.264s] -- Looking for pthread.h
[1.361s] -- Looking for pthread.h - found
[1.362s] -- Performing Test CMAKE_HAVE_LIBC_PTHREAD
[1.465s] -- Performing Test CMAKE_HAVE_LIBC_PTHREAD - Success
[1.466s] -- Found Threads: TRUE  
[1.552s] -- Found geometry_msgs: 4.2.4 (/opt/ros/humble/share/geometry_msgs/cmake)
[1.569s] -- Found custom_interfaces: 0.0.0 (/root/working/rodep_ros2/yano_ws/install/custom_interfaces/share/custom_interfaces/cmake)
[1.589s] -- Found ament_lint_auto: 0.12.11 (/opt/ros/humble/share/ament_lint_auto/cmake)
[1.710s] -- Added test 'cppcheck' to perform static code analysis on C / C++ code
[1.710s] -- Configured cppcheck include dirs: 
[1.710s] -- Configured cppcheck exclude dirs and/or files: 
[1.711s] -- Added test 'lint_cmake' to check CMake code style
[1.713s] -- Added test 'uncrustify' to check C / C++ code style
[1.713s] -- Configured uncrustify additional arguments: 
[1.713s] -- Added test 'xmllint' to check XML markup files
[1.715s] -- Configuring done
[1.733s] -- Generating done
[1.739s] -- Build files have been written to: /root/working/rodep_ros2/yano_ws/build/driver
[1.750s] Invoked command in '/root/working/rodep_ros2/yano_ws/build/driver' returned '0': AMENT_PREFIX_PATH=/root/working/rodep_ros2/yano_ws/install/custom_interfaces:${AMENT_PREFIX_PATH} CMAKE_PREFIX_PATH=/root/working/rodep_ros2/yano_ws/install/custom_interfaces:/opt/ros/humble LD_LIBRARY_PATH=/root/working/rodep_ros2/yano_ws/install/custom_interfaces/lib:${LD_LIBRARY_PATH} PYTHONPATH=/root/working/rodep_ros2/yano_ws/install/custom_interfaces/local/lib/python3.10/dist-packages:${PYTHONPATH} /usr/bin/cmake /root/working/rodep_ros2/yano_ws/src/driver -DCMAKE_INSTALL_PREFIX=/root/working/rodep_ros2/yano_ws/install/driver
[1.752s] Invoking command in '/root/working/rodep_ros2/yano_ws/build/driver': AMENT_PREFIX_PATH=/root/working/rodep_ros2/yano_ws/install/custom_interfaces:${AMENT_PREFIX_PATH} CMAKE_PREFIX_PATH=/root/working/rodep_ros2/yano_ws/install/custom_interfaces:/opt/ros/humble LD_LIBRARY_PATH=/root/working/rodep_ros2/yano_ws/install/custom_interfaces/lib:${LD_LIBRARY_PATH} PYTHONPATH=/root/working/rodep_ros2/yano_ws/install/custom_interfaces/local/lib/python3.10/dist-packages:${PYTHONPATH} /usr/bin/cmake --build /root/working/rodep_ros2/yano_ws/build/driver -- -j4 -l4
[1.808s] [35m[1mConsolidate compiler generated dependencies of target driver_node[0m
[1.848s] [100%] Built target driver_node
[1.862s] Invoked command in '/root/working/rodep_ros2/yano_ws/build/driver' returned '0': AMENT_PREFIX_PATH=/root/working/rodep_ros2/yano_ws/install/custom_interfaces:${AMENT_PREFIX_PATH} CMAKE_PREFIX_PATH=/root/working/rodep_ros2/yano_ws/install/custom_interfaces:/opt/ros/humble LD_LIBRARY_PATH=/root/working/rodep_ros2/yano_ws/install/custom_interfaces/lib:${LD_LIBRARY_PATH} PYTHONPATH=/root/working/rodep_ros2/yano_ws/install/custom_interfaces/local/lib/python3.10/dist-packages:${PYTHONPATH} /usr/bin/cmake --build /root/working/rodep_ros2/yano_ws/build/driver -- -j4 -l4
[1.865s] Invoking command in '/root/working/rodep_ros2/yano_ws/build/driver': AMENT_PREFIX_PATH=/root/working/rodep_ros2/yano_ws/install/custom_interfaces:${AMENT_PREFIX_PATH} CMAKE_PREFIX_PATH=/root/working/rodep_ros2/yano_ws/install/custom_interfaces:/opt/ros/humble LD_LIBRARY_PATH=/root/working/rodep_ros2/yano_ws/install/custom_interfaces/lib:${LD_LIBRARY_PATH} PYTHONPATH=/root/working/rodep_ros2/yano_ws/install/custom_interfaces/local/lib/python3.10/dist-packages:${PYTHONPATH} /usr/bin/cmake --install /root/working/rodep_ros2/yano_ws/build/driver
[1.875s] -- Install configuration: ""
[1.875s] -- Up-to-date: /root/working/rodep_ros2/yano_ws/install/driver/lib/driver/driver_node
[1.876s] -- Up-to-date: /root/working/rodep_ros2/yano_ws/install/driver/share/ament_index/resource_index/package_run_dependencies/driver
[1.876s] -- Up-to-date: /root/working/rodep_ros2/yano_ws/install/driver/share/ament_index/resource_index/parent_prefix_path/driver
[1.876s] -- Up-to-date: /root/working/rodep_ros2/yano_ws/install/driver/share/driver/environment/ament_prefix_path.sh
[1.876s] -- Installing: /root/working/rodep_ros2/yano_ws/install/driver/share/driver/environment/ament_prefix_path.dsv
[1.877s] -- Up-to-date: /root/working/rodep_ros2/yano_ws/install/driver/share/driver/environment/path.sh
[1.877s] -- Installing: /root/working/rodep_ros2/yano_ws/install/driver/share/driver/environment/path.dsv
[1.877s] -- Up-to-date: /root/working/rodep_ros2/yano_ws/install/driver/share/driver/local_setup.bash
[1.877s] -- Up-to-date: /root/working/rodep_ros2/yano_ws/install/driver/share/driver/local_setup.sh
[1.877s] -- Up-to-date: /root/working/rodep_ros2/yano_ws/install/driver/share/driver/local_setup.zsh
[1.878s] -- Installing: /root/working/rodep_ros2/yano_ws/install/driver/share/driver/local_setup.dsv
[1.878s] -- Installing: /root/working/rodep_ros2/yano_ws/install/driver/share/driver/package.dsv
[1.878s] -- Up-to-date: /root/working/rodep_ros2/yano_ws/install/driver/share/ament_index/resource_index/packages/driver
[1.878s] -- Up-to-date: /root/working/rodep_ros2/yano_ws/install/driver/share/driver/cmake/driverConfig.cmake
[1.878s] -- Up-to-date: /root/working/rodep_ros2/yano_ws/install/driver/share/driver/cmake/driverConfig-version.cmake
[1.878s] -- Up-to-date: /root/working/rodep_ros2/yano_ws/install/driver/share/driver/package.xml
[1.881s] Invoked command in '/root/working/rodep_ros2/yano_ws/build/driver' returned '0': AMENT_PREFIX_PATH=/root/working/rodep_ros2/yano_ws/install/custom_interfaces:${AMENT_PREFIX_PATH} CMAKE_PREFIX_PATH=/root/working/rodep_ros2/yano_ws/install/custom_interfaces:/opt/ros/humble LD_LIBRARY_PATH=/root/working/rodep_ros2/yano_ws/install/custom_interfaces/lib:${LD_LIBRARY_PATH} PYTHONPATH=/root/working/rodep_ros2/yano_ws/install/custom_interfaces/local/lib/python3.10/dist-packages:${PYTHONPATH} /usr/bin/cmake --install /root/working/rodep_ros2/yano_ws/build/driver
