-- Found ament_cmake: 1.3.11 (/opt/ros/humble/share/ament_cmake/cmake)
-- Found rclcpp: 16.0.11 (/opt/ros/humble/share/rclcpp/cmake)
-- Found rosidl_generator_c: 3.1.6 (/opt/ros/humble/share/rosidl_generator_c/cmake)
-- Found rosidl_adapter: 3.1.6 (/opt/ros/humble/share/rosidl_adapter/cmake)
-- Found rosidl_generator_cpp: 3.1.6 (/opt/ros/humble/share/rosidl_generator_cpp/cmake)
-- Using all available rosidl_typesupport_c: rosidl_typesupport_fastrtps_c;rosidl_typesupport_introspection_c
-- Using all available rosidl_typesupport_cpp: rosidl_typesupport_fastrtps_cpp;rosidl_typesupport_introspection_cpp
-- Found rmw_implementation_cmake: 6.1.2 (/opt/ros/humble/share/rmw_implementation_cmake/cmake)
-- Found rmw_fastrtps_cpp: 6.2.7 (/opt/ros/humble/share/rmw_fastrtps_cpp/cmake)
-- Using RMW implementation 'rmw_fastrtps_cpp' as default
-- Found sensor_msgs: 4.2.4 (/opt/ros/humble/share/sensor_msgs/cmake)
-- Found rosidl_default_generators: 1.2.0 (/opt/ros/humble/share/rosidl_default_generators/cmake)
-- Found ament_cmake_ros: 0.10.0 (/opt/ros/humble/share/ament_cmake_ros/cmake)
-- Using all available rosidl_typesupport_c: rosidl_typesupport_fastrtps_c;rosidl_typesupport_introspection_c
-- Using all available rosidl_typesupport_cpp: rosidl_typesupport_fastrtps_cpp;rosidl_typesupport_introspection_cpp
-- Found python_cmake_module: 0.10.0 (/opt/ros/humble/share/python_cmake_module/cmake)
-- Using PYTHON_EXECUTABLE: /usr/bin/python3
-- Using PYTHON_INCLUDE_DIRS: /usr/include/python3.10
-- Using PYTHON_LIBRARIES: /usr/lib/x86_64-linux-gnu/libpython3.10.so
-- Found ament_lint_auto: 0.12.11 (/opt/ros/humble/share/ament_lint_auto/cmake)
-- Added test 'cppcheck' to perform static code analysis on C / C++ code
-- Configured cppcheck include dirs: 
-- Configured cppcheck exclude dirs and/or files: 
-- Added test 'lint_cmake' to check CMake code style
-- Added test 'uncrustify' to check C / C++ code style
-- Configured uncrustify additional arguments: 
-- Added test 'xmllint' to check XML markup files
-- Configuring done
-- Generating done
-- Build files have been written to: /root/working/ros2_ws/build/joy_controller
[  3%] [34m[1mGenerating C code for ROS interfaces[0m
[35m[1mConsolidate compiler generated dependencies of target sub[0m
[  6%] [34m[1mGenerating C++ code for ROS interfaces[0m
[  6%] Built target ament_cmake_python_copy_joy_controller
[ 12%] Built target sub
[ 15%] [32mBuilding C object CMakeFiles/joy_controller__rosidl_generator_c.dir/rosidl_generator_c/joy_controller/msg/detail/my_custom_message__functions.c.o[0m
running egg_info
writing joy_controller.egg-info/PKG-INFO
writing dependency_links to joy_controller.egg-info/dependency_links.txt
writing top-level names to joy_controller.egg-info/top_level.txt
reading manifest file 'joy_controller.egg-info/SOURCES.txt'
writing manifest file 'joy_controller.egg-info/SOURCES.txt'
[ 15%] Built target ament_cmake_python_build_joy_controller_egg
[ 18%] [32m[1mLinking C shared library libjoy_controller__rosidl_generator_c.so[0m
[ 18%] Built target joy_controller__cpp
[ 24%] [34m[1mGenerating C++ type support for eProsima Fast-RTPS[0m
[ 24%] [34m[1mGenerating C++ type support dispatch for ROS interfaces[0m
[ 27%] [34m[1mGenerating C++ introspection for ROS interfaces[0m
[ 27%] Built target joy_controller__rosidl_generator_c
[ 30%] [34m[1mGenerating C type support for eProsima Fast-RTPS[0m
[ 33%] [32mBuilding CXX object CMakeFiles/joy_controller__rosidl_typesupport_cpp.dir/rosidl_typesupport_cpp/joy_controller/msg/my_custom_message__type_support.cpp.o[0m
[ 36%] [32mBuilding CXX object CMakeFiles/joy_controller__rosidl_typesupport_fastrtps_cpp.dir/rosidl_typesupport_fastrtps_cpp/joy_controller/msg/detail/dds_fastrtps/my_custom_message__type_support.cpp.o[0m
[ 39%] [32mBuilding CXX object CMakeFiles/joy_controller__rosidl_typesupport_introspection_cpp.dir/rosidl_typesupport_introspection_cpp/joy_controller/msg/detail/my_custom_message__type_support.cpp.o[0m
[ 42%] [32mBuilding CXX object CMakeFiles/joy_controller__rosidl_typesupport_fastrtps_c.dir/rosidl_typesupport_fastrtps_c/joy_controller/msg/detail/my_custom_message__type_support_c.cpp.o[0m
[ 45%] [32m[1mLinking CXX shared library libjoy_controller__rosidl_typesupport_cpp.so[0m
[ 45%] Built target joy_controller__rosidl_typesupport_cpp
[ 48%] [34m[1mGenerating C introspection for ROS interfaces[0m
[ 51%] [32m[1mLinking CXX shared library libjoy_controller__rosidl_typesupport_fastrtps_c.so[0m
[ 51%] Built target joy_controller__rosidl_typesupport_fastrtps_c
[ 54%] [32m[1mLinking CXX shared library libjoy_controller__rosidl_typesupport_introspection_cpp.so[0m
[ 57%] [32m[1mLinking CXX shared library libjoy_controller__rosidl_typesupport_fastrtps_cpp.so[0m
[ 60%] [34m[1mGenerating C type support dispatch for ROS interfaces[0m
[ 60%] Built target joy_controller__rosidl_typesupport_introspection_cpp
[ 60%] Built target joy_controller__rosidl_typesupport_fastrtps_cpp
[ 63%] [32mBuilding C object CMakeFiles/joy_controller__rosidl_typesupport_introspection_c.dir/rosidl_typesupport_introspection_c/joy_controller/msg/detail/my_custom_message__type_support.c.o[0m
[ 66%] [32m[1mLinking C shared library libjoy_controller__rosidl_typesupport_introspection_c.so[0m
[ 66%] Built target joy_controller__rosidl_typesupport_introspection_c
[ 69%] [32mBuilding CXX object CMakeFiles/joy_controller__rosidl_typesupport_c.dir/rosidl_typesupport_c/joy_controller/msg/my_custom_message__type_support.cpp.o[0m
[ 72%] [32m[1mLinking CXX shared library libjoy_controller__rosidl_typesupport_c.so[0m
[ 72%] Built target joy_controller__rosidl_typesupport_c
[ 72%] Built target joy_controller
[ 75%] [34m[1mGenerating Python code for ROS interfaces[0m
[ 75%] Built target joy_controller__py
[ 78%] [32mBuilding C object CMakeFiles/joy_controller__rosidl_generator_py.dir/rosidl_generator_py/joy_controller/msg/_my_custom_message_s.c.o[0m
[ 81%] [32m[1mLinking C shared library rosidl_generator_py/joy_controller/libjoy_controller__rosidl_generator_py.so[0m
[ 81%] Built target joy_controller__rosidl_generator_py
[ 84%] [32mBuilding C object CMakeFiles/joy_controller__rosidl_typesupport_introspection_c__pyext.dir/rosidl_generator_py/joy_controller/_joy_controller_s.ep.rosidl_typesupport_introspection_c.c.o[0m
[ 90%] [32mBuilding C object CMakeFiles/joy_controller__rosidl_typesupport_fastrtps_c__pyext.dir/rosidl_generator_py/joy_controller/_joy_controller_s.ep.rosidl_typesupport_fastrtps_c.c.o[0m
[ 90%] [32mBuilding C object CMakeFiles/joy_controller__rosidl_typesupport_c__pyext.dir/rosidl_generator_py/joy_controller/_joy_controller_s.ep.rosidl_typesupport_c.c.o[0m
[ 93%] [32m[1mLinking C shared library rosidl_generator_py/joy_controller/joy_controller_s__rosidl_typesupport_c.cpython-310-x86_64-linux-gnu.so[0m
[ 96%] [32m[1mLinking C shared library rosidl_generator_py/joy_controller/joy_controller_s__rosidl_typesupport_introspection_c.cpython-310-x86_64-linux-gnu.so[0m
[100%] [32m[1mLinking C shared library rosidl_generator_py/joy_controller/joy_controller_s__rosidl_typesupport_fastrtps_c.cpython-310-x86_64-linux-gnu.so[0m
[100%] Built target joy_controller__rosidl_typesupport_c__pyext
[100%] Built target joy_controller__rosidl_typesupport_introspection_c__pyext
[100%] Built target joy_controller__rosidl_typesupport_fastrtps_c__pyext
-- Install configuration: ""
-- Installing: /root/working/ros2_ws/install/joy_controller/lib/joy_controller/sub
-- Set runtime path of "/root/working/ros2_ws/install/joy_controller/lib/joy_controller/sub" to ""
-- Installing: /root/working/ros2_ws/install/joy_controller/share/ament_index/resource_index/rosidl_interfaces/joy_controller
-- Installing: /root/working/ros2_ws/install/joy_controller/include/joy_controller/joy_controller
-- Installing: /root/working/ros2_ws/install/joy_controller/include/joy_controller/joy_controller/msg
-- Installing: /root/working/ros2_ws/install/joy_controller/include/joy_controller/joy_controller/msg/my_custom_message.h
-- Installing: /root/working/ros2_ws/install/joy_controller/include/joy_controller/joy_controller/msg/rosidl_generator_c__visibility_control.h
-- Installing: /root/working/ros2_ws/install/joy_controller/include/joy_controller/joy_controller/msg/detail
-- Installing: /root/working/ros2_ws/install/joy_controller/include/joy_controller/joy_controller/msg/detail/my_custom_message__struct.h
-- Installing: /root/working/ros2_ws/install/joy_controller/include/joy_controller/joy_controller/msg/detail/my_custom_message__functions.h
-- Installing: /root/working/ros2_ws/install/joy_controller/include/joy_controller/joy_controller/msg/detail/my_custom_message__functions.c
-- Installing: /root/working/ros2_ws/install/joy_controller/include/joy_controller/joy_controller/msg/detail/my_custom_message__type_support.h
-- Installing: /root/working/ros2_ws/install/joy_controller/share/joy_controller/environment/library_path.sh
-- Installing: /root/working/ros2_ws/install/joy_controller/share/joy_controller/environment/library_path.dsv
-- Installing: /root/working/ros2_ws/install/joy_controller/lib/libjoy_controller__rosidl_generator_c.so
-- Set runtime path of "/root/working/ros2_ws/install/joy_controller/lib/libjoy_controller__rosidl_generator_c.so" to ""
-- Up-to-date: /root/working/ros2_ws/install/joy_controller/include/joy_controller/joy_controller
-- Up-to-date: /root/working/ros2_ws/install/joy_controller/include/joy_controller/joy_controller/msg
-- Installing: /root/working/ros2_ws/install/joy_controller/include/joy_controller/joy_controller/msg/rosidl_typesupport_fastrtps_c__visibility_control.h
-- Up-to-date: /root/working/ros2_ws/install/joy_controller/include/joy_controller/joy_controller/msg/detail
-- Installing: /root/working/ros2_ws/install/joy_controller/include/joy_controller/joy_controller/msg/detail/my_custom_message__rosidl_typesupport_fastrtps_c.h
-- Installing: /root/working/ros2_ws/install/joy_controller/lib/libjoy_controller__rosidl_typesupport_fastrtps_c.so
-- Set runtime path of "/root/working/ros2_ws/install/joy_controller/lib/libjoy_controller__rosidl_typesupport_fastrtps_c.so" to ""
-- Up-to-date: /root/working/ros2_ws/install/joy_controller/include/joy_controller/joy_controller
-- Up-to-date: /root/working/ros2_ws/install/joy_controller/include/joy_controller/joy_controller/msg
-- Installing: /root/working/ros2_ws/install/joy_controller/include/joy_controller/joy_controller/msg/rosidl_generator_cpp__visibility_control.hpp
-- Up-to-date: /root/working/ros2_ws/install/joy_controller/include/joy_controller/joy_controller/msg/detail
-- Installing: /root/working/ros2_ws/install/joy_controller/include/joy_controller/joy_controller/msg/detail/my_custom_message__type_support.hpp
-- Installing: /root/working/ros2_ws/install/joy_controller/include/joy_controller/joy_controller/msg/detail/my_custom_message__traits.hpp
-- Installing: /root/working/ros2_ws/install/joy_controller/include/joy_controller/joy_controller/msg/detail/my_custom_message__struct.hpp
-- Installing: /root/working/ros2_ws/install/joy_controller/include/joy_controller/joy_controller/msg/detail/my_custom_message__builder.hpp
-- Installing: /root/working/ros2_ws/install/joy_controller/include/joy_controller/joy_controller/msg/my_custom_message.hpp
-- Up-to-date: /root/working/ros2_ws/install/joy_controller/include/joy_controller/joy_controller
-- Up-to-date: /root/working/ros2_ws/install/joy_controller/include/joy_controller/joy_controller/msg
-- Up-to-date: /root/working/ros2_ws/install/joy_controller/include/joy_controller/joy_controller/msg/detail
-- Installing: /root/working/ros2_ws/install/joy_controller/include/joy_controller/joy_controller/msg/detail/my_custom_message__rosidl_typesupport_fastrtps_cpp.hpp
-- Installing: /root/working/ros2_ws/install/joy_controller/include/joy_controller/joy_controller/msg/detail/dds_fastrtps
-- Installing: /root/working/ros2_ws/install/joy_controller/include/joy_controller/joy_controller/msg/rosidl_typesupport_fastrtps_cpp__visibility_control.h
-- Installing: /root/working/ros2_ws/install/joy_controller/lib/libjoy_controller__rosidl_typesupport_fastrtps_cpp.so
-- Set runtime path of "/root/working/ros2_ws/install/joy_controller/lib/libjoy_controller__rosidl_typesupport_fastrtps_cpp.so" to ""
-- Up-to-date: /root/working/ros2_ws/install/joy_controller/include/joy_controller/joy_controller
-- Up-to-date: /root/working/ros2_ws/install/joy_controller/include/joy_controller/joy_controller/msg
-- Up-to-date: /root/working/ros2_ws/install/joy_controller/include/joy_controller/joy_controller/msg/detail
-- Installing: /root/working/ros2_ws/install/joy_controller/include/joy_controller/joy_controller/msg/detail/my_custom_message__rosidl_typesupport_introspection_c.h
-- Installing: /root/working/ros2_ws/install/joy_controller/include/joy_controller/joy_controller/msg/detail/my_custom_message__type_support.c
-- Installing: /root/working/ros2_ws/install/joy_controller/include/joy_controller/joy_controller/msg/rosidl_typesupport_introspection_c__visibility_control.h
-- Installing: /root/working/ros2_ws/install/joy_controller/lib/libjoy_controller__rosidl_typesupport_introspection_c.so
-- Set runtime path of "/root/working/ros2_ws/install/joy_controller/lib/libjoy_controller__rosidl_typesupport_introspection_c.so" to ""
-- Installing: /root/working/ros2_ws/install/joy_controller/lib/libjoy_controller__rosidl_typesupport_c.so
-- Set runtime path of "/root/working/ros2_ws/install/joy_controller/lib/libjoy_controller__rosidl_typesupport_c.so" to ""
-- Up-to-date: /root/working/ros2_ws/install/joy_controller/include/joy_controller/joy_controller
-- Up-to-date: /root/working/ros2_ws/install/joy_controller/include/joy_controller/joy_controller/msg
-- Up-to-date: /root/working/ros2_ws/install/joy_controller/include/joy_controller/joy_controller/msg/detail
-- Installing: /root/working/ros2_ws/install/joy_controller/include/joy_controller/joy_controller/msg/detail/my_custom_message__rosidl_typesupport_introspection_cpp.hpp
-- Installing: /root/working/ros2_ws/install/joy_controller/include/joy_controller/joy_controller/msg/detail/my_custom_message__type_support.cpp
-- Installing: /root/working/ros2_ws/install/joy_controller/lib/libjoy_controller__rosidl_typesupport_introspection_cpp.so
-- Set runtime path of "/root/working/ros2_ws/install/joy_controller/lib/libjoy_controller__rosidl_typesupport_introspection_cpp.so" to ""
-- Installing: /root/working/ros2_ws/install/joy_controller/lib/libjoy_controller__rosidl_typesupport_cpp.so
-- Set runtime path of "/root/working/ros2_ws/install/joy_controller/lib/libjoy_controller__rosidl_typesupport_cpp.so" to ""
-- Installing: /root/working/ros2_ws/install/joy_controller/share/joy_controller/environment/pythonpath.sh
-- Installing: /root/working/ros2_ws/install/joy_controller/share/joy_controller/environment/pythonpath.dsv
-- Installing: /root/working/ros2_ws/install/joy_controller/local/lib/python3.10/dist-packages/joy_controller-0.0.0-py3.10.egg-info
-- Installing: /root/working/ros2_ws/install/joy_controller/local/lib/python3.10/dist-packages/joy_controller-0.0.0-py3.10.egg-info/SOURCES.txt
-- Installing: /root/working/ros2_ws/install/joy_controller/local/lib/python3.10/dist-packages/joy_controller-0.0.0-py3.10.egg-info/top_level.txt
-- Installing: /root/working/ros2_ws/install/joy_controller/local/lib/python3.10/dist-packages/joy_controller-0.0.0-py3.10.egg-info/PKG-INFO
-- Installing: /root/working/ros2_ws/install/joy_controller/local/lib/python3.10/dist-packages/joy_controller-0.0.0-py3.10.egg-info/dependency_links.txt
-- Installing: /root/working/ros2_ws/install/joy_controller/local/lib/python3.10/dist-packages/joy_controller
-- Installing: /root/working/ros2_ws/install/joy_controller/local/lib/python3.10/dist-packages/joy_controller/_joy_controller_s.ep.rosidl_typesupport_introspection_c.c
-- Installing: /root/working/ros2_ws/install/joy_controller/local/lib/python3.10/dist-packages/joy_controller/joy_controller_s__rosidl_typesupport_fastrtps_c.cpython-310-x86_64-linux-gnu.so
-- Installing: /root/working/ros2_ws/install/joy_controller/local/lib/python3.10/dist-packages/joy_controller/joy_controller_s__rosidl_typesupport_introspection_c.cpython-310-x86_64-linux-gnu.so
-- Installing: /root/working/ros2_ws/install/joy_controller/local/lib/python3.10/dist-packages/joy_controller/_joy_controller_s.ep.rosidl_typesupport_c.c
-- Installing: /root/working/ros2_ws/install/joy_controller/local/lib/python3.10/dist-packages/joy_controller/joy_controller_s__rosidl_typesupport_c.cpython-310-x86_64-linux-gnu.so
-- Installing: /root/working/ros2_ws/install/joy_controller/local/lib/python3.10/dist-packages/joy_controller/libjoy_controller__rosidl_generator_py.so
-- Installing: /root/working/ros2_ws/install/joy_controller/local/lib/python3.10/dist-packages/joy_controller/_joy_controller_s.ep.rosidl_typesupport_fastrtps_c.c
-- Installing: /root/working/ros2_ws/install/joy_controller/local/lib/python3.10/dist-packages/joy_controller/msg
-- Installing: /root/working/ros2_ws/install/joy_controller/local/lib/python3.10/dist-packages/joy_controller/msg/_my_custom_message.py
-- Installing: /root/working/ros2_ws/install/joy_controller/local/lib/python3.10/dist-packages/joy_controller/msg/_my_custom_message_s.c
-- Installing: /root/working/ros2_ws/install/joy_controller/local/lib/python3.10/dist-packages/joy_controller/msg/__init__.py
-- Installing: /root/working/ros2_ws/install/joy_controller/local/lib/python3.10/dist-packages/joy_controller/__init__.py
Listing '/root/working/ros2_ws/install/joy_controller/local/lib/python3.10/dist-packages/joy_controller'...
Compiling '/root/working/ros2_ws/install/joy_controller/local/lib/python3.10/dist-packages/joy_controller/__init__.py'...
Listing '/root/working/ros2_ws/install/joy_controller/local/lib/python3.10/dist-packages/joy_controller/msg'...
Compiling '/root/working/ros2_ws/install/joy_controller/local/lib/python3.10/dist-packages/joy_controller/msg/__init__.py'...
Compiling '/root/working/ros2_ws/install/joy_controller/local/lib/python3.10/dist-packages/joy_controller/msg/_my_custom_message.py'...
-- Installing: /root/working/ros2_ws/install/joy_controller/local/lib/python3.10/dist-packages/joy_controller/joy_controller_s__rosidl_typesupport_fastrtps_c.cpython-310-x86_64-linux-gnu.so
-- Set runtime path of "/root/working/ros2_ws/install/joy_controller/local/lib/python3.10/dist-packages/joy_controller/joy_controller_s__rosidl_typesupport_fastrtps_c.cpython-310-x86_64-linux-gnu.so" to ""
-- Installing: /root/working/ros2_ws/install/joy_controller/local/lib/python3.10/dist-packages/joy_controller/joy_controller_s__rosidl_typesupport_introspection_c.cpython-310-x86_64-linux-gnu.so
-- Set runtime path of "/root/working/ros2_ws/install/joy_controller/local/lib/python3.10/dist-packages/joy_controller/joy_controller_s__rosidl_typesupport_introspection_c.cpython-310-x86_64-linux-gnu.so" to ""
-- Installing: /root/working/ros2_ws/install/joy_controller/local/lib/python3.10/dist-packages/joy_controller/joy_controller_s__rosidl_typesupport_c.cpython-310-x86_64-linux-gnu.so
-- Set runtime path of "/root/working/ros2_ws/install/joy_controller/local/lib/python3.10/dist-packages/joy_controller/joy_controller_s__rosidl_typesupport_c.cpython-310-x86_64-linux-gnu.so" to ""
-- Installing: /root/working/ros2_ws/install/joy_controller/lib/libjoy_controller__rosidl_generator_py.so
-- Set runtime path of "/root/working/ros2_ws/install/joy_controller/lib/libjoy_controller__rosidl_generator_py.so" to ""
-- Installing: /root/working/ros2_ws/install/joy_controller/share/joy_controller/msg/MyCustomMessage.idl
-- Installing: /root/working/ros2_ws/install/joy_controller/share/joy_controller/msg/MyCustomMessage.msg
-- Installing: /root/working/ros2_ws/install/joy_controller/share/ament_index/resource_index/package_run_dependencies/joy_controller
-- Up-to-date: /root/working/ros2_ws/install/joy_controller/share/ament_index/resource_index/parent_prefix_path/joy_controller
-- Up-to-date: /root/working/ros2_ws/install/joy_controller/share/joy_controller/environment/ament_prefix_path.sh
-- Installing: /root/working/ros2_ws/install/joy_controller/share/joy_controller/environment/ament_prefix_path.dsv
-- Up-to-date: /root/working/ros2_ws/install/joy_controller/share/joy_controller/environment/path.sh
-- Installing: /root/working/ros2_ws/install/joy_controller/share/joy_controller/environment/path.dsv
-- Up-to-date: /root/working/ros2_ws/install/joy_controller/share/joy_controller/local_setup.bash
-- Installing: /root/working/ros2_ws/install/joy_controller/share/joy_controller/local_setup.sh
-- Up-to-date: /root/working/ros2_ws/install/joy_controller/share/joy_controller/local_setup.zsh
-- Installing: /root/working/ros2_ws/install/joy_controller/share/joy_controller/local_setup.dsv
-- Installing: /root/working/ros2_ws/install/joy_controller/share/joy_controller/package.dsv
-- Up-to-date: /root/working/ros2_ws/install/joy_controller/share/ament_index/resource_index/packages/joy_controller
-- Installing: /root/working/ros2_ws/install/joy_controller/share/joy_controller/cmake/export_joy_controller__rosidl_generator_cExport.cmake
-- Installing: /root/working/ros2_ws/install/joy_controller/share/joy_controller/cmake/export_joy_controller__rosidl_generator_cExport-noconfig.cmake
-- Installing: /root/working/ros2_ws/install/joy_controller/share/joy_controller/cmake/export_joy_controller__rosidl_typesupport_fastrtps_cExport.cmake
-- Installing: /root/working/ros2_ws/install/joy_controller/share/joy_controller/cmake/export_joy_controller__rosidl_typesupport_fastrtps_cExport-noconfig.cmake
-- Installing: /root/working/ros2_ws/install/joy_controller/share/joy_controller/cmake/export_joy_controller__rosidl_generator_cppExport.cmake
-- Installing: /root/working/ros2_ws/install/joy_controller/share/joy_controller/cmake/export_joy_controller__rosidl_typesupport_fastrtps_cppExport.cmake
-- Installing: /root/working/ros2_ws/install/joy_controller/share/joy_controller/cmake/export_joy_controller__rosidl_typesupport_fastrtps_cppExport-noconfig.cmake
-- Installing: /root/working/ros2_ws/install/joy_controller/share/joy_controller/cmake/joy_controller__rosidl_typesupport_introspection_cExport.cmake
-- Installing: /root/working/ros2_ws/install/joy_controller/share/joy_controller/cmake/joy_controller__rosidl_typesupport_introspection_cExport-noconfig.cmake
-- Installing: /root/working/ros2_ws/install/joy_controller/share/joy_controller/cmake/joy_controller__rosidl_typesupport_cExport.cmake
-- Installing: /root/working/ros2_ws/install/joy_controller/share/joy_controller/cmake/joy_controller__rosidl_typesupport_cExport-noconfig.cmake
-- Installing: /root/working/ros2_ws/install/joy_controller/share/joy_controller/cmake/joy_controller__rosidl_typesupport_introspection_cppExport.cmake
-- Installing: /root/working/ros2_ws/install/joy_controller/share/joy_controller/cmake/joy_controller__rosidl_typesupport_introspection_cppExport-noconfig.cmake
-- Installing: /root/working/ros2_ws/install/joy_controller/share/joy_controller/cmake/joy_controller__rosidl_typesupport_cppExport.cmake
-- Installing: /root/working/ros2_ws/install/joy_controller/share/joy_controller/cmake/joy_controller__rosidl_typesupport_cppExport-noconfig.cmake
-- Installing: /root/working/ros2_ws/install/joy_controller/share/joy_controller/cmake/export_joy_controller__rosidl_generator_pyExport.cmake
-- Installing: /root/working/ros2_ws/install/joy_controller/share/joy_controller/cmake/export_joy_controller__rosidl_generator_pyExport-noconfig.cmake
-- Installing: /root/working/ros2_ws/install/joy_controller/share/joy_controller/cmake/rosidl_cmake-extras.cmake
-- Installing: /root/working/ros2_ws/install/joy_controller/share/joy_controller/cmake/ament_cmake_export_include_directories-extras.cmake
-- Installing: /root/working/ros2_ws/install/joy_controller/share/joy_controller/cmake/ament_cmake_export_libraries-extras.cmake
-- Installing: /root/working/ros2_ws/install/joy_controller/share/joy_controller/cmake/ament_cmake_export_targets-extras.cmake
-- Installing: /root/working/ros2_ws/install/joy_controller/share/joy_controller/cmake/rosidl_cmake_export_typesupport_targets-extras.cmake
-- Installing: /root/working/ros2_ws/install/joy_controller/share/joy_controller/cmake/ament_cmake_export_dependencies-extras.cmake
-- Installing: /root/working/ros2_ws/install/joy_controller/share/joy_controller/cmake/rosidl_cmake_export_typesupport_libraries-extras.cmake
-- Installing: /root/working/ros2_ws/install/joy_controller/share/joy_controller/cmake/joy_controllerConfig.cmake
-- Up-to-date: /root/working/ros2_ws/install/joy_controller/share/joy_controller/cmake/joy_controllerConfig-version.cmake
-- Installing: /root/working/ros2_ws/install/joy_controller/share/joy_controller/package.xml
