[0.023s] Invoking command in '/root/working/rodep_ros2/yano_ws/build/driver': CMAKE_PREFIX_PATH=${CMAKE_PREFIX_PATH}:/opt/ros/humble /usr/bin/cmake --build /root/working/rodep_ros2/yano_ws/build/driver -- -j4 -l4
[0.067s] -- Found ament_cmake: 1.3.11 (/opt/ros/humble/share/ament_cmake/cmake)
[0.246s] -- Found rclcpp: 16.0.11 (/opt/ros/humble/share/rclcpp/cmake)
[0.286s] -- Found rosidl_generator_c: 3.1.6 (/opt/ros/humble/share/rosidl_generator_c/cmake)
[0.290s] -- Found rosidl_adapter: 3.1.6 (/opt/ros/humble/share/rosidl_adapter/cmake)
[0.298s] -- Found rosidl_generator_cpp: 3.1.6 (/opt/ros/humble/share/rosidl_generator_cpp/cmake)
[0.311s] -- Using all available rosidl_typesupport_c: rosidl_typesupport_fastrtps_c;rosidl_typesupport_introspection_c
[0.327s] -- Using all available rosidl_typesupport_cpp: rosidl_typesupport_fastrtps_cpp;rosidl_typesupport_introspection_cpp
[0.375s] -- Found rmw_implementation_cmake: 6.1.2 (/opt/ros/humble/share/rmw_implementation_cmake/cmake)
[0.377s] -- Found rmw_fastrtps_cpp: 6.2.7 (/opt/ros/humble/share/rmw_fastrtps_cpp/cmake)
[0.527s] -- Using RMW implementation 'rmw_fastrtps_cpp' as default
[0.601s] -- Found geometry_msgs: 4.2.4 (/opt/ros/humble/share/geometry_msgs/cmake)
[0.618s] -- Found custom_interfaces: 0.0.0 (/root/working/rodep_ros2/yano_ws/install/custom_interfaces/share/custom_interfaces/cmake)
[0.631s] -- Found ament_lint_auto: 0.12.11 (/opt/ros/humble/share/ament_lint_auto/cmake)
[0.730s] -- Added test 'cppcheck' to perform static code analysis on C / C++ code
[0.730s] -- Configured cppcheck include dirs: 
[0.730s] -- Configured cppcheck exclude dirs and/or files: 
[0.731s] -- Added test 'lint_cmake' to check CMake code style
[0.733s] -- Added test 'uncrustify' to check C / C++ code style
[0.733s] -- Configured uncrustify additional arguments: 
[0.734s] -- Added test 'xmllint' to check XML markup files
[0.735s] -- Configuring done
[0.750s] -- Generating done
[0.755s] -- Build files have been written to: /root/working/rodep_ros2/yano_ws/build/driver
[0.791s] [35m[1mConsolidate compiler generated dependencies of target driver_node[0m
[0.827s] [ 50%] [32mBuilding CXX object CMakeFiles/driver_node.dir/src/driver.cpp.o[0m
[13.917s] [100%] [32m[1mLinking CXX executable driver_node[0m
[14.515s] [100%] Built target driver_node
[14.538s] Invoked command in '/root/working/rodep_ros2/yano_ws/build/driver' returned '0': CMAKE_PREFIX_PATH=${CMAKE_PREFIX_PATH}:/opt/ros/humble /usr/bin/cmake --build /root/working/rodep_ros2/yano_ws/build/driver -- -j4 -l4
[14.541s] Invoking command in '/root/working/rodep_ros2/yano_ws/build/driver': CMAKE_PREFIX_PATH=${CMAKE_PREFIX_PATH}:/opt/ros/humble /usr/bin/cmake --install /root/working/rodep_ros2/yano_ws/build/driver
[14.550s] -- Install configuration: ""
[14.550s] -- Installing: /root/working/rodep_ros2/yano_ws/install/driver/lib/driver/driver_node
[14.556s] -- Set runtime path of "/root/working/rodep_ros2/yano_ws/install/driver/lib/driver/driver_node" to ""
[14.556s] -- Installing: /root/working/rodep_ros2/yano_ws/install/driver/share/ament_index/resource_index/package_run_dependencies/driver
[14.556s] -- Up-to-date: /root/working/rodep_ros2/yano_ws/install/driver/share/ament_index/resource_index/parent_prefix_path/driver
[14.557s] -- Up-to-date: /root/working/rodep_ros2/yano_ws/install/driver/share/driver/environment/ament_prefix_path.sh
[14.557s] -- Installing: /root/working/rodep_ros2/yano_ws/install/driver/share/driver/environment/ament_prefix_path.dsv
[14.557s] -- Up-to-date: /root/working/rodep_ros2/yano_ws/install/driver/share/driver/environment/path.sh
[14.557s] -- Installing: /root/working/rodep_ros2/yano_ws/install/driver/share/driver/environment/path.dsv
[14.557s] -- Up-to-date: /root/working/rodep_ros2/yano_ws/install/driver/share/driver/local_setup.bash
[14.558s] -- Up-to-date: /root/working/rodep_ros2/yano_ws/install/driver/share/driver/local_setup.sh
[14.558s] -- Up-to-date: /root/working/rodep_ros2/yano_ws/install/driver/share/driver/local_setup.zsh
[14.558s] -- Installing: /root/working/rodep_ros2/yano_ws/install/driver/share/driver/local_setup.dsv
[14.558s] -- Installing: /root/working/rodep_ros2/yano_ws/install/driver/share/driver/package.dsv
[14.559s] -- Up-to-date: /root/working/rodep_ros2/yano_ws/install/driver/share/ament_index/resource_index/packages/driver
[14.559s] -- Up-to-date: /root/working/rodep_ros2/yano_ws/install/driver/share/driver/cmake/driverConfig.cmake
[14.559s] -- Up-to-date: /root/working/rodep_ros2/yano_ws/install/driver/share/driver/cmake/driverConfig-version.cmake
[14.559s] -- Installing: /root/working/rodep_ros2/yano_ws/install/driver/share/driver/package.xml
[14.562s] Invoked command in '/root/working/rodep_ros2/yano_ws/build/driver' returned '0': CMAKE_PREFIX_PATH=${CMAKE_PREFIX_PATH}:/opt/ros/humble /usr/bin/cmake --install /root/working/rodep_ros2/yano_ws/build/driver
