[0.028s] Invoking command in '/root/working/test_ws/yano_ws/build/custom_interfaces': CMAKE_PREFIX_PATH=${CMAKE_PREFIX_PATH}:/opt/ros/humble /usr/bin/cmake --build /root/working/test_ws/yano_ws/build/custom_interfaces -- -j4 -l4
[0.121s] [  2%] Built target custom_interfaces__cpp
[0.124s] [ 12%] Built target custom_interfaces__rosidl_generator_c
[0.154s] [ 12%] Built target ament_cmake_python_copy_custom_interfaces
[0.166s] [ 23%] Built target custom_interfaces__rosidl_typesupport_cpp
[0.182s] [ 33%] Built target custom_interfaces__rosidl_typesupport_fastrtps_cpp
[0.197s] [ 43%] Built target custom_interfaces__rosidl_typesupport_introspection_cpp
[0.207s] [ 53%] Built target custom_interfaces__rosidl_typesupport_fastrtps_c
[0.226s] [ 64%] Built target custom_interfaces__rosidl_typesupport_introspection_c
[0.239s] [ 74%] Built target custom_interfaces__rosidl_typesupport_c
[0.269s] [ 74%] Built target custom_interfaces
[0.303s] [ 76%] Built target custom_interfaces__py
[0.342s] [ 84%] Built target custom_interfaces__rosidl_generator_py
[0.387s] [ 89%] Built target custom_interfaces__rosidl_typesupport_fastrtps_c__pyext
[0.387s] [ 97%] Built target custom_interfaces__rosidl_typesupport_c__pyext
[0.388s] [100%] Built target custom_interfaces__rosidl_typesupport_introspection_c__pyext
[0.559s] running egg_info
[0.560s] writing custom_interfaces.egg-info/PKG-INFO
[0.560s] writing dependency_links to custom_interfaces.egg-info/dependency_links.txt
[0.560s] writing top-level names to custom_interfaces.egg-info/top_level.txt
[0.563s] reading manifest file 'custom_interfaces.egg-info/SOURCES.txt'
[0.564s] writing manifest file 'custom_interfaces.egg-info/SOURCES.txt'
[0.599s] [100%] Built target ament_cmake_python_build_custom_interfaces_egg
[0.619s] Invoked command in '/root/working/test_ws/yano_ws/build/custom_interfaces' returned '0': CMAKE_PREFIX_PATH=${CMAKE_PREFIX_PATH}:/opt/ros/humble /usr/bin/cmake --build /root/working/test_ws/yano_ws/build/custom_interfaces -- -j4 -l4
[0.621s] Invoking command in '/root/working/test_ws/yano_ws/build/custom_interfaces': CMAKE_PREFIX_PATH=${CMAKE_PREFIX_PATH}:/opt/ros/humble /usr/bin/cmake --install /root/working/test_ws/yano_ws/build/custom_interfaces
[0.633s] -- Install configuration: ""
[0.633s] -- Up-to-date: /root/working/test_ws/yano_ws/install/custom_interfaces/share/ament_index/resource_index/rosidl_interfaces/custom_interfaces
[0.633s] -- Up-to-date: /root/working/test_ws/yano_ws/install/custom_interfaces/include/custom_interfaces/custom_interfaces
[0.634s] -- Up-to-date: /root/working/test_ws/yano_ws/install/custom_interfaces/include/custom_interfaces/custom_interfaces/srv
[0.634s] -- Up-to-date: /root/working/test_ws/yano_ws/install/custom_interfaces/include/custom_interfaces/custom_interfaces/srv/detail
[0.634s] -- Up-to-date: /root/working/test_ws/yano_ws/install/custom_interfaces/include/custom_interfaces/custom_interfaces/srv/detail/set_mode__struct.h
[0.634s] -- Up-to-date: /root/working/test_ws/yano_ws/install/custom_interfaces/include/custom_interfaces/custom_interfaces/srv/detail/set_mode__functions.h
[0.634s] -- Up-to-date: /root/working/test_ws/yano_ws/install/custom_interfaces/include/custom_interfaces/custom_interfaces/srv/detail/set_mode__functions.c
[0.634s] -- Up-to-date: /root/working/test_ws/yano_ws/install/custom_interfaces/include/custom_interfaces/custom_interfaces/srv/detail/set_mode__type_support.h
[0.634s] -- Up-to-date: /root/working/test_ws/yano_ws/install/custom_interfaces/include/custom_interfaces/custom_interfaces/srv/set_mode.h
[0.635s] -- Up-to-date: /root/working/test_ws/yano_ws/install/custom_interfaces/include/custom_interfaces/custom_interfaces/msg
[0.635s] -- Up-to-date: /root/working/test_ws/yano_ws/install/custom_interfaces/include/custom_interfaces/custom_interfaces/msg/rosidl_generator_c__visibility_control.h
[0.635s] -- Up-to-date: /root/working/test_ws/yano_ws/install/custom_interfaces/include/custom_interfaces/custom_interfaces/msg/detail
[0.635s] -- Up-to-date: /root/working/test_ws/yano_ws/install/custom_interfaces/include/custom_interfaces/custom_interfaces/msg/detail/driver_velocity__type_support.h
[0.635s] -- Up-to-date: /root/working/test_ws/yano_ws/install/custom_interfaces/include/custom_interfaces/custom_interfaces/msg/detail/driver_velocity__functions.h
[0.635s] -- Up-to-date: /root/working/test_ws/yano_ws/install/custom_interfaces/include/custom_interfaces/custom_interfaces/msg/detail/driver_velocity__functions.c
[0.635s] -- Up-to-date: /root/working/test_ws/yano_ws/install/custom_interfaces/include/custom_interfaces/custom_interfaces/msg/detail/driver_velocity__struct.h
[0.636s] -- Up-to-date: /root/working/test_ws/yano_ws/install/custom_interfaces/include/custom_interfaces/custom_interfaces/msg/driver_velocity.h
[0.636s] -- Up-to-date: /root/working/test_ws/yano_ws/install/custom_interfaces/share/custom_interfaces/environment/library_path.sh
[0.636s] -- Up-to-date: /root/working/test_ws/yano_ws/install/custom_interfaces/share/custom_interfaces/environment/library_path.dsv
[0.636s] -- Up-to-date: /root/working/test_ws/yano_ws/install/custom_interfaces/lib/libcustom_interfaces__rosidl_generator_c.so
[0.636s] -- Up-to-date: /root/working/test_ws/yano_ws/install/custom_interfaces/include/custom_interfaces/custom_interfaces
[0.636s] -- Up-to-date: /root/working/test_ws/yano_ws/install/custom_interfaces/include/custom_interfaces/custom_interfaces/srv
[0.637s] -- Up-to-date: /root/working/test_ws/yano_ws/install/custom_interfaces/include/custom_interfaces/custom_interfaces/srv/detail
[0.637s] -- Up-to-date: /root/working/test_ws/yano_ws/install/custom_interfaces/include/custom_interfaces/custom_interfaces/srv/detail/set_mode__rosidl_typesupport_fastrtps_c.h
[0.637s] -- Up-to-date: /root/working/test_ws/yano_ws/install/custom_interfaces/include/custom_interfaces/custom_interfaces/msg
[0.637s] -- Up-to-date: /root/working/test_ws/yano_ws/install/custom_interfaces/include/custom_interfaces/custom_interfaces/msg/rosidl_typesupport_fastrtps_c__visibility_control.h
[0.637s] -- Up-to-date: /root/working/test_ws/yano_ws/install/custom_interfaces/include/custom_interfaces/custom_interfaces/msg/detail
[0.637s] -- Up-to-date: /root/working/test_ws/yano_ws/install/custom_interfaces/include/custom_interfaces/custom_interfaces/msg/detail/driver_velocity__rosidl_typesupport_fastrtps_c.h
[0.637s] -- Up-to-date: /root/working/test_ws/yano_ws/install/custom_interfaces/lib/libcustom_interfaces__rosidl_typesupport_fastrtps_c.so
[0.638s] -- Up-to-date: /root/working/test_ws/yano_ws/install/custom_interfaces/include/custom_interfaces/custom_interfaces
[0.638s] -- Up-to-date: /root/working/test_ws/yano_ws/install/custom_interfaces/include/custom_interfaces/custom_interfaces/srv
[0.638s] -- Up-to-date: /root/working/test_ws/yano_ws/install/custom_interfaces/include/custom_interfaces/custom_interfaces/srv/detail
[0.638s] -- Up-to-date: /root/working/test_ws/yano_ws/install/custom_interfaces/include/custom_interfaces/custom_interfaces/srv/detail/set_mode__type_support.c
[0.638s] -- Up-to-date: /root/working/test_ws/yano_ws/install/custom_interfaces/include/custom_interfaces/custom_interfaces/srv/detail/set_mode__rosidl_typesupport_introspection_c.h
[0.638s] -- Up-to-date: /root/working/test_ws/yano_ws/install/custom_interfaces/include/custom_interfaces/custom_interfaces/msg
[0.638s] -- Up-to-date: /root/working/test_ws/yano_ws/install/custom_interfaces/include/custom_interfaces/custom_interfaces/msg/detail
[0.638s] -- Up-to-date: /root/working/test_ws/yano_ws/install/custom_interfaces/include/custom_interfaces/custom_interfaces/msg/detail/driver_velocity__type_support.c
[0.639s] -- Up-to-date: /root/working/test_ws/yano_ws/install/custom_interfaces/include/custom_interfaces/custom_interfaces/msg/detail/driver_velocity__rosidl_typesupport_introspection_c.h
[0.639s] -- Up-to-date: /root/working/test_ws/yano_ws/install/custom_interfaces/include/custom_interfaces/custom_interfaces/msg/rosidl_typesupport_introspection_c__visibility_control.h
[0.639s] -- Up-to-date: /root/working/test_ws/yano_ws/install/custom_interfaces/lib/libcustom_interfaces__rosidl_typesupport_introspection_c.so
[0.639s] -- Up-to-date: /root/working/test_ws/yano_ws/install/custom_interfaces/lib/libcustom_interfaces__rosidl_typesupport_c.so
[0.639s] -- Up-to-date: /root/working/test_ws/yano_ws/install/custom_interfaces/include/custom_interfaces/custom_interfaces
[0.640s] -- Up-to-date: /root/working/test_ws/yano_ws/install/custom_interfaces/include/custom_interfaces/custom_interfaces/srv
[0.640s] -- Up-to-date: /root/working/test_ws/yano_ws/install/custom_interfaces/include/custom_interfaces/custom_interfaces/srv/detail
[0.640s] -- Up-to-date: /root/working/test_ws/yano_ws/install/custom_interfaces/include/custom_interfaces/custom_interfaces/srv/detail/set_mode__builder.hpp
[0.640s] -- Up-to-date: /root/working/test_ws/yano_ws/install/custom_interfaces/include/custom_interfaces/custom_interfaces/srv/detail/set_mode__traits.hpp
[0.640s] -- Up-to-date: /root/working/test_ws/yano_ws/install/custom_interfaces/include/custom_interfaces/custom_interfaces/srv/detail/set_mode__struct.hpp
[0.640s] -- Up-to-date: /root/working/test_ws/yano_ws/install/custom_interfaces/include/custom_interfaces/custom_interfaces/srv/detail/set_mode__type_support.hpp
[0.640s] -- Up-to-date: /root/working/test_ws/yano_ws/install/custom_interfaces/include/custom_interfaces/custom_interfaces/srv/set_mode.hpp
[0.640s] -- Up-to-date: /root/working/test_ws/yano_ws/install/custom_interfaces/include/custom_interfaces/custom_interfaces/msg
[0.641s] -- Up-to-date: /root/working/test_ws/yano_ws/install/custom_interfaces/include/custom_interfaces/custom_interfaces/msg/rosidl_generator_cpp__visibility_control.hpp
[0.641s] -- Up-to-date: /root/working/test_ws/yano_ws/install/custom_interfaces/include/custom_interfaces/custom_interfaces/msg/driver_velocity.hpp
[0.641s] -- Up-to-date: /root/working/test_ws/yano_ws/install/custom_interfaces/include/custom_interfaces/custom_interfaces/msg/detail
[0.641s] -- Up-to-date: /root/working/test_ws/yano_ws/install/custom_interfaces/include/custom_interfaces/custom_interfaces/msg/detail/driver_velocity__struct.hpp
[0.641s] -- Up-to-date: /root/working/test_ws/yano_ws/install/custom_interfaces/include/custom_interfaces/custom_interfaces/msg/detail/driver_velocity__type_support.hpp
[0.641s] -- Up-to-date: /root/working/test_ws/yano_ws/install/custom_interfaces/include/custom_interfaces/custom_interfaces/msg/detail/driver_velocity__builder.hpp
[0.641s] -- Up-to-date: /root/working/test_ws/yano_ws/install/custom_interfaces/include/custom_interfaces/custom_interfaces/msg/detail/driver_velocity__traits.hpp
[0.641s] -- Up-to-date: /root/working/test_ws/yano_ws/install/custom_interfaces/include/custom_interfaces/custom_interfaces
[0.642s] -- Up-to-date: /root/working/test_ws/yano_ws/install/custom_interfaces/include/custom_interfaces/custom_interfaces/srv
[0.642s] -- Up-to-date: /root/working/test_ws/yano_ws/install/custom_interfaces/include/custom_interfaces/custom_interfaces/srv/detail
[0.642s] -- Up-to-date: /root/working/test_ws/yano_ws/install/custom_interfaces/include/custom_interfaces/custom_interfaces/srv/detail/dds_fastrtps
[0.642s] -- Up-to-date: /root/working/test_ws/yano_ws/install/custom_interfaces/include/custom_interfaces/custom_interfaces/srv/detail/set_mode__rosidl_typesupport_fastrtps_cpp.hpp
[0.642s] -- Up-to-date: /root/working/test_ws/yano_ws/install/custom_interfaces/include/custom_interfaces/custom_interfaces/msg
[0.642s] -- Up-to-date: /root/working/test_ws/yano_ws/install/custom_interfaces/include/custom_interfaces/custom_interfaces/msg/detail
[0.642s] -- Up-to-date: /root/working/test_ws/yano_ws/install/custom_interfaces/include/custom_interfaces/custom_interfaces/msg/detail/driver_velocity__rosidl_typesupport_fastrtps_cpp.hpp
[0.642s] -- Up-to-date: /root/working/test_ws/yano_ws/install/custom_interfaces/include/custom_interfaces/custom_interfaces/msg/detail/dds_fastrtps
[0.642s] -- Up-to-date: /root/working/test_ws/yano_ws/install/custom_interfaces/include/custom_interfaces/custom_interfaces/msg/rosidl_typesupport_fastrtps_cpp__visibility_control.h
[0.643s] -- Up-to-date: /root/working/test_ws/yano_ws/install/custom_interfaces/lib/libcustom_interfaces__rosidl_typesupport_fastrtps_cpp.so
[0.643s] -- Up-to-date: /root/working/test_ws/yano_ws/install/custom_interfaces/include/custom_interfaces/custom_interfaces
[0.643s] -- Up-to-date: /root/working/test_ws/yano_ws/install/custom_interfaces/include/custom_interfaces/custom_interfaces/srv
[0.643s] -- Up-to-date: /root/working/test_ws/yano_ws/install/custom_interfaces/include/custom_interfaces/custom_interfaces/srv/detail
[0.643s] -- Up-to-date: /root/working/test_ws/yano_ws/install/custom_interfaces/include/custom_interfaces/custom_interfaces/srv/detail/set_mode__type_support.cpp
[0.643s] -- Up-to-date: /root/working/test_ws/yano_ws/install/custom_interfaces/include/custom_interfaces/custom_interfaces/srv/detail/set_mode__rosidl_typesupport_introspection_cpp.hpp
[0.643s] -- Up-to-date: /root/working/test_ws/yano_ws/install/custom_interfaces/include/custom_interfaces/custom_interfaces/msg
[0.643s] -- Up-to-date: /root/working/test_ws/yano_ws/install/custom_interfaces/include/custom_interfaces/custom_interfaces/msg/detail
[0.643s] -- Up-to-date: /root/working/test_ws/yano_ws/install/custom_interfaces/include/custom_interfaces/custom_interfaces/msg/detail/driver_velocity__rosidl_typesupport_introspection_cpp.hpp
[0.644s] -- Up-to-date: /root/working/test_ws/yano_ws/install/custom_interfaces/include/custom_interfaces/custom_interfaces/msg/detail/driver_velocity__type_support.cpp
[0.644s] -- Up-to-date: /root/working/test_ws/yano_ws/install/custom_interfaces/lib/libcustom_interfaces__rosidl_typesupport_introspection_cpp.so
[0.644s] -- Up-to-date: /root/working/test_ws/yano_ws/install/custom_interfaces/lib/libcustom_interfaces__rosidl_typesupport_cpp.so
[0.644s] -- Up-to-date: /root/working/test_ws/yano_ws/install/custom_interfaces/share/custom_interfaces/environment/pythonpath.sh
[0.644s] -- Up-to-date: /root/working/test_ws/yano_ws/install/custom_interfaces/share/custom_interfaces/environment/pythonpath.dsv
[0.644s] -- Up-to-date: /root/working/test_ws/yano_ws/install/custom_interfaces/local/lib/python3.10/dist-packages/custom_interfaces-0.0.0-py3.10.egg-info
[0.645s] -- Installing: /root/working/test_ws/yano_ws/install/custom_interfaces/local/lib/python3.10/dist-packages/custom_interfaces-0.0.0-py3.10.egg-info/SOURCES.txt
[0.645s] -- Installing: /root/working/test_ws/yano_ws/install/custom_interfaces/local/lib/python3.10/dist-packages/custom_interfaces-0.0.0-py3.10.egg-info/top_level.txt
[0.645s] -- Installing: /root/working/test_ws/yano_ws/install/custom_interfaces/local/lib/python3.10/dist-packages/custom_interfaces-0.0.0-py3.10.egg-info/PKG-INFO
[0.645s] -- Installing: /root/working/test_ws/yano_ws/install/custom_interfaces/local/lib/python3.10/dist-packages/custom_interfaces-0.0.0-py3.10.egg-info/dependency_links.txt
[0.645s] -- Up-to-date: /root/working/test_ws/yano_ws/install/custom_interfaces/local/lib/python3.10/dist-packages/custom_interfaces
[0.645s] -- Up-to-date: /root/working/test_ws/yano_ws/install/custom_interfaces/local/lib/python3.10/dist-packages/custom_interfaces/_custom_interfaces_s.ep.rosidl_typesupport_fastrtps_c.c
[0.645s] -- Up-to-date: /root/working/test_ws/yano_ws/install/custom_interfaces/local/lib/python3.10/dist-packages/custom_interfaces/custom_interfaces_s__rosidl_typesupport_introspection_c.cpython-310-x86_64-linux-gnu.so
[0.645s] -- Up-to-date: /root/working/test_ws/yano_ws/install/custom_interfaces/local/lib/python3.10/dist-packages/custom_interfaces/srv
[0.645s] -- Up-to-date: /root/working/test_ws/yano_ws/install/custom_interfaces/local/lib/python3.10/dist-packages/custom_interfaces/srv/_set_mode.py
[0.646s] -- Up-to-date: /root/working/test_ws/yano_ws/install/custom_interfaces/local/lib/python3.10/dist-packages/custom_interfaces/srv/__init__.py
[0.646s] -- Up-to-date: /root/working/test_ws/yano_ws/install/custom_interfaces/local/lib/python3.10/dist-packages/custom_interfaces/srv/_set_mode_s.c
[0.646s] -- Up-to-date: /root/working/test_ws/yano_ws/install/custom_interfaces/local/lib/python3.10/dist-packages/custom_interfaces/custom_interfaces_s__rosidl_typesupport_c.cpython-310-x86_64-linux-gnu.so
[0.646s] -- Up-to-date: /root/working/test_ws/yano_ws/install/custom_interfaces/local/lib/python3.10/dist-packages/custom_interfaces/custom_interfaces_s__rosidl_typesupport_fastrtps_c.cpython-310-x86_64-linux-gnu.so
[0.646s] -- Up-to-date: /root/working/test_ws/yano_ws/install/custom_interfaces/local/lib/python3.10/dist-packages/custom_interfaces/msg
[0.646s] -- Up-to-date: /root/working/test_ws/yano_ws/install/custom_interfaces/local/lib/python3.10/dist-packages/custom_interfaces/msg/_driver_velocity_s.c
[0.646s] -- Up-to-date: /root/working/test_ws/yano_ws/install/custom_interfaces/local/lib/python3.10/dist-packages/custom_interfaces/msg/_driver_velocity.py
[0.646s] -- Up-to-date: /root/working/test_ws/yano_ws/install/custom_interfaces/local/lib/python3.10/dist-packages/custom_interfaces/msg/__init__.py
[0.646s] -- Up-to-date: /root/working/test_ws/yano_ws/install/custom_interfaces/local/lib/python3.10/dist-packages/custom_interfaces/__init__.py
[0.647s] -- Up-to-date: /root/working/test_ws/yano_ws/install/custom_interfaces/local/lib/python3.10/dist-packages/custom_interfaces/_custom_interfaces_s.ep.rosidl_typesupport_introspection_c.c
[0.647s] -- Up-to-date: /root/working/test_ws/yano_ws/install/custom_interfaces/local/lib/python3.10/dist-packages/custom_interfaces/_custom_interfaces_s.ep.rosidl_typesupport_c.c
[0.647s] -- Up-to-date: /root/working/test_ws/yano_ws/install/custom_interfaces/local/lib/python3.10/dist-packages/custom_interfaces/libcustom_interfaces__rosidl_generator_py.so
[0.689s] Listing '/root/working/test_ws/yano_ws/install/custom_interfaces/local/lib/python3.10/dist-packages/custom_interfaces'...
[0.689s] Listing '/root/working/test_ws/yano_ws/install/custom_interfaces/local/lib/python3.10/dist-packages/custom_interfaces/msg'...
[0.689s] Listing '/root/working/test_ws/yano_ws/install/custom_interfaces/local/lib/python3.10/dist-packages/custom_interfaces/srv'...
[0.696s] -- Up-to-date: /root/working/test_ws/yano_ws/install/custom_interfaces/local/lib/python3.10/dist-packages/custom_interfaces/custom_interfaces_s__rosidl_typesupport_fastrtps_c.cpython-310-x86_64-linux-gnu.so
[0.697s] -- Up-to-date: /root/working/test_ws/yano_ws/install/custom_interfaces/local/lib/python3.10/dist-packages/custom_interfaces/custom_interfaces_s__rosidl_typesupport_introspection_c.cpython-310-x86_64-linux-gnu.so
[0.698s] -- Up-to-date: /root/working/test_ws/yano_ws/install/custom_interfaces/local/lib/python3.10/dist-packages/custom_interfaces/custom_interfaces_s__rosidl_typesupport_c.cpython-310-x86_64-linux-gnu.so
[0.698s] -- Up-to-date: /root/working/test_ws/yano_ws/install/custom_interfaces/lib/libcustom_interfaces__rosidl_generator_py.so
[0.699s] -- Up-to-date: /root/working/test_ws/yano_ws/install/custom_interfaces/share/custom_interfaces/msg/DriverVelocity.idl
[0.699s] -- Up-to-date: /root/working/test_ws/yano_ws/install/custom_interfaces/share/custom_interfaces/srv/SetMode.idl
[0.699s] -- Up-to-date: /root/working/test_ws/yano_ws/install/custom_interfaces/share/custom_interfaces/msg/DriverVelocity.msg
[0.699s] -- Up-to-date: /root/working/test_ws/yano_ws/install/custom_interfaces/share/custom_interfaces/srv/SetMode.srv
[0.700s] -- Up-to-date: /root/working/test_ws/yano_ws/install/custom_interfaces/share/custom_interfaces/srv/SetMode_Request.msg
[0.700s] -- Up-to-date: /root/working/test_ws/yano_ws/install/custom_interfaces/share/custom_interfaces/srv/SetMode_Response.msg
[0.700s] -- Up-to-date: /root/working/test_ws/yano_ws/install/custom_interfaces/share/custom_interfaces/msg
[0.700s] -- Up-to-date: /root/working/test_ws/yano_ws/install/custom_interfaces/share/custom_interfaces/msg/DriverVelocity.msg
[0.700s] -- Up-to-date: /root/working/test_ws/yano_ws/install/custom_interfaces/share/ament_index/resource_index/package_run_dependencies/custom_interfaces
[0.700s] -- Up-to-date: /root/working/test_ws/yano_ws/install/custom_interfaces/share/ament_index/resource_index/parent_prefix_path/custom_interfaces
[0.701s] -- Up-to-date: /root/working/test_ws/yano_ws/install/custom_interfaces/share/custom_interfaces/environment/ament_prefix_path.sh
[0.701s] -- Up-to-date: /root/working/test_ws/yano_ws/install/custom_interfaces/share/custom_interfaces/environment/ament_prefix_path.dsv
[0.701s] -- Up-to-date: /root/working/test_ws/yano_ws/install/custom_interfaces/share/custom_interfaces/environment/path.sh
[0.701s] -- Up-to-date: /root/working/test_ws/yano_ws/install/custom_interfaces/share/custom_interfaces/environment/path.dsv
[0.701s] -- Up-to-date: /root/working/test_ws/yano_ws/install/custom_interfaces/share/custom_interfaces/local_setup.bash
[0.702s] -- Up-to-date: /root/working/test_ws/yano_ws/install/custom_interfaces/share/custom_interfaces/local_setup.sh
[0.702s] -- Up-to-date: /root/working/test_ws/yano_ws/install/custom_interfaces/share/custom_interfaces/local_setup.zsh
[0.702s] -- Up-to-date: /root/working/test_ws/yano_ws/install/custom_interfaces/share/custom_interfaces/local_setup.dsv
[0.702s] -- Installing: /root/working/test_ws/yano_ws/install/custom_interfaces/share/custom_interfaces/package.dsv
[0.702s] -- Up-to-date: /root/working/test_ws/yano_ws/install/custom_interfaces/share/ament_index/resource_index/packages/custom_interfaces
[0.703s] -- Up-to-date: /root/working/test_ws/yano_ws/install/custom_interfaces/share/custom_interfaces/cmake/export_custom_interfaces__rosidl_generator_cExport.cmake
[0.703s] -- Up-to-date: /root/working/test_ws/yano_ws/install/custom_interfaces/share/custom_interfaces/cmake/export_custom_interfaces__rosidl_generator_cExport-noconfig.cmake
[0.703s] -- Up-to-date: /root/working/test_ws/yano_ws/install/custom_interfaces/share/custom_interfaces/cmake/export_custom_interfaces__rosidl_typesupport_fastrtps_cExport.cmake
[0.703s] -- Up-to-date: /root/working/test_ws/yano_ws/install/custom_interfaces/share/custom_interfaces/cmake/export_custom_interfaces__rosidl_typesupport_fastrtps_cExport-noconfig.cmake
[0.704s] -- Up-to-date: /root/working/test_ws/yano_ws/install/custom_interfaces/share/custom_interfaces/cmake/custom_interfaces__rosidl_typesupport_introspection_cExport.cmake
[0.704s] -- Up-to-date: /root/working/test_ws/yano_ws/install/custom_interfaces/share/custom_interfaces/cmake/custom_interfaces__rosidl_typesupport_introspection_cExport-noconfig.cmake
[0.704s] -- Up-to-date: /root/working/test_ws/yano_ws/install/custom_interfaces/share/custom_interfaces/cmake/custom_interfaces__rosidl_typesupport_cExport.cmake
[0.704s] -- Up-to-date: /root/working/test_ws/yano_ws/install/custom_interfaces/share/custom_interfaces/cmake/custom_interfaces__rosidl_typesupport_cExport-noconfig.cmake
[0.705s] -- Up-to-date: /root/working/test_ws/yano_ws/install/custom_interfaces/share/custom_interfaces/cmake/export_custom_interfaces__rosidl_generator_cppExport.cmake
[0.705s] -- Up-to-date: /root/working/test_ws/yano_ws/install/custom_interfaces/share/custom_interfaces/cmake/export_custom_interfaces__rosidl_typesupport_fastrtps_cppExport.cmake
[0.705s] -- Up-to-date: /root/working/test_ws/yano_ws/install/custom_interfaces/share/custom_interfaces/cmake/export_custom_interfaces__rosidl_typesupport_fastrtps_cppExport-noconfig.cmake
[0.705s] -- Up-to-date: /root/working/test_ws/yano_ws/install/custom_interfaces/share/custom_interfaces/cmake/custom_interfaces__rosidl_typesupport_introspection_cppExport.cmake
[0.705s] -- Up-to-date: /root/working/test_ws/yano_ws/install/custom_interfaces/share/custom_interfaces/cmake/custom_interfaces__rosidl_typesupport_introspection_cppExport-noconfig.cmake
[0.705s] -- Up-to-date: /root/working/test_ws/yano_ws/install/custom_interfaces/share/custom_interfaces/cmake/custom_interfaces__rosidl_typesupport_cppExport.cmake
[0.705s] -- Up-to-date: /root/working/test_ws/yano_ws/install/custom_interfaces/share/custom_interfaces/cmake/custom_interfaces__rosidl_typesupport_cppExport-noconfig.cmake
[0.706s] -- Up-to-date: /root/working/test_ws/yano_ws/install/custom_interfaces/share/custom_interfaces/cmake/export_custom_interfaces__rosidl_generator_pyExport.cmake
[0.706s] -- Up-to-date: /root/working/test_ws/yano_ws/install/custom_interfaces/share/custom_interfaces/cmake/export_custom_interfaces__rosidl_generator_pyExport-noconfig.cmake
[0.706s] -- Up-to-date: /root/working/test_ws/yano_ws/install/custom_interfaces/share/custom_interfaces/cmake/rosidl_cmake-extras.cmake
[0.706s] -- Up-to-date: /root/working/test_ws/yano_ws/install/custom_interfaces/share/custom_interfaces/cmake/ament_cmake_export_include_directories-extras.cmake
[0.706s] -- Up-to-date: /root/working/test_ws/yano_ws/install/custom_interfaces/share/custom_interfaces/cmake/ament_cmake_export_libraries-extras.cmake
[0.706s] -- Up-to-date: /root/working/test_ws/yano_ws/install/custom_interfaces/share/custom_interfaces/cmake/ament_cmake_export_targets-extras.cmake
[0.706s] -- Up-to-date: /root/working/test_ws/yano_ws/install/custom_interfaces/share/custom_interfaces/cmake/rosidl_cmake_export_typesupport_targets-extras.cmake
[0.706s] -- Up-to-date: /root/working/test_ws/yano_ws/install/custom_interfaces/share/custom_interfaces/cmake/ament_cmake_export_dependencies-extras.cmake
[0.706s] -- Up-to-date: /root/working/test_ws/yano_ws/install/custom_interfaces/share/custom_interfaces/cmake/rosidl_cmake_export_typesupport_libraries-extras.cmake
[0.706s] -- Up-to-date: /root/working/test_ws/yano_ws/install/custom_interfaces/share/custom_interfaces/cmake/custom_interfacesConfig.cmake
[0.707s] -- Up-to-date: /root/working/test_ws/yano_ws/install/custom_interfaces/share/custom_interfaces/cmake/custom_interfacesConfig-version.cmake
[0.707s] -- Up-to-date: /root/working/test_ws/yano_ws/install/custom_interfaces/share/custom_interfaces/package.xml
[0.709s] Invoked command in '/root/working/test_ws/yano_ws/build/custom_interfaces' returned '0': CMAKE_PREFIX_PATH=${CMAKE_PREFIX_PATH}:/opt/ros/humble /usr/bin/cmake --install /root/working/test_ws/yano_ws/build/custom_interfaces
