[01m[K/root/working/test_ws/yano_ws/src/flipper_driver/src/flipper_driver.cpp:39:5:[m[K [01;31m[Kerror: [m[K‘[01m[KDynamixelWorkbench::DynamixelWorkbench[m[K’ names the constructor, not the type
   39 |     [01;31m[KDynamixelWorkbench[m[K::DynamixelWorkbench dxl_wb_;
      |     [01;31m[K^~~~~~~~~~~~~~~~~~[m[K
[01m[K/root/working/test_ws/yano_ws/src/flipper_driver/src/flipper_driver.cpp:[m[K In member function ‘[01m[Kvoid FlipperDriver::initParams()[m[K’:
[01m[K/root/working/test_ws/yano_ws/src/flipper_driver/src/flipper_driver.cpp:54:74:[m[K [01;31m[Kerror: [m[Kno match for ‘[01m[Koperator=[m[K’ (operand types are ‘[01m[Kstd::vector<int>[m[K’ and ‘[01m[Kconst std::vector<long int, std::allocator<long int> >[m[K’)
   54 |         dynamixel_ids_ = get_parameter("dynamixel_ids").as_integer_array([01;31m[K)[m[K;
      |                                                                          [01;31m[K^[m[K
In file included from [01m[K/usr/include/c++/11/vector:72[m[K,
                 from [01m[K/usr/include/c++/11/functional:62[m[K,
                 from [01m[K/usr/include/c++/11/pstl/glue_algorithm_defs.h:13[m[K,
                 from [01m[K/usr/include/c++/11/algorithm:74[m[K,
                 from [01m[K/opt/ros/humble/include/rclcpp/rclcpp/executor.hpp:18[m[K,
                 from [01m[K/opt/ros/humble/include/rclcpp/rclcpp/executors/multi_threaded_executor.hpp:25[m[K,
                 from [01m[K/opt/ros/humble/include/rclcpp/rclcpp/executors.hpp:21[m[K,
                 from [01m[K/opt/ros/humble/include/rclcpp/rclcpp/rclcpp.hpp:155[m[K,
                 from [01m[K/root/working/test_ws/yano_ws/src/flipper_driver/src/flipper_driver.cpp:1[m[K:
[01m[K/usr/include/c++/11/bits/vector.tcc:198:5:[m[K [01;36m[Knote: [m[Kcandidate: ‘[01m[Kstd::vector<_Tp, _Alloc>& std::vector<_Tp, _Alloc>::operator=(const std::vector<_Tp, _Alloc>&) [with _Tp = int; _Alloc = std::allocator<int>][m[K’
  198 |     [01;36m[Kvector<_Tp, _Alloc>[m[K::
      |     [01;36m[K^~~~~~~~~~~~~~~~~~~[m[K
[01m[K/usr/include/c++/11/bits/vector.tcc:199:42:[m[K [01;36m[Knote: [m[K  no known conversion for argument 1 from ‘[01m[Kconst std::vector<long int, std::allocator<long int> >[m[K’ to ‘[01m[Kconst std::vector<int>&[m[K’
  199 |     operator=([01;36m[Kconst vector<_Tp, _Alloc>& __x[m[K)
      |               [01;36m[K~~~~~~~~~~~~~~~~~~~~~~~~~~~^~~[m[K
In file included from [01m[K/usr/include/c++/11/vector:67[m[K,
                 from [01m[K/usr/include/c++/11/functional:62[m[K,
                 from [01m[K/usr/include/c++/11/pstl/glue_algorithm_defs.h:13[m[K,
                 from [01m[K/usr/include/c++/11/algorithm:74[m[K,
                 from [01m[K/opt/ros/humble/include/rclcpp/rclcpp/executor.hpp:18[m[K,
                 from [01m[K/opt/ros/humble/include/rclcpp/rclcpp/executors/multi_threaded_executor.hpp:25[m[K,
                 from [01m[K/opt/ros/humble/include/rclcpp/rclcpp/executors.hpp:21[m[K,
                 from [01m[K/opt/ros/humble/include/rclcpp/rclcpp/rclcpp.hpp:155[m[K,
                 from [01m[K/root/working/test_ws/yano_ws/src/flipper_driver/src/flipper_driver.cpp:1[m[K:
[01m[K/usr/include/c++/11/bits/stl_vector.h:709:7:[m[K [01;36m[Knote: [m[Kcandidate: ‘[01m[Kstd::vector<_Tp, _Alloc>& std::vector<_Tp, _Alloc>::operator=(std::vector<_Tp, _Alloc>&&) [with _Tp = int; _Alloc = std::allocator<int>][m[K’
  709 |       [01;36m[Koperator[m[K=(vector&& __x) noexcept(_Alloc_traits::_S_nothrow_move())
      |       [01;36m[K^~~~~~~~[m[K
[01m[K/usr/include/c++/11/bits/stl_vector.h:709:26:[m[K [01;36m[Knote: [m[K  no known conversion for argument 1 from ‘[01m[Kconst std::vector<long int, std::allocator<long int> >[m[K’ to ‘[01m[Kstd::vector<int>&&[m[K’
  709 |       operator=([01;36m[Kvector&& __x[m[K) noexcept(_Alloc_traits::_S_nothrow_move())
      |                 [01;36m[K~~~~~~~~~^~~[m[K
[01m[K/usr/include/c++/11/bits/stl_vector.h:730:7:[m[K [01;36m[Knote: [m[Kcandidate: ‘[01m[Kstd::vector<_Tp, _Alloc>& std::vector<_Tp, _Alloc>::operator=(std::initializer_list<_Tp>) [with _Tp = int; _Alloc = std::allocator<int>][m[K’
  730 |       [01;36m[Koperator[m[K=(initializer_list<value_type> __l)
      |       [01;36m[K^~~~~~~~[m[K
[01m[K/usr/include/c++/11/bits/stl_vector.h:730:46:[m[K [01;36m[Knote: [m[K  no known conversion for argument 1 from ‘[01m[Kconst std::vector<long int, std::allocator<long int> >[m[K’ to ‘[01m[Kstd::initializer_list<int>[m[K’
  730 |       operator=([01;36m[Kinitializer_list<value_type> __l[m[K)
      |                 [01;36m[K~~~~~~~~~~~~~~~~~~~~~~~~~~~~~^~~[m[K
[01m[K/root/working/test_ws/yano_ws/src/flipper_driver/src/flipper_driver.cpp:[m[K In member function ‘[01m[Kbool FlipperDriver::initDynamixel()[m[K’:
[01m[K/root/working/test_ws/yano_ws/src/flipper_driver/src/flipper_driver.cpp:59:14:[m[K [01;31m[Kerror: [m[K‘[01m[Kdxl_wb_[m[K’ was not declared in this scope
   59 |         if (![01;31m[Kdxl_wb_[m[K.init(port_name_.c_str(), baud_rate_)) {
      |              [01;31m[K^~~~~~~[m[K
[01m[K/root/working/test_ws/yano_ws/src/flipper_driver/src/flipper_driver.cpp:65:18:[m[K [01;31m[Kerror: [m[K‘[01m[Kdxl_wb_[m[K’ was not declared in this scope
   65 |             if (![01;31m[Kdxl_wb_[m[K.ping(id)) {
      |                  [01;31m[K^~~~~~~[m[K
[01m[K/root/working/test_ws/yano_ws/src/flipper_driver/src/flipper_driver.cpp:70:13:[m[K [01;31m[Kerror: [m[K‘[01m[Kdxl_wb_[m[K’ was not declared in this scope
   70 |             [01;31m[Kdxl_wb_[m[K.wheelMode(id, 0);  // Set to wheel mode
      |             [01;31m[K^~~~~~~[m[K
[01m[K/root/working/test_ws/yano_ws/src/flipper_driver/src/flipper_driver.cpp:[m[K In member function ‘[01m[Kvoid FlipperDriver::driver_callback(const DriverVelocity&)[m[K’:
[01m[K/root/working/test_ws/yano_ws/src/flipper_driver/src/flipper_driver.cpp:92:18:[m[K [01;31m[Kerror: [m[K‘[01m[Kdxl_wb_[m[K’ was not declared in this scope
   92 |             if (![01;31m[Kdxl_wb_[m[K.goalVelocity(dynamixel_ids_[i], velocities[i])) {
      |                  [01;31m[K^~~~~~~[m[K
[01m[K/root/working/test_ws/yano_ws/src/flipper_driver/src/flipper_driver.cpp:[m[K In member function ‘[01m[Kvoid FlipperDriver::stopMotors()[m[K’:
[01m[K/root/working/test_ws/yano_ws/src/flipper_driver/src/flipper_driver.cpp:113:13:[m[K [01;31m[Kerror: [m[K‘[01m[Kdxl_wb_[m[K’ was not declared in this scope
  113 |             [01;31m[Kdxl_wb_[m[K.goalVelocity(id, 0);
      |             [01;31m[K^~~~~~~[m[K
gmake[2]: *** [CMakeFiles/flipper_driver_node.dir/build.make:76: CMakeFiles/flipper_driver_node.dir/src/flipper_driver.cpp.o] Error 1
gmake[1]: *** [CMakeFiles/Makefile2:137: CMakeFiles/flipper_driver_node.dir/all] Error 2
gmake: *** [Makefile:146: all] Error 2
