[0.025s] Invoking command in '/root/working/rodep_ros2/yano_ws/build/driver': CMAKE_PREFIX_PATH=/opt/ros/humble /usr/bin/cmake --build /root/working/rodep_ros2/yano_ws/build/driver -- -j4 -l4
[0.082s] [35m[1mConsolidate compiler generated dependencies of target driver_node[0m
[0.123s] [ 50%] [32mBuilding CXX object CMakeFiles/driver_node.dir/src/driver.cpp.o[0m
[11.592s] [100%] [32m[1mLinking CXX executable driver_node[0m
[12.153s] [100%] Built target driver_node
[12.167s] Invoked command in '/root/working/rodep_ros2/yano_ws/build/driver' returned '0': CMAKE_PREFIX_PATH=/opt/ros/humble /usr/bin/cmake --build /root/working/rodep_ros2/yano_ws/build/driver -- -j4 -l4
[12.169s] Invoking command in '/root/working/rodep_ros2/yano_ws/build/driver': CMAKE_PREFIX_PATH=/opt/ros/humble /usr/bin/cmake --install /root/working/rodep_ros2/yano_ws/build/driver
[12.178s] -- Install configuration: ""
[12.178s] -- Installing: /root/working/rodep_ros2/yano_ws/install/driver/lib/driver/driver_node
[12.183s] -- Set runtime path of "/root/working/rodep_ros2/yano_ws/install/driver/lib/driver/driver_node" to ""
[12.183s] -- Installing: /root/working/rodep_ros2/yano_ws/install/driver/share/ament_index/resource_index/package_run_dependencies/driver
[12.184s] -- Up-to-date: /root/working/rodep_ros2/yano_ws/install/driver/share/ament_index/resource_index/parent_prefix_path/driver
[12.184s] -- Up-to-date: /root/working/rodep_ros2/yano_ws/install/driver/share/driver/environment/ament_prefix_path.sh
[12.184s] -- Installing: /root/working/rodep_ros2/yano_ws/install/driver/share/driver/environment/ament_prefix_path.dsv
[12.184s] -- Up-to-date: /root/working/rodep_ros2/yano_ws/install/driver/share/driver/environment/path.sh
[12.184s] -- Installing: /root/working/rodep_ros2/yano_ws/install/driver/share/driver/environment/path.dsv
[12.184s] -- Up-to-date: /root/working/rodep_ros2/yano_ws/install/driver/share/driver/local_setup.bash
[12.184s] -- Up-to-date: /root/working/rodep_ros2/yano_ws/install/driver/share/driver/local_setup.sh
[12.185s] -- Up-to-date: /root/working/rodep_ros2/yano_ws/install/driver/share/driver/local_setup.zsh
[12.185s] -- Installing: /root/working/rodep_ros2/yano_ws/install/driver/share/driver/local_setup.dsv
[12.185s] -- Installing: /root/working/rodep_ros2/yano_ws/install/driver/share/driver/package.dsv
[12.185s] -- Up-to-date: /root/working/rodep_ros2/yano_ws/install/driver/share/ament_index/resource_index/packages/driver
[12.185s] -- Up-to-date: /root/working/rodep_ros2/yano_ws/install/driver/share/driver/cmake/driverConfig.cmake
[12.185s] -- Up-to-date: /root/working/rodep_ros2/yano_ws/install/driver/share/driver/cmake/driverConfig-version.cmake
[12.185s] -- Installing: /root/working/rodep_ros2/yano_ws/install/driver/share/driver/package.xml
[12.188s] Invoked command in '/root/working/rodep_ros2/yano_ws/build/driver' returned '0': CMAKE_PREFIX_PATH=/opt/ros/humble /usr/bin/cmake --install /root/working/rodep_ros2/yano_ws/build/driver
