[0.076s] Invoking command in '/root/working/test_ws/yano_ws/build/driver': CMAKE_PREFIX_PATH=/root/working/test_ws/yano_ws/install/custom_interfaces:/root/working/test_ws/yano_ws/install/usb_camera:/root/working/test_ws/yano_ws/install/operator:/root/working/test_ws/yano_ws/install/flipper:/root/working/test_ws/yano_ws/install/dynamixel_workbench:/root/working/test_ws/yano_ws/install/dynamixel_workbench_toolbox:/root/working/test_ws/yano_ws/install/dynamixel_workbench_msgs:/root/working/test_ws/yano_ws/install/dynamixel_sdk_examples:/root/working/test_ws/yano_ws/install/dynamixel_sdk_custom_interfaces:/root/working/test_ws/yano_ws/install/dynamixel_sdk:/root/working/test_ws/yano_ws/install/driver:/opt/ros/humble LD_LIBRARY_PATH=/root/working/test_ws/yano_ws/install/custom_interfaces/lib:/root/working/test_ws/yano_ws/install/dynamixel_workbench_toolbox/lib:/root/working/test_ws/yano_ws/install/dynamixel_workbench_msgs/lib:/root/working/test_ws/yano_ws/install/dynamixel_sdk_custom_interfaces/lib:/root/working/test_ws/yano_ws/install/dynamixel_sdk/lib:/opt/ros/humble/opt/rviz_ogre_vendor/lib:/opt/ros/humble/lib/x86_64-linux-gnu:/opt/ros/humble/lib /usr/bin/cmake --build /root/working/test_ws/yano_ws/build/driver -- -j4 -l4
[0.147s] [35m[1mConsolidate compiler generated dependencies of target driver_node[0m
[0.195s] [100%] Built target driver_node
[0.211s] Invoked command in '/root/working/test_ws/yano_ws/build/driver' returned '0': CMAKE_PREFIX_PATH=/root/working/test_ws/yano_ws/install/custom_interfaces:/root/working/test_ws/yano_ws/install/usb_camera:/root/working/test_ws/yano_ws/install/operator:/root/working/test_ws/yano_ws/install/flipper:/root/working/test_ws/yano_ws/install/dynamixel_workbench:/root/working/test_ws/yano_ws/install/dynamixel_workbench_toolbox:/root/working/test_ws/yano_ws/install/dynamixel_workbench_msgs:/root/working/test_ws/yano_ws/install/dynamixel_sdk_examples:/root/working/test_ws/yano_ws/install/dynamixel_sdk_custom_interfaces:/root/working/test_ws/yano_ws/install/dynamixel_sdk:/root/working/test_ws/yano_ws/install/driver:/opt/ros/humble LD_LIBRARY_PATH=/root/working/test_ws/yano_ws/install/custom_interfaces/lib:/root/working/test_ws/yano_ws/install/dynamixel_workbench_toolbox/lib:/root/working/test_ws/yano_ws/install/dynamixel_workbench_msgs/lib:/root/working/test_ws/yano_ws/install/dynamixel_sdk_custom_interfaces/lib:/root/working/test_ws/yano_ws/install/dynamixel_sdk/lib:/opt/ros/humble/opt/rviz_ogre_vendor/lib:/opt/ros/humble/lib/x86_64-linux-gnu:/opt/ros/humble/lib /usr/bin/cmake --build /root/working/test_ws/yano_ws/build/driver -- -j4 -l4
[0.213s] Invoking command in '/root/working/test_ws/yano_ws/build/driver': CMAKE_PREFIX_PATH=/root/working/test_ws/yano_ws/install/custom_interfaces:/root/working/test_ws/yano_ws/install/usb_camera:/root/working/test_ws/yano_ws/install/operator:/root/working/test_ws/yano_ws/install/flipper:/root/working/test_ws/yano_ws/install/dynamixel_workbench:/root/working/test_ws/yano_ws/install/dynamixel_workbench_toolbox:/root/working/test_ws/yano_ws/install/dynamixel_workbench_msgs:/root/working/test_ws/yano_ws/install/dynamixel_sdk_examples:/root/working/test_ws/yano_ws/install/dynamixel_sdk_custom_interfaces:/root/working/test_ws/yano_ws/install/dynamixel_sdk:/root/working/test_ws/yano_ws/install/driver:/opt/ros/humble LD_LIBRARY_PATH=/root/working/test_ws/yano_ws/install/custom_interfaces/lib:/root/working/test_ws/yano_ws/install/dynamixel_workbench_toolbox/lib:/root/working/test_ws/yano_ws/install/dynamixel_workbench_msgs/lib:/root/working/test_ws/yano_ws/install/dynamixel_sdk_custom_interfaces/lib:/root/working/test_ws/yano_ws/install/dynamixel_sdk/lib:/opt/ros/humble/opt/rviz_ogre_vendor/lib:/opt/ros/humble/lib/x86_64-linux-gnu:/opt/ros/humble/lib /usr/bin/cmake --install /root/working/test_ws/yano_ws/build/driver
[0.223s] -- Install configuration: ""
[0.223s] -- Up-to-date: /root/working/test_ws/yano_ws/install/driver/lib/driver/driver_node
[0.224s] -- Up-to-date: /root/working/test_ws/yano_ws/install/driver/share/ament_index/resource_index/package_run_dependencies/driver
[0.224s] -- Up-to-date: /root/working/test_ws/yano_ws/install/driver/share/ament_index/resource_index/parent_prefix_path/driver
[0.225s] -- Up-to-date: /root/working/test_ws/yano_ws/install/driver/share/driver/environment/ament_prefix_path.sh
[0.225s] -- Up-to-date: /root/working/test_ws/yano_ws/install/driver/share/driver/environment/ament_prefix_path.dsv
[0.225s] -- Up-to-date: /root/working/test_ws/yano_ws/install/driver/share/driver/environment/path.sh
[0.225s] -- Up-to-date: /root/working/test_ws/yano_ws/install/driver/share/driver/environment/path.dsv
[0.226s] -- Up-to-date: /root/working/test_ws/yano_ws/install/driver/share/driver/local_setup.bash
[0.226s] -- Up-to-date: /root/working/test_ws/yano_ws/install/driver/share/driver/local_setup.sh
[0.226s] -- Up-to-date: /root/working/test_ws/yano_ws/install/driver/share/driver/local_setup.zsh
[0.226s] -- Up-to-date: /root/working/test_ws/yano_ws/install/driver/share/driver/local_setup.dsv
[0.226s] -- Installing: /root/working/test_ws/yano_ws/install/driver/share/driver/package.dsv
[0.226s] -- Up-to-date: /root/working/test_ws/yano_ws/install/driver/share/ament_index/resource_index/packages/driver
[0.226s] -- Up-to-date: /root/working/test_ws/yano_ws/install/driver/share/driver/cmake/driverConfig.cmake
[0.227s] -- Up-to-date: /root/working/test_ws/yano_ws/install/driver/share/driver/cmake/driverConfig-version.cmake
[0.227s] -- Up-to-date: /root/working/test_ws/yano_ws/install/driver/share/driver/package.xml
[0.229s] Invoked command in '/root/working/test_ws/yano_ws/build/driver' returned '0': CMAKE_PREFIX_PATH=/root/working/test_ws/yano_ws/install/custom_interfaces:/root/working/test_ws/yano_ws/install/usb_camera:/root/working/test_ws/yano_ws/install/operator:/root/working/test_ws/yano_ws/install/flipper:/root/working/test_ws/yano_ws/install/dynamixel_workbench:/root/working/test_ws/yano_ws/install/dynamixel_workbench_toolbox:/root/working/test_ws/yano_ws/install/dynamixel_workbench_msgs:/root/working/test_ws/yano_ws/install/dynamixel_sdk_examples:/root/working/test_ws/yano_ws/install/dynamixel_sdk_custom_interfaces:/root/working/test_ws/yano_ws/install/dynamixel_sdk:/root/working/test_ws/yano_ws/install/driver:/opt/ros/humble LD_LIBRARY_PATH=/root/working/test_ws/yano_ws/install/custom_interfaces/lib:/root/working/test_ws/yano_ws/install/dynamixel_workbench_toolbox/lib:/root/working/test_ws/yano_ws/install/dynamixel_workbench_msgs/lib:/root/working/test_ws/yano_ws/install/dynamixel_sdk_custom_interfaces/lib:/root/working/test_ws/yano_ws/install/dynamixel_sdk/lib:/opt/ros/humble/opt/rviz_ogre_vendor/lib:/opt/ros/humble/lib/x86_64-linux-gnu:/opt/ros/humble/lib /usr/bin/cmake --install /root/working/test_ws/yano_ws/build/driver
