[0.095s] Invoking command in '/root/working/test_ws/yano_ws/build/operator': AMENT_PREFIX_PATH=/root/working/test_ws/yano_ws/install/custom_interfaces CMAKE_PREFIX_PATH=/root/working/test_ws/yano_ws/install/custom_interfaces LD_LIBRARY_PATH=/root/working/test_ws/yano_ws/install/custom_interfaces/lib PYTHONPATH=/root/working/test_ws/yano_ws/install/custom_interfaces/local/lib/python3.10/dist-packages /usr/bin/cmake --build /root/working/test_ws/yano_ws/build/operator -- -j4 -l4
[0.203s] [100%] Built target operator_node
[0.271s] Invoked command in '/root/working/test_ws/yano_ws/build/operator' returned '0': AMENT_PREFIX_PATH=/root/working/test_ws/yano_ws/install/custom_interfaces CMAKE_PREFIX_PATH=/root/working/test_ws/yano_ws/install/custom_interfaces LD_LIBRARY_PATH=/root/working/test_ws/yano_ws/install/custom_interfaces/lib PYTHONPATH=/root/working/test_ws/yano_ws/install/custom_interfaces/local/lib/python3.10/dist-packages /usr/bin/cmake --build /root/working/test_ws/yano_ws/build/operator -- -j4 -l4
[0.274s] Invoking command in '/root/working/test_ws/yano_ws/build/operator': AMENT_PREFIX_PATH=/root/working/test_ws/yano_ws/install/custom_interfaces CMAKE_PREFIX_PATH=/root/working/test_ws/yano_ws/install/custom_interfaces LD_LIBRARY_PATH=/root/working/test_ws/yano_ws/install/custom_interfaces/lib PYTHONPATH=/root/working/test_ws/yano_ws/install/custom_interfaces/local/lib/python3.10/dist-packages /usr/bin/cmake --install /root/working/test_ws/yano_ws/build/operator
[0.286s] -- Install configuration: ""
[0.287s] -- Up-to-date: /root/working/test_ws/yano_ws/install/operator/lib/operator/operator_node
[0.287s] -- Up-to-date: /root/working/test_ws/yano_ws/install/operator/share/ament_index/resource_index/package_run_dependencies/operator
[0.288s] -- Up-to-date: /root/working/test_ws/yano_ws/install/operator/share/ament_index/resource_index/parent_prefix_path/operator
[0.288s] -- Up-to-date: /root/working/test_ws/yano_ws/install/operator/share/operator/environment/ament_prefix_path.sh
[0.288s] -- Up-to-date: /root/working/test_ws/yano_ws/install/operator/share/operator/environment/ament_prefix_path.dsv
[0.288s] -- Up-to-date: /root/working/test_ws/yano_ws/install/operator/share/operator/environment/path.sh
[0.289s] -- Up-to-date: /root/working/test_ws/yano_ws/install/operator/share/operator/environment/path.dsv
[0.289s] -- Up-to-date: /root/working/test_ws/yano_ws/install/operator/share/operator/local_setup.bash
[0.289s] -- Up-to-date: /root/working/test_ws/yano_ws/install/operator/share/operator/local_setup.sh
[0.289s] -- Up-to-date: /root/working/test_ws/yano_ws/install/operator/share/operator/local_setup.zsh
[0.289s] -- Up-to-date: /root/working/test_ws/yano_ws/install/operator/share/operator/local_setup.dsv
[0.289s] -- Installing: /root/working/test_ws/yano_ws/install/operator/share/operator/package.dsv
[0.290s] -- Up-to-date: /root/working/test_ws/yano_ws/install/operator/share/ament_index/resource_index/packages/operator
[0.290s] -- Up-to-date: /root/working/test_ws/yano_ws/install/operator/share/operator/cmake/operatorConfig.cmake
[0.290s] -- Up-to-date: /root/working/test_ws/yano_ws/install/operator/share/operator/cmake/operatorConfig-version.cmake
[0.290s] -- Up-to-date: /root/working/test_ws/yano_ws/install/operator/share/operator/package.xml
[0.293s] Invoked command in '/root/working/test_ws/yano_ws/build/operator' returned '0': AMENT_PREFIX_PATH=/root/working/test_ws/yano_ws/install/custom_interfaces CMAKE_PREFIX_PATH=/root/working/test_ws/yano_ws/install/custom_interfaces LD_LIBRARY_PATH=/root/working/test_ws/yano_ws/install/custom_interfaces/lib PYTHONPATH=/root/working/test_ws/yano_ws/install/custom_interfaces/local/lib/python3.10/dist-packages /usr/bin/cmake --install /root/working/test_ws/yano_ws/build/operator
