[0.008s] Invoking command in '/home/rodep/rodep/test_ws/yano_ws/build/flipper_driver': AMENT_PREFIX_PATH=/home/rodep/rodep/test_ws/yano_ws/install/custom_interfaces:${AMENT_PREFIX_PATH} CMAKE_PREFIX_PATH=/home/rodep/rodep/test_ws/yano_ws/install/custom_interfaces:/opt/ros/jazzy/opt/gz_math_vendor:/opt/ros/jazzy/opt/gz_utils_vendor:/opt/ros/jazzy/opt/gz_cmake_vendor:/opt/ros/jazzy DEBUGINFOD_URLS=https://debuginfod.ubuntu.com LD_LIBRARY_PATH=/home/rodep/rodep/test_ws/yano_ws/install/custom_interfaces/lib:${LD_LIBRARY_PATH} PYTHONPATH=/home/rodep/rodep/test_ws/yano_ws/install/custom_interfaces/lib/python3.12/site-packages:${PYTHONPATH} /usr/bin/cmake /home/rodep/rodep/test_ws/yano_ws/src/flipper_driver -DCMAKE_INSTALL_PREFIX=/home/rodep/rodep/test_ws/yano_ws/install/flipper_driver
[0.053s] -- The C compiler identification is GNU 13.3.0
[0.104s] -- The CXX compiler identification is GNU 13.3.0
[0.118s] -- Detecting C compiler ABI info
[0.193s] -- Detecting C compiler ABI info - done
[0.209s] -- Check for working C compiler: /usr/bin/cc - skipped
[0.209s] -- Detecting C compile features
[0.210s] -- Detecting C compile features - done
[0.218s] -- Detecting CXX compiler ABI info
[0.302s] -- Detecting CXX compiler ABI info - done
[0.312s] -- Check for working CXX compiler: /usr/bin/c++ - skipped
[0.312s] -- Detecting CXX compile features
[0.312s] -- Detecting CXX compile features - done
[0.314s] -- Found ament_cmake: 2.5.3 (/opt/ros/jazzy/share/ament_cmake/cmake)
[0.454s] -- Found Python3: /usr/bin/python3 (found version "3.12.3") found components: Interpreter 
[0.557s] -- Found rclcpp: 28.1.6 (/opt/ros/jazzy/share/rclcpp/cmake)
[0.591s] -- Found rosidl_generator_c: 4.6.5 (/opt/ros/jazzy/share/rosidl_generator_c/cmake)
[0.603s] -- Found rosidl_generator_cpp: 4.6.5 (/opt/ros/jazzy/share/rosidl_generator_cpp/cmake)
[0.617s] -- Using all available rosidl_typesupport_c: rosidl_typesupport_fastrtps_c;rosidl_typesupport_introspection_c
[0.634s] -- Using all available rosidl_typesupport_cpp: rosidl_typesupport_fastrtps_cpp;rosidl_typesupport_introspection_cpp
[0.708s] -- Found rmw_implementation_cmake: 7.3.1 (/opt/ros/jazzy/share/rmw_implementation_cmake/cmake)
[0.710s] -- Found rmw_fastrtps_cpp: 8.4.1 (/opt/ros/jazzy/share/rmw_fastrtps_cpp/cmake)
[0.778s] -- Found OpenSSL: /usr/lib/x86_64-linux-gnu/libcrypto.so (found version "3.0.13")  
[0.797s] -- Found FastRTPS: /opt/ros/jazzy/include (Required is at least version "2.13") 
[0.820s] -- Using RMW implementation 'rmw_fastrtps_cpp' as default
[0.894s] -- Found std_msgs: 5.3.5 (/opt/ros/jazzy/share/std_msgs/cmake)
[0.909s] -- Found custom_interfaces: 0.0.0 (/home/rodep/rodep/test_ws/yano_ws/install/custom_interfaces/share/custom_interfaces/cmake)
[0.930s] -- Found dynamixel_workbench_toolbox: 2.2.3 (/opt/ros/jazzy/share/dynamixel_workbench_toolbox/cmake)
[0.938s] -- Found ament_lint_auto: 0.17.1 (/opt/ros/jazzy/share/ament_lint_auto/cmake)
[1.042s] -- Added test 'cppcheck' to perform static code analysis on C / C++ code
[1.042s] -- Configured cppcheck include dirs: /home/rodep/rodep/test_ws/yano_ws/src/flipper_driver/include
[1.042s] -- Configured cppcheck exclude dirs and/or files: 
[1.043s] -- Added test 'lint_cmake' to check CMake code style
[1.044s] -- Added test 'uncrustify' to check C / C++ code style
[1.044s] -- Configured uncrustify additional arguments: 
[1.044s] -- Added test 'xmllint' to check XML markup files
[1.046s] -- Configuring done (1.0s)
[1.062s] -- Generating done (0.0s)
[1.066s] -- Build files have been written to: /home/rodep/rodep/test_ws/yano_ws/build/flipper_driver
[1.076s] Invoked command in '/home/rodep/rodep/test_ws/yano_ws/build/flipper_driver' returned '0': AMENT_PREFIX_PATH=/home/rodep/rodep/test_ws/yano_ws/install/custom_interfaces:${AMENT_PREFIX_PATH} CMAKE_PREFIX_PATH=/home/rodep/rodep/test_ws/yano_ws/install/custom_interfaces:/opt/ros/jazzy/opt/gz_math_vendor:/opt/ros/jazzy/opt/gz_utils_vendor:/opt/ros/jazzy/opt/gz_cmake_vendor:/opt/ros/jazzy DEBUGINFOD_URLS=https://debuginfod.ubuntu.com LD_LIBRARY_PATH=/home/rodep/rodep/test_ws/yano_ws/install/custom_interfaces/lib:${LD_LIBRARY_PATH} PYTHONPATH=/home/rodep/rodep/test_ws/yano_ws/install/custom_interfaces/lib/python3.12/site-packages:${PYTHONPATH} /usr/bin/cmake /home/rodep/rodep/test_ws/yano_ws/src/flipper_driver -DCMAKE_INSTALL_PREFIX=/home/rodep/rodep/test_ws/yano_ws/install/flipper_driver
[1.078s] Invoking command in '/home/rodep/rodep/test_ws/yano_ws/build/flipper_driver': AMENT_PREFIX_PATH=/home/rodep/rodep/test_ws/yano_ws/install/custom_interfaces:${AMENT_PREFIX_PATH} CMAKE_PREFIX_PATH=/home/rodep/rodep/test_ws/yano_ws/install/custom_interfaces:/opt/ros/jazzy/opt/gz_math_vendor:/opt/ros/jazzy/opt/gz_utils_vendor:/opt/ros/jazzy/opt/gz_cmake_vendor:/opt/ros/jazzy DEBUGINFOD_URLS=https://debuginfod.ubuntu.com LD_LIBRARY_PATH=/home/rodep/rodep/test_ws/yano_ws/install/custom_interfaces/lib:${LD_LIBRARY_PATH} PYTHONPATH=/home/rodep/rodep/test_ws/yano_ws/install/custom_interfaces/lib/python3.12/site-packages:${PYTHONPATH} /usr/bin/cmake --build /home/rodep/rodep/test_ws/yano_ws/build/flipper_driver -- -j8 -l8
[1.118s] [ 50%] [32mBuilding CXX object CMakeFiles/flipper_driver_node.dir/src/flipper_driver.cpp.o[0m
[10.174s] [100%] [32m[1mLinking CXX executable flipper_driver_node[0m
[10.478s] [100%] Built target flipper_driver_node
[10.487s] Invoked command in '/home/rodep/rodep/test_ws/yano_ws/build/flipper_driver' returned '0': AMENT_PREFIX_PATH=/home/rodep/rodep/test_ws/yano_ws/install/custom_interfaces:${AMENT_PREFIX_PATH} CMAKE_PREFIX_PATH=/home/rodep/rodep/test_ws/yano_ws/install/custom_interfaces:/opt/ros/jazzy/opt/gz_math_vendor:/opt/ros/jazzy/opt/gz_utils_vendor:/opt/ros/jazzy/opt/gz_cmake_vendor:/opt/ros/jazzy DEBUGINFOD_URLS=https://debuginfod.ubuntu.com LD_LIBRARY_PATH=/home/rodep/rodep/test_ws/yano_ws/install/custom_interfaces/lib:${LD_LIBRARY_PATH} PYTHONPATH=/home/rodep/rodep/test_ws/yano_ws/install/custom_interfaces/lib/python3.12/site-packages:${PYTHONPATH} /usr/bin/cmake --build /home/rodep/rodep/test_ws/yano_ws/build/flipper_driver -- -j8 -l8
[10.488s] Invoking command in '/home/rodep/rodep/test_ws/yano_ws/build/flipper_driver': AMENT_PREFIX_PATH=/home/rodep/rodep/test_ws/yano_ws/install/custom_interfaces:${AMENT_PREFIX_PATH} CMAKE_PREFIX_PATH=/home/rodep/rodep/test_ws/yano_ws/install/custom_interfaces:/opt/ros/jazzy/opt/gz_math_vendor:/opt/ros/jazzy/opt/gz_utils_vendor:/opt/ros/jazzy/opt/gz_cmake_vendor:/opt/ros/jazzy DEBUGINFOD_URLS=https://debuginfod.ubuntu.com LD_LIBRARY_PATH=/home/rodep/rodep/test_ws/yano_ws/install/custom_interfaces/lib:${LD_LIBRARY_PATH} PYTHONPATH=/home/rodep/rodep/test_ws/yano_ws/install/custom_interfaces/lib/python3.12/site-packages:${PYTHONPATH} /usr/bin/cmake --install /home/rodep/rodep/test_ws/yano_ws/build/flipper_driver
[10.494s] -- Install configuration: ""
[10.494s] -- Installing: /home/rodep/rodep/test_ws/yano_ws/install/flipper_driver/lib/flipper_driver/flipper_driver_node
[10.498s] -- Set non-toolchain portion of runtime path of "/home/rodep/rodep/test_ws/yano_ws/install/flipper_driver/lib/flipper_driver/flipper_driver_node" to ""
[10.498s] -- Installing: /home/rodep/rodep/test_ws/yano_ws/install/flipper_driver/share/ament_index/resource_index/package_run_dependencies/flipper_driver
[10.498s] -- Installing: /home/rodep/rodep/test_ws/yano_ws/install/flipper_driver/share/ament_index/resource_index/parent_prefix_path/flipper_driver
[10.498s] -- Installing: /home/rodep/rodep/test_ws/yano_ws/install/flipper_driver/share/flipper_driver/environment/ament_prefix_path.sh
[10.499s] -- Installing: /home/rodep/rodep/test_ws/yano_ws/install/flipper_driver/share/flipper_driver/environment/ament_prefix_path.dsv
[10.499s] -- Installing: /home/rodep/rodep/test_ws/yano_ws/install/flipper_driver/share/flipper_driver/environment/path.sh
[10.499s] -- Installing: /home/rodep/rodep/test_ws/yano_ws/install/flipper_driver/share/flipper_driver/environment/path.dsv
[10.499s] -- Installing: /home/rodep/rodep/test_ws/yano_ws/install/flipper_driver/share/flipper_driver/local_setup.bash
[10.499s] -- Installing: /home/rodep/rodep/test_ws/yano_ws/install/flipper_driver/share/flipper_driver/local_setup.sh
[10.499s] -- Installing: /home/rodep/rodep/test_ws/yano_ws/install/flipper_driver/share/flipper_driver/local_setup.zsh
[10.499s] -- Installing: /home/rodep/rodep/test_ws/yano_ws/install/flipper_driver/share/flipper_driver/local_setup.dsv
[10.499s] -- Installing: /home/rodep/rodep/test_ws/yano_ws/install/flipper_driver/share/flipper_driver/package.dsv
[10.499s] -- Installing: /home/rodep/rodep/test_ws/yano_ws/install/flipper_driver/share/ament_index/resource_index/packages/flipper_driver
[10.499s] -- Installing: /home/rodep/rodep/test_ws/yano_ws/install/flipper_driver/share/flipper_driver/cmake/flipper_driverConfig.cmake
[10.499s] -- Installing: /home/rodep/rodep/test_ws/yano_ws/install/flipper_driver/share/flipper_driver/cmake/flipper_driverConfig-version.cmake
[10.500s] -- Installing: /home/rodep/rodep/test_ws/yano_ws/install/flipper_driver/share/flipper_driver/package.xml
[10.501s] Invoked command in '/home/rodep/rodep/test_ws/yano_ws/build/flipper_driver' returned '0': AMENT_PREFIX_PATH=/home/rodep/rodep/test_ws/yano_ws/install/custom_interfaces:${AMENT_PREFIX_PATH} CMAKE_PREFIX_PATH=/home/rodep/rodep/test_ws/yano_ws/install/custom_interfaces:/opt/ros/jazzy/opt/gz_math_vendor:/opt/ros/jazzy/opt/gz_utils_vendor:/opt/ros/jazzy/opt/gz_cmake_vendor:/opt/ros/jazzy DEBUGINFOD_URLS=https://debuginfod.ubuntu.com LD_LIBRARY_PATH=/home/rodep/rodep/test_ws/yano_ws/install/custom_interfaces/lib:${LD_LIBRARY_PATH} PYTHONPATH=/home/rodep/rodep/test_ws/yano_ws/install/custom_interfaces/lib/python3.12/site-packages:${PYTHONPATH} /usr/bin/cmake --install /home/rodep/rodep/test_ws/yano_ws/build/flipper_driver
