[0.043s] Invoking command in '/root/working/test_ws/yano_ws/build/dynamixel_sdk_examples': CMAKE_PREFIX_PATH=/root/working/test_ws/yano_ws/install/dynamixel_sdk_custom_interfaces:/root/working/test_ws/yano_ws/install/dynamixel_sdk:/root/working/test_ws/yano_ws/install/usb_camera:/root/working/test_ws/yano_ws/install/operator:/root/working/test_ws/yano_ws/install/dynamixel_workbench:/root/working/test_ws/yano_ws/install/dynamixel_workbench_toolbox:/root/working/test_ws/yano_ws/install/dynamixel_workbench_msgs:/root/working/test_ws/yano_ws/install/dynamixel_sdk_examples:/root/working/test_ws/yano_ws/install/driver:/root/working/test_ws/yano_ws/install/custom_interfaces:/root/working/test_ws/yano_ws/install:/opt/ros/humble LD_LIBRARY_PATH=/root/working/test_ws/yano_ws/install/dynamixel_sdk_custom_interfaces/lib:/root/working/test_ws/yano_ws/install/dynamixel_sdk/lib:/root/working/test_ws/yano_ws/install/dynamixel_workbench_toolbox/lib:/root/working/test_ws/yano_ws/install/dynamixel_workbench_msgs/lib:/root/working/test_ws/yano_ws/install/custom_interfaces/lib:/opt/ros/humble/opt/rviz_ogre_vendor/lib:/opt/ros/humble/lib/x86_64-linux-gnu:/opt/ros/humble/lib /usr/bin/cmake /root/working/test_ws/yano_ws/src/DynamixelSDK/ros/dynamixel_sdk_examples -DCMAKE_INSTALL_PREFIX=/root/working/test_ws/yano_ws/install/dynamixel_sdk_examples
[0.230s] -- The C compiler identification is GNU 11.4.0
[0.420s] -- The CXX compiler identification is GNU 11.4.0
[0.443s] -- Detecting C compiler ABI info
[0.721s] -- Detecting C compiler ABI info - done
[0.739s] -- Check for working C compiler: /usr/bin/cc - skipped
[0.740s] -- Detecting C compile features
[0.742s] -- Detecting C compile features - done
[0.748s] -- Detecting CXX compiler ABI info
[0.925s] -- Detecting CXX compiler ABI info - done
[0.948s] -- Check for working CXX compiler: /usr/bin/c++ - skipped
[0.950s] -- Detecting CXX compile features
[0.951s] -- Detecting CXX compile features - done
[0.961s] -- Found ament_cmake: 1.3.11 (/opt/ros/humble/share/ament_cmake/cmake)
[1.345s] -- Found Python3: /usr/bin/python3 (found version "3.10.12") found components: Interpreter 
[1.602s] -- Found dynamixel_sdk: 3.8.1 (/root/working/test_ws/yano_ws/install/dynamixel_sdk/share/dynamixel_sdk/cmake)
[1.606s] -- Found dynamixel_sdk_custom_interfaces: 3.8.1 (/root/working/test_ws/yano_ws/install/dynamixel_sdk_custom_interfaces/share/dynamixel_sdk_custom_interfaces/cmake)
[1.749s] -- Found rosidl_generator_c: 3.1.6 (/opt/ros/humble/share/rosidl_generator_c/cmake)
[1.772s] -- Found rosidl_adapter: 3.1.6 (/opt/ros/humble/share/rosidl_adapter/cmake)
[1.807s] -- Found rosidl_generator_cpp: 3.1.6 (/opt/ros/humble/share/rosidl_generator_cpp/cmake)
[1.853s] -- Using all available rosidl_typesupport_c: rosidl_typesupport_fastrtps_c;rosidl_typesupport_introspection_c
[1.906s] -- Using all available rosidl_typesupport_cpp: rosidl_typesupport_fastrtps_cpp;rosidl_typesupport_introspection_cpp
[2.001s] -- Found rclcpp: 16.0.11 (/opt/ros/humble/share/rclcpp/cmake)
[2.147s] -- Found rmw_implementation_cmake: 6.1.2 (/opt/ros/humble/share/rmw_implementation_cmake/cmake)
[2.158s] -- Found rmw_fastrtps_cpp: 6.2.7 (/opt/ros/humble/share/rmw_fastrtps_cpp/cmake)
[2.593s] -- Found OpenSSL: /usr/lib/x86_64-linux-gnu/libcrypto.so (found version "3.0.2")  
[2.686s] -- Found FastRTPS: /opt/ros/humble/include  
[2.832s] -- Using RMW implementation 'rmw_fastrtps_cpp' as default
[2.864s] -- Looking for pthread.h
[3.020s] -- Looking for pthread.h - found
[3.022s] -- Performing Test CMAKE_HAVE_LIBC_PTHREAD
[3.260s] -- Performing Test CMAKE_HAVE_LIBC_PTHREAD - Success
[3.262s] -- Found Threads: TRUE  
[3.498s] -- Found ament_lint_auto: 0.12.11 (/opt/ros/humble/share/ament_lint_auto/cmake)
[3.967s] -- Added test 'copyright' to check source files copyright and LICENSE
[3.983s] -- Added test 'cppcheck' to perform static code analysis on C / C++ code
[3.983s] -- Configured cppcheck include dirs: /root/working/test_ws/yano_ws/src/DynamixelSDK/ros/dynamixel_sdk_examples/include
[3.984s] -- Configured cppcheck exclude dirs and/or files: 
[3.987s] -- Added test 'cpplint' to check C / C++ code against the Google style
[3.988s] -- Configured cpplint exclude dirs and/or files: 
[3.989s] -- Added test 'lint_cmake' to check CMake code style
[3.996s] -- Added test 'uncrustify' to check C / C++ code style
[3.996s] -- Configured uncrustify additional arguments: 
[4.001s] -- Added test 'xmllint' to check XML markup files
[4.008s] -- Configuring done
[4.058s] -- Generating done
[4.074s] -- Build files have been written to: /root/working/test_ws/yano_ws/build/dynamixel_sdk_examples
[4.110s] Invoked command in '/root/working/test_ws/yano_ws/build/dynamixel_sdk_examples' returned '0': CMAKE_PREFIX_PATH=/root/working/test_ws/yano_ws/install/dynamixel_sdk_custom_interfaces:/root/working/test_ws/yano_ws/install/dynamixel_sdk:/root/working/test_ws/yano_ws/install/usb_camera:/root/working/test_ws/yano_ws/install/operator:/root/working/test_ws/yano_ws/install/dynamixel_workbench:/root/working/test_ws/yano_ws/install/dynamixel_workbench_toolbox:/root/working/test_ws/yano_ws/install/dynamixel_workbench_msgs:/root/working/test_ws/yano_ws/install/dynamixel_sdk_examples:/root/working/test_ws/yano_ws/install/driver:/root/working/test_ws/yano_ws/install/custom_interfaces:/root/working/test_ws/yano_ws/install:/opt/ros/humble LD_LIBRARY_PATH=/root/working/test_ws/yano_ws/install/dynamixel_sdk_custom_interfaces/lib:/root/working/test_ws/yano_ws/install/dynamixel_sdk/lib:/root/working/test_ws/yano_ws/install/dynamixel_workbench_toolbox/lib:/root/working/test_ws/yano_ws/install/dynamixel_workbench_msgs/lib:/root/working/test_ws/yano_ws/install/custom_interfaces/lib:/opt/ros/humble/opt/rviz_ogre_vendor/lib:/opt/ros/humble/lib/x86_64-linux-gnu:/opt/ros/humble/lib /usr/bin/cmake /root/working/test_ws/yano_ws/src/DynamixelSDK/ros/dynamixel_sdk_examples -DCMAKE_INSTALL_PREFIX=/root/working/test_ws/yano_ws/install/dynamixel_sdk_examples
[4.111s] Invoking command in '/root/working/test_ws/yano_ws/build/dynamixel_sdk_examples': CMAKE_PREFIX_PATH=/root/working/test_ws/yano_ws/install/dynamixel_sdk_custom_interfaces:/root/working/test_ws/yano_ws/install/dynamixel_sdk:/root/working/test_ws/yano_ws/install/usb_camera:/root/working/test_ws/yano_ws/install/operator:/root/working/test_ws/yano_ws/install/dynamixel_workbench:/root/working/test_ws/yano_ws/install/dynamixel_workbench_toolbox:/root/working/test_ws/yano_ws/install/dynamixel_workbench_msgs:/root/working/test_ws/yano_ws/install/dynamixel_sdk_examples:/root/working/test_ws/yano_ws/install/driver:/root/working/test_ws/yano_ws/install/custom_interfaces:/root/working/test_ws/yano_ws/install:/opt/ros/humble LD_LIBRARY_PATH=/root/working/test_ws/yano_ws/install/dynamixel_sdk_custom_interfaces/lib:/root/working/test_ws/yano_ws/install/dynamixel_sdk/lib:/root/working/test_ws/yano_ws/install/dynamixel_workbench_toolbox/lib:/root/working/test_ws/yano_ws/install/dynamixel_workbench_msgs/lib:/root/working/test_ws/yano_ws/install/custom_interfaces/lib:/opt/ros/humble/opt/rviz_ogre_vendor/lib:/opt/ros/humble/lib/x86_64-linux-gnu:/opt/ros/humble/lib /usr/bin/cmake --build /root/working/test_ws/yano_ws/build/dynamixel_sdk_examples -- -j4 -l4
[4.270s] [ 50%] [32mBuilding CXX object CMakeFiles/read_write_node.dir/src/read_write_node.cpp.o[0m
[23.114s] [100%] [32m[1mLinking CXX executable read_write_node[0m
[23.982s] [100%] Built target read_write_node
