[ 50%] [32mBuilding CXX object CMakeFiles/usb_camera.dir/src/usb_camera.cpp.o[0m
[100%] [32m[1mLinking CXX executable usb_camera[0m
[100%] Built target usb_camera
-- Install configuration: ""
-- Installing: /home/rodep/rodep/test_ws/yano_ws/install/usb_camera/lib/usb_camera/usb_camera
-- Set non-toolchain portion of runtime path of "/home/rodep/rodep/test_ws/yano_ws/install/usb_camera/lib/usb_camera/usb_camera" to ""
-- Installing: /home/rodep/rodep/test_ws/yano_ws/install/usb_camera/share/ament_index/resource_index/package_run_dependencies/usb_camera
-- Installing: /home/rodep/rodep/test_ws/yano_ws/install/usb_camera/share/ament_index/resource_index/parent_prefix_path/usb_camera
-- Installing: /home/rodep/rodep/test_ws/yano_ws/install/usb_camera/share/usb_camera/environment/ament_prefix_path.sh
-- Installing: /home/rodep/rodep/test_ws/yano_ws/install/usb_camera/share/usb_camera/environment/ament_prefix_path.dsv
-- Installing: /home/rodep/rodep/test_ws/yano_ws/install/usb_camera/share/usb_camera/environment/path.sh
-- Installing: /home/rodep/rodep/test_ws/yano_ws/install/usb_camera/share/usb_camera/environment/path.dsv
-- Installing: /home/rodep/rodep/test_ws/yano_ws/install/usb_camera/share/usb_camera/local_setup.bash
-- Installing: /home/rodep/rodep/test_ws/yano_ws/install/usb_camera/share/usb_camera/local_setup.sh
-- Installing: /home/rodep/rodep/test_ws/yano_ws/install/usb_camera/share/usb_camera/local_setup.zsh
-- Installing: /home/rodep/rodep/test_ws/yano_ws/install/usb_camera/share/usb_camera/local_setup.dsv
-- Up-to-date: /home/rodep/rodep/test_ws/yano_ws/install/usb_camera/share/usb_camera/package.dsv
-- Installing: /home/rodep/rodep/test_ws/yano_ws/install/usb_camera/share/ament_index/resource_index/packages/usb_camera
-- Installing: /home/rodep/rodep/test_ws/yano_ws/install/usb_camera/share/usb_camera/cmake/usb_cameraConfig.cmake
-- Installing: /home/rodep/rodep/test_ws/yano_ws/install/usb_camera/share/usb_camera/cmake/usb_cameraConfig-version.cmake
-- Installing: /home/rodep/rodep/test_ws/yano_ws/install/usb_camera/share/usb_camera/package.xml
