[0.011s] Invoking command in '/home/rodep/rodep/test_ws/yano_ws/build/usb_camera': CMAKE_PREFIX_PATH=${CMAKE_PREFIX_PATH}:/opt/ros/jazzy DEBUGINFOD_URLS=https://debuginfod.ubuntu.com /usr/bin/cmake --build /home/rodep/rodep/test_ws/yano_ws/build/usb_camera -- -j8 -l8
[0.049s] [ 50%] [32mBuilding CXX object CMakeFiles/usb_camera.dir/src/usb_camera.cpp.o[0m
[7.005s] [100%] [32m[1mLinking CXX executable usb_camera[0m
[7.539s] [100%] Built target usb_camera
[7.549s] Invoked command in '/home/rodep/rodep/test_ws/yano_ws/build/usb_camera' returned '0': CMAKE_PREFIX_PATH=${CMAKE_PREFIX_PATH}:/opt/ros/jazzy DEBUGINFOD_URLS=https://debuginfod.ubuntu.com /usr/bin/cmake --build /home/rodep/rodep/test_ws/yano_ws/build/usb_camera -- -j8 -l8
[7.550s] Invoking command in '/home/rodep/rodep/test_ws/yano_ws/build/usb_camera': CMAKE_PREFIX_PATH=${CMAKE_PREFIX_PATH}:/opt/ros/jazzy DEBUGINFOD_URLS=https://debuginfod.ubuntu.com /usr/bin/cmake --install /home/rodep/rodep/test_ws/yano_ws/build/usb_camera
[7.557s] -- Install configuration: ""
[7.557s] -- Installing: /home/rodep/rodep/test_ws/yano_ws/install/usb_camera/lib/usb_camera/usb_camera
[7.558s] -- Set non-toolchain portion of runtime path of "/home/rodep/rodep/test_ws/yano_ws/install/usb_camera/lib/usb_camera/usb_camera" to ""
[7.558s] -- Installing: /home/rodep/rodep/test_ws/yano_ws/install/usb_camera/share/ament_index/resource_index/package_run_dependencies/usb_camera
[7.558s] -- Installing: /home/rodep/rodep/test_ws/yano_ws/install/usb_camera/share/ament_index/resource_index/parent_prefix_path/usb_camera
[7.559s] -- Installing: /home/rodep/rodep/test_ws/yano_ws/install/usb_camera/share/usb_camera/environment/ament_prefix_path.sh
[7.559s] -- Installing: /home/rodep/rodep/test_ws/yano_ws/install/usb_camera/share/usb_camera/environment/ament_prefix_path.dsv
[7.559s] -- Installing: /home/rodep/rodep/test_ws/yano_ws/install/usb_camera/share/usb_camera/environment/path.sh
[7.559s] -- Installing: /home/rodep/rodep/test_ws/yano_ws/install/usb_camera/share/usb_camera/environment/path.dsv
[7.559s] -- Installing: /home/rodep/rodep/test_ws/yano_ws/install/usb_camera/share/usb_camera/local_setup.bash
[7.559s] -- Installing: /home/rodep/rodep/test_ws/yano_ws/install/usb_camera/share/usb_camera/local_setup.sh
[7.560s] -- Installing: /home/rodep/rodep/test_ws/yano_ws/install/usb_camera/share/usb_camera/local_setup.zsh
[7.560s] -- Installing: /home/rodep/rodep/test_ws/yano_ws/install/usb_camera/share/usb_camera/local_setup.dsv
[7.560s] -- Up-to-date: /home/rodep/rodep/test_ws/yano_ws/install/usb_camera/share/usb_camera/package.dsv
[7.560s] -- Installing: /home/rodep/rodep/test_ws/yano_ws/install/usb_camera/share/ament_index/resource_index/packages/usb_camera
[7.560s] -- Installing: /home/rodep/rodep/test_ws/yano_ws/install/usb_camera/share/usb_camera/cmake/usb_cameraConfig.cmake
[7.560s] -- Installing: /home/rodep/rodep/test_ws/yano_ws/install/usb_camera/share/usb_camera/cmake/usb_cameraConfig-version.cmake
[7.560s] -- Installing: /home/rodep/rodep/test_ws/yano_ws/install/usb_camera/share/usb_camera/package.xml
[7.562s] Invoked command in '/home/rodep/rodep/test_ws/yano_ws/build/usb_camera' returned '0': CMAKE_PREFIX_PATH=${CMAKE_PREFIX_PATH}:/opt/ros/jazzy DEBUGINFOD_URLS=https://debuginfod.ubuntu.com /usr/bin/cmake --install /home/rodep/rodep/test_ws/yano_ws/build/usb_camera
