[0.179s] DEBUG:colcon:Command line arguments: ['/usr/bin/colcon', 'build']
[0.180s] DEBUG:colcon:Parsed command line arguments: Namespace(log_base=None, log_level=None, verb_name='build', build_base='build', install_base='install', merge_install=False, symlink_install=False, test_result_base=None, continue_on_error=False, executor='parallel', parallel_workers=4, event_handlers=None, ignore_user_meta=False, metas=['./colcon.meta'], base_paths=['.'], packages_ignore=None, packages_ignore_regex=None, paths=None, packages_up_to=None, packages_up_to_regex=None, packages_above=None, packages_above_and_dependencies=None, packages_above_depth=None, packages_select_by_dep=None, packages_skip_by_dep=None, packages_skip_up_to=None, packages_select_build_failed=False, packages_skip_build_finished=False, packages_select_test_failures=False, packages_skip_test_passed=False, packages_select=None, packages_skip=None, packages_select_regex=None, packages_skip_regex=None, packages_start=None, packages_end=None, cmake_args=None, cmake_target=None, cmake_target_skip_unavailable=False, cmake_clean_cache=False, cmake_clean_first=False, cmake_force_configure=False, ament_cmake_args=None, catkin_cmake_args=None, catkin_skip_building_tests=False, mixin_files=None, mixin=None, verb_parser=<colcon_mixin.mixin.mixin_argument.MixinArgumentDecorator object at 0x7fd5942aef80>, verb_extension=<colcon_core.verb.build.BuildVerb object at 0x7fd59438bf40>, main=<bound method BuildVerb.main of <colcon_core.verb.build.BuildVerb object at 0x7fd59438bf40>>, mixin_verb=('build',))
[0.400s] Level 1:colcon.colcon_core.package_discovery:discover_packages(colcon_meta) check parameters
[0.401s] INFO:colcon.colcon_metadata.package_discovery.colcon_meta:Using configuration from '/root/.colcon/metadata/default/Gazebo.meta'
[0.402s] INFO:colcon.colcon_metadata.package_discovery.colcon_meta:Using configuration from '/root/.colcon/metadata/default/fastrtps.meta'
[0.402s] Level 1:colcon.colcon_core.package_discovery:discover_packages(recursive) check parameters
[0.402s] Level 1:colcon.colcon_core.package_discovery:discover_packages(ignore) check parameters
[0.402s] Level 1:colcon.colcon_core.package_discovery:discover_packages(path) check parameters
[0.402s] Level 1:colcon.colcon_core.package_discovery:discover_packages(colcon_meta) discover
[0.402s] Level 1:colcon.colcon_core.package_discovery:discover_packages(recursive) discover
[0.402s] INFO:colcon.colcon_core.package_discovery:Crawling recursively for packages in '/root/working/test_ws/yano_ws'
[0.402s] Level 1:colcon.colcon_core.package_identification:_identify(.) by extensions ['ignore', 'ignore_ament_install']
[0.402s] Level 1:colcon.colcon_core.package_identification:_identify(.) by extension 'ignore'
[0.402s] Level 1:colcon.colcon_core.package_identification:_identify(.) by extension 'ignore_ament_install'
[0.402s] Level 1:colcon.colcon_core.package_identification:_identify(.) by extensions ['colcon_pkg']
[0.403s] Level 1:colcon.colcon_core.package_identification:_identify(.) by extension 'colcon_pkg'
[0.403s] Level 1:colcon.colcon_core.package_identification:_identify(.) by extensions ['colcon_meta']
[0.403s] Level 1:colcon.colcon_core.package_identification:_identify(.) by extension 'colcon_meta'
[0.403s] Level 1:colcon.colcon_core.package_identification:_identify(.) by extensions ['ros']
[0.403s] Level 1:colcon.colcon_core.package_identification:_identify(.) by extension 'ros'
[0.419s] Level 1:colcon.colcon_core.package_identification:_identify(.) by extensions ['cmake', 'python']
[0.419s] Level 1:colcon.colcon_core.package_identification:_identify(.) by extension 'cmake'
[0.419s] Level 1:colcon.colcon_core.package_identification:_identify(.) by extension 'python'
[0.420s] Level 1:colcon.colcon_core.package_identification:_identify(.) by extensions ['python_setup_py']
[0.420s] Level 1:colcon.colcon_core.package_identification:_identify(.) by extension 'python_setup_py'
[0.420s] Level 1:colcon.colcon_core.package_identification:_identify(build) by extensions ['ignore', 'ignore_ament_install']
[0.420s] Level 1:colcon.colcon_core.package_identification:_identify(build) by extension 'ignore'
[0.420s] Level 1:colcon.colcon_core.package_identification:_identify(build) ignored
[0.420s] Level 1:colcon.colcon_core.package_identification:_identify(install) by extensions ['ignore', 'ignore_ament_install']
[0.420s] Level 1:colcon.colcon_core.package_identification:_identify(install) by extension 'ignore'
[0.420s] Level 1:colcon.colcon_core.package_identification:_identify(install) ignored
[0.421s] Level 1:colcon.colcon_core.package_identification:_identify(launch) by extensions ['ignore', 'ignore_ament_install']
[0.421s] Level 1:colcon.colcon_core.package_identification:_identify(launch) by extension 'ignore'
[0.421s] Level 1:colcon.colcon_core.package_identification:_identify(launch) by extension 'ignore_ament_install'
[0.421s] Level 1:colcon.colcon_core.package_identification:_identify(launch) by extensions ['colcon_pkg']
[0.421s] Level 1:colcon.colcon_core.package_identification:_identify(launch) by extension 'colcon_pkg'
[0.421s] Level 1:colcon.colcon_core.package_identification:_identify(launch) by extensions ['colcon_meta']
[0.421s] Level 1:colcon.colcon_core.package_identification:_identify(launch) by extension 'colcon_meta'
[0.421s] Level 1:colcon.colcon_core.package_identification:_identify(launch) by extensions ['ros']
[0.421s] Level 1:colcon.colcon_core.package_identification:_identify(launch) by extension 'ros'
[0.421s] Level 1:colcon.colcon_core.package_identification:_identify(launch) by extensions ['cmake', 'python']
[0.421s] Level 1:colcon.colcon_core.package_identification:_identify(launch) by extension 'cmake'
[0.421s] Level 1:colcon.colcon_core.package_identification:_identify(launch) by extension 'python'
[0.421s] Level 1:colcon.colcon_core.package_identification:_identify(launch) by extensions ['python_setup_py']
[0.421s] Level 1:colcon.colcon_core.package_identification:_identify(launch) by extension 'python_setup_py'
[0.422s] Level 1:colcon.colcon_core.package_identification:_identify(launch/__pycache__) by extensions ['ignore', 'ignore_ament_install']
[0.422s] Level 1:colcon.colcon_core.package_identification:_identify(launch/__pycache__) by extension 'ignore'
[0.422s] Level 1:colcon.colcon_core.package_identification:_identify(launch/__pycache__) by extension 'ignore_ament_install'
[0.422s] Level 1:colcon.colcon_core.package_identification:_identify(launch/__pycache__) by extensions ['colcon_pkg']
[0.422s] Level 1:colcon.colcon_core.package_identification:_identify(launch/__pycache__) by extension 'colcon_pkg'
[0.422s] Level 1:colcon.colcon_core.package_identification:_identify(launch/__pycache__) by extensions ['colcon_meta']
[0.422s] Level 1:colcon.colcon_core.package_identification:_identify(launch/__pycache__) by extension 'colcon_meta'
[0.422s] Level 1:colcon.colcon_core.package_identification:_identify(launch/__pycache__) by extensions ['ros']
[0.422s] Level 1:colcon.colcon_core.package_identification:_identify(launch/__pycache__) by extension 'ros'
[0.422s] Level 1:colcon.colcon_core.package_identification:_identify(launch/__pycache__) by extensions ['cmake', 'python']
[0.422s] Level 1:colcon.colcon_core.package_identification:_identify(launch/__pycache__) by extension 'cmake'
[0.422s] Level 1:colcon.colcon_core.package_identification:_identify(launch/__pycache__) by extension 'python'
[0.423s] Level 1:colcon.colcon_core.package_identification:_identify(launch/__pycache__) by extensions ['python_setup_py']
[0.423s] Level 1:colcon.colcon_core.package_identification:_identify(launch/__pycache__) by extension 'python_setup_py'
[0.423s] Level 1:colcon.colcon_core.package_identification:_identify(log) by extensions ['ignore', 'ignore_ament_install']
[0.423s] Level 1:colcon.colcon_core.package_identification:_identify(log) by extension 'ignore'
[0.423s] Level 1:colcon.colcon_core.package_identification:_identify(log) ignored
[0.423s] Level 1:colcon.colcon_core.package_identification:_identify(src) by extensions ['ignore', 'ignore_ament_install']
[0.423s] Level 1:colcon.colcon_core.package_identification:_identify(src) by extension 'ignore'
[0.423s] Level 1:colcon.colcon_core.package_identification:_identify(src) by extension 'ignore_ament_install'
[0.423s] Level 1:colcon.colcon_core.package_identification:_identify(src) by extensions ['colcon_pkg']
[0.423s] Level 1:colcon.colcon_core.package_identification:_identify(src) by extension 'colcon_pkg'
[0.423s] Level 1:colcon.colcon_core.package_identification:_identify(src) by extensions ['colcon_meta']
[0.423s] Level 1:colcon.colcon_core.package_identification:_identify(src) by extension 'colcon_meta'
[0.424s] Level 1:colcon.colcon_core.package_identification:_identify(src) by extensions ['ros']
[0.424s] Level 1:colcon.colcon_core.package_identification:_identify(src) by extension 'ros'
[0.424s] Level 1:colcon.colcon_core.package_identification:_identify(src) by extensions ['cmake', 'python']
[0.424s] Level 1:colcon.colcon_core.package_identification:_identify(src) by extension 'cmake'
[0.424s] Level 1:colcon.colcon_core.package_identification:_identify(src) by extension 'python'
[0.424s] Level 1:colcon.colcon_core.package_identification:_identify(src) by extensions ['python_setup_py']
[0.424s] Level 1:colcon.colcon_core.package_identification:_identify(src) by extension 'python_setup_py'
[0.424s] Level 1:colcon.colcon_core.package_identification:_identify(src/DynamixelSDK) by extensions ['ignore', 'ignore_ament_install']
[0.424s] Level 1:colcon.colcon_core.package_identification:_identify(src/DynamixelSDK) by extension 'ignore'
[0.424s] Level 1:colcon.colcon_core.package_identification:_identify(src/DynamixelSDK) by extension 'ignore_ament_install'
[0.424s] Level 1:colcon.colcon_core.package_identification:_identify(src/DynamixelSDK) by extensions ['colcon_pkg']
[0.424s] Level 1:colcon.colcon_core.package_identification:_identify(src/DynamixelSDK) by extension 'colcon_pkg'
[0.424s] Level 1:colcon.colcon_core.package_identification:_identify(src/DynamixelSDK) by extensions ['colcon_meta']
[0.424s] Level 1:colcon.colcon_core.package_identification:_identify(src/DynamixelSDK) by extension 'colcon_meta'
[0.425s] Level 1:colcon.colcon_core.package_identification:_identify(src/DynamixelSDK) by extensions ['ros']
[0.425s] Level 1:colcon.colcon_core.package_identification:_identify(src/DynamixelSDK) by extension 'ros'
[0.425s] Level 1:colcon.colcon_core.package_identification:_identify(src/DynamixelSDK) by extensions ['cmake', 'python']
[0.425s] Level 1:colcon.colcon_core.package_identification:_identify(src/DynamixelSDK) by extension 'cmake'
[0.425s] Level 1:colcon.colcon_core.package_identification:_identify(src/DynamixelSDK) by extension 'python'
[0.425s] Level 1:colcon.colcon_core.package_identification:_identify(src/DynamixelSDK) by extensions ['python_setup_py']
[0.425s] Level 1:colcon.colcon_core.package_identification:_identify(src/DynamixelSDK) by extension 'python_setup_py'
[0.425s] Level 1:colcon.colcon_core.package_identification:_identify(src/crawler_driver) by extensions ['ignore', 'ignore_ament_install']
[0.425s] Level 1:colcon.colcon_core.package_identification:_identify(src/crawler_driver) by extension 'ignore'
[0.425s] Level 1:colcon.colcon_core.package_identification:_identify(src/crawler_driver) by extension 'ignore_ament_install'
[0.425s] Level 1:colcon.colcon_core.package_identification:_identify(src/crawler_driver) by extensions ['colcon_pkg']
[0.425s] Level 1:colcon.colcon_core.package_identification:_identify(src/crawler_driver) by extension 'colcon_pkg'
[0.425s] Level 1:colcon.colcon_core.package_identification:_identify(src/crawler_driver) by extensions ['colcon_meta']
[0.425s] Level 1:colcon.colcon_core.package_identification:_identify(src/crawler_driver) by extension 'colcon_meta'
[0.426s] Level 1:colcon.colcon_core.package_identification:_identify(src/crawler_driver) by extensions ['ros']
[0.426s] Level 1:colcon.colcon_core.package_identification:_identify(src/crawler_driver) by extension 'ros'
[0.431s] DEBUG:colcon.colcon_core.package_identification:Package 'src/crawler_driver' with type 'ros.ament_cmake' and name 'crawler_driver'
[0.431s] Level 1:colcon.colcon_core.package_identification:_identify(src/custom_interfaces) by extensions ['ignore', 'ignore_ament_install']
[0.431s] Level 1:colcon.colcon_core.package_identification:_identify(src/custom_interfaces) by extension 'ignore'
[0.431s] Level 1:colcon.colcon_core.package_identification:_identify(src/custom_interfaces) by extension 'ignore_ament_install'
[0.431s] Level 1:colcon.colcon_core.package_identification:_identify(src/custom_interfaces) by extensions ['colcon_pkg']
[0.432s] Level 1:colcon.colcon_core.package_identification:_identify(src/custom_interfaces) by extension 'colcon_pkg'
[0.432s] Level 1:colcon.colcon_core.package_identification:_identify(src/custom_interfaces) by extensions ['colcon_meta']
[0.432s] Level 1:colcon.colcon_core.package_identification:_identify(src/custom_interfaces) by extension 'colcon_meta'
[0.432s] Level 1:colcon.colcon_core.package_identification:_identify(src/custom_interfaces) by extensions ['ros']
[0.432s] Level 1:colcon.colcon_core.package_identification:_identify(src/custom_interfaces) by extension 'ros'
[0.432s] DEBUG:colcon.colcon_core.package_identification:Package 'src/custom_interfaces' with type 'ros.ament_cmake' and name 'custom_interfaces'
[0.433s] Level 1:colcon.colcon_core.package_identification:_identify(src/dynamixel-workbench) by extensions ['ignore', 'ignore_ament_install']
[0.433s] Level 1:colcon.colcon_core.package_identification:_identify(src/dynamixel-workbench) by extension 'ignore'
[0.433s] Level 1:colcon.colcon_core.package_identification:_identify(src/dynamixel-workbench) by extension 'ignore_ament_install'
[0.433s] Level 1:colcon.colcon_core.package_identification:_identify(src/dynamixel-workbench) by extensions ['colcon_pkg']
[0.433s] Level 1:colcon.colcon_core.package_identification:_identify(src/dynamixel-workbench) by extension 'colcon_pkg'
[0.433s] Level 1:colcon.colcon_core.package_identification:_identify(src/dynamixel-workbench) by extensions ['colcon_meta']
[0.433s] Level 1:colcon.colcon_core.package_identification:_identify(src/dynamixel-workbench) by extension 'colcon_meta'
[0.433s] Level 1:colcon.colcon_core.package_identification:_identify(src/dynamixel-workbench) by extensions ['ros']
[0.433s] Level 1:colcon.colcon_core.package_identification:_identify(src/dynamixel-workbench) by extension 'ros'
[0.433s] Level 1:colcon.colcon_core.package_identification:_identify(src/dynamixel-workbench) by extensions ['cmake', 'python']
[0.434s] Level 1:colcon.colcon_core.package_identification:_identify(src/dynamixel-workbench) by extension 'cmake'
[0.434s] Level 1:colcon.colcon_core.package_identification:_identify(src/dynamixel-workbench) by extension 'python'
[0.434s] Level 1:colcon.colcon_core.package_identification:_identify(src/dynamixel-workbench) by extensions ['python_setup_py']
[0.434s] Level 1:colcon.colcon_core.package_identification:_identify(src/dynamixel-workbench) by extension 'python_setup_py'
[0.434s] Level 1:colcon.colcon_core.package_identification:_identify(src/dynamixel-workbench-msgs) by extensions ['ignore', 'ignore_ament_install']
[0.434s] Level 1:colcon.colcon_core.package_identification:_identify(src/dynamixel-workbench-msgs) by extension 'ignore'
[0.434s] Level 1:colcon.colcon_core.package_identification:_identify(src/dynamixel-workbench-msgs) by extension 'ignore_ament_install'
[0.434s] Level 1:colcon.colcon_core.package_identification:_identify(src/dynamixel-workbench-msgs) by extensions ['colcon_pkg']
[0.434s] Level 1:colcon.colcon_core.package_identification:_identify(src/dynamixel-workbench-msgs) by extension 'colcon_pkg'
[0.434s] Level 1:colcon.colcon_core.package_identification:_identify(src/dynamixel-workbench-msgs) by extensions ['colcon_meta']
[0.434s] Level 1:colcon.colcon_core.package_identification:_identify(src/dynamixel-workbench-msgs) by extension 'colcon_meta'
[0.434s] Level 1:colcon.colcon_core.package_identification:_identify(src/dynamixel-workbench-msgs) by extensions ['ros']
[0.434s] Level 1:colcon.colcon_core.package_identification:_identify(src/dynamixel-workbench-msgs) by extension 'ros'
[0.435s] Level 1:colcon.colcon_core.package_identification:_identify(src/dynamixel-workbench-msgs) by extensions ['cmake', 'python']
[0.435s] Level 1:colcon.colcon_core.package_identification:_identify(src/dynamixel-workbench-msgs) by extension 'cmake'
[0.435s] Level 1:colcon.colcon_core.package_identification:_identify(src/dynamixel-workbench-msgs) by extension 'python'
[0.435s] Level 1:colcon.colcon_core.package_identification:_identify(src/dynamixel-workbench-msgs) by extensions ['python_setup_py']
[0.435s] Level 1:colcon.colcon_core.package_identification:_identify(src/dynamixel-workbench-msgs) by extension 'python_setup_py'
[0.435s] Level 1:colcon.colcon_core.package_identification:_identify(src/flipper_driver) by extensions ['ignore', 'ignore_ament_install']
[0.435s] Level 1:colcon.colcon_core.package_identification:_identify(src/flipper_driver) by extension 'ignore'
[0.435s] Level 1:colcon.colcon_core.package_identification:_identify(src/flipper_driver) by extension 'ignore_ament_install'
[0.435s] Level 1:colcon.colcon_core.package_identification:_identify(src/flipper_driver) by extensions ['colcon_pkg']
[0.435s] Level 1:colcon.colcon_core.package_identification:_identify(src/flipper_driver) by extension 'colcon_pkg'
[0.435s] Level 1:colcon.colcon_core.package_identification:_identify(src/flipper_driver) by extensions ['colcon_meta']
[0.435s] Level 1:colcon.colcon_core.package_identification:_identify(src/flipper_driver) by extension 'colcon_meta'
[0.435s] Level 1:colcon.colcon_core.package_identification:_identify(src/flipper_driver) by extensions ['ros']
[0.435s] Level 1:colcon.colcon_core.package_identification:_identify(src/flipper_driver) by extension 'ros'
[0.437s] DEBUG:colcon.colcon_core.package_identification:Package 'src/flipper_driver' with type 'ros.ament_cmake' and name 'flipper_driver'
[0.437s] Level 1:colcon.colcon_core.package_identification:_identify(src/operator) by extensions ['ignore', 'ignore_ament_install']
[0.437s] Level 1:colcon.colcon_core.package_identification:_identify(src/operator) by extension 'ignore'
[0.437s] Level 1:colcon.colcon_core.package_identification:_identify(src/operator) by extension 'ignore_ament_install'
[0.437s] Level 1:colcon.colcon_core.package_identification:_identify(src/operator) by extensions ['colcon_pkg']
[0.437s] Level 1:colcon.colcon_core.package_identification:_identify(src/operator) by extension 'colcon_pkg'
[0.437s] Level 1:colcon.colcon_core.package_identification:_identify(src/operator) by extensions ['colcon_meta']
[0.437s] Level 1:colcon.colcon_core.package_identification:_identify(src/operator) by extension 'colcon_meta'
[0.437s] Level 1:colcon.colcon_core.package_identification:_identify(src/operator) by extensions ['ros']
[0.437s] Level 1:colcon.colcon_core.package_identification:_identify(src/operator) by extension 'ros'
[0.439s] DEBUG:colcon.colcon_core.package_identification:Package 'src/operator' with type 'ros.ament_cmake' and name 'operator'
[0.439s] Level 1:colcon.colcon_core.package_identification:_identify(src/usb_camera) by extensions ['ignore', 'ignore_ament_install']
[0.439s] Level 1:colcon.colcon_core.package_identification:_identify(src/usb_camera) by extension 'ignore'
[0.439s] Level 1:colcon.colcon_core.package_identification:_identify(src/usb_camera) by extension 'ignore_ament_install'
[0.439s] Level 1:colcon.colcon_core.package_identification:_identify(src/usb_camera) by extensions ['colcon_pkg']
[0.439s] Level 1:colcon.colcon_core.package_identification:_identify(src/usb_camera) by extension 'colcon_pkg'
[0.439s] Level 1:colcon.colcon_core.package_identification:_identify(src/usb_camera) by extensions ['colcon_meta']
[0.439s] Level 1:colcon.colcon_core.package_identification:_identify(src/usb_camera) by extension 'colcon_meta'
[0.439s] Level 1:colcon.colcon_core.package_identification:_identify(src/usb_camera) by extensions ['ros']
[0.439s] Level 1:colcon.colcon_core.package_identification:_identify(src/usb_camera) by extension 'ros'
[0.441s] DEBUG:colcon.colcon_core.package_identification:Package 'src/usb_camera' with type 'ros.ament_cmake' and name 'usb_camera'
[0.441s] Level 1:colcon.colcon_core.package_discovery:discover_packages(recursive) using defaults
[0.441s] Level 1:colcon.colcon_core.package_discovery:discover_packages(ignore) discover
[0.441s] Level 1:colcon.colcon_core.package_discovery:discover_packages(ignore) using defaults
[0.441s] Level 1:colcon.colcon_core.package_discovery:discover_packages(path) discover
[0.441s] Level 1:colcon.colcon_core.package_discovery:discover_packages(path) using defaults
[0.471s] Level 5:colcon.colcon_core.verb:set package 'custom_interfaces' build argument 'cmake_args' from command line to 'None'
[0.472s] Level 5:colcon.colcon_core.verb:set package 'custom_interfaces' build argument 'cmake_target' from command line to 'None'
[0.472s] Level 5:colcon.colcon_core.verb:set package 'custom_interfaces' build argument 'cmake_target_skip_unavailable' from command line to 'False'
[0.472s] Level 5:colcon.colcon_core.verb:set package 'custom_interfaces' build argument 'cmake_clean_cache' from command line to 'False'
[0.472s] Level 5:colcon.colcon_core.verb:set package 'custom_interfaces' build argument 'cmake_clean_first' from command line to 'False'
[0.472s] Level 5:colcon.colcon_core.verb:set package 'custom_interfaces' build argument 'cmake_force_configure' from command line to 'False'
[0.472s] Level 5:colcon.colcon_core.verb:set package 'custom_interfaces' build argument 'ament_cmake_args' from command line to 'None'
[0.472s] Level 5:colcon.colcon_core.verb:set package 'custom_interfaces' build argument 'catkin_cmake_args' from command line to 'None'
[0.472s] Level 5:colcon.colcon_core.verb:set package 'custom_interfaces' build argument 'catkin_skip_building_tests' from command line to 'False'
[0.472s] DEBUG:colcon.colcon_core.verb:Building package 'custom_interfaces' with the following arguments: {'ament_cmake_args': None, 'build_base': '/root/working/test_ws/yano_ws/build/custom_interfaces', 'catkin_cmake_args': None, 'catkin_skip_building_tests': False, 'cmake_args': None, 'cmake_clean_cache': False, 'cmake_clean_first': False, 'cmake_force_configure': False, 'cmake_target': None, 'cmake_target_skip_unavailable': False, 'install_base': '/root/working/test_ws/yano_ws/install/custom_interfaces', 'merge_install': False, 'path': '/root/working/test_ws/yano_ws/src/custom_interfaces', 'symlink_install': False, 'test_result_base': None}
[0.472s] Level 5:colcon.colcon_core.verb:set package 'usb_camera' build argument 'cmake_args' from command line to 'None'
[0.472s] Level 5:colcon.colcon_core.verb:set package 'usb_camera' build argument 'cmake_target' from command line to 'None'
[0.472s] Level 5:colcon.colcon_core.verb:set package 'usb_camera' build argument 'cmake_target_skip_unavailable' from command line to 'False'
[0.472s] Level 5:colcon.colcon_core.verb:set package 'usb_camera' build argument 'cmake_clean_cache' from command line to 'False'
[0.472s] Level 5:colcon.colcon_core.verb:set package 'usb_camera' build argument 'cmake_clean_first' from command line to 'False'
[0.472s] Level 5:colcon.colcon_core.verb:set package 'usb_camera' build argument 'cmake_force_configure' from command line to 'False'
[0.472s] Level 5:colcon.colcon_core.verb:set package 'usb_camera' build argument 'ament_cmake_args' from command line to 'None'
[0.472s] Level 5:colcon.colcon_core.verb:set package 'usb_camera' build argument 'catkin_cmake_args' from command line to 'None'
[0.472s] Level 5:colcon.colcon_core.verb:set package 'usb_camera' build argument 'catkin_skip_building_tests' from command line to 'False'
[0.473s] DEBUG:colcon.colcon_core.verb:Building package 'usb_camera' with the following arguments: {'ament_cmake_args': None, 'build_base': '/root/working/test_ws/yano_ws/build/usb_camera', 'catkin_cmake_args': None, 'catkin_skip_building_tests': False, 'cmake_args': None, 'cmake_clean_cache': False, 'cmake_clean_first': False, 'cmake_force_configure': False, 'cmake_target': None, 'cmake_target_skip_unavailable': False, 'install_base': '/root/working/test_ws/yano_ws/install/usb_camera', 'merge_install': False, 'path': '/root/working/test_ws/yano_ws/src/usb_camera', 'symlink_install': False, 'test_result_base': None}
[0.473s] Level 5:colcon.colcon_core.verb:set package 'crawler_driver' build argument 'cmake_args' from command line to 'None'
[0.473s] Level 5:colcon.colcon_core.verb:set package 'crawler_driver' build argument 'cmake_target' from command line to 'None'
[0.473s] Level 5:colcon.colcon_core.verb:set package 'crawler_driver' build argument 'cmake_target_skip_unavailable' from command line to 'False'
[0.473s] Level 5:colcon.colcon_core.verb:set package 'crawler_driver' build argument 'cmake_clean_cache' from command line to 'False'
[0.473s] Level 5:colcon.colcon_core.verb:set package 'crawler_driver' build argument 'cmake_clean_first' from command line to 'False'
[0.473s] Level 5:colcon.colcon_core.verb:set package 'crawler_driver' build argument 'cmake_force_configure' from command line to 'False'
[0.473s] Level 5:colcon.colcon_core.verb:set package 'crawler_driver' build argument 'ament_cmake_args' from command line to 'None'
[0.473s] Level 5:colcon.colcon_core.verb:set package 'crawler_driver' build argument 'catkin_cmake_args' from command line to 'None'
[0.473s] Level 5:colcon.colcon_core.verb:set package 'crawler_driver' build argument 'catkin_skip_building_tests' from command line to 'False'
[0.473s] DEBUG:colcon.colcon_core.verb:Building package 'crawler_driver' with the following arguments: {'ament_cmake_args': None, 'build_base': '/root/working/test_ws/yano_ws/build/crawler_driver', 'catkin_cmake_args': None, 'catkin_skip_building_tests': False, 'cmake_args': None, 'cmake_clean_cache': False, 'cmake_clean_first': False, 'cmake_force_configure': False, 'cmake_target': None, 'cmake_target_skip_unavailable': False, 'install_base': '/root/working/test_ws/yano_ws/install/crawler_driver', 'merge_install': False, 'path': '/root/working/test_ws/yano_ws/src/crawler_driver', 'symlink_install': False, 'test_result_base': None}
[0.474s] Level 5:colcon.colcon_core.verb:set package 'flipper_driver' build argument 'cmake_args' from command line to 'None'
[0.474s] Level 5:colcon.colcon_core.verb:set package 'flipper_driver' build argument 'cmake_target' from command line to 'None'
[0.474s] Level 5:colcon.colcon_core.verb:set package 'flipper_driver' build argument 'cmake_target_skip_unavailable' from command line to 'False'
[0.474s] Level 5:colcon.colcon_core.verb:set package 'flipper_driver' build argument 'cmake_clean_cache' from command line to 'False'
[0.474s] Level 5:colcon.colcon_core.verb:set package 'flipper_driver' build argument 'cmake_clean_first' from command line to 'False'
[0.474s] Level 5:colcon.colcon_core.verb:set package 'flipper_driver' build argument 'cmake_force_configure' from command line to 'False'
[0.474s] Level 5:colcon.colcon_core.verb:set package 'flipper_driver' build argument 'ament_cmake_args' from command line to 'None'
[0.474s] Level 5:colcon.colcon_core.verb:set package 'flipper_driver' build argument 'catkin_cmake_args' from command line to 'None'
[0.474s] Level 5:colcon.colcon_core.verb:set package 'flipper_driver' build argument 'catkin_skip_building_tests' from command line to 'False'
[0.474s] DEBUG:colcon.colcon_core.verb:Building package 'flipper_driver' with the following arguments: {'ament_cmake_args': None, 'build_base': '/root/working/test_ws/yano_ws/build/flipper_driver', 'catkin_cmake_args': None, 'catkin_skip_building_tests': False, 'cmake_args': None, 'cmake_clean_cache': False, 'cmake_clean_first': False, 'cmake_force_configure': False, 'cmake_target': None, 'cmake_target_skip_unavailable': False, 'install_base': '/root/working/test_ws/yano_ws/install/flipper_driver', 'merge_install': False, 'path': '/root/working/test_ws/yano_ws/src/flipper_driver', 'symlink_install': False, 'test_result_base': None}
[0.475s] Level 5:colcon.colcon_core.verb:set package 'operator' build argument 'cmake_args' from command line to 'None'
[0.475s] Level 5:colcon.colcon_core.verb:set package 'operator' build argument 'cmake_target' from command line to 'None'
[0.475s] Level 5:colcon.colcon_core.verb:set package 'operator' build argument 'cmake_target_skip_unavailable' from command line to 'False'
[0.475s] Level 5:colcon.colcon_core.verb:set package 'operator' build argument 'cmake_clean_cache' from command line to 'False'
[0.475s] Level 5:colcon.colcon_core.verb:set package 'operator' build argument 'cmake_clean_first' from command line to 'False'
[0.475s] Level 5:colcon.colcon_core.verb:set package 'operator' build argument 'cmake_force_configure' from command line to 'False'
[0.475s] Level 5:colcon.colcon_core.verb:set package 'operator' build argument 'ament_cmake_args' from command line to 'None'
[0.475s] Level 5:colcon.colcon_core.verb:set package 'operator' build argument 'catkin_cmake_args' from command line to 'None'
[0.475s] Level 5:colcon.colcon_core.verb:set package 'operator' build argument 'catkin_skip_building_tests' from command line to 'False'
[0.475s] DEBUG:colcon.colcon_core.verb:Building package 'operator' with the following arguments: {'ament_cmake_args': None, 'build_base': '/root/working/test_ws/yano_ws/build/operator', 'catkin_cmake_args': None, 'catkin_skip_building_tests': False, 'cmake_args': None, 'cmake_clean_cache': False, 'cmake_clean_first': False, 'cmake_force_configure': False, 'cmake_target': None, 'cmake_target_skip_unavailable': False, 'install_base': '/root/working/test_ws/yano_ws/install/operator', 'merge_install': False, 'path': '/root/working/test_ws/yano_ws/src/operator', 'symlink_install': False, 'test_result_base': None}
[0.475s] INFO:colcon.colcon_core.executor:Executing jobs using 'parallel' executor
[0.477s] DEBUG:colcon.colcon_parallel_executor.executor.parallel:run_until_complete
[0.478s] INFO:colcon.colcon_ros.task.ament_cmake.build:Building ROS package in '/root/working/test_ws/yano_ws/src/custom_interfaces' with build type 'ament_cmake'
[0.478s] INFO:colcon.colcon_cmake.task.cmake.build:Building CMake package in '/root/working/test_ws/yano_ws/src/custom_interfaces'
[0.482s] INFO:colcon.colcon_core.plugin_system:Skipping extension 'colcon_core.shell.bat': Not used on non-Windows systems
[0.483s] INFO:colcon.colcon_core.shell:Skip shell extension 'powershell' for command environment: Not usable outside of PowerShell
[0.483s] DEBUG:colcon.colcon_core.shell:Skip shell extension 'dsv' for command environment
[0.485s] WARNING:colcon.colcon_ros.prefix_path.ament:The path '/root/working/test_ws/yano_ws/install/flipper' in the environment variable AMENT_PREFIX_PATH doesn't exist
[0.485s] WARNING:colcon.colcon_ros.prefix_path.ament:The path '/root/working/test_ws/yano_ws/install/dynamixel_workbench' in the environment variable AMENT_PREFIX_PATH doesn't exist
[0.485s] WARNING:colcon.colcon_ros.prefix_path.ament:The path '/root/working/test_ws/yano_ws/install/dynamixel_workbench_toolbox' in the environment variable AMENT_PREFIX_PATH doesn't exist
[0.485s] WARNING:colcon.colcon_ros.prefix_path.ament:The path '/root/working/test_ws/yano_ws/install/dynamixel_workbench_msgs' in the environment variable AMENT_PREFIX_PATH doesn't exist
[0.485s] WARNING:colcon.colcon_ros.prefix_path.ament:The path '/root/working/test_ws/yano_ws/install/dynamixel_sdk_examples' in the environment variable AMENT_PREFIX_PATH doesn't exist
[0.485s] WARNING:colcon.colcon_ros.prefix_path.ament:The path '/root/working/test_ws/yano_ws/install/dynamixel_sdk_custom_interfaces' in the environment variable AMENT_PREFIX_PATH doesn't exist
[0.485s] WARNING:colcon.colcon_ros.prefix_path.ament:The path '/root/working/test_ws/yano_ws/install/dynamixel_sdk' in the environment variable AMENT_PREFIX_PATH doesn't exist
[0.486s] WARNING:colcon.colcon_ros.prefix_path.ament:The path '/root/working/test_ws/yano_ws/install/driver' in the environment variable AMENT_PREFIX_PATH doesn't exist
[0.486s] WARNING:colcon.colcon_ros.prefix_path.catkin:The path '/root/working/test_ws/yano_ws/install/flipper' in the environment variable CMAKE_PREFIX_PATH doesn't exist
[0.486s] WARNING:colcon.colcon_ros.prefix_path.catkin:The path '/root/working/test_ws/yano_ws/install/dynamixel_workbench' in the environment variable CMAKE_PREFIX_PATH doesn't exist
[0.486s] WARNING:colcon.colcon_ros.prefix_path.catkin:The path '/root/working/test_ws/yano_ws/install/dynamixel_workbench_toolbox' in the environment variable CMAKE_PREFIX_PATH doesn't exist
[0.486s] WARNING:colcon.colcon_ros.prefix_path.catkin:The path '/root/working/test_ws/yano_ws/install/dynamixel_workbench_msgs' in the environment variable CMAKE_PREFIX_PATH doesn't exist
[0.486s] WARNING:colcon.colcon_ros.prefix_path.catkin:The path '/root/working/test_ws/yano_ws/install/dynamixel_sdk_examples' in the environment variable CMAKE_PREFIX_PATH doesn't exist
[0.486s] WARNING:colcon.colcon_ros.prefix_path.catkin:The path '/root/working/test_ws/yano_ws/install/dynamixel_sdk_custom_interfaces' in the environment variable CMAKE_PREFIX_PATH doesn't exist
[0.487s] WARNING:colcon.colcon_ros.prefix_path.catkin:The path '/root/working/test_ws/yano_ws/install/dynamixel_sdk' in the environment variable CMAKE_PREFIX_PATH doesn't exist
[0.487s] WARNING:colcon.colcon_ros.prefix_path.catkin:The path '/root/working/test_ws/yano_ws/install/driver' in the environment variable CMAKE_PREFIX_PATH doesn't exist
[0.497s] INFO:colcon.colcon_ros.task.ament_cmake.build:Building ROS package in '/root/working/test_ws/yano_ws/src/usb_camera' with build type 'ament_cmake'
[0.497s] INFO:colcon.colcon_cmake.task.cmake.build:Building CMake package in '/root/working/test_ws/yano_ws/src/usb_camera'
[0.498s] INFO:colcon.colcon_core.shell:Skip shell extension 'powershell' for command environment: Not usable outside of PowerShell
[0.498s] DEBUG:colcon.colcon_core.shell:Skip shell extension 'dsv' for command environment
[0.509s] DEBUG:colcon.colcon_core.event_handler.log_command:Invoking command in '/root/working/test_ws/yano_ws/build/custom_interfaces': CMAKE_PREFIX_PATH=${CMAKE_PREFIX_PATH}:/opt/ros/humble /usr/bin/cmake --build /root/working/test_ws/yano_ws/build/custom_interfaces -- -j4 -l4
[0.520s] DEBUG:colcon.colcon_core.event_handler.log_command:Invoking command in '/root/working/test_ws/yano_ws/build/usb_camera': CMAKE_PREFIX_PATH=${CMAKE_PREFIX_PATH}:/opt/ros/humble /usr/bin/cmake --build /root/working/test_ws/yano_ws/build/usb_camera -- -j4 -l4
[0.698s] DEBUG:colcon.colcon_core.event_handler.log_command:Invoked command in '/root/working/test_ws/yano_ws/build/usb_camera' returned '0': CMAKE_PREFIX_PATH=${CMAKE_PREFIX_PATH}:/opt/ros/humble /usr/bin/cmake --build /root/working/test_ws/yano_ws/build/usb_camera -- -j4 -l4
[0.719s] DEBUG:colcon.colcon_core.event_handler.log_command:Invoking command in '/root/working/test_ws/yano_ws/build/usb_camera': CMAKE_PREFIX_PATH=${CMAKE_PREFIX_PATH}:/opt/ros/humble /usr/bin/cmake --install /root/working/test_ws/yano_ws/build/usb_camera
[0.738s] Level 1:colcon.colcon_core.environment:create_environment_scripts_only(usb_camera)
[0.739s] DEBUG:colcon.colcon_core.event_handler.log_command:Invoked command in '/root/working/test_ws/yano_ws/build/usb_camera' returned '0': CMAKE_PREFIX_PATH=${CMAKE_PREFIX_PATH}:/opt/ros/humble /usr/bin/cmake --install /root/working/test_ws/yano_ws/build/usb_camera
[0.744s] Level 1:colcon.colcon_core.environment:checking '/root/working/test_ws/yano_ws/install/usb_camera' for CMake module files
[0.745s] Level 1:colcon.colcon_core.environment:checking '/root/working/test_ws/yano_ws/install/usb_camera' for CMake config files
[0.746s] Level 1:colcon.colcon_core.shell:create_environment_hook('usb_camera', 'cmake_prefix_path')
[0.746s] INFO:colcon.colcon_core.shell:Creating environment hook '/root/working/test_ws/yano_ws/install/usb_camera/share/usb_camera/hook/cmake_prefix_path.ps1'
[0.747s] INFO:colcon.colcon_core.shell:Creating environment descriptor '/root/working/test_ws/yano_ws/install/usb_camera/share/usb_camera/hook/cmake_prefix_path.dsv'
[0.748s] INFO:colcon.colcon_core.shell:Creating environment hook '/root/working/test_ws/yano_ws/install/usb_camera/share/usb_camera/hook/cmake_prefix_path.sh'
[0.750s] Level 1:colcon.colcon_core.environment:checking '/root/working/test_ws/yano_ws/install/usb_camera/lib'
[0.750s] Level 1:colcon.colcon_core.environment:checking '/root/working/test_ws/yano_ws/install/usb_camera/bin'
[0.750s] Level 1:colcon.colcon_core.environment:checking '/root/working/test_ws/yano_ws/install/usb_camera/lib/pkgconfig/usb_camera.pc'
[0.753s] Level 1:colcon.colcon_core.environment:checking '/root/working/test_ws/yano_ws/install/usb_camera/lib/python3.10/site-packages'
[0.754s] Level 1:colcon.colcon_core.environment:checking '/root/working/test_ws/yano_ws/install/usb_camera/bin'
[0.755s] INFO:colcon.colcon_core.shell:Creating package script '/root/working/test_ws/yano_ws/install/usb_camera/share/usb_camera/package.ps1'
[0.756s] INFO:colcon.colcon_core.shell:Creating package descriptor '/root/working/test_ws/yano_ws/install/usb_camera/share/usb_camera/package.dsv'
[0.757s] INFO:colcon.colcon_core.shell:Creating package script '/root/working/test_ws/yano_ws/install/usb_camera/share/usb_camera/package.sh'
[0.758s] INFO:colcon.colcon_core.shell:Creating package script '/root/working/test_ws/yano_ws/install/usb_camera/share/usb_camera/package.bash'
[0.759s] INFO:colcon.colcon_core.shell:Creating package script '/root/working/test_ws/yano_ws/install/usb_camera/share/usb_camera/package.zsh'
[0.761s] Level 1:colcon.colcon_core.environment:create_file_with_runtime_dependencies(/root/working/test_ws/yano_ws/install/usb_camera/share/colcon-core/packages/usb_camera)
[0.762s] Level 1:colcon.colcon_core.environment:create_environment_scripts_only(usb_camera)
[0.762s] Level 1:colcon.colcon_core.environment:checking '/root/working/test_ws/yano_ws/install/usb_camera' for CMake module files
[0.763s] Level 1:colcon.colcon_core.environment:checking '/root/working/test_ws/yano_ws/install/usb_camera' for CMake config files
[0.764s] Level 1:colcon.colcon_core.shell:create_environment_hook('usb_camera', 'cmake_prefix_path')
[0.764s] INFO:colcon.colcon_core.shell:Creating environment hook '/root/working/test_ws/yano_ws/install/usb_camera/share/usb_camera/hook/cmake_prefix_path.ps1'
[0.765s] INFO:colcon.colcon_core.shell:Creating environment descriptor '/root/working/test_ws/yano_ws/install/usb_camera/share/usb_camera/hook/cmake_prefix_path.dsv'
[0.765s] INFO:colcon.colcon_core.shell:Creating environment hook '/root/working/test_ws/yano_ws/install/usb_camera/share/usb_camera/hook/cmake_prefix_path.sh'
[0.766s] Level 1:colcon.colcon_core.environment:checking '/root/working/test_ws/yano_ws/install/usb_camera/lib'
[0.766s] Level 1:colcon.colcon_core.environment:checking '/root/working/test_ws/yano_ws/install/usb_camera/bin'
[0.766s] Level 1:colcon.colcon_core.environment:checking '/root/working/test_ws/yano_ws/install/usb_camera/lib/pkgconfig/usb_camera.pc'
[0.767s] Level 1:colcon.colcon_core.environment:checking '/root/working/test_ws/yano_ws/install/usb_camera/lib/python3.10/site-packages'
[0.767s] Level 1:colcon.colcon_core.environment:checking '/root/working/test_ws/yano_ws/install/usb_camera/bin'
[0.768s] INFO:colcon.colcon_core.shell:Creating package script '/root/working/test_ws/yano_ws/install/usb_camera/share/usb_camera/package.ps1'
[0.768s] INFO:colcon.colcon_core.shell:Creating package descriptor '/root/working/test_ws/yano_ws/install/usb_camera/share/usb_camera/package.dsv'
[0.769s] INFO:colcon.colcon_core.shell:Creating package script '/root/working/test_ws/yano_ws/install/usb_camera/share/usb_camera/package.sh'
[0.770s] INFO:colcon.colcon_core.shell:Creating package script '/root/working/test_ws/yano_ws/install/usb_camera/share/usb_camera/package.bash'
[0.771s] INFO:colcon.colcon_core.shell:Creating package script '/root/working/test_ws/yano_ws/install/usb_camera/share/usb_camera/package.zsh'
[0.771s] Level 1:colcon.colcon_core.environment:create_file_with_runtime_dependencies(/root/working/test_ws/yano_ws/install/usb_camera/share/colcon-core/packages/usb_camera)
[1.153s] DEBUG:colcon.colcon_core.event_handler.log_command:Invoked command in '/root/working/test_ws/yano_ws/build/custom_interfaces' returned '0': CMAKE_PREFIX_PATH=${CMAKE_PREFIX_PATH}:/opt/ros/humble /usr/bin/cmake --build /root/working/test_ws/yano_ws/build/custom_interfaces -- -j4 -l4
[1.155s] DEBUG:colcon.colcon_core.event_handler.log_command:Invoking command in '/root/working/test_ws/yano_ws/build/custom_interfaces': CMAKE_PREFIX_PATH=${CMAKE_PREFIX_PATH}:/opt/ros/humble /usr/bin/cmake --install /root/working/test_ws/yano_ws/build/custom_interfaces
[1.250s] Level 1:colcon.colcon_core.environment:create_environment_scripts_only(custom_interfaces)
[1.251s] Level 1:colcon.colcon_core.environment:checking '/root/working/test_ws/yano_ws/install/custom_interfaces' for CMake module files
[1.252s] DEBUG:colcon.colcon_core.event_handler.log_command:Invoked command in '/root/working/test_ws/yano_ws/build/custom_interfaces' returned '0': CMAKE_PREFIX_PATH=${CMAKE_PREFIX_PATH}:/opt/ros/humble /usr/bin/cmake --install /root/working/test_ws/yano_ws/build/custom_interfaces
[1.253s] Level 1:colcon.colcon_core.environment:checking '/root/working/test_ws/yano_ws/install/custom_interfaces' for CMake config files
[1.254s] Level 1:colcon.colcon_core.shell:create_environment_hook('custom_interfaces', 'cmake_prefix_path')
[1.254s] INFO:colcon.colcon_core.shell:Creating environment hook '/root/working/test_ws/yano_ws/install/custom_interfaces/share/custom_interfaces/hook/cmake_prefix_path.ps1'
[1.255s] INFO:colcon.colcon_core.shell:Creating environment descriptor '/root/working/test_ws/yano_ws/install/custom_interfaces/share/custom_interfaces/hook/cmake_prefix_path.dsv'
[1.255s] INFO:colcon.colcon_core.shell:Creating environment hook '/root/working/test_ws/yano_ws/install/custom_interfaces/share/custom_interfaces/hook/cmake_prefix_path.sh'
[1.256s] Level 1:colcon.colcon_core.environment:checking '/root/working/test_ws/yano_ws/install/custom_interfaces/lib'
[1.256s] Level 1:colcon.colcon_core.shell:create_environment_hook('custom_interfaces', 'ld_library_path_lib')
[1.257s] INFO:colcon.colcon_core.shell:Creating environment hook '/root/working/test_ws/yano_ws/install/custom_interfaces/share/custom_interfaces/hook/ld_library_path_lib.ps1'
[1.257s] INFO:colcon.colcon_core.shell:Creating environment descriptor '/root/working/test_ws/yano_ws/install/custom_interfaces/share/custom_interfaces/hook/ld_library_path_lib.dsv'
[1.258s] INFO:colcon.colcon_core.shell:Creating environment hook '/root/working/test_ws/yano_ws/install/custom_interfaces/share/custom_interfaces/hook/ld_library_path_lib.sh'
[1.259s] Level 1:colcon.colcon_core.environment:checking '/root/working/test_ws/yano_ws/install/custom_interfaces/bin'
[1.259s] Level 1:colcon.colcon_core.environment:checking '/root/working/test_ws/yano_ws/install/custom_interfaces/lib/pkgconfig/custom_interfaces.pc'
[1.259s] Level 1:colcon.colcon_core.environment:checking '/root/working/test_ws/yano_ws/install/custom_interfaces/lib/python3.10/site-packages'
[1.259s] Level 1:colcon.colcon_core.environment:checking '/root/working/test_ws/yano_ws/install/custom_interfaces/bin'
[1.260s] INFO:colcon.colcon_core.shell:Creating package script '/root/working/test_ws/yano_ws/install/custom_interfaces/share/custom_interfaces/package.ps1'
[1.261s] INFO:colcon.colcon_core.shell:Creating package descriptor '/root/working/test_ws/yano_ws/install/custom_interfaces/share/custom_interfaces/package.dsv'
[1.262s] INFO:colcon.colcon_core.shell:Creating package script '/root/working/test_ws/yano_ws/install/custom_interfaces/share/custom_interfaces/package.sh'
[1.263s] INFO:colcon.colcon_core.shell:Creating package script '/root/working/test_ws/yano_ws/install/custom_interfaces/share/custom_interfaces/package.bash'
[1.263s] INFO:colcon.colcon_core.shell:Creating package script '/root/working/test_ws/yano_ws/install/custom_interfaces/share/custom_interfaces/package.zsh'
[1.264s] Level 1:colcon.colcon_core.environment:create_file_with_runtime_dependencies(/root/working/test_ws/yano_ws/install/custom_interfaces/share/colcon-core/packages/custom_interfaces)
[1.265s] Level 1:colcon.colcon_core.environment:create_environment_scripts_only(custom_interfaces)
[1.265s] Level 1:colcon.colcon_core.environment:checking '/root/working/test_ws/yano_ws/install/custom_interfaces' for CMake module files
[1.266s] Level 1:colcon.colcon_core.environment:checking '/root/working/test_ws/yano_ws/install/custom_interfaces' for CMake config files
[1.268s] Level 1:colcon.colcon_core.shell:create_environment_hook('custom_interfaces', 'cmake_prefix_path')
[1.268s] INFO:colcon.colcon_core.shell:Creating environment hook '/root/working/test_ws/yano_ws/install/custom_interfaces/share/custom_interfaces/hook/cmake_prefix_path.ps1'
[1.269s] INFO:colcon.colcon_core.shell:Creating environment descriptor '/root/working/test_ws/yano_ws/install/custom_interfaces/share/custom_interfaces/hook/cmake_prefix_path.dsv'
[1.269s] INFO:colcon.colcon_core.shell:Creating environment hook '/root/working/test_ws/yano_ws/install/custom_interfaces/share/custom_interfaces/hook/cmake_prefix_path.sh'
[1.270s] Level 1:colcon.colcon_core.environment:checking '/root/working/test_ws/yano_ws/install/custom_interfaces/lib'
[1.270s] Level 1:colcon.colcon_core.shell:create_environment_hook('custom_interfaces', 'ld_library_path_lib')
[1.271s] INFO:colcon.colcon_core.shell:Creating environment hook '/root/working/test_ws/yano_ws/install/custom_interfaces/share/custom_interfaces/hook/ld_library_path_lib.ps1'
[1.271s] INFO:colcon.colcon_core.shell:Creating environment descriptor '/root/working/test_ws/yano_ws/install/custom_interfaces/share/custom_interfaces/hook/ld_library_path_lib.dsv'
[1.272s] INFO:colcon.colcon_core.shell:Creating environment hook '/root/working/test_ws/yano_ws/install/custom_interfaces/share/custom_interfaces/hook/ld_library_path_lib.sh'
[1.272s] Level 1:colcon.colcon_core.environment:checking '/root/working/test_ws/yano_ws/install/custom_interfaces/bin'
[1.273s] Level 1:colcon.colcon_core.environment:checking '/root/working/test_ws/yano_ws/install/custom_interfaces/lib/pkgconfig/custom_interfaces.pc'
[1.273s] Level 1:colcon.colcon_core.environment:checking '/root/working/test_ws/yano_ws/install/custom_interfaces/lib/python3.10/site-packages'
[1.273s] Level 1:colcon.colcon_core.environment:checking '/root/working/test_ws/yano_ws/install/custom_interfaces/bin'
[1.274s] INFO:colcon.colcon_core.shell:Creating package script '/root/working/test_ws/yano_ws/install/custom_interfaces/share/custom_interfaces/package.ps1'
[1.275s] INFO:colcon.colcon_core.shell:Creating package descriptor '/root/working/test_ws/yano_ws/install/custom_interfaces/share/custom_interfaces/package.dsv'
[1.276s] INFO:colcon.colcon_core.shell:Creating package script '/root/working/test_ws/yano_ws/install/custom_interfaces/share/custom_interfaces/package.sh'
[1.277s] INFO:colcon.colcon_core.shell:Creating package script '/root/working/test_ws/yano_ws/install/custom_interfaces/share/custom_interfaces/package.bash'
[1.277s] INFO:colcon.colcon_core.shell:Creating package script '/root/working/test_ws/yano_ws/install/custom_interfaces/share/custom_interfaces/package.zsh'
[1.278s] Level 1:colcon.colcon_core.environment:create_file_with_runtime_dependencies(/root/working/test_ws/yano_ws/install/custom_interfaces/share/colcon-core/packages/custom_interfaces)
[1.278s] INFO:colcon.colcon_ros.task.ament_cmake.build:Building ROS package in '/root/working/test_ws/yano_ws/src/crawler_driver' with build type 'ament_cmake'
[1.279s] INFO:colcon.colcon_cmake.task.cmake.build:Building CMake package in '/root/working/test_ws/yano_ws/src/crawler_driver'
[1.279s] INFO:colcon.colcon_core.shell:Skip shell extension 'powershell' for command environment: Not usable outside of PowerShell
[1.279s] DEBUG:colcon.colcon_core.shell:Skip shell extension 'dsv' for command environment
[1.289s] INFO:colcon.colcon_ros.task.ament_cmake.build:Building ROS package in '/root/working/test_ws/yano_ws/src/flipper_driver' with build type 'ament_cmake'
[1.289s] INFO:colcon.colcon_cmake.task.cmake.build:Building CMake package in '/root/working/test_ws/yano_ws/src/flipper_driver'
[1.290s] INFO:colcon.colcon_core.shell:Skip shell extension 'powershell' for command environment: Not usable outside of PowerShell
[1.290s] DEBUG:colcon.colcon_core.shell:Skip shell extension 'dsv' for command environment
[1.298s] INFO:colcon.colcon_ros.task.ament_cmake.build:Building ROS package in '/root/working/test_ws/yano_ws/src/operator' with build type 'ament_cmake'
[1.299s] INFO:colcon.colcon_cmake.task.cmake.build:Building CMake package in '/root/working/test_ws/yano_ws/src/operator'
[1.299s] INFO:colcon.colcon_core.shell:Skip shell extension 'powershell' for command environment: Not usable outside of PowerShell
[1.300s] DEBUG:colcon.colcon_core.shell:Skip shell extension 'dsv' for command environment
[1.319s] DEBUG:colcon.colcon_core.event_handler.log_command:Invoking command in '/root/working/test_ws/yano_ws/build/crawler_driver': CMAKE_PREFIX_PATH=/root/working/test_ws/yano_ws/install/custom_interfaces:/root/working/test_ws/yano_ws/install/flipper_driver:/root/working/test_ws/yano_ws/install/crawler_driver:/root/working/test_ws/yano_ws/install/usb_camera:/root/working/test_ws/yano_ws/install/operator:/root/working/test_ws/yano_ws/install/flipper:/root/working/test_ws/yano_ws/install/dynamixel_workbench:/root/working/test_ws/yano_ws/install/dynamixel_workbench_toolbox:/root/working/test_ws/yano_ws/install/dynamixel_workbench_msgs:/root/working/test_ws/yano_ws/install/dynamixel_sdk_examples:/root/working/test_ws/yano_ws/install/dynamixel_sdk_custom_interfaces:/root/working/test_ws/yano_ws/install/dynamixel_sdk:/root/working/test_ws/yano_ws/install/driver:/opt/ros/humble LD_LIBRARY_PATH=/root/working/test_ws/yano_ws/install/custom_interfaces/lib:/opt/ros/humble/opt/rviz_ogre_vendor/lib:/opt/ros/humble/lib/x86_64-linux-gnu:/opt/ros/humble/lib:/root/working/test_ws/yano_ws/install/dynamixel_workbench_toolbox/lib:/root/working/test_ws/yano_ws/install/dynamixel_workbench_msgs/lib:/root/working/test_ws/yano_ws/install/dynamixel_sdk_custom_interfaces/lib:/root/working/test_ws/yano_ws/install/dynamixel_sdk/lib /usr/bin/cmake --build /root/working/test_ws/yano_ws/build/crawler_driver -- -j4 -l4
[1.326s] DEBUG:colcon.colcon_core.event_handler.log_command:Invoking command in '/root/working/test_ws/yano_ws/build/flipper_driver': CMAKE_PREFIX_PATH=/root/working/test_ws/yano_ws/install/custom_interfaces:/root/working/test_ws/yano_ws/install/flipper_driver:/root/working/test_ws/yano_ws/install/crawler_driver:/root/working/test_ws/yano_ws/install/usb_camera:/root/working/test_ws/yano_ws/install/operator:/root/working/test_ws/yano_ws/install/flipper:/root/working/test_ws/yano_ws/install/dynamixel_workbench:/root/working/test_ws/yano_ws/install/dynamixel_workbench_toolbox:/root/working/test_ws/yano_ws/install/dynamixel_workbench_msgs:/root/working/test_ws/yano_ws/install/dynamixel_sdk_examples:/root/working/test_ws/yano_ws/install/dynamixel_sdk_custom_interfaces:/root/working/test_ws/yano_ws/install/dynamixel_sdk:/root/working/test_ws/yano_ws/install/driver:/opt/ros/humble LD_LIBRARY_PATH=/root/working/test_ws/yano_ws/install/custom_interfaces/lib:/opt/ros/humble/opt/rviz_ogre_vendor/lib:/opt/ros/humble/lib/x86_64-linux-gnu:/opt/ros/humble/lib:/root/working/test_ws/yano_ws/install/dynamixel_workbench_toolbox/lib:/root/working/test_ws/yano_ws/install/dynamixel_workbench_msgs/lib:/root/working/test_ws/yano_ws/install/dynamixel_sdk_custom_interfaces/lib:/root/working/test_ws/yano_ws/install/dynamixel_sdk/lib /usr/bin/cmake --build /root/working/test_ws/yano_ws/build/flipper_driver -- -j4 -l4
[1.347s] DEBUG:colcon.colcon_core.event_handler.log_command:Invoking command in '/root/working/test_ws/yano_ws/build/operator': CMAKE_PREFIX_PATH=/root/working/test_ws/yano_ws/install/custom_interfaces:/root/working/test_ws/yano_ws/install/flipper_driver:/root/working/test_ws/yano_ws/install/crawler_driver:/root/working/test_ws/yano_ws/install/usb_camera:/root/working/test_ws/yano_ws/install/operator:/root/working/test_ws/yano_ws/install/flipper:/root/working/test_ws/yano_ws/install/dynamixel_workbench:/root/working/test_ws/yano_ws/install/dynamixel_workbench_toolbox:/root/working/test_ws/yano_ws/install/dynamixel_workbench_msgs:/root/working/test_ws/yano_ws/install/dynamixel_sdk_examples:/root/working/test_ws/yano_ws/install/dynamixel_sdk_custom_interfaces:/root/working/test_ws/yano_ws/install/dynamixel_sdk:/root/working/test_ws/yano_ws/install/driver:/opt/ros/humble LD_LIBRARY_PATH=/root/working/test_ws/yano_ws/install/custom_interfaces/lib:/opt/ros/humble/opt/rviz_ogre_vendor/lib:/opt/ros/humble/lib/x86_64-linux-gnu:/opt/ros/humble/lib:/root/working/test_ws/yano_ws/install/dynamixel_workbench_toolbox/lib:/root/working/test_ws/yano_ws/install/dynamixel_workbench_msgs/lib:/root/working/test_ws/yano_ws/install/dynamixel_sdk_custom_interfaces/lib:/root/working/test_ws/yano_ws/install/dynamixel_sdk/lib /usr/bin/cmake --build /root/working/test_ws/yano_ws/build/operator -- -j4 -l4
[1.463s] DEBUG:colcon.colcon_core.event_handler.log_command:Invoked command in '/root/working/test_ws/yano_ws/build/flipper_driver' returned '0': CMAKE_PREFIX_PATH=/root/working/test_ws/yano_ws/install/custom_interfaces:/root/working/test_ws/yano_ws/install/flipper_driver:/root/working/test_ws/yano_ws/install/crawler_driver:/root/working/test_ws/yano_ws/install/usb_camera:/root/working/test_ws/yano_ws/install/operator:/root/working/test_ws/yano_ws/install/flipper:/root/working/test_ws/yano_ws/install/dynamixel_workbench:/root/working/test_ws/yano_ws/install/dynamixel_workbench_toolbox:/root/working/test_ws/yano_ws/install/dynamixel_workbench_msgs:/root/working/test_ws/yano_ws/install/dynamixel_sdk_examples:/root/working/test_ws/yano_ws/install/dynamixel_sdk_custom_interfaces:/root/working/test_ws/yano_ws/install/dynamixel_sdk:/root/working/test_ws/yano_ws/install/driver:/opt/ros/humble LD_LIBRARY_PATH=/root/working/test_ws/yano_ws/install/custom_interfaces/lib:/opt/ros/humble/opt/rviz_ogre_vendor/lib:/opt/ros/humble/lib/x86_64-linux-gnu:/opt/ros/humble/lib:/root/working/test_ws/yano_ws/install/dynamixel_workbench_toolbox/lib:/root/working/test_ws/yano_ws/install/dynamixel_workbench_msgs/lib:/root/working/test_ws/yano_ws/install/dynamixel_sdk_custom_interfaces/lib:/root/working/test_ws/yano_ws/install/dynamixel_sdk/lib /usr/bin/cmake --build /root/working/test_ws/yano_ws/build/flipper_driver -- -j4 -l4
[1.466s] DEBUG:colcon.colcon_core.event_handler.log_command:Invoking command in '/root/working/test_ws/yano_ws/build/flipper_driver': CMAKE_PREFIX_PATH=/root/working/test_ws/yano_ws/install/custom_interfaces:/root/working/test_ws/yano_ws/install/flipper_driver:/root/working/test_ws/yano_ws/install/crawler_driver:/root/working/test_ws/yano_ws/install/usb_camera:/root/working/test_ws/yano_ws/install/operator:/root/working/test_ws/yano_ws/install/flipper:/root/working/test_ws/yano_ws/install/dynamixel_workbench:/root/working/test_ws/yano_ws/install/dynamixel_workbench_toolbox:/root/working/test_ws/yano_ws/install/dynamixel_workbench_msgs:/root/working/test_ws/yano_ws/install/dynamixel_sdk_examples:/root/working/test_ws/yano_ws/install/dynamixel_sdk_custom_interfaces:/root/working/test_ws/yano_ws/install/dynamixel_sdk:/root/working/test_ws/yano_ws/install/driver:/opt/ros/humble LD_LIBRARY_PATH=/root/working/test_ws/yano_ws/install/custom_interfaces/lib:/opt/ros/humble/opt/rviz_ogre_vendor/lib:/opt/ros/humble/lib/x86_64-linux-gnu:/opt/ros/humble/lib:/root/working/test_ws/yano_ws/install/dynamixel_workbench_toolbox/lib:/root/working/test_ws/yano_ws/install/dynamixel_workbench_msgs/lib:/root/working/test_ws/yano_ws/install/dynamixel_sdk_custom_interfaces/lib:/root/working/test_ws/yano_ws/install/dynamixel_sdk/lib /usr/bin/cmake --install /root/working/test_ws/yano_ws/build/flipper_driver
[1.469s] DEBUG:colcon.colcon_core.event_handler.log_command:Invoked command in '/root/working/test_ws/yano_ws/build/operator' returned '0': CMAKE_PREFIX_PATH=/root/working/test_ws/yano_ws/install/custom_interfaces:/root/working/test_ws/yano_ws/install/flipper_driver:/root/working/test_ws/yano_ws/install/crawler_driver:/root/working/test_ws/yano_ws/install/usb_camera:/root/working/test_ws/yano_ws/install/operator:/root/working/test_ws/yano_ws/install/flipper:/root/working/test_ws/yano_ws/install/dynamixel_workbench:/root/working/test_ws/yano_ws/install/dynamixel_workbench_toolbox:/root/working/test_ws/yano_ws/install/dynamixel_workbench_msgs:/root/working/test_ws/yano_ws/install/dynamixel_sdk_examples:/root/working/test_ws/yano_ws/install/dynamixel_sdk_custom_interfaces:/root/working/test_ws/yano_ws/install/dynamixel_sdk:/root/working/test_ws/yano_ws/install/driver:/opt/ros/humble LD_LIBRARY_PATH=/root/working/test_ws/yano_ws/install/custom_interfaces/lib:/opt/ros/humble/opt/rviz_ogre_vendor/lib:/opt/ros/humble/lib/x86_64-linux-gnu:/opt/ros/humble/lib:/root/working/test_ws/yano_ws/install/dynamixel_workbench_toolbox/lib:/root/working/test_ws/yano_ws/install/dynamixel_workbench_msgs/lib:/root/working/test_ws/yano_ws/install/dynamixel_sdk_custom_interfaces/lib:/root/working/test_ws/yano_ws/install/dynamixel_sdk/lib /usr/bin/cmake --build /root/working/test_ws/yano_ws/build/operator -- -j4 -l4
[1.473s] DEBUG:colcon.colcon_core.event_handler.log_command:Invoking command in '/root/working/test_ws/yano_ws/build/operator': CMAKE_PREFIX_PATH=/root/working/test_ws/yano_ws/install/custom_interfaces:/root/working/test_ws/yano_ws/install/flipper_driver:/root/working/test_ws/yano_ws/install/crawler_driver:/root/working/test_ws/yano_ws/install/usb_camera:/root/working/test_ws/yano_ws/install/operator:/root/working/test_ws/yano_ws/install/flipper:/root/working/test_ws/yano_ws/install/dynamixel_workbench:/root/working/test_ws/yano_ws/install/dynamixel_workbench_toolbox:/root/working/test_ws/yano_ws/install/dynamixel_workbench_msgs:/root/working/test_ws/yano_ws/install/dynamixel_sdk_examples:/root/working/test_ws/yano_ws/install/dynamixel_sdk_custom_interfaces:/root/working/test_ws/yano_ws/install/dynamixel_sdk:/root/working/test_ws/yano_ws/install/driver:/opt/ros/humble LD_LIBRARY_PATH=/root/working/test_ws/yano_ws/install/custom_interfaces/lib:/opt/ros/humble/opt/rviz_ogre_vendor/lib:/opt/ros/humble/lib/x86_64-linux-gnu:/opt/ros/humble/lib:/root/working/test_ws/yano_ws/install/dynamixel_workbench_toolbox/lib:/root/working/test_ws/yano_ws/install/dynamixel_workbench_msgs/lib:/root/working/test_ws/yano_ws/install/dynamixel_sdk_custom_interfaces/lib:/root/working/test_ws/yano_ws/install/dynamixel_sdk/lib /usr/bin/cmake --install /root/working/test_ws/yano_ws/build/operator
[1.477s] DEBUG:colcon.colcon_core.event_handler.log_command:Invoked command in '/root/working/test_ws/yano_ws/build/crawler_driver' returned '0': CMAKE_PREFIX_PATH=/root/working/test_ws/yano_ws/install/custom_interfaces:/root/working/test_ws/yano_ws/install/flipper_driver:/root/working/test_ws/yano_ws/install/crawler_driver:/root/working/test_ws/yano_ws/install/usb_camera:/root/working/test_ws/yano_ws/install/operator:/root/working/test_ws/yano_ws/install/flipper:/root/working/test_ws/yano_ws/install/dynamixel_workbench:/root/working/test_ws/yano_ws/install/dynamixel_workbench_toolbox:/root/working/test_ws/yano_ws/install/dynamixel_workbench_msgs:/root/working/test_ws/yano_ws/install/dynamixel_sdk_examples:/root/working/test_ws/yano_ws/install/dynamixel_sdk_custom_interfaces:/root/working/test_ws/yano_ws/install/dynamixel_sdk:/root/working/test_ws/yano_ws/install/driver:/opt/ros/humble LD_LIBRARY_PATH=/root/working/test_ws/yano_ws/install/custom_interfaces/lib:/opt/ros/humble/opt/rviz_ogre_vendor/lib:/opt/ros/humble/lib/x86_64-linux-gnu:/opt/ros/humble/lib:/root/working/test_ws/yano_ws/install/dynamixel_workbench_toolbox/lib:/root/working/test_ws/yano_ws/install/dynamixel_workbench_msgs/lib:/root/working/test_ws/yano_ws/install/dynamixel_sdk_custom_interfaces/lib:/root/working/test_ws/yano_ws/install/dynamixel_sdk/lib /usr/bin/cmake --build /root/working/test_ws/yano_ws/build/crawler_driver -- -j4 -l4
[1.479s] DEBUG:colcon.colcon_core.event_handler.log_command:Invoking command in '/root/working/test_ws/yano_ws/build/crawler_driver': CMAKE_PREFIX_PATH=/root/working/test_ws/yano_ws/install/custom_interfaces:/root/working/test_ws/yano_ws/install/flipper_driver:/root/working/test_ws/yano_ws/install/crawler_driver:/root/working/test_ws/yano_ws/install/usb_camera:/root/working/test_ws/yano_ws/install/operator:/root/working/test_ws/yano_ws/install/flipper:/root/working/test_ws/yano_ws/install/dynamixel_workbench:/root/working/test_ws/yano_ws/install/dynamixel_workbench_toolbox:/root/working/test_ws/yano_ws/install/dynamixel_workbench_msgs:/root/working/test_ws/yano_ws/install/dynamixel_sdk_examples:/root/working/test_ws/yano_ws/install/dynamixel_sdk_custom_interfaces:/root/working/test_ws/yano_ws/install/dynamixel_sdk:/root/working/test_ws/yano_ws/install/driver:/opt/ros/humble LD_LIBRARY_PATH=/root/working/test_ws/yano_ws/install/custom_interfaces/lib:/opt/ros/humble/opt/rviz_ogre_vendor/lib:/opt/ros/humble/lib/x86_64-linux-gnu:/opt/ros/humble/lib:/root/working/test_ws/yano_ws/install/dynamixel_workbench_toolbox/lib:/root/working/test_ws/yano_ws/install/dynamixel_workbench_msgs/lib:/root/working/test_ws/yano_ws/install/dynamixel_sdk_custom_interfaces/lib:/root/working/test_ws/yano_ws/install/dynamixel_sdk/lib /usr/bin/cmake --install /root/working/test_ws/yano_ws/build/crawler_driver
[1.489s] Level 1:colcon.colcon_core.environment:create_environment_scripts_only(flipper_driver)
[1.491s] Level 1:colcon.colcon_core.environment:checking '/root/working/test_ws/yano_ws/install/flipper_driver' for CMake module files
[1.498s] Level 1:colcon.colcon_core.environment:checking '/root/working/test_ws/yano_ws/install/flipper_driver' for CMake config files
[1.499s] DEBUG:colcon.colcon_core.event_handler.log_command:Invoked command in '/root/working/test_ws/yano_ws/build/flipper_driver' returned '0': CMAKE_PREFIX_PATH=/root/working/test_ws/yano_ws/install/custom_interfaces:/root/working/test_ws/yano_ws/install/flipper_driver:/root/working/test_ws/yano_ws/install/crawler_driver:/root/working/test_ws/yano_ws/install/usb_camera:/root/working/test_ws/yano_ws/install/operator:/root/working/test_ws/yano_ws/install/flipper:/root/working/test_ws/yano_ws/install/dynamixel_workbench:/root/working/test_ws/yano_ws/install/dynamixel_workbench_toolbox:/root/working/test_ws/yano_ws/install/dynamixel_workbench_msgs:/root/working/test_ws/yano_ws/install/dynamixel_sdk_examples:/root/working/test_ws/yano_ws/install/dynamixel_sdk_custom_interfaces:/root/working/test_ws/yano_ws/install/dynamixel_sdk:/root/working/test_ws/yano_ws/install/driver:/opt/ros/humble LD_LIBRARY_PATH=/root/working/test_ws/yano_ws/install/custom_interfaces/lib:/opt/ros/humble/opt/rviz_ogre_vendor/lib:/opt/ros/humble/lib/x86_64-linux-gnu:/opt/ros/humble/lib:/root/working/test_ws/yano_ws/install/dynamixel_workbench_toolbox/lib:/root/working/test_ws/yano_ws/install/dynamixel_workbench_msgs/lib:/root/working/test_ws/yano_ws/install/dynamixel_sdk_custom_interfaces/lib:/root/working/test_ws/yano_ws/install/dynamixel_sdk/lib /usr/bin/cmake --install /root/working/test_ws/yano_ws/build/flipper_driver
[1.502s] Level 1:colcon.colcon_core.shell:create_environment_hook('flipper_driver', 'cmake_prefix_path')
[1.503s] INFO:colcon.colcon_core.shell:Creating environment hook '/root/working/test_ws/yano_ws/install/flipper_driver/share/flipper_driver/hook/cmake_prefix_path.ps1'
[1.504s] INFO:colcon.colcon_core.shell:Creating environment descriptor '/root/working/test_ws/yano_ws/install/flipper_driver/share/flipper_driver/hook/cmake_prefix_path.dsv'
[1.504s] INFO:colcon.colcon_core.shell:Creating environment hook '/root/working/test_ws/yano_ws/install/flipper_driver/share/flipper_driver/hook/cmake_prefix_path.sh'
[1.505s] Level 1:colcon.colcon_core.environment:checking '/root/working/test_ws/yano_ws/install/flipper_driver/lib'
[1.505s] Level 1:colcon.colcon_core.environment:checking '/root/working/test_ws/yano_ws/install/flipper_driver/bin'
[1.505s] Level 1:colcon.colcon_core.environment:checking '/root/working/test_ws/yano_ws/install/flipper_driver/lib/pkgconfig/flipper_driver.pc'
[1.506s] Level 1:colcon.colcon_core.environment:checking '/root/working/test_ws/yano_ws/install/flipper_driver/lib/python3.10/site-packages'
[1.506s] Level 1:colcon.colcon_core.environment:checking '/root/working/test_ws/yano_ws/install/flipper_driver/bin'
[1.506s] INFO:colcon.colcon_core.shell:Creating package script '/root/working/test_ws/yano_ws/install/flipper_driver/share/flipper_driver/package.ps1'
[1.507s] INFO:colcon.colcon_core.shell:Creating package descriptor '/root/working/test_ws/yano_ws/install/flipper_driver/share/flipper_driver/package.dsv'
[1.507s] INFO:colcon.colcon_core.shell:Creating package script '/root/working/test_ws/yano_ws/install/flipper_driver/share/flipper_driver/package.sh'
[1.508s] INFO:colcon.colcon_core.shell:Creating package script '/root/working/test_ws/yano_ws/install/flipper_driver/share/flipper_driver/package.bash'
[1.509s] INFO:colcon.colcon_core.shell:Creating package script '/root/working/test_ws/yano_ws/install/flipper_driver/share/flipper_driver/package.zsh'
[1.509s] Level 1:colcon.colcon_core.environment:create_file_with_runtime_dependencies(/root/working/test_ws/yano_ws/install/flipper_driver/share/colcon-core/packages/flipper_driver)
[1.510s] Level 1:colcon.colcon_core.environment:create_environment_scripts_only(flipper_driver)
[1.511s] Level 1:colcon.colcon_core.environment:checking '/root/working/test_ws/yano_ws/install/flipper_driver' for CMake module files
[1.512s] Level 1:colcon.colcon_core.environment:checking '/root/working/test_ws/yano_ws/install/flipper_driver' for CMake config files
[1.512s] Level 1:colcon.colcon_core.shell:create_environment_hook('flipper_driver', 'cmake_prefix_path')
[1.512s] INFO:colcon.colcon_core.shell:Creating environment hook '/root/working/test_ws/yano_ws/install/flipper_driver/share/flipper_driver/hook/cmake_prefix_path.ps1'
[1.513s] INFO:colcon.colcon_core.shell:Creating environment descriptor '/root/working/test_ws/yano_ws/install/flipper_driver/share/flipper_driver/hook/cmake_prefix_path.dsv'
[1.513s] INFO:colcon.colcon_core.shell:Creating environment hook '/root/working/test_ws/yano_ws/install/flipper_driver/share/flipper_driver/hook/cmake_prefix_path.sh'
[1.514s] Level 1:colcon.colcon_core.environment:checking '/root/working/test_ws/yano_ws/install/flipper_driver/lib'
[1.514s] Level 1:colcon.colcon_core.environment:checking '/root/working/test_ws/yano_ws/install/flipper_driver/bin'
[1.515s] Level 1:colcon.colcon_core.environment:checking '/root/working/test_ws/yano_ws/install/flipper_driver/lib/pkgconfig/flipper_driver.pc'
[1.515s] Level 1:colcon.colcon_core.environment:checking '/root/working/test_ws/yano_ws/install/flipper_driver/lib/python3.10/site-packages'
[1.515s] Level 1:colcon.colcon_core.environment:checking '/root/working/test_ws/yano_ws/install/flipper_driver/bin'
[1.516s] INFO:colcon.colcon_core.shell:Creating package script '/root/working/test_ws/yano_ws/install/flipper_driver/share/flipper_driver/package.ps1'
[1.516s] INFO:colcon.colcon_core.shell:Creating package descriptor '/root/working/test_ws/yano_ws/install/flipper_driver/share/flipper_driver/package.dsv'
[1.517s] INFO:colcon.colcon_core.shell:Creating package script '/root/working/test_ws/yano_ws/install/flipper_driver/share/flipper_driver/package.sh'
[1.518s] INFO:colcon.colcon_core.shell:Creating package script '/root/working/test_ws/yano_ws/install/flipper_driver/share/flipper_driver/package.bash'
[1.518s] INFO:colcon.colcon_core.shell:Creating package script '/root/working/test_ws/yano_ws/install/flipper_driver/share/flipper_driver/package.zsh'
[1.519s] Level 1:colcon.colcon_core.environment:create_file_with_runtime_dependencies(/root/working/test_ws/yano_ws/install/flipper_driver/share/colcon-core/packages/flipper_driver)
[1.521s] Level 1:colcon.colcon_core.environment:create_environment_scripts_only(operator)
[1.522s] Level 1:colcon.colcon_core.environment:checking '/root/working/test_ws/yano_ws/install/operator' for CMake module files
[1.524s] DEBUG:colcon.colcon_core.event_handler.log_command:Invoked command in '/root/working/test_ws/yano_ws/build/operator' returned '0': CMAKE_PREFIX_PATH=/root/working/test_ws/yano_ws/install/custom_interfaces:/root/working/test_ws/yano_ws/install/flipper_driver:/root/working/test_ws/yano_ws/install/crawler_driver:/root/working/test_ws/yano_ws/install/usb_camera:/root/working/test_ws/yano_ws/install/operator:/root/working/test_ws/yano_ws/install/flipper:/root/working/test_ws/yano_ws/install/dynamixel_workbench:/root/working/test_ws/yano_ws/install/dynamixel_workbench_toolbox:/root/working/test_ws/yano_ws/install/dynamixel_workbench_msgs:/root/working/test_ws/yano_ws/install/dynamixel_sdk_examples:/root/working/test_ws/yano_ws/install/dynamixel_sdk_custom_interfaces:/root/working/test_ws/yano_ws/install/dynamixel_sdk:/root/working/test_ws/yano_ws/install/driver:/opt/ros/humble LD_LIBRARY_PATH=/root/working/test_ws/yano_ws/install/custom_interfaces/lib:/opt/ros/humble/opt/rviz_ogre_vendor/lib:/opt/ros/humble/lib/x86_64-linux-gnu:/opt/ros/humble/lib:/root/working/test_ws/yano_ws/install/dynamixel_workbench_toolbox/lib:/root/working/test_ws/yano_ws/install/dynamixel_workbench_msgs/lib:/root/working/test_ws/yano_ws/install/dynamixel_sdk_custom_interfaces/lib:/root/working/test_ws/yano_ws/install/dynamixel_sdk/lib /usr/bin/cmake --install /root/working/test_ws/yano_ws/build/operator
[1.524s] Level 1:colcon.colcon_core.environment:checking '/root/working/test_ws/yano_ws/install/operator' for CMake config files
[1.525s] Level 1:colcon.colcon_core.shell:create_environment_hook('operator', 'cmake_prefix_path')
[1.525s] INFO:colcon.colcon_core.shell:Creating environment hook '/root/working/test_ws/yano_ws/install/operator/share/operator/hook/cmake_prefix_path.ps1'
[1.526s] INFO:colcon.colcon_core.shell:Creating environment descriptor '/root/working/test_ws/yano_ws/install/operator/share/operator/hook/cmake_prefix_path.dsv'
[1.527s] INFO:colcon.colcon_core.shell:Creating environment hook '/root/working/test_ws/yano_ws/install/operator/share/operator/hook/cmake_prefix_path.sh'
[1.528s] Level 1:colcon.colcon_core.environment:checking '/root/working/test_ws/yano_ws/install/operator/lib'
[1.528s] Level 1:colcon.colcon_core.environment:checking '/root/working/test_ws/yano_ws/install/operator/bin'
[1.528s] Level 1:colcon.colcon_core.environment:checking '/root/working/test_ws/yano_ws/install/operator/lib/pkgconfig/operator.pc'
[1.529s] Level 1:colcon.colcon_core.environment:checking '/root/working/test_ws/yano_ws/install/operator/lib/python3.10/site-packages'
[1.530s] Level 1:colcon.colcon_core.environment:checking '/root/working/test_ws/yano_ws/install/operator/bin'
[1.531s] INFO:colcon.colcon_core.shell:Creating package script '/root/working/test_ws/yano_ws/install/operator/share/operator/package.ps1'
[1.532s] INFO:colcon.colcon_core.shell:Creating package descriptor '/root/working/test_ws/yano_ws/install/operator/share/operator/package.dsv'
[1.533s] INFO:colcon.colcon_core.shell:Creating package script '/root/working/test_ws/yano_ws/install/operator/share/operator/package.sh'
[1.534s] INFO:colcon.colcon_core.shell:Creating package script '/root/working/test_ws/yano_ws/install/operator/share/operator/package.bash'
[1.535s] INFO:colcon.colcon_core.shell:Creating package script '/root/working/test_ws/yano_ws/install/operator/share/operator/package.zsh'
[1.535s] Level 1:colcon.colcon_core.environment:create_file_with_runtime_dependencies(/root/working/test_ws/yano_ws/install/operator/share/colcon-core/packages/operator)
[1.536s] Level 1:colcon.colcon_core.environment:create_environment_scripts_only(operator)
[1.536s] Level 1:colcon.colcon_core.environment:checking '/root/working/test_ws/yano_ws/install/operator' for CMake module files
[1.537s] Level 1:colcon.colcon_core.environment:checking '/root/working/test_ws/yano_ws/install/operator' for CMake config files
[1.537s] Level 1:colcon.colcon_core.shell:create_environment_hook('operator', 'cmake_prefix_path')
[1.538s] INFO:colcon.colcon_core.shell:Creating environment hook '/root/working/test_ws/yano_ws/install/operator/share/operator/hook/cmake_prefix_path.ps1'
[1.539s] INFO:colcon.colcon_core.shell:Creating environment descriptor '/root/working/test_ws/yano_ws/install/operator/share/operator/hook/cmake_prefix_path.dsv'
[1.539s] INFO:colcon.colcon_core.shell:Creating environment hook '/root/working/test_ws/yano_ws/install/operator/share/operator/hook/cmake_prefix_path.sh'
[1.540s] Level 1:colcon.colcon_core.environment:checking '/root/working/test_ws/yano_ws/install/operator/lib'
[1.540s] Level 1:colcon.colcon_core.environment:checking '/root/working/test_ws/yano_ws/install/operator/bin'
[1.540s] Level 1:colcon.colcon_core.environment:checking '/root/working/test_ws/yano_ws/install/operator/lib/pkgconfig/operator.pc'
[1.541s] Level 1:colcon.colcon_core.environment:checking '/root/working/test_ws/yano_ws/install/operator/lib/python3.10/site-packages'
[1.541s] Level 1:colcon.colcon_core.environment:checking '/root/working/test_ws/yano_ws/install/operator/bin'
[1.542s] INFO:colcon.colcon_core.shell:Creating package script '/root/working/test_ws/yano_ws/install/operator/share/operator/package.ps1'
[1.543s] INFO:colcon.colcon_core.shell:Creating package descriptor '/root/working/test_ws/yano_ws/install/operator/share/operator/package.dsv'
[1.545s] INFO:colcon.colcon_core.shell:Creating package script '/root/working/test_ws/yano_ws/install/operator/share/operator/package.sh'
[1.546s] INFO:colcon.colcon_core.shell:Creating package script '/root/working/test_ws/yano_ws/install/operator/share/operator/package.bash'
[1.546s] INFO:colcon.colcon_core.shell:Creating package script '/root/working/test_ws/yano_ws/install/operator/share/operator/package.zsh'
[1.547s] Level 1:colcon.colcon_core.environment:create_file_with_runtime_dependencies(/root/working/test_ws/yano_ws/install/operator/share/colcon-core/packages/operator)
[1.547s] Level 1:colcon.colcon_core.environment:create_environment_scripts_only(crawler_driver)
[1.547s] Level 1:colcon.colcon_core.environment:checking '/root/working/test_ws/yano_ws/install/crawler_driver' for CMake module files
[1.549s] DEBUG:colcon.colcon_core.event_handler.log_command:Invoked command in '/root/working/test_ws/yano_ws/build/crawler_driver' returned '0': CMAKE_PREFIX_PATH=/root/working/test_ws/yano_ws/install/custom_interfaces:/root/working/test_ws/yano_ws/install/flipper_driver:/root/working/test_ws/yano_ws/install/crawler_driver:/root/working/test_ws/yano_ws/install/usb_camera:/root/working/test_ws/yano_ws/install/operator:/root/working/test_ws/yano_ws/install/flipper:/root/working/test_ws/yano_ws/install/dynamixel_workbench:/root/working/test_ws/yano_ws/install/dynamixel_workbench_toolbox:/root/working/test_ws/yano_ws/install/dynamixel_workbench_msgs:/root/working/test_ws/yano_ws/install/dynamixel_sdk_examples:/root/working/test_ws/yano_ws/install/dynamixel_sdk_custom_interfaces:/root/working/test_ws/yano_ws/install/dynamixel_sdk:/root/working/test_ws/yano_ws/install/driver:/opt/ros/humble LD_LIBRARY_PATH=/root/working/test_ws/yano_ws/install/custom_interfaces/lib:/opt/ros/humble/opt/rviz_ogre_vendor/lib:/opt/ros/humble/lib/x86_64-linux-gnu:/opt/ros/humble/lib:/root/working/test_ws/yano_ws/install/dynamixel_workbench_toolbox/lib:/root/working/test_ws/yano_ws/install/dynamixel_workbench_msgs/lib:/root/working/test_ws/yano_ws/install/dynamixel_sdk_custom_interfaces/lib:/root/working/test_ws/yano_ws/install/dynamixel_sdk/lib /usr/bin/cmake --install /root/working/test_ws/yano_ws/build/crawler_driver
[1.550s] Level 1:colcon.colcon_core.environment:checking '/root/working/test_ws/yano_ws/install/crawler_driver' for CMake config files
[1.550s] Level 1:colcon.colcon_core.shell:create_environment_hook('crawler_driver', 'cmake_prefix_path')
[1.551s] INFO:colcon.colcon_core.shell:Creating environment hook '/root/working/test_ws/yano_ws/install/crawler_driver/share/crawler_driver/hook/cmake_prefix_path.ps1'
[1.551s] INFO:colcon.colcon_core.shell:Creating environment descriptor '/root/working/test_ws/yano_ws/install/crawler_driver/share/crawler_driver/hook/cmake_prefix_path.dsv'
[1.552s] INFO:colcon.colcon_core.shell:Creating environment hook '/root/working/test_ws/yano_ws/install/crawler_driver/share/crawler_driver/hook/cmake_prefix_path.sh'
[1.553s] Level 1:colcon.colcon_core.environment:checking '/root/working/test_ws/yano_ws/install/crawler_driver/lib'
[1.553s] Level 1:colcon.colcon_core.environment:checking '/root/working/test_ws/yano_ws/install/crawler_driver/bin'
[1.553s] Level 1:colcon.colcon_core.environment:checking '/root/working/test_ws/yano_ws/install/crawler_driver/lib/pkgconfig/crawler_driver.pc'
[1.553s] Level 1:colcon.colcon_core.environment:checking '/root/working/test_ws/yano_ws/install/crawler_driver/lib/python3.10/site-packages'
[1.554s] Level 1:colcon.colcon_core.environment:checking '/root/working/test_ws/yano_ws/install/crawler_driver/bin'
[1.554s] INFO:colcon.colcon_core.shell:Creating package script '/root/working/test_ws/yano_ws/install/crawler_driver/share/crawler_driver/package.ps1'
[1.555s] INFO:colcon.colcon_core.shell:Creating package descriptor '/root/working/test_ws/yano_ws/install/crawler_driver/share/crawler_driver/package.dsv'
[1.555s] INFO:colcon.colcon_core.shell:Creating package script '/root/working/test_ws/yano_ws/install/crawler_driver/share/crawler_driver/package.sh'
[1.556s] INFO:colcon.colcon_core.shell:Creating package script '/root/working/test_ws/yano_ws/install/crawler_driver/share/crawler_driver/package.bash'
[1.556s] INFO:colcon.colcon_core.shell:Creating package script '/root/working/test_ws/yano_ws/install/crawler_driver/share/crawler_driver/package.zsh'
[1.557s] Level 1:colcon.colcon_core.environment:create_file_with_runtime_dependencies(/root/working/test_ws/yano_ws/install/crawler_driver/share/colcon-core/packages/crawler_driver)
[1.557s] Level 1:colcon.colcon_core.environment:create_environment_scripts_only(crawler_driver)
[1.558s] Level 1:colcon.colcon_core.environment:checking '/root/working/test_ws/yano_ws/install/crawler_driver' for CMake module files
[1.558s] Level 1:colcon.colcon_core.environment:checking '/root/working/test_ws/yano_ws/install/crawler_driver' for CMake config files
[1.559s] Level 1:colcon.colcon_core.shell:create_environment_hook('crawler_driver', 'cmake_prefix_path')
[1.559s] INFO:colcon.colcon_core.shell:Creating environment hook '/root/working/test_ws/yano_ws/install/crawler_driver/share/crawler_driver/hook/cmake_prefix_path.ps1'
[1.559s] INFO:colcon.colcon_core.shell:Creating environment descriptor '/root/working/test_ws/yano_ws/install/crawler_driver/share/crawler_driver/hook/cmake_prefix_path.dsv'
[1.560s] INFO:colcon.colcon_core.shell:Creating environment hook '/root/working/test_ws/yano_ws/install/crawler_driver/share/crawler_driver/hook/cmake_prefix_path.sh'
[1.561s] Level 1:colcon.colcon_core.environment:checking '/root/working/test_ws/yano_ws/install/crawler_driver/lib'
[1.561s] Level 1:colcon.colcon_core.environment:checking '/root/working/test_ws/yano_ws/install/crawler_driver/bin'
[1.561s] Level 1:colcon.colcon_core.environment:checking '/root/working/test_ws/yano_ws/install/crawler_driver/lib/pkgconfig/crawler_driver.pc'
[1.561s] Level 1:colcon.colcon_core.environment:checking '/root/working/test_ws/yano_ws/install/crawler_driver/lib/python3.10/site-packages'
[1.562s] Level 1:colcon.colcon_core.environment:checking '/root/working/test_ws/yano_ws/install/crawler_driver/bin'
[1.562s] INFO:colcon.colcon_core.shell:Creating package script '/root/working/test_ws/yano_ws/install/crawler_driver/share/crawler_driver/package.ps1'
[1.563s] INFO:colcon.colcon_core.shell:Creating package descriptor '/root/working/test_ws/yano_ws/install/crawler_driver/share/crawler_driver/package.dsv'
[1.564s] INFO:colcon.colcon_core.shell:Creating package script '/root/working/test_ws/yano_ws/install/crawler_driver/share/crawler_driver/package.sh'
[1.565s] INFO:colcon.colcon_core.shell:Creating package script '/root/working/test_ws/yano_ws/install/crawler_driver/share/crawler_driver/package.bash'
[1.566s] INFO:colcon.colcon_core.shell:Creating package script '/root/working/test_ws/yano_ws/install/crawler_driver/share/crawler_driver/package.zsh'
[1.566s] Level 1:colcon.colcon_core.environment:create_file_with_runtime_dependencies(/root/working/test_ws/yano_ws/install/crawler_driver/share/colcon-core/packages/crawler_driver)
[1.567s] DEBUG:colcon.colcon_parallel_executor.executor.parallel:closing loop
[1.567s] DEBUG:colcon.colcon_parallel_executor.executor.parallel:loop closed
[1.567s] DEBUG:colcon.colcon_parallel_executor.executor.parallel:run_until_complete finished with '0'
[1.567s] DEBUG:colcon.colcon_core.event_reactor:joining thread
[1.595s] INFO:colcon.colcon_core.plugin_system:Skipping extension 'colcon_notification.desktop_notification.notify_send': Could not find 'notify-send'
[1.595s] INFO:colcon.colcon_core.plugin_system:Skipping extension 'colcon_notification.desktop_notification.terminal_notifier': Not used on non-Darwin systems
[1.595s] INFO:colcon.colcon_core.plugin_system:Skipping extension 'colcon_notification.desktop_notification.win32': Not used on non-Windows systems
[1.595s] INFO:colcon.colcon_notification.desktop_notification:Sending desktop notification using 'notify2'
[1.596s] DEBUG:colcon.colcon_notification.desktop_notification.notify2:Failed to initialize notify2: org.freedesktop.DBus.Error.NotSupported: Unable to autolaunch a dbus-daemon without a $DISPLAY for X11
[1.596s] DEBUG:colcon.colcon_core.event_reactor:joined thread
[1.596s] INFO:colcon.colcon_core.shell:Creating prefix script '/root/working/test_ws/yano_ws/install/local_setup.ps1'
[1.598s] INFO:colcon.colcon_core.shell:Creating prefix util module '/root/working/test_ws/yano_ws/install/_local_setup_util_ps1.py'
[1.600s] INFO:colcon.colcon_core.shell:Creating prefix chain script '/root/working/test_ws/yano_ws/install/setup.ps1'
[1.602s] INFO:colcon.colcon_core.shell:Creating prefix script '/root/working/test_ws/yano_ws/install/local_setup.sh'
[1.602s] INFO:colcon.colcon_core.shell:Creating prefix util module '/root/working/test_ws/yano_ws/install/_local_setup_util_sh.py'
[1.603s] INFO:colcon.colcon_core.shell:Creating prefix chain script '/root/working/test_ws/yano_ws/install/setup.sh'
[1.605s] INFO:colcon.colcon_core.shell:Creating prefix script '/root/working/test_ws/yano_ws/install/local_setup.bash'
[1.605s] INFO:colcon.colcon_core.shell:Creating prefix chain script '/root/working/test_ws/yano_ws/install/setup.bash'
[1.607s] INFO:colcon.colcon_core.shell:Creating prefix script '/root/working/test_ws/yano_ws/install/local_setup.zsh'
[1.608s] INFO:colcon.colcon_core.shell:Creating prefix chain script '/root/working/test_ws/yano_ws/install/setup.zsh'
