[0.141s] DEBUG:colcon:Command line arguments: ['/usr/bin/colcon', 'build']
[0.142s] DEBUG:colcon:Parsed command line arguments: Namespace(log_base=None, log_level=None, verb_name='build', build_base='build', install_base='install', merge_install=False, symlink_install=False, test_result_base=None, continue_on_error=False, executor='parallel', parallel_workers=4, event_handlers=None, ignore_user_meta=False, metas=['./colcon.meta'], base_paths=['.'], packages_ignore=None, packages_ignore_regex=None, paths=None, packages_up_to=None, packages_up_to_regex=None, packages_above=None, packages_above_and_dependencies=None, packages_above_depth=None, packages_select_by_dep=None, packages_skip_by_dep=None, packages_skip_up_to=None, packages_select_build_failed=False, packages_skip_build_finished=False, packages_select_test_failures=False, packages_skip_test_passed=False, packages_select=None, packages_skip=None, packages_select_regex=None, packages_skip_regex=None, packages_start=None, packages_end=None, cmake_args=None, cmake_target=None, cmake_target_skip_unavailable=False, cmake_clean_cache=False, cmake_clean_first=False, cmake_force_configure=False, ament_cmake_args=None, catkin_cmake_args=None, catkin_skip_building_tests=False, mixin_files=None, mixin=None, verb_parser=<colcon_mixin.mixin.mixin_argument.MixinArgumentDecorator object at 0x774c078ee650>, verb_extension=<colcon_core.verb.build.BuildVerb object at 0x774c079db610>, main=<bound method BuildVerb.main of <colcon_core.verb.build.BuildVerb object at 0x774c079db610>>, mixin_verb=('build',))
[0.309s] Level 1:colcon.colcon_core.package_discovery:discover_packages(colcon_meta) check parameters
[0.310s] INFO:colcon.colcon_metadata.package_discovery.colcon_meta:Using configuration from '/root/.colcon/metadata/default/Gazebo.meta'
[0.311s] INFO:colcon.colcon_metadata.package_discovery.colcon_meta:Using configuration from '/root/.colcon/metadata/default/fastrtps.meta'
[0.311s] Level 1:colcon.colcon_core.package_discovery:discover_packages(recursive) check parameters
[0.311s] Level 1:colcon.colcon_core.package_discovery:discover_packages(ignore) check parameters
[0.311s] Level 1:colcon.colcon_core.package_discovery:discover_packages(path) check parameters
[0.311s] Level 1:colcon.colcon_core.package_discovery:discover_packages(colcon_meta) discover
[0.311s] Level 1:colcon.colcon_core.package_discovery:discover_packages(recursive) discover
[0.311s] INFO:colcon.colcon_core.package_discovery:Crawling recursively for packages in '/root/working/rodep_ros2/yano_ws'
[0.311s] Level 1:colcon.colcon_core.package_identification:_identify(.) by extensions ['ignore', 'ignore_ament_install']
[0.311s] Level 1:colcon.colcon_core.package_identification:_identify(.) by extension 'ignore'
[0.311s] Level 1:colcon.colcon_core.package_identification:_identify(.) by extension 'ignore_ament_install'
[0.311s] Level 1:colcon.colcon_core.package_identification:_identify(.) by extensions ['colcon_pkg']
[0.311s] Level 1:colcon.colcon_core.package_identification:_identify(.) by extension 'colcon_pkg'
[0.311s] Level 1:colcon.colcon_core.package_identification:_identify(.) by extensions ['colcon_meta']
[0.311s] Level 1:colcon.colcon_core.package_identification:_identify(.) by extension 'colcon_meta'
[0.311s] Level 1:colcon.colcon_core.package_identification:_identify(.) by extensions ['ros']
[0.312s] Level 1:colcon.colcon_core.package_identification:_identify(.) by extension 'ros'
[0.326s] Level 1:colcon.colcon_core.package_identification:_identify(.) by extensions ['cmake', 'python']
[0.326s] Level 1:colcon.colcon_core.package_identification:_identify(.) by extension 'cmake'
[0.326s] Level 1:colcon.colcon_core.package_identification:_identify(.) by extension 'python'
[0.326s] Level 1:colcon.colcon_core.package_identification:_identify(.) by extensions ['python_setup_py']
[0.326s] Level 1:colcon.colcon_core.package_identification:_identify(.) by extension 'python_setup_py'
[0.326s] Level 1:colcon.colcon_core.package_identification:_identify(build) by extensions ['ignore', 'ignore_ament_install']
[0.326s] Level 1:colcon.colcon_core.package_identification:_identify(build) by extension 'ignore'
[0.326s] Level 1:colcon.colcon_core.package_identification:_identify(build) ignored
[0.326s] Level 1:colcon.colcon_core.package_identification:_identify(install) by extensions ['ignore', 'ignore_ament_install']
[0.327s] Level 1:colcon.colcon_core.package_identification:_identify(install) by extension 'ignore'
[0.327s] Level 1:colcon.colcon_core.package_identification:_identify(install) ignored
[0.327s] Level 1:colcon.colcon_core.package_identification:_identify(log) by extensions ['ignore', 'ignore_ament_install']
[0.327s] Level 1:colcon.colcon_core.package_identification:_identify(log) by extension 'ignore'
[0.327s] Level 1:colcon.colcon_core.package_identification:_identify(log) ignored
[0.327s] Level 1:colcon.colcon_core.package_identification:_identify(src) by extensions ['ignore', 'ignore_ament_install']
[0.327s] Level 1:colcon.colcon_core.package_identification:_identify(src) by extension 'ignore'
[0.327s] Level 1:colcon.colcon_core.package_identification:_identify(src) by extension 'ignore_ament_install'
[0.327s] Level 1:colcon.colcon_core.package_identification:_identify(src) by extensions ['colcon_pkg']
[0.327s] Level 1:colcon.colcon_core.package_identification:_identify(src) by extension 'colcon_pkg'
[0.327s] Level 1:colcon.colcon_core.package_identification:_identify(src) by extensions ['colcon_meta']
[0.327s] Level 1:colcon.colcon_core.package_identification:_identify(src) by extension 'colcon_meta'
[0.327s] Level 1:colcon.colcon_core.package_identification:_identify(src) by extensions ['ros']
[0.327s] Level 1:colcon.colcon_core.package_identification:_identify(src) by extension 'ros'
[0.327s] Level 1:colcon.colcon_core.package_identification:_identify(src) by extensions ['cmake', 'python']
[0.328s] Level 1:colcon.colcon_core.package_identification:_identify(src) by extension 'cmake'
[0.328s] Level 1:colcon.colcon_core.package_identification:_identify(src) by extension 'python'
[0.328s] Level 1:colcon.colcon_core.package_identification:_identify(src) by extensions ['python_setup_py']
[0.328s] Level 1:colcon.colcon_core.package_identification:_identify(src) by extension 'python_setup_py'
[0.328s] Level 1:colcon.colcon_core.package_identification:_identify(src/driver) by extensions ['ignore', 'ignore_ament_install']
[0.328s] Level 1:colcon.colcon_core.package_identification:_identify(src/driver) by extension 'ignore'
[0.328s] Level 1:colcon.colcon_core.package_identification:_identify(src/driver) by extension 'ignore_ament_install'
[0.328s] Level 1:colcon.colcon_core.package_identification:_identify(src/driver) by extensions ['colcon_pkg']
[0.328s] Level 1:colcon.colcon_core.package_identification:_identify(src/driver) by extension 'colcon_pkg'
[0.328s] Level 1:colcon.colcon_core.package_identification:_identify(src/driver) by extensions ['colcon_meta']
[0.328s] Level 1:colcon.colcon_core.package_identification:_identify(src/driver) by extension 'colcon_meta'
[0.328s] Level 1:colcon.colcon_core.package_identification:_identify(src/driver) by extensions ['ros']
[0.328s] Level 1:colcon.colcon_core.package_identification:_identify(src/driver) by extension 'ros'
[0.331s] DEBUG:colcon.colcon_core.package_identification:Package 'src/driver' with type 'ros.ament_cmake' and name 'driver'
[0.331s] Level 1:colcon.colcon_core.package_identification:_identify(src/operator) by extensions ['ignore', 'ignore_ament_install']
[0.331s] Level 1:colcon.colcon_core.package_identification:_identify(src/operator) by extension 'ignore'
[0.331s] Level 1:colcon.colcon_core.package_identification:_identify(src/operator) by extension 'ignore_ament_install'
[0.331s] Level 1:colcon.colcon_core.package_identification:_identify(src/operator) by extensions ['colcon_pkg']
[0.331s] Level 1:colcon.colcon_core.package_identification:_identify(src/operator) by extension 'colcon_pkg'
[0.331s] Level 1:colcon.colcon_core.package_identification:_identify(src/operator) by extensions ['colcon_meta']
[0.331s] Level 1:colcon.colcon_core.package_identification:_identify(src/operator) by extension 'colcon_meta'
[0.332s] Level 1:colcon.colcon_core.package_identification:_identify(src/operator) by extensions ['ros']
[0.332s] Level 1:colcon.colcon_core.package_identification:_identify(src/operator) by extension 'ros'
[0.333s] DEBUG:colcon.colcon_core.package_identification:Package 'src/operator' with type 'ros.ament_cmake' and name 'operator'
[0.333s] Level 1:colcon.colcon_core.package_discovery:discover_packages(recursive) using defaults
[0.333s] Level 1:colcon.colcon_core.package_discovery:discover_packages(ignore) discover
[0.333s] Level 1:colcon.colcon_core.package_discovery:discover_packages(ignore) using defaults
[0.333s] Level 1:colcon.colcon_core.package_discovery:discover_packages(path) discover
[0.333s] Level 1:colcon.colcon_core.package_discovery:discover_packages(path) using defaults
[0.356s] Level 5:colcon.colcon_core.verb:set package 'driver' build argument 'cmake_args' from command line to 'None'
[0.356s] Level 5:colcon.colcon_core.verb:set package 'driver' build argument 'cmake_target' from command line to 'None'
[0.356s] Level 5:colcon.colcon_core.verb:set package 'driver' build argument 'cmake_target_skip_unavailable' from command line to 'False'
[0.356s] Level 5:colcon.colcon_core.verb:set package 'driver' build argument 'cmake_clean_cache' from command line to 'False'
[0.356s] Level 5:colcon.colcon_core.verb:set package 'driver' build argument 'cmake_clean_first' from command line to 'False'
[0.356s] Level 5:colcon.colcon_core.verb:set package 'driver' build argument 'cmake_force_configure' from command line to 'False'
[0.356s] Level 5:colcon.colcon_core.verb:set package 'driver' build argument 'ament_cmake_args' from command line to 'None'
[0.356s] Level 5:colcon.colcon_core.verb:set package 'driver' build argument 'catkin_cmake_args' from command line to 'None'
[0.356s] Level 5:colcon.colcon_core.verb:set package 'driver' build argument 'catkin_skip_building_tests' from command line to 'False'
[0.356s] DEBUG:colcon.colcon_core.verb:Building package 'driver' with the following arguments: {'ament_cmake_args': None, 'build_base': '/root/working/rodep_ros2/yano_ws/build/driver', 'catkin_cmake_args': None, 'catkin_skip_building_tests': False, 'cmake_args': None, 'cmake_clean_cache': False, 'cmake_clean_first': False, 'cmake_force_configure': False, 'cmake_target': None, 'cmake_target_skip_unavailable': False, 'install_base': '/root/working/rodep_ros2/yano_ws/install/driver', 'merge_install': False, 'path': '/root/working/rodep_ros2/yano_ws/src/driver', 'symlink_install': False, 'test_result_base': None}
[0.357s] Level 5:colcon.colcon_core.verb:set package 'operator' build argument 'cmake_args' from command line to 'None'
[0.357s] Level 5:colcon.colcon_core.verb:set package 'operator' build argument 'cmake_target' from command line to 'None'
[0.357s] Level 5:colcon.colcon_core.verb:set package 'operator' build argument 'cmake_target_skip_unavailable' from command line to 'False'
[0.357s] Level 5:colcon.colcon_core.verb:set package 'operator' build argument 'cmake_clean_cache' from command line to 'False'
[0.357s] Level 5:colcon.colcon_core.verb:set package 'operator' build argument 'cmake_clean_first' from command line to 'False'
[0.357s] Level 5:colcon.colcon_core.verb:set package 'operator' build argument 'cmake_force_configure' from command line to 'False'
[0.357s] Level 5:colcon.colcon_core.verb:set package 'operator' build argument 'ament_cmake_args' from command line to 'None'
[0.357s] Level 5:colcon.colcon_core.verb:set package 'operator' build argument 'catkin_cmake_args' from command line to 'None'
[0.357s] Level 5:colcon.colcon_core.verb:set package 'operator' build argument 'catkin_skip_building_tests' from command line to 'False'
[0.357s] DEBUG:colcon.colcon_core.verb:Building package 'operator' with the following arguments: {'ament_cmake_args': None, 'build_base': '/root/working/rodep_ros2/yano_ws/build/operator', 'catkin_cmake_args': None, 'catkin_skip_building_tests': False, 'cmake_args': None, 'cmake_clean_cache': False, 'cmake_clean_first': False, 'cmake_force_configure': False, 'cmake_target': None, 'cmake_target_skip_unavailable': False, 'install_base': '/root/working/rodep_ros2/yano_ws/install/operator', 'merge_install': False, 'path': '/root/working/rodep_ros2/yano_ws/src/operator', 'symlink_install': False, 'test_result_base': None}
[0.357s] INFO:colcon.colcon_core.executor:Executing jobs using 'parallel' executor
[0.359s] DEBUG:colcon.colcon_parallel_executor.executor.parallel:run_until_complete
[0.359s] INFO:colcon.colcon_ros.task.ament_cmake.build:Building ROS package in '/root/working/rodep_ros2/yano_ws/src/driver' with build type 'ament_cmake'
[0.359s] INFO:colcon.colcon_cmake.task.cmake.build:Building CMake package in '/root/working/rodep_ros2/yano_ws/src/driver'
[0.364s] INFO:colcon.colcon_core.plugin_system:Skipping extension 'colcon_core.shell.bat': Not used on non-Windows systems
[0.364s] INFO:colcon.colcon_core.shell:Skip shell extension 'powershell' for command environment: Not usable outside of PowerShell
[0.364s] DEBUG:colcon.colcon_core.shell:Skip shell extension 'dsv' for command environment
[0.374s] INFO:colcon.colcon_ros.task.ament_cmake.build:Building ROS package in '/root/working/rodep_ros2/yano_ws/src/operator' with build type 'ament_cmake'
[0.374s] INFO:colcon.colcon_cmake.task.cmake.build:Building CMake package in '/root/working/rodep_ros2/yano_ws/src/operator'
[0.375s] INFO:colcon.colcon_core.shell:Skip shell extension 'powershell' for command environment: Not usable outside of PowerShell
[0.375s] DEBUG:colcon.colcon_core.shell:Skip shell extension 'dsv' for command environment
[0.387s] DEBUG:colcon.colcon_core.event_handler.log_command:Invoking command in '/root/working/rodep_ros2/yano_ws/build/driver': CMAKE_PREFIX_PATH=/opt/ros/humble /usr/bin/cmake --build /root/working/rodep_ros2/yano_ws/build/driver -- -j4 -l4
[0.392s] DEBUG:colcon.colcon_core.event_handler.log_command:Invoking command in '/root/working/rodep_ros2/yano_ws/build/operator': CMAKE_PREFIX_PATH=/opt/ros/humble /usr/bin/cmake --build /root/working/rodep_ros2/yano_ws/build/operator -- -j4 -l4
[1.170s] DEBUG:colcon.colcon_core.event_handler.log_command:Invoked command in '/root/working/rodep_ros2/yano_ws/build/operator' returned '0': CMAKE_PREFIX_PATH=/opt/ros/humble /usr/bin/cmake --build /root/working/rodep_ros2/yano_ws/build/operator -- -j4 -l4
[1.182s] DEBUG:colcon.colcon_core.event_handler.log_command:Invoking command in '/root/working/rodep_ros2/yano_ws/build/operator': CMAKE_PREFIX_PATH=/opt/ros/humble /usr/bin/cmake --install /root/working/rodep_ros2/yano_ws/build/operator
[1.197s] Level 1:colcon.colcon_core.environment:create_environment_scripts_only(operator)
[1.197s] DEBUG:colcon.colcon_core.event_handler.log_command:Invoked command in '/root/working/rodep_ros2/yano_ws/build/operator' returned '0': CMAKE_PREFIX_PATH=/opt/ros/humble /usr/bin/cmake --install /root/working/rodep_ros2/yano_ws/build/operator
[1.201s] Level 1:colcon.colcon_core.environment:checking '/root/working/rodep_ros2/yano_ws/install/operator' for CMake module files
[1.202s] Level 1:colcon.colcon_core.environment:checking '/root/working/rodep_ros2/yano_ws/install/operator' for CMake config files
[1.202s] Level 1:colcon.colcon_core.shell:create_environment_hook('operator', 'cmake_prefix_path')
[1.203s] INFO:colcon.colcon_core.shell:Creating environment hook '/root/working/rodep_ros2/yano_ws/install/operator/share/operator/hook/cmake_prefix_path.ps1'
[1.204s] INFO:colcon.colcon_core.shell:Creating environment descriptor '/root/working/rodep_ros2/yano_ws/install/operator/share/operator/hook/cmake_prefix_path.dsv'
[1.205s] INFO:colcon.colcon_core.shell:Creating environment hook '/root/working/rodep_ros2/yano_ws/install/operator/share/operator/hook/cmake_prefix_path.sh'
[1.206s] Level 1:colcon.colcon_core.environment:checking '/root/working/rodep_ros2/yano_ws/install/operator/lib'
[1.207s] Level 1:colcon.colcon_core.environment:checking '/root/working/rodep_ros2/yano_ws/install/operator/bin'
[1.207s] Level 1:colcon.colcon_core.environment:checking '/root/working/rodep_ros2/yano_ws/install/operator/lib/pkgconfig/operator.pc'
[1.210s] Level 1:colcon.colcon_core.environment:checking '/root/working/rodep_ros2/yano_ws/install/operator/lib/python3.10/site-packages'
[1.210s] Level 1:colcon.colcon_core.environment:checking '/root/working/rodep_ros2/yano_ws/install/operator/bin'
[1.210s] INFO:colcon.colcon_core.shell:Creating package script '/root/working/rodep_ros2/yano_ws/install/operator/share/operator/package.ps1'
[1.211s] INFO:colcon.colcon_core.shell:Creating package descriptor '/root/working/rodep_ros2/yano_ws/install/operator/share/operator/package.dsv'
[1.212s] INFO:colcon.colcon_core.shell:Creating package script '/root/working/rodep_ros2/yano_ws/install/operator/share/operator/package.sh'
[1.213s] INFO:colcon.colcon_core.shell:Creating package script '/root/working/rodep_ros2/yano_ws/install/operator/share/operator/package.bash'
[1.214s] INFO:colcon.colcon_core.shell:Creating package script '/root/working/rodep_ros2/yano_ws/install/operator/share/operator/package.zsh'
[1.215s] Level 1:colcon.colcon_core.environment:create_file_with_runtime_dependencies(/root/working/rodep_ros2/yano_ws/install/operator/share/colcon-core/packages/operator)
[1.215s] Level 1:colcon.colcon_core.environment:create_environment_scripts_only(operator)
[1.216s] Level 1:colcon.colcon_core.environment:checking '/root/working/rodep_ros2/yano_ws/install/operator' for CMake module files
[1.216s] Level 1:colcon.colcon_core.environment:checking '/root/working/rodep_ros2/yano_ws/install/operator' for CMake config files
[1.216s] Level 1:colcon.colcon_core.shell:create_environment_hook('operator', 'cmake_prefix_path')
[1.217s] INFO:colcon.colcon_core.shell:Creating environment hook '/root/working/rodep_ros2/yano_ws/install/operator/share/operator/hook/cmake_prefix_path.ps1'
[1.217s] INFO:colcon.colcon_core.shell:Creating environment descriptor '/root/working/rodep_ros2/yano_ws/install/operator/share/operator/hook/cmake_prefix_path.dsv'
[1.218s] INFO:colcon.colcon_core.shell:Creating environment hook '/root/working/rodep_ros2/yano_ws/install/operator/share/operator/hook/cmake_prefix_path.sh'
[1.218s] Level 1:colcon.colcon_core.environment:checking '/root/working/rodep_ros2/yano_ws/install/operator/lib'
[1.218s] Level 1:colcon.colcon_core.environment:checking '/root/working/rodep_ros2/yano_ws/install/operator/bin'
[1.218s] Level 1:colcon.colcon_core.environment:checking '/root/working/rodep_ros2/yano_ws/install/operator/lib/pkgconfig/operator.pc'
[1.219s] Level 1:colcon.colcon_core.environment:checking '/root/working/rodep_ros2/yano_ws/install/operator/lib/python3.10/site-packages'
[1.219s] Level 1:colcon.colcon_core.environment:checking '/root/working/rodep_ros2/yano_ws/install/operator/bin'
[1.219s] INFO:colcon.colcon_core.shell:Creating package script '/root/working/rodep_ros2/yano_ws/install/operator/share/operator/package.ps1'
[1.220s] INFO:colcon.colcon_core.shell:Creating package descriptor '/root/working/rodep_ros2/yano_ws/install/operator/share/operator/package.dsv'
[1.220s] INFO:colcon.colcon_core.shell:Creating package script '/root/working/rodep_ros2/yano_ws/install/operator/share/operator/package.sh'
[1.221s] INFO:colcon.colcon_core.shell:Creating package script '/root/working/rodep_ros2/yano_ws/install/operator/share/operator/package.bash'
[1.221s] INFO:colcon.colcon_core.shell:Creating package script '/root/working/rodep_ros2/yano_ws/install/operator/share/operator/package.zsh'
[1.222s] Level 1:colcon.colcon_core.environment:create_file_with_runtime_dependencies(/root/working/rodep_ros2/yano_ws/install/operator/share/colcon-core/packages/operator)
[6.734s] DEBUG:colcon.colcon_core.event_handler.log_command:Invoked command in '/root/working/rodep_ros2/yano_ws/build/driver' returned '2': CMAKE_PREFIX_PATH=/opt/ros/humble /usr/bin/cmake --build /root/working/rodep_ros2/yano_ws/build/driver -- -j4 -l4
[6.735s] Level 1:colcon.colcon_core.environment:create_environment_scripts_only(driver)
[6.735s] Level 1:colcon.colcon_core.environment:checking '/root/working/rodep_ros2/yano_ws/install/driver' for CMake module files
[6.735s] Level 1:colcon.colcon_core.environment:checking '/root/working/rodep_ros2/yano_ws/install/driver' for CMake config files
[6.736s] Level 1:colcon.colcon_core.shell:create_environment_hook('driver', 'cmake_prefix_path')
[6.736s] INFO:colcon.colcon_core.shell:Creating environment hook '/root/working/rodep_ros2/yano_ws/install/driver/share/driver/hook/cmake_prefix_path.ps1'
[6.737s] INFO:colcon.colcon_core.shell:Creating environment descriptor '/root/working/rodep_ros2/yano_ws/install/driver/share/driver/hook/cmake_prefix_path.dsv'
[6.737s] INFO:colcon.colcon_core.shell:Creating environment hook '/root/working/rodep_ros2/yano_ws/install/driver/share/driver/hook/cmake_prefix_path.sh'
[6.738s] Level 1:colcon.colcon_core.environment:checking '/root/working/rodep_ros2/yano_ws/install/driver/bin'
[6.738s] Level 1:colcon.colcon_core.environment:checking '/root/working/rodep_ros2/yano_ws/install/driver/lib/pkgconfig/driver.pc'
[6.738s] Level 1:colcon.colcon_core.environment:checking '/root/working/rodep_ros2/yano_ws/install/driver/lib/python3.10/site-packages'
[6.738s] Level 1:colcon.colcon_core.environment:checking '/root/working/rodep_ros2/yano_ws/install/driver/bin'
[6.738s] INFO:colcon.colcon_core.shell:Creating package script '/root/working/rodep_ros2/yano_ws/install/driver/share/driver/package.ps1'
[6.739s] INFO:colcon.colcon_core.shell:Creating package descriptor '/root/working/rodep_ros2/yano_ws/install/driver/share/driver/package.dsv'
[6.740s] INFO:colcon.colcon_core.shell:Creating package script '/root/working/rodep_ros2/yano_ws/install/driver/share/driver/package.sh'
[6.740s] INFO:colcon.colcon_core.shell:Creating package script '/root/working/rodep_ros2/yano_ws/install/driver/share/driver/package.bash'
[6.741s] INFO:colcon.colcon_core.shell:Creating package script '/root/working/rodep_ros2/yano_ws/install/driver/share/driver/package.zsh'
[6.741s] Level 1:colcon.colcon_core.environment:create_file_with_runtime_dependencies(/root/working/rodep_ros2/yano_ws/install/driver/share/colcon-core/packages/driver)
[6.752s] DEBUG:colcon.colcon_parallel_executor.executor.parallel:closing loop
[6.752s] DEBUG:colcon.colcon_parallel_executor.executor.parallel:loop closed
[6.752s] DEBUG:colcon.colcon_parallel_executor.executor.parallel:run_until_complete finished with '2'
[6.752s] DEBUG:colcon.colcon_core.event_reactor:joining thread
[6.759s] INFO:colcon.colcon_core.plugin_system:Skipping extension 'colcon_notification.desktop_notification.notify_send': Could not find 'notify-send'
[6.759s] INFO:colcon.colcon_core.plugin_system:Skipping extension 'colcon_notification.desktop_notification.terminal_notifier': Not used on non-Darwin systems
[6.759s] INFO:colcon.colcon_core.plugin_system:Skipping extension 'colcon_notification.desktop_notification.win32': Not used on non-Windows systems
[6.759s] INFO:colcon.colcon_notification.desktop_notification:Sending desktop notification using 'notify2'
[6.760s] DEBUG:colcon.colcon_notification.desktop_notification.notify2:Failed to initialize notify2: org.freedesktop.DBus.Error.NotSupported: Unable to autolaunch a dbus-daemon without a $DISPLAY for X11
[6.760s] DEBUG:colcon.colcon_core.event_reactor:joined thread
[6.760s] INFO:colcon.colcon_core.shell:Creating prefix script '/root/working/rodep_ros2/yano_ws/install/local_setup.ps1'
[6.761s] INFO:colcon.colcon_core.shell:Creating prefix util module '/root/working/rodep_ros2/yano_ws/install/_local_setup_util_ps1.py'
[6.763s] INFO:colcon.colcon_core.shell:Creating prefix chain script '/root/working/rodep_ros2/yano_ws/install/setup.ps1'
[6.764s] INFO:colcon.colcon_core.shell:Creating prefix script '/root/working/rodep_ros2/yano_ws/install/local_setup.sh'
[6.765s] INFO:colcon.colcon_core.shell:Creating prefix util module '/root/working/rodep_ros2/yano_ws/install/_local_setup_util_sh.py'
[6.765s] INFO:colcon.colcon_core.shell:Creating prefix chain script '/root/working/rodep_ros2/yano_ws/install/setup.sh'
[6.767s] INFO:colcon.colcon_core.shell:Creating prefix script '/root/working/rodep_ros2/yano_ws/install/local_setup.bash'
[6.768s] INFO:colcon.colcon_core.shell:Creating prefix chain script '/root/working/rodep_ros2/yano_ws/install/setup.bash'
[6.785s] INFO:colcon.colcon_core.shell:Creating prefix script '/root/working/rodep_ros2/yano_ws/install/local_setup.zsh'
[6.785s] INFO:colcon.colcon_core.shell:Creating prefix chain script '/root/working/rodep_ros2/yano_ws/install/setup.zsh'
