[0.018s] Invoking command in '/root/working/rodep_ros2/yano_ws/build/operator': AMENT_PREFIX_PATH=/root/working/rodep_ros2/yano_ws/install/custom_interfaces:${AMENT_PREFIX_PATH} CMAKE_PREFIX_PATH=/root/working/rodep_ros2/yano_ws/install/custom_interfaces:/opt/ros/humble LD_LIBRARY_PATH=/root/working/rodep_ros2/yano_ws/install/custom_interfaces/lib:${LD_LIBRARY_PATH} PYTHONPATH=/root/working/rodep_ros2/yano_ws/install/custom_interfaces/local/lib/python3.10/dist-packages:${PYTHONPATH} /usr/bin/cmake --build /root/working/rodep_ros2/yano_ws/build/operator -- -j4 -l4
[0.075s] [35m[1mConsolidate compiler generated dependencies of target operator_node[0m
[0.100s] [ 50%] [32mBuilding CXX object CMakeFiles/operator_node.dir/src/operator.cpp.o[0m
[10.832s] [100%] [32m[1mLinking CXX executable operator_node[0m
[11.462s] [100%] Built target operator_node
[11.477s] Invoked command in '/root/working/rodep_ros2/yano_ws/build/operator' returned '0': AMENT_PREFIX_PATH=/root/working/rodep_ros2/yano_ws/install/custom_interfaces:${AMENT_PREFIX_PATH} CMAKE_PREFIX_PATH=/root/working/rodep_ros2/yano_ws/install/custom_interfaces:/opt/ros/humble LD_LIBRARY_PATH=/root/working/rodep_ros2/yano_ws/install/custom_interfaces/lib:${LD_LIBRARY_PATH} PYTHONPATH=/root/working/rodep_ros2/yano_ws/install/custom_interfaces/local/lib/python3.10/dist-packages:${PYTHONPATH} /usr/bin/cmake --build /root/working/rodep_ros2/yano_ws/build/operator -- -j4 -l4
[11.478s] Invoking command in '/root/working/rodep_ros2/yano_ws/build/operator': AMENT_PREFIX_PATH=/root/working/rodep_ros2/yano_ws/install/custom_interfaces:${AMENT_PREFIX_PATH} CMAKE_PREFIX_PATH=/root/working/rodep_ros2/yano_ws/install/custom_interfaces:/opt/ros/humble LD_LIBRARY_PATH=/root/working/rodep_ros2/yano_ws/install/custom_interfaces/lib:${LD_LIBRARY_PATH} PYTHONPATH=/root/working/rodep_ros2/yano_ws/install/custom_interfaces/local/lib/python3.10/dist-packages:${PYTHONPATH} /usr/bin/cmake --install /root/working/rodep_ros2/yano_ws/build/operator
[11.490s] -- Install configuration: ""
[11.491s] -- Installing: /root/working/rodep_ros2/yano_ws/install/operator/lib/operator/operator_node
[11.497s] -- Set runtime path of "/root/working/rodep_ros2/yano_ws/install/operator/lib/operator/operator_node" to ""
[11.498s] -- Up-to-date: /root/working/rodep_ros2/yano_ws/install/operator/share/ament_index/resource_index/package_run_dependencies/operator
[11.498s] -- Up-to-date: /root/working/rodep_ros2/yano_ws/install/operator/share/ament_index/resource_index/parent_prefix_path/operator
[11.498s] -- Up-to-date: /root/working/rodep_ros2/yano_ws/install/operator/share/operator/environment/ament_prefix_path.sh
[11.498s] -- Up-to-date: /root/working/rodep_ros2/yano_ws/install/operator/share/operator/environment/ament_prefix_path.dsv
[11.498s] -- Up-to-date: /root/working/rodep_ros2/yano_ws/install/operator/share/operator/environment/path.sh
[11.498s] -- Up-to-date: /root/working/rodep_ros2/yano_ws/install/operator/share/operator/environment/path.dsv
[11.498s] -- Up-to-date: /root/working/rodep_ros2/yano_ws/install/operator/share/operator/local_setup.bash
[11.499s] -- Up-to-date: /root/working/rodep_ros2/yano_ws/install/operator/share/operator/local_setup.sh
[11.499s] -- Up-to-date: /root/working/rodep_ros2/yano_ws/install/operator/share/operator/local_setup.zsh
[11.499s] -- Up-to-date: /root/working/rodep_ros2/yano_ws/install/operator/share/operator/local_setup.dsv
[11.499s] -- Installing: /root/working/rodep_ros2/yano_ws/install/operator/share/operator/package.dsv
[11.499s] -- Up-to-date: /root/working/rodep_ros2/yano_ws/install/operator/share/ament_index/resource_index/packages/operator
[11.499s] -- Up-to-date: /root/working/rodep_ros2/yano_ws/install/operator/share/operator/cmake/operatorConfig.cmake
[11.499s] -- Up-to-date: /root/working/rodep_ros2/yano_ws/install/operator/share/operator/cmake/operatorConfig-version.cmake
[11.500s] -- Up-to-date: /root/working/rodep_ros2/yano_ws/install/operator/share/operator/package.xml
[11.502s] Invoked command in '/root/working/rodep_ros2/yano_ws/build/operator' returned '0': AMENT_PREFIX_PATH=/root/working/rodep_ros2/yano_ws/install/custom_interfaces:${AMENT_PREFIX_PATH} CMAKE_PREFIX_PATH=/root/working/rodep_ros2/yano_ws/install/custom_interfaces:/opt/ros/humble LD_LIBRARY_PATH=/root/working/rodep_ros2/yano_ws/install/custom_interfaces/lib:${LD_LIBRARY_PATH} PYTHONPATH=/root/working/rodep_ros2/yano_ws/install/custom_interfaces/local/lib/python3.10/dist-packages:${PYTHONPATH} /usr/bin/cmake --install /root/working/rodep_ros2/yano_ws/build/operator
