[0.003s] Invoking command in '/root/working/test_ws/yano_ws/build/operator': AMENT_PREFIX_PATH=/root/working/test_ws/yano_ws/install/custom_interfaces:${AMENT_PREFIX_PATH} CMAKE_PREFIX_PATH=/root/working/test_ws/yano_ws/install/custom_interfaces:${CMAKE_PREFIX_PATH} LD_LIBRARY_PATH=/root/working/test_ws/yano_ws/install/custom_interfaces/lib:/root/working/test_ws/yano_ws/install/dynamixel_workbench_toolbox/lib:/root/working/test_ws/yano_ws/install/dynamixel_workbench_msgs/lib:/root/working/test_ws/yano_ws/install/dynamixel_sdk_custom_interfaces/lib:/root/working/test_ws/yano_ws/install/dynamixel_sdk/lib:/root/working/rodep_ros2/yano_ws/install/custom_interfaces/lib:/opt/ros/humble/opt/rviz_ogre_vendor/lib:/opt/ros/humble/lib/x86_64-linux-gnu:/opt/ros/humble/lib /usr/bin/cmake --build /root/working/test_ws/yano_ws/build/operator -- -j4 -l4
[0.112s] [100%] Built target operator_node
[0.130s] Invoked command in '/root/working/test_ws/yano_ws/build/operator' returned '0': AMENT_PREFIX_PATH=/root/working/test_ws/yano_ws/install/custom_interfaces:${AMENT_PREFIX_PATH} CMAKE_PREFIX_PATH=/root/working/test_ws/yano_ws/install/custom_interfaces:${CMAKE_PREFIX_PATH} LD_LIBRARY_PATH=/root/working/test_ws/yano_ws/install/custom_interfaces/lib:/root/working/test_ws/yano_ws/install/dynamixel_workbench_toolbox/lib:/root/working/test_ws/yano_ws/install/dynamixel_workbench_msgs/lib:/root/working/test_ws/yano_ws/install/dynamixel_sdk_custom_interfaces/lib:/root/working/test_ws/yano_ws/install/dynamixel_sdk/lib:/root/working/rodep_ros2/yano_ws/install/custom_interfaces/lib:/opt/ros/humble/opt/rviz_ogre_vendor/lib:/opt/ros/humble/lib/x86_64-linux-gnu:/opt/ros/humble/lib /usr/bin/cmake --build /root/working/test_ws/yano_ws/build/operator -- -j4 -l4
[0.132s] Invoking command in '/root/working/test_ws/yano_ws/build/operator': AMENT_PREFIX_PATH=/root/working/test_ws/yano_ws/install/custom_interfaces:${AMENT_PREFIX_PATH} CMAKE_PREFIX_PATH=/root/working/test_ws/yano_ws/install/custom_interfaces:${CMAKE_PREFIX_PATH} LD_LIBRARY_PATH=/root/working/test_ws/yano_ws/install/custom_interfaces/lib:/root/working/test_ws/yano_ws/install/dynamixel_workbench_toolbox/lib:/root/working/test_ws/yano_ws/install/dynamixel_workbench_msgs/lib:/root/working/test_ws/yano_ws/install/dynamixel_sdk_custom_interfaces/lib:/root/working/test_ws/yano_ws/install/dynamixel_sdk/lib:/root/working/rodep_ros2/yano_ws/install/custom_interfaces/lib:/opt/ros/humble/opt/rviz_ogre_vendor/lib:/opt/ros/humble/lib/x86_64-linux-gnu:/opt/ros/humble/lib /usr/bin/cmake --install /root/working/test_ws/yano_ws/build/operator
[0.144s] -- Install configuration: ""
[0.144s] -- Up-to-date: /root/working/test_ws/yano_ws/install/operator/lib/operator/operator_node
[0.145s] -- Up-to-date: /root/working/test_ws/yano_ws/install/operator/share/ament_index/resource_index/package_run_dependencies/operator
[0.145s] -- Up-to-date: /root/working/test_ws/yano_ws/install/operator/share/ament_index/resource_index/parent_prefix_path/operator
[0.146s] -- Up-to-date: /root/working/test_ws/yano_ws/install/operator/share/operator/environment/ament_prefix_path.sh
[0.146s] -- Up-to-date: /root/working/test_ws/yano_ws/install/operator/share/operator/environment/ament_prefix_path.dsv
[0.146s] -- Up-to-date: /root/working/test_ws/yano_ws/install/operator/share/operator/environment/path.sh
[0.146s] -- Up-to-date: /root/working/test_ws/yano_ws/install/operator/share/operator/environment/path.dsv
[0.146s] -- Up-to-date: /root/working/test_ws/yano_ws/install/operator/share/operator/local_setup.bash
[0.146s] -- Up-to-date: /root/working/test_ws/yano_ws/install/operator/share/operator/local_setup.sh
[0.147s] -- Up-to-date: /root/working/test_ws/yano_ws/install/operator/share/operator/local_setup.zsh
[0.147s] -- Up-to-date: /root/working/test_ws/yano_ws/install/operator/share/operator/local_setup.dsv
[0.147s] -- Installing: /root/working/test_ws/yano_ws/install/operator/share/operator/package.dsv
[0.147s] -- Up-to-date: /root/working/test_ws/yano_ws/install/operator/share/ament_index/resource_index/packages/operator
[0.147s] -- Up-to-date: /root/working/test_ws/yano_ws/install/operator/share/operator/cmake/operatorConfig.cmake
[0.147s] -- Up-to-date: /root/working/test_ws/yano_ws/install/operator/share/operator/cmake/operatorConfig-version.cmake
[0.148s] -- Up-to-date: /root/working/test_ws/yano_ws/install/operator/share/operator/package.xml
[0.150s] Invoked command in '/root/working/test_ws/yano_ws/build/operator' returned '0': AMENT_PREFIX_PATH=/root/working/test_ws/yano_ws/install/custom_interfaces:${AMENT_PREFIX_PATH} CMAKE_PREFIX_PATH=/root/working/test_ws/yano_ws/install/custom_interfaces:${CMAKE_PREFIX_PATH} LD_LIBRARY_PATH=/root/working/test_ws/yano_ws/install/custom_interfaces/lib:/root/working/test_ws/yano_ws/install/dynamixel_workbench_toolbox/lib:/root/working/test_ws/yano_ws/install/dynamixel_workbench_msgs/lib:/root/working/test_ws/yano_ws/install/dynamixel_sdk_custom_interfaces/lib:/root/working/test_ws/yano_ws/install/dynamixel_sdk/lib:/root/working/rodep_ros2/yano_ws/install/custom_interfaces/lib:/opt/ros/humble/opt/rviz_ogre_vendor/lib:/opt/ros/humble/lib/x86_64-linux-gnu:/opt/ros/humble/lib /usr/bin/cmake --install /root/working/test_ws/yano_ws/build/operator
