-- The C compiler identification is GNU 11.4.0
-- The CXX compiler identification is GNU 11.4.0
-- Detecting C compiler ABI info
-- Detecting C compiler ABI info - done
-- Check for working C compiler: /usr/bin/cc - skipped
-- Detecting C compile features
-- Detecting C compile features - done
-- Detecting CXX compiler ABI info
-- Detecting CXX compiler ABI info - done
-- Check for working CXX compiler: /usr/bin/c++ - skipped
-- Detecting CXX compile features
-- Detecting CXX compile features - done
-- Found ament_cmake: 1.3.11 (/opt/ros/humble/share/ament_cmake/cmake)
-- Found Python3: /usr/bin/python3 (found version "3.10.12") found components: Interpreter 
-- Found ament_lint_auto: 0.12.11 (/opt/ros/humble/share/ament_lint_auto/cmake)
-- Added test 'lint_cmake' to check CMake code style
-- Added test 'xmllint' to check XML markup files
-- Configuring done
-- Generating done
-- Build files have been written to: /root/working/rodep_ros2/yano_ws/build/operator
-- Install configuration: ""
-- Installing: /root/working/rodep_ros2/yano_ws/install/operator/share/ament_index/resource_index/package_run_dependencies/operator
-- Installing: /root/working/rodep_ros2/yano_ws/install/operator/share/ament_index/resource_index/parent_prefix_path/operator
-- Installing: /root/working/rodep_ros2/yano_ws/install/operator/share/operator/environment/ament_prefix_path.sh
-- Installing: /root/working/rodep_ros2/yano_ws/install/operator/share/operator/environment/ament_prefix_path.dsv
-- Installing: /root/working/rodep_ros2/yano_ws/install/operator/share/operator/environment/path.sh
-- Installing: /root/working/rodep_ros2/yano_ws/install/operator/share/operator/environment/path.dsv
-- Installing: /root/working/rodep_ros2/yano_ws/install/operator/share/operator/local_setup.bash
-- Installing: /root/working/rodep_ros2/yano_ws/install/operator/share/operator/local_setup.sh
-- Installing: /root/working/rodep_ros2/yano_ws/install/operator/share/operator/local_setup.zsh
-- Installing: /root/working/rodep_ros2/yano_ws/install/operator/share/operator/local_setup.dsv
-- Installing: /root/working/rodep_ros2/yano_ws/install/operator/share/operator/package.dsv
-- Installing: /root/working/rodep_ros2/yano_ws/install/operator/share/ament_index/resource_index/packages/operator
-- Installing: /root/working/rodep_ros2/yano_ws/install/operator/share/operator/cmake/operatorConfig.cmake
-- Installing: /root/working/rodep_ros2/yano_ws/install/operator/share/operator/cmake/operatorConfig-version.cmake
-- Installing: /root/working/rodep_ros2/yano_ws/install/operator/share/operator/package.xml
