[0.020s] Invoking command in '/root/working/rodep_ros2/yano_ws/build/operator': CMAKE_PREFIX_PATH=/opt/ros/humble /usr/bin/cmake /root/working/rodep_ros2/yano_ws/src/operator -DCMAKE_INSTALL_PREFIX=/root/working/rodep_ros2/yano_ws/install/operator
[0.358s] -- The C compiler identification is GNU 11.4.0
[0.549s] -- The CXX compiler identification is GNU 11.4.0
[0.564s] -- Detecting C compiler ABI info
[0.668s] -- Detecting C compiler ABI info - done
[0.680s] -- Check for working C compiler: /usr/bin/cc - skipped
[0.680s] -- Detecting C compile features
[0.681s] -- Detecting C compile features - done
[0.684s] -- Detecting CXX compiler ABI info
[0.791s] -- Detecting CXX compiler ABI info - done
[0.801s] -- Check for working CXX compiler: /usr/bin/c++ - skipped
[0.802s] -- Detecting CXX compile features
[0.802s] -- Detecting CXX compile features - done
[0.814s] -- Found ament_cmake: 1.3.11 (/opt/ros/humble/share/ament_cmake/cmake)
[1.026s] -- Found Python3: /usr/bin/python3 (found version "3.10.12") found components: Interpreter 
[1.201s] -- Found ament_lint_auto: 0.12.11 (/opt/ros/humble/share/ament_lint_auto/cmake)
[1.330s] -- Added test 'lint_cmake' to check CMake code style
[1.332s] -- Added test 'xmllint' to check XML markup files
[1.335s] -- Configuring done
[1.339s] -- Generating done
[1.342s] -- Build files have been written to: /root/working/rodep_ros2/yano_ws/build/operator
[1.347s] Invoked command in '/root/working/rodep_ros2/yano_ws/build/operator' returned '0': CMAKE_PREFIX_PATH=/opt/ros/humble /usr/bin/cmake /root/working/rodep_ros2/yano_ws/src/operator -DCMAKE_INSTALL_PREFIX=/root/working/rodep_ros2/yano_ws/install/operator
[1.350s] Invoking command in '/root/working/rodep_ros2/yano_ws/build/operator': CMAKE_PREFIX_PATH=/opt/ros/humble /usr/bin/cmake --build /root/working/rodep_ros2/yano_ws/build/operator -- -j4 -l4
[1.398s] Invoked command in '/root/working/rodep_ros2/yano_ws/build/operator' returned '0': CMAKE_PREFIX_PATH=/opt/ros/humble /usr/bin/cmake --build /root/working/rodep_ros2/yano_ws/build/operator -- -j4 -l4
[1.410s] Invoking command in '/root/working/rodep_ros2/yano_ws/build/operator': CMAKE_PREFIX_PATH=/opt/ros/humble /usr/bin/cmake --install /root/working/rodep_ros2/yano_ws/build/operator
[1.420s] -- Install configuration: ""
[1.420s] -- Installing: /root/working/rodep_ros2/yano_ws/install/operator/share/ament_index/resource_index/package_run_dependencies/operator
[1.421s] -- Installing: /root/working/rodep_ros2/yano_ws/install/operator/share/ament_index/resource_index/parent_prefix_path/operator
[1.421s] -- Installing: /root/working/rodep_ros2/yano_ws/install/operator/share/operator/environment/ament_prefix_path.sh
[1.421s] -- Installing: /root/working/rodep_ros2/yano_ws/install/operator/share/operator/environment/ament_prefix_path.dsv
[1.421s] -- Installing: /root/working/rodep_ros2/yano_ws/install/operator/share/operator/environment/path.sh
[1.422s] -- Installing: /root/working/rodep_ros2/yano_ws/install/operator/share/operator/environment/path.dsv
[1.422s] -- Installing: /root/working/rodep_ros2/yano_ws/install/operator/share/operator/local_setup.bash
[1.422s] -- Installing: /root/working/rodep_ros2/yano_ws/install/operator/share/operator/local_setup.sh
[1.423s] -- Installing: /root/working/rodep_ros2/yano_ws/install/operator/share/operator/local_setup.zsh
[1.423s] -- Installing: /root/working/rodep_ros2/yano_ws/install/operator/share/operator/local_setup.dsv
[1.423s] -- Installing: /root/working/rodep_ros2/yano_ws/install/operator/share/operator/package.dsv
[1.424s] -- Installing: /root/working/rodep_ros2/yano_ws/install/operator/share/ament_index/resource_index/packages/operator
[1.424s] -- Installing: /root/working/rodep_ros2/yano_ws/install/operator/share/operator/cmake/operatorConfig.cmake
[1.424s] -- Installing: /root/working/rodep_ros2/yano_ws/install/operator/share/operator/cmake/operatorConfig-version.cmake
[1.425s] -- Installing: /root/working/rodep_ros2/yano_ws/install/operator/share/operator/package.xml
[1.428s] Invoked command in '/root/working/rodep_ros2/yano_ws/build/operator' returned '0': CMAKE_PREFIX_PATH=/opt/ros/humble /usr/bin/cmake --install /root/working/rodep_ros2/yano_ws/build/operator
