[0.024s] Invoking command in '/root/working/ros2_ws/build/joy_controller': CMAKE_PREFIX_PATH=/opt/ros/humble /usr/bin/cmake /root/working/ros2_ws/src/joy_controller -DCMAKE_INSTALL_PREFIX=/root/working/ros2_ws/install/joy_controller
[0.241s] -- The C compiler identification is GNU 11.4.0
[0.387s] -- The CXX compiler identification is GNU 11.4.0
[0.401s] -- Detecting C compiler ABI info
[0.500s] -- Detecting C compiler ABI info - done
[0.511s] -- Check for working C compiler: /usr/bin/cc - skipped
[0.511s] -- Detecting C compile features
[0.512s] -- Detecting C compile features - done
[0.517s] -- Detecting CXX compiler ABI info
[0.630s] -- Detecting CXX compiler ABI info - done
[0.645s] -- Check for working CXX compiler: /usr/bin/c++ - skipped
[0.645s] -- Detecting CXX compile features
[0.646s] -- Detecting CXX compile features - done
[0.656s] -- Found ament_cmake: 1.3.11 (/opt/ros/humble/share/ament_cmake/cmake)
[0.864s] -- Found Python3: /usr/bin/python3 (found version "3.10.12") found components: Interpreter 
[1.036s] -- Found ament_lint_auto: 0.12.11 (/opt/ros/humble/share/ament_lint_auto/cmake)
[1.171s] -- Added test 'cppcheck' to perform static code analysis on C / C++ code
[1.171s] -- Configured cppcheck include dirs: 
[1.171s] -- Configured cppcheck exclude dirs and/or files: 
[1.173s] -- Added test 'lint_cmake' to check CMake code style
[1.175s] -- Added test 'uncrustify' to check C / C++ code style
[1.175s] -- Configured uncrustify additional arguments: 
[1.175s] -- Added test 'xmllint' to check XML markup files
[1.178s] -- Configuring done
[1.184s] -- Generating done
[1.187s] -- Build files have been written to: /root/working/ros2_ws/build/joy_controller
[1.194s] Invoked command in '/root/working/ros2_ws/build/joy_controller' returned '0': CMAKE_PREFIX_PATH=/opt/ros/humble /usr/bin/cmake /root/working/ros2_ws/src/joy_controller -DCMAKE_INSTALL_PREFIX=/root/working/ros2_ws/install/joy_controller
[1.197s] Invoking command in '/root/working/ros2_ws/build/joy_controller': CMAKE_PREFIX_PATH=/opt/ros/humble /usr/bin/cmake --build /root/working/ros2_ws/build/joy_controller -- -j4 -l4
[1.246s] Invoked command in '/root/working/ros2_ws/build/joy_controller' returned '0': CMAKE_PREFIX_PATH=/opt/ros/humble /usr/bin/cmake --build /root/working/ros2_ws/build/joy_controller -- -j4 -l4
[1.258s] Invoking command in '/root/working/ros2_ws/build/joy_controller': CMAKE_PREFIX_PATH=/opt/ros/humble /usr/bin/cmake --install /root/working/ros2_ws/build/joy_controller
[1.267s] -- Install configuration: ""
[1.268s] -- Installing: /root/working/ros2_ws/install/joy_controller/share/ament_index/resource_index/package_run_dependencies/joy_controller
[1.268s] -- Installing: /root/working/ros2_ws/install/joy_controller/share/ament_index/resource_index/parent_prefix_path/joy_controller
[1.268s] -- Installing: /root/working/ros2_ws/install/joy_controller/share/joy_controller/environment/ament_prefix_path.sh
[1.269s] -- Installing: /root/working/ros2_ws/install/joy_controller/share/joy_controller/environment/ament_prefix_path.dsv
[1.269s] -- Installing: /root/working/ros2_ws/install/joy_controller/share/joy_controller/environment/path.sh
[1.269s] -- Installing: /root/working/ros2_ws/install/joy_controller/share/joy_controller/environment/path.dsv
[1.269s] -- Installing: /root/working/ros2_ws/install/joy_controller/share/joy_controller/local_setup.bash
[1.269s] -- Installing: /root/working/ros2_ws/install/joy_controller/share/joy_controller/local_setup.sh
[1.270s] -- Installing: /root/working/ros2_ws/install/joy_controller/share/joy_controller/local_setup.zsh
[1.270s] -- Installing: /root/working/ros2_ws/install/joy_controller/share/joy_controller/local_setup.dsv
[1.270s] -- Installing: /root/working/ros2_ws/install/joy_controller/share/joy_controller/package.dsv
[1.270s] -- Installing: /root/working/ros2_ws/install/joy_controller/share/ament_index/resource_index/packages/joy_controller
[1.271s] -- Installing: /root/working/ros2_ws/install/joy_controller/share/joy_controller/cmake/joy_controllerConfig.cmake
[1.271s] -- Installing: /root/working/ros2_ws/install/joy_controller/share/joy_controller/cmake/joy_controllerConfig-version.cmake
[1.271s] -- Installing: /root/working/ros2_ws/install/joy_controller/share/joy_controller/package.xml
[1.274s] Invoked command in '/root/working/ros2_ws/build/joy_controller' returned '0': CMAKE_PREFIX_PATH=/opt/ros/humble /usr/bin/cmake --install /root/working/ros2_ws/build/joy_controller
