[0.029s] Invoking command in '/root/working/test_ws/yano_ws/build/usb_camera': CMAKE_PREFIX_PATH=${CMAKE_PREFIX_PATH}:/opt/ros/humble /usr/bin/cmake --build /root/working/test_ws/yano_ws/build/usb_camera -- -j4 -l4
[0.105s] [35m[1mConsolidate compiler generated dependencies of target usb_camera[0m
[0.139s] [100%] Built target usb_camera
[0.155s] Invoked command in '/root/working/test_ws/yano_ws/build/usb_camera' returned '0': CMAKE_PREFIX_PATH=${CMAKE_PREFIX_PATH}:/opt/ros/humble /usr/bin/cmake --build /root/working/test_ws/yano_ws/build/usb_camera -- -j4 -l4
[0.157s] Invoking command in '/root/working/test_ws/yano_ws/build/usb_camera': CMAKE_PREFIX_PATH=${CMAKE_PREFIX_PATH}:/opt/ros/humble /usr/bin/cmake --install /root/working/test_ws/yano_ws/build/usb_camera
[0.168s] -- Install configuration: ""
[0.169s] -- Up-to-date: /root/working/test_ws/yano_ws/install/usb_camera/lib/usb_camera/usb_camera
[0.170s] -- Up-to-date: /root/working/test_ws/yano_ws/install/usb_camera/share/ament_index/resource_index/package_run_dependencies/usb_camera
[0.170s] -- Up-to-date: /root/working/test_ws/yano_ws/install/usb_camera/share/ament_index/resource_index/parent_prefix_path/usb_camera
[0.170s] -- Up-to-date: /root/working/test_ws/yano_ws/install/usb_camera/share/usb_camera/environment/ament_prefix_path.sh
[0.171s] -- Up-to-date: /root/working/test_ws/yano_ws/install/usb_camera/share/usb_camera/environment/ament_prefix_path.dsv
[0.171s] -- Up-to-date: /root/working/test_ws/yano_ws/install/usb_camera/share/usb_camera/environment/path.sh
[0.171s] -- Up-to-date: /root/working/test_ws/yano_ws/install/usb_camera/share/usb_camera/environment/path.dsv
[0.171s] -- Up-to-date: /root/working/test_ws/yano_ws/install/usb_camera/share/usb_camera/local_setup.bash
[0.173s] -- Up-to-date: /root/working/test_ws/yano_ws/install/usb_camera/share/usb_camera/local_setup.sh
[0.174s] -- Up-to-date: /root/working/test_ws/yano_ws/install/usb_camera/share/usb_camera/local_setup.zsh
[0.174s] -- Up-to-date: /root/working/test_ws/yano_ws/install/usb_camera/share/usb_camera/local_setup.dsv
[0.174s] -- Installing: /root/working/test_ws/yano_ws/install/usb_camera/share/usb_camera/package.dsv
[0.174s] -- Up-to-date: /root/working/test_ws/yano_ws/install/usb_camera/share/ament_index/resource_index/packages/usb_camera
[0.174s] -- Up-to-date: /root/working/test_ws/yano_ws/install/usb_camera/share/usb_camera/cmake/usb_cameraConfig.cmake
[0.175s] -- Up-to-date: /root/working/test_ws/yano_ws/install/usb_camera/share/usb_camera/cmake/usb_cameraConfig-version.cmake
[0.175s] -- Up-to-date: /root/working/test_ws/yano_ws/install/usb_camera/share/usb_camera/package.xml
[0.214s] Invoked command in '/root/working/test_ws/yano_ws/build/usb_camera' returned '0': CMAKE_PREFIX_PATH=${CMAKE_PREFIX_PATH}:/opt/ros/humble /usr/bin/cmake --install /root/working/test_ws/yano_ws/build/usb_camera
