[0.022s] Invoking command in '/root/working/test_ws/yano_ws/build/custom_interfaces': /usr/bin/cmake --build /root/working/test_ws/yano_ws/build/custom_interfaces -- -j4 -l4
[0.204s] [ 10%] Built target custom_interfaces__rosidl_generator_c
[0.223s] [ 12%] Built target custom_interfaces__cpp
[0.249s] [ 12%] Built target ament_cmake_python_copy_custom_interfaces
[0.351s] [ 23%] Built target custom_interfaces__rosidl_typesupport_introspection_c
[0.384s] [ 33%] Built target custom_interfaces__rosidl_typesupport_fastrtps_c
[0.430s] [ 43%] Built target custom_interfaces__rosidl_typesupport_c
[0.430s] [ 53%] Built target custom_interfaces__rosidl_typesupport_fastrtps_cpp
[0.500s] [ 64%] Built target custom_interfaces__rosidl_typesupport_introspection_cpp
[0.574s] [ 74%] Built target custom_interfaces__rosidl_typesupport_cpp
[0.681s] [ 74%] Built target custom_interfaces
[0.771s] [ 76%] Built target custom_interfaces__py
[0.876s] [ 84%] Built target custom_interfaces__rosidl_generator_py
[1.004s] [ 89%] Built target custom_interfaces__rosidl_typesupport_introspection_c__pyext
[1.019s] [ 94%] Built target custom_interfaces__rosidl_typesupport_c__pyext
[1.034s] [100%] Built target custom_interfaces__rosidl_typesupport_fastrtps_c__pyext
[1.235s] running egg_info
[1.237s] writing custom_interfaces.egg-info/PKG-INFO
[1.237s] writing dependency_links to custom_interfaces.egg-info/dependency_links.txt
[1.238s] writing top-level names to custom_interfaces.egg-info/top_level.txt
[1.242s] reading manifest file 'custom_interfaces.egg-info/SOURCES.txt'
[1.244s] writing manifest file 'custom_interfaces.egg-info/SOURCES.txt'
[1.305s] [100%] Built target ament_cmake_python_build_custom_interfaces_egg
[1.344s] Invoked command in '/root/working/test_ws/yano_ws/build/custom_interfaces' returned '0': /usr/bin/cmake --build /root/working/test_ws/yano_ws/build/custom_interfaces -- -j4 -l4
[1.347s] Invoking command in '/root/working/test_ws/yano_ws/build/custom_interfaces': /usr/bin/cmake --install /root/working/test_ws/yano_ws/build/custom_interfaces
[1.366s] -- Install configuration: ""
[1.367s] -- Up-to-date: /root/working/test_ws/yano_ws/install/custom_interfaces/share/ament_index/resource_index/rosidl_interfaces/custom_interfaces
[1.367s] -- Up-to-date: /root/working/test_ws/yano_ws/install/custom_interfaces/include/custom_interfaces/custom_interfaces
[1.368s] -- Up-to-date: /root/working/test_ws/yano_ws/install/custom_interfaces/include/custom_interfaces/custom_interfaces/srv
[1.368s] -- Up-to-date: /root/working/test_ws/yano_ws/install/custom_interfaces/include/custom_interfaces/custom_interfaces/srv/detail
[1.369s] -- Up-to-date: /root/working/test_ws/yano_ws/install/custom_interfaces/include/custom_interfaces/custom_interfaces/srv/detail/set_mode__struct.h
[1.369s] -- Up-to-date: /root/working/test_ws/yano_ws/install/custom_interfaces/include/custom_interfaces/custom_interfaces/srv/detail/set_mode__functions.h
[1.369s] -- Up-to-date: /root/working/test_ws/yano_ws/install/custom_interfaces/include/custom_interfaces/custom_interfaces/srv/detail/set_mode__functions.c
[1.371s] -- Up-to-date: /root/working/test_ws/yano_ws/install/custom_interfaces/include/custom_interfaces/custom_interfaces/srv/detail/set_mode__type_support.h
[1.371s] -- Up-to-date: /root/working/test_ws/yano_ws/install/custom_interfaces/include/custom_interfaces/custom_interfaces/srv/set_mode.h
[1.373s] -- Up-to-date: /root/working/test_ws/yano_ws/install/custom_interfaces/include/custom_interfaces/custom_interfaces/msg
[1.374s] -- Up-to-date: /root/working/test_ws/yano_ws/install/custom_interfaces/include/custom_interfaces/custom_interfaces/msg/rosidl_generator_c__visibility_control.h
[1.375s] -- Up-to-date: /root/working/test_ws/yano_ws/install/custom_interfaces/include/custom_interfaces/custom_interfaces/msg/detail
[1.375s] -- Up-to-date: /root/working/test_ws/yano_ws/install/custom_interfaces/include/custom_interfaces/custom_interfaces/msg/detail/driver_velocity__type_support.h
[1.378s] -- Up-to-date: /root/working/test_ws/yano_ws/install/custom_interfaces/include/custom_interfaces/custom_interfaces/msg/detail/driver_velocity__functions.h
[1.379s] -- Up-to-date: /root/working/test_ws/yano_ws/install/custom_interfaces/include/custom_interfaces/custom_interfaces/msg/detail/driver_velocity__functions.c
[1.379s] -- Up-to-date: /root/working/test_ws/yano_ws/install/custom_interfaces/include/custom_interfaces/custom_interfaces/msg/detail/driver_velocity__struct.h
[1.380s] -- Up-to-date: /root/working/test_ws/yano_ws/install/custom_interfaces/include/custom_interfaces/custom_interfaces/msg/driver_velocity.h
[1.381s] -- Up-to-date: /root/working/test_ws/yano_ws/install/custom_interfaces/share/custom_interfaces/environment/library_path.sh
[1.381s] -- Up-to-date: /root/working/test_ws/yano_ws/install/custom_interfaces/share/custom_interfaces/environment/library_path.dsv
[1.381s] -- Up-to-date: /root/working/test_ws/yano_ws/install/custom_interfaces/lib/libcustom_interfaces__rosidl_generator_c.so
[1.383s] -- Up-to-date: /root/working/test_ws/yano_ws/install/custom_interfaces/include/custom_interfaces/custom_interfaces
[1.383s] -- Up-to-date: /root/working/test_ws/yano_ws/install/custom_interfaces/include/custom_interfaces/custom_interfaces/srv
[1.383s] -- Up-to-date: /root/working/test_ws/yano_ws/install/custom_interfaces/include/custom_interfaces/custom_interfaces/srv/detail
[1.384s] -- Up-to-date: /root/working/test_ws/yano_ws/install/custom_interfaces/include/custom_interfaces/custom_interfaces/srv/detail/set_mode__rosidl_typesupport_fastrtps_c.h
[1.385s] -- Up-to-date: /root/working/test_ws/yano_ws/install/custom_interfaces/include/custom_interfaces/custom_interfaces/msg
[1.385s] -- Up-to-date: /root/working/test_ws/yano_ws/install/custom_interfaces/include/custom_interfaces/custom_interfaces/msg/rosidl_typesupport_fastrtps_c__visibility_control.h
[1.386s] -- Up-to-date: /root/working/test_ws/yano_ws/install/custom_interfaces/include/custom_interfaces/custom_interfaces/msg/detail
[1.386s] -- Up-to-date: /root/working/test_ws/yano_ws/install/custom_interfaces/include/custom_interfaces/custom_interfaces/msg/detail/driver_velocity__rosidl_typesupport_fastrtps_c.h
[1.387s] -- Up-to-date: /root/working/test_ws/yano_ws/install/custom_interfaces/lib/libcustom_interfaces__rosidl_typesupport_fastrtps_c.so
[1.387s] -- Up-to-date: /root/working/test_ws/yano_ws/install/custom_interfaces/include/custom_interfaces/custom_interfaces
[1.389s] -- Up-to-date: /root/working/test_ws/yano_ws/install/custom_interfaces/include/custom_interfaces/custom_interfaces/srv
[1.389s] -- Up-to-date: /root/working/test_ws/yano_ws/install/custom_interfaces/include/custom_interfaces/custom_interfaces/srv/detail
[1.390s] -- Up-to-date: /root/working/test_ws/yano_ws/install/custom_interfaces/include/custom_interfaces/custom_interfaces/srv/detail/set_mode__type_support.c
[1.390s] -- Up-to-date: /root/working/test_ws/yano_ws/install/custom_interfaces/include/custom_interfaces/custom_interfaces/srv/detail/set_mode__rosidl_typesupport_introspection_c.h
[1.390s] -- Up-to-date: /root/working/test_ws/yano_ws/install/custom_interfaces/include/custom_interfaces/custom_interfaces/msg
[1.391s] -- Up-to-date: /root/working/test_ws/yano_ws/install/custom_interfaces/include/custom_interfaces/custom_interfaces/msg/detail
[1.391s] -- Up-to-date: /root/working/test_ws/yano_ws/install/custom_interfaces/include/custom_interfaces/custom_interfaces/msg/detail/driver_velocity__type_support.c
[1.391s] -- Up-to-date: /root/working/test_ws/yano_ws/install/custom_interfaces/include/custom_interfaces/custom_interfaces/msg/detail/driver_velocity__rosidl_typesupport_introspection_c.h
[1.391s] -- Up-to-date: /root/working/test_ws/yano_ws/install/custom_interfaces/include/custom_interfaces/custom_interfaces/msg/rosidl_typesupport_introspection_c__visibility_control.h
[1.393s] -- Up-to-date: /root/working/test_ws/yano_ws/install/custom_interfaces/lib/libcustom_interfaces__rosidl_typesupport_introspection_c.so
[1.393s] -- Up-to-date: /root/working/test_ws/yano_ws/install/custom_interfaces/lib/libcustom_interfaces__rosidl_typesupport_c.so
[1.393s] -- Up-to-date: /root/working/test_ws/yano_ws/install/custom_interfaces/include/custom_interfaces/custom_interfaces
[1.397s] -- Up-to-date: /root/working/test_ws/yano_ws/install/custom_interfaces/include/custom_interfaces/custom_interfaces/srv
[1.397s] -- Up-to-date: /root/working/test_ws/yano_ws/install/custom_interfaces/include/custom_interfaces/custom_interfaces/srv/detail
[1.397s] -- Up-to-date: /root/working/test_ws/yano_ws/install/custom_interfaces/include/custom_interfaces/custom_interfaces/srv/detail/set_mode__builder.hpp
[1.398s] -- Up-to-date: /root/working/test_ws/yano_ws/install/custom_interfaces/include/custom_interfaces/custom_interfaces/srv/detail/set_mode__traits.hpp
[1.398s] -- Up-to-date: /root/working/test_ws/yano_ws/install/custom_interfaces/include/custom_interfaces/custom_interfaces/srv/detail/set_mode__struct.hpp
[1.398s] -- Up-to-date: /root/working/test_ws/yano_ws/install/custom_interfaces/include/custom_interfaces/custom_interfaces/srv/detail/set_mode__type_support.hpp
[1.398s] -- Up-to-date: /root/working/test_ws/yano_ws/install/custom_interfaces/include/custom_interfaces/custom_interfaces/srv/set_mode.hpp
[1.399s] -- Up-to-date: /root/working/test_ws/yano_ws/install/custom_interfaces/include/custom_interfaces/custom_interfaces/msg
[1.399s] -- Up-to-date: /root/working/test_ws/yano_ws/install/custom_interfaces/include/custom_interfaces/custom_interfaces/msg/rosidl_generator_cpp__visibility_control.hpp
[1.399s] -- Up-to-date: /root/working/test_ws/yano_ws/install/custom_interfaces/include/custom_interfaces/custom_interfaces/msg/driver_velocity.hpp
[1.399s] -- Up-to-date: /root/working/test_ws/yano_ws/install/custom_interfaces/include/custom_interfaces/custom_interfaces/msg/detail
[1.402s] -- Up-to-date: /root/working/test_ws/yano_ws/install/custom_interfaces/include/custom_interfaces/custom_interfaces/msg/detail/driver_velocity__struct.hpp
[1.402s] -- Up-to-date: /root/working/test_ws/yano_ws/install/custom_interfaces/include/custom_interfaces/custom_interfaces/msg/detail/driver_velocity__type_support.hpp
[1.402s] -- Up-to-date: /root/working/test_ws/yano_ws/install/custom_interfaces/include/custom_interfaces/custom_interfaces/msg/detail/driver_velocity__builder.hpp
[1.402s] -- Up-to-date: /root/working/test_ws/yano_ws/install/custom_interfaces/include/custom_interfaces/custom_interfaces/msg/detail/driver_velocity__traits.hpp
[1.403s] -- Up-to-date: /root/working/test_ws/yano_ws/install/custom_interfaces/include/custom_interfaces/custom_interfaces
[1.407s] -- Up-to-date: /root/working/test_ws/yano_ws/install/custom_interfaces/include/custom_interfaces/custom_interfaces/srv
[1.408s] -- Up-to-date: /root/working/test_ws/yano_ws/install/custom_interfaces/include/custom_interfaces/custom_interfaces/srv/detail
[1.408s] -- Up-to-date: /root/working/test_ws/yano_ws/install/custom_interfaces/include/custom_interfaces/custom_interfaces/srv/detail/dds_fastrtps
[1.408s] -- Up-to-date: /root/working/test_ws/yano_ws/install/custom_interfaces/include/custom_interfaces/custom_interfaces/srv/detail/set_mode__rosidl_typesupport_fastrtps_cpp.hpp
[1.409s] -- Up-to-date: /root/working/test_ws/yano_ws/install/custom_interfaces/include/custom_interfaces/custom_interfaces/msg
[1.409s] -- Up-to-date: /root/working/test_ws/yano_ws/install/custom_interfaces/include/custom_interfaces/custom_interfaces/msg/detail
[1.409s] -- Up-to-date: /root/working/test_ws/yano_ws/install/custom_interfaces/include/custom_interfaces/custom_interfaces/msg/detail/driver_velocity__rosidl_typesupport_fastrtps_cpp.hpp
[1.409s] -- Up-to-date: /root/working/test_ws/yano_ws/install/custom_interfaces/include/custom_interfaces/custom_interfaces/msg/detail/dds_fastrtps
[1.409s] -- Up-to-date: /root/working/test_ws/yano_ws/install/custom_interfaces/include/custom_interfaces/custom_interfaces/msg/rosidl_typesupport_fastrtps_cpp__visibility_control.h
[1.410s] -- Up-to-date: /root/working/test_ws/yano_ws/install/custom_interfaces/lib/libcustom_interfaces__rosidl_typesupport_fastrtps_cpp.so
[1.415s] -- Up-to-date: /root/working/test_ws/yano_ws/install/custom_interfaces/include/custom_interfaces/custom_interfaces
[1.415s] -- Up-to-date: /root/working/test_ws/yano_ws/install/custom_interfaces/include/custom_interfaces/custom_interfaces/srv
[1.415s] -- Up-to-date: /root/working/test_ws/yano_ws/install/custom_interfaces/include/custom_interfaces/custom_interfaces/srv/detail
[1.415s] -- Up-to-date: /root/working/test_ws/yano_ws/install/custom_interfaces/include/custom_interfaces/custom_interfaces/srv/detail/set_mode__type_support.cpp
[1.417s] -- Up-to-date: /root/working/test_ws/yano_ws/install/custom_interfaces/include/custom_interfaces/custom_interfaces/srv/detail/set_mode__rosidl_typesupport_introspection_cpp.hpp
[1.417s] -- Up-to-date: /root/working/test_ws/yano_ws/install/custom_interfaces/include/custom_interfaces/custom_interfaces/msg
[1.418s] -- Up-to-date: /root/working/test_ws/yano_ws/install/custom_interfaces/include/custom_interfaces/custom_interfaces/msg/detail
[1.418s] -- Up-to-date: /root/working/test_ws/yano_ws/install/custom_interfaces/include/custom_interfaces/custom_interfaces/msg/detail/driver_velocity__rosidl_typesupport_introspection_cpp.hpp
[1.418s] -- Up-to-date: /root/working/test_ws/yano_ws/install/custom_interfaces/include/custom_interfaces/custom_interfaces/msg/detail/driver_velocity__type_support.cpp
[1.418s] -- Up-to-date: /root/working/test_ws/yano_ws/install/custom_interfaces/lib/libcustom_interfaces__rosidl_typesupport_introspection_cpp.so
[1.419s] -- Up-to-date: /root/working/test_ws/yano_ws/install/custom_interfaces/lib/libcustom_interfaces__rosidl_typesupport_cpp.so
[1.419s] -- Up-to-date: /root/working/test_ws/yano_ws/install/custom_interfaces/share/custom_interfaces/environment/pythonpath.sh
[1.419s] -- Up-to-date: /root/working/test_ws/yano_ws/install/custom_interfaces/share/custom_interfaces/environment/pythonpath.dsv
[1.420s] -- Up-to-date: /root/working/test_ws/yano_ws/install/custom_interfaces/local/lib/python3.10/dist-packages/custom_interfaces-0.0.0-py3.10.egg-info
[1.422s] -- Installing: /root/working/test_ws/yano_ws/install/custom_interfaces/local/lib/python3.10/dist-packages/custom_interfaces-0.0.0-py3.10.egg-info/SOURCES.txt
[1.422s] -- Installing: /root/working/test_ws/yano_ws/install/custom_interfaces/local/lib/python3.10/dist-packages/custom_interfaces-0.0.0-py3.10.egg-info/top_level.txt
[1.422s] -- Installing: /root/working/test_ws/yano_ws/install/custom_interfaces/local/lib/python3.10/dist-packages/custom_interfaces-0.0.0-py3.10.egg-info/PKG-INFO
[1.423s] -- Installing: /root/working/test_ws/yano_ws/install/custom_interfaces/local/lib/python3.10/dist-packages/custom_interfaces-0.0.0-py3.10.egg-info/dependency_links.txt
[1.423s] -- Up-to-date: /root/working/test_ws/yano_ws/install/custom_interfaces/local/lib/python3.10/dist-packages/custom_interfaces
[1.423s] -- Up-to-date: /root/working/test_ws/yano_ws/install/custom_interfaces/local/lib/python3.10/dist-packages/custom_interfaces/_custom_interfaces_s.ep.rosidl_typesupport_fastrtps_c.c
[1.423s] -- Up-to-date: /root/working/test_ws/yano_ws/install/custom_interfaces/local/lib/python3.10/dist-packages/custom_interfaces/custom_interfaces_s__rosidl_typesupport_introspection_c.cpython-310-x86_64-linux-gnu.so
[1.423s] -- Up-to-date: /root/working/test_ws/yano_ws/install/custom_interfaces/local/lib/python3.10/dist-packages/custom_interfaces/srv
[1.423s] -- Up-to-date: /root/working/test_ws/yano_ws/install/custom_interfaces/local/lib/python3.10/dist-packages/custom_interfaces/srv/_set_mode.py
[1.423s] -- Up-to-date: /root/working/test_ws/yano_ws/install/custom_interfaces/local/lib/python3.10/dist-packages/custom_interfaces/srv/__init__.py
[1.424s] -- Up-to-date: /root/working/test_ws/yano_ws/install/custom_interfaces/local/lib/python3.10/dist-packages/custom_interfaces/srv/_set_mode_s.c
[1.425s] -- Up-to-date: /root/working/test_ws/yano_ws/install/custom_interfaces/local/lib/python3.10/dist-packages/custom_interfaces/custom_interfaces_s__rosidl_typesupport_c.cpython-310-x86_64-linux-gnu.so
[1.425s] -- Up-to-date: /root/working/test_ws/yano_ws/install/custom_interfaces/local/lib/python3.10/dist-packages/custom_interfaces/custom_interfaces_s__rosidl_typesupport_fastrtps_c.cpython-310-x86_64-linux-gnu.so
[1.425s] -- Up-to-date: /root/working/test_ws/yano_ws/install/custom_interfaces/local/lib/python3.10/dist-packages/custom_interfaces/msg
[1.425s] -- Up-to-date: /root/working/test_ws/yano_ws/install/custom_interfaces/local/lib/python3.10/dist-packages/custom_interfaces/msg/_driver_velocity_s.c
[1.425s] -- Up-to-date: /root/working/test_ws/yano_ws/install/custom_interfaces/local/lib/python3.10/dist-packages/custom_interfaces/msg/_driver_velocity.py
[1.426s] -- Up-to-date: /root/working/test_ws/yano_ws/install/custom_interfaces/local/lib/python3.10/dist-packages/custom_interfaces/msg/__init__.py
[1.426s] -- Up-to-date: /root/working/test_ws/yano_ws/install/custom_interfaces/local/lib/python3.10/dist-packages/custom_interfaces/__init__.py
[1.426s] -- Up-to-date: /root/working/test_ws/yano_ws/install/custom_interfaces/local/lib/python3.10/dist-packages/custom_interfaces/_custom_interfaces_s.ep.rosidl_typesupport_introspection_c.c
[1.427s] -- Up-to-date: /root/working/test_ws/yano_ws/install/custom_interfaces/local/lib/python3.10/dist-packages/custom_interfaces/_custom_interfaces_s.ep.rosidl_typesupport_c.c
[1.428s] -- Up-to-date: /root/working/test_ws/yano_ws/install/custom_interfaces/local/lib/python3.10/dist-packages/custom_interfaces/libcustom_interfaces__rosidl_generator_py.so
[1.480s] Listing '/root/working/test_ws/yano_ws/install/custom_interfaces/local/lib/python3.10/dist-packages/custom_interfaces'...
[1.480s] Listing '/root/working/test_ws/yano_ws/install/custom_interfaces/local/lib/python3.10/dist-packages/custom_interfaces/msg'...
[1.480s] Listing '/root/working/test_ws/yano_ws/install/custom_interfaces/local/lib/python3.10/dist-packages/custom_interfaces/srv'...
[1.489s] -- Up-to-date: /root/working/test_ws/yano_ws/install/custom_interfaces/local/lib/python3.10/dist-packages/custom_interfaces/custom_interfaces_s__rosidl_typesupport_fastrtps_c.cpython-310-x86_64-linux-gnu.so
[1.490s] -- Up-to-date: /root/working/test_ws/yano_ws/install/custom_interfaces/local/lib/python3.10/dist-packages/custom_interfaces/custom_interfaces_s__rosidl_typesupport_introspection_c.cpython-310-x86_64-linux-gnu.so
[1.491s] -- Up-to-date: /root/working/test_ws/yano_ws/install/custom_interfaces/local/lib/python3.10/dist-packages/custom_interfaces/custom_interfaces_s__rosidl_typesupport_c.cpython-310-x86_64-linux-gnu.so
[1.492s] -- Up-to-date: /root/working/test_ws/yano_ws/install/custom_interfaces/lib/libcustom_interfaces__rosidl_generator_py.so
[1.492s] -- Up-to-date: /root/working/test_ws/yano_ws/install/custom_interfaces/share/custom_interfaces/msg/DriverVelocity.idl
[1.493s] -- Up-to-date: /root/working/test_ws/yano_ws/install/custom_interfaces/share/custom_interfaces/srv/SetMode.idl
[1.493s] -- Up-to-date: /root/working/test_ws/yano_ws/install/custom_interfaces/share/custom_interfaces/msg/DriverVelocity.msg
[1.494s] -- Up-to-date: /root/working/test_ws/yano_ws/install/custom_interfaces/share/custom_interfaces/srv/SetMode.srv
[1.494s] -- Up-to-date: /root/working/test_ws/yano_ws/install/custom_interfaces/share/custom_interfaces/srv/SetMode_Request.msg
[1.495s] -- Up-to-date: /root/working/test_ws/yano_ws/install/custom_interfaces/share/custom_interfaces/srv/SetMode_Response.msg
[1.495s] -- Up-to-date: /root/working/test_ws/yano_ws/install/custom_interfaces/share/custom_interfaces/msg
[1.495s] -- Up-to-date: /root/working/test_ws/yano_ws/install/custom_interfaces/share/custom_interfaces/msg/DriverVelocity.msg
[1.496s] -- Up-to-date: /root/working/test_ws/yano_ws/install/custom_interfaces/share/ament_index/resource_index/package_run_dependencies/custom_interfaces
[1.496s] -- Up-to-date: /root/working/test_ws/yano_ws/install/custom_interfaces/share/ament_index/resource_index/parent_prefix_path/custom_interfaces
[1.498s] -- Up-to-date: /root/working/test_ws/yano_ws/install/custom_interfaces/share/custom_interfaces/environment/ament_prefix_path.sh
[1.498s] -- Up-to-date: /root/working/test_ws/yano_ws/install/custom_interfaces/share/custom_interfaces/environment/ament_prefix_path.dsv
[1.498s] -- Up-to-date: /root/working/test_ws/yano_ws/install/custom_interfaces/share/custom_interfaces/environment/path.sh
[1.498s] -- Up-to-date: /root/working/test_ws/yano_ws/install/custom_interfaces/share/custom_interfaces/environment/path.dsv
[1.499s] -- Up-to-date: /root/working/test_ws/yano_ws/install/custom_interfaces/share/custom_interfaces/local_setup.bash
[1.499s] -- Up-to-date: /root/working/test_ws/yano_ws/install/custom_interfaces/share/custom_interfaces/local_setup.sh
[1.500s] -- Up-to-date: /root/working/test_ws/yano_ws/install/custom_interfaces/share/custom_interfaces/local_setup.zsh
[1.500s] -- Up-to-date: /root/working/test_ws/yano_ws/install/custom_interfaces/share/custom_interfaces/local_setup.dsv
[1.501s] -- Installing: /root/working/test_ws/yano_ws/install/custom_interfaces/share/custom_interfaces/package.dsv
[1.501s] -- Up-to-date: /root/working/test_ws/yano_ws/install/custom_interfaces/share/ament_index/resource_index/packages/custom_interfaces
[1.501s] -- Up-to-date: /root/working/test_ws/yano_ws/install/custom_interfaces/share/custom_interfaces/cmake/export_custom_interfaces__rosidl_generator_cExport.cmake
[1.501s] -- Up-to-date: /root/working/test_ws/yano_ws/install/custom_interfaces/share/custom_interfaces/cmake/export_custom_interfaces__rosidl_generator_cExport-noconfig.cmake
[1.502s] -- Up-to-date: /root/working/test_ws/yano_ws/install/custom_interfaces/share/custom_interfaces/cmake/export_custom_interfaces__rosidl_typesupport_fastrtps_cExport.cmake
[1.502s] -- Up-to-date: /root/working/test_ws/yano_ws/install/custom_interfaces/share/custom_interfaces/cmake/export_custom_interfaces__rosidl_typesupport_fastrtps_cExport-noconfig.cmake
[1.504s] -- Up-to-date: /root/working/test_ws/yano_ws/install/custom_interfaces/share/custom_interfaces/cmake/custom_interfaces__rosidl_typesupport_introspection_cExport.cmake
[1.504s] -- Up-to-date: /root/working/test_ws/yano_ws/install/custom_interfaces/share/custom_interfaces/cmake/custom_interfaces__rosidl_typesupport_introspection_cExport-noconfig.cmake
[1.511s] -- Up-to-date: /root/working/test_ws/yano_ws/install/custom_interfaces/share/custom_interfaces/cmake/custom_interfaces__rosidl_typesupport_cExport.cmake
[1.518s] -- Up-to-date: /root/working/test_ws/yano_ws/install/custom_interfaces/share/custom_interfaces/cmake/custom_interfaces__rosidl_typesupport_cExport-noconfig.cmake
[1.518s] -- Up-to-date: /root/working/test_ws/yano_ws/install/custom_interfaces/share/custom_interfaces/cmake/export_custom_interfaces__rosidl_generator_cppExport.cmake
[1.518s] -- Up-to-date: /root/working/test_ws/yano_ws/install/custom_interfaces/share/custom_interfaces/cmake/export_custom_interfaces__rosidl_typesupport_fastrtps_cppExport.cmake
[1.518s] -- Up-to-date: /root/working/test_ws/yano_ws/install/custom_interfaces/share/custom_interfaces/cmake/export_custom_interfaces__rosidl_typesupport_fastrtps_cppExport-noconfig.cmake
[1.519s] -- Up-to-date: /root/working/test_ws/yano_ws/install/custom_interfaces/share/custom_interfaces/cmake/custom_interfaces__rosidl_typesupport_introspection_cppExport.cmake
[1.519s] -- Up-to-date: /root/working/test_ws/yano_ws/install/custom_interfaces/share/custom_interfaces/cmake/custom_interfaces__rosidl_typesupport_introspection_cppExport-noconfig.cmake
[1.519s] -- Up-to-date: /root/working/test_ws/yano_ws/install/custom_interfaces/share/custom_interfaces/cmake/custom_interfaces__rosidl_typesupport_cppExport.cmake
[1.519s] -- Up-to-date: /root/working/test_ws/yano_ws/install/custom_interfaces/share/custom_interfaces/cmake/custom_interfaces__rosidl_typesupport_cppExport-noconfig.cmake
[1.519s] -- Up-to-date: /root/working/test_ws/yano_ws/install/custom_interfaces/share/custom_interfaces/cmake/export_custom_interfaces__rosidl_generator_pyExport.cmake
[1.520s] -- Up-to-date: /root/working/test_ws/yano_ws/install/custom_interfaces/share/custom_interfaces/cmake/export_custom_interfaces__rosidl_generator_pyExport-noconfig.cmake
[1.520s] -- Up-to-date: /root/working/test_ws/yano_ws/install/custom_interfaces/share/custom_interfaces/cmake/rosidl_cmake-extras.cmake
[1.520s] -- Up-to-date: /root/working/test_ws/yano_ws/install/custom_interfaces/share/custom_interfaces/cmake/ament_cmake_export_include_directories-extras.cmake
[1.520s] -- Up-to-date: /root/working/test_ws/yano_ws/install/custom_interfaces/share/custom_interfaces/cmake/ament_cmake_export_libraries-extras.cmake
[1.521s] -- Up-to-date: /root/working/test_ws/yano_ws/install/custom_interfaces/share/custom_interfaces/cmake/ament_cmake_export_targets-extras.cmake
[1.521s] -- Up-to-date: /root/working/test_ws/yano_ws/install/custom_interfaces/share/custom_interfaces/cmake/rosidl_cmake_export_typesupport_targets-extras.cmake
[1.521s] -- Up-to-date: /root/working/test_ws/yano_ws/install/custom_interfaces/share/custom_interfaces/cmake/ament_cmake_export_dependencies-extras.cmake
[1.522s] -- Up-to-date: /root/working/test_ws/yano_ws/install/custom_interfaces/share/custom_interfaces/cmake/rosidl_cmake_export_typesupport_libraries-extras.cmake
[1.522s] -- Up-to-date: /root/working/test_ws/yano_ws/install/custom_interfaces/share/custom_interfaces/cmake/custom_interfacesConfig.cmake
[1.522s] -- Up-to-date: /root/working/test_ws/yano_ws/install/custom_interfaces/share/custom_interfaces/cmake/custom_interfacesConfig-version.cmake
[1.522s] -- Up-to-date: /root/working/test_ws/yano_ws/install/custom_interfaces/share/custom_interfaces/package.xml
[1.522s] Invoked command in '/root/working/test_ws/yano_ws/build/custom_interfaces' returned '0': /usr/bin/cmake --install /root/working/test_ws/yano_ws/build/custom_interfaces
