[0.161s] DEBUG:colcon:Command line arguments: ['/usr/bin/colcon', 'build', '--packages-select', 'joy_controller']
[0.161s] DEBUG:colcon:Parsed command line arguments: Namespace(log_base=None, log_level=None, verb_name='build', build_base='build', install_base='install', merge_install=False, symlink_install=False, test_result_base=None, continue_on_error=False, executor='parallel', parallel_workers=4, event_handlers=None, ignore_user_meta=False, metas=['./colcon.meta'], base_paths=['.'], packages_ignore=None, packages_ignore_regex=None, paths=None, packages_up_to=None, packages_up_to_regex=None, packages_above=None, packages_above_and_dependencies=None, packages_above_depth=None, packages_select_by_dep=None, packages_skip_by_dep=None, packages_skip_up_to=None, packages_select_build_failed=False, packages_skip_build_finished=False, packages_select_test_failures=False, packages_skip_test_passed=False, packages_select=['joy_controller'], packages_skip=None, packages_select_regex=None, packages_skip_regex=None, packages_start=None, packages_end=None, cmake_args=None, cmake_target=None, cmake_target_skip_unavailable=False, cmake_clean_cache=False, cmake_clean_first=False, cmake_force_configure=False, ament_cmake_args=None, catkin_cmake_args=None, catkin_skip_building_tests=False, mixin_files=None, mixin=None, verb_parser=<colcon_mixin.mixin.mixin_argument.MixinArgumentDecorator object at 0x7b79998066b0>, verb_extension=<colcon_core.verb.build.BuildVerb object at 0x7b79998f35e0>, main=<bound method BuildVerb.main of <colcon_core.verb.build.BuildVerb object at 0x7b79998f35e0>>, mixin_verb=('build',))
[0.349s] Level 1:colcon.colcon_core.package_discovery:discover_packages(colcon_meta) check parameters
[0.350s] INFO:colcon.colcon_metadata.package_discovery.colcon_meta:Using configuration from '/root/.colcon/metadata/default/Gazebo.meta'
[0.351s] INFO:colcon.colcon_metadata.package_discovery.colcon_meta:Using configuration from '/root/.colcon/metadata/default/fastrtps.meta'
[0.351s] Level 1:colcon.colcon_core.package_discovery:discover_packages(recursive) check parameters
[0.351s] Level 1:colcon.colcon_core.package_discovery:discover_packages(ignore) check parameters
[0.351s] Level 1:colcon.colcon_core.package_discovery:discover_packages(path) check parameters
[0.351s] Level 1:colcon.colcon_core.package_discovery:discover_packages(colcon_meta) discover
[0.351s] Level 1:colcon.colcon_core.package_discovery:discover_packages(recursive) discover
[0.351s] INFO:colcon.colcon_core.package_discovery:Crawling recursively for packages in '/root/working/ros2_ws'
[0.351s] Level 1:colcon.colcon_core.package_identification:_identify(.) by extensions ['ignore', 'ignore_ament_install']
[0.351s] Level 1:colcon.colcon_core.package_identification:_identify(.) by extension 'ignore'
[0.351s] Level 1:colcon.colcon_core.package_identification:_identify(.) by extension 'ignore_ament_install'
[0.352s] Level 1:colcon.colcon_core.package_identification:_identify(.) by extensions ['colcon_pkg']
[0.352s] Level 1:colcon.colcon_core.package_identification:_identify(.) by extension 'colcon_pkg'
[0.352s] Level 1:colcon.colcon_core.package_identification:_identify(.) by extensions ['colcon_meta']
[0.352s] Level 1:colcon.colcon_core.package_identification:_identify(.) by extension 'colcon_meta'
[0.352s] Level 1:colcon.colcon_core.package_identification:_identify(.) by extensions ['ros']
[0.352s] Level 1:colcon.colcon_core.package_identification:_identify(.) by extension 'ros'
[0.368s] Level 1:colcon.colcon_core.package_identification:_identify(.) by extensions ['cmake', 'python']
[0.368s] Level 1:colcon.colcon_core.package_identification:_identify(.) by extension 'cmake'
[0.368s] Level 1:colcon.colcon_core.package_identification:_identify(.) by extension 'python'
[0.368s] Level 1:colcon.colcon_core.package_identification:_identify(.) by extensions ['python_setup_py']
[0.368s] Level 1:colcon.colcon_core.package_identification:_identify(.) by extension 'python_setup_py'
[0.368s] Level 1:colcon.colcon_core.package_identification:_identify(build) by extensions ['ignore', 'ignore_ament_install']
[0.369s] Level 1:colcon.colcon_core.package_identification:_identify(build) by extension 'ignore'
[0.369s] Level 1:colcon.colcon_core.package_identification:_identify(build) ignored
[0.369s] Level 1:colcon.colcon_core.package_identification:_identify(install) by extensions ['ignore', 'ignore_ament_install']
[0.369s] Level 1:colcon.colcon_core.package_identification:_identify(install) by extension 'ignore'
[0.369s] Level 1:colcon.colcon_core.package_identification:_identify(install) ignored
[0.369s] Level 1:colcon.colcon_core.package_identification:_identify(log) by extensions ['ignore', 'ignore_ament_install']
[0.369s] Level 1:colcon.colcon_core.package_identification:_identify(log) by extension 'ignore'
[0.369s] Level 1:colcon.colcon_core.package_identification:_identify(log) ignored
[0.369s] Level 1:colcon.colcon_core.package_identification:_identify(src) by extensions ['ignore', 'ignore_ament_install']
[0.369s] Level 1:colcon.colcon_core.package_identification:_identify(src) by extension 'ignore'
[0.370s] Level 1:colcon.colcon_core.package_identification:_identify(src) by extension 'ignore_ament_install'
[0.370s] Level 1:colcon.colcon_core.package_identification:_identify(src) by extensions ['colcon_pkg']
[0.370s] Level 1:colcon.colcon_core.package_identification:_identify(src) by extension 'colcon_pkg'
[0.370s] Level 1:colcon.colcon_core.package_identification:_identify(src) by extensions ['colcon_meta']
[0.370s] Level 1:colcon.colcon_core.package_identification:_identify(src) by extension 'colcon_meta'
[0.370s] Level 1:colcon.colcon_core.package_identification:_identify(src) by extensions ['ros']
[0.370s] Level 1:colcon.colcon_core.package_identification:_identify(src) by extension 'ros'
[0.370s] Level 1:colcon.colcon_core.package_identification:_identify(src) by extensions ['cmake', 'python']
[0.370s] Level 1:colcon.colcon_core.package_identification:_identify(src) by extension 'cmake'
[0.370s] Level 1:colcon.colcon_core.package_identification:_identify(src) by extension 'python'
[0.370s] Level 1:colcon.colcon_core.package_identification:_identify(src) by extensions ['python_setup_py']
[0.370s] Level 1:colcon.colcon_core.package_identification:_identify(src) by extension 'python_setup_py'
[0.370s] Level 1:colcon.colcon_core.package_identification:_identify(src/joy_controller) by extensions ['ignore', 'ignore_ament_install']
[0.370s] Level 1:colcon.colcon_core.package_identification:_identify(src/joy_controller) by extension 'ignore'
[0.370s] Level 1:colcon.colcon_core.package_identification:_identify(src/joy_controller) by extension 'ignore_ament_install'
[0.371s] Level 1:colcon.colcon_core.package_identification:_identify(src/joy_controller) by extensions ['colcon_pkg']
[0.371s] Level 1:colcon.colcon_core.package_identification:_identify(src/joy_controller) by extension 'colcon_pkg'
[0.371s] Level 1:colcon.colcon_core.package_identification:_identify(src/joy_controller) by extensions ['colcon_meta']
[0.371s] Level 1:colcon.colcon_core.package_identification:_identify(src/joy_controller) by extension 'colcon_meta'
[0.371s] Level 1:colcon.colcon_core.package_identification:_identify(src/joy_controller) by extensions ['ros']
[0.371s] Level 1:colcon.colcon_core.package_identification:_identify(src/joy_controller) by extension 'ros'
[0.374s] DEBUG:colcon.colcon_core.package_identification:Package 'src/joy_controller' with type 'ros.ament_cmake' and name 'joy_controller'
[0.374s] Level 1:colcon.colcon_core.package_discovery:discover_packages(recursive) using defaults
[0.374s] Level 1:colcon.colcon_core.package_discovery:discover_packages(ignore) discover
[0.374s] Level 1:colcon.colcon_core.package_discovery:discover_packages(ignore) using defaults
[0.374s] Level 1:colcon.colcon_core.package_discovery:discover_packages(path) discover
[0.375s] Level 1:colcon.colcon_core.package_discovery:discover_packages(path) using defaults
[0.400s] Level 5:colcon.colcon_core.verb:set package 'joy_controller' build argument 'cmake_args' from command line to 'None'
[0.400s] Level 5:colcon.colcon_core.verb:set package 'joy_controller' build argument 'cmake_target' from command line to 'None'
[0.400s] Level 5:colcon.colcon_core.verb:set package 'joy_controller' build argument 'cmake_target_skip_unavailable' from command line to 'False'
[0.401s] Level 5:colcon.colcon_core.verb:set package 'joy_controller' build argument 'cmake_clean_cache' from command line to 'False'
[0.401s] Level 5:colcon.colcon_core.verb:set package 'joy_controller' build argument 'cmake_clean_first' from command line to 'False'
[0.401s] Level 5:colcon.colcon_core.verb:set package 'joy_controller' build argument 'cmake_force_configure' from command line to 'False'
[0.401s] Level 5:colcon.colcon_core.verb:set package 'joy_controller' build argument 'ament_cmake_args' from command line to 'None'
[0.401s] Level 5:colcon.colcon_core.verb:set package 'joy_controller' build argument 'catkin_cmake_args' from command line to 'None'
[0.401s] Level 5:colcon.colcon_core.verb:set package 'joy_controller' build argument 'catkin_skip_building_tests' from command line to 'False'
[0.401s] DEBUG:colcon.colcon_core.verb:Building package 'joy_controller' with the following arguments: {'ament_cmake_args': None, 'build_base': '/root/working/ros2_ws/build/joy_controller', 'catkin_cmake_args': None, 'catkin_skip_building_tests': False, 'cmake_args': None, 'cmake_clean_cache': False, 'cmake_clean_first': False, 'cmake_force_configure': False, 'cmake_target': None, 'cmake_target_skip_unavailable': False, 'install_base': '/root/working/ros2_ws/install/joy_controller', 'merge_install': False, 'path': '/root/working/ros2_ws/src/joy_controller', 'symlink_install': False, 'test_result_base': None}
[0.401s] INFO:colcon.colcon_core.executor:Executing jobs using 'parallel' executor
[0.403s] DEBUG:colcon.colcon_parallel_executor.executor.parallel:run_until_complete
[0.403s] INFO:colcon.colcon_ros.task.ament_cmake.build:Building ROS package in '/root/working/ros2_ws/src/joy_controller' with build type 'ament_cmake'
[0.403s] INFO:colcon.colcon_cmake.task.cmake.build:Building CMake package in '/root/working/ros2_ws/src/joy_controller'
[0.407s] INFO:colcon.colcon_core.plugin_system:Skipping extension 'colcon_core.shell.bat': Not used on non-Windows systems
[0.407s] INFO:colcon.colcon_core.shell:Skip shell extension 'powershell' for command environment: Not usable outside of PowerShell
[0.407s] DEBUG:colcon.colcon_core.shell:Skip shell extension 'dsv' for command environment
[0.425s] DEBUG:colcon.colcon_core.event_handler.log_command:Invoking command in '/root/working/ros2_ws/build/joy_controller': CMAKE_PREFIX_PATH=${CMAKE_PREFIX_PATH}:/opt/ros/humble /usr/bin/cmake --build /root/working/ros2_ws/build/joy_controller -- -j4 -l4
[12.113s] DEBUG:colcon.colcon_core.event_handler.log_command:Invoked command in '/root/working/ros2_ws/build/joy_controller' returned '0': CMAKE_PREFIX_PATH=${CMAKE_PREFIX_PATH}:/opt/ros/humble /usr/bin/cmake --build /root/working/ros2_ws/build/joy_controller -- -j4 -l4
[12.127s] DEBUG:colcon.colcon_core.event_handler.log_command:Invoking command in '/root/working/ros2_ws/build/joy_controller': CMAKE_PREFIX_PATH=${CMAKE_PREFIX_PATH}:/opt/ros/humble /usr/bin/cmake --install /root/working/ros2_ws/build/joy_controller
[12.146s] Level 1:colcon.colcon_core.environment:create_environment_scripts_only(joy_controller)
[12.147s] DEBUG:colcon.colcon_core.event_handler.log_command:Invoked command in '/root/working/ros2_ws/build/joy_controller' returned '0': CMAKE_PREFIX_PATH=${CMAKE_PREFIX_PATH}:/opt/ros/humble /usr/bin/cmake --install /root/working/ros2_ws/build/joy_controller
[12.152s] Level 1:colcon.colcon_core.environment:checking '/root/working/ros2_ws/install/joy_controller' for CMake module files
[12.153s] Level 1:colcon.colcon_core.environment:checking '/root/working/ros2_ws/install/joy_controller' for CMake config files
[12.154s] Level 1:colcon.colcon_core.shell:create_environment_hook('joy_controller', 'cmake_prefix_path')
[12.154s] INFO:colcon.colcon_core.shell:Creating environment hook '/root/working/ros2_ws/install/joy_controller/share/joy_controller/hook/cmake_prefix_path.ps1'
[12.156s] INFO:colcon.colcon_core.shell:Creating environment descriptor '/root/working/ros2_ws/install/joy_controller/share/joy_controller/hook/cmake_prefix_path.dsv'
[12.156s] INFO:colcon.colcon_core.shell:Creating environment hook '/root/working/ros2_ws/install/joy_controller/share/joy_controller/hook/cmake_prefix_path.sh'
[12.158s] Level 1:colcon.colcon_core.environment:checking '/root/working/ros2_ws/install/joy_controller/lib'
[12.158s] Level 1:colcon.colcon_core.environment:checking '/root/working/ros2_ws/install/joy_controller/bin'
[12.158s] Level 1:colcon.colcon_core.environment:checking '/root/working/ros2_ws/install/joy_controller/lib/pkgconfig/joy_controller.pc'
[12.160s] Level 1:colcon.colcon_core.environment:checking '/root/working/ros2_ws/install/joy_controller/lib/python3.10/site-packages'
[12.161s] Level 1:colcon.colcon_core.environment:checking '/root/working/ros2_ws/install/joy_controller/bin'
[12.161s] INFO:colcon.colcon_core.shell:Creating package script '/root/working/ros2_ws/install/joy_controller/share/joy_controller/package.ps1'
[12.162s] INFO:colcon.colcon_core.shell:Creating package descriptor '/root/working/ros2_ws/install/joy_controller/share/joy_controller/package.dsv'
[12.163s] INFO:colcon.colcon_core.shell:Creating package script '/root/working/ros2_ws/install/joy_controller/share/joy_controller/package.sh'
[12.164s] INFO:colcon.colcon_core.shell:Creating package script '/root/working/ros2_ws/install/joy_controller/share/joy_controller/package.bash'
[12.165s] INFO:colcon.colcon_core.shell:Creating package script '/root/working/ros2_ws/install/joy_controller/share/joy_controller/package.zsh'
[12.166s] Level 1:colcon.colcon_core.environment:create_file_with_runtime_dependencies(/root/working/ros2_ws/install/joy_controller/share/colcon-core/packages/joy_controller)
[12.167s] Level 1:colcon.colcon_core.environment:create_environment_scripts_only(joy_controller)
[12.167s] Level 1:colcon.colcon_core.environment:checking '/root/working/ros2_ws/install/joy_controller' for CMake module files
[12.167s] Level 1:colcon.colcon_core.environment:checking '/root/working/ros2_ws/install/joy_controller' for CMake config files
[12.168s] Level 1:colcon.colcon_core.shell:create_environment_hook('joy_controller', 'cmake_prefix_path')
[12.168s] INFO:colcon.colcon_core.shell:Creating environment hook '/root/working/ros2_ws/install/joy_controller/share/joy_controller/hook/cmake_prefix_path.ps1'
[12.169s] INFO:colcon.colcon_core.shell:Creating environment descriptor '/root/working/ros2_ws/install/joy_controller/share/joy_controller/hook/cmake_prefix_path.dsv'
[12.169s] INFO:colcon.colcon_core.shell:Creating environment hook '/root/working/ros2_ws/install/joy_controller/share/joy_controller/hook/cmake_prefix_path.sh'
[12.170s] Level 1:colcon.colcon_core.environment:checking '/root/working/ros2_ws/install/joy_controller/lib'
[12.170s] Level 1:colcon.colcon_core.environment:checking '/root/working/ros2_ws/install/joy_controller/bin'
[12.170s] Level 1:colcon.colcon_core.environment:checking '/root/working/ros2_ws/install/joy_controller/lib/pkgconfig/joy_controller.pc'
[12.170s] Level 1:colcon.colcon_core.environment:checking '/root/working/ros2_ws/install/joy_controller/lib/python3.10/site-packages'
[12.170s] Level 1:colcon.colcon_core.environment:checking '/root/working/ros2_ws/install/joy_controller/bin'
[12.171s] INFO:colcon.colcon_core.shell:Creating package script '/root/working/ros2_ws/install/joy_controller/share/joy_controller/package.ps1'
[12.172s] INFO:colcon.colcon_core.shell:Creating package descriptor '/root/working/ros2_ws/install/joy_controller/share/joy_controller/package.dsv'
[12.172s] INFO:colcon.colcon_core.shell:Creating package script '/root/working/ros2_ws/install/joy_controller/share/joy_controller/package.sh'
[12.173s] INFO:colcon.colcon_core.shell:Creating package script '/root/working/ros2_ws/install/joy_controller/share/joy_controller/package.bash'
[12.173s] INFO:colcon.colcon_core.shell:Creating package script '/root/working/ros2_ws/install/joy_controller/share/joy_controller/package.zsh'
[12.174s] Level 1:colcon.colcon_core.environment:create_file_with_runtime_dependencies(/root/working/ros2_ws/install/joy_controller/share/colcon-core/packages/joy_controller)
[12.174s] DEBUG:colcon.colcon_parallel_executor.executor.parallel:closing loop
[12.175s] DEBUG:colcon.colcon_parallel_executor.executor.parallel:loop closed
[12.175s] DEBUG:colcon.colcon_parallel_executor.executor.parallel:run_until_complete finished with '0'
[12.175s] DEBUG:colcon.colcon_core.event_reactor:joining thread
[12.185s] INFO:colcon.colcon_core.plugin_system:Skipping extension 'colcon_notification.desktop_notification.notify_send': Could not find 'notify-send'
[12.185s] INFO:colcon.colcon_core.plugin_system:Skipping extension 'colcon_notification.desktop_notification.terminal_notifier': Not used on non-Darwin systems
[12.186s] INFO:colcon.colcon_core.plugin_system:Skipping extension 'colcon_notification.desktop_notification.win32': Not used on non-Windows systems
[12.186s] INFO:colcon.colcon_notification.desktop_notification:Sending desktop notification using 'notify2'
[12.186s] DEBUG:colcon.colcon_notification.desktop_notification.notify2:Failed to initialize notify2: org.freedesktop.DBus.Error.NotSupported: Unable to autolaunch a dbus-daemon without a $DISPLAY for X11
[12.186s] DEBUG:colcon.colcon_core.event_reactor:joined thread
[12.187s] INFO:colcon.colcon_core.shell:Creating prefix script '/root/working/ros2_ws/install/local_setup.ps1'
[12.190s] INFO:colcon.colcon_core.shell:Creating prefix util module '/root/working/ros2_ws/install/_local_setup_util_ps1.py'
[12.193s] INFO:colcon.colcon_core.shell:Creating prefix chain script '/root/working/ros2_ws/install/setup.ps1'
[12.195s] INFO:colcon.colcon_core.shell:Creating prefix script '/root/working/ros2_ws/install/local_setup.sh'
[12.196s] INFO:colcon.colcon_core.shell:Creating prefix util module '/root/working/ros2_ws/install/_local_setup_util_sh.py'
[12.198s] INFO:colcon.colcon_core.shell:Creating prefix chain script '/root/working/ros2_ws/install/setup.sh'
[12.199s] INFO:colcon.colcon_core.shell:Creating prefix script '/root/working/ros2_ws/install/local_setup.bash'
[12.200s] INFO:colcon.colcon_core.shell:Creating prefix chain script '/root/working/ros2_ws/install/setup.bash'
[12.201s] INFO:colcon.colcon_core.shell:Creating prefix script '/root/working/ros2_ws/install/local_setup.zsh'
[12.202s] INFO:colcon.colcon_core.shell:Creating prefix chain script '/root/working/ros2_ws/install/setup.zsh'
