-- The C compiler identification is GNU 11.4.0
-- The CXX compiler identification is GNU 11.4.0
-- Detecting C compiler ABI info
-- Detecting C compiler ABI info - done
-- Check for working C compiler: /usr/bin/cc - skipped
-- Detecting C compile features
-- Detecting C compile features - done
-- Detecting CXX compiler ABI info
-- Detecting CXX compiler ABI info - done
-- Check for working CXX compiler: /usr/bin/c++ - skipped
-- Detecting CXX compile features
-- Detecting CXX compile features - done
-- Found ament_cmake: 1.3.11 (/opt/ros/humble/share/ament_cmake/cmake)
-- Found Python3: /usr/bin/python3 (found version "3.10.12") found components: Interpreter 
-- Found rclcpp: 16.0.11 (/opt/ros/humble/share/rclcpp/cmake)
-- Found rosidl_generator_c: 3.1.6 (/opt/ros/humble/share/rosidl_generator_c/cmake)
-- Found rosidl_adapter: 3.1.6 (/opt/ros/humble/share/rosidl_adapter/cmake)
-- Found rosidl_generator_cpp: 3.1.6 (/opt/ros/humble/share/rosidl_generator_cpp/cmake)
-- Using all available rosidl_typesupport_c: rosidl_typesupport_fastrtps_c;rosidl_typesupport_introspection_c
-- Using all available rosidl_typesupport_cpp: rosidl_typesupport_fastrtps_cpp;rosidl_typesupport_introspection_cpp
-- Found rmw_implementation_cmake: 6.1.2 (/opt/ros/humble/share/rmw_implementation_cmake/cmake)
-- Found rmw_fastrtps_cpp: 6.2.7 (/opt/ros/humble/share/rmw_fastrtps_cpp/cmake)
-- Found OpenSSL: /usr/lib/x86_64-linux-gnu/libcrypto.so (found version "3.0.2")  
-- Found FastRTPS: /opt/ros/humble/include  
-- Using RMW implementation 'rmw_fastrtps_cpp' as default
-- Looking for pthread.h
-- Looking for pthread.h - found
-- Performing Test CMAKE_HAVE_LIBC_PTHREAD
-- Performing Test CMAKE_HAVE_LIBC_PTHREAD - Success
-- Found Threads: TRUE  
-- Found geometry_msgs: 4.2.4 (/opt/ros/humble/share/geometry_msgs/cmake)
-- Found custom_interfaces: 0.0.0 (/root/working/test_ws/yano_ws/install/custom_interfaces/share/custom_interfaces/cmake)
-- Found ament_lint_auto: 0.12.11 (/opt/ros/humble/share/ament_lint_auto/cmake)
-- Added test 'cppcheck' to perform static code analysis on C / C++ code
-- Configured cppcheck include dirs: 
-- Configured cppcheck exclude dirs and/or files: 
-- Added test 'lint_cmake' to check CMake code style
-- Added test 'uncrustify' to check C / C++ code style
-- Configured uncrustify additional arguments: 
-- Added test 'xmllint' to check XML markup files
-- Configuring done
-- Generating done
-- Build files have been written to: /root/working/test_ws/yano_ws/build/crawler_driver
[ 50%] [32mBuilding CXX object CMakeFiles/crawler_driver_node.dir/src/crawler_driver.cpp.o[0m
[100%] [32m[1mLinking CXX executable crawler_driver_node[0m
[100%] Built target crawler_driver_node
-- Install configuration: ""
-- Installing: /root/working/test_ws/yano_ws/install/crawler_driver/lib/crawler_driver/crawler_driver_node
-- Set runtime path of "/root/working/test_ws/yano_ws/install/crawler_driver/lib/crawler_driver/crawler_driver_node" to ""
-- Installing: /root/working/test_ws/yano_ws/install/crawler_driver/share/ament_index/resource_index/package_run_dependencies/crawler_driver
-- Installing: /root/working/test_ws/yano_ws/install/crawler_driver/share/ament_index/resource_index/parent_prefix_path/crawler_driver
-- Installing: /root/working/test_ws/yano_ws/install/crawler_driver/share/crawler_driver/environment/ament_prefix_path.sh
-- Installing: /root/working/test_ws/yano_ws/install/crawler_driver/share/crawler_driver/environment/ament_prefix_path.dsv
-- Installing: /root/working/test_ws/yano_ws/install/crawler_driver/share/crawler_driver/environment/path.sh
-- Installing: /root/working/test_ws/yano_ws/install/crawler_driver/share/crawler_driver/environment/path.dsv
-- Installing: /root/working/test_ws/yano_ws/install/crawler_driver/share/crawler_driver/local_setup.bash
-- Installing: /root/working/test_ws/yano_ws/install/crawler_driver/share/crawler_driver/local_setup.sh
-- Installing: /root/working/test_ws/yano_ws/install/crawler_driver/share/crawler_driver/local_setup.zsh
-- Installing: /root/working/test_ws/yano_ws/install/crawler_driver/share/crawler_driver/local_setup.dsv
-- Installing: /root/working/test_ws/yano_ws/install/crawler_driver/share/crawler_driver/package.dsv
-- Installing: /root/working/test_ws/yano_ws/install/crawler_driver/share/ament_index/resource_index/packages/crawler_driver
-- Installing: /root/working/test_ws/yano_ws/install/crawler_driver/share/crawler_driver/cmake/crawler_driverConfig.cmake
-- Installing: /root/working/test_ws/yano_ws/install/crawler_driver/share/crawler_driver/cmake/crawler_driverConfig-version.cmake
-- Installing: /root/working/test_ws/yano_ws/install/crawler_driver/share/crawler_driver/package.xml
