[0.033s] Invoking command in '/root/working/test_ws/yano_ws/build/dynamixel_sdk_examples': AMENT_PREFIX_PATH=/root/working/test_ws/yano_ws/install/dynamixel_sdk_custom_interfaces:/root/working/test_ws/yano_ws/install/dynamixel_sdk:${AMENT_PREFIX_PATH} CMAKE_PREFIX_PATH=/root/working/test_ws/yano_ws/install/dynamixel_sdk_custom_interfaces:/root/working/test_ws/yano_ws/install/dynamixel_sdk:/opt/ros/humble LD_LIBRARY_PATH=/root/working/test_ws/yano_ws/install/dynamixel_sdk_custom_interfaces/lib:/root/working/test_ws/yano_ws/install/dynamixel_sdk/lib:${LD_LIBRARY_PATH} PYTHONPATH=/root/working/test_ws/yano_ws/install/dynamixel_sdk_custom_interfaces/local/lib/python3.10/dist-packages:${PYTHONPATH} /usr/bin/cmake /root/working/test_ws/yano_ws/src/DynamixelSDK/ros/dynamixel_sdk_examples -DCMAKE_INSTALL_PREFIX=/root/working/test_ws/yano_ws/install/dynamixel_sdk_examples
[0.197s] -- The C compiler identification is GNU 11.4.0
[0.357s] -- The CXX compiler identification is GNU 11.4.0
[0.379s] -- Detecting C compiler ABI info
[0.608s] -- Detecting C compiler ABI info - done
[0.628s] -- Check for working C compiler: /usr/bin/cc - skipped
[0.632s] -- Detecting C compile features
[0.633s] -- Detecting C compile features - done
[0.640s] -- Detecting CXX compiler ABI info
[0.855s] -- Detecting CXX compiler ABI info - done
[0.883s] -- Check for working CXX compiler: /usr/bin/c++ - skipped
[0.884s] -- Detecting CXX compile features
[0.885s] -- Detecting CXX compile features - done
[0.896s] -- Found ament_cmake: 1.3.11 (/opt/ros/humble/share/ament_cmake/cmake)
[1.344s] -- Found Python3: /usr/bin/python3 (found version "3.10.12") found components: Interpreter 
[1.621s] -- Found dynamixel_sdk: 3.8.1 (/root/working/test_ws/yano_ws/install/dynamixel_sdk/share/dynamixel_sdk/cmake)
[1.626s] -- Found dynamixel_sdk_custom_interfaces: 3.8.1 (/root/working/test_ws/yano_ws/install/dynamixel_sdk_custom_interfaces/share/dynamixel_sdk_custom_interfaces/cmake)
[1.739s] -- Found rosidl_generator_c: 3.1.6 (/opt/ros/humble/share/rosidl_generator_c/cmake)
[1.768s] -- Found rosidl_adapter: 3.1.6 (/opt/ros/humble/share/rosidl_adapter/cmake)
[1.802s] -- Found rosidl_generator_cpp: 3.1.6 (/opt/ros/humble/share/rosidl_generator_cpp/cmake)
[1.849s] -- Using all available rosidl_typesupport_c: rosidl_typesupport_fastrtps_c;rosidl_typesupport_introspection_c
[1.900s] -- Using all available rosidl_typesupport_cpp: rosidl_typesupport_fastrtps_cpp;rosidl_typesupport_introspection_cpp
[1.983s] -- Found rclcpp: 16.0.11 (/opt/ros/humble/share/rclcpp/cmake)
[2.114s] -- Found rmw_implementation_cmake: 6.1.2 (/opt/ros/humble/share/rmw_implementation_cmake/cmake)
[2.122s] -- Found rmw_fastrtps_cpp: 6.2.7 (/opt/ros/humble/share/rmw_fastrtps_cpp/cmake)
[2.358s] -- Found OpenSSL: /usr/lib/x86_64-linux-gnu/libcrypto.so (found version "3.0.2")  
[2.459s] -- Found FastRTPS: /opt/ros/humble/include  
[2.558s] -- Using RMW implementation 'rmw_fastrtps_cpp' as default
[2.585s] -- Looking for pthread.h
[2.743s] -- Looking for pthread.h - found
[2.744s] -- Performing Test CMAKE_HAVE_LIBC_PTHREAD
[2.899s] -- Performing Test CMAKE_HAVE_LIBC_PTHREAD - Success
[2.902s] -- Found Threads: TRUE  
[3.055s] -- Found ament_lint_auto: 0.12.11 (/opt/ros/humble/share/ament_lint_auto/cmake)
[3.288s] -- Added test 'copyright' to check source files copyright and LICENSE
[3.288s] -- Added test 'cppcheck' to perform static code analysis on C / C++ code
[3.289s] -- Configured cppcheck include dirs: /root/working/test_ws/yano_ws/src/DynamixelSDK/ros/dynamixel_sdk_examples/include
[3.289s] -- Configured cppcheck exclude dirs and/or files: 
[3.291s] -- Added test 'cpplint' to check C / C++ code against the Google style
[3.291s] -- Configured cpplint exclude dirs and/or files: 
[3.294s] -- Added test 'lint_cmake' to check CMake code style
[3.296s] -- Added test 'uncrustify' to check C / C++ code style
[3.297s] -- Configured uncrustify additional arguments: 
[3.298s] -- Added test 'xmllint' to check XML markup files
[3.301s] -- Configuring done
[3.331s] -- Generating done
[3.343s] -- Build files have been written to: /root/working/test_ws/yano_ws/build/dynamixel_sdk_examples
[3.365s] Invoked command in '/root/working/test_ws/yano_ws/build/dynamixel_sdk_examples' returned '0': AMENT_PREFIX_PATH=/root/working/test_ws/yano_ws/install/dynamixel_sdk_custom_interfaces:/root/working/test_ws/yano_ws/install/dynamixel_sdk:${AMENT_PREFIX_PATH} CMAKE_PREFIX_PATH=/root/working/test_ws/yano_ws/install/dynamixel_sdk_custom_interfaces:/root/working/test_ws/yano_ws/install/dynamixel_sdk:/opt/ros/humble LD_LIBRARY_PATH=/root/working/test_ws/yano_ws/install/dynamixel_sdk_custom_interfaces/lib:/root/working/test_ws/yano_ws/install/dynamixel_sdk/lib:${LD_LIBRARY_PATH} PYTHONPATH=/root/working/test_ws/yano_ws/install/dynamixel_sdk_custom_interfaces/local/lib/python3.10/dist-packages:${PYTHONPATH} /usr/bin/cmake /root/working/test_ws/yano_ws/src/DynamixelSDK/ros/dynamixel_sdk_examples -DCMAKE_INSTALL_PREFIX=/root/working/test_ws/yano_ws/install/dynamixel_sdk_examples
[3.371s] Invoking command in '/root/working/test_ws/yano_ws/build/dynamixel_sdk_examples': AMENT_PREFIX_PATH=/root/working/test_ws/yano_ws/install/dynamixel_sdk_custom_interfaces:/root/working/test_ws/yano_ws/install/dynamixel_sdk:${AMENT_PREFIX_PATH} CMAKE_PREFIX_PATH=/root/working/test_ws/yano_ws/install/dynamixel_sdk_custom_interfaces:/root/working/test_ws/yano_ws/install/dynamixel_sdk:/opt/ros/humble LD_LIBRARY_PATH=/root/working/test_ws/yano_ws/install/dynamixel_sdk_custom_interfaces/lib:/root/working/test_ws/yano_ws/install/dynamixel_sdk/lib:${LD_LIBRARY_PATH} PYTHONPATH=/root/working/test_ws/yano_ws/install/dynamixel_sdk_custom_interfaces/local/lib/python3.10/dist-packages:${PYTHONPATH} /usr/bin/cmake --build /root/working/test_ws/yano_ws/build/dynamixel_sdk_examples -- -j4 -l4
[3.490s] [ 50%] [32mBuilding CXX object CMakeFiles/read_write_node.dir/src/read_write_node.cpp.o[0m
[23.366s] [100%] [32m[1mLinking CXX executable read_write_node[0m
[24.722s] [100%] Built target read_write_node
[24.750s] Invoked command in '/root/working/test_ws/yano_ws/build/dynamixel_sdk_examples' returned '0': AMENT_PREFIX_PATH=/root/working/test_ws/yano_ws/install/dynamixel_sdk_custom_interfaces:/root/working/test_ws/yano_ws/install/dynamixel_sdk:${AMENT_PREFIX_PATH} CMAKE_PREFIX_PATH=/root/working/test_ws/yano_ws/install/dynamixel_sdk_custom_interfaces:/root/working/test_ws/yano_ws/install/dynamixel_sdk:/opt/ros/humble LD_LIBRARY_PATH=/root/working/test_ws/yano_ws/install/dynamixel_sdk_custom_interfaces/lib:/root/working/test_ws/yano_ws/install/dynamixel_sdk/lib:${LD_LIBRARY_PATH} PYTHONPATH=/root/working/test_ws/yano_ws/install/dynamixel_sdk_custom_interfaces/local/lib/python3.10/dist-packages:${PYTHONPATH} /usr/bin/cmake --build /root/working/test_ws/yano_ws/build/dynamixel_sdk_examples -- -j4 -l4
[24.751s] Invoking command in '/root/working/test_ws/yano_ws/build/dynamixel_sdk_examples': AMENT_PREFIX_PATH=/root/working/test_ws/yano_ws/install/dynamixel_sdk_custom_interfaces:/root/working/test_ws/yano_ws/install/dynamixel_sdk:${AMENT_PREFIX_PATH} CMAKE_PREFIX_PATH=/root/working/test_ws/yano_ws/install/dynamixel_sdk_custom_interfaces:/root/working/test_ws/yano_ws/install/dynamixel_sdk:/opt/ros/humble LD_LIBRARY_PATH=/root/working/test_ws/yano_ws/install/dynamixel_sdk_custom_interfaces/lib:/root/working/test_ws/yano_ws/install/dynamixel_sdk/lib:${LD_LIBRARY_PATH} PYTHONPATH=/root/working/test_ws/yano_ws/install/dynamixel_sdk_custom_interfaces/local/lib/python3.10/dist-packages:${PYTHONPATH} /usr/bin/cmake --install /root/working/test_ws/yano_ws/build/dynamixel_sdk_examples
[24.777s] -- Install configuration: ""
[24.782s] -- Installing: /root/working/test_ws/yano_ws/install/dynamixel_sdk_examples/lib/dynamixel_sdk_examples/read_write_node
[24.793s] -- Set runtime path of "/root/working/test_ws/yano_ws/install/dynamixel_sdk_examples/lib/dynamixel_sdk_examples/read_write_node" to ""
[24.795s] -- Installing: /root/working/test_ws/yano_ws/install/dynamixel_sdk_examples/share/ament_index/resource_index/package_run_dependencies/dynamixel_sdk_examples
[24.797s] -- Installing: /root/working/test_ws/yano_ws/install/dynamixel_sdk_examples/share/ament_index/resource_index/parent_prefix_path/dynamixel_sdk_examples
[24.798s] -- Installing: /root/working/test_ws/yano_ws/install/dynamixel_sdk_examples/share/dynamixel_sdk_examples/environment/ament_prefix_path.sh
[24.799s] -- Installing: /root/working/test_ws/yano_ws/install/dynamixel_sdk_examples/share/dynamixel_sdk_examples/environment/ament_prefix_path.dsv
[24.802s] -- Installing: /root/working/test_ws/yano_ws/install/dynamixel_sdk_examples/share/dynamixel_sdk_examples/environment/path.sh
[24.802s] -- Installing: /root/working/test_ws/yano_ws/install/dynamixel_sdk_examples/share/dynamixel_sdk_examples/environment/path.dsv
[24.802s] -- Installing: /root/working/test_ws/yano_ws/install/dynamixel_sdk_examples/share/dynamixel_sdk_examples/local_setup.bash
[24.802s] -- Installing: /root/working/test_ws/yano_ws/install/dynamixel_sdk_examples/share/dynamixel_sdk_examples/local_setup.sh
[24.802s] -- Installing: /root/working/test_ws/yano_ws/install/dynamixel_sdk_examples/share/dynamixel_sdk_examples/local_setup.zsh
[24.802s] -- Installing: /root/working/test_ws/yano_ws/install/dynamixel_sdk_examples/share/dynamixel_sdk_examples/local_setup.dsv
[24.802s] -- Installing: /root/working/test_ws/yano_ws/install/dynamixel_sdk_examples/share/dynamixel_sdk_examples/package.dsv
[24.803s] -- Installing: /root/working/test_ws/yano_ws/install/dynamixel_sdk_examples/share/ament_index/resource_index/packages/dynamixel_sdk_examples
[24.803s] -- Installing: /root/working/test_ws/yano_ws/install/dynamixel_sdk_examples/share/dynamixel_sdk_examples/cmake/dynamixel_sdk_examplesConfig.cmake
[24.803s] -- Installing: /root/working/test_ws/yano_ws/install/dynamixel_sdk_examples/share/dynamixel_sdk_examples/cmake/dynamixel_sdk_examplesConfig-version.cmake
[24.803s] -- Installing: /root/working/test_ws/yano_ws/install/dynamixel_sdk_examples/share/dynamixel_sdk_examples/package.xml
[24.812s] Invoked command in '/root/working/test_ws/yano_ws/build/dynamixel_sdk_examples' returned '0': AMENT_PREFIX_PATH=/root/working/test_ws/yano_ws/install/dynamixel_sdk_custom_interfaces:/root/working/test_ws/yano_ws/install/dynamixel_sdk:${AMENT_PREFIX_PATH} CMAKE_PREFIX_PATH=/root/working/test_ws/yano_ws/install/dynamixel_sdk_custom_interfaces:/root/working/test_ws/yano_ws/install/dynamixel_sdk:/opt/ros/humble LD_LIBRARY_PATH=/root/working/test_ws/yano_ws/install/dynamixel_sdk_custom_interfaces/lib:/root/working/test_ws/yano_ws/install/dynamixel_sdk/lib:${LD_LIBRARY_PATH} PYTHONPATH=/root/working/test_ws/yano_ws/install/dynamixel_sdk_custom_interfaces/local/lib/python3.10/dist-packages:${PYTHONPATH} /usr/bin/cmake --install /root/working/test_ws/yano_ws/build/dynamixel_sdk_examples
