[0.024s] Invoking command in '/root/working/rodep_ros2/yano_ws/build/driver': CMAKE_PREFIX_PATH=${CMAKE_PREFIX_PATH}:/opt/ros/humble /usr/bin/cmake --build /root/working/rodep_ros2/yano_ws/build/driver -- -j4 -l4
[0.083s] Invoked command in '/root/working/rodep_ros2/yano_ws/build/driver' returned '0': CMAKE_PREFIX_PATH=${CMAKE_PREFIX_PATH}:/opt/ros/humble /usr/bin/cmake --build /root/working/rodep_ros2/yano_ws/build/driver -- -j4 -l4
[0.095s] Invoking command in '/root/working/rodep_ros2/yano_ws/build/driver': CMAKE_PREFIX_PATH=${CMAKE_PREFIX_PATH}:/opt/ros/humble /usr/bin/cmake --install /root/working/rodep_ros2/yano_ws/build/driver
[0.106s] -- Install configuration: ""
[0.106s] -- Up-to-date: /root/working/rodep_ros2/yano_ws/install/driver/share/ament_index/resource_index/package_run_dependencies/driver
[0.107s] -- Up-to-date: /root/working/rodep_ros2/yano_ws/install/driver/share/ament_index/resource_index/parent_prefix_path/driver
[0.107s] -- Up-to-date: /root/working/rodep_ros2/yano_ws/install/driver/share/driver/environment/ament_prefix_path.sh
[0.107s] -- Up-to-date: /root/working/rodep_ros2/yano_ws/install/driver/share/driver/environment/ament_prefix_path.dsv
[0.108s] -- Up-to-date: /root/working/rodep_ros2/yano_ws/install/driver/share/driver/environment/path.sh
[0.108s] -- Up-to-date: /root/working/rodep_ros2/yano_ws/install/driver/share/driver/environment/path.dsv
[0.108s] -- Up-to-date: /root/working/rodep_ros2/yano_ws/install/driver/share/driver/local_setup.bash
[0.108s] -- Up-to-date: /root/working/rodep_ros2/yano_ws/install/driver/share/driver/local_setup.sh
[0.108s] -- Up-to-date: /root/working/rodep_ros2/yano_ws/install/driver/share/driver/local_setup.zsh
[0.109s] -- Up-to-date: /root/working/rodep_ros2/yano_ws/install/driver/share/driver/local_setup.dsv
[0.109s] -- Installing: /root/working/rodep_ros2/yano_ws/install/driver/share/driver/package.dsv
[0.109s] -- Up-to-date: /root/working/rodep_ros2/yano_ws/install/driver/share/ament_index/resource_index/packages/driver
[0.110s] -- Up-to-date: /root/working/rodep_ros2/yano_ws/install/driver/share/driver/cmake/driverConfig.cmake
[0.110s] -- Up-to-date: /root/working/rodep_ros2/yano_ws/install/driver/share/driver/cmake/driverConfig-version.cmake
[0.110s] -- Up-to-date: /root/working/rodep_ros2/yano_ws/install/driver/share/driver/package.xml
[0.110s] Invoked command in '/root/working/rodep_ros2/yano_ws/build/driver' returned '0': CMAKE_PREFIX_PATH=${CMAKE_PREFIX_PATH}:/opt/ros/humble /usr/bin/cmake --install /root/working/rodep_ros2/yano_ws/build/driver
