[0.057s] Invoking command in '/root/working/test_ws/yano_ws/build/usb_camera': CMAKE_PREFIX_PATH=${CMAKE_PREFIX_PATH}:/opt/ros/humble /usr/bin/cmake --build /root/working/test_ws/yano_ws/build/usb_camera -- -j4 -l4
[0.395s] [100%] Built target usb_camera
[0.433s] Invoked command in '/root/working/test_ws/yano_ws/build/usb_camera' returned '0': CMAKE_PREFIX_PATH=${CMAKE_PREFIX_PATH}:/opt/ros/humble /usr/bin/cmake --build /root/working/test_ws/yano_ws/build/usb_camera -- -j4 -l4
[0.435s] Invoking command in '/root/working/test_ws/yano_ws/build/usb_camera': CMAKE_PREFIX_PATH=${CMAKE_PREFIX_PATH}:/opt/ros/humble /usr/bin/cmake --install /root/working/test_ws/yano_ws/build/usb_camera
[0.444s] -- Install configuration: ""
[0.444s] -- Up-to-date: /root/working/test_ws/yano_ws/install/usb_camera/lib/usb_camera/usb_camera
[0.445s] -- Up-to-date: /root/working/test_ws/yano_ws/install/usb_camera/share/ament_index/resource_index/package_run_dependencies/usb_camera
[0.446s] -- Up-to-date: /root/working/test_ws/yano_ws/install/usb_camera/share/ament_index/resource_index/parent_prefix_path/usb_camera
[0.447s] -- Up-to-date: /root/working/test_ws/yano_ws/install/usb_camera/share/usb_camera/environment/ament_prefix_path.sh
[0.448s] -- Up-to-date: /root/working/test_ws/yano_ws/install/usb_camera/share/usb_camera/environment/ament_prefix_path.dsv
[0.448s] -- Up-to-date: /root/working/test_ws/yano_ws/install/usb_camera/share/usb_camera/environment/path.sh
[0.448s] -- Up-to-date: /root/working/test_ws/yano_ws/install/usb_camera/share/usb_camera/environment/path.dsv
[0.449s] -- Up-to-date: /root/working/test_ws/yano_ws/install/usb_camera/share/usb_camera/local_setup.bash
[0.450s] -- Up-to-date: /root/working/test_ws/yano_ws/install/usb_camera/share/usb_camera/local_setup.sh
[0.450s] -- Up-to-date: /root/working/test_ws/yano_ws/install/usb_camera/share/usb_camera/local_setup.zsh
[0.451s] -- Up-to-date: /root/working/test_ws/yano_ws/install/usb_camera/share/usb_camera/local_setup.dsv
[0.451s] -- Installing: /root/working/test_ws/yano_ws/install/usb_camera/share/usb_camera/package.dsv
[0.451s] -- Up-to-date: /root/working/test_ws/yano_ws/install/usb_camera/share/ament_index/resource_index/packages/usb_camera
[0.451s] -- Up-to-date: /root/working/test_ws/yano_ws/install/usb_camera/share/usb_camera/cmake/usb_cameraConfig.cmake
[0.452s] -- Up-to-date: /root/working/test_ws/yano_ws/install/usb_camera/share/usb_camera/cmake/usb_cameraConfig-version.cmake
[0.452s] -- Up-to-date: /root/working/test_ws/yano_ws/install/usb_camera/share/usb_camera/package.xml
[0.455s] Invoked command in '/root/working/test_ws/yano_ws/build/usb_camera' returned '0': CMAKE_PREFIX_PATH=${CMAKE_PREFIX_PATH}:/opt/ros/humble /usr/bin/cmake --install /root/working/test_ws/yano_ws/build/usb_camera
