[0.019s] Invoking command in '/root/working/rodep_ros2/yano_ws/build/custom_interfaces': CMAKE_PREFIX_PATH=/opt/ros/humble /usr/bin/cmake /root/working/rodep_ros2/yano_ws/custom_interfaces -DCMAKE_INSTALL_PREFIX=/root/working/rodep_ros2/yano_ws/install/custom_interfaces
[0.091s] -- The C compiler identification is GNU 11.4.0
[0.165s] -- The CXX compiler identification is GNU 11.4.0
[0.174s] -- Detecting C compiler ABI info
[0.267s] -- Detecting C compiler ABI info - done
[0.277s] -- Check for working C compiler: /usr/bin/cc - skipped
[0.277s] -- Detecting C compile features
[0.278s] -- Detecting C compile features - done
[0.282s] -- Detecting CXX compiler ABI info
[0.393s] -- Detecting CXX compiler ABI info - done
[0.407s] -- Check for working CXX compiler: /usr/bin/c++ - skipped
[0.407s] -- Detecting CXX compile features
[0.408s] -- Detecting CXX compile features - done
[0.414s] -- Found ament_cmake: 1.3.11 (/opt/ros/humble/share/ament_cmake/cmake)
[0.617s] -- Found Python3: /usr/bin/python3 (found version "3.10.12") found components: Interpreter 
[0.759s] -- Found rosidl_default_generators: 1.2.0 (/opt/ros/humble/share/rosidl_default_generators/cmake)
[0.765s] -- Using all available rosidl_typesupport_c: rosidl_typesupport_fastrtps_c;rosidl_typesupport_introspection_c
[0.779s] -- Found rosidl_adapter: 3.1.6 (/opt/ros/humble/share/rosidl_adapter/cmake)
[0.848s] -- Using all available rosidl_typesupport_cpp: rosidl_typesupport_fastrtps_cpp;rosidl_typesupport_introspection_cpp
[1.230s] -- Found ament_cmake_ros: 0.10.0 (/opt/ros/humble/share/ament_cmake_ros/cmake)
[1.472s] -- Using all available rosidl_typesupport_c: rosidl_typesupport_fastrtps_c;rosidl_typesupport_introspection_c
[1.792s] -- Using all available rosidl_typesupport_cpp: rosidl_typesupport_fastrtps_cpp;rosidl_typesupport_introspection_cpp
[1.826s] -- Found PythonInterp: /usr/bin/python3 (found suitable version "3.10.12", minimum required is "3.6") 
[1.831s] -- Found python_cmake_module: 0.10.0 (/opt/ros/humble/share/python_cmake_module/cmake)
[1.862s] -- Found PythonLibs: /usr/lib/x86_64-linux-gnu/libpython3.10.so (found suitable version "3.10.12", minimum required is "3.5") 
[1.862s] -- Using PYTHON_EXECUTABLE: /usr/bin/python3
[1.862s] -- Using PYTHON_INCLUDE_DIRS: /usr/include/python3.10
[1.862s] -- Using PYTHON_LIBRARIES: /usr/lib/x86_64-linux-gnu/libpython3.10.so
[1.889s] -- Found PythonExtra: .so  
[1.936s] -- Found ament_lint_auto: 0.12.11 (/opt/ros/humble/share/ament_lint_auto/cmake)
[1.973s] -- Added test 'lint_cmake' to check CMake code style
[1.975s] -- Added test 'xmllint' to check XML markup files
[1.977s] -- Configuring done
[2.025s] -- Generating done
[2.040s] -- Build files have been written to: /root/working/rodep_ros2/yano_ws/build/custom_interfaces
[2.047s] Invoked command in '/root/working/rodep_ros2/yano_ws/build/custom_interfaces' returned '0': CMAKE_PREFIX_PATH=/opt/ros/humble /usr/bin/cmake /root/working/rodep_ros2/yano_ws/custom_interfaces -DCMAKE_INSTALL_PREFIX=/root/working/rodep_ros2/yano_ws/install/custom_interfaces
[2.050s] Invoking command in '/root/working/rodep_ros2/yano_ws/build/custom_interfaces': CMAKE_PREFIX_PATH=/opt/ros/humble /usr/bin/cmake --build /root/working/rodep_ros2/yano_ws/build/custom_interfaces -- -j4 -l4
[2.108s] [35m[1mConsolidate compiler generated dependencies of target custom_interfaces__rosidl_generator_c[0m
[2.123s] [  2%] Built target custom_interfaces__cpp
[2.127s] [ 12%] Built target custom_interfaces__rosidl_generator_c
[2.143s] [ 12%] Built target ament_cmake_python_copy_custom_interfaces
[2.144s] [35m[1mConsolidate compiler generated dependencies of target custom_interfaces__rosidl_typesupport_fastrtps_cpp[0m
[2.144s] [35m[1mConsolidate compiler generated dependencies of target custom_interfaces__rosidl_typesupport_introspection_cpp[0m
[2.146s] [35m[1mConsolidate compiler generated dependencies of target custom_interfaces__rosidl_typesupport_cpp[0m
[2.167s] [35m[1mConsolidate compiler generated dependencies of target custom_interfaces__rosidl_typesupport_fastrtps_c[0m
[2.172s] [ 30%] Built target custom_interfaces__rosidl_typesupport_cpp
[2.172s] [ 33%] Built target custom_interfaces__rosidl_typesupport_introspection_cpp
[2.172s] [ 43%] Built target custom_interfaces__rosidl_typesupport_fastrtps_cpp
[2.191s] [35m[1mConsolidate compiler generated dependencies of target custom_interfaces__rosidl_typesupport_c[0m
[2.191s] [35m[1mConsolidate compiler generated dependencies of target custom_interfaces__rosidl_typesupport_introspection_c[0m
[2.193s] [ 53%] Built target custom_interfaces__rosidl_typesupport_fastrtps_c
[2.211s] [ 64%] Built target custom_interfaces__rosidl_typesupport_c
[2.213s] [ 74%] Built target custom_interfaces__rosidl_typesupport_introspection_c
[2.239s] [ 74%] Built target custom_interfaces
[2.265s] [ 76%] Built target custom_interfaces__py
[2.279s] [35m[1mConsolidate compiler generated dependencies of target custom_interfaces__rosidl_generator_py[0m
[2.297s] [ 84%] Built target custom_interfaces__rosidl_generator_py
[2.317s] [35m[1mConsolidate compiler generated dependencies of target custom_interfaces__rosidl_typesupport_introspection_c__pyext[0m
[2.320s] [35m[1mConsolidate compiler generated dependencies of target custom_interfaces__rosidl_typesupport_c__pyext[0m
[2.320s] [35m[1mConsolidate compiler generated dependencies of target custom_interfaces__rosidl_typesupport_fastrtps_c__pyext[0m
[2.341s] [100%] Built target custom_interfaces__rosidl_typesupport_c__pyext
[2.342s] [100%] Built target custom_interfaces__rosidl_typesupport_fastrtps_c__pyext
[2.343s] [100%] Built target custom_interfaces__rosidl_typesupport_introspection_c__pyext
[2.497s] running egg_info
[2.498s] writing custom_interfaces.egg-info/PKG-INFO
[2.498s] writing dependency_links to custom_interfaces.egg-info/dependency_links.txt
[2.498s] writing top-level names to custom_interfaces.egg-info/top_level.txt
[2.501s] reading manifest file 'custom_interfaces.egg-info/SOURCES.txt'
[2.502s] writing manifest file 'custom_interfaces.egg-info/SOURCES.txt'
[2.541s] [100%] Built target ament_cmake_python_build_custom_interfaces_egg
[2.556s] Invoked command in '/root/working/rodep_ros2/yano_ws/build/custom_interfaces' returned '0': CMAKE_PREFIX_PATH=/opt/ros/humble /usr/bin/cmake --build /root/working/rodep_ros2/yano_ws/build/custom_interfaces -- -j4 -l4
[2.569s] Invoking command in '/root/working/rodep_ros2/yano_ws/build/custom_interfaces': CMAKE_PREFIX_PATH=/opt/ros/humble /usr/bin/cmake --install /root/working/rodep_ros2/yano_ws/build/custom_interfaces
[2.579s] -- Install configuration: ""
[2.579s] -- Up-to-date: /root/working/rodep_ros2/yano_ws/install/custom_interfaces/share/ament_index/resource_index/rosidl_interfaces/custom_interfaces
[2.579s] -- Up-to-date: /root/working/rodep_ros2/yano_ws/install/custom_interfaces/include/custom_interfaces/custom_interfaces
[2.579s] -- Up-to-date: /root/working/rodep_ros2/yano_ws/install/custom_interfaces/include/custom_interfaces/custom_interfaces/srv
[2.580s] -- Up-to-date: /root/working/rodep_ros2/yano_ws/install/custom_interfaces/include/custom_interfaces/custom_interfaces/srv/detail
[2.580s] -- Up-to-date: /root/working/rodep_ros2/yano_ws/install/custom_interfaces/include/custom_interfaces/custom_interfaces/srv/detail/set_mode__struct.h
[2.580s] -- Up-to-date: /root/working/rodep_ros2/yano_ws/install/custom_interfaces/include/custom_interfaces/custom_interfaces/srv/detail/set_mode__functions.h
[2.580s] -- Up-to-date: /root/working/rodep_ros2/yano_ws/install/custom_interfaces/include/custom_interfaces/custom_interfaces/srv/detail/set_mode__functions.c
[2.580s] -- Up-to-date: /root/working/rodep_ros2/yano_ws/install/custom_interfaces/include/custom_interfaces/custom_interfaces/srv/detail/set_mode__type_support.h
[2.580s] -- Up-to-date: /root/working/rodep_ros2/yano_ws/install/custom_interfaces/include/custom_interfaces/custom_interfaces/srv/set_mode.h
[2.580s] -- Up-to-date: /root/working/rodep_ros2/yano_ws/install/custom_interfaces/include/custom_interfaces/custom_interfaces/msg
[2.581s] -- Up-to-date: /root/working/rodep_ros2/yano_ws/install/custom_interfaces/include/custom_interfaces/custom_interfaces/msg/rosidl_generator_c__visibility_control.h
[2.581s] -- Up-to-date: /root/working/rodep_ros2/yano_ws/install/custom_interfaces/include/custom_interfaces/custom_interfaces/msg/detail
[2.581s] -- Up-to-date: /root/working/rodep_ros2/yano_ws/install/custom_interfaces/include/custom_interfaces/custom_interfaces/msg/detail/driver_velocity__type_support.h
[2.581s] -- Up-to-date: /root/working/rodep_ros2/yano_ws/install/custom_interfaces/include/custom_interfaces/custom_interfaces/msg/detail/driver_velocity__functions.h
[2.581s] -- Up-to-date: /root/working/rodep_ros2/yano_ws/install/custom_interfaces/include/custom_interfaces/custom_interfaces/msg/detail/driver_velocity__functions.c
[2.581s] -- Up-to-date: /root/working/rodep_ros2/yano_ws/install/custom_interfaces/include/custom_interfaces/custom_interfaces/msg/detail/driver_velocity__struct.h
[2.581s] -- Up-to-date: /root/working/rodep_ros2/yano_ws/install/custom_interfaces/include/custom_interfaces/custom_interfaces/msg/driver_velocity.h
[2.581s] -- Up-to-date: /root/working/rodep_ros2/yano_ws/install/custom_interfaces/share/custom_interfaces/environment/library_path.sh
[2.582s] -- Installing: /root/working/rodep_ros2/yano_ws/install/custom_interfaces/share/custom_interfaces/environment/library_path.dsv
[2.582s] -- Up-to-date: /root/working/rodep_ros2/yano_ws/install/custom_interfaces/lib/libcustom_interfaces__rosidl_generator_c.so
[2.582s] -- Up-to-date: /root/working/rodep_ros2/yano_ws/install/custom_interfaces/include/custom_interfaces/custom_interfaces
[2.582s] -- Up-to-date: /root/working/rodep_ros2/yano_ws/install/custom_interfaces/include/custom_interfaces/custom_interfaces/srv
[2.582s] -- Up-to-date: /root/working/rodep_ros2/yano_ws/install/custom_interfaces/include/custom_interfaces/custom_interfaces/srv/detail
[2.582s] -- Up-to-date: /root/working/rodep_ros2/yano_ws/install/custom_interfaces/include/custom_interfaces/custom_interfaces/srv/detail/set_mode__rosidl_typesupport_fastrtps_c.h
[2.583s] -- Up-to-date: /root/working/rodep_ros2/yano_ws/install/custom_interfaces/include/custom_interfaces/custom_interfaces/msg
[2.583s] -- Up-to-date: /root/working/rodep_ros2/yano_ws/install/custom_interfaces/include/custom_interfaces/custom_interfaces/msg/rosidl_typesupport_fastrtps_c__visibility_control.h
[2.583s] -- Up-to-date: /root/working/rodep_ros2/yano_ws/install/custom_interfaces/include/custom_interfaces/custom_interfaces/msg/detail
[2.583s] -- Up-to-date: /root/working/rodep_ros2/yano_ws/install/custom_interfaces/include/custom_interfaces/custom_interfaces/msg/detail/driver_velocity__rosidl_typesupport_fastrtps_c.h
[2.583s] -- Up-to-date: /root/working/rodep_ros2/yano_ws/install/custom_interfaces/lib/libcustom_interfaces__rosidl_typesupport_fastrtps_c.so
[2.583s] -- Up-to-date: /root/working/rodep_ros2/yano_ws/install/custom_interfaces/include/custom_interfaces/custom_interfaces
[2.583s] -- Up-to-date: /root/working/rodep_ros2/yano_ws/install/custom_interfaces/include/custom_interfaces/custom_interfaces/srv
[2.584s] -- Up-to-date: /root/working/rodep_ros2/yano_ws/install/custom_interfaces/include/custom_interfaces/custom_interfaces/srv/detail
[2.584s] -- Up-to-date: /root/working/rodep_ros2/yano_ws/install/custom_interfaces/include/custom_interfaces/custom_interfaces/srv/detail/set_mode__type_support.c
[2.584s] -- Up-to-date: /root/working/rodep_ros2/yano_ws/install/custom_interfaces/include/custom_interfaces/custom_interfaces/srv/detail/set_mode__rosidl_typesupport_introspection_c.h
[2.584s] -- Up-to-date: /root/working/rodep_ros2/yano_ws/install/custom_interfaces/include/custom_interfaces/custom_interfaces/msg
[2.584s] -- Up-to-date: /root/working/rodep_ros2/yano_ws/install/custom_interfaces/include/custom_interfaces/custom_interfaces/msg/detail
[2.584s] -- Up-to-date: /root/working/rodep_ros2/yano_ws/install/custom_interfaces/include/custom_interfaces/custom_interfaces/msg/detail/driver_velocity__type_support.c
[2.584s] -- Up-to-date: /root/working/rodep_ros2/yano_ws/install/custom_interfaces/include/custom_interfaces/custom_interfaces/msg/detail/driver_velocity__rosidl_typesupport_introspection_c.h
[2.585s] -- Up-to-date: /root/working/rodep_ros2/yano_ws/install/custom_interfaces/include/custom_interfaces/custom_interfaces/msg/rosidl_typesupport_introspection_c__visibility_control.h
[2.585s] -- Up-to-date: /root/working/rodep_ros2/yano_ws/install/custom_interfaces/lib/libcustom_interfaces__rosidl_typesupport_introspection_c.so
[2.585s] -- Up-to-date: /root/working/rodep_ros2/yano_ws/install/custom_interfaces/lib/libcustom_interfaces__rosidl_typesupport_c.so
[2.585s] -- Up-to-date: /root/working/rodep_ros2/yano_ws/install/custom_interfaces/include/custom_interfaces/custom_interfaces
[2.585s] -- Up-to-date: /root/working/rodep_ros2/yano_ws/install/custom_interfaces/include/custom_interfaces/custom_interfaces/srv
[2.585s] -- Up-to-date: /root/working/rodep_ros2/yano_ws/install/custom_interfaces/include/custom_interfaces/custom_interfaces/srv/detail
[2.585s] -- Up-to-date: /root/working/rodep_ros2/yano_ws/install/custom_interfaces/include/custom_interfaces/custom_interfaces/srv/detail/set_mode__builder.hpp
[2.586s] -- Up-to-date: /root/working/rodep_ros2/yano_ws/install/custom_interfaces/include/custom_interfaces/custom_interfaces/srv/detail/set_mode__traits.hpp
[2.586s] -- Up-to-date: /root/working/rodep_ros2/yano_ws/install/custom_interfaces/include/custom_interfaces/custom_interfaces/srv/detail/set_mode__struct.hpp
[2.586s] -- Up-to-date: /root/working/rodep_ros2/yano_ws/install/custom_interfaces/include/custom_interfaces/custom_interfaces/srv/detail/set_mode__type_support.hpp
[2.586s] -- Up-to-date: /root/working/rodep_ros2/yano_ws/install/custom_interfaces/include/custom_interfaces/custom_interfaces/srv/set_mode.hpp
[2.586s] -- Up-to-date: /root/working/rodep_ros2/yano_ws/install/custom_interfaces/include/custom_interfaces/custom_interfaces/msg
[2.586s] -- Up-to-date: /root/working/rodep_ros2/yano_ws/install/custom_interfaces/include/custom_interfaces/custom_interfaces/msg/rosidl_generator_cpp__visibility_control.hpp
[2.587s] -- Up-to-date: /root/working/rodep_ros2/yano_ws/install/custom_interfaces/include/custom_interfaces/custom_interfaces/msg/driver_velocity.hpp
[2.587s] -- Up-to-date: /root/working/rodep_ros2/yano_ws/install/custom_interfaces/include/custom_interfaces/custom_interfaces/msg/detail
[2.587s] -- Up-to-date: /root/working/rodep_ros2/yano_ws/install/custom_interfaces/include/custom_interfaces/custom_interfaces/msg/detail/driver_velocity__struct.hpp
[2.587s] -- Up-to-date: /root/working/rodep_ros2/yano_ws/install/custom_interfaces/include/custom_interfaces/custom_interfaces/msg/detail/driver_velocity__type_support.hpp
[2.587s] -- Up-to-date: /root/working/rodep_ros2/yano_ws/install/custom_interfaces/include/custom_interfaces/custom_interfaces/msg/detail/driver_velocity__builder.hpp
[2.587s] -- Up-to-date: /root/working/rodep_ros2/yano_ws/install/custom_interfaces/include/custom_interfaces/custom_interfaces/msg/detail/driver_velocity__traits.hpp
[2.587s] -- Up-to-date: /root/working/rodep_ros2/yano_ws/install/custom_interfaces/include/custom_interfaces/custom_interfaces
[2.588s] -- Up-to-date: /root/working/rodep_ros2/yano_ws/install/custom_interfaces/include/custom_interfaces/custom_interfaces/srv
[2.588s] -- Up-to-date: /root/working/rodep_ros2/yano_ws/install/custom_interfaces/include/custom_interfaces/custom_interfaces/srv/detail
[2.588s] -- Up-to-date: /root/working/rodep_ros2/yano_ws/install/custom_interfaces/include/custom_interfaces/custom_interfaces/srv/detail/dds_fastrtps
[2.588s] -- Up-to-date: /root/working/rodep_ros2/yano_ws/install/custom_interfaces/include/custom_interfaces/custom_interfaces/srv/detail/set_mode__rosidl_typesupport_fastrtps_cpp.hpp
[2.588s] -- Up-to-date: /root/working/rodep_ros2/yano_ws/install/custom_interfaces/include/custom_interfaces/custom_interfaces/msg
[2.588s] -- Up-to-date: /root/working/rodep_ros2/yano_ws/install/custom_interfaces/include/custom_interfaces/custom_interfaces/msg/detail
[2.588s] -- Up-to-date: /root/working/rodep_ros2/yano_ws/install/custom_interfaces/include/custom_interfaces/custom_interfaces/msg/detail/driver_velocity__rosidl_typesupport_fastrtps_cpp.hpp
[2.588s] -- Up-to-date: /root/working/rodep_ros2/yano_ws/install/custom_interfaces/include/custom_interfaces/custom_interfaces/msg/detail/dds_fastrtps
[2.589s] -- Up-to-date: /root/working/rodep_ros2/yano_ws/install/custom_interfaces/include/custom_interfaces/custom_interfaces/msg/rosidl_typesupport_fastrtps_cpp__visibility_control.h
[2.589s] -- Up-to-date: /root/working/rodep_ros2/yano_ws/install/custom_interfaces/lib/libcustom_interfaces__rosidl_typesupport_fastrtps_cpp.so
[2.589s] -- Up-to-date: /root/working/rodep_ros2/yano_ws/install/custom_interfaces/include/custom_interfaces/custom_interfaces
[2.589s] -- Up-to-date: /root/working/rodep_ros2/yano_ws/install/custom_interfaces/include/custom_interfaces/custom_interfaces/srv
[2.589s] -- Up-to-date: /root/working/rodep_ros2/yano_ws/install/custom_interfaces/include/custom_interfaces/custom_interfaces/srv/detail
[2.589s] -- Up-to-date: /root/working/rodep_ros2/yano_ws/install/custom_interfaces/include/custom_interfaces/custom_interfaces/srv/detail/set_mode__type_support.cpp
[2.589s] -- Up-to-date: /root/working/rodep_ros2/yano_ws/install/custom_interfaces/include/custom_interfaces/custom_interfaces/srv/detail/set_mode__rosidl_typesupport_introspection_cpp.hpp
[2.590s] -- Up-to-date: /root/working/rodep_ros2/yano_ws/install/custom_interfaces/include/custom_interfaces/custom_interfaces/msg
[2.590s] -- Up-to-date: /root/working/rodep_ros2/yano_ws/install/custom_interfaces/include/custom_interfaces/custom_interfaces/msg/detail
[2.590s] -- Up-to-date: /root/working/rodep_ros2/yano_ws/install/custom_interfaces/include/custom_interfaces/custom_interfaces/msg/detail/driver_velocity__rosidl_typesupport_introspection_cpp.hpp
[2.590s] -- Up-to-date: /root/working/rodep_ros2/yano_ws/install/custom_interfaces/include/custom_interfaces/custom_interfaces/msg/detail/driver_velocity__type_support.cpp
[2.590s] -- Up-to-date: /root/working/rodep_ros2/yano_ws/install/custom_interfaces/lib/libcustom_interfaces__rosidl_typesupport_introspection_cpp.so
[2.590s] -- Up-to-date: /root/working/rodep_ros2/yano_ws/install/custom_interfaces/lib/libcustom_interfaces__rosidl_typesupport_cpp.so
[2.591s] -- Up-to-date: /root/working/rodep_ros2/yano_ws/install/custom_interfaces/share/custom_interfaces/environment/pythonpath.sh
[2.591s] -- Installing: /root/working/rodep_ros2/yano_ws/install/custom_interfaces/share/custom_interfaces/environment/pythonpath.dsv
[2.591s] -- Up-to-date: /root/working/rodep_ros2/yano_ws/install/custom_interfaces/local/lib/python3.10/dist-packages/custom_interfaces-0.0.0-py3.10.egg-info
[2.591s] -- Installing: /root/working/rodep_ros2/yano_ws/install/custom_interfaces/local/lib/python3.10/dist-packages/custom_interfaces-0.0.0-py3.10.egg-info/SOURCES.txt
[2.591s] -- Installing: /root/working/rodep_ros2/yano_ws/install/custom_interfaces/local/lib/python3.10/dist-packages/custom_interfaces-0.0.0-py3.10.egg-info/top_level.txt
[2.591s] -- Installing: /root/working/rodep_ros2/yano_ws/install/custom_interfaces/local/lib/python3.10/dist-packages/custom_interfaces-0.0.0-py3.10.egg-info/PKG-INFO
[2.591s] -- Installing: /root/working/rodep_ros2/yano_ws/install/custom_interfaces/local/lib/python3.10/dist-packages/custom_interfaces-0.0.0-py3.10.egg-info/dependency_links.txt
[2.591s] -- Up-to-date: /root/working/rodep_ros2/yano_ws/install/custom_interfaces/local/lib/python3.10/dist-packages/custom_interfaces
[2.591s] -- Up-to-date: /root/working/rodep_ros2/yano_ws/install/custom_interfaces/local/lib/python3.10/dist-packages/custom_interfaces/_custom_interfaces_s.ep.rosidl_typesupport_fastrtps_c.c
[2.592s] -- Up-to-date: /root/working/rodep_ros2/yano_ws/install/custom_interfaces/local/lib/python3.10/dist-packages/custom_interfaces/custom_interfaces_s__rosidl_typesupport_introspection_c.cpython-310-x86_64-linux-gnu.so
[2.592s] -- Up-to-date: /root/working/rodep_ros2/yano_ws/install/custom_interfaces/local/lib/python3.10/dist-packages/custom_interfaces/srv
[2.592s] -- Up-to-date: /root/working/rodep_ros2/yano_ws/install/custom_interfaces/local/lib/python3.10/dist-packages/custom_interfaces/srv/_set_mode.py
[2.592s] -- Up-to-date: /root/working/rodep_ros2/yano_ws/install/custom_interfaces/local/lib/python3.10/dist-packages/custom_interfaces/srv/__init__.py
[2.592s] -- Up-to-date: /root/working/rodep_ros2/yano_ws/install/custom_interfaces/local/lib/python3.10/dist-packages/custom_interfaces/srv/_set_mode_s.c
[2.592s] -- Up-to-date: /root/working/rodep_ros2/yano_ws/install/custom_interfaces/local/lib/python3.10/dist-packages/custom_interfaces/custom_interfaces_s__rosidl_typesupport_c.cpython-310-x86_64-linux-gnu.so
[2.592s] -- Up-to-date: /root/working/rodep_ros2/yano_ws/install/custom_interfaces/local/lib/python3.10/dist-packages/custom_interfaces/custom_interfaces_s__rosidl_typesupport_fastrtps_c.cpython-310-x86_64-linux-gnu.so
[2.592s] -- Up-to-date: /root/working/rodep_ros2/yano_ws/install/custom_interfaces/local/lib/python3.10/dist-packages/custom_interfaces/msg
[2.592s] -- Up-to-date: /root/working/rodep_ros2/yano_ws/install/custom_interfaces/local/lib/python3.10/dist-packages/custom_interfaces/msg/_driver_velocity_s.c
[2.593s] -- Up-to-date: /root/working/rodep_ros2/yano_ws/install/custom_interfaces/local/lib/python3.10/dist-packages/custom_interfaces/msg/_driver_velocity.py
[2.593s] -- Up-to-date: /root/working/rodep_ros2/yano_ws/install/custom_interfaces/local/lib/python3.10/dist-packages/custom_interfaces/msg/__init__.py
[2.593s] -- Installing: /root/working/rodep_ros2/yano_ws/install/custom_interfaces/local/lib/python3.10/dist-packages/custom_interfaces/__init__.py
[2.593s] -- Up-to-date: /root/working/rodep_ros2/yano_ws/install/custom_interfaces/local/lib/python3.10/dist-packages/custom_interfaces/_custom_interfaces_s.ep.rosidl_typesupport_introspection_c.c
[2.593s] -- Up-to-date: /root/working/rodep_ros2/yano_ws/install/custom_interfaces/local/lib/python3.10/dist-packages/custom_interfaces/_custom_interfaces_s.ep.rosidl_typesupport_c.c
[2.593s] -- Up-to-date: /root/working/rodep_ros2/yano_ws/install/custom_interfaces/local/lib/python3.10/dist-packages/custom_interfaces/libcustom_interfaces__rosidl_generator_py.so
[2.638s] Listing '/root/working/rodep_ros2/yano_ws/install/custom_interfaces/local/lib/python3.10/dist-packages/custom_interfaces'...
[2.638s] Compiling '/root/working/rodep_ros2/yano_ws/install/custom_interfaces/local/lib/python3.10/dist-packages/custom_interfaces/__init__.py'...
[2.638s] Listing '/root/working/rodep_ros2/yano_ws/install/custom_interfaces/local/lib/python3.10/dist-packages/custom_interfaces/msg'...
[2.638s] Listing '/root/working/rodep_ros2/yano_ws/install/custom_interfaces/local/lib/python3.10/dist-packages/custom_interfaces/srv'...
[2.644s] -- Up-to-date: /root/working/rodep_ros2/yano_ws/install/custom_interfaces/local/lib/python3.10/dist-packages/custom_interfaces/custom_interfaces_s__rosidl_typesupport_fastrtps_c.cpython-310-x86_64-linux-gnu.so
[2.644s] -- Up-to-date: /root/working/rodep_ros2/yano_ws/install/custom_interfaces/local/lib/python3.10/dist-packages/custom_interfaces/custom_interfaces_s__rosidl_typesupport_introspection_c.cpython-310-x86_64-linux-gnu.so
[2.645s] -- Up-to-date: /root/working/rodep_ros2/yano_ws/install/custom_interfaces/local/lib/python3.10/dist-packages/custom_interfaces/custom_interfaces_s__rosidl_typesupport_c.cpython-310-x86_64-linux-gnu.so
[2.646s] -- Up-to-date: /root/working/rodep_ros2/yano_ws/install/custom_interfaces/lib/libcustom_interfaces__rosidl_generator_py.so
[2.646s] -- Up-to-date: /root/working/rodep_ros2/yano_ws/install/custom_interfaces/share/custom_interfaces/msg/DriverVelocity.idl
[2.646s] -- Up-to-date: /root/working/rodep_ros2/yano_ws/install/custom_interfaces/share/custom_interfaces/srv/SetMode.idl
[2.646s] -- Up-to-date: /root/working/rodep_ros2/yano_ws/install/custom_interfaces/share/custom_interfaces/msg/DriverVelocity.msg
[2.647s] -- Up-to-date: /root/working/rodep_ros2/yano_ws/install/custom_interfaces/share/custom_interfaces/srv/SetMode.srv
[2.647s] -- Up-to-date: /root/working/rodep_ros2/yano_ws/install/custom_interfaces/share/custom_interfaces/srv/SetMode_Request.msg
[2.647s] -- Up-to-date: /root/working/rodep_ros2/yano_ws/install/custom_interfaces/share/custom_interfaces/srv/SetMode_Response.msg
[2.647s] -- Up-to-date: /root/working/rodep_ros2/yano_ws/install/custom_interfaces/share/custom_interfaces/msg
[2.647s] -- Up-to-date: /root/working/rodep_ros2/yano_ws/install/custom_interfaces/share/custom_interfaces/msg/DriverVelocity.msg
[2.647s] -- Up-to-date: /root/working/rodep_ros2/yano_ws/install/custom_interfaces/share/ament_index/resource_index/package_run_dependencies/custom_interfaces
[2.647s] -- Up-to-date: /root/working/rodep_ros2/yano_ws/install/custom_interfaces/share/ament_index/resource_index/parent_prefix_path/custom_interfaces
[2.648s] -- Up-to-date: /root/working/rodep_ros2/yano_ws/install/custom_interfaces/share/custom_interfaces/environment/ament_prefix_path.sh
[2.648s] -- Installing: /root/working/rodep_ros2/yano_ws/install/custom_interfaces/share/custom_interfaces/environment/ament_prefix_path.dsv
[2.648s] -- Up-to-date: /root/working/rodep_ros2/yano_ws/install/custom_interfaces/share/custom_interfaces/environment/path.sh
[2.648s] -- Installing: /root/working/rodep_ros2/yano_ws/install/custom_interfaces/share/custom_interfaces/environment/path.dsv
[2.648s] -- Up-to-date: /root/working/rodep_ros2/yano_ws/install/custom_interfaces/share/custom_interfaces/local_setup.bash
[2.648s] -- Up-to-date: /root/working/rodep_ros2/yano_ws/install/custom_interfaces/share/custom_interfaces/local_setup.sh
[2.648s] -- Up-to-date: /root/working/rodep_ros2/yano_ws/install/custom_interfaces/share/custom_interfaces/local_setup.zsh
[2.649s] -- Installing: /root/working/rodep_ros2/yano_ws/install/custom_interfaces/share/custom_interfaces/local_setup.dsv
[2.649s] -- Installing: /root/working/rodep_ros2/yano_ws/install/custom_interfaces/share/custom_interfaces/package.dsv
[2.649s] -- Up-to-date: /root/working/rodep_ros2/yano_ws/install/custom_interfaces/share/ament_index/resource_index/packages/custom_interfaces
[2.649s] -- Up-to-date: /root/working/rodep_ros2/yano_ws/install/custom_interfaces/share/custom_interfaces/cmake/export_custom_interfaces__rosidl_generator_cExport.cmake
[2.649s] -- Up-to-date: /root/working/rodep_ros2/yano_ws/install/custom_interfaces/share/custom_interfaces/cmake/export_custom_interfaces__rosidl_generator_cExport-noconfig.cmake
[2.649s] -- Up-to-date: /root/working/rodep_ros2/yano_ws/install/custom_interfaces/share/custom_interfaces/cmake/export_custom_interfaces__rosidl_typesupport_fastrtps_cExport.cmake
[2.650s] -- Up-to-date: /root/working/rodep_ros2/yano_ws/install/custom_interfaces/share/custom_interfaces/cmake/export_custom_interfaces__rosidl_typesupport_fastrtps_cExport-noconfig.cmake
[2.650s] -- Up-to-date: /root/working/rodep_ros2/yano_ws/install/custom_interfaces/share/custom_interfaces/cmake/custom_interfaces__rosidl_typesupport_introspection_cExport.cmake
[2.650s] -- Up-to-date: /root/working/rodep_ros2/yano_ws/install/custom_interfaces/share/custom_interfaces/cmake/custom_interfaces__rosidl_typesupport_introspection_cExport-noconfig.cmake
[2.650s] -- Up-to-date: /root/working/rodep_ros2/yano_ws/install/custom_interfaces/share/custom_interfaces/cmake/custom_interfaces__rosidl_typesupport_cExport.cmake
[2.650s] -- Up-to-date: /root/working/rodep_ros2/yano_ws/install/custom_interfaces/share/custom_interfaces/cmake/custom_interfaces__rosidl_typesupport_cExport-noconfig.cmake
[2.650s] -- Up-to-date: /root/working/rodep_ros2/yano_ws/install/custom_interfaces/share/custom_interfaces/cmake/export_custom_interfaces__rosidl_generator_cppExport.cmake
[2.651s] -- Up-to-date: /root/working/rodep_ros2/yano_ws/install/custom_interfaces/share/custom_interfaces/cmake/export_custom_interfaces__rosidl_typesupport_fastrtps_cppExport.cmake
[2.651s] -- Up-to-date: /root/working/rodep_ros2/yano_ws/install/custom_interfaces/share/custom_interfaces/cmake/export_custom_interfaces__rosidl_typesupport_fastrtps_cppExport-noconfig.cmake
[2.651s] -- Up-to-date: /root/working/rodep_ros2/yano_ws/install/custom_interfaces/share/custom_interfaces/cmake/custom_interfaces__rosidl_typesupport_introspection_cppExport.cmake
[2.651s] -- Up-to-date: /root/working/rodep_ros2/yano_ws/install/custom_interfaces/share/custom_interfaces/cmake/custom_interfaces__rosidl_typesupport_introspection_cppExport-noconfig.cmake
[2.651s] -- Up-to-date: /root/working/rodep_ros2/yano_ws/install/custom_interfaces/share/custom_interfaces/cmake/custom_interfaces__rosidl_typesupport_cppExport.cmake
[2.651s] -- Up-to-date: /root/working/rodep_ros2/yano_ws/install/custom_interfaces/share/custom_interfaces/cmake/custom_interfaces__rosidl_typesupport_cppExport-noconfig.cmake
[2.652s] -- Up-to-date: /root/working/rodep_ros2/yano_ws/install/custom_interfaces/share/custom_interfaces/cmake/export_custom_interfaces__rosidl_generator_pyExport.cmake
[2.652s] -- Up-to-date: /root/working/rodep_ros2/yano_ws/install/custom_interfaces/share/custom_interfaces/cmake/export_custom_interfaces__rosidl_generator_pyExport-noconfig.cmake
[2.652s] -- Up-to-date: /root/working/rodep_ros2/yano_ws/install/custom_interfaces/share/custom_interfaces/cmake/rosidl_cmake-extras.cmake
[2.652s] -- Up-to-date: /root/working/rodep_ros2/yano_ws/install/custom_interfaces/share/custom_interfaces/cmake/ament_cmake_export_include_directories-extras.cmake
[2.652s] -- Up-to-date: /root/working/rodep_ros2/yano_ws/install/custom_interfaces/share/custom_interfaces/cmake/ament_cmake_export_libraries-extras.cmake
[2.652s] -- Up-to-date: /root/working/rodep_ros2/yano_ws/install/custom_interfaces/share/custom_interfaces/cmake/ament_cmake_export_targets-extras.cmake
[2.652s] -- Up-to-date: /root/working/rodep_ros2/yano_ws/install/custom_interfaces/share/custom_interfaces/cmake/rosidl_cmake_export_typesupport_targets-extras.cmake
[2.652s] -- Up-to-date: /root/working/rodep_ros2/yano_ws/install/custom_interfaces/share/custom_interfaces/cmake/ament_cmake_export_dependencies-extras.cmake
[2.652s] -- Up-to-date: /root/working/rodep_ros2/yano_ws/install/custom_interfaces/share/custom_interfaces/cmake/rosidl_cmake_export_typesupport_libraries-extras.cmake
[2.653s] -- Up-to-date: /root/working/rodep_ros2/yano_ws/install/custom_interfaces/share/custom_interfaces/cmake/custom_interfacesConfig.cmake
[2.653s] -- Up-to-date: /root/working/rodep_ros2/yano_ws/install/custom_interfaces/share/custom_interfaces/cmake/custom_interfacesConfig-version.cmake
[2.653s] -- Up-to-date: /root/working/rodep_ros2/yano_ws/install/custom_interfaces/share/custom_interfaces/package.xml
[2.655s] Invoked command in '/root/working/rodep_ros2/yano_ws/build/custom_interfaces' returned '0': CMAKE_PREFIX_PATH=/opt/ros/humble /usr/bin/cmake --install /root/working/rodep_ros2/yano_ws/build/custom_interfaces
