[0.029s] Invoking command in '/root/working/test_ws/yano_ws/build/flipper': CMAKE_PREFIX_PATH=/root/working/test_ws/yano_ws/install/dynamixel_sdk:/root/working/test_ws/yano_ws/install/usb_camera:/root/working/test_ws/yano_ws/install/operator:/root/working/test_ws/yano_ws/install/flipper:/root/working/test_ws/yano_ws/install/dynamixel_workbench:/root/working/test_ws/yano_ws/install/dynamixel_workbench_toolbox:/root/working/test_ws/yano_ws/install/dynamixel_workbench_msgs:/root/working/test_ws/yano_ws/install/dynamixel_sdk_examples:/root/working/test_ws/yano_ws/install/dynamixel_sdk_custom_interfaces:/root/working/test_ws/yano_ws/install/driver:/root/working/test_ws/yano_ws/install/custom_interfaces:/opt/ros/humble LD_LIBRARY_PATH=/root/working/test_ws/yano_ws/install/dynamixel_sdk/lib:/root/working/test_ws/yano_ws/install/dynamixel_workbench_toolbox/lib:/root/working/test_ws/yano_ws/install/dynamixel_workbench_msgs/lib:/root/working/test_ws/yano_ws/install/dynamixel_sdk_custom_interfaces/lib:/root/working/test_ws/yano_ws/install/custom_interfaces/lib:/opt/ros/humble/opt/rviz_ogre_vendor/lib:/opt/ros/humble/lib/x86_64-linux-gnu:/opt/ros/humble/lib /usr/bin/cmake --build /root/working/test_ws/yano_ws/build/flipper -- -j4 -l4
[0.128s] [35m[1mConsolidate compiler generated dependencies of target flipper[0m
[0.172s] [100%] Built target flipper
[0.200s] Invoked command in '/root/working/test_ws/yano_ws/build/flipper' returned '0': CMAKE_PREFIX_PATH=/root/working/test_ws/yano_ws/install/dynamixel_sdk:/root/working/test_ws/yano_ws/install/usb_camera:/root/working/test_ws/yano_ws/install/operator:/root/working/test_ws/yano_ws/install/flipper:/root/working/test_ws/yano_ws/install/dynamixel_workbench:/root/working/test_ws/yano_ws/install/dynamixel_workbench_toolbox:/root/working/test_ws/yano_ws/install/dynamixel_workbench_msgs:/root/working/test_ws/yano_ws/install/dynamixel_sdk_examples:/root/working/test_ws/yano_ws/install/dynamixel_sdk_custom_interfaces:/root/working/test_ws/yano_ws/install/driver:/root/working/test_ws/yano_ws/install/custom_interfaces:/opt/ros/humble LD_LIBRARY_PATH=/root/working/test_ws/yano_ws/install/dynamixel_sdk/lib:/root/working/test_ws/yano_ws/install/dynamixel_workbench_toolbox/lib:/root/working/test_ws/yano_ws/install/dynamixel_workbench_msgs/lib:/root/working/test_ws/yano_ws/install/dynamixel_sdk_custom_interfaces/lib:/root/working/test_ws/yano_ws/install/custom_interfaces/lib:/opt/ros/humble/opt/rviz_ogre_vendor/lib:/opt/ros/humble/lib/x86_64-linux-gnu:/opt/ros/humble/lib /usr/bin/cmake --build /root/working/test_ws/yano_ws/build/flipper -- -j4 -l4
[0.202s] Invoking command in '/root/working/test_ws/yano_ws/build/flipper': CMAKE_PREFIX_PATH=/root/working/test_ws/yano_ws/install/dynamixel_sdk:/root/working/test_ws/yano_ws/install/usb_camera:/root/working/test_ws/yano_ws/install/operator:/root/working/test_ws/yano_ws/install/flipper:/root/working/test_ws/yano_ws/install/dynamixel_workbench:/root/working/test_ws/yano_ws/install/dynamixel_workbench_toolbox:/root/working/test_ws/yano_ws/install/dynamixel_workbench_msgs:/root/working/test_ws/yano_ws/install/dynamixel_sdk_examples:/root/working/test_ws/yano_ws/install/dynamixel_sdk_custom_interfaces:/root/working/test_ws/yano_ws/install/driver:/root/working/test_ws/yano_ws/install/custom_interfaces:/opt/ros/humble LD_LIBRARY_PATH=/root/working/test_ws/yano_ws/install/dynamixel_sdk/lib:/root/working/test_ws/yano_ws/install/dynamixel_workbench_toolbox/lib:/root/working/test_ws/yano_ws/install/dynamixel_workbench_msgs/lib:/root/working/test_ws/yano_ws/install/dynamixel_sdk_custom_interfaces/lib:/root/working/test_ws/yano_ws/install/custom_interfaces/lib:/opt/ros/humble/opt/rviz_ogre_vendor/lib:/opt/ros/humble/lib/x86_64-linux-gnu:/opt/ros/humble/lib /usr/bin/cmake --install /root/working/test_ws/yano_ws/build/flipper
[0.220s] -- Install configuration: ""
[0.220s] -- Up-to-date: /root/working/test_ws/yano_ws/install/flipper/lib/flipper/flipper
[0.221s] -- Up-to-date: /root/working/test_ws/yano_ws/install/flipper/share/ament_index/resource_index/package_run_dependencies/flipper
[0.222s] -- Up-to-date: /root/working/test_ws/yano_ws/install/flipper/share/ament_index/resource_index/parent_prefix_path/flipper
[0.223s] -- Up-to-date: /root/working/test_ws/yano_ws/install/flipper/share/flipper/environment/ament_prefix_path.sh
[0.223s] -- Up-to-date: /root/working/test_ws/yano_ws/install/flipper/share/flipper/environment/ament_prefix_path.dsv
[0.223s] -- Up-to-date: /root/working/test_ws/yano_ws/install/flipper/share/flipper/environment/path.sh
[0.224s] -- Up-to-date: /root/working/test_ws/yano_ws/install/flipper/share/flipper/environment/path.dsv
[0.224s] -- Up-to-date: /root/working/test_ws/yano_ws/install/flipper/share/flipper/local_setup.bash
[0.224s] -- Up-to-date: /root/working/test_ws/yano_ws/install/flipper/share/flipper/local_setup.sh
[0.224s] -- Up-to-date: /root/working/test_ws/yano_ws/install/flipper/share/flipper/local_setup.zsh
[0.224s] -- Up-to-date: /root/working/test_ws/yano_ws/install/flipper/share/flipper/local_setup.dsv
[0.224s] -- Installing: /root/working/test_ws/yano_ws/install/flipper/share/flipper/package.dsv
[0.225s] -- Up-to-date: /root/working/test_ws/yano_ws/install/flipper/share/ament_index/resource_index/packages/flipper
[0.225s] -- Up-to-date: /root/working/test_ws/yano_ws/install/flipper/share/flipper/cmake/flipperConfig.cmake
[0.225s] -- Up-to-date: /root/working/test_ws/yano_ws/install/flipper/share/flipper/cmake/flipperConfig-version.cmake
[0.225s] -- Up-to-date: /root/working/test_ws/yano_ws/install/flipper/share/flipper/package.xml
[0.231s] Invoked command in '/root/working/test_ws/yano_ws/build/flipper' returned '0': CMAKE_PREFIX_PATH=/root/working/test_ws/yano_ws/install/dynamixel_sdk:/root/working/test_ws/yano_ws/install/usb_camera:/root/working/test_ws/yano_ws/install/operator:/root/working/test_ws/yano_ws/install/flipper:/root/working/test_ws/yano_ws/install/dynamixel_workbench:/root/working/test_ws/yano_ws/install/dynamixel_workbench_toolbox:/root/working/test_ws/yano_ws/install/dynamixel_workbench_msgs:/root/working/test_ws/yano_ws/install/dynamixel_sdk_examples:/root/working/test_ws/yano_ws/install/dynamixel_sdk_custom_interfaces:/root/working/test_ws/yano_ws/install/driver:/root/working/test_ws/yano_ws/install/custom_interfaces:/opt/ros/humble LD_LIBRARY_PATH=/root/working/test_ws/yano_ws/install/dynamixel_sdk/lib:/root/working/test_ws/yano_ws/install/dynamixel_workbench_toolbox/lib:/root/working/test_ws/yano_ws/install/dynamixel_workbench_msgs/lib:/root/working/test_ws/yano_ws/install/dynamixel_sdk_custom_interfaces/lib:/root/working/test_ws/yano_ws/install/custom_interfaces/lib:/opt/ros/humble/opt/rviz_ogre_vendor/lib:/opt/ros/humble/lib/x86_64-linux-gnu:/opt/ros/humble/lib /usr/bin/cmake --install /root/working/test_ws/yano_ws/build/flipper
