[0.019s] Invoking command in '/root/working/test_ws/yano_ws/build/usb_camera': /usr/bin/cmake --build /root/working/test_ws/yano_ws/build/usb_camera -- -j4 -l4
[0.127s] [100%] Built target usb_camera
[0.152s] Invoked command in '/root/working/test_ws/yano_ws/build/usb_camera' returned '0': /usr/bin/cmake --build /root/working/test_ws/yano_ws/build/usb_camera -- -j4 -l4
[0.152s] Invoking command in '/root/working/test_ws/yano_ws/build/usb_camera': /usr/bin/cmake --install /root/working/test_ws/yano_ws/build/usb_camera
[0.223s] -- Install configuration: ""
[0.224s] -- Up-to-date: /root/working/test_ws/yano_ws/install/usb_camera/lib/usb_camera/usb_camera
[0.228s] -- Up-to-date: /root/working/test_ws/yano_ws/install/usb_camera/share/ament_index/resource_index/package_run_dependencies/usb_camera
[0.230s] -- Up-to-date: /root/working/test_ws/yano_ws/install/usb_camera/share/ament_index/resource_index/parent_prefix_path/usb_camera
[0.230s] -- Up-to-date: /root/working/test_ws/yano_ws/install/usb_camera/share/usb_camera/environment/ament_prefix_path.sh
[0.230s] -- Up-to-date: /root/working/test_ws/yano_ws/install/usb_camera/share/usb_camera/environment/ament_prefix_path.dsv
[0.231s] -- Up-to-date: /root/working/test_ws/yano_ws/install/usb_camera/share/usb_camera/environment/path.sh
[0.231s] -- Up-to-date: /root/working/test_ws/yano_ws/install/usb_camera/share/usb_camera/environment/path.dsv
[0.231s] -- Up-to-date: /root/working/test_ws/yano_ws/install/usb_camera/share/usb_camera/local_setup.bash
[0.231s] -- Up-to-date: /root/working/test_ws/yano_ws/install/usb_camera/share/usb_camera/local_setup.sh
[0.231s] -- Up-to-date: /root/working/test_ws/yano_ws/install/usb_camera/share/usb_camera/local_setup.zsh
[0.231s] -- Up-to-date: /root/working/test_ws/yano_ws/install/usb_camera/share/usb_camera/local_setup.dsv
[0.232s] -- Installing: /root/working/test_ws/yano_ws/install/usb_camera/share/usb_camera/package.dsv
[0.232s] -- Up-to-date: /root/working/test_ws/yano_ws/install/usb_camera/share/ament_index/resource_index/packages/usb_camera
[0.232s] -- Up-to-date: /root/working/test_ws/yano_ws/install/usb_camera/share/usb_camera/cmake/usb_cameraConfig.cmake
[0.232s] -- Up-to-date: /root/working/test_ws/yano_ws/install/usb_camera/share/usb_camera/cmake/usb_cameraConfig-version.cmake
[0.232s] -- Up-to-date: /root/working/test_ws/yano_ws/install/usb_camera/share/usb_camera/package.xml
[0.293s] Invoked command in '/root/working/test_ws/yano_ws/build/usb_camera' returned '0': /usr/bin/cmake --install /root/working/test_ws/yano_ws/build/usb_camera
