[0.011s] Invoking command in '/home/rodep/rodep/test_ws/yano_ws/build/usb_camera': CMAKE_PREFIX_PATH=${CMAKE_PREFIX_PATH}:/opt/ros/jazzy DEBUGINFOD_URLS=https://debuginfod.ubuntu.com /usr/bin/cmake --build /home/rodep/rodep/test_ws/yano_ws/build/usb_camera -- -j8 -l8
[0.059s] [100%] Built target usb_camera
[0.082s] Invoked command in '/home/rodep/rodep/test_ws/yano_ws/build/usb_camera' returned '0': CMAKE_PREFIX_PATH=${CMAKE_PREFIX_PATH}:/opt/ros/jazzy DEBUGINFOD_URLS=https://debuginfod.ubuntu.com /usr/bin/cmake --build /home/rodep/rodep/test_ws/yano_ws/build/usb_camera -- -j8 -l8
[0.083s] Invoking command in '/home/rodep/rodep/test_ws/yano_ws/build/usb_camera': CMAKE_PREFIX_PATH=${CMAKE_PREFIX_PATH}:/opt/ros/jazzy DEBUGINFOD_URLS=https://debuginfod.ubuntu.com /usr/bin/cmake --install /home/rodep/rodep/test_ws/yano_ws/build/usb_camera
[0.094s] -- Install configuration: ""
[0.095s] -- Up-to-date: /home/rodep/rodep/test_ws/yano_ws/install/usb_camera/lib/usb_camera/usb_camera
[0.095s] -- Up-to-date: /home/rodep/rodep/test_ws/yano_ws/install/usb_camera/share/ament_index/resource_index/package_run_dependencies/usb_camera
[0.095s] -- Up-to-date: /home/rodep/rodep/test_ws/yano_ws/install/usb_camera/share/ament_index/resource_index/parent_prefix_path/usb_camera
[0.095s] -- Up-to-date: /home/rodep/rodep/test_ws/yano_ws/install/usb_camera/share/usb_camera/environment/ament_prefix_path.sh
[0.096s] -- Up-to-date: /home/rodep/rodep/test_ws/yano_ws/install/usb_camera/share/usb_camera/environment/ament_prefix_path.dsv
[0.096s] -- Up-to-date: /home/rodep/rodep/test_ws/yano_ws/install/usb_camera/share/usb_camera/environment/path.sh
[0.096s] -- Up-to-date: /home/rodep/rodep/test_ws/yano_ws/install/usb_camera/share/usb_camera/environment/path.dsv
[0.096s] -- Up-to-date: /home/rodep/rodep/test_ws/yano_ws/install/usb_camera/share/usb_camera/local_setup.bash
[0.096s] -- Up-to-date: /home/rodep/rodep/test_ws/yano_ws/install/usb_camera/share/usb_camera/local_setup.sh
[0.096s] -- Up-to-date: /home/rodep/rodep/test_ws/yano_ws/install/usb_camera/share/usb_camera/local_setup.zsh
[0.096s] -- Up-to-date: /home/rodep/rodep/test_ws/yano_ws/install/usb_camera/share/usb_camera/local_setup.dsv
[0.096s] -- Installing: /home/rodep/rodep/test_ws/yano_ws/install/usb_camera/share/usb_camera/package.dsv
[0.096s] -- Up-to-date: /home/rodep/rodep/test_ws/yano_ws/install/usb_camera/share/ament_index/resource_index/packages/usb_camera
[0.096s] -- Up-to-date: /home/rodep/rodep/test_ws/yano_ws/install/usb_camera/share/usb_camera/cmake/usb_cameraConfig.cmake
[0.096s] -- Up-to-date: /home/rodep/rodep/test_ws/yano_ws/install/usb_camera/share/usb_camera/cmake/usb_cameraConfig-version.cmake
[0.096s] -- Up-to-date: /home/rodep/rodep/test_ws/yano_ws/install/usb_camera/share/usb_camera/package.xml
[0.119s] Invoked command in '/home/rodep/rodep/test_ws/yano_ws/build/usb_camera' returned '0': CMAKE_PREFIX_PATH=${CMAKE_PREFIX_PATH}:/opt/ros/jazzy DEBUGINFOD_URLS=https://debuginfod.ubuntu.com /usr/bin/cmake --install /home/rodep/rodep/test_ws/yano_ws/build/usb_camera
