[0.031s] Invoking command in '/root/working/test_ws/yano_ws/build/driver': AMENT_PREFIX_PATH=/root/working/test_ws/yano_ws/install/custom_interfaces:${AMENT_PREFIX_PATH} CMAKE_PREFIX_PATH=/root/working/test_ws/yano_ws/install/custom_interfaces:/root/working/rodep_ros2/yano_ws/install/custom_interfaces:/root/working/rodep_ros2/yano_ws/install/operator:/root/working/rodep_ros2/yano_ws/install/driver:/opt/ros/humble LD_LIBRARY_PATH=/root/working/test_ws/yano_ws/install/custom_interfaces/lib:${LD_LIBRARY_PATH} PYTHONPATH=/root/working/test_ws/yano_ws/install/custom_interfaces/local/lib/python3.10/dist-packages:${PYTHONPATH} /usr/bin/cmake /root/working/test_ws/yano_ws/src/driver -DCMAKE_INSTALL_PREFIX=/root/working/test_ws/yano_ws/install/driver
[0.188s] -- The C compiler identification is GNU 11.4.0
[0.330s] -- The CXX compiler identification is GNU 11.4.0
[0.357s] -- Detecting C compiler ABI info
[0.530s] -- Detecting C compiler ABI info - done
[0.554s] -- Check for working C compiler: /usr/bin/cc - skipped
[0.555s] -- Detecting C compile features
[0.556s] -- Detecting C compile features - done
[0.564s] -- Detecting CXX compiler ABI info
[0.865s] -- Detecting CXX compiler ABI info - done
[0.910s] -- Check for working CXX compiler: /usr/bin/c++ - skipped
[0.911s] -- Detecting CXX compile features
[0.913s] -- Detecting CXX compile features - done
[0.930s] -- Found ament_cmake: 1.3.11 (/opt/ros/humble/share/ament_cmake/cmake)
[1.368s] -- Found Python3: /usr/bin/python3 (found version "3.10.12") found components: Interpreter 
[1.824s] -- Found rclcpp: 16.0.11 (/opt/ros/humble/share/rclcpp/cmake)
[2.044s] -- Found rosidl_generator_c: 3.1.6 (/opt/ros/humble/share/rosidl_generator_c/cmake)
[2.067s] -- Found rosidl_adapter: 3.1.6 (/opt/ros/humble/share/rosidl_adapter/cmake)
[2.122s] -- Found rosidl_generator_cpp: 3.1.6 (/opt/ros/humble/share/rosidl_generator_cpp/cmake)
[2.188s] -- Using all available rosidl_typesupport_c: rosidl_typesupport_fastrtps_c;rosidl_typesupport_introspection_c
[2.262s] -- Using all available rosidl_typesupport_cpp: rosidl_typesupport_fastrtps_cpp;rosidl_typesupport_introspection_cpp
[2.461s] -- Found rmw_implementation_cmake: 6.1.2 (/opt/ros/humble/share/rmw_implementation_cmake/cmake)
[2.484s] -- Found rmw_fastrtps_cpp: 6.2.7 (/opt/ros/humble/share/rmw_fastrtps_cpp/cmake)
[2.880s] -- Found OpenSSL: /usr/lib/x86_64-linux-gnu/libcrypto.so (found version "3.0.2")  
[2.982s] -- Found FastRTPS: /opt/ros/humble/include  
[3.133s] -- Using RMW implementation 'rmw_fastrtps_cpp' as default
[3.182s] -- Looking for pthread.h
[3.476s] -- Looking for pthread.h - found
[3.476s] -- Performing Test CMAKE_HAVE_LIBC_PTHREAD
[3.735s] -- Performing Test CMAKE_HAVE_LIBC_PTHREAD - Success
[3.737s] -- Found Threads: TRUE  
[3.976s] -- Found geometry_msgs: 4.2.4 (/opt/ros/humble/share/geometry_msgs/cmake)
[4.031s] -- Found custom_interfaces: 0.0.0 (/root/working/test_ws/yano_ws/install/custom_interfaces/share/custom_interfaces/cmake)
[4.067s] -- Found ament_lint_auto: 0.12.11 (/opt/ros/humble/share/ament_lint_auto/cmake)
[4.451s] -- Added test 'cppcheck' to perform static code analysis on C / C++ code
[4.452s] -- Configured cppcheck include dirs: 
[4.452s] -- Configured cppcheck exclude dirs and/or files: 
[4.452s] -- Added test 'lint_cmake' to check CMake code style
[4.459s] -- Added test 'uncrustify' to check C / C++ code style
[4.459s] -- Configured uncrustify additional arguments: 
[4.464s] -- Added test 'xmllint' to check XML markup files
[4.466s] -- Configuring done
[4.520s] -- Generating done
[4.540s] -- Build files have been written to: /root/working/test_ws/yano_ws/build/driver
[4.565s] Invoked command in '/root/working/test_ws/yano_ws/build/driver' returned '0': AMENT_PREFIX_PATH=/root/working/test_ws/yano_ws/install/custom_interfaces:${AMENT_PREFIX_PATH} CMAKE_PREFIX_PATH=/root/working/test_ws/yano_ws/install/custom_interfaces:/root/working/rodep_ros2/yano_ws/install/custom_interfaces:/root/working/rodep_ros2/yano_ws/install/operator:/root/working/rodep_ros2/yano_ws/install/driver:/opt/ros/humble LD_LIBRARY_PATH=/root/working/test_ws/yano_ws/install/custom_interfaces/lib:${LD_LIBRARY_PATH} PYTHONPATH=/root/working/test_ws/yano_ws/install/custom_interfaces/local/lib/python3.10/dist-packages:${PYTHONPATH} /usr/bin/cmake /root/working/test_ws/yano_ws/src/driver -DCMAKE_INSTALL_PREFIX=/root/working/test_ws/yano_ws/install/driver
[4.567s] Invoking command in '/root/working/test_ws/yano_ws/build/driver': AMENT_PREFIX_PATH=/root/working/test_ws/yano_ws/install/custom_interfaces:${AMENT_PREFIX_PATH} CMAKE_PREFIX_PATH=/root/working/test_ws/yano_ws/install/custom_interfaces:/root/working/rodep_ros2/yano_ws/install/custom_interfaces:/root/working/rodep_ros2/yano_ws/install/operator:/root/working/rodep_ros2/yano_ws/install/driver:/opt/ros/humble LD_LIBRARY_PATH=/root/working/test_ws/yano_ws/install/custom_interfaces/lib:${LD_LIBRARY_PATH} PYTHONPATH=/root/working/test_ws/yano_ws/install/custom_interfaces/local/lib/python3.10/dist-packages:${PYTHONPATH} /usr/bin/cmake --build /root/working/test_ws/yano_ws/build/driver -- -j4 -l4
[4.724s] [ 50%] [32mBuilding CXX object CMakeFiles/driver_node.dir/src/driver.cpp.o[0m
[50.503s] [100%] [32m[1mLinking CXX executable driver_node[0m
[51.795s] [100%] Built target driver_node
[51.814s] Invoked command in '/root/working/test_ws/yano_ws/build/driver' returned '0': AMENT_PREFIX_PATH=/root/working/test_ws/yano_ws/install/custom_interfaces:${AMENT_PREFIX_PATH} CMAKE_PREFIX_PATH=/root/working/test_ws/yano_ws/install/custom_interfaces:/root/working/rodep_ros2/yano_ws/install/custom_interfaces:/root/working/rodep_ros2/yano_ws/install/operator:/root/working/rodep_ros2/yano_ws/install/driver:/opt/ros/humble LD_LIBRARY_PATH=/root/working/test_ws/yano_ws/install/custom_interfaces/lib:${LD_LIBRARY_PATH} PYTHONPATH=/root/working/test_ws/yano_ws/install/custom_interfaces/local/lib/python3.10/dist-packages:${PYTHONPATH} /usr/bin/cmake --build /root/working/test_ws/yano_ws/build/driver -- -j4 -l4
[51.816s] Invoking command in '/root/working/test_ws/yano_ws/build/driver': AMENT_PREFIX_PATH=/root/working/test_ws/yano_ws/install/custom_interfaces:${AMENT_PREFIX_PATH} CMAKE_PREFIX_PATH=/root/working/test_ws/yano_ws/install/custom_interfaces:/root/working/rodep_ros2/yano_ws/install/custom_interfaces:/root/working/rodep_ros2/yano_ws/install/operator:/root/working/rodep_ros2/yano_ws/install/driver:/opt/ros/humble LD_LIBRARY_PATH=/root/working/test_ws/yano_ws/install/custom_interfaces/lib:${LD_LIBRARY_PATH} PYTHONPATH=/root/working/test_ws/yano_ws/install/custom_interfaces/local/lib/python3.10/dist-packages:${PYTHONPATH} /usr/bin/cmake --install /root/working/test_ws/yano_ws/build/driver
[51.828s] -- Install configuration: ""
[51.828s] -- Installing: /root/working/test_ws/yano_ws/install/driver/lib/driver/driver_node
[51.840s] -- Set runtime path of "/root/working/test_ws/yano_ws/install/driver/lib/driver/driver_node" to ""
[51.840s] -- Installing: /root/working/test_ws/yano_ws/install/driver/share/ament_index/resource_index/package_run_dependencies/driver
[51.841s] -- Installing: /root/working/test_ws/yano_ws/install/driver/share/ament_index/resource_index/parent_prefix_path/driver
[51.841s] -- Installing: /root/working/test_ws/yano_ws/install/driver/share/driver/environment/ament_prefix_path.sh
[51.842s] -- Installing: /root/working/test_ws/yano_ws/install/driver/share/driver/environment/ament_prefix_path.dsv
[51.842s] -- Installing: /root/working/test_ws/yano_ws/install/driver/share/driver/environment/path.sh
[51.842s] -- Installing: /root/working/test_ws/yano_ws/install/driver/share/driver/environment/path.dsv
[51.843s] -- Installing: /root/working/test_ws/yano_ws/install/driver/share/driver/local_setup.bash
[51.843s] -- Installing: /root/working/test_ws/yano_ws/install/driver/share/driver/local_setup.sh
[51.844s] -- Installing: /root/working/test_ws/yano_ws/install/driver/share/driver/local_setup.zsh
[51.844s] -- Installing: /root/working/test_ws/yano_ws/install/driver/share/driver/local_setup.dsv
[51.844s] -- Installing: /root/working/test_ws/yano_ws/install/driver/share/driver/package.dsv
[51.845s] -- Installing: /root/working/test_ws/yano_ws/install/driver/share/ament_index/resource_index/packages/driver
[51.845s] -- Installing: /root/working/test_ws/yano_ws/install/driver/share/driver/cmake/driverConfig.cmake
[51.845s] -- Installing: /root/working/test_ws/yano_ws/install/driver/share/driver/cmake/driverConfig-version.cmake
[51.845s] -- Installing: /root/working/test_ws/yano_ws/install/driver/share/driver/package.xml
[51.849s] Invoked command in '/root/working/test_ws/yano_ws/build/driver' returned '0': AMENT_PREFIX_PATH=/root/working/test_ws/yano_ws/install/custom_interfaces:${AMENT_PREFIX_PATH} CMAKE_PREFIX_PATH=/root/working/test_ws/yano_ws/install/custom_interfaces:/root/working/rodep_ros2/yano_ws/install/custom_interfaces:/root/working/rodep_ros2/yano_ws/install/operator:/root/working/rodep_ros2/yano_ws/install/driver:/opt/ros/humble LD_LIBRARY_PATH=/root/working/test_ws/yano_ws/install/custom_interfaces/lib:${LD_LIBRARY_PATH} PYTHONPATH=/root/working/test_ws/yano_ws/install/custom_interfaces/local/lib/python3.10/dist-packages:${PYTHONPATH} /usr/bin/cmake --install /root/working/test_ws/yano_ws/build/driver
