[0.027s] Invoking command in '/root/working/test_ws/yano_ws/build/usb_camera': CMAKE_PREFIX_PATH=/opt/ros/humble /usr/bin/cmake --build /root/working/test_ws/yano_ws/build/usb_camera -- -j4 -l4
[0.073s] -- Found ament_cmake: 1.3.11 (/opt/ros/humble/share/ament_cmake/cmake)
[0.339s] -- Found rclcpp: 16.0.11 (/opt/ros/humble/share/rclcpp/cmake)
[0.399s] -- Found rosidl_generator_c: 3.1.6 (/opt/ros/humble/share/rosidl_generator_c/cmake)
[0.406s] -- Found rosidl_adapter: 3.1.6 (/opt/ros/humble/share/rosidl_adapter/cmake)
[0.419s] -- Found rosidl_generator_cpp: 3.1.6 (/opt/ros/humble/share/rosidl_generator_cpp/cmake)
[0.440s] -- Using all available rosidl_typesupport_c: rosidl_typesupport_fastrtps_c;rosidl_typesupport_introspection_c
[0.467s] -- Using all available rosidl_typesupport_cpp: rosidl_typesupport_fastrtps_cpp;rosidl_typesupport_introspection_cpp
[0.542s] -- Found rmw_implementation_cmake: 6.1.2 (/opt/ros/humble/share/rmw_implementation_cmake/cmake)
[0.544s] -- Found rmw_fastrtps_cpp: 6.2.7 (/opt/ros/humble/share/rmw_fastrtps_cpp/cmake)
[0.759s] -- Using RMW implementation 'rmw_fastrtps_cpp' as default
[0.864s] -- Found sensor_msgs: 4.2.4 (/opt/ros/humble/share/sensor_msgs/cmake)
[0.922s] -- Found cv_bridge: 3.2.1 (/opt/ros/humble/share/cv_bridge/cmake)
[0.948s] -- Found ament_lint_auto: 0.12.11 (/opt/ros/humble/share/ament_lint_auto/cmake)
[1.069s] -- Added test 'cppcheck' to perform static code analysis on C / C++ code
[1.070s] -- Configured cppcheck include dirs: 
[1.070s] -- Configured cppcheck exclude dirs and/or files: 
[1.071s] -- Added test 'lint_cmake' to check CMake code style
[1.072s] -- Added test 'uncrustify' to check C / C++ code style
[1.073s] -- Configured uncrustify additional arguments: 
[1.073s] -- Added test 'xmllint' to check XML markup files
[1.074s] -- Configuring done
[1.106s] -- Generating done
[1.115s] -- Build files have been written to: /root/working/test_ws/yano_ws/build/usb_camera
[1.162s] [35m[1mConsolidate compiler generated dependencies of target usb_camera[0m
[1.204s] [ 50%] [32mBuilding CXX object CMakeFiles/usb_camera.dir/src/usb_camera.cpp.o[0m
[16.875s] [100%] [32m[1mLinking CXX executable usb_camera[0m
[17.847s] [100%] Built target usb_camera
[17.862s] Invoked command in '/root/working/test_ws/yano_ws/build/usb_camera' returned '0': CMAKE_PREFIX_PATH=/opt/ros/humble /usr/bin/cmake --build /root/working/test_ws/yano_ws/build/usb_camera -- -j4 -l4
[17.865s] Invoking command in '/root/working/test_ws/yano_ws/build/usb_camera': CMAKE_PREFIX_PATH=/opt/ros/humble /usr/bin/cmake --install /root/working/test_ws/yano_ws/build/usb_camera
[17.875s] -- Install configuration: ""
[17.875s] -- Installing: /root/working/test_ws/yano_ws/install/usb_camera/lib/usb_camera/usb_camera
[17.877s] -- Set runtime path of "/root/working/test_ws/yano_ws/install/usb_camera/lib/usb_camera/usb_camera" to ""
[17.878s] -- Up-to-date: /root/working/test_ws/yano_ws/install/usb_camera/share/ament_index/resource_index/package_run_dependencies/usb_camera
[17.878s] -- Up-to-date: /root/working/test_ws/yano_ws/install/usb_camera/share/ament_index/resource_index/parent_prefix_path/usb_camera
[17.878s] -- Installing: /root/working/test_ws/yano_ws/install/usb_camera/share/usb_camera/environment/ament_prefix_path.sh
[17.878s] -- Installing: /root/working/test_ws/yano_ws/install/usb_camera/share/usb_camera/environment/ament_prefix_path.dsv
[17.993s] -- Installing: /root/working/test_ws/yano_ws/install/usb_camera/share/usb_camera/environment/path.sh
[17.993s] -- Installing: /root/working/test_ws/yano_ws/install/usb_camera/share/usb_camera/environment/path.dsv
[17.993s] -- Up-to-date: /root/working/test_ws/yano_ws/install/usb_camera/share/usb_camera/local_setup.bash
[17.994s] -- Up-to-date: /root/working/test_ws/yano_ws/install/usb_camera/share/usb_camera/local_setup.sh
[17.994s] -- Up-to-date: /root/working/test_ws/yano_ws/install/usb_camera/share/usb_camera/local_setup.zsh
[17.994s] -- Installing: /root/working/test_ws/yano_ws/install/usb_camera/share/usb_camera/local_setup.dsv
[17.994s] -- Installing: /root/working/test_ws/yano_ws/install/usb_camera/share/usb_camera/package.dsv
[17.995s] -- Up-to-date: /root/working/test_ws/yano_ws/install/usb_camera/share/ament_index/resource_index/packages/usb_camera
[17.996s] -- Up-to-date: /root/working/test_ws/yano_ws/install/usb_camera/share/usb_camera/cmake/usb_cameraConfig.cmake
[17.997s] -- Up-to-date: /root/working/test_ws/yano_ws/install/usb_camera/share/usb_camera/cmake/usb_cameraConfig-version.cmake
[17.997s] -- Up-to-date: /root/working/test_ws/yano_ws/install/usb_camera/share/usb_camera/package.xml
[18.004s] Invoked command in '/root/working/test_ws/yano_ws/build/usb_camera' returned '0': CMAKE_PREFIX_PATH=/opt/ros/humble /usr/bin/cmake --install /root/working/test_ws/yano_ws/build/usb_camera
