[0.024s] Invoking command in '/root/working/test_ws/yano_ws/build/operator': CMAKE_PREFIX_PATH=/root/working/test_ws/yano_ws/install/custom_interfaces:/root/working/test_ws/yano_ws/install/usb_camera:/root/working/test_ws/yano_ws/install/operator:/root/working/test_ws/yano_ws/install/flipper_driver:/root/working/test_ws/yano_ws/install/crawler_driver:/opt/ros/humble /usr/bin/cmake --build /root/working/test_ws/yano_ws/build/operator -- -j4 -l4
[0.126s] [100%] Built target operator_node
[0.146s] Invoked command in '/root/working/test_ws/yano_ws/build/operator' returned '0': CMAKE_PREFIX_PATH=/root/working/test_ws/yano_ws/install/custom_interfaces:/root/working/test_ws/yano_ws/install/usb_camera:/root/working/test_ws/yano_ws/install/operator:/root/working/test_ws/yano_ws/install/flipper_driver:/root/working/test_ws/yano_ws/install/crawler_driver:/opt/ros/humble /usr/bin/cmake --build /root/working/test_ws/yano_ws/build/operator -- -j4 -l4
[0.155s] Invoking command in '/root/working/test_ws/yano_ws/build/operator': CMAKE_PREFIX_PATH=/root/working/test_ws/yano_ws/install/custom_interfaces:/root/working/test_ws/yano_ws/install/usb_camera:/root/working/test_ws/yano_ws/install/operator:/root/working/test_ws/yano_ws/install/flipper_driver:/root/working/test_ws/yano_ws/install/crawler_driver:/opt/ros/humble /usr/bin/cmake --install /root/working/test_ws/yano_ws/build/operator
[0.161s] -- Install configuration: ""
[0.163s] -- Up-to-date: /root/working/test_ws/yano_ws/install/operator/lib/operator/operator_node
[0.164s] -- Up-to-date: /root/working/test_ws/yano_ws/install/operator/share/ament_index/resource_index/package_run_dependencies/operator
[0.164s] -- Up-to-date: /root/working/test_ws/yano_ws/install/operator/share/ament_index/resource_index/parent_prefix_path/operator
[0.164s] -- Up-to-date: /root/working/test_ws/yano_ws/install/operator/share/operator/environment/ament_prefix_path.sh
[0.164s] -- Up-to-date: /root/working/test_ws/yano_ws/install/operator/share/operator/environment/ament_prefix_path.dsv
[0.164s] -- Up-to-date: /root/working/test_ws/yano_ws/install/operator/share/operator/environment/path.sh
[0.164s] -- Up-to-date: /root/working/test_ws/yano_ws/install/operator/share/operator/environment/path.dsv
[0.164s] -- Up-to-date: /root/working/test_ws/yano_ws/install/operator/share/operator/local_setup.bash
[0.165s] -- Up-to-date: /root/working/test_ws/yano_ws/install/operator/share/operator/local_setup.sh
[0.165s] -- Up-to-date: /root/working/test_ws/yano_ws/install/operator/share/operator/local_setup.zsh
[0.165s] -- Up-to-date: /root/working/test_ws/yano_ws/install/operator/share/operator/local_setup.dsv
[0.165s] -- Installing: /root/working/test_ws/yano_ws/install/operator/share/operator/package.dsv
[0.165s] -- Up-to-date: /root/working/test_ws/yano_ws/install/operator/share/ament_index/resource_index/packages/operator
[0.166s] -- Up-to-date: /root/working/test_ws/yano_ws/install/operator/share/operator/cmake/operatorConfig.cmake
[0.166s] -- Up-to-date: /root/working/test_ws/yano_ws/install/operator/share/operator/cmake/operatorConfig-version.cmake
[0.166s] -- Up-to-date: /root/working/test_ws/yano_ws/install/operator/share/operator/package.xml
[0.180s] Invoked command in '/root/working/test_ws/yano_ws/build/operator' returned '0': CMAKE_PREFIX_PATH=/root/working/test_ws/yano_ws/install/custom_interfaces:/root/working/test_ws/yano_ws/install/usb_camera:/root/working/test_ws/yano_ws/install/operator:/root/working/test_ws/yano_ws/install/flipper_driver:/root/working/test_ws/yano_ws/install/crawler_driver:/opt/ros/humble /usr/bin/cmake --install /root/working/test_ws/yano_ws/build/operator
