[0.066s] Invoking command in '/root/working/test_ws/yano_ws/build/dynamixel_sdk': CMAKE_PREFIX_PATH=${CMAKE_PREFIX_PATH}:/opt/ros/humble /usr/bin/cmake --build /root/working/test_ws/yano_ws/build/dynamixel_sdk -- -j4 -l4
[0.167s] [35m[1mConsolidate compiler generated dependencies of target dynamixel_sdk[0m
[0.236s] [100%] Built target dynamixel_sdk
[0.304s] Invoked command in '/root/working/test_ws/yano_ws/build/dynamixel_sdk' returned '0': CMAKE_PREFIX_PATH=${CMAKE_PREFIX_PATH}:/opt/ros/humble /usr/bin/cmake --build /root/working/test_ws/yano_ws/build/dynamixel_sdk -- -j4 -l4
[0.402s] Invoking command in '/root/working/test_ws/yano_ws/build/dynamixel_sdk': CMAKE_PREFIX_PATH=${CMAKE_PREFIX_PATH}:/opt/ros/humble /usr/bin/cmake --install /root/working/test_ws/yano_ws/build/dynamixel_sdk
[0.497s] -- Install configuration: ""
[0.497s] -- Up-to-date: /root/working/test_ws/yano_ws/install/dynamixel_sdk/include/
[0.498s] -- Up-to-date: /root/working/test_ws/yano_ws/install/dynamixel_sdk/include//dynamixel_sdk
[0.499s] -- Up-to-date: /root/working/test_ws/yano_ws/install/dynamixel_sdk/include//dynamixel_sdk/group_handler.h
[0.499s] -- Up-to-date: /root/working/test_ws/yano_ws/install/dynamixel_sdk/include//dynamixel_sdk/group_bulk_read.h
[0.500s] -- Up-to-date: /root/working/test_ws/yano_ws/install/dynamixel_sdk/include//dynamixel_sdk/protocol2_packet_handler.h
[0.502s] -- Up-to-date: /root/working/test_ws/yano_ws/install/dynamixel_sdk/include//dynamixel_sdk/group_bulk_write.h
[0.502s] -- Up-to-date: /root/working/test_ws/yano_ws/install/dynamixel_sdk/include//dynamixel_sdk/port_handler.h
[0.503s] -- Up-to-date: /root/working/test_ws/yano_ws/install/dynamixel_sdk/include//dynamixel_sdk/protocol1_packet_handler.h
[0.503s] -- Up-to-date: /root/working/test_ws/yano_ws/install/dynamixel_sdk/include//dynamixel_sdk/port_handler_linux.h
[0.503s] -- Up-to-date: /root/working/test_ws/yano_ws/install/dynamixel_sdk/include//dynamixel_sdk/group_sync_write.h
[0.507s] -- Up-to-date: /root/working/test_ws/yano_ws/install/dynamixel_sdk/include//dynamixel_sdk/port_handler_mac.h
[0.507s] -- Up-to-date: /root/working/test_ws/yano_ws/install/dynamixel_sdk/include//dynamixel_sdk/port_handler_arduino.h
[0.507s] -- Up-to-date: /root/working/test_ws/yano_ws/install/dynamixel_sdk/include//dynamixel_sdk/group_fast_bulk_read.h
[0.507s] -- Up-to-date: /root/working/test_ws/yano_ws/install/dynamixel_sdk/include//dynamixel_sdk/dynamixel_sdk.h
[0.507s] -- Up-to-date: /root/working/test_ws/yano_ws/install/dynamixel_sdk/include//dynamixel_sdk/port_handler_windows.h
[0.508s] -- Up-to-date: /root/working/test_ws/yano_ws/install/dynamixel_sdk/include//dynamixel_sdk/packet_handler.h
[0.510s] -- Up-to-date: /root/working/test_ws/yano_ws/install/dynamixel_sdk/include//dynamixel_sdk/group_fast_sync_read.h
[0.517s] -- Up-to-date: /root/working/test_ws/yano_ws/install/dynamixel_sdk/include//dynamixel_sdk/group_sync_read.h
[0.518s] -- Up-to-date: /root/working/test_ws/yano_ws/install/dynamixel_sdk/lib/libdynamixel_sdk.so
[0.518s] -- Up-to-date: /root/working/test_ws/yano_ws/install/dynamixel_sdk/share/dynamixel_sdk/environment/library_path.sh
[0.523s] -- Up-to-date: /root/working/test_ws/yano_ws/install/dynamixel_sdk/share/dynamixel_sdk/environment/library_path.dsv
[0.523s] -- Up-to-date: /root/working/test_ws/yano_ws/install/dynamixel_sdk/share/ament_index/resource_index/package_run_dependencies/dynamixel_sdk
[0.523s] -- Up-to-date: /root/working/test_ws/yano_ws/install/dynamixel_sdk/share/ament_index/resource_index/parent_prefix_path/dynamixel_sdk
[0.523s] -- Up-to-date: /root/working/test_ws/yano_ws/install/dynamixel_sdk/share/dynamixel_sdk/environment/ament_prefix_path.sh
[0.524s] -- Up-to-date: /root/working/test_ws/yano_ws/install/dynamixel_sdk/share/dynamixel_sdk/environment/ament_prefix_path.dsv
[0.531s] -- Up-to-date: /root/working/test_ws/yano_ws/install/dynamixel_sdk/share/dynamixel_sdk/environment/path.sh
[0.531s] -- Up-to-date: /root/working/test_ws/yano_ws/install/dynamixel_sdk/share/dynamixel_sdk/environment/path.dsv
[0.531s] -- Up-to-date: /root/working/test_ws/yano_ws/install/dynamixel_sdk/share/dynamixel_sdk/local_setup.bash
[0.532s] -- Up-to-date: /root/working/test_ws/yano_ws/install/dynamixel_sdk/share/dynamixel_sdk/local_setup.sh
[0.532s] -- Up-to-date: /root/working/test_ws/yano_ws/install/dynamixel_sdk/share/dynamixel_sdk/local_setup.zsh
[0.546s] -- Up-to-date: /root/working/test_ws/yano_ws/install/dynamixel_sdk/share/dynamixel_sdk/local_setup.dsv
[0.546s] -- Installing: /root/working/test_ws/yano_ws/install/dynamixel_sdk/share/dynamixel_sdk/package.dsv
[0.546s] -- Up-to-date: /root/working/test_ws/yano_ws/install/dynamixel_sdk/share/ament_index/resource_index/packages/dynamixel_sdk
[0.547s] -- Up-to-date: /root/working/test_ws/yano_ws/install/dynamixel_sdk/share/dynamixel_sdk/cmake/ament_cmake_export_include_directories-extras.cmake
[0.547s] -- Up-to-date: /root/working/test_ws/yano_ws/install/dynamixel_sdk/share/dynamixel_sdk/cmake/ament_cmake_export_libraries-extras.cmake
[0.547s] -- Up-to-date: /root/working/test_ws/yano_ws/install/dynamixel_sdk/share/dynamixel_sdk/cmake/dynamixel_sdkConfig.cmake
[0.547s] -- Up-to-date: /root/working/test_ws/yano_ws/install/dynamixel_sdk/share/dynamixel_sdk/cmake/dynamixel_sdkConfig-version.cmake
[0.547s] -- Up-to-date: /root/working/test_ws/yano_ws/install/dynamixel_sdk/share/dynamixel_sdk/package.xml
[0.548s] Invoked command in '/root/working/test_ws/yano_ws/build/dynamixel_sdk' returned '0': CMAKE_PREFIX_PATH=${CMAKE_PREFIX_PATH}:/opt/ros/humble /usr/bin/cmake --install /root/working/test_ws/yano_ws/build/dynamixel_sdk
