[0.009s] Invoking command in '/home/rodep/rodep/test_ws/yano_ws/build/flipper_driver': CMAKE_PREFIX_PATH=/home/rodep/rodep/test_ws/yano_ws/install/custom_interfaces:/home/rodep/rodep/test_ws/yano_ws/install/usb_camera:/home/rodep/rodep/test_ws/yano_ws/install/operator:/home/rodep/rodep/test_ws/yano_ws/install/flipper_driver:/home/rodep/rodep/test_ws/yano_ws/install/crawler_driver:/opt/ros/jazzy/opt/gz_math_vendor:/opt/ros/jazzy/opt/gz_utils_vendor:/opt/ros/jazzy/opt/gz_cmake_vendor:/opt/ros/jazzy DEBUGINFOD_URLS=https://debuginfod.ubuntu.com /usr/bin/cmake /home/rodep/rodep/test_ws/yano_ws/src/flipper_driver -DCMAKE_INSTALL_PREFIX=/home/rodep/rodep/test_ws/yano_ws/install/flipper_driver
[0.060s] -- The C compiler identification is GNU 13.3.0
[0.122s] -- The CXX compiler identification is GNU 13.3.0
[0.136s] -- Detecting C compiler ABI info
[0.211s] -- Detecting C compiler ABI info - done
[0.220s] -- Check for working C compiler: /usr/bin/cc - skipped
[0.221s] -- Detecting C compile features
[0.221s] -- Detecting C compile features - done
[0.230s] -- Detecting CXX compiler ABI info
[0.316s] -- Detecting CXX compiler ABI info - done
[0.333s] -- Check for working CXX compiler: /usr/bin/c++ - skipped
[0.333s] -- Detecting CXX compile features
[0.334s] -- Detecting CXX compile features - done
[0.337s] -- Found ament_cmake: 2.5.3 (/opt/ros/jazzy/share/ament_cmake/cmake)
[0.486s] -- Found Python3: /usr/bin/python3 (found version "3.12.3") found components: Interpreter 
[0.586s] -- Found rclcpp: 28.1.6 (/opt/ros/jazzy/share/rclcpp/cmake)
[0.621s] -- Found rosidl_generator_c: 4.6.5 (/opt/ros/jazzy/share/rosidl_generator_c/cmake)
[0.633s] -- Found rosidl_generator_cpp: 4.6.5 (/opt/ros/jazzy/share/rosidl_generator_cpp/cmake)
[0.649s] -- Using all available rosidl_typesupport_c: rosidl_typesupport_fastrtps_c;rosidl_typesupport_introspection_c
[0.666s] -- Using all available rosidl_typesupport_cpp: rosidl_typesupport_fastrtps_cpp;rosidl_typesupport_introspection_cpp
[0.743s] -- Found rmw_implementation_cmake: 7.3.1 (/opt/ros/jazzy/share/rmw_implementation_cmake/cmake)
[0.746s] -- Found rmw_fastrtps_cpp: 8.4.1 (/opt/ros/jazzy/share/rmw_fastrtps_cpp/cmake)
[0.815s] -- Found OpenSSL: /usr/lib/x86_64-linux-gnu/libcrypto.so (found version "3.0.13")  
[0.833s] -- Found FastRTPS: /opt/ros/jazzy/include (Required is at least version "2.13") 
[0.856s] -- Using RMW implementation 'rmw_fastrtps_cpp' as default
[0.930s] -- Found std_msgs: 5.3.5 (/opt/ros/jazzy/share/std_msgs/cmake)
[0.944s] -- Found custom_interfaces: 0.0.0 (/home/rodep/rodep/test_ws/yano_ws/install/custom_interfaces/share/custom_interfaces/cmake)
[0.961s] -- Found dynamixel_workbench_toolbox: 2.2.3 (/opt/ros/jazzy/share/dynamixel_workbench_toolbox/cmake)
[0.969s] -- Found ament_lint_auto: 0.17.1 (/opt/ros/jazzy/share/ament_lint_auto/cmake)
[1.076s] -- Added test 'cppcheck' to perform static code analysis on C / C++ code
[1.076s] -- Configured cppcheck include dirs: /home/rodep/rodep/test_ws/yano_ws/src/flipper_driver/include
[1.076s] -- Configured cppcheck exclude dirs and/or files: 
[1.077s] -- Added test 'lint_cmake' to check CMake code style
[1.078s] -- Added test 'uncrustify' to check C / C++ code style
[1.078s] -- Configured uncrustify additional arguments: 
[1.078s] -- Added test 'xmllint' to check XML markup files
[1.081s] -- Configuring done (1.1s)
[1.094s] -- Generating done (0.0s)
[1.098s] -- Build files have been written to: /home/rodep/rodep/test_ws/yano_ws/build/flipper_driver
[1.109s] Invoked command in '/home/rodep/rodep/test_ws/yano_ws/build/flipper_driver' returned '0': CMAKE_PREFIX_PATH=/home/rodep/rodep/test_ws/yano_ws/install/custom_interfaces:/home/rodep/rodep/test_ws/yano_ws/install/usb_camera:/home/rodep/rodep/test_ws/yano_ws/install/operator:/home/rodep/rodep/test_ws/yano_ws/install/flipper_driver:/home/rodep/rodep/test_ws/yano_ws/install/crawler_driver:/opt/ros/jazzy/opt/gz_math_vendor:/opt/ros/jazzy/opt/gz_utils_vendor:/opt/ros/jazzy/opt/gz_cmake_vendor:/opt/ros/jazzy DEBUGINFOD_URLS=https://debuginfod.ubuntu.com /usr/bin/cmake /home/rodep/rodep/test_ws/yano_ws/src/flipper_driver -DCMAKE_INSTALL_PREFIX=/home/rodep/rodep/test_ws/yano_ws/install/flipper_driver
[1.110s] Invoking command in '/home/rodep/rodep/test_ws/yano_ws/build/flipper_driver': CMAKE_PREFIX_PATH=/home/rodep/rodep/test_ws/yano_ws/install/custom_interfaces:/home/rodep/rodep/test_ws/yano_ws/install/usb_camera:/home/rodep/rodep/test_ws/yano_ws/install/operator:/home/rodep/rodep/test_ws/yano_ws/install/flipper_driver:/home/rodep/rodep/test_ws/yano_ws/install/crawler_driver:/opt/ros/jazzy/opt/gz_math_vendor:/opt/ros/jazzy/opt/gz_utils_vendor:/opt/ros/jazzy/opt/gz_cmake_vendor:/opt/ros/jazzy DEBUGINFOD_URLS=https://debuginfod.ubuntu.com /usr/bin/cmake --build /home/rodep/rodep/test_ws/yano_ws/build/flipper_driver -- -j8 -l8
[1.152s] [ 50%] [32mBuilding CXX object CMakeFiles/flipper_driver_node.dir/src/flipper_driver.cpp.o[0m
[10.535s] [100%] [32m[1mLinking CXX executable flipper_driver_node[0m
[10.845s] [100%] Built target flipper_driver_node
[10.854s] Invoked command in '/home/rodep/rodep/test_ws/yano_ws/build/flipper_driver' returned '0': CMAKE_PREFIX_PATH=/home/rodep/rodep/test_ws/yano_ws/install/custom_interfaces:/home/rodep/rodep/test_ws/yano_ws/install/usb_camera:/home/rodep/rodep/test_ws/yano_ws/install/operator:/home/rodep/rodep/test_ws/yano_ws/install/flipper_driver:/home/rodep/rodep/test_ws/yano_ws/install/crawler_driver:/opt/ros/jazzy/opt/gz_math_vendor:/opt/ros/jazzy/opt/gz_utils_vendor:/opt/ros/jazzy/opt/gz_cmake_vendor:/opt/ros/jazzy DEBUGINFOD_URLS=https://debuginfod.ubuntu.com /usr/bin/cmake --build /home/rodep/rodep/test_ws/yano_ws/build/flipper_driver -- -j8 -l8
[10.855s] Invoking command in '/home/rodep/rodep/test_ws/yano_ws/build/flipper_driver': CMAKE_PREFIX_PATH=/home/rodep/rodep/test_ws/yano_ws/install/custom_interfaces:/home/rodep/rodep/test_ws/yano_ws/install/usb_camera:/home/rodep/rodep/test_ws/yano_ws/install/operator:/home/rodep/rodep/test_ws/yano_ws/install/flipper_driver:/home/rodep/rodep/test_ws/yano_ws/install/crawler_driver:/opt/ros/jazzy/opt/gz_math_vendor:/opt/ros/jazzy/opt/gz_utils_vendor:/opt/ros/jazzy/opt/gz_cmake_vendor:/opt/ros/jazzy DEBUGINFOD_URLS=https://debuginfod.ubuntu.com /usr/bin/cmake --install /home/rodep/rodep/test_ws/yano_ws/build/flipper_driver
[10.861s] -- Install configuration: ""
[10.861s] -- Installing: /home/rodep/rodep/test_ws/yano_ws/install/flipper_driver/lib/flipper_driver/flipper_driver_node
[10.865s] -- Set non-toolchain portion of runtime path of "/home/rodep/rodep/test_ws/yano_ws/install/flipper_driver/lib/flipper_driver/flipper_driver_node" to ""
[10.865s] -- Installing: /home/rodep/rodep/test_ws/yano_ws/install/flipper_driver/share/ament_index/resource_index/package_run_dependencies/flipper_driver
[10.865s] -- Installing: /home/rodep/rodep/test_ws/yano_ws/install/flipper_driver/share/ament_index/resource_index/parent_prefix_path/flipper_driver
[10.865s] -- Installing: /home/rodep/rodep/test_ws/yano_ws/install/flipper_driver/share/flipper_driver/environment/ament_prefix_path.sh
[10.865s] -- Installing: /home/rodep/rodep/test_ws/yano_ws/install/flipper_driver/share/flipper_driver/environment/ament_prefix_path.dsv
[10.866s] -- Installing: /home/rodep/rodep/test_ws/yano_ws/install/flipper_driver/share/flipper_driver/environment/path.sh
[10.866s] -- Installing: /home/rodep/rodep/test_ws/yano_ws/install/flipper_driver/share/flipper_driver/environment/path.dsv
[10.866s] -- Installing: /home/rodep/rodep/test_ws/yano_ws/install/flipper_driver/share/flipper_driver/local_setup.bash
[10.866s] -- Installing: /home/rodep/rodep/test_ws/yano_ws/install/flipper_driver/share/flipper_driver/local_setup.sh
[10.866s] -- Installing: /home/rodep/rodep/test_ws/yano_ws/install/flipper_driver/share/flipper_driver/local_setup.zsh
[10.866s] -- Installing: /home/rodep/rodep/test_ws/yano_ws/install/flipper_driver/share/flipper_driver/local_setup.dsv
[10.866s] -- Installing: /home/rodep/rodep/test_ws/yano_ws/install/flipper_driver/share/flipper_driver/package.dsv
[10.866s] -- Installing: /home/rodep/rodep/test_ws/yano_ws/install/flipper_driver/share/ament_index/resource_index/packages/flipper_driver
[10.866s] -- Installing: /home/rodep/rodep/test_ws/yano_ws/install/flipper_driver/share/flipper_driver/cmake/flipper_driverConfig.cmake
[10.866s] -- Installing: /home/rodep/rodep/test_ws/yano_ws/install/flipper_driver/share/flipper_driver/cmake/flipper_driverConfig-version.cmake
[10.866s] -- Installing: /home/rodep/rodep/test_ws/yano_ws/install/flipper_driver/share/flipper_driver/package.xml
[10.868s] Invoked command in '/home/rodep/rodep/test_ws/yano_ws/build/flipper_driver' returned '0': CMAKE_PREFIX_PATH=/home/rodep/rodep/test_ws/yano_ws/install/custom_interfaces:/home/rodep/rodep/test_ws/yano_ws/install/usb_camera:/home/rodep/rodep/test_ws/yano_ws/install/operator:/home/rodep/rodep/test_ws/yano_ws/install/flipper_driver:/home/rodep/rodep/test_ws/yano_ws/install/crawler_driver:/opt/ros/jazzy/opt/gz_math_vendor:/opt/ros/jazzy/opt/gz_utils_vendor:/opt/ros/jazzy/opt/gz_cmake_vendor:/opt/ros/jazzy DEBUGINFOD_URLS=https://debuginfod.ubuntu.com /usr/bin/cmake --install /home/rodep/rodep/test_ws/yano_ws/build/flipper_driver
