[0.114s] Invoking command in '/home/tatsv/working/test_ws/yano_ws/build/my_rqt_plugin': CMAKE_PREFIX_PATH=${CMAKE_PREFIX_PATH}:/opt/ros/humble /usr/bin/cmake /home/tatsv/working/test_ws/yano_ws/src/my_rqt_plugin -DCMAKE_INSTALL_PREFIX=/home/tatsv/working/test_ws/yano_ws/install/my_rqt_plugin
[0.292s] -- The C compiler identification is GNU 11.4.0
[0.925s] -- The CXX compiler identification is GNU 11.4.0
[1.301s] -- Detecting C compiler ABI info
[1.476s] -- Detecting C compiler ABI info - done
[1.489s] -- Check for working C compiler: /usr/bin/cc - skipped
[1.490s] -- Detecting C compile features
[1.491s] -- Detecting C compile features - done
[1.498s] -- Detecting CXX compiler ABI info
[1.756s] -- Detecting CXX compiler ABI info - done
[1.775s] -- Check for working CXX compiler: /usr/bin/c++ - skipped
[1.775s] -- Detecting CXX compile features
[1.776s] -- Detecting CXX compile features - done
[1.780s] -- Found ament_cmake: 1.3.11 (/opt/ros/humble/share/ament_cmake/cmake)
[2.065s] -- Found Python3: /usr/bin/python3 (found version "3.10.12") found components: Interpreter 
[2.226s] -- Found rclcpp: 16.0.11 (/opt/ros/humble/share/rclcpp/cmake)
[2.472s] -- Found rosidl_generator_c: 3.1.6 (/opt/ros/humble/share/rosidl_generator_c/cmake)
[2.479s] -- Found rosidl_adapter: 3.1.6 (/opt/ros/humble/share/rosidl_adapter/cmake)
[2.491s] -- Found rosidl_generator_cpp: 3.1.6 (/opt/ros/humble/share/rosidl_generator_cpp/cmake)
[2.511s] -- Using all available rosidl_typesupport_c: rosidl_typesupport_fastrtps_c;rosidl_typesupport_introspection_c
[2.534s] -- Using all available rosidl_typesupport_cpp: rosidl_typesupport_fastrtps_cpp;rosidl_typesupport_introspection_cpp
[2.600s] -- Found rmw_implementation_cmake: 6.1.2 (/opt/ros/humble/share/rmw_implementation_cmake/cmake)
[2.603s] -- Found rmw_fastrtps_cpp: 6.2.7 (/opt/ros/humble/share/rmw_fastrtps_cpp/cmake)
[3.789s] -- Found OpenSSL: /usr/lib/x86_64-linux-gnu/libcrypto.so (found version "3.0.2")  
[4.726s] -- Found FastRTPS: /opt/ros/humble/include  
[6.440s] -- Using RMW implementation 'rmw_fastrtps_cpp' as default
[6.457s] -- Looking for pthread.h
[6.684s] -- Looking for pthread.h - found
[6.684s] -- Performing Test CMAKE_HAVE_LIBC_PTHREAD
[6.982s] -- Performing Test CMAKE_HAVE_LIBC_PTHREAD - Success
[6.982s] -- Found Threads: TRUE  
[7.150s] -- Found rqt_gui_cpp: 1.1.7 (/opt/ros/humble/share/rqt_gui_cpp/cmake)
[9.697s] -- Configuring done
[9.717s] -- Generating done
[9.724s] -- Build files have been written to: /home/tatsv/working/test_ws/yano_ws/build/my_rqt_plugin
