[0.054s] Invoking command in '/root/working/test_ws/yano_ws/build/dynamixel_sdk': /usr/bin/cmake --build /root/working/test_ws/yano_ws/build/dynamixel_sdk -- -j4 -l4
[0.239s] [100%] Built target dynamixel_sdk
[0.296s] Invoked command in '/root/working/test_ws/yano_ws/build/dynamixel_sdk' returned '0': /usr/bin/cmake --build /root/working/test_ws/yano_ws/build/dynamixel_sdk -- -j4 -l4
[0.348s] Invoking command in '/root/working/test_ws/yano_ws/build/dynamixel_sdk': /usr/bin/cmake --install /root/working/test_ws/yano_ws/build/dynamixel_sdk
[0.388s] -- Install configuration: ""
[0.390s] -- Up-to-date: /root/working/test_ws/yano_ws/install/dynamixel_sdk/include/
[0.390s] -- Up-to-date: /root/working/test_ws/yano_ws/install/dynamixel_sdk/include//dynamixel_sdk
[0.391s] -- Up-to-date: /root/working/test_ws/yano_ws/install/dynamixel_sdk/include//dynamixel_sdk/group_handler.h
[0.391s] -- Up-to-date: /root/working/test_ws/yano_ws/install/dynamixel_sdk/include//dynamixel_sdk/group_bulk_read.h
[0.391s] -- Up-to-date: /root/working/test_ws/yano_ws/install/dynamixel_sdk/include//dynamixel_sdk/protocol2_packet_handler.h
[0.391s] -- Up-to-date: /root/working/test_ws/yano_ws/install/dynamixel_sdk/include//dynamixel_sdk/group_bulk_write.h
[0.392s] -- Up-to-date: /root/working/test_ws/yano_ws/install/dynamixel_sdk/include//dynamixel_sdk/port_handler.h
[0.392s] -- Up-to-date: /root/working/test_ws/yano_ws/install/dynamixel_sdk/include//dynamixel_sdk/protocol1_packet_handler.h
[0.392s] -- Up-to-date: /root/working/test_ws/yano_ws/install/dynamixel_sdk/include//dynamixel_sdk/port_handler_linux.h
[0.393s] -- Up-to-date: /root/working/test_ws/yano_ws/install/dynamixel_sdk/include//dynamixel_sdk/group_sync_write.h
[0.393s] -- Up-to-date: /root/working/test_ws/yano_ws/install/dynamixel_sdk/include//dynamixel_sdk/port_handler_mac.h
[0.403s] -- Up-to-date: /root/working/test_ws/yano_ws/install/dynamixel_sdk/include//dynamixel_sdk/port_handler_arduino.h
[0.403s] -- Up-to-date: /root/working/test_ws/yano_ws/install/dynamixel_sdk/include//dynamixel_sdk/group_fast_bulk_read.h
[0.403s] -- Up-to-date: /root/working/test_ws/yano_ws/install/dynamixel_sdk/include//dynamixel_sdk/dynamixel_sdk.h
[0.403s] -- Up-to-date: /root/working/test_ws/yano_ws/install/dynamixel_sdk/include//dynamixel_sdk/port_handler_windows.h
[0.403s] -- Up-to-date: /root/working/test_ws/yano_ws/install/dynamixel_sdk/include//dynamixel_sdk/packet_handler.h
[0.404s] -- Up-to-date: /root/working/test_ws/yano_ws/install/dynamixel_sdk/include//dynamixel_sdk/group_fast_sync_read.h
[0.406s] -- Up-to-date: /root/working/test_ws/yano_ws/install/dynamixel_sdk/include//dynamixel_sdk/group_sync_read.h
[0.407s] -- Up-to-date: /root/working/test_ws/yano_ws/install/dynamixel_sdk/lib/libdynamixel_sdk.so
[0.407s] -- Up-to-date: /root/working/test_ws/yano_ws/install/dynamixel_sdk/share/dynamixel_sdk/environment/library_path.sh
[0.407s] -- Up-to-date: /root/working/test_ws/yano_ws/install/dynamixel_sdk/share/dynamixel_sdk/environment/library_path.dsv
[0.421s] -- Up-to-date: /root/working/test_ws/yano_ws/install/dynamixel_sdk/share/ament_index/resource_index/package_run_dependencies/dynamixel_sdk
[0.421s] -- Up-to-date: /root/working/test_ws/yano_ws/install/dynamixel_sdk/share/ament_index/resource_index/parent_prefix_path/dynamixel_sdk
[0.421s] -- Up-to-date: /root/working/test_ws/yano_ws/install/dynamixel_sdk/share/dynamixel_sdk/environment/ament_prefix_path.sh
[0.421s] -- Up-to-date: /root/working/test_ws/yano_ws/install/dynamixel_sdk/share/dynamixel_sdk/environment/ament_prefix_path.dsv
[0.421s] -- Up-to-date: /root/working/test_ws/yano_ws/install/dynamixel_sdk/share/dynamixel_sdk/environment/path.sh
[0.430s] -- Up-to-date: /root/working/test_ws/yano_ws/install/dynamixel_sdk/share/dynamixel_sdk/environment/path.dsv
[0.431s] -- Up-to-date: /root/working/test_ws/yano_ws/install/dynamixel_sdk/share/dynamixel_sdk/local_setup.bash
[0.431s] -- Up-to-date: /root/working/test_ws/yano_ws/install/dynamixel_sdk/share/dynamixel_sdk/local_setup.sh
[0.431s] -- Up-to-date: /root/working/test_ws/yano_ws/install/dynamixel_sdk/share/dynamixel_sdk/local_setup.zsh
[0.431s] -- Up-to-date: /root/working/test_ws/yano_ws/install/dynamixel_sdk/share/dynamixel_sdk/local_setup.dsv
[0.431s] -- Installing: /root/working/test_ws/yano_ws/install/dynamixel_sdk/share/dynamixel_sdk/package.dsv
[0.431s] -- Up-to-date: /root/working/test_ws/yano_ws/install/dynamixel_sdk/share/ament_index/resource_index/packages/dynamixel_sdk
[0.432s] -- Up-to-date: /root/working/test_ws/yano_ws/install/dynamixel_sdk/share/dynamixel_sdk/cmake/ament_cmake_export_include_directories-extras.cmake
[0.432s] -- Up-to-date: /root/working/test_ws/yano_ws/install/dynamixel_sdk/share/dynamixel_sdk/cmake/ament_cmake_export_libraries-extras.cmake
[0.432s] -- Up-to-date: /root/working/test_ws/yano_ws/install/dynamixel_sdk/share/dynamixel_sdk/cmake/dynamixel_sdkConfig.cmake
[0.432s] -- Up-to-date: /root/working/test_ws/yano_ws/install/dynamixel_sdk/share/dynamixel_sdk/cmake/dynamixel_sdkConfig-version.cmake
[0.432s] -- Up-to-date: /root/working/test_ws/yano_ws/install/dynamixel_sdk/share/dynamixel_sdk/package.xml
[0.434s] Invoked command in '/root/working/test_ws/yano_ws/build/dynamixel_sdk' returned '0': /usr/bin/cmake --install /root/working/test_ws/yano_ws/build/dynamixel_sdk
