[0.065s] Invoking command in '/root/working/test_ws/yano_ws/build/dynamixel_sdk_examples': AMENT_PREFIX_PATH=${AMENT_PREFIX_PATH}/dynamixel_sdk_custom_interfaces:/root/working/test_ws/yano_ws/install/dynamixel_sdk:/root/working/test_ws/yano_ws/install CMAKE_PREFIX_PATH=${CMAKE_PREFIX_PATH}/dynamixel_sdk_custom_interfaces:/root/working/test_ws/yano_ws/install/dynamixel_sdk:/root/working/test_ws/yano_ws/install LD_LIBRARY_PATH=/root/working/test_ws/yano_ws/install/dynamixel_sdk_custom_interfaces/lib:/root/working/test_ws/yano_ws/install/dynamixel_sdk/lib:/root/working/test_ws/yano_ws/install/dynamixel_workbench_toolbox/lib:/root/working/test_ws/yano_ws/install/dynamixel_workbench_msgs/lib:/root/working/test_ws/yano_ws/install/custom_interfaces/lib:/root/working/rodep_ros2/yano_ws/install/custom_interfaces/lib:/opt/ros/humble/opt/rviz_ogre_vendor/lib:/opt/ros/humble/lib/x86_64-linux-gnu:/opt/ros/humble/lib /usr/bin/cmake --build /root/working/test_ws/yano_ws/build/dynamixel_sdk_examples -- -j4 -l4
[0.222s] [100%] Built target read_write_node
[0.277s] Invoked command in '/root/working/test_ws/yano_ws/build/dynamixel_sdk_examples' returned '0': AMENT_PREFIX_PATH=${AMENT_PREFIX_PATH}/dynamixel_sdk_custom_interfaces:/root/working/test_ws/yano_ws/install/dynamixel_sdk:/root/working/test_ws/yano_ws/install CMAKE_PREFIX_PATH=${CMAKE_PREFIX_PATH}/dynamixel_sdk_custom_interfaces:/root/working/test_ws/yano_ws/install/dynamixel_sdk:/root/working/test_ws/yano_ws/install LD_LIBRARY_PATH=/root/working/test_ws/yano_ws/install/dynamixel_sdk_custom_interfaces/lib:/root/working/test_ws/yano_ws/install/dynamixel_sdk/lib:/root/working/test_ws/yano_ws/install/dynamixel_workbench_toolbox/lib:/root/working/test_ws/yano_ws/install/dynamixel_workbench_msgs/lib:/root/working/test_ws/yano_ws/install/custom_interfaces/lib:/root/working/rodep_ros2/yano_ws/install/custom_interfaces/lib:/opt/ros/humble/opt/rviz_ogre_vendor/lib:/opt/ros/humble/lib/x86_64-linux-gnu:/opt/ros/humble/lib /usr/bin/cmake --build /root/working/test_ws/yano_ws/build/dynamixel_sdk_examples -- -j4 -l4
[0.283s] Invoking command in '/root/working/test_ws/yano_ws/build/dynamixel_sdk_examples': AMENT_PREFIX_PATH=${AMENT_PREFIX_PATH}/dynamixel_sdk_custom_interfaces:/root/working/test_ws/yano_ws/install/dynamixel_sdk:/root/working/test_ws/yano_ws/install CMAKE_PREFIX_PATH=${CMAKE_PREFIX_PATH}/dynamixel_sdk_custom_interfaces:/root/working/test_ws/yano_ws/install/dynamixel_sdk:/root/working/test_ws/yano_ws/install LD_LIBRARY_PATH=/root/working/test_ws/yano_ws/install/dynamixel_sdk_custom_interfaces/lib:/root/working/test_ws/yano_ws/install/dynamixel_sdk/lib:/root/working/test_ws/yano_ws/install/dynamixel_workbench_toolbox/lib:/root/working/test_ws/yano_ws/install/dynamixel_workbench_msgs/lib:/root/working/test_ws/yano_ws/install/custom_interfaces/lib:/root/working/rodep_ros2/yano_ws/install/custom_interfaces/lib:/opt/ros/humble/opt/rviz_ogre_vendor/lib:/opt/ros/humble/lib/x86_64-linux-gnu:/opt/ros/humble/lib /usr/bin/cmake --install /root/working/test_ws/yano_ws/build/dynamixel_sdk_examples
[0.296s] -- Install configuration: ""
[0.296s] -- Up-to-date: /root/working/test_ws/yano_ws/install/dynamixel_sdk_examples/lib/dynamixel_sdk_examples/read_write_node
[0.296s] -- Up-to-date: /root/working/test_ws/yano_ws/install/dynamixel_sdk_examples/share/ament_index/resource_index/package_run_dependencies/dynamixel_sdk_examples
[0.297s] -- Up-to-date: /root/working/test_ws/yano_ws/install/dynamixel_sdk_examples/share/ament_index/resource_index/parent_prefix_path/dynamixel_sdk_examples
[0.297s] -- Up-to-date: /root/working/test_ws/yano_ws/install/dynamixel_sdk_examples/share/dynamixel_sdk_examples/environment/ament_prefix_path.sh
[0.297s] -- Up-to-date: /root/working/test_ws/yano_ws/install/dynamixel_sdk_examples/share/dynamixel_sdk_examples/environment/ament_prefix_path.dsv
[0.298s] -- Up-to-date: /root/working/test_ws/yano_ws/install/dynamixel_sdk_examples/share/dynamixel_sdk_examples/environment/path.sh
[0.298s] -- Up-to-date: /root/working/test_ws/yano_ws/install/dynamixel_sdk_examples/share/dynamixel_sdk_examples/environment/path.dsv
[0.298s] -- Up-to-date: /root/working/test_ws/yano_ws/install/dynamixel_sdk_examples/share/dynamixel_sdk_examples/local_setup.bash
[0.298s] -- Up-to-date: /root/working/test_ws/yano_ws/install/dynamixel_sdk_examples/share/dynamixel_sdk_examples/local_setup.sh
[0.298s] -- Up-to-date: /root/working/test_ws/yano_ws/install/dynamixel_sdk_examples/share/dynamixel_sdk_examples/local_setup.zsh
[0.298s] -- Up-to-date: /root/working/test_ws/yano_ws/install/dynamixel_sdk_examples/share/dynamixel_sdk_examples/local_setup.dsv
[0.299s] -- Installing: /root/working/test_ws/yano_ws/install/dynamixel_sdk_examples/share/dynamixel_sdk_examples/package.dsv
[0.299s] -- Up-to-date: /root/working/test_ws/yano_ws/install/dynamixel_sdk_examples/share/ament_index/resource_index/packages/dynamixel_sdk_examples
[0.299s] -- Up-to-date: /root/working/test_ws/yano_ws/install/dynamixel_sdk_examples/share/dynamixel_sdk_examples/cmake/dynamixel_sdk_examplesConfig.cmake
[0.299s] -- Up-to-date: /root/working/test_ws/yano_ws/install/dynamixel_sdk_examples/share/dynamixel_sdk_examples/cmake/dynamixel_sdk_examplesConfig-version.cmake
[0.299s] -- Up-to-date: /root/working/test_ws/yano_ws/install/dynamixel_sdk_examples/share/dynamixel_sdk_examples/package.xml
[0.320s] Invoked command in '/root/working/test_ws/yano_ws/build/dynamixel_sdk_examples' returned '0': AMENT_PREFIX_PATH=${AMENT_PREFIX_PATH}/dynamixel_sdk_custom_interfaces:/root/working/test_ws/yano_ws/install/dynamixel_sdk:/root/working/test_ws/yano_ws/install CMAKE_PREFIX_PATH=${CMAKE_PREFIX_PATH}/dynamixel_sdk_custom_interfaces:/root/working/test_ws/yano_ws/install/dynamixel_sdk:/root/working/test_ws/yano_ws/install LD_LIBRARY_PATH=/root/working/test_ws/yano_ws/install/dynamixel_sdk_custom_interfaces/lib:/root/working/test_ws/yano_ws/install/dynamixel_sdk/lib:/root/working/test_ws/yano_ws/install/dynamixel_workbench_toolbox/lib:/root/working/test_ws/yano_ws/install/dynamixel_workbench_msgs/lib:/root/working/test_ws/yano_ws/install/custom_interfaces/lib:/root/working/rodep_ros2/yano_ws/install/custom_interfaces/lib:/opt/ros/humble/opt/rviz_ogre_vendor/lib:/opt/ros/humble/lib/x86_64-linux-gnu:/opt/ros/humble/lib /usr/bin/cmake --install /root/working/test_ws/yano_ws/build/dynamixel_sdk_examples
