[0.037s] Invoking command in '/root/working/test_ws/yano_ws/build/driver': AMENT_PREFIX_PATH=/root/working/test_ws/yano_ws/install/custom_interfaces:${AMENT_PREFIX_PATH} CMAKE_PREFIX_PATH=/root/working/test_ws/yano_ws/install/custom_interfaces:/opt/ros/humble LD_LIBRARY_PATH=/root/working/test_ws/yano_ws/install/custom_interfaces/lib:${LD_LIBRARY_PATH} PYTHONPATH=/root/working/test_ws/yano_ws/install/custom_interfaces/local/lib/python3.10/dist-packages:${PYTHONPATH} /usr/bin/cmake --build /root/working/test_ws/yano_ws/build/driver -- -j4 -l4
[0.089s] -- Found ament_cmake: 1.3.11 (/opt/ros/humble/share/ament_cmake/cmake)
[0.381s] -- Found rclcpp: 16.0.11 (/opt/ros/humble/share/rclcpp/cmake)
[0.462s] -- Found rosidl_generator_c: 3.1.6 (/opt/ros/humble/share/rosidl_generator_c/cmake)
[0.468s] -- Found rosidl_adapter: 3.1.6 (/opt/ros/humble/share/rosidl_adapter/cmake)
[0.481s] -- Found rosidl_generator_cpp: 3.1.6 (/opt/ros/humble/share/rosidl_generator_cpp/cmake)
[0.518s] -- Using all available rosidl_typesupport_c: rosidl_typesupport_fastrtps_c;rosidl_typesupport_introspection_c
[0.553s] -- Using all available rosidl_typesupport_cpp: rosidl_typesupport_fastrtps_cpp;rosidl_typesupport_introspection_cpp
[0.644s] -- Found rmw_implementation_cmake: 6.1.2 (/opt/ros/humble/share/rmw_implementation_cmake/cmake)
[0.647s] -- Found rmw_fastrtps_cpp: 6.2.7 (/opt/ros/humble/share/rmw_fastrtps_cpp/cmake)
[0.910s] -- Using RMW implementation 'rmw_fastrtps_cpp' as default
[1.039s] -- Found geometry_msgs: 4.2.4 (/opt/ros/humble/share/geometry_msgs/cmake)
[1.102s] -- Found custom_interfaces: 0.0.0 (/root/working/test_ws/yano_ws/install/custom_interfaces/share/custom_interfaces/cmake)
[1.102s] -- Found ament_lint_auto: 0.12.11 (/opt/ros/humble/share/ament_lint_auto/cmake)
[1.286s] -- Added test 'cppcheck' to perform static code analysis on C / C++ code
[1.286s] -- Configured cppcheck include dirs: 
[1.286s] -- Configured cppcheck exclude dirs and/or files: 
[1.288s] -- Added test 'lint_cmake' to check CMake code style
[1.290s] -- Added test 'uncrustify' to check C / C++ code style
[1.290s] -- Configured uncrustify additional arguments: 
[1.291s] -- Added test 'xmllint' to check XML markup files
[1.293s] -- Configuring done
[1.322s] -- Generating done
[1.333s] -- Build files have been written to: /root/working/test_ws/yano_ws/build/driver
[1.387s] [35m[1mConsolidate compiler generated dependencies of target driver_node[0m
[1.456s] [ 50%] [32mBuilding CXX object CMakeFiles/driver_node.dir/src/driver.cpp.o[0m
[20.989s] [100%] [32m[1mLinking CXX executable driver_node[0m
[21.892s] [100%] Built target driver_node
[21.907s] Invoked command in '/root/working/test_ws/yano_ws/build/driver' returned '0': AMENT_PREFIX_PATH=/root/working/test_ws/yano_ws/install/custom_interfaces:${AMENT_PREFIX_PATH} CMAKE_PREFIX_PATH=/root/working/test_ws/yano_ws/install/custom_interfaces:/opt/ros/humble LD_LIBRARY_PATH=/root/working/test_ws/yano_ws/install/custom_interfaces/lib:${LD_LIBRARY_PATH} PYTHONPATH=/root/working/test_ws/yano_ws/install/custom_interfaces/local/lib/python3.10/dist-packages:${PYTHONPATH} /usr/bin/cmake --build /root/working/test_ws/yano_ws/build/driver -- -j4 -l4
[21.909s] Invoking command in '/root/working/test_ws/yano_ws/build/driver': AMENT_PREFIX_PATH=/root/working/test_ws/yano_ws/install/custom_interfaces:${AMENT_PREFIX_PATH} CMAKE_PREFIX_PATH=/root/working/test_ws/yano_ws/install/custom_interfaces:/opt/ros/humble LD_LIBRARY_PATH=/root/working/test_ws/yano_ws/install/custom_interfaces/lib:${LD_LIBRARY_PATH} PYTHONPATH=/root/working/test_ws/yano_ws/install/custom_interfaces/local/lib/python3.10/dist-packages:${PYTHONPATH} /usr/bin/cmake --install /root/working/test_ws/yano_ws/build/driver
[21.919s] -- Install configuration: ""
[21.920s] -- Installing: /root/working/test_ws/yano_ws/install/driver/lib/driver/driver_node
[21.928s] -- Set runtime path of "/root/working/test_ws/yano_ws/install/driver/lib/driver/driver_node" to ""
[21.928s] -- Up-to-date: /root/working/test_ws/yano_ws/install/driver/share/ament_index/resource_index/package_run_dependencies/driver
[21.929s] -- Up-to-date: /root/working/test_ws/yano_ws/install/driver/share/ament_index/resource_index/parent_prefix_path/driver
[21.929s] -- Installing: /root/working/test_ws/yano_ws/install/driver/share/driver/environment/ament_prefix_path.sh
[21.929s] -- Installing: /root/working/test_ws/yano_ws/install/driver/share/driver/environment/ament_prefix_path.dsv
[21.929s] -- Installing: /root/working/test_ws/yano_ws/install/driver/share/driver/environment/path.sh
[21.930s] -- Installing: /root/working/test_ws/yano_ws/install/driver/share/driver/environment/path.dsv
[21.930s] -- Up-to-date: /root/working/test_ws/yano_ws/install/driver/share/driver/local_setup.bash
[21.930s] -- Up-to-date: /root/working/test_ws/yano_ws/install/driver/share/driver/local_setup.sh
[21.930s] -- Up-to-date: /root/working/test_ws/yano_ws/install/driver/share/driver/local_setup.zsh
[21.931s] -- Installing: /root/working/test_ws/yano_ws/install/driver/share/driver/local_setup.dsv
[21.931s] -- Installing: /root/working/test_ws/yano_ws/install/driver/share/driver/package.dsv
[21.931s] -- Up-to-date: /root/working/test_ws/yano_ws/install/driver/share/ament_index/resource_index/packages/driver
[21.931s] -- Up-to-date: /root/working/test_ws/yano_ws/install/driver/share/driver/cmake/driverConfig.cmake
[21.931s] -- Up-to-date: /root/working/test_ws/yano_ws/install/driver/share/driver/cmake/driverConfig-version.cmake
[21.931s] -- Up-to-date: /root/working/test_ws/yano_ws/install/driver/share/driver/package.xml
[21.934s] Invoked command in '/root/working/test_ws/yano_ws/build/driver' returned '0': AMENT_PREFIX_PATH=/root/working/test_ws/yano_ws/install/custom_interfaces:${AMENT_PREFIX_PATH} CMAKE_PREFIX_PATH=/root/working/test_ws/yano_ws/install/custom_interfaces:/opt/ros/humble LD_LIBRARY_PATH=/root/working/test_ws/yano_ws/install/custom_interfaces/lib:${LD_LIBRARY_PATH} PYTHONPATH=/root/working/test_ws/yano_ws/install/custom_interfaces/local/lib/python3.10/dist-packages:${PYTHONPATH} /usr/bin/cmake --install /root/working/test_ws/yano_ws/build/driver
