[0.033s] Invoking command in '/root/working/test_ws/yano_ws/build/custom_interfaces': CMAKE_PREFIX_PATH=${CMAKE_PREFIX_PATH}:/opt/ros/humble /usr/bin/cmake --build /root/working/test_ws/yano_ws/build/custom_interfaces -- -j4 -l4
[0.147s] [  2%] Built target custom_interfaces__cpp
[0.152s] [ 12%] Built target custom_interfaces__rosidl_generator_c
[0.201s] [ 23%] Built target custom_interfaces__rosidl_typesupport_cpp
[0.211s] [ 23%] Built target ament_cmake_python_copy_custom_interfaces
[0.236s] [ 33%] Built target custom_interfaces__rosidl_typesupport_fastrtps_cpp
[0.242s] [ 43%] Built target custom_interfaces__rosidl_typesupport_introspection_cpp
[0.281s] [ 53%] Built target custom_interfaces__rosidl_typesupport_fastrtps_c
[0.284s] [ 64%] Built target custom_interfaces__rosidl_typesupport_introspection_c
[0.305s] [ 74%] Built target custom_interfaces__rosidl_typesupport_c
[0.361s] [ 74%] Built target custom_interfaces
[0.417s] [ 76%] Built target custom_interfaces__py
[0.466s] [ 84%] Built target custom_interfaces__rosidl_generator_py
[0.530s] [ 89%] Built target custom_interfaces__rosidl_typesupport_introspection_c__pyext
[0.539s] [ 94%] Built target custom_interfaces__rosidl_typesupport_fastrtps_c__pyext
[0.548s] [100%] Built target custom_interfaces__rosidl_typesupport_c__pyext
[0.741s] running egg_info
[0.742s] writing custom_interfaces.egg-info/PKG-INFO
[0.743s] writing dependency_links to custom_interfaces.egg-info/dependency_links.txt
[0.743s] writing top-level names to custom_interfaces.egg-info/top_level.txt
[0.747s] reading manifest file 'custom_interfaces.egg-info/SOURCES.txt'
[0.748s] writing manifest file 'custom_interfaces.egg-info/SOURCES.txt'
[0.790s] [100%] Built target ament_cmake_python_build_custom_interfaces_egg
[0.809s] Invoked command in '/root/working/test_ws/yano_ws/build/custom_interfaces' returned '0': CMAKE_PREFIX_PATH=${CMAKE_PREFIX_PATH}:/opt/ros/humble /usr/bin/cmake --build /root/working/test_ws/yano_ws/build/custom_interfaces -- -j4 -l4
[0.810s] Invoking command in '/root/working/test_ws/yano_ws/build/custom_interfaces': CMAKE_PREFIX_PATH=${CMAKE_PREFIX_PATH}:/opt/ros/humble /usr/bin/cmake --install /root/working/test_ws/yano_ws/build/custom_interfaces
[0.824s] -- Install configuration: ""
[0.825s] -- Up-to-date: /root/working/test_ws/yano_ws/install/custom_interfaces/share/ament_index/resource_index/rosidl_interfaces/custom_interfaces
[0.825s] -- Up-to-date: /root/working/test_ws/yano_ws/install/custom_interfaces/include/custom_interfaces/custom_interfaces
[0.825s] -- Up-to-date: /root/working/test_ws/yano_ws/install/custom_interfaces/include/custom_interfaces/custom_interfaces/srv
[0.826s] -- Up-to-date: /root/working/test_ws/yano_ws/install/custom_interfaces/include/custom_interfaces/custom_interfaces/srv/detail
[0.826s] -- Up-to-date: /root/working/test_ws/yano_ws/install/custom_interfaces/include/custom_interfaces/custom_interfaces/srv/detail/set_mode__struct.h
[0.826s] -- Up-to-date: /root/working/test_ws/yano_ws/install/custom_interfaces/include/custom_interfaces/custom_interfaces/srv/detail/set_mode__functions.h
[0.826s] -- Up-to-date: /root/working/test_ws/yano_ws/install/custom_interfaces/include/custom_interfaces/custom_interfaces/srv/detail/set_mode__functions.c
[0.826s] -- Up-to-date: /root/working/test_ws/yano_ws/install/custom_interfaces/include/custom_interfaces/custom_interfaces/srv/detail/set_mode__type_support.h
[0.826s] -- Up-to-date: /root/working/test_ws/yano_ws/install/custom_interfaces/include/custom_interfaces/custom_interfaces/srv/set_mode.h
[0.826s] -- Up-to-date: /root/working/test_ws/yano_ws/install/custom_interfaces/include/custom_interfaces/custom_interfaces/msg
[0.826s] -- Up-to-date: /root/working/test_ws/yano_ws/install/custom_interfaces/include/custom_interfaces/custom_interfaces/msg/rosidl_generator_c__visibility_control.h
[0.827s] -- Up-to-date: /root/working/test_ws/yano_ws/install/custom_interfaces/include/custom_interfaces/custom_interfaces/msg/detail
[0.827s] -- Up-to-date: /root/working/test_ws/yano_ws/install/custom_interfaces/include/custom_interfaces/custom_interfaces/msg/detail/driver_velocity__type_support.h
[0.827s] -- Up-to-date: /root/working/test_ws/yano_ws/install/custom_interfaces/include/custom_interfaces/custom_interfaces/msg/detail/driver_velocity__functions.h
[0.827s] -- Up-to-date: /root/working/test_ws/yano_ws/install/custom_interfaces/include/custom_interfaces/custom_interfaces/msg/detail/driver_velocity__functions.c
[0.827s] -- Up-to-date: /root/working/test_ws/yano_ws/install/custom_interfaces/include/custom_interfaces/custom_interfaces/msg/detail/driver_velocity__struct.h
[0.827s] -- Up-to-date: /root/working/test_ws/yano_ws/install/custom_interfaces/include/custom_interfaces/custom_interfaces/msg/driver_velocity.h
[0.827s] -- Up-to-date: /root/working/test_ws/yano_ws/install/custom_interfaces/share/custom_interfaces/environment/library_path.sh
[0.828s] -- Up-to-date: /root/working/test_ws/yano_ws/install/custom_interfaces/share/custom_interfaces/environment/library_path.dsv
[0.828s] -- Up-to-date: /root/working/test_ws/yano_ws/install/custom_interfaces/lib/libcustom_interfaces__rosidl_generator_c.so
[0.828s] -- Up-to-date: /root/working/test_ws/yano_ws/install/custom_interfaces/include/custom_interfaces/custom_interfaces
[0.828s] -- Up-to-date: /root/working/test_ws/yano_ws/install/custom_interfaces/include/custom_interfaces/custom_interfaces/srv
[0.828s] -- Up-to-date: /root/working/test_ws/yano_ws/install/custom_interfaces/include/custom_interfaces/custom_interfaces/srv/detail
[0.828s] -- Up-to-date: /root/working/test_ws/yano_ws/install/custom_interfaces/include/custom_interfaces/custom_interfaces/srv/detail/set_mode__rosidl_typesupport_fastrtps_c.h
[0.828s] -- Up-to-date: /root/working/test_ws/yano_ws/install/custom_interfaces/include/custom_interfaces/custom_interfaces/msg
[0.829s] -- Up-to-date: /root/working/test_ws/yano_ws/install/custom_interfaces/include/custom_interfaces/custom_interfaces/msg/rosidl_typesupport_fastrtps_c__visibility_control.h
[0.829s] -- Up-to-date: /root/working/test_ws/yano_ws/install/custom_interfaces/include/custom_interfaces/custom_interfaces/msg/detail
[0.829s] -- Up-to-date: /root/working/test_ws/yano_ws/install/custom_interfaces/include/custom_interfaces/custom_interfaces/msg/detail/driver_velocity__rosidl_typesupport_fastrtps_c.h
[0.829s] -- Up-to-date: /root/working/test_ws/yano_ws/install/custom_interfaces/lib/libcustom_interfaces__rosidl_typesupport_fastrtps_c.so
[0.829s] -- Up-to-date: /root/working/test_ws/yano_ws/install/custom_interfaces/include/custom_interfaces/custom_interfaces
[0.829s] -- Up-to-date: /root/working/test_ws/yano_ws/install/custom_interfaces/include/custom_interfaces/custom_interfaces/srv
[0.829s] -- Up-to-date: /root/working/test_ws/yano_ws/install/custom_interfaces/include/custom_interfaces/custom_interfaces/srv/detail
[0.830s] -- Up-to-date: /root/working/test_ws/yano_ws/install/custom_interfaces/include/custom_interfaces/custom_interfaces/srv/detail/set_mode__type_support.c
[0.830s] -- Up-to-date: /root/working/test_ws/yano_ws/install/custom_interfaces/include/custom_interfaces/custom_interfaces/srv/detail/set_mode__rosidl_typesupport_introspection_c.h
[0.830s] -- Up-to-date: /root/working/test_ws/yano_ws/install/custom_interfaces/include/custom_interfaces/custom_interfaces/msg
[0.830s] -- Up-to-date: /root/working/test_ws/yano_ws/install/custom_interfaces/include/custom_interfaces/custom_interfaces/msg/detail
[0.830s] -- Up-to-date: /root/working/test_ws/yano_ws/install/custom_interfaces/include/custom_interfaces/custom_interfaces/msg/detail/driver_velocity__type_support.c
[0.830s] -- Up-to-date: /root/working/test_ws/yano_ws/install/custom_interfaces/include/custom_interfaces/custom_interfaces/msg/detail/driver_velocity__rosidl_typesupport_introspection_c.h
[0.830s] -- Up-to-date: /root/working/test_ws/yano_ws/install/custom_interfaces/include/custom_interfaces/custom_interfaces/msg/rosidl_typesupport_introspection_c__visibility_control.h
[0.831s] -- Up-to-date: /root/working/test_ws/yano_ws/install/custom_interfaces/lib/libcustom_interfaces__rosidl_typesupport_introspection_c.so
[0.831s] -- Up-to-date: /root/working/test_ws/yano_ws/install/custom_interfaces/lib/libcustom_interfaces__rosidl_typesupport_c.so
[0.831s] -- Up-to-date: /root/working/test_ws/yano_ws/install/custom_interfaces/include/custom_interfaces/custom_interfaces
[0.831s] -- Up-to-date: /root/working/test_ws/yano_ws/install/custom_interfaces/include/custom_interfaces/custom_interfaces/srv
[0.831s] -- Up-to-date: /root/working/test_ws/yano_ws/install/custom_interfaces/include/custom_interfaces/custom_interfaces/srv/detail
[0.831s] -- Up-to-date: /root/working/test_ws/yano_ws/install/custom_interfaces/include/custom_interfaces/custom_interfaces/srv/detail/set_mode__builder.hpp
[0.831s] -- Up-to-date: /root/working/test_ws/yano_ws/install/custom_interfaces/include/custom_interfaces/custom_interfaces/srv/detail/set_mode__traits.hpp
[0.832s] -- Up-to-date: /root/working/test_ws/yano_ws/install/custom_interfaces/include/custom_interfaces/custom_interfaces/srv/detail/set_mode__struct.hpp
[0.832s] -- Up-to-date: /root/working/test_ws/yano_ws/install/custom_interfaces/include/custom_interfaces/custom_interfaces/srv/detail/set_mode__type_support.hpp
[0.832s] -- Up-to-date: /root/working/test_ws/yano_ws/install/custom_interfaces/include/custom_interfaces/custom_interfaces/srv/set_mode.hpp
[0.832s] -- Up-to-date: /root/working/test_ws/yano_ws/install/custom_interfaces/include/custom_interfaces/custom_interfaces/msg
[0.832s] -- Up-to-date: /root/working/test_ws/yano_ws/install/custom_interfaces/include/custom_interfaces/custom_interfaces/msg/rosidl_generator_cpp__visibility_control.hpp
[0.832s] -- Up-to-date: /root/working/test_ws/yano_ws/install/custom_interfaces/include/custom_interfaces/custom_interfaces/msg/driver_velocity.hpp
[0.832s] -- Up-to-date: /root/working/test_ws/yano_ws/install/custom_interfaces/include/custom_interfaces/custom_interfaces/msg/detail
[0.832s] -- Up-to-date: /root/working/test_ws/yano_ws/install/custom_interfaces/include/custom_interfaces/custom_interfaces/msg/detail/driver_velocity__struct.hpp
[0.833s] -- Up-to-date: /root/working/test_ws/yano_ws/install/custom_interfaces/include/custom_interfaces/custom_interfaces/msg/detail/driver_velocity__type_support.hpp
[0.833s] -- Up-to-date: /root/working/test_ws/yano_ws/install/custom_interfaces/include/custom_interfaces/custom_interfaces/msg/detail/driver_velocity__builder.hpp
[0.833s] -- Up-to-date: /root/working/test_ws/yano_ws/install/custom_interfaces/include/custom_interfaces/custom_interfaces/msg/detail/driver_velocity__traits.hpp
[0.833s] -- Up-to-date: /root/working/test_ws/yano_ws/install/custom_interfaces/include/custom_interfaces/custom_interfaces
[0.833s] -- Up-to-date: /root/working/test_ws/yano_ws/install/custom_interfaces/include/custom_interfaces/custom_interfaces/srv
[0.833s] -- Up-to-date: /root/working/test_ws/yano_ws/install/custom_interfaces/include/custom_interfaces/custom_interfaces/srv/detail
[0.833s] -- Up-to-date: /root/working/test_ws/yano_ws/install/custom_interfaces/include/custom_interfaces/custom_interfaces/srv/detail/dds_fastrtps
[0.833s] -- Up-to-date: /root/working/test_ws/yano_ws/install/custom_interfaces/include/custom_interfaces/custom_interfaces/srv/detail/set_mode__rosidl_typesupport_fastrtps_cpp.hpp
[0.833s] -- Up-to-date: /root/working/test_ws/yano_ws/install/custom_interfaces/include/custom_interfaces/custom_interfaces/msg
[0.833s] -- Up-to-date: /root/working/test_ws/yano_ws/install/custom_interfaces/include/custom_interfaces/custom_interfaces/msg/detail
[0.834s] -- Up-to-date: /root/working/test_ws/yano_ws/install/custom_interfaces/include/custom_interfaces/custom_interfaces/msg/detail/driver_velocity__rosidl_typesupport_fastrtps_cpp.hpp
[0.834s] -- Up-to-date: /root/working/test_ws/yano_ws/install/custom_interfaces/include/custom_interfaces/custom_interfaces/msg/detail/dds_fastrtps
[0.834s] -- Up-to-date: /root/working/test_ws/yano_ws/install/custom_interfaces/include/custom_interfaces/custom_interfaces/msg/rosidl_typesupport_fastrtps_cpp__visibility_control.h
[0.834s] -- Up-to-date: /root/working/test_ws/yano_ws/install/custom_interfaces/lib/libcustom_interfaces__rosidl_typesupport_fastrtps_cpp.so
[0.834s] -- Up-to-date: /root/working/test_ws/yano_ws/install/custom_interfaces/include/custom_interfaces/custom_interfaces
[0.834s] -- Up-to-date: /root/working/test_ws/yano_ws/install/custom_interfaces/include/custom_interfaces/custom_interfaces/srv
[0.835s] -- Up-to-date: /root/working/test_ws/yano_ws/install/custom_interfaces/include/custom_interfaces/custom_interfaces/srv/detail
[0.835s] -- Up-to-date: /root/working/test_ws/yano_ws/install/custom_interfaces/include/custom_interfaces/custom_interfaces/srv/detail/set_mode__type_support.cpp
[0.835s] -- Up-to-date: /root/working/test_ws/yano_ws/install/custom_interfaces/include/custom_interfaces/custom_interfaces/srv/detail/set_mode__rosidl_typesupport_introspection_cpp.hpp
[0.835s] -- Up-to-date: /root/working/test_ws/yano_ws/install/custom_interfaces/include/custom_interfaces/custom_interfaces/msg
[0.835s] -- Up-to-date: /root/working/test_ws/yano_ws/install/custom_interfaces/include/custom_interfaces/custom_interfaces/msg/detail
[0.835s] -- Up-to-date: /root/working/test_ws/yano_ws/install/custom_interfaces/include/custom_interfaces/custom_interfaces/msg/detail/driver_velocity__rosidl_typesupport_introspection_cpp.hpp
[0.835s] -- Up-to-date: /root/working/test_ws/yano_ws/install/custom_interfaces/include/custom_interfaces/custom_interfaces/msg/detail/driver_velocity__type_support.cpp
[0.835s] -- Up-to-date: /root/working/test_ws/yano_ws/install/custom_interfaces/lib/libcustom_interfaces__rosidl_typesupport_introspection_cpp.so
[0.836s] -- Up-to-date: /root/working/test_ws/yano_ws/install/custom_interfaces/lib/libcustom_interfaces__rosidl_typesupport_cpp.so
[0.836s] -- Up-to-date: /root/working/test_ws/yano_ws/install/custom_interfaces/share/custom_interfaces/environment/pythonpath.sh
[0.836s] -- Up-to-date: /root/working/test_ws/yano_ws/install/custom_interfaces/share/custom_interfaces/environment/pythonpath.dsv
[0.836s] -- Up-to-date: /root/working/test_ws/yano_ws/install/custom_interfaces/local/lib/python3.10/dist-packages/custom_interfaces-0.0.0-py3.10.egg-info
[0.836s] -- Installing: /root/working/test_ws/yano_ws/install/custom_interfaces/local/lib/python3.10/dist-packages/custom_interfaces-0.0.0-py3.10.egg-info/SOURCES.txt
[0.836s] -- Installing: /root/working/test_ws/yano_ws/install/custom_interfaces/local/lib/python3.10/dist-packages/custom_interfaces-0.0.0-py3.10.egg-info/top_level.txt
[0.836s] -- Installing: /root/working/test_ws/yano_ws/install/custom_interfaces/local/lib/python3.10/dist-packages/custom_interfaces-0.0.0-py3.10.egg-info/PKG-INFO
[0.836s] -- Installing: /root/working/test_ws/yano_ws/install/custom_interfaces/local/lib/python3.10/dist-packages/custom_interfaces-0.0.0-py3.10.egg-info/dependency_links.txt
[0.837s] -- Up-to-date: /root/working/test_ws/yano_ws/install/custom_interfaces/local/lib/python3.10/dist-packages/custom_interfaces
[0.837s] -- Up-to-date: /root/working/test_ws/yano_ws/install/custom_interfaces/local/lib/python3.10/dist-packages/custom_interfaces/_custom_interfaces_s.ep.rosidl_typesupport_fastrtps_c.c
[0.837s] -- Up-to-date: /root/working/test_ws/yano_ws/install/custom_interfaces/local/lib/python3.10/dist-packages/custom_interfaces/custom_interfaces_s__rosidl_typesupport_introspection_c.cpython-310-x86_64-linux-gnu.so
[0.837s] -- Up-to-date: /root/working/test_ws/yano_ws/install/custom_interfaces/local/lib/python3.10/dist-packages/custom_interfaces/srv
[0.837s] -- Up-to-date: /root/working/test_ws/yano_ws/install/custom_interfaces/local/lib/python3.10/dist-packages/custom_interfaces/srv/_set_mode.py
[0.837s] -- Up-to-date: /root/working/test_ws/yano_ws/install/custom_interfaces/local/lib/python3.10/dist-packages/custom_interfaces/srv/__init__.py
[0.838s] -- Up-to-date: /root/working/test_ws/yano_ws/install/custom_interfaces/local/lib/python3.10/dist-packages/custom_interfaces/srv/_set_mode_s.c
[0.838s] -- Up-to-date: /root/working/test_ws/yano_ws/install/custom_interfaces/local/lib/python3.10/dist-packages/custom_interfaces/custom_interfaces_s__rosidl_typesupport_c.cpython-310-x86_64-linux-gnu.so
[0.838s] -- Up-to-date: /root/working/test_ws/yano_ws/install/custom_interfaces/local/lib/python3.10/dist-packages/custom_interfaces/custom_interfaces_s__rosidl_typesupport_fastrtps_c.cpython-310-x86_64-linux-gnu.so
[0.838s] -- Up-to-date: /root/working/test_ws/yano_ws/install/custom_interfaces/local/lib/python3.10/dist-packages/custom_interfaces/msg
[0.838s] -- Up-to-date: /root/working/test_ws/yano_ws/install/custom_interfaces/local/lib/python3.10/dist-packages/custom_interfaces/msg/_driver_velocity_s.c
[0.838s] -- Up-to-date: /root/working/test_ws/yano_ws/install/custom_interfaces/local/lib/python3.10/dist-packages/custom_interfaces/msg/_driver_velocity.py
[0.838s] -- Up-to-date: /root/working/test_ws/yano_ws/install/custom_interfaces/local/lib/python3.10/dist-packages/custom_interfaces/msg/__init__.py
[0.838s] -- Up-to-date: /root/working/test_ws/yano_ws/install/custom_interfaces/local/lib/python3.10/dist-packages/custom_interfaces/__init__.py
[0.839s] -- Up-to-date: /root/working/test_ws/yano_ws/install/custom_interfaces/local/lib/python3.10/dist-packages/custom_interfaces/_custom_interfaces_s.ep.rosidl_typesupport_introspection_c.c
[0.839s] -- Up-to-date: /root/working/test_ws/yano_ws/install/custom_interfaces/local/lib/python3.10/dist-packages/custom_interfaces/_custom_interfaces_s.ep.rosidl_typesupport_c.c
[0.839s] -- Up-to-date: /root/working/test_ws/yano_ws/install/custom_interfaces/local/lib/python3.10/dist-packages/custom_interfaces/libcustom_interfaces__rosidl_generator_py.so
[0.892s] Listing '/root/working/test_ws/yano_ws/install/custom_interfaces/local/lib/python3.10/dist-packages/custom_interfaces'...
[0.892s] Listing '/root/working/test_ws/yano_ws/install/custom_interfaces/local/lib/python3.10/dist-packages/custom_interfaces/msg'...
[0.892s] Listing '/root/working/test_ws/yano_ws/install/custom_interfaces/local/lib/python3.10/dist-packages/custom_interfaces/srv'...
[0.900s] -- Up-to-date: /root/working/test_ws/yano_ws/install/custom_interfaces/local/lib/python3.10/dist-packages/custom_interfaces/custom_interfaces_s__rosidl_typesupport_fastrtps_c.cpython-310-x86_64-linux-gnu.so
[0.901s] -- Up-to-date: /root/working/test_ws/yano_ws/install/custom_interfaces/local/lib/python3.10/dist-packages/custom_interfaces/custom_interfaces_s__rosidl_typesupport_introspection_c.cpython-310-x86_64-linux-gnu.so
[0.901s] -- Up-to-date: /root/working/test_ws/yano_ws/install/custom_interfaces/local/lib/python3.10/dist-packages/custom_interfaces/custom_interfaces_s__rosidl_typesupport_c.cpython-310-x86_64-linux-gnu.so
[0.902s] -- Up-to-date: /root/working/test_ws/yano_ws/install/custom_interfaces/lib/libcustom_interfaces__rosidl_generator_py.so
[0.903s] -- Up-to-date: /root/working/test_ws/yano_ws/install/custom_interfaces/share/custom_interfaces/msg/DriverVelocity.idl
[0.903s] -- Up-to-date: /root/working/test_ws/yano_ws/install/custom_interfaces/share/custom_interfaces/srv/SetMode.idl
[0.903s] -- Up-to-date: /root/working/test_ws/yano_ws/install/custom_interfaces/share/custom_interfaces/msg/DriverVelocity.msg
[0.904s] -- Up-to-date: /root/working/test_ws/yano_ws/install/custom_interfaces/share/custom_interfaces/srv/SetMode.srv
[0.904s] -- Up-to-date: /root/working/test_ws/yano_ws/install/custom_interfaces/share/custom_interfaces/srv/SetMode_Request.msg
[0.904s] -- Up-to-date: /root/working/test_ws/yano_ws/install/custom_interfaces/share/custom_interfaces/srv/SetMode_Response.msg
[0.905s] -- Up-to-date: /root/working/test_ws/yano_ws/install/custom_interfaces/share/custom_interfaces/msg
[0.905s] -- Up-to-date: /root/working/test_ws/yano_ws/install/custom_interfaces/share/custom_interfaces/msg/DriverVelocity.msg
[0.905s] -- Up-to-date: /root/working/test_ws/yano_ws/install/custom_interfaces/share/ament_index/resource_index/package_run_dependencies/custom_interfaces
[0.905s] -- Up-to-date: /root/working/test_ws/yano_ws/install/custom_interfaces/share/ament_index/resource_index/parent_prefix_path/custom_interfaces
[0.906s] -- Up-to-date: /root/working/test_ws/yano_ws/install/custom_interfaces/share/custom_interfaces/environment/ament_prefix_path.sh
[0.906s] -- Up-to-date: /root/working/test_ws/yano_ws/install/custom_interfaces/share/custom_interfaces/environment/ament_prefix_path.dsv
[0.906s] -- Up-to-date: /root/working/test_ws/yano_ws/install/custom_interfaces/share/custom_interfaces/environment/path.sh
[0.907s] -- Up-to-date: /root/working/test_ws/yano_ws/install/custom_interfaces/share/custom_interfaces/environment/path.dsv
[0.907s] -- Up-to-date: /root/working/test_ws/yano_ws/install/custom_interfaces/share/custom_interfaces/local_setup.bash
[0.907s] -- Up-to-date: /root/working/test_ws/yano_ws/install/custom_interfaces/share/custom_interfaces/local_setup.sh
[0.908s] -- Up-to-date: /root/working/test_ws/yano_ws/install/custom_interfaces/share/custom_interfaces/local_setup.zsh
[0.908s] -- Up-to-date: /root/working/test_ws/yano_ws/install/custom_interfaces/share/custom_interfaces/local_setup.dsv
[0.908s] -- Installing: /root/working/test_ws/yano_ws/install/custom_interfaces/share/custom_interfaces/package.dsv
[0.908s] -- Up-to-date: /root/working/test_ws/yano_ws/install/custom_interfaces/share/ament_index/resource_index/packages/custom_interfaces
[0.908s] -- Up-to-date: /root/working/test_ws/yano_ws/install/custom_interfaces/share/custom_interfaces/cmake/export_custom_interfaces__rosidl_generator_cExport.cmake
[0.909s] -- Up-to-date: /root/working/test_ws/yano_ws/install/custom_interfaces/share/custom_interfaces/cmake/export_custom_interfaces__rosidl_generator_cExport-noconfig.cmake
[0.909s] -- Up-to-date: /root/working/test_ws/yano_ws/install/custom_interfaces/share/custom_interfaces/cmake/export_custom_interfaces__rosidl_typesupport_fastrtps_cExport.cmake
[0.909s] -- Up-to-date: /root/working/test_ws/yano_ws/install/custom_interfaces/share/custom_interfaces/cmake/export_custom_interfaces__rosidl_typesupport_fastrtps_cExport-noconfig.cmake
[0.909s] -- Up-to-date: /root/working/test_ws/yano_ws/install/custom_interfaces/share/custom_interfaces/cmake/custom_interfaces__rosidl_typesupport_introspection_cExport.cmake
[0.909s] -- Up-to-date: /root/working/test_ws/yano_ws/install/custom_interfaces/share/custom_interfaces/cmake/custom_interfaces__rosidl_typesupport_introspection_cExport-noconfig.cmake
[0.909s] -- Up-to-date: /root/working/test_ws/yano_ws/install/custom_interfaces/share/custom_interfaces/cmake/custom_interfaces__rosidl_typesupport_cExport.cmake
[0.909s] -- Up-to-date: /root/working/test_ws/yano_ws/install/custom_interfaces/share/custom_interfaces/cmake/custom_interfaces__rosidl_typesupport_cExport-noconfig.cmake
[0.910s] -- Up-to-date: /root/working/test_ws/yano_ws/install/custom_interfaces/share/custom_interfaces/cmake/export_custom_interfaces__rosidl_generator_cppExport.cmake
[0.910s] -- Up-to-date: /root/working/test_ws/yano_ws/install/custom_interfaces/share/custom_interfaces/cmake/export_custom_interfaces__rosidl_typesupport_fastrtps_cppExport.cmake
[0.910s] -- Up-to-date: /root/working/test_ws/yano_ws/install/custom_interfaces/share/custom_interfaces/cmake/export_custom_interfaces__rosidl_typesupport_fastrtps_cppExport-noconfig.cmake
[0.910s] -- Up-to-date: /root/working/test_ws/yano_ws/install/custom_interfaces/share/custom_interfaces/cmake/custom_interfaces__rosidl_typesupport_introspection_cppExport.cmake
[0.910s] -- Up-to-date: /root/working/test_ws/yano_ws/install/custom_interfaces/share/custom_interfaces/cmake/custom_interfaces__rosidl_typesupport_introspection_cppExport-noconfig.cmake
[0.910s] -- Up-to-date: /root/working/test_ws/yano_ws/install/custom_interfaces/share/custom_interfaces/cmake/custom_interfaces__rosidl_typesupport_cppExport.cmake
[0.910s] -- Up-to-date: /root/working/test_ws/yano_ws/install/custom_interfaces/share/custom_interfaces/cmake/custom_interfaces__rosidl_typesupport_cppExport-noconfig.cmake
[0.910s] -- Up-to-date: /root/working/test_ws/yano_ws/install/custom_interfaces/share/custom_interfaces/cmake/export_custom_interfaces__rosidl_generator_pyExport.cmake
[0.911s] -- Up-to-date: /root/working/test_ws/yano_ws/install/custom_interfaces/share/custom_interfaces/cmake/export_custom_interfaces__rosidl_generator_pyExport-noconfig.cmake
[0.911s] -- Up-to-date: /root/working/test_ws/yano_ws/install/custom_interfaces/share/custom_interfaces/cmake/rosidl_cmake-extras.cmake
[0.911s] -- Up-to-date: /root/working/test_ws/yano_ws/install/custom_interfaces/share/custom_interfaces/cmake/ament_cmake_export_include_directories-extras.cmake
[0.911s] -- Up-to-date: /root/working/test_ws/yano_ws/install/custom_interfaces/share/custom_interfaces/cmake/ament_cmake_export_libraries-extras.cmake
[0.911s] -- Up-to-date: /root/working/test_ws/yano_ws/install/custom_interfaces/share/custom_interfaces/cmake/ament_cmake_export_targets-extras.cmake
[0.911s] -- Up-to-date: /root/working/test_ws/yano_ws/install/custom_interfaces/share/custom_interfaces/cmake/rosidl_cmake_export_typesupport_targets-extras.cmake
[0.911s] -- Up-to-date: /root/working/test_ws/yano_ws/install/custom_interfaces/share/custom_interfaces/cmake/ament_cmake_export_dependencies-extras.cmake
[0.912s] -- Up-to-date: /root/working/test_ws/yano_ws/install/custom_interfaces/share/custom_interfaces/cmake/rosidl_cmake_export_typesupport_libraries-extras.cmake
[0.912s] -- Up-to-date: /root/working/test_ws/yano_ws/install/custom_interfaces/share/custom_interfaces/cmake/custom_interfacesConfig.cmake
[0.913s] -- Up-to-date: /root/working/test_ws/yano_ws/install/custom_interfaces/share/custom_interfaces/cmake/custom_interfacesConfig-version.cmake
[0.913s] -- Up-to-date: /root/working/test_ws/yano_ws/install/custom_interfaces/share/custom_interfaces/package.xml
[0.914s] Invoked command in '/root/working/test_ws/yano_ws/build/custom_interfaces' returned '0': CMAKE_PREFIX_PATH=${CMAKE_PREFIX_PATH}:/opt/ros/humble /usr/bin/cmake --install /root/working/test_ws/yano_ws/build/custom_interfaces
