[0.205s] DEBUG:colcon:Command line arguments: ['/usr/bin/colcon', 'build']
[0.205s] DEBUG:colcon:Parsed command line arguments: Namespace(log_base=None, log_level=None, verb_name='build', build_base='build', install_base='install', merge_install=False, symlink_install=False, test_result_base=None, continue_on_error=False, executor='parallel', parallel_workers=4, event_handlers=None, ignore_user_meta=False, metas=['./colcon.meta'], base_paths=['.'], packages_ignore=None, packages_ignore_regex=None, paths=None, packages_up_to=None, packages_up_to_regex=None, packages_above=None, packages_above_and_dependencies=None, packages_above_depth=None, packages_select_by_dep=None, packages_skip_by_dep=None, packages_skip_up_to=None, packages_select_build_failed=False, packages_skip_build_finished=False, packages_select_test_failures=False, packages_skip_test_passed=False, packages_select=None, packages_skip=None, packages_select_regex=None, packages_skip_regex=None, packages_start=None, packages_end=None, cmake_args=None, cmake_target=None, cmake_target_skip_unavailable=False, cmake_clean_cache=False, cmake_clean_first=False, cmake_force_configure=False, ament_cmake_args=None, catkin_cmake_args=None, catkin_skip_building_tests=False, mixin_files=None, mixin=None, verb_parser=<colcon_mixin.mixin.mixin_argument.MixinArgumentDecorator object at 0x739b774fef80>, verb_extension=<colcon_core.verb.build.BuildVerb object at 0x739b775dbf40>, main=<bound method BuildVerb.main of <colcon_core.verb.build.BuildVerb object at 0x739b775dbf40>>, mixin_verb=('build',))
[0.427s] Level 1:colcon.colcon_core.package_discovery:discover_packages(colcon_meta) check parameters
[0.428s] INFO:colcon.colcon_metadata.package_discovery.colcon_meta:Using configuration from '/root/.colcon/metadata/default/Gazebo.meta'
[0.429s] INFO:colcon.colcon_metadata.package_discovery.colcon_meta:Using configuration from '/root/.colcon/metadata/default/fastrtps.meta'
[0.429s] Level 1:colcon.colcon_core.package_discovery:discover_packages(recursive) check parameters
[0.429s] Level 1:colcon.colcon_core.package_discovery:discover_packages(ignore) check parameters
[0.429s] Level 1:colcon.colcon_core.package_discovery:discover_packages(path) check parameters
[0.429s] Level 1:colcon.colcon_core.package_discovery:discover_packages(colcon_meta) discover
[0.429s] Level 1:colcon.colcon_core.package_discovery:discover_packages(recursive) discover
[0.429s] INFO:colcon.colcon_core.package_discovery:Crawling recursively for packages in '/root/working/test_ws/yano_ws'
[0.430s] Level 1:colcon.colcon_core.package_identification:_identify(.) by extensions ['ignore', 'ignore_ament_install']
[0.430s] Level 1:colcon.colcon_core.package_identification:_identify(.) by extension 'ignore'
[0.430s] Level 1:colcon.colcon_core.package_identification:_identify(.) by extension 'ignore_ament_install'
[0.430s] Level 1:colcon.colcon_core.package_identification:_identify(.) by extensions ['colcon_pkg']
[0.430s] Level 1:colcon.colcon_core.package_identification:_identify(.) by extension 'colcon_pkg'
[0.430s] Level 1:colcon.colcon_core.package_identification:_identify(.) by extensions ['colcon_meta']
[0.430s] Level 1:colcon.colcon_core.package_identification:_identify(.) by extension 'colcon_meta'
[0.430s] Level 1:colcon.colcon_core.package_identification:_identify(.) by extensions ['ros']
[0.430s] Level 1:colcon.colcon_core.package_identification:_identify(.) by extension 'ros'
[0.447s] Level 1:colcon.colcon_core.package_identification:_identify(.) by extensions ['cmake', 'python']
[0.447s] Level 1:colcon.colcon_core.package_identification:_identify(.) by extension 'cmake'
[0.447s] Level 1:colcon.colcon_core.package_identification:_identify(.) by extension 'python'
[0.447s] Level 1:colcon.colcon_core.package_identification:_identify(.) by extensions ['python_setup_py']
[0.447s] Level 1:colcon.colcon_core.package_identification:_identify(.) by extension 'python_setup_py'
[0.447s] Level 1:colcon.colcon_core.package_identification:_identify(build) by extensions ['ignore', 'ignore_ament_install']
[0.447s] Level 1:colcon.colcon_core.package_identification:_identify(build) by extension 'ignore'
[0.448s] Level 1:colcon.colcon_core.package_identification:_identify(build) ignored
[0.448s] Level 1:colcon.colcon_core.package_identification:_identify(install) by extensions ['ignore', 'ignore_ament_install']
[0.448s] Level 1:colcon.colcon_core.package_identification:_identify(install) by extension 'ignore'
[0.448s] Level 1:colcon.colcon_core.package_identification:_identify(install) ignored
[0.448s] Level 1:colcon.colcon_core.package_identification:_identify(launch) by extensions ['ignore', 'ignore_ament_install']
[0.448s] Level 1:colcon.colcon_core.package_identification:_identify(launch) by extension 'ignore'
[0.448s] Level 1:colcon.colcon_core.package_identification:_identify(launch) by extension 'ignore_ament_install'
[0.448s] Level 1:colcon.colcon_core.package_identification:_identify(launch) by extensions ['colcon_pkg']
[0.448s] Level 1:colcon.colcon_core.package_identification:_identify(launch) by extension 'colcon_pkg'
[0.448s] Level 1:colcon.colcon_core.package_identification:_identify(launch) by extensions ['colcon_meta']
[0.448s] Level 1:colcon.colcon_core.package_identification:_identify(launch) by extension 'colcon_meta'
[0.448s] Level 1:colcon.colcon_core.package_identification:_identify(launch) by extensions ['ros']
[0.449s] Level 1:colcon.colcon_core.package_identification:_identify(launch) by extension 'ros'
[0.449s] Level 1:colcon.colcon_core.package_identification:_identify(launch) by extensions ['cmake', 'python']
[0.449s] Level 1:colcon.colcon_core.package_identification:_identify(launch) by extension 'cmake'
[0.449s] Level 1:colcon.colcon_core.package_identification:_identify(launch) by extension 'python'
[0.449s] Level 1:colcon.colcon_core.package_identification:_identify(launch) by extensions ['python_setup_py']
[0.449s] Level 1:colcon.colcon_core.package_identification:_identify(launch) by extension 'python_setup_py'
[0.449s] Level 1:colcon.colcon_core.package_identification:_identify(launch/__pycache__) by extensions ['ignore', 'ignore_ament_install']
[0.449s] Level 1:colcon.colcon_core.package_identification:_identify(launch/__pycache__) by extension 'ignore'
[0.449s] Level 1:colcon.colcon_core.package_identification:_identify(launch/__pycache__) by extension 'ignore_ament_install'
[0.449s] Level 1:colcon.colcon_core.package_identification:_identify(launch/__pycache__) by extensions ['colcon_pkg']
[0.449s] Level 1:colcon.colcon_core.package_identification:_identify(launch/__pycache__) by extension 'colcon_pkg'
[0.449s] Level 1:colcon.colcon_core.package_identification:_identify(launch/__pycache__) by extensions ['colcon_meta']
[0.450s] Level 1:colcon.colcon_core.package_identification:_identify(launch/__pycache__) by extension 'colcon_meta'
[0.450s] Level 1:colcon.colcon_core.package_identification:_identify(launch/__pycache__) by extensions ['ros']
[0.450s] Level 1:colcon.colcon_core.package_identification:_identify(launch/__pycache__) by extension 'ros'
[0.450s] Level 1:colcon.colcon_core.package_identification:_identify(launch/__pycache__) by extensions ['cmake', 'python']
[0.450s] Level 1:colcon.colcon_core.package_identification:_identify(launch/__pycache__) by extension 'cmake'
[0.450s] Level 1:colcon.colcon_core.package_identification:_identify(launch/__pycache__) by extension 'python'
[0.450s] Level 1:colcon.colcon_core.package_identification:_identify(launch/__pycache__) by extensions ['python_setup_py']
[0.450s] Level 1:colcon.colcon_core.package_identification:_identify(launch/__pycache__) by extension 'python_setup_py'
[0.450s] Level 1:colcon.colcon_core.package_identification:_identify(log) by extensions ['ignore', 'ignore_ament_install']
[0.450s] Level 1:colcon.colcon_core.package_identification:_identify(log) by extension 'ignore'
[0.450s] Level 1:colcon.colcon_core.package_identification:_identify(log) ignored
[0.450s] Level 1:colcon.colcon_core.package_identification:_identify(src) by extensions ['ignore', 'ignore_ament_install']
[0.450s] Level 1:colcon.colcon_core.package_identification:_identify(src) by extension 'ignore'
[0.451s] Level 1:colcon.colcon_core.package_identification:_identify(src) by extension 'ignore_ament_install'
[0.451s] Level 1:colcon.colcon_core.package_identification:_identify(src) by extensions ['colcon_pkg']
[0.451s] Level 1:colcon.colcon_core.package_identification:_identify(src) by extension 'colcon_pkg'
[0.451s] Level 1:colcon.colcon_core.package_identification:_identify(src) by extensions ['colcon_meta']
[0.451s] Level 1:colcon.colcon_core.package_identification:_identify(src) by extension 'colcon_meta'
[0.451s] Level 1:colcon.colcon_core.package_identification:_identify(src) by extensions ['ros']
[0.451s] Level 1:colcon.colcon_core.package_identification:_identify(src) by extension 'ros'
[0.451s] Level 1:colcon.colcon_core.package_identification:_identify(src) by extensions ['cmake', 'python']
[0.451s] Level 1:colcon.colcon_core.package_identification:_identify(src) by extension 'cmake'
[0.451s] Level 1:colcon.colcon_core.package_identification:_identify(src) by extension 'python'
[0.451s] Level 1:colcon.colcon_core.package_identification:_identify(src) by extensions ['python_setup_py']
[0.451s] Level 1:colcon.colcon_core.package_identification:_identify(src) by extension 'python_setup_py'
[0.451s] Level 1:colcon.colcon_core.package_identification:_identify(src/DynamixelSDK) by extensions ['ignore', 'ignore_ament_install']
[0.452s] Level 1:colcon.colcon_core.package_identification:_identify(src/DynamixelSDK) by extension 'ignore'
[0.452s] Level 1:colcon.colcon_core.package_identification:_identify(src/DynamixelSDK) by extension 'ignore_ament_install'
[0.452s] Level 1:colcon.colcon_core.package_identification:_identify(src/DynamixelSDK) by extensions ['colcon_pkg']
[0.452s] Level 1:colcon.colcon_core.package_identification:_identify(src/DynamixelSDK) by extension 'colcon_pkg'
[0.452s] Level 1:colcon.colcon_core.package_identification:_identify(src/DynamixelSDK) by extensions ['colcon_meta']
[0.452s] Level 1:colcon.colcon_core.package_identification:_identify(src/DynamixelSDK) by extension 'colcon_meta'
[0.452s] Level 1:colcon.colcon_core.package_identification:_identify(src/DynamixelSDK) by extensions ['ros']
[0.452s] Level 1:colcon.colcon_core.package_identification:_identify(src/DynamixelSDK) by extension 'ros'
[0.452s] Level 1:colcon.colcon_core.package_identification:_identify(src/DynamixelSDK) by extensions ['cmake', 'python']
[0.452s] Level 1:colcon.colcon_core.package_identification:_identify(src/DynamixelSDK) by extension 'cmake'
[0.452s] Level 1:colcon.colcon_core.package_identification:_identify(src/DynamixelSDK) by extension 'python'
[0.452s] Level 1:colcon.colcon_core.package_identification:_identify(src/DynamixelSDK) by extensions ['python_setup_py']
[0.452s] Level 1:colcon.colcon_core.package_identification:_identify(src/DynamixelSDK) by extension 'python_setup_py'
[0.453s] Level 1:colcon.colcon_core.package_identification:_identify(src/crawler_driver) by extensions ['ignore', 'ignore_ament_install']
[0.453s] Level 1:colcon.colcon_core.package_identification:_identify(src/crawler_driver) by extension 'ignore'
[0.453s] Level 1:colcon.colcon_core.package_identification:_identify(src/crawler_driver) by extension 'ignore_ament_install'
[0.453s] Level 1:colcon.colcon_core.package_identification:_identify(src/crawler_driver) by extensions ['colcon_pkg']
[0.453s] Level 1:colcon.colcon_core.package_identification:_identify(src/crawler_driver) by extension 'colcon_pkg'
[0.453s] Level 1:colcon.colcon_core.package_identification:_identify(src/crawler_driver) by extensions ['colcon_meta']
[0.453s] Level 1:colcon.colcon_core.package_identification:_identify(src/crawler_driver) by extension 'colcon_meta'
[0.453s] Level 1:colcon.colcon_core.package_identification:_identify(src/crawler_driver) by extensions ['ros']
[0.453s] Level 1:colcon.colcon_core.package_identification:_identify(src/crawler_driver) by extension 'ros'
[0.458s] DEBUG:colcon.colcon_core.package_identification:Package 'src/crawler_driver' with type 'ros.ament_cmake' and name 'crawler_driver'
[0.458s] Level 1:colcon.colcon_core.package_identification:_identify(src/custom_interfaces) by extensions ['ignore', 'ignore_ament_install']
[0.458s] Level 1:colcon.colcon_core.package_identification:_identify(src/custom_interfaces) by extension 'ignore'
[0.459s] Level 1:colcon.colcon_core.package_identification:_identify(src/custom_interfaces) by extension 'ignore_ament_install'
[0.459s] Level 1:colcon.colcon_core.package_identification:_identify(src/custom_interfaces) by extensions ['colcon_pkg']
[0.459s] Level 1:colcon.colcon_core.package_identification:_identify(src/custom_interfaces) by extension 'colcon_pkg'
[0.459s] Level 1:colcon.colcon_core.package_identification:_identify(src/custom_interfaces) by extensions ['colcon_meta']
[0.459s] Level 1:colcon.colcon_core.package_identification:_identify(src/custom_interfaces) by extension 'colcon_meta'
[0.459s] Level 1:colcon.colcon_core.package_identification:_identify(src/custom_interfaces) by extensions ['ros']
[0.459s] Level 1:colcon.colcon_core.package_identification:_identify(src/custom_interfaces) by extension 'ros'
[0.460s] DEBUG:colcon.colcon_core.package_identification:Package 'src/custom_interfaces' with type 'ros.ament_cmake' and name 'custom_interfaces'
[0.460s] Level 1:colcon.colcon_core.package_identification:_identify(src/dynamixel-workbench) by extensions ['ignore', 'ignore_ament_install']
[0.460s] Level 1:colcon.colcon_core.package_identification:_identify(src/dynamixel-workbench) by extension 'ignore'
[0.460s] Level 1:colcon.colcon_core.package_identification:_identify(src/dynamixel-workbench) by extension 'ignore_ament_install'
[0.460s] Level 1:colcon.colcon_core.package_identification:_identify(src/dynamixel-workbench) by extensions ['colcon_pkg']
[0.460s] Level 1:colcon.colcon_core.package_identification:_identify(src/dynamixel-workbench) by extension 'colcon_pkg'
[0.461s] Level 1:colcon.colcon_core.package_identification:_identify(src/dynamixel-workbench) by extensions ['colcon_meta']
[0.461s] Level 1:colcon.colcon_core.package_identification:_identify(src/dynamixel-workbench) by extension 'colcon_meta'
[0.461s] Level 1:colcon.colcon_core.package_identification:_identify(src/dynamixel-workbench) by extensions ['ros']
[0.461s] Level 1:colcon.colcon_core.package_identification:_identify(src/dynamixel-workbench) by extension 'ros'
[0.461s] Level 1:colcon.colcon_core.package_identification:_identify(src/dynamixel-workbench) by extensions ['cmake', 'python']
[0.461s] Level 1:colcon.colcon_core.package_identification:_identify(src/dynamixel-workbench) by extension 'cmake'
[0.461s] Level 1:colcon.colcon_core.package_identification:_identify(src/dynamixel-workbench) by extension 'python'
[0.461s] Level 1:colcon.colcon_core.package_identification:_identify(src/dynamixel-workbench) by extensions ['python_setup_py']
[0.461s] Level 1:colcon.colcon_core.package_identification:_identify(src/dynamixel-workbench) by extension 'python_setup_py'
[0.461s] Level 1:colcon.colcon_core.package_identification:_identify(src/dynamixel-workbench-msgs) by extensions ['ignore', 'ignore_ament_install']
[0.461s] Level 1:colcon.colcon_core.package_identification:_identify(src/dynamixel-workbench-msgs) by extension 'ignore'
[0.461s] Level 1:colcon.colcon_core.package_identification:_identify(src/dynamixel-workbench-msgs) by extension 'ignore_ament_install'
[0.461s] Level 1:colcon.colcon_core.package_identification:_identify(src/dynamixel-workbench-msgs) by extensions ['colcon_pkg']
[0.462s] Level 1:colcon.colcon_core.package_identification:_identify(src/dynamixel-workbench-msgs) by extension 'colcon_pkg'
[0.462s] Level 1:colcon.colcon_core.package_identification:_identify(src/dynamixel-workbench-msgs) by extensions ['colcon_meta']
[0.462s] Level 1:colcon.colcon_core.package_identification:_identify(src/dynamixel-workbench-msgs) by extension 'colcon_meta'
[0.462s] Level 1:colcon.colcon_core.package_identification:_identify(src/dynamixel-workbench-msgs) by extensions ['ros']
[0.462s] Level 1:colcon.colcon_core.package_identification:_identify(src/dynamixel-workbench-msgs) by extension 'ros'
[0.462s] Level 1:colcon.colcon_core.package_identification:_identify(src/dynamixel-workbench-msgs) by extensions ['cmake', 'python']
[0.462s] Level 1:colcon.colcon_core.package_identification:_identify(src/dynamixel-workbench-msgs) by extension 'cmake'
[0.462s] Level 1:colcon.colcon_core.package_identification:_identify(src/dynamixel-workbench-msgs) by extension 'python'
[0.462s] Level 1:colcon.colcon_core.package_identification:_identify(src/dynamixel-workbench-msgs) by extensions ['python_setup_py']
[0.462s] Level 1:colcon.colcon_core.package_identification:_identify(src/dynamixel-workbench-msgs) by extension 'python_setup_py'
[0.463s] Level 1:colcon.colcon_core.package_identification:_identify(src/flipper_driver) by extensions ['ignore', 'ignore_ament_install']
[0.463s] Level 1:colcon.colcon_core.package_identification:_identify(src/flipper_driver) by extension 'ignore'
[0.463s] Level 1:colcon.colcon_core.package_identification:_identify(src/flipper_driver) by extension 'ignore_ament_install'
[0.463s] Level 1:colcon.colcon_core.package_identification:_identify(src/flipper_driver) by extensions ['colcon_pkg']
[0.463s] Level 1:colcon.colcon_core.package_identification:_identify(src/flipper_driver) by extension 'colcon_pkg'
[0.463s] Level 1:colcon.colcon_core.package_identification:_identify(src/flipper_driver) by extensions ['colcon_meta']
[0.463s] Level 1:colcon.colcon_core.package_identification:_identify(src/flipper_driver) by extension 'colcon_meta'
[0.463s] Level 1:colcon.colcon_core.package_identification:_identify(src/flipper_driver) by extensions ['ros']
[0.463s] Level 1:colcon.colcon_core.package_identification:_identify(src/flipper_driver) by extension 'ros'
[0.464s] DEBUG:colcon.colcon_core.package_identification:Package 'src/flipper_driver' with type 'ros.ament_cmake' and name 'flipper_driver'
[0.464s] Level 1:colcon.colcon_core.package_identification:_identify(src/operator) by extensions ['ignore', 'ignore_ament_install']
[0.465s] Level 1:colcon.colcon_core.package_identification:_identify(src/operator) by extension 'ignore'
[0.465s] Level 1:colcon.colcon_core.package_identification:_identify(src/operator) by extension 'ignore_ament_install'
[0.465s] Level 1:colcon.colcon_core.package_identification:_identify(src/operator) by extensions ['colcon_pkg']
[0.465s] Level 1:colcon.colcon_core.package_identification:_identify(src/operator) by extension 'colcon_pkg'
[0.465s] Level 1:colcon.colcon_core.package_identification:_identify(src/operator) by extensions ['colcon_meta']
[0.465s] Level 1:colcon.colcon_core.package_identification:_identify(src/operator) by extension 'colcon_meta'
[0.465s] Level 1:colcon.colcon_core.package_identification:_identify(src/operator) by extensions ['ros']
[0.465s] Level 1:colcon.colcon_core.package_identification:_identify(src/operator) by extension 'ros'
[0.466s] DEBUG:colcon.colcon_core.package_identification:Package 'src/operator' with type 'ros.ament_cmake' and name 'operator'
[0.466s] Level 1:colcon.colcon_core.package_identification:_identify(src/usb_camera) by extensions ['ignore', 'ignore_ament_install']
[0.467s] Level 1:colcon.colcon_core.package_identification:_identify(src/usb_camera) by extension 'ignore'
[0.467s] Level 1:colcon.colcon_core.package_identification:_identify(src/usb_camera) by extension 'ignore_ament_install'
[0.467s] Level 1:colcon.colcon_core.package_identification:_identify(src/usb_camera) by extensions ['colcon_pkg']
[0.467s] Level 1:colcon.colcon_core.package_identification:_identify(src/usb_camera) by extension 'colcon_pkg'
[0.467s] Level 1:colcon.colcon_core.package_identification:_identify(src/usb_camera) by extensions ['colcon_meta']
[0.467s] Level 1:colcon.colcon_core.package_identification:_identify(src/usb_camera) by extension 'colcon_meta'
[0.467s] Level 1:colcon.colcon_core.package_identification:_identify(src/usb_camera) by extensions ['ros']
[0.467s] Level 1:colcon.colcon_core.package_identification:_identify(src/usb_camera) by extension 'ros'
[0.468s] DEBUG:colcon.colcon_core.package_identification:Package 'src/usb_camera' with type 'ros.ament_cmake' and name 'usb_camera'
[0.468s] Level 1:colcon.colcon_core.package_discovery:discover_packages(recursive) using defaults
[0.468s] Level 1:colcon.colcon_core.package_discovery:discover_packages(ignore) discover
[0.468s] Level 1:colcon.colcon_core.package_discovery:discover_packages(ignore) using defaults
[0.468s] Level 1:colcon.colcon_core.package_discovery:discover_packages(path) discover
[0.468s] Level 1:colcon.colcon_core.package_discovery:discover_packages(path) using defaults
[0.499s] Level 5:colcon.colcon_core.verb:set package 'custom_interfaces' build argument 'cmake_args' from command line to 'None'
[0.499s] Level 5:colcon.colcon_core.verb:set package 'custom_interfaces' build argument 'cmake_target' from command line to 'None'
[0.499s] Level 5:colcon.colcon_core.verb:set package 'custom_interfaces' build argument 'cmake_target_skip_unavailable' from command line to 'False'
[0.499s] Level 5:colcon.colcon_core.verb:set package 'custom_interfaces' build argument 'cmake_clean_cache' from command line to 'False'
[0.499s] Level 5:colcon.colcon_core.verb:set package 'custom_interfaces' build argument 'cmake_clean_first' from command line to 'False'
[0.499s] Level 5:colcon.colcon_core.verb:set package 'custom_interfaces' build argument 'cmake_force_configure' from command line to 'False'
[0.499s] Level 5:colcon.colcon_core.verb:set package 'custom_interfaces' build argument 'ament_cmake_args' from command line to 'None'
[0.499s] Level 5:colcon.colcon_core.verb:set package 'custom_interfaces' build argument 'catkin_cmake_args' from command line to 'None'
[0.499s] Level 5:colcon.colcon_core.verb:set package 'custom_interfaces' build argument 'catkin_skip_building_tests' from command line to 'False'
[0.499s] DEBUG:colcon.colcon_core.verb:Building package 'custom_interfaces' with the following arguments: {'ament_cmake_args': None, 'build_base': '/root/working/test_ws/yano_ws/build/custom_interfaces', 'catkin_cmake_args': None, 'catkin_skip_building_tests': False, 'cmake_args': None, 'cmake_clean_cache': False, 'cmake_clean_first': False, 'cmake_force_configure': False, 'cmake_target': None, 'cmake_target_skip_unavailable': False, 'install_base': '/root/working/test_ws/yano_ws/install/custom_interfaces', 'merge_install': False, 'path': '/root/working/test_ws/yano_ws/src/custom_interfaces', 'symlink_install': False, 'test_result_base': None}
[0.500s] Level 5:colcon.colcon_core.verb:set package 'usb_camera' build argument 'cmake_args' from command line to 'None'
[0.500s] Level 5:colcon.colcon_core.verb:set package 'usb_camera' build argument 'cmake_target' from command line to 'None'
[0.500s] Level 5:colcon.colcon_core.verb:set package 'usb_camera' build argument 'cmake_target_skip_unavailable' from command line to 'False'
[0.500s] Level 5:colcon.colcon_core.verb:set package 'usb_camera' build argument 'cmake_clean_cache' from command line to 'False'
[0.500s] Level 5:colcon.colcon_core.verb:set package 'usb_camera' build argument 'cmake_clean_first' from command line to 'False'
[0.500s] Level 5:colcon.colcon_core.verb:set package 'usb_camera' build argument 'cmake_force_configure' from command line to 'False'
[0.500s] Level 5:colcon.colcon_core.verb:set package 'usb_camera' build argument 'ament_cmake_args' from command line to 'None'
[0.500s] Level 5:colcon.colcon_core.verb:set package 'usb_camera' build argument 'catkin_cmake_args' from command line to 'None'
[0.500s] Level 5:colcon.colcon_core.verb:set package 'usb_camera' build argument 'catkin_skip_building_tests' from command line to 'False'
[0.500s] DEBUG:colcon.colcon_core.verb:Building package 'usb_camera' with the following arguments: {'ament_cmake_args': None, 'build_base': '/root/working/test_ws/yano_ws/build/usb_camera', 'catkin_cmake_args': None, 'catkin_skip_building_tests': False, 'cmake_args': None, 'cmake_clean_cache': False, 'cmake_clean_first': False, 'cmake_force_configure': False, 'cmake_target': None, 'cmake_target_skip_unavailable': False, 'install_base': '/root/working/test_ws/yano_ws/install/usb_camera', 'merge_install': False, 'path': '/root/working/test_ws/yano_ws/src/usb_camera', 'symlink_install': False, 'test_result_base': None}
[0.501s] Level 5:colcon.colcon_core.verb:set package 'crawler_driver' build argument 'cmake_args' from command line to 'None'
[0.501s] Level 5:colcon.colcon_core.verb:set package 'crawler_driver' build argument 'cmake_target' from command line to 'None'
[0.501s] Level 5:colcon.colcon_core.verb:set package 'crawler_driver' build argument 'cmake_target_skip_unavailable' from command line to 'False'
[0.501s] Level 5:colcon.colcon_core.verb:set package 'crawler_driver' build argument 'cmake_clean_cache' from command line to 'False'
[0.501s] Level 5:colcon.colcon_core.verb:set package 'crawler_driver' build argument 'cmake_clean_first' from command line to 'False'
[0.501s] Level 5:colcon.colcon_core.verb:set package 'crawler_driver' build argument 'cmake_force_configure' from command line to 'False'
[0.501s] Level 5:colcon.colcon_core.verb:set package 'crawler_driver' build argument 'ament_cmake_args' from command line to 'None'
[0.501s] Level 5:colcon.colcon_core.verb:set package 'crawler_driver' build argument 'catkin_cmake_args' from command line to 'None'
[0.501s] Level 5:colcon.colcon_core.verb:set package 'crawler_driver' build argument 'catkin_skip_building_tests' from command line to 'False'
[0.501s] DEBUG:colcon.colcon_core.verb:Building package 'crawler_driver' with the following arguments: {'ament_cmake_args': None, 'build_base': '/root/working/test_ws/yano_ws/build/crawler_driver', 'catkin_cmake_args': None, 'catkin_skip_building_tests': False, 'cmake_args': None, 'cmake_clean_cache': False, 'cmake_clean_first': False, 'cmake_force_configure': False, 'cmake_target': None, 'cmake_target_skip_unavailable': False, 'install_base': '/root/working/test_ws/yano_ws/install/crawler_driver', 'merge_install': False, 'path': '/root/working/test_ws/yano_ws/src/crawler_driver', 'symlink_install': False, 'test_result_base': None}
[0.502s] Level 5:colcon.colcon_core.verb:set package 'flipper_driver' build argument 'cmake_args' from command line to 'None'
[0.502s] Level 5:colcon.colcon_core.verb:set package 'flipper_driver' build argument 'cmake_target' from command line to 'None'
[0.502s] Level 5:colcon.colcon_core.verb:set package 'flipper_driver' build argument 'cmake_target_skip_unavailable' from command line to 'False'
[0.502s] Level 5:colcon.colcon_core.verb:set package 'flipper_driver' build argument 'cmake_clean_cache' from command line to 'False'
[0.502s] Level 5:colcon.colcon_core.verb:set package 'flipper_driver' build argument 'cmake_clean_first' from command line to 'False'
[0.502s] Level 5:colcon.colcon_core.verb:set package 'flipper_driver' build argument 'cmake_force_configure' from command line to 'False'
[0.502s] Level 5:colcon.colcon_core.verb:set package 'flipper_driver' build argument 'ament_cmake_args' from command line to 'None'
[0.502s] Level 5:colcon.colcon_core.verb:set package 'flipper_driver' build argument 'catkin_cmake_args' from command line to 'None'
[0.502s] Level 5:colcon.colcon_core.verb:set package 'flipper_driver' build argument 'catkin_skip_building_tests' from command line to 'False'
[0.502s] DEBUG:colcon.colcon_core.verb:Building package 'flipper_driver' with the following arguments: {'ament_cmake_args': None, 'build_base': '/root/working/test_ws/yano_ws/build/flipper_driver', 'catkin_cmake_args': None, 'catkin_skip_building_tests': False, 'cmake_args': None, 'cmake_clean_cache': False, 'cmake_clean_first': False, 'cmake_force_configure': False, 'cmake_target': None, 'cmake_target_skip_unavailable': False, 'install_base': '/root/working/test_ws/yano_ws/install/flipper_driver', 'merge_install': False, 'path': '/root/working/test_ws/yano_ws/src/flipper_driver', 'symlink_install': False, 'test_result_base': None}
[0.502s] Level 5:colcon.colcon_core.verb:set package 'operator' build argument 'cmake_args' from command line to 'None'
[0.502s] Level 5:colcon.colcon_core.verb:set package 'operator' build argument 'cmake_target' from command line to 'None'
[0.502s] Level 5:colcon.colcon_core.verb:set package 'operator' build argument 'cmake_target_skip_unavailable' from command line to 'False'
[0.502s] Level 5:colcon.colcon_core.verb:set package 'operator' build argument 'cmake_clean_cache' from command line to 'False'
[0.502s] Level 5:colcon.colcon_core.verb:set package 'operator' build argument 'cmake_clean_first' from command line to 'False'
[0.503s] Level 5:colcon.colcon_core.verb:set package 'operator' build argument 'cmake_force_configure' from command line to 'False'
[0.503s] Level 5:colcon.colcon_core.verb:set package 'operator' build argument 'ament_cmake_args' from command line to 'None'
[0.503s] Level 5:colcon.colcon_core.verb:set package 'operator' build argument 'catkin_cmake_args' from command line to 'None'
[0.503s] Level 5:colcon.colcon_core.verb:set package 'operator' build argument 'catkin_skip_building_tests' from command line to 'False'
[0.503s] DEBUG:colcon.colcon_core.verb:Building package 'operator' with the following arguments: {'ament_cmake_args': None, 'build_base': '/root/working/test_ws/yano_ws/build/operator', 'catkin_cmake_args': None, 'catkin_skip_building_tests': False, 'cmake_args': None, 'cmake_clean_cache': False, 'cmake_clean_first': False, 'cmake_force_configure': False, 'cmake_target': None, 'cmake_target_skip_unavailable': False, 'install_base': '/root/working/test_ws/yano_ws/install/operator', 'merge_install': False, 'path': '/root/working/test_ws/yano_ws/src/operator', 'symlink_install': False, 'test_result_base': None}
[0.503s] INFO:colcon.colcon_core.executor:Executing jobs using 'parallel' executor
[0.504s] DEBUG:colcon.colcon_parallel_executor.executor.parallel:run_until_complete
[0.504s] INFO:colcon.colcon_ros.task.ament_cmake.build:Building ROS package in '/root/working/test_ws/yano_ws/src/custom_interfaces' with build type 'ament_cmake'
[0.505s] INFO:colcon.colcon_cmake.task.cmake.build:Building CMake package in '/root/working/test_ws/yano_ws/src/custom_interfaces'
[0.509s] INFO:colcon.colcon_core.plugin_system:Skipping extension 'colcon_core.shell.bat': Not used on non-Windows systems
[0.510s] INFO:colcon.colcon_core.shell:Skip shell extension 'powershell' for command environment: Not usable outside of PowerShell
[0.510s] DEBUG:colcon.colcon_core.shell:Skip shell extension 'dsv' for command environment
[0.512s] WARNING:colcon.colcon_ros.prefix_path.ament:The path '/root/working/test_ws/yano_ws/install/flipper' in the environment variable AMENT_PREFIX_PATH doesn't exist
[0.512s] WARNING:colcon.colcon_ros.prefix_path.ament:The path '/root/working/test_ws/yano_ws/install/dynamixel_workbench' in the environment variable AMENT_PREFIX_PATH doesn't exist
[0.512s] WARNING:colcon.colcon_ros.prefix_path.ament:The path '/root/working/test_ws/yano_ws/install/dynamixel_workbench_toolbox' in the environment variable AMENT_PREFIX_PATH doesn't exist
[0.513s] WARNING:colcon.colcon_ros.prefix_path.ament:The path '/root/working/test_ws/yano_ws/install/dynamixel_workbench_msgs' in the environment variable AMENT_PREFIX_PATH doesn't exist
[0.513s] WARNING:colcon.colcon_ros.prefix_path.ament:The path '/root/working/test_ws/yano_ws/install/dynamixel_sdk_examples' in the environment variable AMENT_PREFIX_PATH doesn't exist
[0.513s] WARNING:colcon.colcon_ros.prefix_path.ament:The path '/root/working/test_ws/yano_ws/install/dynamixel_sdk_custom_interfaces' in the environment variable AMENT_PREFIX_PATH doesn't exist
[0.513s] WARNING:colcon.colcon_ros.prefix_path.ament:The path '/root/working/test_ws/yano_ws/install/dynamixel_sdk' in the environment variable AMENT_PREFIX_PATH doesn't exist
[0.513s] WARNING:colcon.colcon_ros.prefix_path.ament:The path '/root/working/test_ws/yano_ws/install/driver' in the environment variable AMENT_PREFIX_PATH doesn't exist
[0.513s] WARNING:colcon.colcon_ros.prefix_path.catkin:The path '/root/working/test_ws/yano_ws/install/flipper' in the environment variable CMAKE_PREFIX_PATH doesn't exist
[0.513s] WARNING:colcon.colcon_ros.prefix_path.catkin:The path '/root/working/test_ws/yano_ws/install/dynamixel_workbench' in the environment variable CMAKE_PREFIX_PATH doesn't exist
[0.513s] WARNING:colcon.colcon_ros.prefix_path.catkin:The path '/root/working/test_ws/yano_ws/install/dynamixel_workbench_toolbox' in the environment variable CMAKE_PREFIX_PATH doesn't exist
[0.514s] WARNING:colcon.colcon_ros.prefix_path.catkin:The path '/root/working/test_ws/yano_ws/install/dynamixel_workbench_msgs' in the environment variable CMAKE_PREFIX_PATH doesn't exist
[0.514s] WARNING:colcon.colcon_ros.prefix_path.catkin:The path '/root/working/test_ws/yano_ws/install/dynamixel_sdk_examples' in the environment variable CMAKE_PREFIX_PATH doesn't exist
[0.514s] WARNING:colcon.colcon_ros.prefix_path.catkin:The path '/root/working/test_ws/yano_ws/install/dynamixel_sdk_custom_interfaces' in the environment variable CMAKE_PREFIX_PATH doesn't exist
[0.514s] WARNING:colcon.colcon_ros.prefix_path.catkin:The path '/root/working/test_ws/yano_ws/install/dynamixel_sdk' in the environment variable CMAKE_PREFIX_PATH doesn't exist
[0.514s] WARNING:colcon.colcon_ros.prefix_path.catkin:The path '/root/working/test_ws/yano_ws/install/driver' in the environment variable CMAKE_PREFIX_PATH doesn't exist
[0.521s] INFO:colcon.colcon_ros.task.ament_cmake.build:Building ROS package in '/root/working/test_ws/yano_ws/src/usb_camera' with build type 'ament_cmake'
[0.521s] INFO:colcon.colcon_cmake.task.cmake.build:Building CMake package in '/root/working/test_ws/yano_ws/src/usb_camera'
[0.522s] INFO:colcon.colcon_core.shell:Skip shell extension 'powershell' for command environment: Not usable outside of PowerShell
[0.522s] DEBUG:colcon.colcon_core.shell:Skip shell extension 'dsv' for command environment
[0.539s] DEBUG:colcon.colcon_core.event_handler.log_command:Invoking command in '/root/working/test_ws/yano_ws/build/custom_interfaces': CMAKE_PREFIX_PATH=${CMAKE_PREFIX_PATH}:/opt/ros/humble /usr/bin/cmake --build /root/working/test_ws/yano_ws/build/custom_interfaces -- -j4 -l4
[0.549s] DEBUG:colcon.colcon_core.event_handler.log_command:Invoking command in '/root/working/test_ws/yano_ws/build/usb_camera': CMAKE_PREFIX_PATH=${CMAKE_PREFIX_PATH}:/opt/ros/humble /usr/bin/cmake --build /root/working/test_ws/yano_ws/build/usb_camera -- -j4 -l4
[0.700s] DEBUG:colcon.colcon_core.event_handler.log_command:Invoked command in '/root/working/test_ws/yano_ws/build/usb_camera' returned '0': CMAKE_PREFIX_PATH=${CMAKE_PREFIX_PATH}:/opt/ros/humble /usr/bin/cmake --build /root/working/test_ws/yano_ws/build/usb_camera -- -j4 -l4
[0.728s] DEBUG:colcon.colcon_core.event_handler.log_command:Invoking command in '/root/working/test_ws/yano_ws/build/usb_camera': CMAKE_PREFIX_PATH=${CMAKE_PREFIX_PATH}:/opt/ros/humble /usr/bin/cmake --install /root/working/test_ws/yano_ws/build/usb_camera
[0.756s] Level 1:colcon.colcon_core.environment:create_environment_scripts_only(usb_camera)
[0.758s] DEBUG:colcon.colcon_core.event_handler.log_command:Invoked command in '/root/working/test_ws/yano_ws/build/usb_camera' returned '0': CMAKE_PREFIX_PATH=${CMAKE_PREFIX_PATH}:/opt/ros/humble /usr/bin/cmake --install /root/working/test_ws/yano_ws/build/usb_camera
[0.763s] Level 1:colcon.colcon_core.environment:checking '/root/working/test_ws/yano_ws/install/usb_camera' for CMake module files
[0.764s] Level 1:colcon.colcon_core.environment:checking '/root/working/test_ws/yano_ws/install/usb_camera' for CMake config files
[0.764s] Level 1:colcon.colcon_core.shell:create_environment_hook('usb_camera', 'cmake_prefix_path')
[0.765s] INFO:colcon.colcon_core.shell:Creating environment hook '/root/working/test_ws/yano_ws/install/usb_camera/share/usb_camera/hook/cmake_prefix_path.ps1'
[0.766s] INFO:colcon.colcon_core.shell:Creating environment descriptor '/root/working/test_ws/yano_ws/install/usb_camera/share/usb_camera/hook/cmake_prefix_path.dsv'
[0.767s] INFO:colcon.colcon_core.shell:Creating environment hook '/root/working/test_ws/yano_ws/install/usb_camera/share/usb_camera/hook/cmake_prefix_path.sh'
[0.769s] Level 1:colcon.colcon_core.environment:checking '/root/working/test_ws/yano_ws/install/usb_camera/lib'
[0.769s] Level 1:colcon.colcon_core.environment:checking '/root/working/test_ws/yano_ws/install/usb_camera/bin'
[0.769s] Level 1:colcon.colcon_core.environment:checking '/root/working/test_ws/yano_ws/install/usb_camera/lib/pkgconfig/usb_camera.pc'
[0.773s] Level 1:colcon.colcon_core.environment:checking '/root/working/test_ws/yano_ws/install/usb_camera/lib/python3.10/site-packages'
[0.773s] Level 1:colcon.colcon_core.environment:checking '/root/working/test_ws/yano_ws/install/usb_camera/bin'
[0.774s] INFO:colcon.colcon_core.shell:Creating package script '/root/working/test_ws/yano_ws/install/usb_camera/share/usb_camera/package.ps1'
[0.775s] INFO:colcon.colcon_core.shell:Creating package descriptor '/root/working/test_ws/yano_ws/install/usb_camera/share/usb_camera/package.dsv'
[0.776s] INFO:colcon.colcon_core.shell:Creating package script '/root/working/test_ws/yano_ws/install/usb_camera/share/usb_camera/package.sh'
[0.778s] INFO:colcon.colcon_core.shell:Creating package script '/root/working/test_ws/yano_ws/install/usb_camera/share/usb_camera/package.bash'
[0.779s] INFO:colcon.colcon_core.shell:Creating package script '/root/working/test_ws/yano_ws/install/usb_camera/share/usb_camera/package.zsh'
[0.781s] Level 1:colcon.colcon_core.environment:create_file_with_runtime_dependencies(/root/working/test_ws/yano_ws/install/usb_camera/share/colcon-core/packages/usb_camera)
[0.782s] Level 1:colcon.colcon_core.environment:create_environment_scripts_only(usb_camera)
[0.782s] Level 1:colcon.colcon_core.environment:checking '/root/working/test_ws/yano_ws/install/usb_camera' for CMake module files
[0.783s] Level 1:colcon.colcon_core.environment:checking '/root/working/test_ws/yano_ws/install/usb_camera' for CMake config files
[0.784s] Level 1:colcon.colcon_core.shell:create_environment_hook('usb_camera', 'cmake_prefix_path')
[0.784s] INFO:colcon.colcon_core.shell:Creating environment hook '/root/working/test_ws/yano_ws/install/usb_camera/share/usb_camera/hook/cmake_prefix_path.ps1'
[0.785s] INFO:colcon.colcon_core.shell:Creating environment descriptor '/root/working/test_ws/yano_ws/install/usb_camera/share/usb_camera/hook/cmake_prefix_path.dsv'
[0.786s] INFO:colcon.colcon_core.shell:Creating environment hook '/root/working/test_ws/yano_ws/install/usb_camera/share/usb_camera/hook/cmake_prefix_path.sh'
[0.787s] Level 1:colcon.colcon_core.environment:checking '/root/working/test_ws/yano_ws/install/usb_camera/lib'
[0.787s] Level 1:colcon.colcon_core.environment:checking '/root/working/test_ws/yano_ws/install/usb_camera/bin'
[0.787s] Level 1:colcon.colcon_core.environment:checking '/root/working/test_ws/yano_ws/install/usb_camera/lib/pkgconfig/usb_camera.pc'
[0.788s] Level 1:colcon.colcon_core.environment:checking '/root/working/test_ws/yano_ws/install/usb_camera/lib/python3.10/site-packages'
[0.788s] Level 1:colcon.colcon_core.environment:checking '/root/working/test_ws/yano_ws/install/usb_camera/bin'
[0.789s] INFO:colcon.colcon_core.shell:Creating package script '/root/working/test_ws/yano_ws/install/usb_camera/share/usb_camera/package.ps1'
[0.790s] INFO:colcon.colcon_core.shell:Creating package descriptor '/root/working/test_ws/yano_ws/install/usb_camera/share/usb_camera/package.dsv'
[0.791s] INFO:colcon.colcon_core.shell:Creating package script '/root/working/test_ws/yano_ws/install/usb_camera/share/usb_camera/package.sh'
[0.792s] INFO:colcon.colcon_core.shell:Creating package script '/root/working/test_ws/yano_ws/install/usb_camera/share/usb_camera/package.bash'
[0.793s] INFO:colcon.colcon_core.shell:Creating package script '/root/working/test_ws/yano_ws/install/usb_camera/share/usb_camera/package.zsh'
[0.793s] Level 1:colcon.colcon_core.environment:create_file_with_runtime_dependencies(/root/working/test_ws/yano_ws/install/usb_camera/share/colcon-core/packages/usb_camera)
[1.180s] DEBUG:colcon.colcon_core.event_handler.log_command:Invoked command in '/root/working/test_ws/yano_ws/build/custom_interfaces' returned '0': CMAKE_PREFIX_PATH=${CMAKE_PREFIX_PATH}:/opt/ros/humble /usr/bin/cmake --build /root/working/test_ws/yano_ws/build/custom_interfaces -- -j4 -l4
[1.182s] DEBUG:colcon.colcon_core.event_handler.log_command:Invoking command in '/root/working/test_ws/yano_ws/build/custom_interfaces': CMAKE_PREFIX_PATH=${CMAKE_PREFIX_PATH}:/opt/ros/humble /usr/bin/cmake --install /root/working/test_ws/yano_ws/build/custom_interfaces
[1.285s] Level 1:colcon.colcon_core.environment:create_environment_scripts_only(custom_interfaces)
[1.285s] Level 1:colcon.colcon_core.environment:checking '/root/working/test_ws/yano_ws/install/custom_interfaces' for CMake module files
[1.286s] DEBUG:colcon.colcon_core.event_handler.log_command:Invoked command in '/root/working/test_ws/yano_ws/build/custom_interfaces' returned '0': CMAKE_PREFIX_PATH=${CMAKE_PREFIX_PATH}:/opt/ros/humble /usr/bin/cmake --install /root/working/test_ws/yano_ws/build/custom_interfaces
[1.287s] Level 1:colcon.colcon_core.environment:checking '/root/working/test_ws/yano_ws/install/custom_interfaces' for CMake config files
[1.288s] Level 1:colcon.colcon_core.shell:create_environment_hook('custom_interfaces', 'cmake_prefix_path')
[1.289s] INFO:colcon.colcon_core.shell:Creating environment hook '/root/working/test_ws/yano_ws/install/custom_interfaces/share/custom_interfaces/hook/cmake_prefix_path.ps1'
[1.290s] INFO:colcon.colcon_core.shell:Creating environment descriptor '/root/working/test_ws/yano_ws/install/custom_interfaces/share/custom_interfaces/hook/cmake_prefix_path.dsv'
[1.290s] INFO:colcon.colcon_core.shell:Creating environment hook '/root/working/test_ws/yano_ws/install/custom_interfaces/share/custom_interfaces/hook/cmake_prefix_path.sh'
[1.291s] Level 1:colcon.colcon_core.environment:checking '/root/working/test_ws/yano_ws/install/custom_interfaces/lib'
[1.292s] Level 1:colcon.colcon_core.shell:create_environment_hook('custom_interfaces', 'ld_library_path_lib')
[1.292s] INFO:colcon.colcon_core.shell:Creating environment hook '/root/working/test_ws/yano_ws/install/custom_interfaces/share/custom_interfaces/hook/ld_library_path_lib.ps1'
[1.293s] INFO:colcon.colcon_core.shell:Creating environment descriptor '/root/working/test_ws/yano_ws/install/custom_interfaces/share/custom_interfaces/hook/ld_library_path_lib.dsv'
[1.293s] INFO:colcon.colcon_core.shell:Creating environment hook '/root/working/test_ws/yano_ws/install/custom_interfaces/share/custom_interfaces/hook/ld_library_path_lib.sh'
[1.294s] Level 1:colcon.colcon_core.environment:checking '/root/working/test_ws/yano_ws/install/custom_interfaces/bin'
[1.294s] Level 1:colcon.colcon_core.environment:checking '/root/working/test_ws/yano_ws/install/custom_interfaces/lib/pkgconfig/custom_interfaces.pc'
[1.295s] Level 1:colcon.colcon_core.environment:checking '/root/working/test_ws/yano_ws/install/custom_interfaces/lib/python3.10/site-packages'
[1.295s] Level 1:colcon.colcon_core.environment:checking '/root/working/test_ws/yano_ws/install/custom_interfaces/bin'
[1.296s] INFO:colcon.colcon_core.shell:Creating package script '/root/working/test_ws/yano_ws/install/custom_interfaces/share/custom_interfaces/package.ps1'
[1.297s] INFO:colcon.colcon_core.shell:Creating package descriptor '/root/working/test_ws/yano_ws/install/custom_interfaces/share/custom_interfaces/package.dsv'
[1.297s] INFO:colcon.colcon_core.shell:Creating package script '/root/working/test_ws/yano_ws/install/custom_interfaces/share/custom_interfaces/package.sh'
[1.298s] INFO:colcon.colcon_core.shell:Creating package script '/root/working/test_ws/yano_ws/install/custom_interfaces/share/custom_interfaces/package.bash'
[1.299s] INFO:colcon.colcon_core.shell:Creating package script '/root/working/test_ws/yano_ws/install/custom_interfaces/share/custom_interfaces/package.zsh'
[1.300s] Level 1:colcon.colcon_core.environment:create_file_with_runtime_dependencies(/root/working/test_ws/yano_ws/install/custom_interfaces/share/colcon-core/packages/custom_interfaces)
[1.301s] Level 1:colcon.colcon_core.environment:create_environment_scripts_only(custom_interfaces)
[1.301s] Level 1:colcon.colcon_core.environment:checking '/root/working/test_ws/yano_ws/install/custom_interfaces' for CMake module files
[1.302s] Level 1:colcon.colcon_core.environment:checking '/root/working/test_ws/yano_ws/install/custom_interfaces' for CMake config files
[1.304s] Level 1:colcon.colcon_core.shell:create_environment_hook('custom_interfaces', 'cmake_prefix_path')
[1.304s] INFO:colcon.colcon_core.shell:Creating environment hook '/root/working/test_ws/yano_ws/install/custom_interfaces/share/custom_interfaces/hook/cmake_prefix_path.ps1'
[1.305s] INFO:colcon.colcon_core.shell:Creating environment descriptor '/root/working/test_ws/yano_ws/install/custom_interfaces/share/custom_interfaces/hook/cmake_prefix_path.dsv'
[1.305s] INFO:colcon.colcon_core.shell:Creating environment hook '/root/working/test_ws/yano_ws/install/custom_interfaces/share/custom_interfaces/hook/cmake_prefix_path.sh'
[1.307s] Level 1:colcon.colcon_core.environment:checking '/root/working/test_ws/yano_ws/install/custom_interfaces/lib'
[1.307s] Level 1:colcon.colcon_core.shell:create_environment_hook('custom_interfaces', 'ld_library_path_lib')
[1.308s] INFO:colcon.colcon_core.shell:Creating environment hook '/root/working/test_ws/yano_ws/install/custom_interfaces/share/custom_interfaces/hook/ld_library_path_lib.ps1'
[1.308s] INFO:colcon.colcon_core.shell:Creating environment descriptor '/root/working/test_ws/yano_ws/install/custom_interfaces/share/custom_interfaces/hook/ld_library_path_lib.dsv'
[1.309s] INFO:colcon.colcon_core.shell:Creating environment hook '/root/working/test_ws/yano_ws/install/custom_interfaces/share/custom_interfaces/hook/ld_library_path_lib.sh'
[1.310s] Level 1:colcon.colcon_core.environment:checking '/root/working/test_ws/yano_ws/install/custom_interfaces/bin'
[1.310s] Level 1:colcon.colcon_core.environment:checking '/root/working/test_ws/yano_ws/install/custom_interfaces/lib/pkgconfig/custom_interfaces.pc'
[1.311s] Level 1:colcon.colcon_core.environment:checking '/root/working/test_ws/yano_ws/install/custom_interfaces/lib/python3.10/site-packages'
[1.311s] Level 1:colcon.colcon_core.environment:checking '/root/working/test_ws/yano_ws/install/custom_interfaces/bin'
[1.312s] INFO:colcon.colcon_core.shell:Creating package script '/root/working/test_ws/yano_ws/install/custom_interfaces/share/custom_interfaces/package.ps1'
[1.313s] INFO:colcon.colcon_core.shell:Creating package descriptor '/root/working/test_ws/yano_ws/install/custom_interfaces/share/custom_interfaces/package.dsv'
[1.314s] INFO:colcon.colcon_core.shell:Creating package script '/root/working/test_ws/yano_ws/install/custom_interfaces/share/custom_interfaces/package.sh'
[1.315s] INFO:colcon.colcon_core.shell:Creating package script '/root/working/test_ws/yano_ws/install/custom_interfaces/share/custom_interfaces/package.bash'
[1.316s] INFO:colcon.colcon_core.shell:Creating package script '/root/working/test_ws/yano_ws/install/custom_interfaces/share/custom_interfaces/package.zsh'
[1.317s] Level 1:colcon.colcon_core.environment:create_file_with_runtime_dependencies(/root/working/test_ws/yano_ws/install/custom_interfaces/share/colcon-core/packages/custom_interfaces)
[1.317s] INFO:colcon.colcon_ros.task.ament_cmake.build:Building ROS package in '/root/working/test_ws/yano_ws/src/crawler_driver' with build type 'ament_cmake'
[1.318s] INFO:colcon.colcon_cmake.task.cmake.build:Building CMake package in '/root/working/test_ws/yano_ws/src/crawler_driver'
[1.318s] INFO:colcon.colcon_core.shell:Skip shell extension 'powershell' for command environment: Not usable outside of PowerShell
[1.318s] DEBUG:colcon.colcon_core.shell:Skip shell extension 'dsv' for command environment
[1.329s] INFO:colcon.colcon_ros.task.ament_cmake.build:Building ROS package in '/root/working/test_ws/yano_ws/src/flipper_driver' with build type 'ament_cmake'
[1.330s] INFO:colcon.colcon_cmake.task.cmake.build:Building CMake package in '/root/working/test_ws/yano_ws/src/flipper_driver'
[1.331s] INFO:colcon.colcon_core.shell:Skip shell extension 'powershell' for command environment: Not usable outside of PowerShell
[1.331s] DEBUG:colcon.colcon_core.shell:Skip shell extension 'dsv' for command environment
[1.340s] INFO:colcon.colcon_ros.task.ament_cmake.build:Building ROS package in '/root/working/test_ws/yano_ws/src/operator' with build type 'ament_cmake'
[1.341s] INFO:colcon.colcon_cmake.task.cmake.build:Building CMake package in '/root/working/test_ws/yano_ws/src/operator'
[1.341s] INFO:colcon.colcon_core.shell:Skip shell extension 'powershell' for command environment: Not usable outside of PowerShell
[1.342s] DEBUG:colcon.colcon_core.shell:Skip shell extension 'dsv' for command environment
[1.361s] DEBUG:colcon.colcon_core.event_handler.log_command:Invoking command in '/root/working/test_ws/yano_ws/build/crawler_driver': CMAKE_PREFIX_PATH=/root/working/test_ws/yano_ws/install/custom_interfaces:/root/working/test_ws/yano_ws/install/usb_camera:/root/working/test_ws/yano_ws/install/operator:/root/working/test_ws/yano_ws/install/flipper:/root/working/test_ws/yano_ws/install/dynamixel_workbench:/root/working/test_ws/yano_ws/install/dynamixel_workbench_toolbox:/root/working/test_ws/yano_ws/install/dynamixel_workbench_msgs:/root/working/test_ws/yano_ws/install/dynamixel_sdk_examples:/root/working/test_ws/yano_ws/install/dynamixel_sdk_custom_interfaces:/root/working/test_ws/yano_ws/install/dynamixel_sdk:/root/working/test_ws/yano_ws/install/driver:/opt/ros/humble LD_LIBRARY_PATH=/root/working/test_ws/yano_ws/install/custom_interfaces/lib:/opt/ros/humble/opt/rviz_ogre_vendor/lib:/opt/ros/humble/lib/x86_64-linux-gnu:/opt/ros/humble/lib:/root/working/test_ws/yano_ws/install/dynamixel_workbench_toolbox/lib:/root/working/test_ws/yano_ws/install/dynamixel_workbench_msgs/lib:/root/working/test_ws/yano_ws/install/dynamixel_sdk_custom_interfaces/lib:/root/working/test_ws/yano_ws/install/dynamixel_sdk/lib /usr/bin/cmake --build /root/working/test_ws/yano_ws/build/crawler_driver -- -j4 -l4
[1.370s] DEBUG:colcon.colcon_core.event_handler.log_command:Invoking command in '/root/working/test_ws/yano_ws/build/flipper_driver': CMAKE_PREFIX_PATH=/root/working/test_ws/yano_ws/install/custom_interfaces:/root/working/test_ws/yano_ws/install/usb_camera:/root/working/test_ws/yano_ws/install/operator:/root/working/test_ws/yano_ws/install/flipper:/root/working/test_ws/yano_ws/install/dynamixel_workbench:/root/working/test_ws/yano_ws/install/dynamixel_workbench_toolbox:/root/working/test_ws/yano_ws/install/dynamixel_workbench_msgs:/root/working/test_ws/yano_ws/install/dynamixel_sdk_examples:/root/working/test_ws/yano_ws/install/dynamixel_sdk_custom_interfaces:/root/working/test_ws/yano_ws/install/dynamixel_sdk:/root/working/test_ws/yano_ws/install/driver:/opt/ros/humble LD_LIBRARY_PATH=/root/working/test_ws/yano_ws/install/custom_interfaces/lib:/opt/ros/humble/opt/rviz_ogre_vendor/lib:/opt/ros/humble/lib/x86_64-linux-gnu:/opt/ros/humble/lib:/root/working/test_ws/yano_ws/install/dynamixel_workbench_toolbox/lib:/root/working/test_ws/yano_ws/install/dynamixel_workbench_msgs/lib:/root/working/test_ws/yano_ws/install/dynamixel_sdk_custom_interfaces/lib:/root/working/test_ws/yano_ws/install/dynamixel_sdk/lib /usr/bin/cmake --build /root/working/test_ws/yano_ws/build/flipper_driver -- -j4 -l4
[1.373s] DEBUG:colcon.colcon_core.event_handler.log_command:Invoking command in '/root/working/test_ws/yano_ws/build/operator': CMAKE_PREFIX_PATH=/root/working/test_ws/yano_ws/install/custom_interfaces:/root/working/test_ws/yano_ws/install/usb_camera:/root/working/test_ws/yano_ws/install/operator:/root/working/test_ws/yano_ws/install/flipper:/root/working/test_ws/yano_ws/install/dynamixel_workbench:/root/working/test_ws/yano_ws/install/dynamixel_workbench_toolbox:/root/working/test_ws/yano_ws/install/dynamixel_workbench_msgs:/root/working/test_ws/yano_ws/install/dynamixel_sdk_examples:/root/working/test_ws/yano_ws/install/dynamixel_sdk_custom_interfaces:/root/working/test_ws/yano_ws/install/dynamixel_sdk:/root/working/test_ws/yano_ws/install/driver:/opt/ros/humble LD_LIBRARY_PATH=/root/working/test_ws/yano_ws/install/custom_interfaces/lib:/opt/ros/humble/opt/rviz_ogre_vendor/lib:/opt/ros/humble/lib/x86_64-linux-gnu:/opt/ros/humble/lib:/root/working/test_ws/yano_ws/install/dynamixel_workbench_toolbox/lib:/root/working/test_ws/yano_ws/install/dynamixel_workbench_msgs/lib:/root/working/test_ws/yano_ws/install/dynamixel_sdk_custom_interfaces/lib:/root/working/test_ws/yano_ws/install/dynamixel_sdk/lib /usr/bin/cmake --build /root/working/test_ws/yano_ws/build/operator -- -j4 -l4
[1.529s] DEBUG:colcon.colcon_core.event_handler.log_command:Invoked command in '/root/working/test_ws/yano_ws/build/crawler_driver' returned '0': CMAKE_PREFIX_PATH=/root/working/test_ws/yano_ws/install/custom_interfaces:/root/working/test_ws/yano_ws/install/usb_camera:/root/working/test_ws/yano_ws/install/operator:/root/working/test_ws/yano_ws/install/flipper:/root/working/test_ws/yano_ws/install/dynamixel_workbench:/root/working/test_ws/yano_ws/install/dynamixel_workbench_toolbox:/root/working/test_ws/yano_ws/install/dynamixel_workbench_msgs:/root/working/test_ws/yano_ws/install/dynamixel_sdk_examples:/root/working/test_ws/yano_ws/install/dynamixel_sdk_custom_interfaces:/root/working/test_ws/yano_ws/install/dynamixel_sdk:/root/working/test_ws/yano_ws/install/driver:/opt/ros/humble LD_LIBRARY_PATH=/root/working/test_ws/yano_ws/install/custom_interfaces/lib:/opt/ros/humble/opt/rviz_ogre_vendor/lib:/opt/ros/humble/lib/x86_64-linux-gnu:/opt/ros/humble/lib:/root/working/test_ws/yano_ws/install/dynamixel_workbench_toolbox/lib:/root/working/test_ws/yano_ws/install/dynamixel_workbench_msgs/lib:/root/working/test_ws/yano_ws/install/dynamixel_sdk_custom_interfaces/lib:/root/working/test_ws/yano_ws/install/dynamixel_sdk/lib /usr/bin/cmake --build /root/working/test_ws/yano_ws/build/crawler_driver -- -j4 -l4
[1.530s] DEBUG:colcon.colcon_core.event_handler.log_command:Invoking command in '/root/working/test_ws/yano_ws/build/crawler_driver': CMAKE_PREFIX_PATH=/root/working/test_ws/yano_ws/install/custom_interfaces:/root/working/test_ws/yano_ws/install/usb_camera:/root/working/test_ws/yano_ws/install/operator:/root/working/test_ws/yano_ws/install/flipper:/root/working/test_ws/yano_ws/install/dynamixel_workbench:/root/working/test_ws/yano_ws/install/dynamixel_workbench_toolbox:/root/working/test_ws/yano_ws/install/dynamixel_workbench_msgs:/root/working/test_ws/yano_ws/install/dynamixel_sdk_examples:/root/working/test_ws/yano_ws/install/dynamixel_sdk_custom_interfaces:/root/working/test_ws/yano_ws/install/dynamixel_sdk:/root/working/test_ws/yano_ws/install/driver:/opt/ros/humble LD_LIBRARY_PATH=/root/working/test_ws/yano_ws/install/custom_interfaces/lib:/opt/ros/humble/opt/rviz_ogre_vendor/lib:/opt/ros/humble/lib/x86_64-linux-gnu:/opt/ros/humble/lib:/root/working/test_ws/yano_ws/install/dynamixel_workbench_toolbox/lib:/root/working/test_ws/yano_ws/install/dynamixel_workbench_msgs/lib:/root/working/test_ws/yano_ws/install/dynamixel_sdk_custom_interfaces/lib:/root/working/test_ws/yano_ws/install/dynamixel_sdk/lib /usr/bin/cmake --install /root/working/test_ws/yano_ws/build/crawler_driver
[1.534s] DEBUG:colcon.colcon_core.event_handler.log_command:Invoked command in '/root/working/test_ws/yano_ws/build/operator' returned '0': CMAKE_PREFIX_PATH=/root/working/test_ws/yano_ws/install/custom_interfaces:/root/working/test_ws/yano_ws/install/usb_camera:/root/working/test_ws/yano_ws/install/operator:/root/working/test_ws/yano_ws/install/flipper:/root/working/test_ws/yano_ws/install/dynamixel_workbench:/root/working/test_ws/yano_ws/install/dynamixel_workbench_toolbox:/root/working/test_ws/yano_ws/install/dynamixel_workbench_msgs:/root/working/test_ws/yano_ws/install/dynamixel_sdk_examples:/root/working/test_ws/yano_ws/install/dynamixel_sdk_custom_interfaces:/root/working/test_ws/yano_ws/install/dynamixel_sdk:/root/working/test_ws/yano_ws/install/driver:/opt/ros/humble LD_LIBRARY_PATH=/root/working/test_ws/yano_ws/install/custom_interfaces/lib:/opt/ros/humble/opt/rviz_ogre_vendor/lib:/opt/ros/humble/lib/x86_64-linux-gnu:/opt/ros/humble/lib:/root/working/test_ws/yano_ws/install/dynamixel_workbench_toolbox/lib:/root/working/test_ws/yano_ws/install/dynamixel_workbench_msgs/lib:/root/working/test_ws/yano_ws/install/dynamixel_sdk_custom_interfaces/lib:/root/working/test_ws/yano_ws/install/dynamixel_sdk/lib /usr/bin/cmake --build /root/working/test_ws/yano_ws/build/operator -- -j4 -l4
[1.537s] DEBUG:colcon.colcon_core.event_handler.log_command:Invoking command in '/root/working/test_ws/yano_ws/build/operator': CMAKE_PREFIX_PATH=/root/working/test_ws/yano_ws/install/custom_interfaces:/root/working/test_ws/yano_ws/install/usb_camera:/root/working/test_ws/yano_ws/install/operator:/root/working/test_ws/yano_ws/install/flipper:/root/working/test_ws/yano_ws/install/dynamixel_workbench:/root/working/test_ws/yano_ws/install/dynamixel_workbench_toolbox:/root/working/test_ws/yano_ws/install/dynamixel_workbench_msgs:/root/working/test_ws/yano_ws/install/dynamixel_sdk_examples:/root/working/test_ws/yano_ws/install/dynamixel_sdk_custom_interfaces:/root/working/test_ws/yano_ws/install/dynamixel_sdk:/root/working/test_ws/yano_ws/install/driver:/opt/ros/humble LD_LIBRARY_PATH=/root/working/test_ws/yano_ws/install/custom_interfaces/lib:/opt/ros/humble/opt/rviz_ogre_vendor/lib:/opt/ros/humble/lib/x86_64-linux-gnu:/opt/ros/humble/lib:/root/working/test_ws/yano_ws/install/dynamixel_workbench_toolbox/lib:/root/working/test_ws/yano_ws/install/dynamixel_workbench_msgs/lib:/root/working/test_ws/yano_ws/install/dynamixel_sdk_custom_interfaces/lib:/root/working/test_ws/yano_ws/install/dynamixel_sdk/lib /usr/bin/cmake --install /root/working/test_ws/yano_ws/build/operator
[1.547s] Level 1:colcon.colcon_core.environment:create_environment_scripts_only(crawler_driver)
[1.547s] Level 1:colcon.colcon_core.environment:checking '/root/working/test_ws/yano_ws/install/crawler_driver' for CMake module files
[1.548s] DEBUG:colcon.colcon_core.event_handler.log_command:Invoked command in '/root/working/test_ws/yano_ws/build/crawler_driver' returned '0': CMAKE_PREFIX_PATH=/root/working/test_ws/yano_ws/install/custom_interfaces:/root/working/test_ws/yano_ws/install/usb_camera:/root/working/test_ws/yano_ws/install/operator:/root/working/test_ws/yano_ws/install/flipper:/root/working/test_ws/yano_ws/install/dynamixel_workbench:/root/working/test_ws/yano_ws/install/dynamixel_workbench_toolbox:/root/working/test_ws/yano_ws/install/dynamixel_workbench_msgs:/root/working/test_ws/yano_ws/install/dynamixel_sdk_examples:/root/working/test_ws/yano_ws/install/dynamixel_sdk_custom_interfaces:/root/working/test_ws/yano_ws/install/dynamixel_sdk:/root/working/test_ws/yano_ws/install/driver:/opt/ros/humble LD_LIBRARY_PATH=/root/working/test_ws/yano_ws/install/custom_interfaces/lib:/opt/ros/humble/opt/rviz_ogre_vendor/lib:/opt/ros/humble/lib/x86_64-linux-gnu:/opt/ros/humble/lib:/root/working/test_ws/yano_ws/install/dynamixel_workbench_toolbox/lib:/root/working/test_ws/yano_ws/install/dynamixel_workbench_msgs/lib:/root/working/test_ws/yano_ws/install/dynamixel_sdk_custom_interfaces/lib:/root/working/test_ws/yano_ws/install/dynamixel_sdk/lib /usr/bin/cmake --install /root/working/test_ws/yano_ws/build/crawler_driver
[1.549s] Level 1:colcon.colcon_core.environment:checking '/root/working/test_ws/yano_ws/install/crawler_driver' for CMake config files
[1.549s] Level 1:colcon.colcon_core.shell:create_environment_hook('crawler_driver', 'cmake_prefix_path')
[1.550s] INFO:colcon.colcon_core.shell:Creating environment hook '/root/working/test_ws/yano_ws/install/crawler_driver/share/crawler_driver/hook/cmake_prefix_path.ps1'
[1.550s] INFO:colcon.colcon_core.shell:Creating environment descriptor '/root/working/test_ws/yano_ws/install/crawler_driver/share/crawler_driver/hook/cmake_prefix_path.dsv'
[1.551s] INFO:colcon.colcon_core.shell:Creating environment hook '/root/working/test_ws/yano_ws/install/crawler_driver/share/crawler_driver/hook/cmake_prefix_path.sh'
[1.552s] Level 1:colcon.colcon_core.environment:checking '/root/working/test_ws/yano_ws/install/crawler_driver/lib'
[1.552s] Level 1:colcon.colcon_core.environment:checking '/root/working/test_ws/yano_ws/install/crawler_driver/bin'
[1.552s] Level 1:colcon.colcon_core.environment:checking '/root/working/test_ws/yano_ws/install/crawler_driver/lib/pkgconfig/crawler_driver.pc'
[1.552s] Level 1:colcon.colcon_core.environment:checking '/root/working/test_ws/yano_ws/install/crawler_driver/lib/python3.10/site-packages'
[1.553s] Level 1:colcon.colcon_core.environment:checking '/root/working/test_ws/yano_ws/install/crawler_driver/bin'
[1.553s] INFO:colcon.colcon_core.shell:Creating package script '/root/working/test_ws/yano_ws/install/crawler_driver/share/crawler_driver/package.ps1'
[1.554s] INFO:colcon.colcon_core.shell:Creating package descriptor '/root/working/test_ws/yano_ws/install/crawler_driver/share/crawler_driver/package.dsv'
[1.554s] INFO:colcon.colcon_core.shell:Creating package script '/root/working/test_ws/yano_ws/install/crawler_driver/share/crawler_driver/package.sh'
[1.556s] INFO:colcon.colcon_core.shell:Creating package script '/root/working/test_ws/yano_ws/install/crawler_driver/share/crawler_driver/package.bash'
[1.557s] INFO:colcon.colcon_core.shell:Creating package script '/root/working/test_ws/yano_ws/install/crawler_driver/share/crawler_driver/package.zsh'
[1.557s] Level 1:colcon.colcon_core.environment:create_file_with_runtime_dependencies(/root/working/test_ws/yano_ws/install/crawler_driver/share/colcon-core/packages/crawler_driver)
[1.561s] Level 1:colcon.colcon_core.environment:create_environment_scripts_only(crawler_driver)
[1.561s] Level 1:colcon.colcon_core.environment:checking '/root/working/test_ws/yano_ws/install/crawler_driver' for CMake module files
[1.562s] Level 1:colcon.colcon_core.environment:checking '/root/working/test_ws/yano_ws/install/crawler_driver' for CMake config files
[1.563s] Level 1:colcon.colcon_core.shell:create_environment_hook('crawler_driver', 'cmake_prefix_path')
[1.563s] INFO:colcon.colcon_core.shell:Creating environment hook '/root/working/test_ws/yano_ws/install/crawler_driver/share/crawler_driver/hook/cmake_prefix_path.ps1'
[1.564s] INFO:colcon.colcon_core.shell:Creating environment descriptor '/root/working/test_ws/yano_ws/install/crawler_driver/share/crawler_driver/hook/cmake_prefix_path.dsv'
[1.565s] INFO:colcon.colcon_core.shell:Creating environment hook '/root/working/test_ws/yano_ws/install/crawler_driver/share/crawler_driver/hook/cmake_prefix_path.sh'
[1.566s] Level 1:colcon.colcon_core.environment:checking '/root/working/test_ws/yano_ws/install/crawler_driver/lib'
[1.566s] Level 1:colcon.colcon_core.environment:checking '/root/working/test_ws/yano_ws/install/crawler_driver/bin'
[1.566s] Level 1:colcon.colcon_core.environment:checking '/root/working/test_ws/yano_ws/install/crawler_driver/lib/pkgconfig/crawler_driver.pc'
[1.566s] Level 1:colcon.colcon_core.environment:checking '/root/working/test_ws/yano_ws/install/crawler_driver/lib/python3.10/site-packages'
[1.567s] Level 1:colcon.colcon_core.environment:checking '/root/working/test_ws/yano_ws/install/crawler_driver/bin'
[1.567s] INFO:colcon.colcon_core.shell:Creating package script '/root/working/test_ws/yano_ws/install/crawler_driver/share/crawler_driver/package.ps1'
[1.568s] INFO:colcon.colcon_core.shell:Creating package descriptor '/root/working/test_ws/yano_ws/install/crawler_driver/share/crawler_driver/package.dsv'
[1.568s] INFO:colcon.colcon_core.shell:Creating package script '/root/working/test_ws/yano_ws/install/crawler_driver/share/crawler_driver/package.sh'
[1.569s] INFO:colcon.colcon_core.shell:Creating package script '/root/working/test_ws/yano_ws/install/crawler_driver/share/crawler_driver/package.bash'
[1.570s] INFO:colcon.colcon_core.shell:Creating package script '/root/working/test_ws/yano_ws/install/crawler_driver/share/crawler_driver/package.zsh'
[1.570s] Level 1:colcon.colcon_core.environment:create_file_with_runtime_dependencies(/root/working/test_ws/yano_ws/install/crawler_driver/share/colcon-core/packages/crawler_driver)
[1.573s] Level 1:colcon.colcon_core.environment:create_environment_scripts_only(operator)
[1.573s] Level 1:colcon.colcon_core.environment:checking '/root/working/test_ws/yano_ws/install/operator' for CMake module files
[1.574s] DEBUG:colcon.colcon_core.event_handler.log_command:Invoked command in '/root/working/test_ws/yano_ws/build/operator' returned '0': CMAKE_PREFIX_PATH=/root/working/test_ws/yano_ws/install/custom_interfaces:/root/working/test_ws/yano_ws/install/usb_camera:/root/working/test_ws/yano_ws/install/operator:/root/working/test_ws/yano_ws/install/flipper:/root/working/test_ws/yano_ws/install/dynamixel_workbench:/root/working/test_ws/yano_ws/install/dynamixel_workbench_toolbox:/root/working/test_ws/yano_ws/install/dynamixel_workbench_msgs:/root/working/test_ws/yano_ws/install/dynamixel_sdk_examples:/root/working/test_ws/yano_ws/install/dynamixel_sdk_custom_interfaces:/root/working/test_ws/yano_ws/install/dynamixel_sdk:/root/working/test_ws/yano_ws/install/driver:/opt/ros/humble LD_LIBRARY_PATH=/root/working/test_ws/yano_ws/install/custom_interfaces/lib:/opt/ros/humble/opt/rviz_ogre_vendor/lib:/opt/ros/humble/lib/x86_64-linux-gnu:/opt/ros/humble/lib:/root/working/test_ws/yano_ws/install/dynamixel_workbench_toolbox/lib:/root/working/test_ws/yano_ws/install/dynamixel_workbench_msgs/lib:/root/working/test_ws/yano_ws/install/dynamixel_sdk_custom_interfaces/lib:/root/working/test_ws/yano_ws/install/dynamixel_sdk/lib /usr/bin/cmake --install /root/working/test_ws/yano_ws/build/operator
[1.575s] Level 1:colcon.colcon_core.environment:checking '/root/working/test_ws/yano_ws/install/operator' for CMake config files
[1.575s] Level 1:colcon.colcon_core.shell:create_environment_hook('operator', 'cmake_prefix_path')
[1.576s] INFO:colcon.colcon_core.shell:Creating environment hook '/root/working/test_ws/yano_ws/install/operator/share/operator/hook/cmake_prefix_path.ps1'
[1.577s] INFO:colcon.colcon_core.shell:Creating environment descriptor '/root/working/test_ws/yano_ws/install/operator/share/operator/hook/cmake_prefix_path.dsv'
[1.578s] INFO:colcon.colcon_core.shell:Creating environment hook '/root/working/test_ws/yano_ws/install/operator/share/operator/hook/cmake_prefix_path.sh'
[1.579s] Level 1:colcon.colcon_core.environment:checking '/root/working/test_ws/yano_ws/install/operator/lib'
[1.579s] Level 1:colcon.colcon_core.environment:checking '/root/working/test_ws/yano_ws/install/operator/bin'
[1.579s] Level 1:colcon.colcon_core.environment:checking '/root/working/test_ws/yano_ws/install/operator/lib/pkgconfig/operator.pc'
[1.579s] Level 1:colcon.colcon_core.environment:checking '/root/working/test_ws/yano_ws/install/operator/lib/python3.10/site-packages'
[1.580s] Level 1:colcon.colcon_core.environment:checking '/root/working/test_ws/yano_ws/install/operator/bin'
[1.580s] INFO:colcon.colcon_core.shell:Creating package script '/root/working/test_ws/yano_ws/install/operator/share/operator/package.ps1'
[1.581s] INFO:colcon.colcon_core.shell:Creating package descriptor '/root/working/test_ws/yano_ws/install/operator/share/operator/package.dsv'
[1.582s] INFO:colcon.colcon_core.shell:Creating package script '/root/working/test_ws/yano_ws/install/operator/share/operator/package.sh'
[1.584s] INFO:colcon.colcon_core.shell:Creating package script '/root/working/test_ws/yano_ws/install/operator/share/operator/package.bash'
[1.585s] INFO:colcon.colcon_core.shell:Creating package script '/root/working/test_ws/yano_ws/install/operator/share/operator/package.zsh'
[1.586s] Level 1:colcon.colcon_core.environment:create_file_with_runtime_dependencies(/root/working/test_ws/yano_ws/install/operator/share/colcon-core/packages/operator)
[1.587s] Level 1:colcon.colcon_core.environment:create_environment_scripts_only(operator)
[1.588s] Level 1:colcon.colcon_core.environment:checking '/root/working/test_ws/yano_ws/install/operator' for CMake module files
[1.589s] Level 1:colcon.colcon_core.environment:checking '/root/working/test_ws/yano_ws/install/operator' for CMake config files
[1.589s] Level 1:colcon.colcon_core.shell:create_environment_hook('operator', 'cmake_prefix_path')
[1.590s] INFO:colcon.colcon_core.shell:Creating environment hook '/root/working/test_ws/yano_ws/install/operator/share/operator/hook/cmake_prefix_path.ps1'
[1.590s] INFO:colcon.colcon_core.shell:Creating environment descriptor '/root/working/test_ws/yano_ws/install/operator/share/operator/hook/cmake_prefix_path.dsv'
[1.591s] INFO:colcon.colcon_core.shell:Creating environment hook '/root/working/test_ws/yano_ws/install/operator/share/operator/hook/cmake_prefix_path.sh'
[1.592s] Level 1:colcon.colcon_core.environment:checking '/root/working/test_ws/yano_ws/install/operator/lib'
[1.592s] Level 1:colcon.colcon_core.environment:checking '/root/working/test_ws/yano_ws/install/operator/bin'
[1.592s] Level 1:colcon.colcon_core.environment:checking '/root/working/test_ws/yano_ws/install/operator/lib/pkgconfig/operator.pc'
[1.593s] Level 1:colcon.colcon_core.environment:checking '/root/working/test_ws/yano_ws/install/operator/lib/python3.10/site-packages'
[1.593s] Level 1:colcon.colcon_core.environment:checking '/root/working/test_ws/yano_ws/install/operator/bin'
[1.593s] INFO:colcon.colcon_core.shell:Creating package script '/root/working/test_ws/yano_ws/install/operator/share/operator/package.ps1'
[1.594s] INFO:colcon.colcon_core.shell:Creating package descriptor '/root/working/test_ws/yano_ws/install/operator/share/operator/package.dsv'
[1.594s] INFO:colcon.colcon_core.shell:Creating package script '/root/working/test_ws/yano_ws/install/operator/share/operator/package.sh'
[1.595s] INFO:colcon.colcon_core.shell:Creating package script '/root/working/test_ws/yano_ws/install/operator/share/operator/package.bash'
[1.595s] INFO:colcon.colcon_core.shell:Creating package script '/root/working/test_ws/yano_ws/install/operator/share/operator/package.zsh'
[1.596s] Level 1:colcon.colcon_core.environment:create_file_with_runtime_dependencies(/root/working/test_ws/yano_ws/install/operator/share/colcon-core/packages/operator)
[18.613s] DEBUG:colcon.colcon_core.event_handler.log_command:Invoked command in '/root/working/test_ws/yano_ws/build/flipper_driver' returned '0': CMAKE_PREFIX_PATH=/root/working/test_ws/yano_ws/install/custom_interfaces:/root/working/test_ws/yano_ws/install/usb_camera:/root/working/test_ws/yano_ws/install/operator:/root/working/test_ws/yano_ws/install/flipper:/root/working/test_ws/yano_ws/install/dynamixel_workbench:/root/working/test_ws/yano_ws/install/dynamixel_workbench_toolbox:/root/working/test_ws/yano_ws/install/dynamixel_workbench_msgs:/root/working/test_ws/yano_ws/install/dynamixel_sdk_examples:/root/working/test_ws/yano_ws/install/dynamixel_sdk_custom_interfaces:/root/working/test_ws/yano_ws/install/dynamixel_sdk:/root/working/test_ws/yano_ws/install/driver:/opt/ros/humble LD_LIBRARY_PATH=/root/working/test_ws/yano_ws/install/custom_interfaces/lib:/opt/ros/humble/opt/rviz_ogre_vendor/lib:/opt/ros/humble/lib/x86_64-linux-gnu:/opt/ros/humble/lib:/root/working/test_ws/yano_ws/install/dynamixel_workbench_toolbox/lib:/root/working/test_ws/yano_ws/install/dynamixel_workbench_msgs/lib:/root/working/test_ws/yano_ws/install/dynamixel_sdk_custom_interfaces/lib:/root/working/test_ws/yano_ws/install/dynamixel_sdk/lib /usr/bin/cmake --build /root/working/test_ws/yano_ws/build/flipper_driver -- -j4 -l4
[18.615s] DEBUG:colcon.colcon_core.event_handler.log_command:Invoking command in '/root/working/test_ws/yano_ws/build/flipper_driver': CMAKE_PREFIX_PATH=/root/working/test_ws/yano_ws/install/custom_interfaces:/root/working/test_ws/yano_ws/install/usb_camera:/root/working/test_ws/yano_ws/install/operator:/root/working/test_ws/yano_ws/install/flipper:/root/working/test_ws/yano_ws/install/dynamixel_workbench:/root/working/test_ws/yano_ws/install/dynamixel_workbench_toolbox:/root/working/test_ws/yano_ws/install/dynamixel_workbench_msgs:/root/working/test_ws/yano_ws/install/dynamixel_sdk_examples:/root/working/test_ws/yano_ws/install/dynamixel_sdk_custom_interfaces:/root/working/test_ws/yano_ws/install/dynamixel_sdk:/root/working/test_ws/yano_ws/install/driver:/opt/ros/humble LD_LIBRARY_PATH=/root/working/test_ws/yano_ws/install/custom_interfaces/lib:/opt/ros/humble/opt/rviz_ogre_vendor/lib:/opt/ros/humble/lib/x86_64-linux-gnu:/opt/ros/humble/lib:/root/working/test_ws/yano_ws/install/dynamixel_workbench_toolbox/lib:/root/working/test_ws/yano_ws/install/dynamixel_workbench_msgs/lib:/root/working/test_ws/yano_ws/install/dynamixel_sdk_custom_interfaces/lib:/root/working/test_ws/yano_ws/install/dynamixel_sdk/lib /usr/bin/cmake --install /root/working/test_ws/yano_ws/build/flipper_driver
[18.637s] Level 1:colcon.colcon_core.environment:create_environment_scripts_only(flipper_driver)
[18.638s] Level 1:colcon.colcon_core.environment:checking '/root/working/test_ws/yano_ws/install/flipper_driver' for CMake module files
[18.639s] DEBUG:colcon.colcon_core.event_handler.log_command:Invoked command in '/root/working/test_ws/yano_ws/build/flipper_driver' returned '0': CMAKE_PREFIX_PATH=/root/working/test_ws/yano_ws/install/custom_interfaces:/root/working/test_ws/yano_ws/install/usb_camera:/root/working/test_ws/yano_ws/install/operator:/root/working/test_ws/yano_ws/install/flipper:/root/working/test_ws/yano_ws/install/dynamixel_workbench:/root/working/test_ws/yano_ws/install/dynamixel_workbench_toolbox:/root/working/test_ws/yano_ws/install/dynamixel_workbench_msgs:/root/working/test_ws/yano_ws/install/dynamixel_sdk_examples:/root/working/test_ws/yano_ws/install/dynamixel_sdk_custom_interfaces:/root/working/test_ws/yano_ws/install/dynamixel_sdk:/root/working/test_ws/yano_ws/install/driver:/opt/ros/humble LD_LIBRARY_PATH=/root/working/test_ws/yano_ws/install/custom_interfaces/lib:/opt/ros/humble/opt/rviz_ogre_vendor/lib:/opt/ros/humble/lib/x86_64-linux-gnu:/opt/ros/humble/lib:/root/working/test_ws/yano_ws/install/dynamixel_workbench_toolbox/lib:/root/working/test_ws/yano_ws/install/dynamixel_workbench_msgs/lib:/root/working/test_ws/yano_ws/install/dynamixel_sdk_custom_interfaces/lib:/root/working/test_ws/yano_ws/install/dynamixel_sdk/lib /usr/bin/cmake --install /root/working/test_ws/yano_ws/build/flipper_driver
[18.639s] Level 1:colcon.colcon_core.environment:checking '/root/working/test_ws/yano_ws/install/flipper_driver' for CMake config files
[18.639s] Level 1:colcon.colcon_core.shell:create_environment_hook('flipper_driver', 'cmake_prefix_path')
[18.640s] INFO:colcon.colcon_core.shell:Creating environment hook '/root/working/test_ws/yano_ws/install/flipper_driver/share/flipper_driver/hook/cmake_prefix_path.ps1'
[18.640s] INFO:colcon.colcon_core.shell:Creating environment descriptor '/root/working/test_ws/yano_ws/install/flipper_driver/share/flipper_driver/hook/cmake_prefix_path.dsv'
[18.641s] INFO:colcon.colcon_core.shell:Creating environment hook '/root/working/test_ws/yano_ws/install/flipper_driver/share/flipper_driver/hook/cmake_prefix_path.sh'
[18.642s] Level 1:colcon.colcon_core.environment:checking '/root/working/test_ws/yano_ws/install/flipper_driver/lib'
[18.642s] Level 1:colcon.colcon_core.environment:checking '/root/working/test_ws/yano_ws/install/flipper_driver/bin'
[18.642s] Level 1:colcon.colcon_core.environment:checking '/root/working/test_ws/yano_ws/install/flipper_driver/lib/pkgconfig/flipper_driver.pc'
[18.642s] Level 1:colcon.colcon_core.environment:checking '/root/working/test_ws/yano_ws/install/flipper_driver/lib/python3.10/site-packages'
[18.643s] Level 1:colcon.colcon_core.environment:checking '/root/working/test_ws/yano_ws/install/flipper_driver/bin'
[18.643s] INFO:colcon.colcon_core.shell:Creating package script '/root/working/test_ws/yano_ws/install/flipper_driver/share/flipper_driver/package.ps1'
[18.644s] INFO:colcon.colcon_core.shell:Creating package descriptor '/root/working/test_ws/yano_ws/install/flipper_driver/share/flipper_driver/package.dsv'
[18.644s] INFO:colcon.colcon_core.shell:Creating package script '/root/working/test_ws/yano_ws/install/flipper_driver/share/flipper_driver/package.sh'
[18.645s] INFO:colcon.colcon_core.shell:Creating package script '/root/working/test_ws/yano_ws/install/flipper_driver/share/flipper_driver/package.bash'
[18.645s] INFO:colcon.colcon_core.shell:Creating package script '/root/working/test_ws/yano_ws/install/flipper_driver/share/flipper_driver/package.zsh'
[18.646s] Level 1:colcon.colcon_core.environment:create_file_with_runtime_dependencies(/root/working/test_ws/yano_ws/install/flipper_driver/share/colcon-core/packages/flipper_driver)
[18.646s] Level 1:colcon.colcon_core.environment:create_environment_scripts_only(flipper_driver)
[18.647s] Level 1:colcon.colcon_core.environment:checking '/root/working/test_ws/yano_ws/install/flipper_driver' for CMake module files
[18.647s] Level 1:colcon.colcon_core.environment:checking '/root/working/test_ws/yano_ws/install/flipper_driver' for CMake config files
[18.648s] Level 1:colcon.colcon_core.shell:create_environment_hook('flipper_driver', 'cmake_prefix_path')
[18.648s] INFO:colcon.colcon_core.shell:Creating environment hook '/root/working/test_ws/yano_ws/install/flipper_driver/share/flipper_driver/hook/cmake_prefix_path.ps1'
[18.649s] INFO:colcon.colcon_core.shell:Creating environment descriptor '/root/working/test_ws/yano_ws/install/flipper_driver/share/flipper_driver/hook/cmake_prefix_path.dsv'
[18.649s] INFO:colcon.colcon_core.shell:Creating environment hook '/root/working/test_ws/yano_ws/install/flipper_driver/share/flipper_driver/hook/cmake_prefix_path.sh'
[18.650s] Level 1:colcon.colcon_core.environment:checking '/root/working/test_ws/yano_ws/install/flipper_driver/lib'
[18.650s] Level 1:colcon.colcon_core.environment:checking '/root/working/test_ws/yano_ws/install/flipper_driver/bin'
[18.650s] Level 1:colcon.colcon_core.environment:checking '/root/working/test_ws/yano_ws/install/flipper_driver/lib/pkgconfig/flipper_driver.pc'
[18.650s] Level 1:colcon.colcon_core.environment:checking '/root/working/test_ws/yano_ws/install/flipper_driver/lib/python3.10/site-packages'
[18.651s] Level 1:colcon.colcon_core.environment:checking '/root/working/test_ws/yano_ws/install/flipper_driver/bin'
[18.651s] INFO:colcon.colcon_core.shell:Creating package script '/root/working/test_ws/yano_ws/install/flipper_driver/share/flipper_driver/package.ps1'
[18.652s] INFO:colcon.colcon_core.shell:Creating package descriptor '/root/working/test_ws/yano_ws/install/flipper_driver/share/flipper_driver/package.dsv'
[18.652s] INFO:colcon.colcon_core.shell:Creating package script '/root/working/test_ws/yano_ws/install/flipper_driver/share/flipper_driver/package.sh'
[18.653s] INFO:colcon.colcon_core.shell:Creating package script '/root/working/test_ws/yano_ws/install/flipper_driver/share/flipper_driver/package.bash'
[18.653s] INFO:colcon.colcon_core.shell:Creating package script '/root/working/test_ws/yano_ws/install/flipper_driver/share/flipper_driver/package.zsh'
[18.654s] Level 1:colcon.colcon_core.environment:create_file_with_runtime_dependencies(/root/working/test_ws/yano_ws/install/flipper_driver/share/colcon-core/packages/flipper_driver)
[18.654s] DEBUG:colcon.colcon_parallel_executor.executor.parallel:closing loop
[18.655s] DEBUG:colcon.colcon_parallel_executor.executor.parallel:loop closed
[18.655s] DEBUG:colcon.colcon_parallel_executor.executor.parallel:run_until_complete finished with '0'
[18.655s] DEBUG:colcon.colcon_core.event_reactor:joining thread
[18.682s] INFO:colcon.colcon_core.plugin_system:Skipping extension 'colcon_notification.desktop_notification.notify_send': Could not find 'notify-send'
[18.682s] INFO:colcon.colcon_core.plugin_system:Skipping extension 'colcon_notification.desktop_notification.terminal_notifier': Not used on non-Darwin systems
[18.682s] INFO:colcon.colcon_core.plugin_system:Skipping extension 'colcon_notification.desktop_notification.win32': Not used on non-Windows systems
[18.682s] INFO:colcon.colcon_notification.desktop_notification:Sending desktop notification using 'notify2'
[18.682s] DEBUG:colcon.colcon_notification.desktop_notification.notify2:Failed to initialize notify2: org.freedesktop.DBus.Error.NotSupported: Unable to autolaunch a dbus-daemon without a $DISPLAY for X11
[18.682s] DEBUG:colcon.colcon_core.event_reactor:joined thread
[18.683s] INFO:colcon.colcon_core.shell:Creating prefix script '/root/working/test_ws/yano_ws/install/local_setup.ps1'
[18.685s] INFO:colcon.colcon_core.shell:Creating prefix util module '/root/working/test_ws/yano_ws/install/_local_setup_util_ps1.py'
[18.687s] INFO:colcon.colcon_core.shell:Creating prefix chain script '/root/working/test_ws/yano_ws/install/setup.ps1'
[18.689s] INFO:colcon.colcon_core.shell:Creating prefix script '/root/working/test_ws/yano_ws/install/local_setup.sh'
[18.690s] INFO:colcon.colcon_core.shell:Creating prefix util module '/root/working/test_ws/yano_ws/install/_local_setup_util_sh.py'
[18.691s] INFO:colcon.colcon_core.shell:Creating prefix chain script '/root/working/test_ws/yano_ws/install/setup.sh'
[18.692s] INFO:colcon.colcon_core.shell:Creating prefix script '/root/working/test_ws/yano_ws/install/local_setup.bash'
[18.693s] INFO:colcon.colcon_core.shell:Creating prefix chain script '/root/working/test_ws/yano_ws/install/setup.bash'
[18.696s] INFO:colcon.colcon_core.shell:Creating prefix script '/root/working/test_ws/yano_ws/install/local_setup.zsh'
[18.697s] INFO:colcon.colcon_core.shell:Creating prefix chain script '/root/working/test_ws/yano_ws/install/setup.zsh'
