[0.021s] Invoking command in '/root/working/ros2_ws/build/joy_controller': CMAKE_PREFIX_PATH=${CMAKE_PREFIX_PATH}:/opt/ros/humble /usr/bin/cmake --build /root/working/ros2_ws/build/joy_controller -- -j4 -l4
[0.097s] [35m[1mConsolidate compiler generated dependencies of target sub[0m
[0.110s] [  3%] Built target joy_controller__cpp
[0.110s] [ 12%] Built target joy_controller__rosidl_generator_c
[0.134s] [ 12%] Built target ament_cmake_python_copy_joy_controller
[0.156s] [ 27%] Built target joy_controller__rosidl_typesupport_fastrtps_cpp
[0.156s] [ 30%] Built target joy_controller__rosidl_typesupport_cpp
[0.157s] [ 33%] [32mBuilding CXX object CMakeFiles/sub.dir/src/my_joy.cpp.o[0m
[0.174s] [ 42%] Built target joy_controller__rosidl_typesupport_introspection_c
[0.196s] [ 51%] Built target joy_controller__rosidl_typesupport_c
[0.211s] [ 60%] Built target joy_controller__rosidl_typesupport_introspection_cpp
[0.242s] [ 69%] Built target joy_controller__rosidl_typesupport_fastrtps_c
[0.279s] [ 69%] Built target joy_controller
[0.320s] [ 72%] Built target joy_controller__py
[0.360s] [ 78%] Built target joy_controller__rosidl_generator_py
[0.407s] [ 84%] Built target joy_controller__rosidl_typesupport_fastrtps_c__pyext
[0.407s] [ 90%] Built target joy_controller__rosidl_typesupport_introspection_c__pyext
[0.444s] [ 96%] Built target joy_controller__rosidl_typesupport_c__pyext
[0.666s] running egg_info
[0.667s] writing joy_controller.egg-info/PKG-INFO
[0.668s] writing dependency_links to joy_controller.egg-info/dependency_links.txt
[0.668s] writing top-level names to joy_controller.egg-info/top_level.txt
[0.673s] reading manifest file 'joy_controller.egg-info/SOURCES.txt'
[0.674s] writing manifest file 'joy_controller.egg-info/SOURCES.txt'
[0.729s] [ 96%] Built target ament_cmake_python_build_joy_controller_egg
[4.715s] [01m[K/root/working/ros2_ws/src/joy_controller/src/my_joy.cpp:[m[K In member function ‘[01m[Kvoid Roboclaw::Open()[m[K’:
[4.715s] [01m[K/root/working/ros2_ws/src/joy_controller/src/my_joy.cpp:60:25:[m[K [01;31m[Kerror: [m[Kno matching function for call to ‘[01m[Kboost::asio::basic_serial_port<>::open(boost::asio::execution_context&)[m[K’
[4.716s]    60 |             [01;31m[Kserial_.open(serial_.get_executor().context())[m[K;  // Fixed for Boost.Asio
[4.716s]       |             [01;31m[K~~~~~~~~~~~~^~~~~~~~~~~~~~~~~~~~~~~~~~~~~~~~~~[m[K
[4.716s] In file included from [01m[K/usr/include/boost/asio.hpp:29[m[K,
[4.716s]                  from [01m[K/root/working/ros2_ws/src/joy_controller/src/my_joy.cpp:1[m[K:
[4.716s] [01m[K/usr/include/boost/asio/basic_serial_port.hpp:345:8:[m[K [01;36m[Knote: [m[Kcandidate: ‘[01m[Kvoid boost::asio::basic_serial_port<Executor>::open(const string&) [with Executor = boost::asio::execution::any_executor<boost::asio::execution::context_as_t<boost::asio::execution_context&>, boost::asio::execution::detail::blocking::never_t<0>, boost::asio::execution::prefer_only<boost::asio::execution::detail::blocking::possibly_t<0> >, boost::asio::execution::prefer_only<boost::asio::execution::detail::outstanding_work::tracked_t<0> >, boost::asio::execution::prefer_only<boost::asio::execution::detail::outstanding_work::untracked_t<0> >, boost::asio::execution::prefer_only<boost::asio::execution::detail::relationship::fork_t<0> >, boost::asio::execution::prefer_only<boost::asio::execution::detail::relationship::continuation_t<0> > >; std::string = std::__cxx11::basic_string<char>][m[K’
[4.716s]   345 |   void [01;36m[Kopen[m[K(const std::string& device)
[4.716s]       |        [01;36m[K^~~~[m[K
[4.716s] [01m[K/usr/include/boost/asio/basic_serial_port.hpp:345:32:[m[K [01;36m[Knote: [m[K  no known conversion for argument 1 from ‘[01m[Kboost::asio::execution_context[m[K’ to ‘[01m[Kconst string&[m[K’ {aka ‘[01m[Kconst std::__cxx11::basic_string<char>&[m[K’}
[4.717s]   345 |   void open([01;36m[Kconst std::string& device[m[K)
[4.717s]       |             [01;36m[K~~~~~~~~~~~~~~~~~~~^~~~~~[m[K
[4.717s] [01m[K/usr/include/boost/asio/basic_serial_port.hpp:361:27:[m[K [01;36m[Knote: [m[Kcandidate: ‘[01m[Kboost::system::error_code boost::asio::basic_serial_port<Executor>::open(const string&, boost::system::error_code&) [with Executor = boost::asio::execution::any_executor<boost::asio::execution::context_as_t<boost::asio::execution_context&>, boost::asio::execution::detail::blocking::never_t<0>, boost::asio::execution::prefer_only<boost::asio::execution::detail::blocking::possibly_t<0> >, boost::asio::execution::prefer_only<boost::asio::execution::detail::outstanding_work::tracked_t<0> >, boost::asio::execution::prefer_only<boost::asio::execution::detail::outstanding_work::untracked_t<0> >, boost::asio::execution::prefer_only<boost::asio::execution::detail::relationship::fork_t<0> >, boost::asio::execution::prefer_only<boost::asio::execution::detail::relationship::continuation_t<0> > >; std::string = std::__cxx11::basic_string<char>][m[K’
[4.717s]   361 |   BOOST_ASIO_SYNC_OP_VOID [01;36m[Kopen[m[K(const std::string& device,
[4.717s]       |                           [01;36m[K^~~~[m[K
[4.721s] [01m[K/usr/include/boost/asio/basic_serial_port.hpp:361:27:[m[K [01;36m[Knote: [m[K  candidate expects 2 arguments, 1 provided
[8.452s] gmake[2]: *** [CMakeFiles/sub.dir/build.make:76: CMakeFiles/sub.dir/src/my_joy.cpp.o] Error 1
[8.452s] gmake[1]: *** [CMakeFiles/Makefile2:182: CMakeFiles/sub.dir/all] Error 2
[8.452s] gmake: *** [Makefile:146: all] Error 2
[8.456s] Invoked command in '/root/working/ros2_ws/build/joy_controller' returned '2': CMAKE_PREFIX_PATH=${CMAKE_PREFIX_PATH}:/opt/ros/humble /usr/bin/cmake --build /root/working/ros2_ws/build/joy_controller -- -j4 -l4
