[0.033s] Invoking command in '/root/working/test_ws/yano_ws/build/crawler_driver': AMENT_PREFIX_PATH=/root/working/test_ws/yano_ws/install/custom_interfaces:${AMENT_PREFIX_PATH} CMAKE_PREFIX_PATH=/root/working/test_ws/yano_ws/install/custom_interfaces:/opt/ros/humble LD_LIBRARY_PATH=/root/working/test_ws/yano_ws/install/custom_interfaces/lib:${LD_LIBRARY_PATH} PYTHONPATH=/root/working/test_ws/yano_ws/install/custom_interfaces/local/lib/python3.10/dist-packages:${PYTHONPATH} /usr/bin/cmake --build /root/working/test_ws/yano_ws/build/crawler_driver -- -j4 -l4
[0.087s] -- Found ament_cmake: 1.3.11 (/opt/ros/humble/share/ament_cmake/cmake)
[0.426s] -- Found rclcpp: 16.0.11 (/opt/ros/humble/share/rclcpp/cmake)
[0.513s] -- Found rosidl_generator_c: 3.1.6 (/opt/ros/humble/share/rosidl_generator_c/cmake)
[0.520s] -- Found rosidl_adapter: 3.1.6 (/opt/ros/humble/share/rosidl_adapter/cmake)
[0.539s] -- Found rosidl_generator_cpp: 3.1.6 (/opt/ros/humble/share/rosidl_generator_cpp/cmake)
[0.577s] -- Using all available rosidl_typesupport_c: rosidl_typesupport_fastrtps_c;rosidl_typesupport_introspection_c
[0.604s] -- Using all available rosidl_typesupport_cpp: rosidl_typesupport_fastrtps_cpp;rosidl_typesupport_introspection_cpp
[0.683s] -- Found rmw_implementation_cmake: 6.1.2 (/opt/ros/humble/share/rmw_implementation_cmake/cmake)
[0.687s] -- Found rmw_fastrtps_cpp: 6.2.7 (/opt/ros/humble/share/rmw_fastrtps_cpp/cmake)
[0.935s] -- Using RMW implementation 'rmw_fastrtps_cpp' as default
[1.074s] -- Found geometry_msgs: 4.2.4 (/opt/ros/humble/share/geometry_msgs/cmake)
[1.108s] -- Found custom_interfaces: 0.0.0 (/root/working/test_ws/yano_ws/install/custom_interfaces/share/custom_interfaces/cmake)
[1.131s] -- Found ament_lint_auto: 0.12.11 (/opt/ros/humble/share/ament_lint_auto/cmake)
[1.300s] -- Added test 'cppcheck' to perform static code analysis on C / C++ code
[1.300s] -- Configured cppcheck include dirs: 
[1.300s] -- Configured cppcheck exclude dirs and/or files: 
[1.301s] -- Added test 'lint_cmake' to check CMake code style
[1.304s] -- Added test 'uncrustify' to check C / C++ code style
[1.304s] -- Configured uncrustify additional arguments: 
[1.304s] -- Added test 'xmllint' to check XML markup files
[1.305s] -- Configuring done
[1.347s] -- Generating done
[1.358s] -- Build files have been written to: /root/working/test_ws/yano_ws/build/crawler_driver
[1.414s] [35m[1mConsolidate compiler generated dependencies of target crawler_driver_node[0m
[1.488s] [ 50%] [32mBuilding CXX object CMakeFiles/crawler_driver_node.dir/src/crawler_driver.cpp.o[0m
[31.455s] [100%] [32m[1mLinking CXX executable crawler_driver_node[0m
[32.468s] [100%] Built target crawler_driver_node
[32.483s] Invoked command in '/root/working/test_ws/yano_ws/build/crawler_driver' returned '0': AMENT_PREFIX_PATH=/root/working/test_ws/yano_ws/install/custom_interfaces:${AMENT_PREFIX_PATH} CMAKE_PREFIX_PATH=/root/working/test_ws/yano_ws/install/custom_interfaces:/opt/ros/humble LD_LIBRARY_PATH=/root/working/test_ws/yano_ws/install/custom_interfaces/lib:${LD_LIBRARY_PATH} PYTHONPATH=/root/working/test_ws/yano_ws/install/custom_interfaces/local/lib/python3.10/dist-packages:${PYTHONPATH} /usr/bin/cmake --build /root/working/test_ws/yano_ws/build/crawler_driver -- -j4 -l4
[32.485s] Invoking command in '/root/working/test_ws/yano_ws/build/crawler_driver': AMENT_PREFIX_PATH=/root/working/test_ws/yano_ws/install/custom_interfaces:${AMENT_PREFIX_PATH} CMAKE_PREFIX_PATH=/root/working/test_ws/yano_ws/install/custom_interfaces:/opt/ros/humble LD_LIBRARY_PATH=/root/working/test_ws/yano_ws/install/custom_interfaces/lib:${LD_LIBRARY_PATH} PYTHONPATH=/root/working/test_ws/yano_ws/install/custom_interfaces/local/lib/python3.10/dist-packages:${PYTHONPATH} /usr/bin/cmake --install /root/working/test_ws/yano_ws/build/crawler_driver
[32.496s] -- Install configuration: ""
[32.497s] -- Installing: /root/working/test_ws/yano_ws/install/crawler_driver/lib/crawler_driver/crawler_driver_node
[32.506s] -- Set runtime path of "/root/working/test_ws/yano_ws/install/crawler_driver/lib/crawler_driver/crawler_driver_node" to ""
[32.507s] -- Up-to-date: /root/working/test_ws/yano_ws/install/crawler_driver/share/ament_index/resource_index/package_run_dependencies/crawler_driver
[32.507s] -- Installing: /root/working/test_ws/yano_ws/install/crawler_driver/share/ament_index/resource_index/parent_prefix_path/crawler_driver
[32.507s] -- Installing: /root/working/test_ws/yano_ws/install/crawler_driver/share/crawler_driver/environment/ament_prefix_path.sh
[32.507s] -- Installing: /root/working/test_ws/yano_ws/install/crawler_driver/share/crawler_driver/environment/ament_prefix_path.dsv
[32.507s] -- Installing: /root/working/test_ws/yano_ws/install/crawler_driver/share/crawler_driver/environment/path.sh
[32.508s] -- Installing: /root/working/test_ws/yano_ws/install/crawler_driver/share/crawler_driver/environment/path.dsv
[32.508s] -- Up-to-date: /root/working/test_ws/yano_ws/install/crawler_driver/share/crawler_driver/local_setup.bash
[32.509s] -- Up-to-date: /root/working/test_ws/yano_ws/install/crawler_driver/share/crawler_driver/local_setup.sh
[32.509s] -- Up-to-date: /root/working/test_ws/yano_ws/install/crawler_driver/share/crawler_driver/local_setup.zsh
[32.509s] -- Installing: /root/working/test_ws/yano_ws/install/crawler_driver/share/crawler_driver/local_setup.dsv
[32.510s] -- Installing: /root/working/test_ws/yano_ws/install/crawler_driver/share/crawler_driver/package.dsv
[32.510s] -- Up-to-date: /root/working/test_ws/yano_ws/install/crawler_driver/share/ament_index/resource_index/packages/crawler_driver
[32.510s] -- Up-to-date: /root/working/test_ws/yano_ws/install/crawler_driver/share/crawler_driver/cmake/crawler_driverConfig.cmake
[32.511s] -- Up-to-date: /root/working/test_ws/yano_ws/install/crawler_driver/share/crawler_driver/cmake/crawler_driverConfig-version.cmake
[32.511s] -- Up-to-date: /root/working/test_ws/yano_ws/install/crawler_driver/share/crawler_driver/package.xml
[32.513s] Invoked command in '/root/working/test_ws/yano_ws/build/crawler_driver' returned '0': AMENT_PREFIX_PATH=/root/working/test_ws/yano_ws/install/custom_interfaces:${AMENT_PREFIX_PATH} CMAKE_PREFIX_PATH=/root/working/test_ws/yano_ws/install/custom_interfaces:/opt/ros/humble LD_LIBRARY_PATH=/root/working/test_ws/yano_ws/install/custom_interfaces/lib:${LD_LIBRARY_PATH} PYTHONPATH=/root/working/test_ws/yano_ws/install/custom_interfaces/local/lib/python3.10/dist-packages:${PYTHONPATH} /usr/bin/cmake --install /root/working/test_ws/yano_ws/build/crawler_driver
