[0.021s] Invoking command in '/root/working/test_ws/yano_ws/build/custom_interfaces': /usr/bin/cmake /root/working/test_ws/yano_ws/src/custom_interfaces -DCMAKE_INSTALL_PREFIX=/root/working/test_ws/yano_ws/install/custom_interfaces
[0.064s] [31mCMake Error at CMakeLists.txt:9 (find_package):
[0.064s]   By not providing "Findament_cmake.cmake" in CMAKE_MODULE_PATH this project
[0.064s]   has asked CMake to find a package configuration file provided by
[0.065s]   "ament_cmake", but CMake did not find one.
[0.065s] 
[0.065s]   Could not find a package configuration file provided by "ament_cmake" with
[0.065s]   any of the following names:
[0.065s] 
[0.065s]     ament_cmakeConfig.cmake
[0.065s]     ament_cmake-config.cmake
[0.066s] 
[0.066s]   Add the installation prefix of "ament_cmake" to CMAKE_PREFIX_PATH or set
[0.066s]   "ament_cmake_DIR" to a directory containing one of the above files.  If
[0.066s]   "ament_cmake" provides a separate development package or SDK, be sure it
[0.066s]   has been installed.
[0.066s] 
[0.067s] -- Configuring incomplete, errors occurred!
[0.067s] [0m
[0.071s] See also "/root/working/test_ws/yano_ws/build/custom_interfaces/CMakeFiles/CMakeOutput.log".
[0.075s] Invoked command in '/root/working/test_ws/yano_ws/build/custom_interfaces' returned '1': /usr/bin/cmake /root/working/test_ws/yano_ws/src/custom_interfaces -DCMAKE_INSTALL_PREFIX=/root/working/test_ws/yano_ws/install/custom_interfaces
