[0.099s] DEBUG:colcon:Command line arguments: ['/usr/bin/colcon', 'build']
[0.100s] DEBUG:colcon:Parsed command line arguments: Namespace(log_base=None, log_level=None, verb_name='build', build_base='build', install_base='install', merge_install=False, symlink_install=False, test_result_base=None, continue_on_error=False, executor='parallel', parallel_workers=8, event_handlers=None, ignore_user_meta=False, metas=['./colcon.meta'], base_paths=['.'], packages_ignore=None, packages_ignore_regex=None, paths=None, packages_up_to=None, packages_up_to_regex=None, packages_above=None, packages_above_and_dependencies=None, packages_above_depth=None, packages_select_by_dep=None, packages_skip_by_dep=None, packages_skip_up_to=None, packages_select_build_failed=False, packages_skip_build_finished=False, packages_select_test_failures=False, packages_skip_test_passed=False, packages_select=None, packages_skip=None, packages_select_regex=None, packages_skip_regex=None, packages_start=None, packages_end=None, allow_overriding=[], cmake_args=None, cmake_target=None, cmake_target_skip_unavailable=False, cmake_clean_cache=False, cmake_clean_first=False, cmake_force_configure=False, ament_cmake_args=None, catkin_cmake_args=None, catkin_skip_building_tests=False, mixin_files=None, mixin=None, verb_parser=<colcon_mixin.mixin.mixin_argument.MixinArgumentDecorator object at 0x783c1f3673e0>, verb_extension=<colcon_core.verb.build.BuildVerb object at 0x783c1f366ff0>, main=<bound method BuildVerb.main of <colcon_core.verb.build.BuildVerb object at 0x783c1f366ff0>>, mixin_verb=('build',))
[0.133s] Level 1:colcon.colcon_core.package_discovery:discover_packages(colcon_meta) check parameters
[0.133s] Level 1:colcon.colcon_core.package_discovery:discover_packages(recursive) check parameters
[0.133s] Level 1:colcon.colcon_core.package_discovery:discover_packages(ignore) check parameters
[0.134s] Level 1:colcon.colcon_core.package_discovery:discover_packages(path) check parameters
[0.134s] Level 1:colcon.colcon_core.package_discovery:discover_packages(colcon_meta) discover
[0.134s] Level 1:colcon.colcon_core.package_discovery:discover_packages(recursive) discover
[0.134s] INFO:colcon.colcon_core.package_discovery:Crawling recursively for packages in '/home/rodep/rodep/test_ws/yano_ws'
[0.134s] Level 1:colcon.colcon_core.package_identification:_identify(.) by extensions ['ignore', 'ignore_ament_install']
[0.134s] Level 1:colcon.colcon_core.package_identification:_identify(.) by extension 'ignore'
[0.134s] Level 1:colcon.colcon_core.package_identification:_identify(.) by extension 'ignore_ament_install'
[0.134s] Level 1:colcon.colcon_core.package_identification:_identify(.) by extensions ['colcon_pkg']
[0.134s] Level 1:colcon.colcon_core.package_identification:_identify(.) by extension 'colcon_pkg'
[0.134s] Level 1:colcon.colcon_core.package_identification:_identify(.) by extensions ['colcon_meta']
[0.134s] Level 1:colcon.colcon_core.package_identification:_identify(.) by extension 'colcon_meta'
[0.134s] Level 1:colcon.colcon_core.package_identification:_identify(.) by extensions ['ros']
[0.134s] Level 1:colcon.colcon_core.package_identification:_identify(.) by extension 'ros'
[0.156s] Level 1:colcon.colcon_core.package_identification:_identify(.) by extensions ['cmake', 'python']
[0.156s] Level 1:colcon.colcon_core.package_identification:_identify(.) by extension 'cmake'
[0.156s] Level 1:colcon.colcon_core.package_identification:_identify(.) by extension 'python'
[0.156s] Level 1:colcon.colcon_core.package_identification:_identify(.) by extensions ['python_setup_py']
[0.156s] Level 1:colcon.colcon_core.package_identification:_identify(.) by extension 'python_setup_py'
[0.156s] Level 1:colcon.colcon_core.package_identification:_identify(build) by extensions ['ignore', 'ignore_ament_install']
[0.157s] Level 1:colcon.colcon_core.package_identification:_identify(build) by extension 'ignore'
[0.157s] Level 1:colcon.colcon_core.package_identification:_identify(build) ignored
[0.157s] Level 1:colcon.colcon_core.package_identification:_identify(install) by extensions ['ignore', 'ignore_ament_install']
[0.157s] Level 1:colcon.colcon_core.package_identification:_identify(install) by extension 'ignore'
[0.157s] Level 1:colcon.colcon_core.package_identification:_identify(install) ignored
[0.157s] Level 1:colcon.colcon_core.package_identification:_identify(launch) by extensions ['ignore', 'ignore_ament_install']
[0.157s] Level 1:colcon.colcon_core.package_identification:_identify(launch) by extension 'ignore'
[0.157s] Level 1:colcon.colcon_core.package_identification:_identify(launch) by extension 'ignore_ament_install'
[0.157s] Level 1:colcon.colcon_core.package_identification:_identify(launch) by extensions ['colcon_pkg']
[0.157s] Level 1:colcon.colcon_core.package_identification:_identify(launch) by extension 'colcon_pkg'
[0.157s] Level 1:colcon.colcon_core.package_identification:_identify(launch) by extensions ['colcon_meta']
[0.157s] Level 1:colcon.colcon_core.package_identification:_identify(launch) by extension 'colcon_meta'
[0.157s] Level 1:colcon.colcon_core.package_identification:_identify(launch) by extensions ['ros']
[0.157s] Level 1:colcon.colcon_core.package_identification:_identify(launch) by extension 'ros'
[0.157s] Level 1:colcon.colcon_core.package_identification:_identify(launch) by extensions ['cmake', 'python']
[0.157s] Level 1:colcon.colcon_core.package_identification:_identify(launch) by extension 'cmake'
[0.157s] Level 1:colcon.colcon_core.package_identification:_identify(launch) by extension 'python'
[0.157s] Level 1:colcon.colcon_core.package_identification:_identify(launch) by extensions ['python_setup_py']
[0.157s] Level 1:colcon.colcon_core.package_identification:_identify(launch) by extension 'python_setup_py'
[0.157s] Level 1:colcon.colcon_core.package_identification:_identify(launch/__pycache__) by extensions ['ignore', 'ignore_ament_install']
[0.158s] Level 1:colcon.colcon_core.package_identification:_identify(launch/__pycache__) by extension 'ignore'
[0.158s] Level 1:colcon.colcon_core.package_identification:_identify(launch/__pycache__) by extension 'ignore_ament_install'
[0.158s] Level 1:colcon.colcon_core.package_identification:_identify(launch/__pycache__) by extensions ['colcon_pkg']
[0.158s] Level 1:colcon.colcon_core.package_identification:_identify(launch/__pycache__) by extension 'colcon_pkg'
[0.158s] Level 1:colcon.colcon_core.package_identification:_identify(launch/__pycache__) by extensions ['colcon_meta']
[0.158s] Level 1:colcon.colcon_core.package_identification:_identify(launch/__pycache__) by extension 'colcon_meta'
[0.158s] Level 1:colcon.colcon_core.package_identification:_identify(launch/__pycache__) by extensions ['ros']
[0.158s] Level 1:colcon.colcon_core.package_identification:_identify(launch/__pycache__) by extension 'ros'
[0.158s] Level 1:colcon.colcon_core.package_identification:_identify(launch/__pycache__) by extensions ['cmake', 'python']
[0.158s] Level 1:colcon.colcon_core.package_identification:_identify(launch/__pycache__) by extension 'cmake'
[0.158s] Level 1:colcon.colcon_core.package_identification:_identify(launch/__pycache__) by extension 'python'
[0.158s] Level 1:colcon.colcon_core.package_identification:_identify(launch/__pycache__) by extensions ['python_setup_py']
[0.158s] Level 1:colcon.colcon_core.package_identification:_identify(launch/__pycache__) by extension 'python_setup_py'
[0.158s] Level 1:colcon.colcon_core.package_identification:_identify(log) by extensions ['ignore', 'ignore_ament_install']
[0.158s] Level 1:colcon.colcon_core.package_identification:_identify(log) by extension 'ignore'
[0.158s] Level 1:colcon.colcon_core.package_identification:_identify(log) ignored
[0.158s] Level 1:colcon.colcon_core.package_identification:_identify(src) by extensions ['ignore', 'ignore_ament_install']
[0.158s] Level 1:colcon.colcon_core.package_identification:_identify(src) by extension 'ignore'
[0.158s] Level 1:colcon.colcon_core.package_identification:_identify(src) by extension 'ignore_ament_install'
[0.158s] Level 1:colcon.colcon_core.package_identification:_identify(src) by extensions ['colcon_pkg']
[0.158s] Level 1:colcon.colcon_core.package_identification:_identify(src) by extension 'colcon_pkg'
[0.158s] Level 1:colcon.colcon_core.package_identification:_identify(src) by extensions ['colcon_meta']
[0.158s] Level 1:colcon.colcon_core.package_identification:_identify(src) by extension 'colcon_meta'
[0.159s] Level 1:colcon.colcon_core.package_identification:_identify(src) by extensions ['ros']
[0.159s] Level 1:colcon.colcon_core.package_identification:_identify(src) by extension 'ros'
[0.159s] Level 1:colcon.colcon_core.package_identification:_identify(src) by extensions ['cmake', 'python']
[0.159s] Level 1:colcon.colcon_core.package_identification:_identify(src) by extension 'cmake'
[0.159s] Level 1:colcon.colcon_core.package_identification:_identify(src) by extension 'python'
[0.159s] Level 1:colcon.colcon_core.package_identification:_identify(src) by extensions ['python_setup_py']
[0.159s] Level 1:colcon.colcon_core.package_identification:_identify(src) by extension 'python_setup_py'
[0.159s] Level 1:colcon.colcon_core.package_identification:_identify(src/DynamixelSDK) by extensions ['ignore', 'ignore_ament_install']
[0.159s] Level 1:colcon.colcon_core.package_identification:_identify(src/DynamixelSDK) by extension 'ignore'
[0.159s] Level 1:colcon.colcon_core.package_identification:_identify(src/DynamixelSDK) by extension 'ignore_ament_install'
[0.159s] Level 1:colcon.colcon_core.package_identification:_identify(src/DynamixelSDK) by extensions ['colcon_pkg']
[0.159s] Level 1:colcon.colcon_core.package_identification:_identify(src/DynamixelSDK) by extension 'colcon_pkg'
[0.159s] Level 1:colcon.colcon_core.package_identification:_identify(src/DynamixelSDK) by extensions ['colcon_meta']
[0.159s] Level 1:colcon.colcon_core.package_identification:_identify(src/DynamixelSDK) by extension 'colcon_meta'
[0.159s] Level 1:colcon.colcon_core.package_identification:_identify(src/DynamixelSDK) by extensions ['ros']
[0.159s] Level 1:colcon.colcon_core.package_identification:_identify(src/DynamixelSDK) by extension 'ros'
[0.159s] Level 1:colcon.colcon_core.package_identification:_identify(src/DynamixelSDK) by extensions ['cmake', 'python']
[0.159s] Level 1:colcon.colcon_core.package_identification:_identify(src/DynamixelSDK) by extension 'cmake'
[0.159s] Level 1:colcon.colcon_core.package_identification:_identify(src/DynamixelSDK) by extension 'python'
[0.159s] Level 1:colcon.colcon_core.package_identification:_identify(src/DynamixelSDK) by extensions ['python_setup_py']
[0.159s] Level 1:colcon.colcon_core.package_identification:_identify(src/DynamixelSDK) by extension 'python_setup_py'
[0.159s] Level 1:colcon.colcon_core.package_identification:_identify(src/crawler_driver) by extensions ['ignore', 'ignore_ament_install']
[0.159s] Level 1:colcon.colcon_core.package_identification:_identify(src/crawler_driver) by extension 'ignore'
[0.159s] Level 1:colcon.colcon_core.package_identification:_identify(src/crawler_driver) by extension 'ignore_ament_install'
[0.160s] Level 1:colcon.colcon_core.package_identification:_identify(src/crawler_driver) by extensions ['colcon_pkg']
[0.160s] Level 1:colcon.colcon_core.package_identification:_identify(src/crawler_driver) by extension 'colcon_pkg'
[0.160s] Level 1:colcon.colcon_core.package_identification:_identify(src/crawler_driver) by extensions ['colcon_meta']
[0.160s] Level 1:colcon.colcon_core.package_identification:_identify(src/crawler_driver) by extension 'colcon_meta'
[0.160s] Level 1:colcon.colcon_core.package_identification:_identify(src/crawler_driver) by extensions ['ros']
[0.160s] Level 1:colcon.colcon_core.package_identification:_identify(src/crawler_driver) by extension 'ros'
[0.162s] DEBUG:colcon.colcon_core.package_identification:Package 'src/crawler_driver' with type 'ros.ament_cmake' and name 'crawler_driver'
[0.162s] Level 1:colcon.colcon_core.package_identification:_identify(src/custom_interfaces) by extensions ['ignore', 'ignore_ament_install']
[0.163s] Level 1:colcon.colcon_core.package_identification:_identify(src/custom_interfaces) by extension 'ignore'
[0.163s] Level 1:colcon.colcon_core.package_identification:_identify(src/custom_interfaces) by extension 'ignore_ament_install'
[0.163s] Level 1:colcon.colcon_core.package_identification:_identify(src/custom_interfaces) by extensions ['colcon_pkg']
[0.163s] Level 1:colcon.colcon_core.package_identification:_identify(src/custom_interfaces) by extension 'colcon_pkg'
[0.163s] Level 1:colcon.colcon_core.package_identification:_identify(src/custom_interfaces) by extensions ['colcon_meta']
[0.163s] Level 1:colcon.colcon_core.package_identification:_identify(src/custom_interfaces) by extension 'colcon_meta'
[0.163s] Level 1:colcon.colcon_core.package_identification:_identify(src/custom_interfaces) by extensions ['ros']
[0.163s] Level 1:colcon.colcon_core.package_identification:_identify(src/custom_interfaces) by extension 'ros'
[0.163s] DEBUG:colcon.colcon_core.package_identification:Package 'src/custom_interfaces' with type 'ros.ament_cmake' and name 'custom_interfaces'
[0.163s] Level 1:colcon.colcon_core.package_identification:_identify(src/dynamixel-workbench) by extensions ['ignore', 'ignore_ament_install']
[0.163s] Level 1:colcon.colcon_core.package_identification:_identify(src/dynamixel-workbench) by extension 'ignore'
[0.163s] Level 1:colcon.colcon_core.package_identification:_identify(src/dynamixel-workbench) by extension 'ignore_ament_install'
[0.163s] Level 1:colcon.colcon_core.package_identification:_identify(src/dynamixel-workbench) by extensions ['colcon_pkg']
[0.164s] Level 1:colcon.colcon_core.package_identification:_identify(src/dynamixel-workbench) by extension 'colcon_pkg'
[0.164s] Level 1:colcon.colcon_core.package_identification:_identify(src/dynamixel-workbench) by extensions ['colcon_meta']
[0.164s] Level 1:colcon.colcon_core.package_identification:_identify(src/dynamixel-workbench) by extension 'colcon_meta'
[0.164s] Level 1:colcon.colcon_core.package_identification:_identify(src/dynamixel-workbench) by extensions ['ros']
[0.164s] Level 1:colcon.colcon_core.package_identification:_identify(src/dynamixel-workbench) by extension 'ros'
[0.164s] Level 1:colcon.colcon_core.package_identification:_identify(src/dynamixel-workbench) by extensions ['cmake', 'python']
[0.164s] Level 1:colcon.colcon_core.package_identification:_identify(src/dynamixel-workbench) by extension 'cmake'
[0.164s] Level 1:colcon.colcon_core.package_identification:_identify(src/dynamixel-workbench) by extension 'python'
[0.164s] Level 1:colcon.colcon_core.package_identification:_identify(src/dynamixel-workbench) by extensions ['python_setup_py']
[0.164s] Level 1:colcon.colcon_core.package_identification:_identify(src/dynamixel-workbench) by extension 'python_setup_py'
[0.164s] Level 1:colcon.colcon_core.package_identification:_identify(src/dynamixel-workbench-msgs) by extensions ['ignore', 'ignore_ament_install']
[0.164s] Level 1:colcon.colcon_core.package_identification:_identify(src/dynamixel-workbench-msgs) by extension 'ignore'
[0.164s] Level 1:colcon.colcon_core.package_identification:_identify(src/dynamixel-workbench-msgs) by extension 'ignore_ament_install'
[0.164s] Level 1:colcon.colcon_core.package_identification:_identify(src/dynamixel-workbench-msgs) by extensions ['colcon_pkg']
[0.164s] Level 1:colcon.colcon_core.package_identification:_identify(src/dynamixel-workbench-msgs) by extension 'colcon_pkg'
[0.164s] Level 1:colcon.colcon_core.package_identification:_identify(src/dynamixel-workbench-msgs) by extensions ['colcon_meta']
[0.164s] Level 1:colcon.colcon_core.package_identification:_identify(src/dynamixel-workbench-msgs) by extension 'colcon_meta'
[0.164s] Level 1:colcon.colcon_core.package_identification:_identify(src/dynamixel-workbench-msgs) by extensions ['ros']
[0.164s] Level 1:colcon.colcon_core.package_identification:_identify(src/dynamixel-workbench-msgs) by extension 'ros'
[0.164s] Level 1:colcon.colcon_core.package_identification:_identify(src/dynamixel-workbench-msgs) by extensions ['cmake', 'python']
[0.164s] Level 1:colcon.colcon_core.package_identification:_identify(src/dynamixel-workbench-msgs) by extension 'cmake'
[0.164s] Level 1:colcon.colcon_core.package_identification:_identify(src/dynamixel-workbench-msgs) by extension 'python'
[0.164s] Level 1:colcon.colcon_core.package_identification:_identify(src/dynamixel-workbench-msgs) by extensions ['python_setup_py']
[0.164s] Level 1:colcon.colcon_core.package_identification:_identify(src/dynamixel-workbench-msgs) by extension 'python_setup_py'
[0.164s] Level 1:colcon.colcon_core.package_identification:_identify(src/flipper_driver) by extensions ['ignore', 'ignore_ament_install']
[0.165s] Level 1:colcon.colcon_core.package_identification:_identify(src/flipper_driver) by extension 'ignore'
[0.165s] Level 1:colcon.colcon_core.package_identification:_identify(src/flipper_driver) by extension 'ignore_ament_install'
[0.165s] Level 1:colcon.colcon_core.package_identification:_identify(src/flipper_driver) by extensions ['colcon_pkg']
[0.165s] Level 1:colcon.colcon_core.package_identification:_identify(src/flipper_driver) by extension 'colcon_pkg'
[0.165s] Level 1:colcon.colcon_core.package_identification:_identify(src/flipper_driver) by extensions ['colcon_meta']
[0.165s] Level 1:colcon.colcon_core.package_identification:_identify(src/flipper_driver) by extension 'colcon_meta'
[0.165s] Level 1:colcon.colcon_core.package_identification:_identify(src/flipper_driver) by extensions ['ros']
[0.165s] Level 1:colcon.colcon_core.package_identification:_identify(src/flipper_driver) by extension 'ros'
[0.165s] DEBUG:colcon.colcon_core.package_identification:Package 'src/flipper_driver' with type 'ros.ament_cmake' and name 'flipper_driver'
[0.165s] Level 1:colcon.colcon_core.package_identification:_identify(src/operator) by extensions ['ignore', 'ignore_ament_install']
[0.165s] Level 1:colcon.colcon_core.package_identification:_identify(src/operator) by extension 'ignore'
[0.165s] Level 1:colcon.colcon_core.package_identification:_identify(src/operator) by extension 'ignore_ament_install'
[0.166s] Level 1:colcon.colcon_core.package_identification:_identify(src/operator) by extensions ['colcon_pkg']
[0.166s] Level 1:colcon.colcon_core.package_identification:_identify(src/operator) by extension 'colcon_pkg'
[0.166s] Level 1:colcon.colcon_core.package_identification:_identify(src/operator) by extensions ['colcon_meta']
[0.166s] Level 1:colcon.colcon_core.package_identification:_identify(src/operator) by extension 'colcon_meta'
[0.166s] Level 1:colcon.colcon_core.package_identification:_identify(src/operator) by extensions ['ros']
[0.166s] Level 1:colcon.colcon_core.package_identification:_identify(src/operator) by extension 'ros'
[0.166s] DEBUG:colcon.colcon_core.package_identification:Package 'src/operator' with type 'ros.ament_cmake' and name 'operator'
[0.166s] Level 1:colcon.colcon_core.package_identification:_identify(src/usb_camera) by extensions ['ignore', 'ignore_ament_install']
[0.166s] Level 1:colcon.colcon_core.package_identification:_identify(src/usb_camera) by extension 'ignore'
[0.166s] Level 1:colcon.colcon_core.package_identification:_identify(src/usb_camera) by extension 'ignore_ament_install'
[0.167s] Level 1:colcon.colcon_core.package_identification:_identify(src/usb_camera) by extensions ['colcon_pkg']
[0.167s] Level 1:colcon.colcon_core.package_identification:_identify(src/usb_camera) by extension 'colcon_pkg'
[0.167s] Level 1:colcon.colcon_core.package_identification:_identify(src/usb_camera) by extensions ['colcon_meta']
[0.167s] Level 1:colcon.colcon_core.package_identification:_identify(src/usb_camera) by extension 'colcon_meta'
[0.167s] Level 1:colcon.colcon_core.package_identification:_identify(src/usb_camera) by extensions ['ros']
[0.167s] Level 1:colcon.colcon_core.package_identification:_identify(src/usb_camera) by extension 'ros'
[0.167s] DEBUG:colcon.colcon_core.package_identification:Package 'src/usb_camera' with type 'ros.ament_cmake' and name 'usb_camera'
[0.167s] Level 1:colcon.colcon_core.package_discovery:discover_packages(recursive) using defaults
[0.167s] Level 1:colcon.colcon_core.package_discovery:discover_packages(ignore) discover
[0.167s] Level 1:colcon.colcon_core.package_discovery:discover_packages(ignore) using defaults
[0.167s] Level 1:colcon.colcon_core.package_discovery:discover_packages(path) discover
[0.167s] Level 1:colcon.colcon_core.package_discovery:discover_packages(path) using defaults
[0.183s] Level 1:colcon.colcon_core.package_discovery:discover_packages(prefix_path) check parameters
[0.183s] Level 1:colcon.colcon_core.package_discovery:discover_packages(prefix_path) discover
[0.184s] DEBUG:colcon.colcon_installed_package_information.package_discovery:Found 5 installed packages in /home/rodep/rodep/test_ws/yano_ws/install
[0.186s] DEBUG:colcon.colcon_installed_package_information.package_discovery:Found 288 installed packages in /opt/ros/jazzy
[0.186s] Level 1:colcon.colcon_core.package_discovery:discover_packages(prefix_path) using defaults
[0.226s] Level 5:colcon.colcon_core.verb:set package 'custom_interfaces' build argument 'cmake_args' from command line to 'None'
[0.226s] Level 5:colcon.colcon_core.verb:set package 'custom_interfaces' build argument 'cmake_target' from command line to 'None'
[0.226s] Level 5:colcon.colcon_core.verb:set package 'custom_interfaces' build argument 'cmake_target_skip_unavailable' from command line to 'False'
[0.226s] Level 5:colcon.colcon_core.verb:set package 'custom_interfaces' build argument 'cmake_clean_cache' from command line to 'False'
[0.226s] Level 5:colcon.colcon_core.verb:set package 'custom_interfaces' build argument 'cmake_clean_first' from command line to 'False'
[0.226s] Level 5:colcon.colcon_core.verb:set package 'custom_interfaces' build argument 'cmake_force_configure' from command line to 'False'
[0.226s] Level 5:colcon.colcon_core.verb:set package 'custom_interfaces' build argument 'ament_cmake_args' from command line to 'None'
[0.226s] Level 5:colcon.colcon_core.verb:set package 'custom_interfaces' build argument 'catkin_cmake_args' from command line to 'None'
[0.226s] Level 5:colcon.colcon_core.verb:set package 'custom_interfaces' build argument 'catkin_skip_building_tests' from command line to 'False'
[0.226s] DEBUG:colcon.colcon_core.verb:Building package 'custom_interfaces' with the following arguments: {'ament_cmake_args': None, 'build_base': '/home/rodep/rodep/test_ws/yano_ws/build/custom_interfaces', 'catkin_cmake_args': None, 'catkin_skip_building_tests': False, 'cmake_args': None, 'cmake_clean_cache': False, 'cmake_clean_first': False, 'cmake_force_configure': False, 'cmake_target': None, 'cmake_target_skip_unavailable': False, 'install_base': '/home/rodep/rodep/test_ws/yano_ws/install/custom_interfaces', 'merge_install': False, 'path': '/home/rodep/rodep/test_ws/yano_ws/src/custom_interfaces', 'symlink_install': False, 'test_result_base': None}
[0.226s] Level 5:colcon.colcon_core.verb:set package 'usb_camera' build argument 'cmake_args' from command line to 'None'
[0.227s] Level 5:colcon.colcon_core.verb:set package 'usb_camera' build argument 'cmake_target' from command line to 'None'
[0.227s] Level 5:colcon.colcon_core.verb:set package 'usb_camera' build argument 'cmake_target_skip_unavailable' from command line to 'False'
[0.227s] Level 5:colcon.colcon_core.verb:set package 'usb_camera' build argument 'cmake_clean_cache' from command line to 'False'
[0.227s] Level 5:colcon.colcon_core.verb:set package 'usb_camera' build argument 'cmake_clean_first' from command line to 'False'
[0.227s] Level 5:colcon.colcon_core.verb:set package 'usb_camera' build argument 'cmake_force_configure' from command line to 'False'
[0.227s] Level 5:colcon.colcon_core.verb:set package 'usb_camera' build argument 'ament_cmake_args' from command line to 'None'
[0.227s] Level 5:colcon.colcon_core.verb:set package 'usb_camera' build argument 'catkin_cmake_args' from command line to 'None'
[0.227s] Level 5:colcon.colcon_core.verb:set package 'usb_camera' build argument 'catkin_skip_building_tests' from command line to 'False'
[0.227s] DEBUG:colcon.colcon_core.verb:Building package 'usb_camera' with the following arguments: {'ament_cmake_args': None, 'build_base': '/home/rodep/rodep/test_ws/yano_ws/build/usb_camera', 'catkin_cmake_args': None, 'catkin_skip_building_tests': False, 'cmake_args': None, 'cmake_clean_cache': False, 'cmake_clean_first': False, 'cmake_force_configure': False, 'cmake_target': None, 'cmake_target_skip_unavailable': False, 'install_base': '/home/rodep/rodep/test_ws/yano_ws/install/usb_camera', 'merge_install': False, 'path': '/home/rodep/rodep/test_ws/yano_ws/src/usb_camera', 'symlink_install': False, 'test_result_base': None}
[0.227s] Level 5:colcon.colcon_core.verb:set package 'crawler_driver' build argument 'cmake_args' from command line to 'None'
[0.227s] Level 5:colcon.colcon_core.verb:set package 'crawler_driver' build argument 'cmake_target' from command line to 'None'
[0.227s] Level 5:colcon.colcon_core.verb:set package 'crawler_driver' build argument 'cmake_target_skip_unavailable' from command line to 'False'
[0.227s] Level 5:colcon.colcon_core.verb:set package 'crawler_driver' build argument 'cmake_clean_cache' from command line to 'False'
[0.227s] Level 5:colcon.colcon_core.verb:set package 'crawler_driver' build argument 'cmake_clean_first' from command line to 'False'
[0.227s] Level 5:colcon.colcon_core.verb:set package 'crawler_driver' build argument 'cmake_force_configure' from command line to 'False'
[0.227s] Level 5:colcon.colcon_core.verb:set package 'crawler_driver' build argument 'ament_cmake_args' from command line to 'None'
[0.227s] Level 5:colcon.colcon_core.verb:set package 'crawler_driver' build argument 'catkin_cmake_args' from command line to 'None'
[0.227s] Level 5:colcon.colcon_core.verb:set package 'crawler_driver' build argument 'catkin_skip_building_tests' from command line to 'False'
[0.227s] DEBUG:colcon.colcon_core.verb:Building package 'crawler_driver' with the following arguments: {'ament_cmake_args': None, 'build_base': '/home/rodep/rodep/test_ws/yano_ws/build/crawler_driver', 'catkin_cmake_args': None, 'catkin_skip_building_tests': False, 'cmake_args': None, 'cmake_clean_cache': False, 'cmake_clean_first': False, 'cmake_force_configure': False, 'cmake_target': None, 'cmake_target_skip_unavailable': False, 'install_base': '/home/rodep/rodep/test_ws/yano_ws/install/crawler_driver', 'merge_install': False, 'path': '/home/rodep/rodep/test_ws/yano_ws/src/crawler_driver', 'symlink_install': False, 'test_result_base': None}
[0.227s] Level 5:colcon.colcon_core.verb:set package 'flipper_driver' build argument 'cmake_args' from command line to 'None'
[0.227s] Level 5:colcon.colcon_core.verb:set package 'flipper_driver' build argument 'cmake_target' from command line to 'None'
[0.227s] Level 5:colcon.colcon_core.verb:set package 'flipper_driver' build argument 'cmake_target_skip_unavailable' from command line to 'False'
[0.227s] Level 5:colcon.colcon_core.verb:set package 'flipper_driver' build argument 'cmake_clean_cache' from command line to 'False'
[0.227s] Level 5:colcon.colcon_core.verb:set package 'flipper_driver' build argument 'cmake_clean_first' from command line to 'False'
[0.227s] Level 5:colcon.colcon_core.verb:set package 'flipper_driver' build argument 'cmake_force_configure' from command line to 'False'
[0.227s] Level 5:colcon.colcon_core.verb:set package 'flipper_driver' build argument 'ament_cmake_args' from command line to 'None'
[0.227s] Level 5:colcon.colcon_core.verb:set package 'flipper_driver' build argument 'catkin_cmake_args' from command line to 'None'
[0.227s] Level 5:colcon.colcon_core.verb:set package 'flipper_driver' build argument 'catkin_skip_building_tests' from command line to 'False'
[0.227s] DEBUG:colcon.colcon_core.verb:Building package 'flipper_driver' with the following arguments: {'ament_cmake_args': None, 'build_base': '/home/rodep/rodep/test_ws/yano_ws/build/flipper_driver', 'catkin_cmake_args': None, 'catkin_skip_building_tests': False, 'cmake_args': None, 'cmake_clean_cache': False, 'cmake_clean_first': False, 'cmake_force_configure': False, 'cmake_target': None, 'cmake_target_skip_unavailable': False, 'install_base': '/home/rodep/rodep/test_ws/yano_ws/install/flipper_driver', 'merge_install': False, 'path': '/home/rodep/rodep/test_ws/yano_ws/src/flipper_driver', 'symlink_install': False, 'test_result_base': None}
[0.228s] Level 5:colcon.colcon_core.verb:set package 'operator' build argument 'cmake_args' from command line to 'None'
[0.228s] Level 5:colcon.colcon_core.verb:set package 'operator' build argument 'cmake_target' from command line to 'None'
[0.228s] Level 5:colcon.colcon_core.verb:set package 'operator' build argument 'cmake_target_skip_unavailable' from command line to 'False'
[0.228s] Level 5:colcon.colcon_core.verb:set package 'operator' build argument 'cmake_clean_cache' from command line to 'False'
[0.228s] Level 5:colcon.colcon_core.verb:set package 'operator' build argument 'cmake_clean_first' from command line to 'False'
[0.228s] Level 5:colcon.colcon_core.verb:set package 'operator' build argument 'cmake_force_configure' from command line to 'False'
[0.228s] Level 5:colcon.colcon_core.verb:set package 'operator' build argument 'ament_cmake_args' from command line to 'None'
[0.228s] Level 5:colcon.colcon_core.verb:set package 'operator' build argument 'catkin_cmake_args' from command line to 'None'
[0.228s] Level 5:colcon.colcon_core.verb:set package 'operator' build argument 'catkin_skip_building_tests' from command line to 'False'
[0.228s] DEBUG:colcon.colcon_core.verb:Building package 'operator' with the following arguments: {'ament_cmake_args': None, 'build_base': '/home/rodep/rodep/test_ws/yano_ws/build/operator', 'catkin_cmake_args': None, 'catkin_skip_building_tests': False, 'cmake_args': None, 'cmake_clean_cache': False, 'cmake_clean_first': False, 'cmake_force_configure': False, 'cmake_target': None, 'cmake_target_skip_unavailable': False, 'install_base': '/home/rodep/rodep/test_ws/yano_ws/install/operator', 'merge_install': False, 'path': '/home/rodep/rodep/test_ws/yano_ws/src/operator', 'symlink_install': False, 'test_result_base': None}
[0.228s] INFO:colcon.colcon_core.executor:Executing jobs using 'parallel' executor
[0.229s] DEBUG:colcon.colcon_parallel_executor.executor.parallel:run_until_complete
[0.229s] INFO:colcon.colcon_ros.task.ament_cmake.build:Building ROS package in '/home/rodep/rodep/test_ws/yano_ws/src/custom_interfaces' with build type 'ament_cmake'
[0.229s] INFO:colcon.colcon_cmake.task.cmake.build:Building CMake package in '/home/rodep/rodep/test_ws/yano_ws/src/custom_interfaces'
[0.231s] INFO:colcon.colcon_core.plugin_system:Skipping extension 'colcon_core.shell.bat': Not used on non-Windows systems
[0.231s] INFO:colcon.colcon_core.shell:Skip shell extension 'powershell' for command environment: Not usable outside of PowerShell
[0.231s] DEBUG:colcon.colcon_core.shell:Skip shell extension 'dsv' for command environment
[0.234s] INFO:colcon.colcon_ros.task.ament_cmake.build:Building ROS package in '/home/rodep/rodep/test_ws/yano_ws/src/usb_camera' with build type 'ament_cmake'
[0.234s] INFO:colcon.colcon_cmake.task.cmake.build:Building CMake package in '/home/rodep/rodep/test_ws/yano_ws/src/usb_camera'
[0.234s] INFO:colcon.colcon_core.shell:Skip shell extension 'powershell' for command environment: Not usable outside of PowerShell
[0.234s] DEBUG:colcon.colcon_core.shell:Skip shell extension 'dsv' for command environment
[0.242s] DEBUG:colcon.colcon_core.event_handler.log_command:Invoking command in '/home/rodep/rodep/test_ws/yano_ws/build/custom_interfaces': CMAKE_PREFIX_PATH=${CMAKE_PREFIX_PATH}:/opt/ros/jazzy DEBUGINFOD_URLS=https://debuginfod.ubuntu.com /usr/bin/cmake --build /home/rodep/rodep/test_ws/yano_ws/build/custom_interfaces -- -j8 -l8
[0.247s] DEBUG:colcon.colcon_core.event_handler.log_command:Invoking command in '/home/rodep/rodep/test_ws/yano_ws/build/usb_camera': CMAKE_PREFIX_PATH=${CMAKE_PREFIX_PATH}:/opt/ros/jazzy DEBUGINFOD_URLS=https://debuginfod.ubuntu.com /usr/bin/cmake --build /home/rodep/rodep/test_ws/yano_ws/build/usb_camera -- -j8 -l8
[0.300s] DEBUG:colcon.colcon_core.event_handler.log_command:Invoked command in '/home/rodep/rodep/test_ws/yano_ws/build/usb_camera' returned '0': CMAKE_PREFIX_PATH=${CMAKE_PREFIX_PATH}:/opt/ros/jazzy DEBUGINFOD_URLS=https://debuginfod.ubuntu.com /usr/bin/cmake --build /home/rodep/rodep/test_ws/yano_ws/build/usb_camera -- -j8 -l8
[0.310s] DEBUG:colcon.colcon_core.event_handler.log_command:Invoking command in '/home/rodep/rodep/test_ws/yano_ws/build/usb_camera': CMAKE_PREFIX_PATH=${CMAKE_PREFIX_PATH}:/opt/ros/jazzy DEBUGINFOD_URLS=https://debuginfod.ubuntu.com /usr/bin/cmake --install /home/rodep/rodep/test_ws/yano_ws/build/usb_camera
[0.321s] Level 1:colcon.colcon_core.environment:create_environment_scripts_only(usb_camera)
[0.323s] DEBUG:colcon.colcon_core.event_handler.log_command:Invoked command in '/home/rodep/rodep/test_ws/yano_ws/build/usb_camera' returned '0': CMAKE_PREFIX_PATH=${CMAKE_PREFIX_PATH}:/opt/ros/jazzy DEBUGINFOD_URLS=https://debuginfod.ubuntu.com /usr/bin/cmake --install /home/rodep/rodep/test_ws/yano_ws/build/usb_camera
[0.325s] Level 1:colcon.colcon_core.environment:checking '/home/rodep/rodep/test_ws/yano_ws/install/usb_camera' for CMake module files
[0.325s] Level 1:colcon.colcon_core.environment:checking '/home/rodep/rodep/test_ws/yano_ws/install/usb_camera' for CMake config files
[0.326s] Level 1:colcon.colcon_core.shell:create_environment_hook('usb_camera', 'cmake_prefix_path')
[0.326s] INFO:colcon.colcon_core.shell:Creating environment hook '/home/rodep/rodep/test_ws/yano_ws/install/usb_camera/share/usb_camera/hook/cmake_prefix_path.ps1'
[0.327s] INFO:colcon.colcon_core.shell:Creating environment descriptor '/home/rodep/rodep/test_ws/yano_ws/install/usb_camera/share/usb_camera/hook/cmake_prefix_path.dsv'
[0.327s] INFO:colcon.colcon_core.shell:Creating environment hook '/home/rodep/rodep/test_ws/yano_ws/install/usb_camera/share/usb_camera/hook/cmake_prefix_path.sh'
[0.328s] Level 1:colcon.colcon_core.environment:checking '/home/rodep/rodep/test_ws/yano_ws/install/usb_camera/lib'
[0.329s] Level 1:colcon.colcon_core.environment:checking '/home/rodep/rodep/test_ws/yano_ws/install/usb_camera/bin'
[0.329s] Level 1:colcon.colcon_core.environment:checking '/home/rodep/rodep/test_ws/yano_ws/install/usb_camera/lib/pkgconfig/usb_camera.pc'
[0.329s] Level 1:colcon.colcon_core.environment:checking '/home/rodep/rodep/test_ws/yano_ws/install/usb_camera/lib/python3.12/site-packages'
[0.329s] Level 1:colcon.colcon_core.environment:checking '/home/rodep/rodep/test_ws/yano_ws/install/usb_camera/bin'
[0.330s] INFO:colcon.colcon_core.shell:Creating package script '/home/rodep/rodep/test_ws/yano_ws/install/usb_camera/share/usb_camera/package.ps1'
[0.332s] INFO:colcon.colcon_core.shell:Creating package descriptor '/home/rodep/rodep/test_ws/yano_ws/install/usb_camera/share/usb_camera/package.dsv'
[0.333s] INFO:colcon.colcon_core.shell:Creating package script '/home/rodep/rodep/test_ws/yano_ws/install/usb_camera/share/usb_camera/package.sh'
[0.334s] INFO:colcon.colcon_core.shell:Creating package script '/home/rodep/rodep/test_ws/yano_ws/install/usb_camera/share/usb_camera/package.bash'
[0.335s] INFO:colcon.colcon_core.shell:Creating package script '/home/rodep/rodep/test_ws/yano_ws/install/usb_camera/share/usb_camera/package.zsh'
[0.336s] Level 1:colcon.colcon_core.environment:create_file_with_runtime_dependencies(/home/rodep/rodep/test_ws/yano_ws/install/usb_camera/share/colcon-core/packages/usb_camera)
[0.337s] Level 1:colcon.colcon_core.environment:create_environment_scripts_only(usb_camera)
[0.337s] Level 1:colcon.colcon_core.environment:checking '/home/rodep/rodep/test_ws/yano_ws/install/usb_camera' for CMake module files
[0.338s] Level 1:colcon.colcon_core.environment:checking '/home/rodep/rodep/test_ws/yano_ws/install/usb_camera' for CMake config files
[0.338s] Level 1:colcon.colcon_core.shell:create_environment_hook('usb_camera', 'cmake_prefix_path')
[0.338s] INFO:colcon.colcon_core.shell:Creating environment hook '/home/rodep/rodep/test_ws/yano_ws/install/usb_camera/share/usb_camera/hook/cmake_prefix_path.ps1'
[0.338s] INFO:colcon.colcon_core.shell:Creating environment descriptor '/home/rodep/rodep/test_ws/yano_ws/install/usb_camera/share/usb_camera/hook/cmake_prefix_path.dsv'
[0.339s] INFO:colcon.colcon_core.shell:Creating environment hook '/home/rodep/rodep/test_ws/yano_ws/install/usb_camera/share/usb_camera/hook/cmake_prefix_path.sh'
[0.339s] Level 1:colcon.colcon_core.environment:checking '/home/rodep/rodep/test_ws/yano_ws/install/usb_camera/lib'
[0.339s] Level 1:colcon.colcon_core.environment:checking '/home/rodep/rodep/test_ws/yano_ws/install/usb_camera/bin'
[0.340s] Level 1:colcon.colcon_core.environment:checking '/home/rodep/rodep/test_ws/yano_ws/install/usb_camera/lib/pkgconfig/usb_camera.pc'
[0.340s] Level 1:colcon.colcon_core.environment:checking '/home/rodep/rodep/test_ws/yano_ws/install/usb_camera/lib/python3.12/site-packages'
[0.340s] Level 1:colcon.colcon_core.environment:checking '/home/rodep/rodep/test_ws/yano_ws/install/usb_camera/bin'
[0.340s] INFO:colcon.colcon_core.shell:Creating package script '/home/rodep/rodep/test_ws/yano_ws/install/usb_camera/share/usb_camera/package.ps1'
[0.341s] INFO:colcon.colcon_core.shell:Creating package descriptor '/home/rodep/rodep/test_ws/yano_ws/install/usb_camera/share/usb_camera/package.dsv'
[0.341s] INFO:colcon.colcon_core.shell:Creating package script '/home/rodep/rodep/test_ws/yano_ws/install/usb_camera/share/usb_camera/package.sh'
[0.342s] INFO:colcon.colcon_core.shell:Creating package script '/home/rodep/rodep/test_ws/yano_ws/install/usb_camera/share/usb_camera/package.bash'
[0.342s] INFO:colcon.colcon_core.shell:Creating package script '/home/rodep/rodep/test_ws/yano_ws/install/usb_camera/share/usb_camera/package.zsh'
[0.342s] Level 1:colcon.colcon_core.environment:create_file_with_runtime_dependencies(/home/rodep/rodep/test_ws/yano_ws/install/usb_camera/share/colcon-core/packages/usb_camera)
[0.613s] DEBUG:colcon.colcon_core.event_handler.log_command:Invoked command in '/home/rodep/rodep/test_ws/yano_ws/build/custom_interfaces' returned '0': CMAKE_PREFIX_PATH=${CMAKE_PREFIX_PATH}:/opt/ros/jazzy DEBUGINFOD_URLS=https://debuginfod.ubuntu.com /usr/bin/cmake --build /home/rodep/rodep/test_ws/yano_ws/build/custom_interfaces -- -j8 -l8
[0.615s] DEBUG:colcon.colcon_core.event_handler.log_command:Invoking command in '/home/rodep/rodep/test_ws/yano_ws/build/custom_interfaces': CMAKE_PREFIX_PATH=${CMAKE_PREFIX_PATH}:/opt/ros/jazzy DEBUGINFOD_URLS=https://debuginfod.ubuntu.com /usr/bin/cmake --install /home/rodep/rodep/test_ws/yano_ws/build/custom_interfaces
[0.666s] Level 1:colcon.colcon_core.environment:create_environment_scripts_only(custom_interfaces)
[0.667s] Level 1:colcon.colcon_core.environment:checking '/home/rodep/rodep/test_ws/yano_ws/install/custom_interfaces' for CMake module files
[0.667s] DEBUG:colcon.colcon_core.event_handler.log_command:Invoked command in '/home/rodep/rodep/test_ws/yano_ws/build/custom_interfaces' returned '0': CMAKE_PREFIX_PATH=${CMAKE_PREFIX_PATH}:/opt/ros/jazzy DEBUGINFOD_URLS=https://debuginfod.ubuntu.com /usr/bin/cmake --install /home/rodep/rodep/test_ws/yano_ws/build/custom_interfaces
[0.668s] Level 1:colcon.colcon_core.environment:checking '/home/rodep/rodep/test_ws/yano_ws/install/custom_interfaces' for CMake config files
[0.668s] Level 1:colcon.colcon_core.shell:create_environment_hook('custom_interfaces', 'cmake_prefix_path')
[0.668s] INFO:colcon.colcon_core.shell:Creating environment hook '/home/rodep/rodep/test_ws/yano_ws/install/custom_interfaces/share/custom_interfaces/hook/cmake_prefix_path.ps1'
[0.668s] INFO:colcon.colcon_core.shell:Creating environment descriptor '/home/rodep/rodep/test_ws/yano_ws/install/custom_interfaces/share/custom_interfaces/hook/cmake_prefix_path.dsv'
[0.669s] INFO:colcon.colcon_core.shell:Creating environment hook '/home/rodep/rodep/test_ws/yano_ws/install/custom_interfaces/share/custom_interfaces/hook/cmake_prefix_path.sh'
[0.669s] Level 1:colcon.colcon_core.environment:checking '/home/rodep/rodep/test_ws/yano_ws/install/custom_interfaces/lib'
[0.669s] Level 1:colcon.colcon_core.shell:create_environment_hook('custom_interfaces', 'ld_library_path_lib')
[0.669s] INFO:colcon.colcon_core.shell:Creating environment hook '/home/rodep/rodep/test_ws/yano_ws/install/custom_interfaces/share/custom_interfaces/hook/ld_library_path_lib.ps1'
[0.669s] INFO:colcon.colcon_core.shell:Creating environment descriptor '/home/rodep/rodep/test_ws/yano_ws/install/custom_interfaces/share/custom_interfaces/hook/ld_library_path_lib.dsv'
[0.670s] INFO:colcon.colcon_core.shell:Creating environment hook '/home/rodep/rodep/test_ws/yano_ws/install/custom_interfaces/share/custom_interfaces/hook/ld_library_path_lib.sh'
[0.670s] Level 1:colcon.colcon_core.environment:checking '/home/rodep/rodep/test_ws/yano_ws/install/custom_interfaces/bin'
[0.670s] Level 1:colcon.colcon_core.environment:checking '/home/rodep/rodep/test_ws/yano_ws/install/custom_interfaces/lib/pkgconfig/custom_interfaces.pc'
[0.670s] Level 1:colcon.colcon_core.environment:checking '/home/rodep/rodep/test_ws/yano_ws/install/custom_interfaces/lib/python3.12/site-packages'
[0.670s] Level 1:colcon.colcon_core.shell:create_environment_hook('custom_interfaces', 'pythonpath')
[0.671s] INFO:colcon.colcon_core.shell:Creating environment hook '/home/rodep/rodep/test_ws/yano_ws/install/custom_interfaces/share/custom_interfaces/hook/pythonpath.ps1'
[0.671s] INFO:colcon.colcon_core.shell:Creating environment descriptor '/home/rodep/rodep/test_ws/yano_ws/install/custom_interfaces/share/custom_interfaces/hook/pythonpath.dsv'
[0.671s] INFO:colcon.colcon_core.shell:Creating environment hook '/home/rodep/rodep/test_ws/yano_ws/install/custom_interfaces/share/custom_interfaces/hook/pythonpath.sh'
[0.672s] Level 1:colcon.colcon_core.environment:checking '/home/rodep/rodep/test_ws/yano_ws/install/custom_interfaces/bin'
[0.672s] INFO:colcon.colcon_core.shell:Creating package script '/home/rodep/rodep/test_ws/yano_ws/install/custom_interfaces/share/custom_interfaces/package.ps1'
[0.672s] INFO:colcon.colcon_core.shell:Creating package descriptor '/home/rodep/rodep/test_ws/yano_ws/install/custom_interfaces/share/custom_interfaces/package.dsv'
[0.673s] INFO:colcon.colcon_core.shell:Creating package script '/home/rodep/rodep/test_ws/yano_ws/install/custom_interfaces/share/custom_interfaces/package.sh'
[0.673s] INFO:colcon.colcon_core.shell:Creating package script '/home/rodep/rodep/test_ws/yano_ws/install/custom_interfaces/share/custom_interfaces/package.bash'
[0.673s] INFO:colcon.colcon_core.shell:Creating package script '/home/rodep/rodep/test_ws/yano_ws/install/custom_interfaces/share/custom_interfaces/package.zsh'
[0.673s] Level 1:colcon.colcon_core.environment:create_file_with_runtime_dependencies(/home/rodep/rodep/test_ws/yano_ws/install/custom_interfaces/share/colcon-core/packages/custom_interfaces)
[0.674s] Level 1:colcon.colcon_core.environment:create_environment_scripts_only(custom_interfaces)
[0.674s] Level 1:colcon.colcon_core.environment:checking '/home/rodep/rodep/test_ws/yano_ws/install/custom_interfaces' for CMake module files
[0.675s] Level 1:colcon.colcon_core.environment:checking '/home/rodep/rodep/test_ws/yano_ws/install/custom_interfaces' for CMake config files
[0.675s] Level 1:colcon.colcon_core.shell:create_environment_hook('custom_interfaces', 'cmake_prefix_path')
[0.675s] INFO:colcon.colcon_core.shell:Creating environment hook '/home/rodep/rodep/test_ws/yano_ws/install/custom_interfaces/share/custom_interfaces/hook/cmake_prefix_path.ps1'
[0.675s] INFO:colcon.colcon_core.shell:Creating environment descriptor '/home/rodep/rodep/test_ws/yano_ws/install/custom_interfaces/share/custom_interfaces/hook/cmake_prefix_path.dsv'
[0.675s] INFO:colcon.colcon_core.shell:Creating environment hook '/home/rodep/rodep/test_ws/yano_ws/install/custom_interfaces/share/custom_interfaces/hook/cmake_prefix_path.sh'
[0.676s] Level 1:colcon.colcon_core.environment:checking '/home/rodep/rodep/test_ws/yano_ws/install/custom_interfaces/lib'
[0.676s] Level 1:colcon.colcon_core.shell:create_environment_hook('custom_interfaces', 'ld_library_path_lib')
[0.676s] INFO:colcon.colcon_core.shell:Creating environment hook '/home/rodep/rodep/test_ws/yano_ws/install/custom_interfaces/share/custom_interfaces/hook/ld_library_path_lib.ps1'
[0.676s] INFO:colcon.colcon_core.shell:Creating environment descriptor '/home/rodep/rodep/test_ws/yano_ws/install/custom_interfaces/share/custom_interfaces/hook/ld_library_path_lib.dsv'
[0.677s] INFO:colcon.colcon_core.shell:Creating environment hook '/home/rodep/rodep/test_ws/yano_ws/install/custom_interfaces/share/custom_interfaces/hook/ld_library_path_lib.sh'
[0.677s] Level 1:colcon.colcon_core.environment:checking '/home/rodep/rodep/test_ws/yano_ws/install/custom_interfaces/bin'
[0.677s] Level 1:colcon.colcon_core.environment:checking '/home/rodep/rodep/test_ws/yano_ws/install/custom_interfaces/lib/pkgconfig/custom_interfaces.pc'
[0.677s] Level 1:colcon.colcon_core.environment:checking '/home/rodep/rodep/test_ws/yano_ws/install/custom_interfaces/lib/python3.12/site-packages'
[0.677s] Level 1:colcon.colcon_core.shell:create_environment_hook('custom_interfaces', 'pythonpath')
[0.677s] INFO:colcon.colcon_core.shell:Creating environment hook '/home/rodep/rodep/test_ws/yano_ws/install/custom_interfaces/share/custom_interfaces/hook/pythonpath.ps1'
[0.678s] INFO:colcon.colcon_core.shell:Creating environment descriptor '/home/rodep/rodep/test_ws/yano_ws/install/custom_interfaces/share/custom_interfaces/hook/pythonpath.dsv'
[0.678s] INFO:colcon.colcon_core.shell:Creating environment hook '/home/rodep/rodep/test_ws/yano_ws/install/custom_interfaces/share/custom_interfaces/hook/pythonpath.sh'
[0.678s] Level 1:colcon.colcon_core.environment:checking '/home/rodep/rodep/test_ws/yano_ws/install/custom_interfaces/bin'
[0.679s] INFO:colcon.colcon_core.shell:Creating package script '/home/rodep/rodep/test_ws/yano_ws/install/custom_interfaces/share/custom_interfaces/package.ps1'
[0.679s] INFO:colcon.colcon_core.shell:Creating package descriptor '/home/rodep/rodep/test_ws/yano_ws/install/custom_interfaces/share/custom_interfaces/package.dsv'
[0.679s] INFO:colcon.colcon_core.shell:Creating package script '/home/rodep/rodep/test_ws/yano_ws/install/custom_interfaces/share/custom_interfaces/package.sh'
[0.680s] INFO:colcon.colcon_core.shell:Creating package script '/home/rodep/rodep/test_ws/yano_ws/install/custom_interfaces/share/custom_interfaces/package.bash'
[0.680s] INFO:colcon.colcon_core.shell:Creating package script '/home/rodep/rodep/test_ws/yano_ws/install/custom_interfaces/share/custom_interfaces/package.zsh'
[0.680s] Level 1:colcon.colcon_core.environment:create_file_with_runtime_dependencies(/home/rodep/rodep/test_ws/yano_ws/install/custom_interfaces/share/colcon-core/packages/custom_interfaces)
[0.681s] INFO:colcon.colcon_ros.task.ament_cmake.build:Building ROS package in '/home/rodep/rodep/test_ws/yano_ws/src/crawler_driver' with build type 'ament_cmake'
[0.681s] INFO:colcon.colcon_cmake.task.cmake.build:Building CMake package in '/home/rodep/rodep/test_ws/yano_ws/src/crawler_driver'
[0.681s] INFO:colcon.colcon_core.shell:Skip shell extension 'powershell' for command environment: Not usable outside of PowerShell
[0.681s] DEBUG:colcon.colcon_core.shell:Skip shell extension 'dsv' for command environment
[0.684s] INFO:colcon.colcon_ros.task.ament_cmake.build:Building ROS package in '/home/rodep/rodep/test_ws/yano_ws/src/flipper_driver' with build type 'ament_cmake'
[0.684s] INFO:colcon.colcon_cmake.task.cmake.build:Building CMake package in '/home/rodep/rodep/test_ws/yano_ws/src/flipper_driver'
[0.685s] INFO:colcon.colcon_core.shell:Skip shell extension 'powershell' for command environment: Not usable outside of PowerShell
[0.685s] DEBUG:colcon.colcon_core.shell:Skip shell extension 'dsv' for command environment
[0.687s] INFO:colcon.colcon_ros.task.ament_cmake.build:Building ROS package in '/home/rodep/rodep/test_ws/yano_ws/src/operator' with build type 'ament_cmake'
[0.688s] INFO:colcon.colcon_cmake.task.cmake.build:Building CMake package in '/home/rodep/rodep/test_ws/yano_ws/src/operator'
[0.688s] INFO:colcon.colcon_core.shell:Skip shell extension 'powershell' for command environment: Not usable outside of PowerShell
[0.688s] DEBUG:colcon.colcon_core.shell:Skip shell extension 'dsv' for command environment
[0.694s] DEBUG:colcon.colcon_core.event_handler.log_command:Invoking command in '/home/rodep/rodep/test_ws/yano_ws/build/crawler_driver': CMAKE_PREFIX_PATH=/home/rodep/rodep/test_ws/yano_ws/install/custom_interfaces:/home/rodep/rodep/test_ws/yano_ws/install/usb_camera:/home/rodep/rodep/test_ws/yano_ws/install/operator:/home/rodep/rodep/test_ws/yano_ws/install/flipper_driver:/home/rodep/rodep/test_ws/yano_ws/install/crawler_driver:/opt/ros/jazzy/opt/gz_math_vendor:/opt/ros/jazzy/opt/gz_utils_vendor:/opt/ros/jazzy/opt/gz_cmake_vendor:/opt/ros/jazzy DEBUGINFOD_URLS=https://debuginfod.ubuntu.com /usr/bin/cmake --build /home/rodep/rodep/test_ws/yano_ws/build/crawler_driver -- -j8 -l8
[0.696s] DEBUG:colcon.colcon_core.event_handler.log_command:Invoking command in '/home/rodep/rodep/test_ws/yano_ws/build/flipper_driver': CMAKE_PREFIX_PATH=/home/rodep/rodep/test_ws/yano_ws/install/custom_interfaces:/home/rodep/rodep/test_ws/yano_ws/install/usb_camera:/home/rodep/rodep/test_ws/yano_ws/install/operator:/home/rodep/rodep/test_ws/yano_ws/install/flipper_driver:/home/rodep/rodep/test_ws/yano_ws/install/crawler_driver:/opt/ros/jazzy/opt/gz_math_vendor:/opt/ros/jazzy/opt/gz_utils_vendor:/opt/ros/jazzy/opt/gz_cmake_vendor:/opt/ros/jazzy DEBUGINFOD_URLS=https://debuginfod.ubuntu.com /usr/bin/cmake --build /home/rodep/rodep/test_ws/yano_ws/build/flipper_driver -- -j8 -l8
[0.699s] DEBUG:colcon.colcon_core.event_handler.log_command:Invoking command in '/home/rodep/rodep/test_ws/yano_ws/build/operator': CMAKE_PREFIX_PATH=/home/rodep/rodep/test_ws/yano_ws/install/custom_interfaces:/home/rodep/rodep/test_ws/yano_ws/install/usb_camera:/home/rodep/rodep/test_ws/yano_ws/install/operator:/home/rodep/rodep/test_ws/yano_ws/install/flipper_driver:/home/rodep/rodep/test_ws/yano_ws/install/crawler_driver:/opt/ros/jazzy/opt/gz_math_vendor:/opt/ros/jazzy/opt/gz_utils_vendor:/opt/ros/jazzy/opt/gz_cmake_vendor:/opt/ros/jazzy DEBUGINFOD_URLS=https://debuginfod.ubuntu.com /usr/bin/cmake --build /home/rodep/rodep/test_ws/yano_ws/build/operator -- -j8 -l8
[0.751s] DEBUG:colcon.colcon_core.event_handler.log_command:Invoked command in '/home/rodep/rodep/test_ws/yano_ws/build/flipper_driver' returned '0': CMAKE_PREFIX_PATH=/home/rodep/rodep/test_ws/yano_ws/install/custom_interfaces:/home/rodep/rodep/test_ws/yano_ws/install/usb_camera:/home/rodep/rodep/test_ws/yano_ws/install/operator:/home/rodep/rodep/test_ws/yano_ws/install/flipper_driver:/home/rodep/rodep/test_ws/yano_ws/install/crawler_driver:/opt/ros/jazzy/opt/gz_math_vendor:/opt/ros/jazzy/opt/gz_utils_vendor:/opt/ros/jazzy/opt/gz_cmake_vendor:/opt/ros/jazzy DEBUGINFOD_URLS=https://debuginfod.ubuntu.com /usr/bin/cmake --build /home/rodep/rodep/test_ws/yano_ws/build/flipper_driver -- -j8 -l8
[0.752s] DEBUG:colcon.colcon_core.event_handler.log_command:Invoking command in '/home/rodep/rodep/test_ws/yano_ws/build/flipper_driver': CMAKE_PREFIX_PATH=/home/rodep/rodep/test_ws/yano_ws/install/custom_interfaces:/home/rodep/rodep/test_ws/yano_ws/install/usb_camera:/home/rodep/rodep/test_ws/yano_ws/install/operator:/home/rodep/rodep/test_ws/yano_ws/install/flipper_driver:/home/rodep/rodep/test_ws/yano_ws/install/crawler_driver:/opt/ros/jazzy/opt/gz_math_vendor:/opt/ros/jazzy/opt/gz_utils_vendor:/opt/ros/jazzy/opt/gz_cmake_vendor:/opt/ros/jazzy DEBUGINFOD_URLS=https://debuginfod.ubuntu.com /usr/bin/cmake --install /home/rodep/rodep/test_ws/yano_ws/build/flipper_driver
[0.761s] Level 1:colcon.colcon_core.environment:create_environment_scripts_only(flipper_driver)
[0.761s] Level 1:colcon.colcon_core.environment:checking '/home/rodep/rodep/test_ws/yano_ws/install/flipper_driver' for CMake module files
[0.761s] DEBUG:colcon.colcon_core.event_handler.log_command:Invoked command in '/home/rodep/rodep/test_ws/yano_ws/build/flipper_driver' returned '0': CMAKE_PREFIX_PATH=/home/rodep/rodep/test_ws/yano_ws/install/custom_interfaces:/home/rodep/rodep/test_ws/yano_ws/install/usb_camera:/home/rodep/rodep/test_ws/yano_ws/install/operator:/home/rodep/rodep/test_ws/yano_ws/install/flipper_driver:/home/rodep/rodep/test_ws/yano_ws/install/crawler_driver:/opt/ros/jazzy/opt/gz_math_vendor:/opt/ros/jazzy/opt/gz_utils_vendor:/opt/ros/jazzy/opt/gz_cmake_vendor:/opt/ros/jazzy DEBUGINFOD_URLS=https://debuginfod.ubuntu.com /usr/bin/cmake --install /home/rodep/rodep/test_ws/yano_ws/build/flipper_driver
[0.762s] Level 1:colcon.colcon_core.environment:checking '/home/rodep/rodep/test_ws/yano_ws/install/flipper_driver' for CMake config files
[0.762s] Level 1:colcon.colcon_core.shell:create_environment_hook('flipper_driver', 'cmake_prefix_path')
[0.762s] INFO:colcon.colcon_core.shell:Creating environment hook '/home/rodep/rodep/test_ws/yano_ws/install/flipper_driver/share/flipper_driver/hook/cmake_prefix_path.ps1'
[0.762s] INFO:colcon.colcon_core.shell:Creating environment descriptor '/home/rodep/rodep/test_ws/yano_ws/install/flipper_driver/share/flipper_driver/hook/cmake_prefix_path.dsv'
[0.763s] INFO:colcon.colcon_core.shell:Creating environment hook '/home/rodep/rodep/test_ws/yano_ws/install/flipper_driver/share/flipper_driver/hook/cmake_prefix_path.sh'
[0.763s] Level 1:colcon.colcon_core.environment:checking '/home/rodep/rodep/test_ws/yano_ws/install/flipper_driver/lib'
[0.763s] Level 1:colcon.colcon_core.environment:checking '/home/rodep/rodep/test_ws/yano_ws/install/flipper_driver/bin'
[0.763s] Level 1:colcon.colcon_core.environment:checking '/home/rodep/rodep/test_ws/yano_ws/install/flipper_driver/lib/pkgconfig/flipper_driver.pc'
[0.763s] Level 1:colcon.colcon_core.environment:checking '/home/rodep/rodep/test_ws/yano_ws/install/flipper_driver/lib/python3.12/site-packages'
[0.764s] Level 1:colcon.colcon_core.environment:checking '/home/rodep/rodep/test_ws/yano_ws/install/flipper_driver/bin'
[0.764s] INFO:colcon.colcon_core.shell:Creating package script '/home/rodep/rodep/test_ws/yano_ws/install/flipper_driver/share/flipper_driver/package.ps1'
[0.764s] INFO:colcon.colcon_core.shell:Creating package descriptor '/home/rodep/rodep/test_ws/yano_ws/install/flipper_driver/share/flipper_driver/package.dsv'
[0.764s] INFO:colcon.colcon_core.shell:Creating package script '/home/rodep/rodep/test_ws/yano_ws/install/flipper_driver/share/flipper_driver/package.sh'
[0.765s] INFO:colcon.colcon_core.shell:Creating package script '/home/rodep/rodep/test_ws/yano_ws/install/flipper_driver/share/flipper_driver/package.bash'
[0.765s] INFO:colcon.colcon_core.shell:Creating package script '/home/rodep/rodep/test_ws/yano_ws/install/flipper_driver/share/flipper_driver/package.zsh'
[0.765s] Level 1:colcon.colcon_core.environment:create_file_with_runtime_dependencies(/home/rodep/rodep/test_ws/yano_ws/install/flipper_driver/share/colcon-core/packages/flipper_driver)
[0.766s] Level 1:colcon.colcon_core.environment:create_environment_scripts_only(flipper_driver)
[0.766s] Level 1:colcon.colcon_core.environment:checking '/home/rodep/rodep/test_ws/yano_ws/install/flipper_driver' for CMake module files
[0.766s] Level 1:colcon.colcon_core.environment:checking '/home/rodep/rodep/test_ws/yano_ws/install/flipper_driver' for CMake config files
[0.766s] Level 1:colcon.colcon_core.shell:create_environment_hook('flipper_driver', 'cmake_prefix_path')
[0.766s] INFO:colcon.colcon_core.shell:Creating environment hook '/home/rodep/rodep/test_ws/yano_ws/install/flipper_driver/share/flipper_driver/hook/cmake_prefix_path.ps1'
[0.767s] INFO:colcon.colcon_core.shell:Creating environment descriptor '/home/rodep/rodep/test_ws/yano_ws/install/flipper_driver/share/flipper_driver/hook/cmake_prefix_path.dsv'
[0.767s] INFO:colcon.colcon_core.shell:Creating environment hook '/home/rodep/rodep/test_ws/yano_ws/install/flipper_driver/share/flipper_driver/hook/cmake_prefix_path.sh'
[0.767s] Level 1:colcon.colcon_core.environment:checking '/home/rodep/rodep/test_ws/yano_ws/install/flipper_driver/lib'
[0.768s] Level 1:colcon.colcon_core.environment:checking '/home/rodep/rodep/test_ws/yano_ws/install/flipper_driver/bin'
[0.768s] Level 1:colcon.colcon_core.environment:checking '/home/rodep/rodep/test_ws/yano_ws/install/flipper_driver/lib/pkgconfig/flipper_driver.pc'
[0.768s] Level 1:colcon.colcon_core.environment:checking '/home/rodep/rodep/test_ws/yano_ws/install/flipper_driver/lib/python3.12/site-packages'
[0.768s] Level 1:colcon.colcon_core.environment:checking '/home/rodep/rodep/test_ws/yano_ws/install/flipper_driver/bin'
[0.768s] INFO:colcon.colcon_core.shell:Creating package script '/home/rodep/rodep/test_ws/yano_ws/install/flipper_driver/share/flipper_driver/package.ps1'
[0.769s] INFO:colcon.colcon_core.shell:Creating package descriptor '/home/rodep/rodep/test_ws/yano_ws/install/flipper_driver/share/flipper_driver/package.dsv'
[0.769s] INFO:colcon.colcon_core.shell:Creating package script '/home/rodep/rodep/test_ws/yano_ws/install/flipper_driver/share/flipper_driver/package.sh'
[0.769s] INFO:colcon.colcon_core.shell:Creating package script '/home/rodep/rodep/test_ws/yano_ws/install/flipper_driver/share/flipper_driver/package.bash'
[0.770s] INFO:colcon.colcon_core.shell:Creating package script '/home/rodep/rodep/test_ws/yano_ws/install/flipper_driver/share/flipper_driver/package.zsh'
[0.770s] Level 1:colcon.colcon_core.environment:create_file_with_runtime_dependencies(/home/rodep/rodep/test_ws/yano_ws/install/flipper_driver/share/colcon-core/packages/flipper_driver)
[9.212s] DEBUG:colcon.colcon_core.event_handler.log_command:Invoked command in '/home/rodep/rodep/test_ws/yano_ws/build/operator' returned '0': CMAKE_PREFIX_PATH=/home/rodep/rodep/test_ws/yano_ws/install/custom_interfaces:/home/rodep/rodep/test_ws/yano_ws/install/usb_camera:/home/rodep/rodep/test_ws/yano_ws/install/operator:/home/rodep/rodep/test_ws/yano_ws/install/flipper_driver:/home/rodep/rodep/test_ws/yano_ws/install/crawler_driver:/opt/ros/jazzy/opt/gz_math_vendor:/opt/ros/jazzy/opt/gz_utils_vendor:/opt/ros/jazzy/opt/gz_cmake_vendor:/opt/ros/jazzy DEBUGINFOD_URLS=https://debuginfod.ubuntu.com /usr/bin/cmake --build /home/rodep/rodep/test_ws/yano_ws/build/operator -- -j8 -l8
[9.214s] DEBUG:colcon.colcon_core.event_handler.log_command:Invoking command in '/home/rodep/rodep/test_ws/yano_ws/build/operator': CMAKE_PREFIX_PATH=/home/rodep/rodep/test_ws/yano_ws/install/custom_interfaces:/home/rodep/rodep/test_ws/yano_ws/install/usb_camera:/home/rodep/rodep/test_ws/yano_ws/install/operator:/home/rodep/rodep/test_ws/yano_ws/install/flipper_driver:/home/rodep/rodep/test_ws/yano_ws/install/crawler_driver:/opt/ros/jazzy/opt/gz_math_vendor:/opt/ros/jazzy/opt/gz_utils_vendor:/opt/ros/jazzy/opt/gz_cmake_vendor:/opt/ros/jazzy DEBUGINFOD_URLS=https://debuginfod.ubuntu.com /usr/bin/cmake --install /home/rodep/rodep/test_ws/yano_ws/build/operator
[9.225s] Level 1:colcon.colcon_core.environment:create_environment_scripts_only(operator)
[9.225s] Level 1:colcon.colcon_core.environment:checking '/home/rodep/rodep/test_ws/yano_ws/install/operator' for CMake module files
[9.226s] DEBUG:colcon.colcon_core.event_handler.log_command:Invoked command in '/home/rodep/rodep/test_ws/yano_ws/build/operator' returned '0': CMAKE_PREFIX_PATH=/home/rodep/rodep/test_ws/yano_ws/install/custom_interfaces:/home/rodep/rodep/test_ws/yano_ws/install/usb_camera:/home/rodep/rodep/test_ws/yano_ws/install/operator:/home/rodep/rodep/test_ws/yano_ws/install/flipper_driver:/home/rodep/rodep/test_ws/yano_ws/install/crawler_driver:/opt/ros/jazzy/opt/gz_math_vendor:/opt/ros/jazzy/opt/gz_utils_vendor:/opt/ros/jazzy/opt/gz_cmake_vendor:/opt/ros/jazzy DEBUGINFOD_URLS=https://debuginfod.ubuntu.com /usr/bin/cmake --install /home/rodep/rodep/test_ws/yano_ws/build/operator
[9.226s] Level 1:colcon.colcon_core.environment:checking '/home/rodep/rodep/test_ws/yano_ws/install/operator' for CMake config files
[9.226s] Level 1:colcon.colcon_core.shell:create_environment_hook('operator', 'cmake_prefix_path')
[9.226s] INFO:colcon.colcon_core.shell:Creating environment hook '/home/rodep/rodep/test_ws/yano_ws/install/operator/share/operator/hook/cmake_prefix_path.ps1'
[9.227s] INFO:colcon.colcon_core.shell:Creating environment descriptor '/home/rodep/rodep/test_ws/yano_ws/install/operator/share/operator/hook/cmake_prefix_path.dsv'
[9.227s] INFO:colcon.colcon_core.shell:Creating environment hook '/home/rodep/rodep/test_ws/yano_ws/install/operator/share/operator/hook/cmake_prefix_path.sh'
[9.227s] Level 1:colcon.colcon_core.environment:checking '/home/rodep/rodep/test_ws/yano_ws/install/operator/lib'
[9.228s] Level 1:colcon.colcon_core.environment:checking '/home/rodep/rodep/test_ws/yano_ws/install/operator/bin'
[9.228s] Level 1:colcon.colcon_core.environment:checking '/home/rodep/rodep/test_ws/yano_ws/install/operator/lib/pkgconfig/operator.pc'
[9.228s] Level 1:colcon.colcon_core.environment:checking '/home/rodep/rodep/test_ws/yano_ws/install/operator/lib/python3.12/site-packages'
[9.228s] Level 1:colcon.colcon_core.environment:checking '/home/rodep/rodep/test_ws/yano_ws/install/operator/bin'
[9.228s] INFO:colcon.colcon_core.shell:Creating package script '/home/rodep/rodep/test_ws/yano_ws/install/operator/share/operator/package.ps1'
[9.229s] INFO:colcon.colcon_core.shell:Creating package descriptor '/home/rodep/rodep/test_ws/yano_ws/install/operator/share/operator/package.dsv'
[9.229s] INFO:colcon.colcon_core.shell:Creating package script '/home/rodep/rodep/test_ws/yano_ws/install/operator/share/operator/package.sh'
[9.229s] INFO:colcon.colcon_core.shell:Creating package script '/home/rodep/rodep/test_ws/yano_ws/install/operator/share/operator/package.bash'
[9.230s] INFO:colcon.colcon_core.shell:Creating package script '/home/rodep/rodep/test_ws/yano_ws/install/operator/share/operator/package.zsh'
[9.230s] Level 1:colcon.colcon_core.environment:create_file_with_runtime_dependencies(/home/rodep/rodep/test_ws/yano_ws/install/operator/share/colcon-core/packages/operator)
[9.230s] Level 1:colcon.colcon_core.environment:create_environment_scripts_only(operator)
[9.230s] Level 1:colcon.colcon_core.environment:checking '/home/rodep/rodep/test_ws/yano_ws/install/operator' for CMake module files
[9.231s] Level 1:colcon.colcon_core.environment:checking '/home/rodep/rodep/test_ws/yano_ws/install/operator' for CMake config files
[9.231s] Level 1:colcon.colcon_core.shell:create_environment_hook('operator', 'cmake_prefix_path')
[9.231s] INFO:colcon.colcon_core.shell:Creating environment hook '/home/rodep/rodep/test_ws/yano_ws/install/operator/share/operator/hook/cmake_prefix_path.ps1'
[9.232s] INFO:colcon.colcon_core.shell:Creating environment descriptor '/home/rodep/rodep/test_ws/yano_ws/install/operator/share/operator/hook/cmake_prefix_path.dsv'
[9.232s] INFO:colcon.colcon_core.shell:Creating environment hook '/home/rodep/rodep/test_ws/yano_ws/install/operator/share/operator/hook/cmake_prefix_path.sh'
[9.232s] Level 1:colcon.colcon_core.environment:checking '/home/rodep/rodep/test_ws/yano_ws/install/operator/lib'
[9.232s] Level 1:colcon.colcon_core.environment:checking '/home/rodep/rodep/test_ws/yano_ws/install/operator/bin'
[9.232s] Level 1:colcon.colcon_core.environment:checking '/home/rodep/rodep/test_ws/yano_ws/install/operator/lib/pkgconfig/operator.pc'
[9.233s] Level 1:colcon.colcon_core.environment:checking '/home/rodep/rodep/test_ws/yano_ws/install/operator/lib/python3.12/site-packages'
[9.233s] Level 1:colcon.colcon_core.environment:checking '/home/rodep/rodep/test_ws/yano_ws/install/operator/bin'
[9.233s] INFO:colcon.colcon_core.shell:Creating package script '/home/rodep/rodep/test_ws/yano_ws/install/operator/share/operator/package.ps1'
[9.233s] INFO:colcon.colcon_core.shell:Creating package descriptor '/home/rodep/rodep/test_ws/yano_ws/install/operator/share/operator/package.dsv'
[9.234s] INFO:colcon.colcon_core.shell:Creating package script '/home/rodep/rodep/test_ws/yano_ws/install/operator/share/operator/package.sh'
[9.234s] INFO:colcon.colcon_core.shell:Creating package script '/home/rodep/rodep/test_ws/yano_ws/install/operator/share/operator/package.bash'
[9.235s] INFO:colcon.colcon_core.shell:Creating package script '/home/rodep/rodep/test_ws/yano_ws/install/operator/share/operator/package.zsh'
[9.235s] Level 1:colcon.colcon_core.environment:create_file_with_runtime_dependencies(/home/rodep/rodep/test_ws/yano_ws/install/operator/share/colcon-core/packages/operator)
[12.539s] DEBUG:colcon.colcon_core.event_handler.log_command:Invoked command in '/home/rodep/rodep/test_ws/yano_ws/build/crawler_driver' returned '0': CMAKE_PREFIX_PATH=/home/rodep/rodep/test_ws/yano_ws/install/custom_interfaces:/home/rodep/rodep/test_ws/yano_ws/install/usb_camera:/home/rodep/rodep/test_ws/yano_ws/install/operator:/home/rodep/rodep/test_ws/yano_ws/install/flipper_driver:/home/rodep/rodep/test_ws/yano_ws/install/crawler_driver:/opt/ros/jazzy/opt/gz_math_vendor:/opt/ros/jazzy/opt/gz_utils_vendor:/opt/ros/jazzy/opt/gz_cmake_vendor:/opt/ros/jazzy DEBUGINFOD_URLS=https://debuginfod.ubuntu.com /usr/bin/cmake --build /home/rodep/rodep/test_ws/yano_ws/build/crawler_driver -- -j8 -l8
[12.540s] DEBUG:colcon.colcon_core.event_handler.log_command:Invoking command in '/home/rodep/rodep/test_ws/yano_ws/build/crawler_driver': CMAKE_PREFIX_PATH=/home/rodep/rodep/test_ws/yano_ws/install/custom_interfaces:/home/rodep/rodep/test_ws/yano_ws/install/usb_camera:/home/rodep/rodep/test_ws/yano_ws/install/operator:/home/rodep/rodep/test_ws/yano_ws/install/flipper_driver:/home/rodep/rodep/test_ws/yano_ws/install/crawler_driver:/opt/ros/jazzy/opt/gz_math_vendor:/opt/ros/jazzy/opt/gz_utils_vendor:/opt/ros/jazzy/opt/gz_cmake_vendor:/opt/ros/jazzy DEBUGINFOD_URLS=https://debuginfod.ubuntu.com /usr/bin/cmake --install /home/rodep/rodep/test_ws/yano_ws/build/crawler_driver
[12.554s] Level 1:colcon.colcon_core.environment:create_environment_scripts_only(crawler_driver)
[12.554s] DEBUG:colcon.colcon_core.event_handler.log_command:Invoked command in '/home/rodep/rodep/test_ws/yano_ws/build/crawler_driver' returned '0': CMAKE_PREFIX_PATH=/home/rodep/rodep/test_ws/yano_ws/install/custom_interfaces:/home/rodep/rodep/test_ws/yano_ws/install/usb_camera:/home/rodep/rodep/test_ws/yano_ws/install/operator:/home/rodep/rodep/test_ws/yano_ws/install/flipper_driver:/home/rodep/rodep/test_ws/yano_ws/install/crawler_driver:/opt/ros/jazzy/opt/gz_math_vendor:/opt/ros/jazzy/opt/gz_utils_vendor:/opt/ros/jazzy/opt/gz_cmake_vendor:/opt/ros/jazzy DEBUGINFOD_URLS=https://debuginfod.ubuntu.com /usr/bin/cmake --install /home/rodep/rodep/test_ws/yano_ws/build/crawler_driver
[12.554s] Level 1:colcon.colcon_core.environment:checking '/home/rodep/rodep/test_ws/yano_ws/install/crawler_driver' for CMake module files
[12.555s] Level 1:colcon.colcon_core.environment:checking '/home/rodep/rodep/test_ws/yano_ws/install/crawler_driver' for CMake config files
[12.555s] Level 1:colcon.colcon_core.shell:create_environment_hook('crawler_driver', 'cmake_prefix_path')
[12.555s] INFO:colcon.colcon_core.shell:Creating environment hook '/home/rodep/rodep/test_ws/yano_ws/install/crawler_driver/share/crawler_driver/hook/cmake_prefix_path.ps1'
[12.555s] INFO:colcon.colcon_core.shell:Creating environment descriptor '/home/rodep/rodep/test_ws/yano_ws/install/crawler_driver/share/crawler_driver/hook/cmake_prefix_path.dsv'
[12.556s] INFO:colcon.colcon_core.shell:Creating environment hook '/home/rodep/rodep/test_ws/yano_ws/install/crawler_driver/share/crawler_driver/hook/cmake_prefix_path.sh'
[12.556s] Level 1:colcon.colcon_core.environment:checking '/home/rodep/rodep/test_ws/yano_ws/install/crawler_driver/lib'
[12.556s] Level 1:colcon.colcon_core.environment:checking '/home/rodep/rodep/test_ws/yano_ws/install/crawler_driver/bin'
[12.556s] Level 1:colcon.colcon_core.environment:checking '/home/rodep/rodep/test_ws/yano_ws/install/crawler_driver/lib/pkgconfig/crawler_driver.pc'
[12.556s] Level 1:colcon.colcon_core.environment:checking '/home/rodep/rodep/test_ws/yano_ws/install/crawler_driver/lib/python3.12/site-packages'
[12.557s] Level 1:colcon.colcon_core.environment:checking '/home/rodep/rodep/test_ws/yano_ws/install/crawler_driver/bin'
[12.557s] INFO:colcon.colcon_core.shell:Creating package script '/home/rodep/rodep/test_ws/yano_ws/install/crawler_driver/share/crawler_driver/package.ps1'
[12.557s] INFO:colcon.colcon_core.shell:Creating package descriptor '/home/rodep/rodep/test_ws/yano_ws/install/crawler_driver/share/crawler_driver/package.dsv'
[12.557s] INFO:colcon.colcon_core.shell:Creating package script '/home/rodep/rodep/test_ws/yano_ws/install/crawler_driver/share/crawler_driver/package.sh'
[12.558s] INFO:colcon.colcon_core.shell:Creating package script '/home/rodep/rodep/test_ws/yano_ws/install/crawler_driver/share/crawler_driver/package.bash'
[12.558s] INFO:colcon.colcon_core.shell:Creating package script '/home/rodep/rodep/test_ws/yano_ws/install/crawler_driver/share/crawler_driver/package.zsh'
[12.558s] Level 1:colcon.colcon_core.environment:create_file_with_runtime_dependencies(/home/rodep/rodep/test_ws/yano_ws/install/crawler_driver/share/colcon-core/packages/crawler_driver)
[12.559s] Level 1:colcon.colcon_core.environment:create_environment_scripts_only(crawler_driver)
[12.559s] Level 1:colcon.colcon_core.environment:checking '/home/rodep/rodep/test_ws/yano_ws/install/crawler_driver' for CMake module files
[12.559s] Level 1:colcon.colcon_core.environment:checking '/home/rodep/rodep/test_ws/yano_ws/install/crawler_driver' for CMake config files
[12.559s] Level 1:colcon.colcon_core.shell:create_environment_hook('crawler_driver', 'cmake_prefix_path')
[12.559s] INFO:colcon.colcon_core.shell:Creating environment hook '/home/rodep/rodep/test_ws/yano_ws/install/crawler_driver/share/crawler_driver/hook/cmake_prefix_path.ps1'
[12.560s] INFO:colcon.colcon_core.shell:Creating environment descriptor '/home/rodep/rodep/test_ws/yano_ws/install/crawler_driver/share/crawler_driver/hook/cmake_prefix_path.dsv'
[12.560s] INFO:colcon.colcon_core.shell:Creating environment hook '/home/rodep/rodep/test_ws/yano_ws/install/crawler_driver/share/crawler_driver/hook/cmake_prefix_path.sh'
[12.560s] Level 1:colcon.colcon_core.environment:checking '/home/rodep/rodep/test_ws/yano_ws/install/crawler_driver/lib'
[12.560s] Level 1:colcon.colcon_core.environment:checking '/home/rodep/rodep/test_ws/yano_ws/install/crawler_driver/bin'
[12.560s] Level 1:colcon.colcon_core.environment:checking '/home/rodep/rodep/test_ws/yano_ws/install/crawler_driver/lib/pkgconfig/crawler_driver.pc'
[12.561s] Level 1:colcon.colcon_core.environment:checking '/home/rodep/rodep/test_ws/yano_ws/install/crawler_driver/lib/python3.12/site-packages'
[12.561s] Level 1:colcon.colcon_core.environment:checking '/home/rodep/rodep/test_ws/yano_ws/install/crawler_driver/bin'
[12.561s] INFO:colcon.colcon_core.shell:Creating package script '/home/rodep/rodep/test_ws/yano_ws/install/crawler_driver/share/crawler_driver/package.ps1'
[12.561s] INFO:colcon.colcon_core.shell:Creating package descriptor '/home/rodep/rodep/test_ws/yano_ws/install/crawler_driver/share/crawler_driver/package.dsv'
[12.562s] INFO:colcon.colcon_core.shell:Creating package script '/home/rodep/rodep/test_ws/yano_ws/install/crawler_driver/share/crawler_driver/package.sh'
[12.562s] INFO:colcon.colcon_core.shell:Creating package script '/home/rodep/rodep/test_ws/yano_ws/install/crawler_driver/share/crawler_driver/package.bash'
[12.562s] INFO:colcon.colcon_core.shell:Creating package script '/home/rodep/rodep/test_ws/yano_ws/install/crawler_driver/share/crawler_driver/package.zsh'
[12.563s] Level 1:colcon.colcon_core.environment:create_file_with_runtime_dependencies(/home/rodep/rodep/test_ws/yano_ws/install/crawler_driver/share/colcon-core/packages/crawler_driver)
[12.564s] DEBUG:colcon.colcon_parallel_executor.executor.parallel:closing loop
[12.564s] DEBUG:colcon.colcon_parallel_executor.executor.parallel:loop closed
[12.564s] DEBUG:colcon.colcon_parallel_executor.executor.parallel:run_until_complete finished with '0'
[12.564s] DEBUG:colcon.colcon_core.event_reactor:joining thread
[12.569s] INFO:colcon.colcon_core.plugin_system:Skipping extension 'colcon_notification.desktop_notification.terminal_notifier': Not used on non-Darwin systems
[12.569s] INFO:colcon.colcon_core.plugin_system:Skipping extension 'colcon_notification.desktop_notification.win32': Not used on non-Windows systems
[12.569s] INFO:colcon.colcon_notification.desktop_notification:Sending desktop notification using 'notify2'
[12.588s] DEBUG:colcon.colcon_core.event_reactor:joined thread
[12.588s] INFO:colcon.colcon_core.shell:Creating prefix script '/home/rodep/rodep/test_ws/yano_ws/install/local_setup.ps1'
[12.589s] INFO:colcon.colcon_core.shell:Creating prefix util module '/home/rodep/rodep/test_ws/yano_ws/install/_local_setup_util_ps1.py'
[12.590s] INFO:colcon.colcon_core.shell:Creating prefix chain script '/home/rodep/rodep/test_ws/yano_ws/install/setup.ps1'
[12.591s] INFO:colcon.colcon_core.shell:Creating prefix script '/home/rodep/rodep/test_ws/yano_ws/install/local_setup.sh'
[12.591s] INFO:colcon.colcon_core.shell:Creating prefix util module '/home/rodep/rodep/test_ws/yano_ws/install/_local_setup_util_sh.py'
[12.592s] INFO:colcon.colcon_core.shell:Creating prefix chain script '/home/rodep/rodep/test_ws/yano_ws/install/setup.sh'
[12.593s] INFO:colcon.colcon_core.shell:Creating prefix script '/home/rodep/rodep/test_ws/yano_ws/install/local_setup.bash'
[12.594s] INFO:colcon.colcon_core.shell:Creating prefix chain script '/home/rodep/rodep/test_ws/yano_ws/install/setup.bash'
[12.594s] INFO:colcon.colcon_core.shell:Creating prefix script '/home/rodep/rodep/test_ws/yano_ws/install/local_setup.zsh'
[12.595s] INFO:colcon.colcon_core.shell:Creating prefix chain script '/home/rodep/rodep/test_ws/yano_ws/install/setup.zsh'
