[0.149s] DEBUG:colcon:Command line arguments: ['/usr/bin/colcon', 'build']
[0.149s] DEBUG:colcon:Parsed command line arguments: Namespace(log_base=None, log_level=None, verb_name='build', build_base='build', install_base='install', merge_install=False, symlink_install=False, test_result_base=None, continue_on_error=False, executor='parallel', parallel_workers=4, event_handlers=None, ignore_user_meta=False, metas=['./colcon.meta'], base_paths=['.'], packages_ignore=None, packages_ignore_regex=None, paths=None, packages_up_to=None, packages_up_to_regex=None, packages_above=None, packages_above_and_dependencies=None, packages_above_depth=None, packages_select_by_dep=None, packages_skip_by_dep=None, packages_skip_up_to=None, packages_select_build_failed=False, packages_skip_build_finished=False, packages_select_test_failures=False, packages_skip_test_passed=False, packages_select=None, packages_skip=None, packages_select_regex=None, packages_skip_regex=None, packages_start=None, packages_end=None, cmake_args=None, cmake_target=None, cmake_target_skip_unavailable=False, cmake_clean_cache=False, cmake_clean_first=False, cmake_force_configure=False, ament_cmake_args=None, catkin_cmake_args=None, catkin_skip_building_tests=False, mixin_files=None, mixin=None, verb_parser=<colcon_mixin.mixin.mixin_argument.MixinArgumentDecorator object at 0x7058e24cb6a0>, verb_extension=<colcon_core.verb.build.BuildVerb object at 0x7058e24caf20>, main=<bound method BuildVerb.main of <colcon_core.verb.build.BuildVerb object at 0x7058e24caf20>>, mixin_verb=('build',))
[0.334s] Level 1:colcon.colcon_core.package_discovery:discover_packages(colcon_meta) check parameters
[0.335s] INFO:colcon.colcon_metadata.package_discovery.colcon_meta:Using configuration from '/root/.colcon/metadata/default/Gazebo.meta'
[0.336s] INFO:colcon.colcon_metadata.package_discovery.colcon_meta:Using configuration from '/root/.colcon/metadata/default/fastrtps.meta'
[0.336s] Level 1:colcon.colcon_core.package_discovery:discover_packages(recursive) check parameters
[0.336s] Level 1:colcon.colcon_core.package_discovery:discover_packages(ignore) check parameters
[0.336s] Level 1:colcon.colcon_core.package_discovery:discover_packages(path) check parameters
[0.336s] Level 1:colcon.colcon_core.package_discovery:discover_packages(colcon_meta) discover
[0.336s] Level 1:colcon.colcon_core.package_discovery:discover_packages(recursive) discover
[0.336s] INFO:colcon.colcon_core.package_discovery:Crawling recursively for packages in '/root/working/test_ws/yano_ws'
[0.336s] Level 1:colcon.colcon_core.package_identification:_identify(.) by extensions ['ignore', 'ignore_ament_install']
[0.336s] Level 1:colcon.colcon_core.package_identification:_identify(.) by extension 'ignore'
[0.336s] Level 1:colcon.colcon_core.package_identification:_identify(.) by extension 'ignore_ament_install'
[0.336s] Level 1:colcon.colcon_core.package_identification:_identify(.) by extensions ['colcon_pkg']
[0.337s] Level 1:colcon.colcon_core.package_identification:_identify(.) by extension 'colcon_pkg'
[0.337s] Level 1:colcon.colcon_core.package_identification:_identify(.) by extensions ['colcon_meta']
[0.337s] Level 1:colcon.colcon_core.package_identification:_identify(.) by extension 'colcon_meta'
[0.337s] Level 1:colcon.colcon_core.package_identification:_identify(.) by extensions ['ros']
[0.337s] Level 1:colcon.colcon_core.package_identification:_identify(.) by extension 'ros'
[0.352s] Level 1:colcon.colcon_core.package_identification:_identify(.) by extensions ['cmake', 'python']
[0.352s] Level 1:colcon.colcon_core.package_identification:_identify(.) by extension 'cmake'
[0.352s] Level 1:colcon.colcon_core.package_identification:_identify(.) by extension 'python'
[0.352s] Level 1:colcon.colcon_core.package_identification:_identify(.) by extensions ['python_setup_py']
[0.352s] Level 1:colcon.colcon_core.package_identification:_identify(.) by extension 'python_setup_py'
[0.352s] Level 1:colcon.colcon_core.package_identification:_identify(build) by extensions ['ignore', 'ignore_ament_install']
[0.352s] Level 1:colcon.colcon_core.package_identification:_identify(build) by extension 'ignore'
[0.352s] Level 1:colcon.colcon_core.package_identification:_identify(build) ignored
[0.352s] Level 1:colcon.colcon_core.package_identification:_identify(install) by extensions ['ignore', 'ignore_ament_install']
[0.353s] Level 1:colcon.colcon_core.package_identification:_identify(install) by extension 'ignore'
[0.353s] Level 1:colcon.colcon_core.package_identification:_identify(install) ignored
[0.353s] Level 1:colcon.colcon_core.package_identification:_identify(launch) by extensions ['ignore', 'ignore_ament_install']
[0.353s] Level 1:colcon.colcon_core.package_identification:_identify(launch) by extension 'ignore'
[0.353s] Level 1:colcon.colcon_core.package_identification:_identify(launch) by extension 'ignore_ament_install'
[0.353s] Level 1:colcon.colcon_core.package_identification:_identify(launch) by extensions ['colcon_pkg']
[0.353s] Level 1:colcon.colcon_core.package_identification:_identify(launch) by extension 'colcon_pkg'
[0.353s] Level 1:colcon.colcon_core.package_identification:_identify(launch) by extensions ['colcon_meta']
[0.353s] Level 1:colcon.colcon_core.package_identification:_identify(launch) by extension 'colcon_meta'
[0.353s] Level 1:colcon.colcon_core.package_identification:_identify(launch) by extensions ['ros']
[0.353s] Level 1:colcon.colcon_core.package_identification:_identify(launch) by extension 'ros'
[0.353s] Level 1:colcon.colcon_core.package_identification:_identify(launch) by extensions ['cmake', 'python']
[0.353s] Level 1:colcon.colcon_core.package_identification:_identify(launch) by extension 'cmake'
[0.353s] Level 1:colcon.colcon_core.package_identification:_identify(launch) by extension 'python'
[0.353s] Level 1:colcon.colcon_core.package_identification:_identify(launch) by extensions ['python_setup_py']
[0.353s] Level 1:colcon.colcon_core.package_identification:_identify(launch) by extension 'python_setup_py'
[0.354s] Level 1:colcon.colcon_core.package_identification:_identify(launch/__pycache__) by extensions ['ignore', 'ignore_ament_install']
[0.354s] Level 1:colcon.colcon_core.package_identification:_identify(launch/__pycache__) by extension 'ignore'
[0.354s] Level 1:colcon.colcon_core.package_identification:_identify(launch/__pycache__) by extension 'ignore_ament_install'
[0.354s] Level 1:colcon.colcon_core.package_identification:_identify(launch/__pycache__) by extensions ['colcon_pkg']
[0.354s] Level 1:colcon.colcon_core.package_identification:_identify(launch/__pycache__) by extension 'colcon_pkg'
[0.354s] Level 1:colcon.colcon_core.package_identification:_identify(launch/__pycache__) by extensions ['colcon_meta']
[0.354s] Level 1:colcon.colcon_core.package_identification:_identify(launch/__pycache__) by extension 'colcon_meta'
[0.354s] Level 1:colcon.colcon_core.package_identification:_identify(launch/__pycache__) by extensions ['ros']
[0.354s] Level 1:colcon.colcon_core.package_identification:_identify(launch/__pycache__) by extension 'ros'
[0.354s] Level 1:colcon.colcon_core.package_identification:_identify(launch/__pycache__) by extensions ['cmake', 'python']
[0.354s] Level 1:colcon.colcon_core.package_identification:_identify(launch/__pycache__) by extension 'cmake'
[0.354s] Level 1:colcon.colcon_core.package_identification:_identify(launch/__pycache__) by extension 'python'
[0.354s] Level 1:colcon.colcon_core.package_identification:_identify(launch/__pycache__) by extensions ['python_setup_py']
[0.354s] Level 1:colcon.colcon_core.package_identification:_identify(launch/__pycache__) by extension 'python_setup_py'
[0.354s] Level 1:colcon.colcon_core.package_identification:_identify(log) by extensions ['ignore', 'ignore_ament_install']
[0.354s] Level 1:colcon.colcon_core.package_identification:_identify(log) by extension 'ignore'
[0.355s] Level 1:colcon.colcon_core.package_identification:_identify(log) ignored
[0.355s] Level 1:colcon.colcon_core.package_identification:_identify(src) by extensions ['ignore', 'ignore_ament_install']
[0.355s] Level 1:colcon.colcon_core.package_identification:_identify(src) by extension 'ignore'
[0.355s] Level 1:colcon.colcon_core.package_identification:_identify(src) by extension 'ignore_ament_install'
[0.355s] Level 1:colcon.colcon_core.package_identification:_identify(src) by extensions ['colcon_pkg']
[0.355s] Level 1:colcon.colcon_core.package_identification:_identify(src) by extension 'colcon_pkg'
[0.355s] Level 1:colcon.colcon_core.package_identification:_identify(src) by extensions ['colcon_meta']
[0.355s] Level 1:colcon.colcon_core.package_identification:_identify(src) by extension 'colcon_meta'
[0.355s] Level 1:colcon.colcon_core.package_identification:_identify(src) by extensions ['ros']
[0.355s] Level 1:colcon.colcon_core.package_identification:_identify(src) by extension 'ros'
[0.355s] Level 1:colcon.colcon_core.package_identification:_identify(src) by extensions ['cmake', 'python']
[0.355s] Level 1:colcon.colcon_core.package_identification:_identify(src) by extension 'cmake'
[0.355s] Level 1:colcon.colcon_core.package_identification:_identify(src) by extension 'python'
[0.355s] Level 1:colcon.colcon_core.package_identification:_identify(src) by extensions ['python_setup_py']
[0.355s] Level 1:colcon.colcon_core.package_identification:_identify(src) by extension 'python_setup_py'
[0.355s] Level 1:colcon.colcon_core.package_identification:_identify(src/DynamixelSDK) by extensions ['ignore', 'ignore_ament_install']
[0.356s] Level 1:colcon.colcon_core.package_identification:_identify(src/DynamixelSDK) by extension 'ignore'
[0.356s] Level 1:colcon.colcon_core.package_identification:_identify(src/DynamixelSDK) by extension 'ignore_ament_install'
[0.356s] Level 1:colcon.colcon_core.package_identification:_identify(src/DynamixelSDK) by extensions ['colcon_pkg']
[0.356s] Level 1:colcon.colcon_core.package_identification:_identify(src/DynamixelSDK) by extension 'colcon_pkg'
[0.356s] Level 1:colcon.colcon_core.package_identification:_identify(src/DynamixelSDK) by extensions ['colcon_meta']
[0.356s] Level 1:colcon.colcon_core.package_identification:_identify(src/DynamixelSDK) by extension 'colcon_meta'
[0.356s] Level 1:colcon.colcon_core.package_identification:_identify(src/DynamixelSDK) by extensions ['ros']
[0.356s] Level 1:colcon.colcon_core.package_identification:_identify(src/DynamixelSDK) by extension 'ros'
[0.356s] Level 1:colcon.colcon_core.package_identification:_identify(src/DynamixelSDK) by extensions ['cmake', 'python']
[0.356s] Level 1:colcon.colcon_core.package_identification:_identify(src/DynamixelSDK) by extension 'cmake'
[0.356s] Level 1:colcon.colcon_core.package_identification:_identify(src/DynamixelSDK) by extension 'python'
[0.356s] Level 1:colcon.colcon_core.package_identification:_identify(src/DynamixelSDK) by extensions ['python_setup_py']
[0.356s] Level 1:colcon.colcon_core.package_identification:_identify(src/DynamixelSDK) by extension 'python_setup_py'
[0.356s] Level 1:colcon.colcon_core.package_identification:_identify(src/crawler_driver) by extensions ['ignore', 'ignore_ament_install']
[0.356s] Level 1:colcon.colcon_core.package_identification:_identify(src/crawler_driver) by extension 'ignore'
[0.356s] Level 1:colcon.colcon_core.package_identification:_identify(src/crawler_driver) by extension 'ignore_ament_install'
[0.356s] Level 1:colcon.colcon_core.package_identification:_identify(src/crawler_driver) by extensions ['colcon_pkg']
[0.357s] Level 1:colcon.colcon_core.package_identification:_identify(src/crawler_driver) by extension 'colcon_pkg'
[0.357s] Level 1:colcon.colcon_core.package_identification:_identify(src/crawler_driver) by extensions ['colcon_meta']
[0.357s] Level 1:colcon.colcon_core.package_identification:_identify(src/crawler_driver) by extension 'colcon_meta'
[0.357s] Level 1:colcon.colcon_core.package_identification:_identify(src/crawler_driver) by extensions ['ros']
[0.357s] Level 1:colcon.colcon_core.package_identification:_identify(src/crawler_driver) by extension 'ros'
[0.360s] DEBUG:colcon.colcon_core.package_identification:Package 'src/crawler_driver' with type 'ros.ament_cmake' and name 'crawler_driver'
[0.360s] Level 1:colcon.colcon_core.package_identification:_identify(src/custom_interfaces) by extensions ['ignore', 'ignore_ament_install']
[0.360s] Level 1:colcon.colcon_core.package_identification:_identify(src/custom_interfaces) by extension 'ignore'
[0.360s] Level 1:colcon.colcon_core.package_identification:_identify(src/custom_interfaces) by extension 'ignore_ament_install'
[0.360s] Level 1:colcon.colcon_core.package_identification:_identify(src/custom_interfaces) by extensions ['colcon_pkg']
[0.360s] Level 1:colcon.colcon_core.package_identification:_identify(src/custom_interfaces) by extension 'colcon_pkg'
[0.360s] Level 1:colcon.colcon_core.package_identification:_identify(src/custom_interfaces) by extensions ['colcon_meta']
[0.360s] Level 1:colcon.colcon_core.package_identification:_identify(src/custom_interfaces) by extension 'colcon_meta'
[0.360s] Level 1:colcon.colcon_core.package_identification:_identify(src/custom_interfaces) by extensions ['ros']
[0.360s] Level 1:colcon.colcon_core.package_identification:_identify(src/custom_interfaces) by extension 'ros'
[0.361s] DEBUG:colcon.colcon_core.package_identification:Package 'src/custom_interfaces' with type 'ros.ament_cmake' and name 'custom_interfaces'
[0.361s] Level 1:colcon.colcon_core.package_identification:_identify(src/dynamixel-workbench) by extensions ['ignore', 'ignore_ament_install']
[0.361s] Level 1:colcon.colcon_core.package_identification:_identify(src/dynamixel-workbench) by extension 'ignore'
[0.361s] Level 1:colcon.colcon_core.package_identification:_identify(src/dynamixel-workbench) by extension 'ignore_ament_install'
[0.361s] Level 1:colcon.colcon_core.package_identification:_identify(src/dynamixel-workbench) by extensions ['colcon_pkg']
[0.362s] Level 1:colcon.colcon_core.package_identification:_identify(src/dynamixel-workbench) by extension 'colcon_pkg'
[0.362s] Level 1:colcon.colcon_core.package_identification:_identify(src/dynamixel-workbench) by extensions ['colcon_meta']
[0.362s] Level 1:colcon.colcon_core.package_identification:_identify(src/dynamixel-workbench) by extension 'colcon_meta'
[0.362s] Level 1:colcon.colcon_core.package_identification:_identify(src/dynamixel-workbench) by extensions ['ros']
[0.362s] Level 1:colcon.colcon_core.package_identification:_identify(src/dynamixel-workbench) by extension 'ros'
[0.362s] Level 1:colcon.colcon_core.package_identification:_identify(src/dynamixel-workbench) by extensions ['cmake', 'python']
[0.362s] Level 1:colcon.colcon_core.package_identification:_identify(src/dynamixel-workbench) by extension 'cmake'
[0.362s] Level 1:colcon.colcon_core.package_identification:_identify(src/dynamixel-workbench) by extension 'python'
[0.362s] Level 1:colcon.colcon_core.package_identification:_identify(src/dynamixel-workbench) by extensions ['python_setup_py']
[0.362s] Level 1:colcon.colcon_core.package_identification:_identify(src/dynamixel-workbench) by extension 'python_setup_py'
[0.362s] Level 1:colcon.colcon_core.package_identification:_identify(src/dynamixel-workbench-msgs) by extensions ['ignore', 'ignore_ament_install']
[0.362s] Level 1:colcon.colcon_core.package_identification:_identify(src/dynamixel-workbench-msgs) by extension 'ignore'
[0.362s] Level 1:colcon.colcon_core.package_identification:_identify(src/dynamixel-workbench-msgs) by extension 'ignore_ament_install'
[0.362s] Level 1:colcon.colcon_core.package_identification:_identify(src/dynamixel-workbench-msgs) by extensions ['colcon_pkg']
[0.362s] Level 1:colcon.colcon_core.package_identification:_identify(src/dynamixel-workbench-msgs) by extension 'colcon_pkg'
[0.362s] Level 1:colcon.colcon_core.package_identification:_identify(src/dynamixel-workbench-msgs) by extensions ['colcon_meta']
[0.363s] Level 1:colcon.colcon_core.package_identification:_identify(src/dynamixel-workbench-msgs) by extension 'colcon_meta'
[0.363s] Level 1:colcon.colcon_core.package_identification:_identify(src/dynamixel-workbench-msgs) by extensions ['ros']
[0.363s] Level 1:colcon.colcon_core.package_identification:_identify(src/dynamixel-workbench-msgs) by extension 'ros'
[0.363s] Level 1:colcon.colcon_core.package_identification:_identify(src/dynamixel-workbench-msgs) by extensions ['cmake', 'python']
[0.363s] Level 1:colcon.colcon_core.package_identification:_identify(src/dynamixel-workbench-msgs) by extension 'cmake'
[0.363s] Level 1:colcon.colcon_core.package_identification:_identify(src/dynamixel-workbench-msgs) by extension 'python'
[0.363s] Level 1:colcon.colcon_core.package_identification:_identify(src/dynamixel-workbench-msgs) by extensions ['python_setup_py']
[0.363s] Level 1:colcon.colcon_core.package_identification:_identify(src/dynamixel-workbench-msgs) by extension 'python_setup_py'
[0.363s] Level 1:colcon.colcon_core.package_identification:_identify(src/flipper_driver) by extensions ['ignore', 'ignore_ament_install']
[0.363s] Level 1:colcon.colcon_core.package_identification:_identify(src/flipper_driver) by extension 'ignore'
[0.363s] Level 1:colcon.colcon_core.package_identification:_identify(src/flipper_driver) by extension 'ignore_ament_install'
[0.363s] Level 1:colcon.colcon_core.package_identification:_identify(src/flipper_driver) by extensions ['colcon_pkg']
[0.363s] Level 1:colcon.colcon_core.package_identification:_identify(src/flipper_driver) by extension 'colcon_pkg'
[0.363s] Level 1:colcon.colcon_core.package_identification:_identify(src/flipper_driver) by extensions ['colcon_meta']
[0.363s] Level 1:colcon.colcon_core.package_identification:_identify(src/flipper_driver) by extension 'colcon_meta'
[0.363s] Level 1:colcon.colcon_core.package_identification:_identify(src/flipper_driver) by extensions ['ros']
[0.363s] Level 1:colcon.colcon_core.package_identification:_identify(src/flipper_driver) by extension 'ros'
[0.364s] DEBUG:colcon.colcon_core.package_identification:Package 'src/flipper_driver' with type 'ros.ament_cmake' and name 'flipper_driver'
[0.364s] Level 1:colcon.colcon_core.package_identification:_identify(src/operator) by extensions ['ignore', 'ignore_ament_install']
[0.365s] Level 1:colcon.colcon_core.package_identification:_identify(src/operator) by extension 'ignore'
[0.365s] Level 1:colcon.colcon_core.package_identification:_identify(src/operator) by extension 'ignore_ament_install'
[0.365s] Level 1:colcon.colcon_core.package_identification:_identify(src/operator) by extensions ['colcon_pkg']
[0.365s] Level 1:colcon.colcon_core.package_identification:_identify(src/operator) by extension 'colcon_pkg'
[0.365s] Level 1:colcon.colcon_core.package_identification:_identify(src/operator) by extensions ['colcon_meta']
[0.365s] Level 1:colcon.colcon_core.package_identification:_identify(src/operator) by extension 'colcon_meta'
[0.365s] Level 1:colcon.colcon_core.package_identification:_identify(src/operator) by extensions ['ros']
[0.365s] Level 1:colcon.colcon_core.package_identification:_identify(src/operator) by extension 'ros'
[0.366s] DEBUG:colcon.colcon_core.package_identification:Package 'src/operator' with type 'ros.ament_cmake' and name 'operator'
[0.366s] Level 1:colcon.colcon_core.package_identification:_identify(src/usb_camera) by extensions ['ignore', 'ignore_ament_install']
[0.366s] Level 1:colcon.colcon_core.package_identification:_identify(src/usb_camera) by extension 'ignore'
[0.366s] Level 1:colcon.colcon_core.package_identification:_identify(src/usb_camera) by extension 'ignore_ament_install'
[0.366s] Level 1:colcon.colcon_core.package_identification:_identify(src/usb_camera) by extensions ['colcon_pkg']
[0.366s] Level 1:colcon.colcon_core.package_identification:_identify(src/usb_camera) by extension 'colcon_pkg'
[0.366s] Level 1:colcon.colcon_core.package_identification:_identify(src/usb_camera) by extensions ['colcon_meta']
[0.366s] Level 1:colcon.colcon_core.package_identification:_identify(src/usb_camera) by extension 'colcon_meta'
[0.366s] Level 1:colcon.colcon_core.package_identification:_identify(src/usb_camera) by extensions ['ros']
[0.366s] Level 1:colcon.colcon_core.package_identification:_identify(src/usb_camera) by extension 'ros'
[0.367s] DEBUG:colcon.colcon_core.package_identification:Package 'src/usb_camera' with type 'ros.ament_cmake' and name 'usb_camera'
[0.367s] Level 1:colcon.colcon_core.package_discovery:discover_packages(recursive) using defaults
[0.367s] Level 1:colcon.colcon_core.package_discovery:discover_packages(ignore) discover
[0.367s] Level 1:colcon.colcon_core.package_discovery:discover_packages(ignore) using defaults
[0.367s] Level 1:colcon.colcon_core.package_discovery:discover_packages(path) discover
[0.367s] Level 1:colcon.colcon_core.package_discovery:discover_packages(path) using defaults
[0.392s] Level 5:colcon.colcon_core.verb:set package 'custom_interfaces' build argument 'cmake_args' from command line to 'None'
[0.392s] Level 5:colcon.colcon_core.verb:set package 'custom_interfaces' build argument 'cmake_target' from command line to 'None'
[0.392s] Level 5:colcon.colcon_core.verb:set package 'custom_interfaces' build argument 'cmake_target_skip_unavailable' from command line to 'False'
[0.392s] Level 5:colcon.colcon_core.verb:set package 'custom_interfaces' build argument 'cmake_clean_cache' from command line to 'False'
[0.392s] Level 5:colcon.colcon_core.verb:set package 'custom_interfaces' build argument 'cmake_clean_first' from command line to 'False'
[0.392s] Level 5:colcon.colcon_core.verb:set package 'custom_interfaces' build argument 'cmake_force_configure' from command line to 'False'
[0.392s] Level 5:colcon.colcon_core.verb:set package 'custom_interfaces' build argument 'ament_cmake_args' from command line to 'None'
[0.392s] Level 5:colcon.colcon_core.verb:set package 'custom_interfaces' build argument 'catkin_cmake_args' from command line to 'None'
[0.392s] Level 5:colcon.colcon_core.verb:set package 'custom_interfaces' build argument 'catkin_skip_building_tests' from command line to 'False'
[0.393s] DEBUG:colcon.colcon_core.verb:Building package 'custom_interfaces' with the following arguments: {'ament_cmake_args': None, 'build_base': '/root/working/test_ws/yano_ws/build/custom_interfaces', 'catkin_cmake_args': None, 'catkin_skip_building_tests': False, 'cmake_args': None, 'cmake_clean_cache': False, 'cmake_clean_first': False, 'cmake_force_configure': False, 'cmake_target': None, 'cmake_target_skip_unavailable': False, 'install_base': '/root/working/test_ws/yano_ws/install/custom_interfaces', 'merge_install': False, 'path': '/root/working/test_ws/yano_ws/src/custom_interfaces', 'symlink_install': False, 'test_result_base': None}
[0.393s] Level 5:colcon.colcon_core.verb:set package 'usb_camera' build argument 'cmake_args' from command line to 'None'
[0.393s] Level 5:colcon.colcon_core.verb:set package 'usb_camera' build argument 'cmake_target' from command line to 'None'
[0.393s] Level 5:colcon.colcon_core.verb:set package 'usb_camera' build argument 'cmake_target_skip_unavailable' from command line to 'False'
[0.393s] Level 5:colcon.colcon_core.verb:set package 'usb_camera' build argument 'cmake_clean_cache' from command line to 'False'
[0.393s] Level 5:colcon.colcon_core.verb:set package 'usb_camera' build argument 'cmake_clean_first' from command line to 'False'
[0.393s] Level 5:colcon.colcon_core.verb:set package 'usb_camera' build argument 'cmake_force_configure' from command line to 'False'
[0.393s] Level 5:colcon.colcon_core.verb:set package 'usb_camera' build argument 'ament_cmake_args' from command line to 'None'
[0.393s] Level 5:colcon.colcon_core.verb:set package 'usb_camera' build argument 'catkin_cmake_args' from command line to 'None'
[0.393s] Level 5:colcon.colcon_core.verb:set package 'usb_camera' build argument 'catkin_skip_building_tests' from command line to 'False'
[0.393s] DEBUG:colcon.colcon_core.verb:Building package 'usb_camera' with the following arguments: {'ament_cmake_args': None, 'build_base': '/root/working/test_ws/yano_ws/build/usb_camera', 'catkin_cmake_args': None, 'catkin_skip_building_tests': False, 'cmake_args': None, 'cmake_clean_cache': False, 'cmake_clean_first': False, 'cmake_force_configure': False, 'cmake_target': None, 'cmake_target_skip_unavailable': False, 'install_base': '/root/working/test_ws/yano_ws/install/usb_camera', 'merge_install': False, 'path': '/root/working/test_ws/yano_ws/src/usb_camera', 'symlink_install': False, 'test_result_base': None}
[0.394s] Level 5:colcon.colcon_core.verb:set package 'crawler_driver' build argument 'cmake_args' from command line to 'None'
[0.394s] Level 5:colcon.colcon_core.verb:set package 'crawler_driver' build argument 'cmake_target' from command line to 'None'
[0.394s] Level 5:colcon.colcon_core.verb:set package 'crawler_driver' build argument 'cmake_target_skip_unavailable' from command line to 'False'
[0.394s] Level 5:colcon.colcon_core.verb:set package 'crawler_driver' build argument 'cmake_clean_cache' from command line to 'False'
[0.394s] Level 5:colcon.colcon_core.verb:set package 'crawler_driver' build argument 'cmake_clean_first' from command line to 'False'
[0.394s] Level 5:colcon.colcon_core.verb:set package 'crawler_driver' build argument 'cmake_force_configure' from command line to 'False'
[0.394s] Level 5:colcon.colcon_core.verb:set package 'crawler_driver' build argument 'ament_cmake_args' from command line to 'None'
[0.394s] Level 5:colcon.colcon_core.verb:set package 'crawler_driver' build argument 'catkin_cmake_args' from command line to 'None'
[0.394s] Level 5:colcon.colcon_core.verb:set package 'crawler_driver' build argument 'catkin_skip_building_tests' from command line to 'False'
[0.394s] DEBUG:colcon.colcon_core.verb:Building package 'crawler_driver' with the following arguments: {'ament_cmake_args': None, 'build_base': '/root/working/test_ws/yano_ws/build/crawler_driver', 'catkin_cmake_args': None, 'catkin_skip_building_tests': False, 'cmake_args': None, 'cmake_clean_cache': False, 'cmake_clean_first': False, 'cmake_force_configure': False, 'cmake_target': None, 'cmake_target_skip_unavailable': False, 'install_base': '/root/working/test_ws/yano_ws/install/crawler_driver', 'merge_install': False, 'path': '/root/working/test_ws/yano_ws/src/crawler_driver', 'symlink_install': False, 'test_result_base': None}
[0.394s] Level 5:colcon.colcon_core.verb:set package 'flipper_driver' build argument 'cmake_args' from command line to 'None'
[0.394s] Level 5:colcon.colcon_core.verb:set package 'flipper_driver' build argument 'cmake_target' from command line to 'None'
[0.394s] Level 5:colcon.colcon_core.verb:set package 'flipper_driver' build argument 'cmake_target_skip_unavailable' from command line to 'False'
[0.394s] Level 5:colcon.colcon_core.verb:set package 'flipper_driver' build argument 'cmake_clean_cache' from command line to 'False'
[0.395s] Level 5:colcon.colcon_core.verb:set package 'flipper_driver' build argument 'cmake_clean_first' from command line to 'False'
[0.395s] Level 5:colcon.colcon_core.verb:set package 'flipper_driver' build argument 'cmake_force_configure' from command line to 'False'
[0.395s] Level 5:colcon.colcon_core.verb:set package 'flipper_driver' build argument 'ament_cmake_args' from command line to 'None'
[0.395s] Level 5:colcon.colcon_core.verb:set package 'flipper_driver' build argument 'catkin_cmake_args' from command line to 'None'
[0.395s] Level 5:colcon.colcon_core.verb:set package 'flipper_driver' build argument 'catkin_skip_building_tests' from command line to 'False'
[0.395s] DEBUG:colcon.colcon_core.verb:Building package 'flipper_driver' with the following arguments: {'ament_cmake_args': None, 'build_base': '/root/working/test_ws/yano_ws/build/flipper_driver', 'catkin_cmake_args': None, 'catkin_skip_building_tests': False, 'cmake_args': None, 'cmake_clean_cache': False, 'cmake_clean_first': False, 'cmake_force_configure': False, 'cmake_target': None, 'cmake_target_skip_unavailable': False, 'install_base': '/root/working/test_ws/yano_ws/install/flipper_driver', 'merge_install': False, 'path': '/root/working/test_ws/yano_ws/src/flipper_driver', 'symlink_install': False, 'test_result_base': None}
[0.395s] Level 5:colcon.colcon_core.verb:set package 'operator' build argument 'cmake_args' from command line to 'None'
[0.395s] Level 5:colcon.colcon_core.verb:set package 'operator' build argument 'cmake_target' from command line to 'None'
[0.395s] Level 5:colcon.colcon_core.verb:set package 'operator' build argument 'cmake_target_skip_unavailable' from command line to 'False'
[0.395s] Level 5:colcon.colcon_core.verb:set package 'operator' build argument 'cmake_clean_cache' from command line to 'False'
[0.395s] Level 5:colcon.colcon_core.verb:set package 'operator' build argument 'cmake_clean_first' from command line to 'False'
[0.395s] Level 5:colcon.colcon_core.verb:set package 'operator' build argument 'cmake_force_configure' from command line to 'False'
[0.395s] Level 5:colcon.colcon_core.verb:set package 'operator' build argument 'ament_cmake_args' from command line to 'None'
[0.395s] Level 5:colcon.colcon_core.verb:set package 'operator' build argument 'catkin_cmake_args' from command line to 'None'
[0.395s] Level 5:colcon.colcon_core.verb:set package 'operator' build argument 'catkin_skip_building_tests' from command line to 'False'
[0.395s] DEBUG:colcon.colcon_core.verb:Building package 'operator' with the following arguments: {'ament_cmake_args': None, 'build_base': '/root/working/test_ws/yano_ws/build/operator', 'catkin_cmake_args': None, 'catkin_skip_building_tests': False, 'cmake_args': None, 'cmake_clean_cache': False, 'cmake_clean_first': False, 'cmake_force_configure': False, 'cmake_target': None, 'cmake_target_skip_unavailable': False, 'install_base': '/root/working/test_ws/yano_ws/install/operator', 'merge_install': False, 'path': '/root/working/test_ws/yano_ws/src/operator', 'symlink_install': False, 'test_result_base': None}
[0.396s] INFO:colcon.colcon_core.executor:Executing jobs using 'parallel' executor
[0.397s] DEBUG:colcon.colcon_parallel_executor.executor.parallel:run_until_complete
[0.397s] INFO:colcon.colcon_ros.task.ament_cmake.build:Building ROS package in '/root/working/test_ws/yano_ws/src/custom_interfaces' with build type 'ament_cmake'
[0.397s] INFO:colcon.colcon_cmake.task.cmake.build:Building CMake package in '/root/working/test_ws/yano_ws/src/custom_interfaces'
[0.401s] INFO:colcon.colcon_core.plugin_system:Skipping extension 'colcon_core.shell.bat': Not used on non-Windows systems
[0.402s] INFO:colcon.colcon_core.shell:Skip shell extension 'powershell' for command environment: Not usable outside of PowerShell
[0.402s] DEBUG:colcon.colcon_core.shell:Skip shell extension 'dsv' for command environment
[0.411s] INFO:colcon.colcon_ros.task.ament_cmake.build:Building ROS package in '/root/working/test_ws/yano_ws/src/usb_camera' with build type 'ament_cmake'
[0.411s] INFO:colcon.colcon_cmake.task.cmake.build:Building CMake package in '/root/working/test_ws/yano_ws/src/usb_camera'
[0.412s] INFO:colcon.colcon_core.shell:Skip shell extension 'powershell' for command environment: Not usable outside of PowerShell
[0.412s] DEBUG:colcon.colcon_core.shell:Skip shell extension 'dsv' for command environment
[0.424s] DEBUG:colcon.colcon_core.event_handler.log_command:Invoking command in '/root/working/test_ws/yano_ws/build/custom_interfaces': CMAKE_PREFIX_PATH=${CMAKE_PREFIX_PATH}:/opt/ros/humble /usr/bin/cmake --build /root/working/test_ws/yano_ws/build/custom_interfaces -- -j4 -l4
[0.431s] DEBUG:colcon.colcon_core.event_handler.log_command:Invoking command in '/root/working/test_ws/yano_ws/build/usb_camera': CMAKE_PREFIX_PATH=${CMAKE_PREFIX_PATH}:/opt/ros/humble /usr/bin/cmake --build /root/working/test_ws/yano_ws/build/usb_camera -- -j4 -l4
[0.590s] DEBUG:colcon.colcon_core.event_handler.log_command:Invoked command in '/root/working/test_ws/yano_ws/build/usb_camera' returned '0': CMAKE_PREFIX_PATH=${CMAKE_PREFIX_PATH}:/opt/ros/humble /usr/bin/cmake --build /root/working/test_ws/yano_ws/build/usb_camera -- -j4 -l4
[0.610s] DEBUG:colcon.colcon_core.event_handler.log_command:Invoking command in '/root/working/test_ws/yano_ws/build/usb_camera': CMAKE_PREFIX_PATH=${CMAKE_PREFIX_PATH}:/opt/ros/humble /usr/bin/cmake --install /root/working/test_ws/yano_ws/build/usb_camera
[0.632s] Level 1:colcon.colcon_core.environment:create_environment_scripts_only(usb_camera)
[0.633s] DEBUG:colcon.colcon_core.event_handler.log_command:Invoked command in '/root/working/test_ws/yano_ws/build/usb_camera' returned '0': CMAKE_PREFIX_PATH=${CMAKE_PREFIX_PATH}:/opt/ros/humble /usr/bin/cmake --install /root/working/test_ws/yano_ws/build/usb_camera
[0.639s] Level 1:colcon.colcon_core.environment:checking '/root/working/test_ws/yano_ws/install/usb_camera' for CMake module files
[0.640s] Level 1:colcon.colcon_core.environment:checking '/root/working/test_ws/yano_ws/install/usb_camera' for CMake config files
[0.641s] Level 1:colcon.colcon_core.shell:create_environment_hook('usb_camera', 'cmake_prefix_path')
[0.641s] INFO:colcon.colcon_core.shell:Creating environment hook '/root/working/test_ws/yano_ws/install/usb_camera/share/usb_camera/hook/cmake_prefix_path.ps1'
[0.642s] INFO:colcon.colcon_core.shell:Creating environment descriptor '/root/working/test_ws/yano_ws/install/usb_camera/share/usb_camera/hook/cmake_prefix_path.dsv'
[0.643s] INFO:colcon.colcon_core.shell:Creating environment hook '/root/working/test_ws/yano_ws/install/usb_camera/share/usb_camera/hook/cmake_prefix_path.sh'
[0.645s] Level 1:colcon.colcon_core.environment:checking '/root/working/test_ws/yano_ws/install/usb_camera/lib'
[0.645s] Level 1:colcon.colcon_core.environment:checking '/root/working/test_ws/yano_ws/install/usb_camera/bin'
[0.645s] Level 1:colcon.colcon_core.environment:checking '/root/working/test_ws/yano_ws/install/usb_camera/lib/pkgconfig/usb_camera.pc'
[0.648s] Level 1:colcon.colcon_core.environment:checking '/root/working/test_ws/yano_ws/install/usb_camera/lib/python3.10/site-packages'
[0.649s] Level 1:colcon.colcon_core.environment:checking '/root/working/test_ws/yano_ws/install/usb_camera/bin'
[0.650s] INFO:colcon.colcon_core.shell:Creating package script '/root/working/test_ws/yano_ws/install/usb_camera/share/usb_camera/package.ps1'
[0.651s] INFO:colcon.colcon_core.shell:Creating package descriptor '/root/working/test_ws/yano_ws/install/usb_camera/share/usb_camera/package.dsv'
[0.652s] INFO:colcon.colcon_core.shell:Creating package script '/root/working/test_ws/yano_ws/install/usb_camera/share/usb_camera/package.sh'
[0.672s] INFO:colcon.colcon_core.shell:Creating package script '/root/working/test_ws/yano_ws/install/usb_camera/share/usb_camera/package.bash'
[0.673s] INFO:colcon.colcon_core.shell:Creating package script '/root/working/test_ws/yano_ws/install/usb_camera/share/usb_camera/package.zsh'
[0.675s] Level 1:colcon.colcon_core.environment:create_file_with_runtime_dependencies(/root/working/test_ws/yano_ws/install/usb_camera/share/colcon-core/packages/usb_camera)
[0.676s] Level 1:colcon.colcon_core.environment:create_environment_scripts_only(usb_camera)
[0.676s] Level 1:colcon.colcon_core.environment:checking '/root/working/test_ws/yano_ws/install/usb_camera' for CMake module files
[0.677s] Level 1:colcon.colcon_core.environment:checking '/root/working/test_ws/yano_ws/install/usb_camera' for CMake config files
[0.678s] Level 1:colcon.colcon_core.shell:create_environment_hook('usb_camera', 'cmake_prefix_path')
[0.678s] INFO:colcon.colcon_core.shell:Creating environment hook '/root/working/test_ws/yano_ws/install/usb_camera/share/usb_camera/hook/cmake_prefix_path.ps1'
[0.679s] INFO:colcon.colcon_core.shell:Creating environment descriptor '/root/working/test_ws/yano_ws/install/usb_camera/share/usb_camera/hook/cmake_prefix_path.dsv'
[0.679s] INFO:colcon.colcon_core.shell:Creating environment hook '/root/working/test_ws/yano_ws/install/usb_camera/share/usb_camera/hook/cmake_prefix_path.sh'
[0.680s] Level 1:colcon.colcon_core.environment:checking '/root/working/test_ws/yano_ws/install/usb_camera/lib'
[0.681s] Level 1:colcon.colcon_core.environment:checking '/root/working/test_ws/yano_ws/install/usb_camera/bin'
[0.681s] Level 1:colcon.colcon_core.environment:checking '/root/working/test_ws/yano_ws/install/usb_camera/lib/pkgconfig/usb_camera.pc'
[0.681s] Level 1:colcon.colcon_core.environment:checking '/root/working/test_ws/yano_ws/install/usb_camera/lib/python3.10/site-packages'
[0.682s] Level 1:colcon.colcon_core.environment:checking '/root/working/test_ws/yano_ws/install/usb_camera/bin'
[0.682s] INFO:colcon.colcon_core.shell:Creating package script '/root/working/test_ws/yano_ws/install/usb_camera/share/usb_camera/package.ps1'
[0.683s] INFO:colcon.colcon_core.shell:Creating package descriptor '/root/working/test_ws/yano_ws/install/usb_camera/share/usb_camera/package.dsv'
[0.684s] INFO:colcon.colcon_core.shell:Creating package script '/root/working/test_ws/yano_ws/install/usb_camera/share/usb_camera/package.sh'
[0.685s] INFO:colcon.colcon_core.shell:Creating package script '/root/working/test_ws/yano_ws/install/usb_camera/share/usb_camera/package.bash'
[0.686s] INFO:colcon.colcon_core.shell:Creating package script '/root/working/test_ws/yano_ws/install/usb_camera/share/usb_camera/package.zsh'
[0.686s] Level 1:colcon.colcon_core.environment:create_file_with_runtime_dependencies(/root/working/test_ws/yano_ws/install/usb_camera/share/colcon-core/packages/usb_camera)
[0.998s] DEBUG:colcon.colcon_core.event_handler.log_command:Invoked command in '/root/working/test_ws/yano_ws/build/custom_interfaces' returned '0': CMAKE_PREFIX_PATH=${CMAKE_PREFIX_PATH}:/opt/ros/humble /usr/bin/cmake --build /root/working/test_ws/yano_ws/build/custom_interfaces -- -j4 -l4
[1.000s] DEBUG:colcon.colcon_core.event_handler.log_command:Invoking command in '/root/working/test_ws/yano_ws/build/custom_interfaces': CMAKE_PREFIX_PATH=${CMAKE_PREFIX_PATH}:/opt/ros/humble /usr/bin/cmake --install /root/working/test_ws/yano_ws/build/custom_interfaces
[1.083s] Level 1:colcon.colcon_core.environment:create_environment_scripts_only(custom_interfaces)
[1.083s] Level 1:colcon.colcon_core.environment:checking '/root/working/test_ws/yano_ws/install/custom_interfaces' for CMake module files
[1.084s] DEBUG:colcon.colcon_core.event_handler.log_command:Invoked command in '/root/working/test_ws/yano_ws/build/custom_interfaces' returned '0': CMAKE_PREFIX_PATH=${CMAKE_PREFIX_PATH}:/opt/ros/humble /usr/bin/cmake --install /root/working/test_ws/yano_ws/build/custom_interfaces
[1.085s] Level 1:colcon.colcon_core.environment:checking '/root/working/test_ws/yano_ws/install/custom_interfaces' for CMake config files
[1.086s] Level 1:colcon.colcon_core.shell:create_environment_hook('custom_interfaces', 'cmake_prefix_path')
[1.086s] INFO:colcon.colcon_core.shell:Creating environment hook '/root/working/test_ws/yano_ws/install/custom_interfaces/share/custom_interfaces/hook/cmake_prefix_path.ps1'
[1.087s] INFO:colcon.colcon_core.shell:Creating environment descriptor '/root/working/test_ws/yano_ws/install/custom_interfaces/share/custom_interfaces/hook/cmake_prefix_path.dsv'
[1.087s] INFO:colcon.colcon_core.shell:Creating environment hook '/root/working/test_ws/yano_ws/install/custom_interfaces/share/custom_interfaces/hook/cmake_prefix_path.sh'
[1.088s] Level 1:colcon.colcon_core.environment:checking '/root/working/test_ws/yano_ws/install/custom_interfaces/lib'
[1.088s] Level 1:colcon.colcon_core.shell:create_environment_hook('custom_interfaces', 'ld_library_path_lib')
[1.088s] INFO:colcon.colcon_core.shell:Creating environment hook '/root/working/test_ws/yano_ws/install/custom_interfaces/share/custom_interfaces/hook/ld_library_path_lib.ps1'
[1.089s] INFO:colcon.colcon_core.shell:Creating environment descriptor '/root/working/test_ws/yano_ws/install/custom_interfaces/share/custom_interfaces/hook/ld_library_path_lib.dsv'
[1.089s] INFO:colcon.colcon_core.shell:Creating environment hook '/root/working/test_ws/yano_ws/install/custom_interfaces/share/custom_interfaces/hook/ld_library_path_lib.sh'
[1.090s] Level 1:colcon.colcon_core.environment:checking '/root/working/test_ws/yano_ws/install/custom_interfaces/bin'
[1.090s] Level 1:colcon.colcon_core.environment:checking '/root/working/test_ws/yano_ws/install/custom_interfaces/lib/pkgconfig/custom_interfaces.pc'
[1.090s] Level 1:colcon.colcon_core.environment:checking '/root/working/test_ws/yano_ws/install/custom_interfaces/lib/python3.10/site-packages'
[1.090s] Level 1:colcon.colcon_core.environment:checking '/root/working/test_ws/yano_ws/install/custom_interfaces/bin'
[1.091s] INFO:colcon.colcon_core.shell:Creating package script '/root/working/test_ws/yano_ws/install/custom_interfaces/share/custom_interfaces/package.ps1'
[1.091s] INFO:colcon.colcon_core.shell:Creating package descriptor '/root/working/test_ws/yano_ws/install/custom_interfaces/share/custom_interfaces/package.dsv'
[1.092s] INFO:colcon.colcon_core.shell:Creating package script '/root/working/test_ws/yano_ws/install/custom_interfaces/share/custom_interfaces/package.sh'
[1.092s] INFO:colcon.colcon_core.shell:Creating package script '/root/working/test_ws/yano_ws/install/custom_interfaces/share/custom_interfaces/package.bash'
[1.093s] INFO:colcon.colcon_core.shell:Creating package script '/root/working/test_ws/yano_ws/install/custom_interfaces/share/custom_interfaces/package.zsh'
[1.093s] Level 1:colcon.colcon_core.environment:create_file_with_runtime_dependencies(/root/working/test_ws/yano_ws/install/custom_interfaces/share/colcon-core/packages/custom_interfaces)
[1.142s] Level 1:colcon.colcon_core.environment:create_environment_scripts_only(custom_interfaces)
[1.143s] Level 1:colcon.colcon_core.environment:checking '/root/working/test_ws/yano_ws/install/custom_interfaces' for CMake module files
[1.143s] Level 1:colcon.colcon_core.environment:checking '/root/working/test_ws/yano_ws/install/custom_interfaces' for CMake config files
[1.144s] Level 1:colcon.colcon_core.shell:create_environment_hook('custom_interfaces', 'cmake_prefix_path')
[1.144s] INFO:colcon.colcon_core.shell:Creating environment hook '/root/working/test_ws/yano_ws/install/custom_interfaces/share/custom_interfaces/hook/cmake_prefix_path.ps1'
[1.145s] INFO:colcon.colcon_core.shell:Creating environment descriptor '/root/working/test_ws/yano_ws/install/custom_interfaces/share/custom_interfaces/hook/cmake_prefix_path.dsv'
[1.145s] INFO:colcon.colcon_core.shell:Creating environment hook '/root/working/test_ws/yano_ws/install/custom_interfaces/share/custom_interfaces/hook/cmake_prefix_path.sh'
[1.146s] Level 1:colcon.colcon_core.environment:checking '/root/working/test_ws/yano_ws/install/custom_interfaces/lib'
[1.146s] Level 1:colcon.colcon_core.shell:create_environment_hook('custom_interfaces', 'ld_library_path_lib')
[1.146s] INFO:colcon.colcon_core.shell:Creating environment hook '/root/working/test_ws/yano_ws/install/custom_interfaces/share/custom_interfaces/hook/ld_library_path_lib.ps1'
[1.147s] INFO:colcon.colcon_core.shell:Creating environment descriptor '/root/working/test_ws/yano_ws/install/custom_interfaces/share/custom_interfaces/hook/ld_library_path_lib.dsv'
[1.147s] INFO:colcon.colcon_core.shell:Creating environment hook '/root/working/test_ws/yano_ws/install/custom_interfaces/share/custom_interfaces/hook/ld_library_path_lib.sh'
[1.148s] Level 1:colcon.colcon_core.environment:checking '/root/working/test_ws/yano_ws/install/custom_interfaces/bin'
[1.148s] Level 1:colcon.colcon_core.environment:checking '/root/working/test_ws/yano_ws/install/custom_interfaces/lib/pkgconfig/custom_interfaces.pc'
[1.148s] Level 1:colcon.colcon_core.environment:checking '/root/working/test_ws/yano_ws/install/custom_interfaces/lib/python3.10/site-packages'
[1.148s] Level 1:colcon.colcon_core.environment:checking '/root/working/test_ws/yano_ws/install/custom_interfaces/bin'
[1.149s] INFO:colcon.colcon_core.shell:Creating package script '/root/working/test_ws/yano_ws/install/custom_interfaces/share/custom_interfaces/package.ps1'
[1.149s] INFO:colcon.colcon_core.shell:Creating package descriptor '/root/working/test_ws/yano_ws/install/custom_interfaces/share/custom_interfaces/package.dsv'
[1.150s] INFO:colcon.colcon_core.shell:Creating package script '/root/working/test_ws/yano_ws/install/custom_interfaces/share/custom_interfaces/package.sh'
[1.151s] INFO:colcon.colcon_core.shell:Creating package script '/root/working/test_ws/yano_ws/install/custom_interfaces/share/custom_interfaces/package.bash'
[1.151s] INFO:colcon.colcon_core.shell:Creating package script '/root/working/test_ws/yano_ws/install/custom_interfaces/share/custom_interfaces/package.zsh'
[1.152s] Level 1:colcon.colcon_core.environment:create_file_with_runtime_dependencies(/root/working/test_ws/yano_ws/install/custom_interfaces/share/colcon-core/packages/custom_interfaces)
[1.152s] INFO:colcon.colcon_ros.task.ament_cmake.build:Building ROS package in '/root/working/test_ws/yano_ws/src/crawler_driver' with build type 'ament_cmake'
[1.152s] INFO:colcon.colcon_cmake.task.cmake.build:Building CMake package in '/root/working/test_ws/yano_ws/src/crawler_driver'
[1.153s] INFO:colcon.colcon_core.shell:Skip shell extension 'powershell' for command environment: Not usable outside of PowerShell
[1.153s] DEBUG:colcon.colcon_core.shell:Skip shell extension 'dsv' for command environment
[1.161s] INFO:colcon.colcon_ros.task.ament_cmake.build:Building ROS package in '/root/working/test_ws/yano_ws/src/flipper_driver' with build type 'ament_cmake'
[1.161s] INFO:colcon.colcon_cmake.task.cmake.build:Building CMake package in '/root/working/test_ws/yano_ws/src/flipper_driver'
[1.162s] INFO:colcon.colcon_core.shell:Skip shell extension 'powershell' for command environment: Not usable outside of PowerShell
[1.162s] DEBUG:colcon.colcon_core.shell:Skip shell extension 'dsv' for command environment
[1.171s] INFO:colcon.colcon_ros.task.ament_cmake.build:Building ROS package in '/root/working/test_ws/yano_ws/src/operator' with build type 'ament_cmake'
[1.171s] INFO:colcon.colcon_cmake.task.cmake.build:Building CMake package in '/root/working/test_ws/yano_ws/src/operator'
[1.171s] INFO:colcon.colcon_core.shell:Skip shell extension 'powershell' for command environment: Not usable outside of PowerShell
[1.171s] DEBUG:colcon.colcon_core.shell:Skip shell extension 'dsv' for command environment
[1.184s] DEBUG:colcon.colcon_core.event_handler.log_command:Invoking command in '/root/working/test_ws/yano_ws/build/crawler_driver': CMAKE_PREFIX_PATH=/root/working/test_ws/yano_ws/install/custom_interfaces:/root/working/test_ws/yano_ws/install/usb_camera:/root/working/test_ws/yano_ws/install/operator:/root/working/test_ws/yano_ws/install/flipper_driver:/root/working/test_ws/yano_ws/install/crawler_driver:/opt/ros/humble /usr/bin/cmake --build /root/working/test_ws/yano_ws/build/crawler_driver -- -j4 -l4
[1.190s] DEBUG:colcon.colcon_core.event_handler.log_command:Invoking command in '/root/working/test_ws/yano_ws/build/flipper_driver': CMAKE_PREFIX_PATH=/root/working/test_ws/yano_ws/install/custom_interfaces:/root/working/test_ws/yano_ws/install/usb_camera:/root/working/test_ws/yano_ws/install/operator:/root/working/test_ws/yano_ws/install/flipper_driver:/root/working/test_ws/yano_ws/install/crawler_driver:/opt/ros/humble /usr/bin/cmake --build /root/working/test_ws/yano_ws/build/flipper_driver -- -j4 -l4
[1.197s] DEBUG:colcon.colcon_core.event_handler.log_command:Invoking command in '/root/working/test_ws/yano_ws/build/operator': CMAKE_PREFIX_PATH=/root/working/test_ws/yano_ws/install/custom_interfaces:/root/working/test_ws/yano_ws/install/usb_camera:/root/working/test_ws/yano_ws/install/operator:/root/working/test_ws/yano_ws/install/flipper_driver:/root/working/test_ws/yano_ws/install/crawler_driver:/opt/ros/humble /usr/bin/cmake --build /root/working/test_ws/yano_ws/build/operator -- -j4 -l4
[1.315s] DEBUG:colcon.colcon_core.event_handler.log_command:Invoked command in '/root/working/test_ws/yano_ws/build/operator' returned '0': CMAKE_PREFIX_PATH=/root/working/test_ws/yano_ws/install/custom_interfaces:/root/working/test_ws/yano_ws/install/usb_camera:/root/working/test_ws/yano_ws/install/operator:/root/working/test_ws/yano_ws/install/flipper_driver:/root/working/test_ws/yano_ws/install/crawler_driver:/opt/ros/humble /usr/bin/cmake --build /root/working/test_ws/yano_ws/build/operator -- -j4 -l4
[1.317s] DEBUG:colcon.colcon_core.event_handler.log_command:Invoking command in '/root/working/test_ws/yano_ws/build/operator': CMAKE_PREFIX_PATH=/root/working/test_ws/yano_ws/install/custom_interfaces:/root/working/test_ws/yano_ws/install/usb_camera:/root/working/test_ws/yano_ws/install/operator:/root/working/test_ws/yano_ws/install/flipper_driver:/root/working/test_ws/yano_ws/install/crawler_driver:/opt/ros/humble /usr/bin/cmake --install /root/working/test_ws/yano_ws/build/operator
[1.322s] DEBUG:colcon.colcon_core.event_handler.log_command:Invoked command in '/root/working/test_ws/yano_ws/build/flipper_driver' returned '0': CMAKE_PREFIX_PATH=/root/working/test_ws/yano_ws/install/custom_interfaces:/root/working/test_ws/yano_ws/install/usb_camera:/root/working/test_ws/yano_ws/install/operator:/root/working/test_ws/yano_ws/install/flipper_driver:/root/working/test_ws/yano_ws/install/crawler_driver:/opt/ros/humble /usr/bin/cmake --build /root/working/test_ws/yano_ws/build/flipper_driver -- -j4 -l4
[1.325s] DEBUG:colcon.colcon_core.event_handler.log_command:Invoking command in '/root/working/test_ws/yano_ws/build/flipper_driver': CMAKE_PREFIX_PATH=/root/working/test_ws/yano_ws/install/custom_interfaces:/root/working/test_ws/yano_ws/install/usb_camera:/root/working/test_ws/yano_ws/install/operator:/root/working/test_ws/yano_ws/install/flipper_driver:/root/working/test_ws/yano_ws/install/crawler_driver:/opt/ros/humble /usr/bin/cmake --install /root/working/test_ws/yano_ws/build/flipper_driver
[1.338s] Level 1:colcon.colcon_core.environment:create_environment_scripts_only(operator)
[1.338s] Level 1:colcon.colcon_core.environment:checking '/root/working/test_ws/yano_ws/install/operator' for CMake module files
[1.341s] DEBUG:colcon.colcon_core.event_handler.log_command:Invoked command in '/root/working/test_ws/yano_ws/build/operator' returned '0': CMAKE_PREFIX_PATH=/root/working/test_ws/yano_ws/install/custom_interfaces:/root/working/test_ws/yano_ws/install/usb_camera:/root/working/test_ws/yano_ws/install/operator:/root/working/test_ws/yano_ws/install/flipper_driver:/root/working/test_ws/yano_ws/install/crawler_driver:/opt/ros/humble /usr/bin/cmake --install /root/working/test_ws/yano_ws/build/operator
[1.341s] Level 1:colcon.colcon_core.environment:checking '/root/working/test_ws/yano_ws/install/operator' for CMake config files
[1.342s] Level 1:colcon.colcon_core.shell:create_environment_hook('operator', 'cmake_prefix_path')
[1.342s] INFO:colcon.colcon_core.shell:Creating environment hook '/root/working/test_ws/yano_ws/install/operator/share/operator/hook/cmake_prefix_path.ps1'
[1.343s] INFO:colcon.colcon_core.shell:Creating environment descriptor '/root/working/test_ws/yano_ws/install/operator/share/operator/hook/cmake_prefix_path.dsv'
[1.344s] INFO:colcon.colcon_core.shell:Creating environment hook '/root/working/test_ws/yano_ws/install/operator/share/operator/hook/cmake_prefix_path.sh'
[1.345s] Level 1:colcon.colcon_core.environment:checking '/root/working/test_ws/yano_ws/install/operator/lib'
[1.345s] Level 1:colcon.colcon_core.environment:checking '/root/working/test_ws/yano_ws/install/operator/bin'
[1.345s] Level 1:colcon.colcon_core.environment:checking '/root/working/test_ws/yano_ws/install/operator/lib/pkgconfig/operator.pc'
[1.346s] Level 1:colcon.colcon_core.environment:checking '/root/working/test_ws/yano_ws/install/operator/lib/python3.10/site-packages'
[1.346s] Level 1:colcon.colcon_core.environment:checking '/root/working/test_ws/yano_ws/install/operator/bin'
[1.347s] INFO:colcon.colcon_core.shell:Creating package script '/root/working/test_ws/yano_ws/install/operator/share/operator/package.ps1'
[1.348s] INFO:colcon.colcon_core.shell:Creating package descriptor '/root/working/test_ws/yano_ws/install/operator/share/operator/package.dsv'
[1.349s] INFO:colcon.colcon_core.shell:Creating package script '/root/working/test_ws/yano_ws/install/operator/share/operator/package.sh'
[1.350s] INFO:colcon.colcon_core.shell:Creating package script '/root/working/test_ws/yano_ws/install/operator/share/operator/package.bash'
[1.350s] INFO:colcon.colcon_core.shell:Creating package script '/root/working/test_ws/yano_ws/install/operator/share/operator/package.zsh'
[1.351s] Level 1:colcon.colcon_core.environment:create_file_with_runtime_dependencies(/root/working/test_ws/yano_ws/install/operator/share/colcon-core/packages/operator)
[1.352s] Level 1:colcon.colcon_core.environment:create_environment_scripts_only(operator)
[1.353s] Level 1:colcon.colcon_core.environment:checking '/root/working/test_ws/yano_ws/install/operator' for CMake module files
[1.354s] Level 1:colcon.colcon_core.environment:checking '/root/working/test_ws/yano_ws/install/operator' for CMake config files
[1.354s] Level 1:colcon.colcon_core.shell:create_environment_hook('operator', 'cmake_prefix_path')
[1.355s] INFO:colcon.colcon_core.shell:Creating environment hook '/root/working/test_ws/yano_ws/install/operator/share/operator/hook/cmake_prefix_path.ps1'
[1.356s] INFO:colcon.colcon_core.shell:Creating environment descriptor '/root/working/test_ws/yano_ws/install/operator/share/operator/hook/cmake_prefix_path.dsv'
[1.356s] INFO:colcon.colcon_core.shell:Creating environment hook '/root/working/test_ws/yano_ws/install/operator/share/operator/hook/cmake_prefix_path.sh'
[1.357s] Level 1:colcon.colcon_core.environment:checking '/root/working/test_ws/yano_ws/install/operator/lib'
[1.358s] Level 1:colcon.colcon_core.environment:checking '/root/working/test_ws/yano_ws/install/operator/bin'
[1.358s] Level 1:colcon.colcon_core.environment:checking '/root/working/test_ws/yano_ws/install/operator/lib/pkgconfig/operator.pc'
[1.358s] Level 1:colcon.colcon_core.environment:checking '/root/working/test_ws/yano_ws/install/operator/lib/python3.10/site-packages'
[1.359s] Level 1:colcon.colcon_core.environment:checking '/root/working/test_ws/yano_ws/install/operator/bin'
[1.359s] INFO:colcon.colcon_core.shell:Creating package script '/root/working/test_ws/yano_ws/install/operator/share/operator/package.ps1'
[1.360s] INFO:colcon.colcon_core.shell:Creating package descriptor '/root/working/test_ws/yano_ws/install/operator/share/operator/package.dsv'
[1.361s] INFO:colcon.colcon_core.shell:Creating package script '/root/working/test_ws/yano_ws/install/operator/share/operator/package.sh'
[1.362s] INFO:colcon.colcon_core.shell:Creating package script '/root/working/test_ws/yano_ws/install/operator/share/operator/package.bash'
[1.363s] INFO:colcon.colcon_core.shell:Creating package script '/root/working/test_ws/yano_ws/install/operator/share/operator/package.zsh'
[1.364s] Level 1:colcon.colcon_core.environment:create_file_with_runtime_dependencies(/root/working/test_ws/yano_ws/install/operator/share/colcon-core/packages/operator)
[1.365s] Level 1:colcon.colcon_core.environment:create_environment_scripts_only(flipper_driver)
[1.366s] Level 1:colcon.colcon_core.environment:checking '/root/working/test_ws/yano_ws/install/flipper_driver' for CMake module files
[1.368s] Level 1:colcon.colcon_core.environment:checking '/root/working/test_ws/yano_ws/install/flipper_driver' for CMake config files
[1.369s] DEBUG:colcon.colcon_core.event_handler.log_command:Invoked command in '/root/working/test_ws/yano_ws/build/flipper_driver' returned '0': CMAKE_PREFIX_PATH=/root/working/test_ws/yano_ws/install/custom_interfaces:/root/working/test_ws/yano_ws/install/usb_camera:/root/working/test_ws/yano_ws/install/operator:/root/working/test_ws/yano_ws/install/flipper_driver:/root/working/test_ws/yano_ws/install/crawler_driver:/opt/ros/humble /usr/bin/cmake --install /root/working/test_ws/yano_ws/build/flipper_driver
[1.369s] Level 1:colcon.colcon_core.shell:create_environment_hook('flipper_driver', 'cmake_prefix_path')
[1.370s] INFO:colcon.colcon_core.shell:Creating environment hook '/root/working/test_ws/yano_ws/install/flipper_driver/share/flipper_driver/hook/cmake_prefix_path.ps1'
[1.370s] INFO:colcon.colcon_core.shell:Creating environment descriptor '/root/working/test_ws/yano_ws/install/flipper_driver/share/flipper_driver/hook/cmake_prefix_path.dsv'
[1.371s] INFO:colcon.colcon_core.shell:Creating environment hook '/root/working/test_ws/yano_ws/install/flipper_driver/share/flipper_driver/hook/cmake_prefix_path.sh'
[1.373s] Level 1:colcon.colcon_core.environment:checking '/root/working/test_ws/yano_ws/install/flipper_driver/lib'
[1.373s] Level 1:colcon.colcon_core.environment:checking '/root/working/test_ws/yano_ws/install/flipper_driver/bin'
[1.373s] Level 1:colcon.colcon_core.environment:checking '/root/working/test_ws/yano_ws/install/flipper_driver/lib/pkgconfig/flipper_driver.pc'
[1.374s] Level 1:colcon.colcon_core.environment:checking '/root/working/test_ws/yano_ws/install/flipper_driver/lib/python3.10/site-packages'
[1.375s] Level 1:colcon.colcon_core.environment:checking '/root/working/test_ws/yano_ws/install/flipper_driver/bin'
[1.376s] INFO:colcon.colcon_core.shell:Creating package script '/root/working/test_ws/yano_ws/install/flipper_driver/share/flipper_driver/package.ps1'
[1.378s] INFO:colcon.colcon_core.shell:Creating package descriptor '/root/working/test_ws/yano_ws/install/flipper_driver/share/flipper_driver/package.dsv'
[1.378s] INFO:colcon.colcon_core.shell:Creating package script '/root/working/test_ws/yano_ws/install/flipper_driver/share/flipper_driver/package.sh'
[1.379s] INFO:colcon.colcon_core.shell:Creating package script '/root/working/test_ws/yano_ws/install/flipper_driver/share/flipper_driver/package.bash'
[1.380s] INFO:colcon.colcon_core.shell:Creating package script '/root/working/test_ws/yano_ws/install/flipper_driver/share/flipper_driver/package.zsh'
[1.381s] Level 1:colcon.colcon_core.environment:create_file_with_runtime_dependencies(/root/working/test_ws/yano_ws/install/flipper_driver/share/colcon-core/packages/flipper_driver)
[1.382s] Level 1:colcon.colcon_core.environment:create_environment_scripts_only(flipper_driver)
[1.383s] Level 1:colcon.colcon_core.environment:checking '/root/working/test_ws/yano_ws/install/flipper_driver' for CMake module files
[1.384s] Level 1:colcon.colcon_core.environment:checking '/root/working/test_ws/yano_ws/install/flipper_driver' for CMake config files
[1.384s] Level 1:colcon.colcon_core.shell:create_environment_hook('flipper_driver', 'cmake_prefix_path')
[1.385s] INFO:colcon.colcon_core.shell:Creating environment hook '/root/working/test_ws/yano_ws/install/flipper_driver/share/flipper_driver/hook/cmake_prefix_path.ps1'
[1.386s] INFO:colcon.colcon_core.shell:Creating environment descriptor '/root/working/test_ws/yano_ws/install/flipper_driver/share/flipper_driver/hook/cmake_prefix_path.dsv'
[1.386s] INFO:colcon.colcon_core.shell:Creating environment hook '/root/working/test_ws/yano_ws/install/flipper_driver/share/flipper_driver/hook/cmake_prefix_path.sh'
[1.387s] Level 1:colcon.colcon_core.environment:checking '/root/working/test_ws/yano_ws/install/flipper_driver/lib'
[1.387s] Level 1:colcon.colcon_core.environment:checking '/root/working/test_ws/yano_ws/install/flipper_driver/bin'
[1.388s] Level 1:colcon.colcon_core.environment:checking '/root/working/test_ws/yano_ws/install/flipper_driver/lib/pkgconfig/flipper_driver.pc'
[1.388s] Level 1:colcon.colcon_core.environment:checking '/root/working/test_ws/yano_ws/install/flipper_driver/lib/python3.10/site-packages'
[1.388s] Level 1:colcon.colcon_core.environment:checking '/root/working/test_ws/yano_ws/install/flipper_driver/bin'
[1.389s] INFO:colcon.colcon_core.shell:Creating package script '/root/working/test_ws/yano_ws/install/flipper_driver/share/flipper_driver/package.ps1'
[1.390s] INFO:colcon.colcon_core.shell:Creating package descriptor '/root/working/test_ws/yano_ws/install/flipper_driver/share/flipper_driver/package.dsv'
[1.391s] INFO:colcon.colcon_core.shell:Creating package script '/root/working/test_ws/yano_ws/install/flipper_driver/share/flipper_driver/package.sh'
[1.392s] INFO:colcon.colcon_core.shell:Creating package script '/root/working/test_ws/yano_ws/install/flipper_driver/share/flipper_driver/package.bash'
[1.393s] INFO:colcon.colcon_core.shell:Creating package script '/root/working/test_ws/yano_ws/install/flipper_driver/share/flipper_driver/package.zsh'
[1.393s] Level 1:colcon.colcon_core.environment:create_file_with_runtime_dependencies(/root/working/test_ws/yano_ws/install/flipper_driver/share/colcon-core/packages/flipper_driver)
[9.897s] DEBUG:colcon.colcon_core.event_handler.log_command:Invoked command in '/root/working/test_ws/yano_ws/build/crawler_driver' returned '2': CMAKE_PREFIX_PATH=/root/working/test_ws/yano_ws/install/custom_interfaces:/root/working/test_ws/yano_ws/install/usb_camera:/root/working/test_ws/yano_ws/install/operator:/root/working/test_ws/yano_ws/install/flipper_driver:/root/working/test_ws/yano_ws/install/crawler_driver:/opt/ros/humble /usr/bin/cmake --build /root/working/test_ws/yano_ws/build/crawler_driver -- -j4 -l4
[9.898s] Level 1:colcon.colcon_core.environment:create_environment_scripts_only(crawler_driver)
[9.898s] Level 1:colcon.colcon_core.environment:checking '/root/working/test_ws/yano_ws/install/crawler_driver' for CMake module files
[9.899s] Level 1:colcon.colcon_core.environment:checking '/root/working/test_ws/yano_ws/install/crawler_driver' for CMake config files
[9.899s] Level 1:colcon.colcon_core.shell:create_environment_hook('crawler_driver', 'cmake_prefix_path')
[9.899s] INFO:colcon.colcon_core.shell:Creating environment hook '/root/working/test_ws/yano_ws/install/crawler_driver/share/crawler_driver/hook/cmake_prefix_path.ps1'
[9.900s] INFO:colcon.colcon_core.shell:Creating environment descriptor '/root/working/test_ws/yano_ws/install/crawler_driver/share/crawler_driver/hook/cmake_prefix_path.dsv'
[9.900s] INFO:colcon.colcon_core.shell:Creating environment hook '/root/working/test_ws/yano_ws/install/crawler_driver/share/crawler_driver/hook/cmake_prefix_path.sh'
[9.901s] Level 1:colcon.colcon_core.environment:checking '/root/working/test_ws/yano_ws/install/crawler_driver/lib'
[9.901s] Level 1:colcon.colcon_core.environment:checking '/root/working/test_ws/yano_ws/install/crawler_driver/bin'
[9.901s] Level 1:colcon.colcon_core.environment:checking '/root/working/test_ws/yano_ws/install/crawler_driver/lib/pkgconfig/crawler_driver.pc'
[9.902s] Level 1:colcon.colcon_core.environment:checking '/root/working/test_ws/yano_ws/install/crawler_driver/lib/python3.10/site-packages'
[9.902s] Level 1:colcon.colcon_core.environment:checking '/root/working/test_ws/yano_ws/install/crawler_driver/bin'
[9.902s] INFO:colcon.colcon_core.shell:Creating package script '/root/working/test_ws/yano_ws/install/crawler_driver/share/crawler_driver/package.ps1'
[9.903s] INFO:colcon.colcon_core.shell:Creating package descriptor '/root/working/test_ws/yano_ws/install/crawler_driver/share/crawler_driver/package.dsv'
[9.903s] INFO:colcon.colcon_core.shell:Creating package script '/root/working/test_ws/yano_ws/install/crawler_driver/share/crawler_driver/package.sh'
[9.904s] INFO:colcon.colcon_core.shell:Creating package script '/root/working/test_ws/yano_ws/install/crawler_driver/share/crawler_driver/package.bash'
[9.904s] INFO:colcon.colcon_core.shell:Creating package script '/root/working/test_ws/yano_ws/install/crawler_driver/share/crawler_driver/package.zsh'
[9.905s] Level 1:colcon.colcon_core.environment:create_file_with_runtime_dependencies(/root/working/test_ws/yano_ws/install/crawler_driver/share/colcon-core/packages/crawler_driver)
[9.905s] DEBUG:colcon.colcon_parallel_executor.executor.parallel:closing loop
[9.906s] DEBUG:colcon.colcon_parallel_executor.executor.parallel:loop closed
[9.906s] DEBUG:colcon.colcon_parallel_executor.executor.parallel:run_until_complete finished with '2'
[9.906s] DEBUG:colcon.colcon_core.event_reactor:joining thread
[9.918s] INFO:colcon.colcon_core.plugin_system:Skipping extension 'colcon_notification.desktop_notification.notify_send': Could not find 'notify-send'
[9.918s] INFO:colcon.colcon_core.plugin_system:Skipping extension 'colcon_notification.desktop_notification.terminal_notifier': Not used on non-Darwin systems
[9.918s] INFO:colcon.colcon_core.plugin_system:Skipping extension 'colcon_notification.desktop_notification.win32': Not used on non-Windows systems
[9.918s] INFO:colcon.colcon_notification.desktop_notification:Sending desktop notification using 'notify2'
[9.922s] DEBUG:colcon.colcon_notification.desktop_notification.notify2:Failed to initialize notify2: org.freedesktop.DBus.Error.Spawn.ExecFailed: /usr/bin/dbus-launch terminated abnormally without any error message
[9.922s] DEBUG:colcon.colcon_core.event_reactor:joined thread
[9.923s] INFO:colcon.colcon_core.shell:Creating prefix script '/root/working/test_ws/yano_ws/install/local_setup.ps1'
[9.925s] INFO:colcon.colcon_core.shell:Creating prefix util module '/root/working/test_ws/yano_ws/install/_local_setup_util_ps1.py'
[9.927s] INFO:colcon.colcon_core.shell:Creating prefix chain script '/root/working/test_ws/yano_ws/install/setup.ps1'
[9.929s] INFO:colcon.colcon_core.shell:Creating prefix script '/root/working/test_ws/yano_ws/install/local_setup.sh'
[9.929s] INFO:colcon.colcon_core.shell:Creating prefix util module '/root/working/test_ws/yano_ws/install/_local_setup_util_sh.py'
[9.930s] INFO:colcon.colcon_core.shell:Creating prefix chain script '/root/working/test_ws/yano_ws/install/setup.sh'
[9.932s] INFO:colcon.colcon_core.shell:Creating prefix script '/root/working/test_ws/yano_ws/install/local_setup.bash'
[9.932s] INFO:colcon.colcon_core.shell:Creating prefix chain script '/root/working/test_ws/yano_ws/install/setup.bash'
[9.934s] INFO:colcon.colcon_core.shell:Creating prefix script '/root/working/test_ws/yano_ws/install/local_setup.zsh'
[9.935s] INFO:colcon.colcon_core.shell:Creating prefix chain script '/root/working/test_ws/yano_ws/install/setup.zsh'
