[0.027s] Invoking command in '/root/working/rodep_ros2/yano_ws/build/driver': CMAKE_PREFIX_PATH=/opt/ros/humble /usr/bin/cmake /root/working/rodep_ros2/yano_ws/src/driver -DCMAKE_INSTALL_PREFIX=/root/working/rodep_ros2/yano_ws/install/driver
[0.372s] -- The C compiler identification is GNU 11.4.0
[0.562s] -- The CXX compiler identification is GNU 11.4.0
[0.578s] -- Detecting C compiler ABI info
[0.682s] -- Detecting C compiler ABI info - done
[0.691s] -- Check for working C compiler: /usr/bin/cc - skipped
[0.691s] -- Detecting C compile features
[0.692s] -- Detecting C compile features - done
[0.697s] -- Detecting CXX compiler ABI info
[0.805s] -- Detecting CXX compiler ABI info - done
[0.816s] -- Check for working CXX compiler: /usr/bin/c++ - skipped
[0.816s] -- Detecting CXX compile features
[0.817s] -- Detecting CXX compile features - done
[0.828s] -- Found ament_cmake: 1.3.11 (/opt/ros/humble/share/ament_cmake/cmake)
[1.040s] -- Found Python3: /usr/bin/python3 (found version "3.10.12") found components: Interpreter 
[1.215s] -- Found ament_lint_auto: 0.12.11 (/opt/ros/humble/share/ament_lint_auto/cmake)
[1.344s] -- Added test 'lint_cmake' to check CMake code style
[1.346s] -- Added test 'xmllint' to check XML markup files
[1.348s] -- Configuring done
[1.353s] -- Generating done
[1.355s] -- Build files have been written to: /root/working/rodep_ros2/yano_ws/build/driver
[1.364s] Invoked command in '/root/working/rodep_ros2/yano_ws/build/driver' returned '0': CMAKE_PREFIX_PATH=/opt/ros/humble /usr/bin/cmake /root/working/rodep_ros2/yano_ws/src/driver -DCMAKE_INSTALL_PREFIX=/root/working/rodep_ros2/yano_ws/install/driver
[1.366s] Invoking command in '/root/working/rodep_ros2/yano_ws/build/driver': CMAKE_PREFIX_PATH=/opt/ros/humble /usr/bin/cmake --build /root/working/rodep_ros2/yano_ws/build/driver -- -j4 -l4
[1.426s] Invoked command in '/root/working/rodep_ros2/yano_ws/build/driver' returned '0': CMAKE_PREFIX_PATH=/opt/ros/humble /usr/bin/cmake --build /root/working/rodep_ros2/yano_ws/build/driver -- -j4 -l4
[1.428s] Invoking command in '/root/working/rodep_ros2/yano_ws/build/driver': CMAKE_PREFIX_PATH=/opt/ros/humble /usr/bin/cmake --install /root/working/rodep_ros2/yano_ws/build/driver
[1.438s] -- Install configuration: ""
[1.438s] -- Installing: /root/working/rodep_ros2/yano_ws/install/driver/share/ament_index/resource_index/package_run_dependencies/driver
[1.439s] -- Installing: /root/working/rodep_ros2/yano_ws/install/driver/share/ament_index/resource_index/parent_prefix_path/driver
[1.439s] -- Installing: /root/working/rodep_ros2/yano_ws/install/driver/share/driver/environment/ament_prefix_path.sh
[1.439s] -- Installing: /root/working/rodep_ros2/yano_ws/install/driver/share/driver/environment/ament_prefix_path.dsv
[1.439s] -- Installing: /root/working/rodep_ros2/yano_ws/install/driver/share/driver/environment/path.sh
[1.439s] -- Installing: /root/working/rodep_ros2/yano_ws/install/driver/share/driver/environment/path.dsv
[1.440s] -- Installing: /root/working/rodep_ros2/yano_ws/install/driver/share/driver/local_setup.bash
[1.440s] -- Installing: /root/working/rodep_ros2/yano_ws/install/driver/share/driver/local_setup.sh
[1.441s] -- Installing: /root/working/rodep_ros2/yano_ws/install/driver/share/driver/local_setup.zsh
[1.441s] -- Installing: /root/working/rodep_ros2/yano_ws/install/driver/share/driver/local_setup.dsv
[1.442s] -- Installing: /root/working/rodep_ros2/yano_ws/install/driver/share/driver/package.dsv
[1.442s] -- Installing: /root/working/rodep_ros2/yano_ws/install/driver/share/ament_index/resource_index/packages/driver
[1.443s] -- Installing: /root/working/rodep_ros2/yano_ws/install/driver/share/driver/cmake/driverConfig.cmake
[1.443s] -- Installing: /root/working/rodep_ros2/yano_ws/install/driver/share/driver/cmake/driverConfig-version.cmake
[1.443s] -- Installing: /root/working/rodep_ros2/yano_ws/install/driver/share/driver/package.xml
[1.475s] Invoked command in '/root/working/rodep_ros2/yano_ws/build/driver' returned '0': CMAKE_PREFIX_PATH=/opt/ros/humble /usr/bin/cmake --install /root/working/rodep_ros2/yano_ws/build/driver
