[100%] Built target my_rqt_plugin
-- Install configuration: ""
-- Up-to-date: /home/rodep/rodep/test_ws/yano_ws/install/my_rqt_plugin/share/my_rqt_plugin/plugin.xml
-- Up-to-date: /home/rodep/rodep/test_ws/yano_ws/install/my_rqt_plugin/include
-- Up-to-date: /home/rodep/rodep/test_ws/yano_ws/install/my_rqt_plugin/include/my_rqt_plugin
-- Up-to-date: /home/rodep/rodep/test_ws/yano_ws/install/my_rqt_plugin/include/my_rqt_plugin/my_plugin.hpp
-- Up-to-date: /home/rodep/rodep/test_ws/yano_ws/install/my_rqt_plugin/lib/libmy_rqt_plugin.so
-- Up-to-date: /home/rodep/rodep/test_ws/yano_ws/install/my_rqt_plugin/share/ament_index/resource_index/package_run_dependencies/my_rqt_plugin
-- Up-to-date: /home/rodep/rodep/test_ws/yano_ws/install/my_rqt_plugin/share/ament_index/resource_index/parent_prefix_path/my_rqt_plugin
-- Up-to-date: /home/rodep/rodep/test_ws/yano_ws/install/my_rqt_plugin/share/my_rqt_plugin/environment/ament_prefix_path.sh
-- Up-to-date: /home/rodep/rodep/test_ws/yano_ws/install/my_rqt_plugin/share/my_rqt_plugin/environment/ament_prefix_path.dsv
-- Up-to-date: /home/rodep/rodep/test_ws/yano_ws/install/my_rqt_plugin/share/my_rqt_plugin/environment/path.sh
-- Up-to-date: /home/rodep/rodep/test_ws/yano_ws/install/my_rqt_plugin/share/my_rqt_plugin/environment/path.dsv
-- Up-to-date: /home/rodep/rodep/test_ws/yano_ws/install/my_rqt_plugin/share/my_rqt_plugin/local_setup.bash
-- Up-to-date: /home/rodep/rodep/test_ws/yano_ws/install/my_rqt_plugin/share/my_rqt_plugin/local_setup.sh
-- Up-to-date: /home/rodep/rodep/test_ws/yano_ws/install/my_rqt_plugin/share/my_rqt_plugin/local_setup.zsh
-- Up-to-date: /home/rodep/rodep/test_ws/yano_ws/install/my_rqt_plugin/share/my_rqt_plugin/local_setup.dsv
-- Installing: /home/rodep/rodep/test_ws/yano_ws/install/my_rqt_plugin/share/my_rqt_plugin/package.dsv
-- Up-to-date: /home/rodep/rodep/test_ws/yano_ws/install/my_rqt_plugin/share/ament_index/resource_index/packages/my_rqt_plugin
-- Up-to-date: /home/rodep/rodep/test_ws/yano_ws/install/my_rqt_plugin/share/ament_index/resource_index/my_rqt_plugin__pluginlib__plugin/my_rqt_plugin
-- Up-to-date: /home/rodep/rodep/test_ws/yano_ws/install/my_rqt_plugin/share/my_rqt_plugin/cmake/ament_cmake_export_dependencies-extras.cmake
-- Up-to-date: /home/rodep/rodep/test_ws/yano_ws/install/my_rqt_plugin/share/my_rqt_plugin/cmake/my_rqt_pluginConfig.cmake
-- Up-to-date: /home/rodep/rodep/test_ws/yano_ws/install/my_rqt_plugin/share/my_rqt_plugin/cmake/my_rqt_pluginConfig-version.cmake
-- Up-to-date: /home/rodep/rodep/test_ws/yano_ws/install/my_rqt_plugin/share/my_rqt_plugin/package.xml
