[0.158s] DEBUG:colcon:Command line arguments: ['/usr/bin/colcon', 'build', '--packages-select', 'joy_controller']
[0.159s] DEBUG:colcon:Parsed command line arguments: Namespace(log_base=None, log_level=None, verb_name='build', build_base='build', install_base='install', merge_install=False, symlink_install=False, test_result_base=None, continue_on_error=False, executor='parallel', parallel_workers=4, event_handlers=None, ignore_user_meta=False, metas=['./colcon.meta'], base_paths=['.'], packages_ignore=None, packages_ignore_regex=None, paths=None, packages_up_to=None, packages_up_to_regex=None, packages_above=None, packages_above_and_dependencies=None, packages_above_depth=None, packages_select_by_dep=None, packages_skip_by_dep=None, packages_skip_up_to=None, packages_select_build_failed=False, packages_skip_build_finished=False, packages_select_test_failures=False, packages_skip_test_passed=False, packages_select=['joy_controller'], packages_skip=None, packages_select_regex=None, packages_skip_regex=None, packages_start=None, packages_end=None, cmake_args=None, cmake_target=None, cmake_target_skip_unavailable=False, cmake_clean_cache=False, cmake_clean_first=False, cmake_force_configure=False, ament_cmake_args=None, catkin_cmake_args=None, catkin_skip_building_tests=False, mixin_files=None, mixin=None, verb_parser=<colcon_mixin.mixin.mixin_argument.MixinArgumentDecorator object at 0x7d94e86226b0>, verb_extension=<colcon_core.verb.build.BuildVerb object at 0x7d94e870f5e0>, main=<bound method BuildVerb.main of <colcon_core.verb.build.BuildVerb object at 0x7d94e870f5e0>>, mixin_verb=('build',))
[0.344s] Level 1:colcon.colcon_core.package_discovery:discover_packages(colcon_meta) check parameters
[0.345s] INFO:colcon.colcon_metadata.package_discovery.colcon_meta:Using configuration from '/root/.colcon/metadata/default/Gazebo.meta'
[0.346s] INFO:colcon.colcon_metadata.package_discovery.colcon_meta:Using configuration from '/root/.colcon/metadata/default/fastrtps.meta'
[0.346s] Level 1:colcon.colcon_core.package_discovery:discover_packages(recursive) check parameters
[0.346s] Level 1:colcon.colcon_core.package_discovery:discover_packages(ignore) check parameters
[0.346s] Level 1:colcon.colcon_core.package_discovery:discover_packages(path) check parameters
[0.346s] Level 1:colcon.colcon_core.package_discovery:discover_packages(colcon_meta) discover
[0.346s] Level 1:colcon.colcon_core.package_discovery:discover_packages(recursive) discover
[0.346s] INFO:colcon.colcon_core.package_discovery:Crawling recursively for packages in '/root/working/ros2_ws'
[0.346s] Level 1:colcon.colcon_core.package_identification:_identify(.) by extensions ['ignore', 'ignore_ament_install']
[0.346s] Level 1:colcon.colcon_core.package_identification:_identify(.) by extension 'ignore'
[0.346s] Level 1:colcon.colcon_core.package_identification:_identify(.) by extension 'ignore_ament_install'
[0.346s] Level 1:colcon.colcon_core.package_identification:_identify(.) by extensions ['colcon_pkg']
[0.346s] Level 1:colcon.colcon_core.package_identification:_identify(.) by extension 'colcon_pkg'
[0.346s] Level 1:colcon.colcon_core.package_identification:_identify(.) by extensions ['colcon_meta']
[0.346s] Level 1:colcon.colcon_core.package_identification:_identify(.) by extension 'colcon_meta'
[0.347s] Level 1:colcon.colcon_core.package_identification:_identify(.) by extensions ['ros']
[0.347s] Level 1:colcon.colcon_core.package_identification:_identify(.) by extension 'ros'
[0.363s] Level 1:colcon.colcon_core.package_identification:_identify(.) by extensions ['cmake', 'python']
[0.363s] Level 1:colcon.colcon_core.package_identification:_identify(.) by extension 'cmake'
[0.363s] Level 1:colcon.colcon_core.package_identification:_identify(.) by extension 'python'
[0.364s] Level 1:colcon.colcon_core.package_identification:_identify(.) by extensions ['python_setup_py']
[0.364s] Level 1:colcon.colcon_core.package_identification:_identify(.) by extension 'python_setup_py'
[0.364s] Level 1:colcon.colcon_core.package_identification:_identify(build) by extensions ['ignore', 'ignore_ament_install']
[0.364s] Level 1:colcon.colcon_core.package_identification:_identify(build) by extension 'ignore'
[0.364s] Level 1:colcon.colcon_core.package_identification:_identify(build) ignored
[0.364s] Level 1:colcon.colcon_core.package_identification:_identify(install) by extensions ['ignore', 'ignore_ament_install']
[0.364s] Level 1:colcon.colcon_core.package_identification:_identify(install) by extension 'ignore'
[0.364s] Level 1:colcon.colcon_core.package_identification:_identify(install) ignored
[0.364s] Level 1:colcon.colcon_core.package_identification:_identify(log) by extensions ['ignore', 'ignore_ament_install']
[0.364s] Level 1:colcon.colcon_core.package_identification:_identify(log) by extension 'ignore'
[0.364s] Level 1:colcon.colcon_core.package_identification:_identify(log) ignored
[0.365s] Level 1:colcon.colcon_core.package_identification:_identify(src) by extensions ['ignore', 'ignore_ament_install']
[0.365s] Level 1:colcon.colcon_core.package_identification:_identify(src) by extension 'ignore'
[0.365s] Level 1:colcon.colcon_core.package_identification:_identify(src) by extension 'ignore_ament_install'
[0.365s] Level 1:colcon.colcon_core.package_identification:_identify(src) by extensions ['colcon_pkg']
[0.365s] Level 1:colcon.colcon_core.package_identification:_identify(src) by extension 'colcon_pkg'
[0.365s] Level 1:colcon.colcon_core.package_identification:_identify(src) by extensions ['colcon_meta']
[0.365s] Level 1:colcon.colcon_core.package_identification:_identify(src) by extension 'colcon_meta'
[0.365s] Level 1:colcon.colcon_core.package_identification:_identify(src) by extensions ['ros']
[0.365s] Level 1:colcon.colcon_core.package_identification:_identify(src) by extension 'ros'
[0.365s] Level 1:colcon.colcon_core.package_identification:_identify(src) by extensions ['cmake', 'python']
[0.365s] Level 1:colcon.colcon_core.package_identification:_identify(src) by extension 'cmake'
[0.365s] Level 1:colcon.colcon_core.package_identification:_identify(src) by extension 'python'
[0.365s] Level 1:colcon.colcon_core.package_identification:_identify(src) by extensions ['python_setup_py']
[0.365s] Level 1:colcon.colcon_core.package_identification:_identify(src) by extension 'python_setup_py'
[0.365s] Level 1:colcon.colcon_core.package_identification:_identify(src/joy_controller) by extensions ['ignore', 'ignore_ament_install']
[0.366s] Level 1:colcon.colcon_core.package_identification:_identify(src/joy_controller) by extension 'ignore'
[0.366s] Level 1:colcon.colcon_core.package_identification:_identify(src/joy_controller) by extension 'ignore_ament_install'
[0.366s] Level 1:colcon.colcon_core.package_identification:_identify(src/joy_controller) by extensions ['colcon_pkg']
[0.366s] Level 1:colcon.colcon_core.package_identification:_identify(src/joy_controller) by extension 'colcon_pkg'
[0.366s] Level 1:colcon.colcon_core.package_identification:_identify(src/joy_controller) by extensions ['colcon_meta']
[0.366s] Level 1:colcon.colcon_core.package_identification:_identify(src/joy_controller) by extension 'colcon_meta'
[0.366s] Level 1:colcon.colcon_core.package_identification:_identify(src/joy_controller) by extensions ['ros']
[0.366s] Level 1:colcon.colcon_core.package_identification:_identify(src/joy_controller) by extension 'ros'
[0.369s] DEBUG:colcon.colcon_core.package_identification:Package 'src/joy_controller' with type 'ros.ament_cmake' and name 'joy_controller'
[0.369s] Level 1:colcon.colcon_core.package_discovery:discover_packages(recursive) using defaults
[0.369s] Level 1:colcon.colcon_core.package_discovery:discover_packages(ignore) discover
[0.370s] Level 1:colcon.colcon_core.package_discovery:discover_packages(ignore) using defaults
[0.370s] Level 1:colcon.colcon_core.package_discovery:discover_packages(path) discover
[0.370s] Level 1:colcon.colcon_core.package_discovery:discover_packages(path) using defaults
[0.395s] Level 5:colcon.colcon_core.verb:set package 'joy_controller' build argument 'cmake_args' from command line to 'None'
[0.395s] Level 5:colcon.colcon_core.verb:set package 'joy_controller' build argument 'cmake_target' from command line to 'None'
[0.395s] Level 5:colcon.colcon_core.verb:set package 'joy_controller' build argument 'cmake_target_skip_unavailable' from command line to 'False'
[0.395s] Level 5:colcon.colcon_core.verb:set package 'joy_controller' build argument 'cmake_clean_cache' from command line to 'False'
[0.395s] Level 5:colcon.colcon_core.verb:set package 'joy_controller' build argument 'cmake_clean_first' from command line to 'False'
[0.395s] Level 5:colcon.colcon_core.verb:set package 'joy_controller' build argument 'cmake_force_configure' from command line to 'False'
[0.395s] Level 5:colcon.colcon_core.verb:set package 'joy_controller' build argument 'ament_cmake_args' from command line to 'None'
[0.395s] Level 5:colcon.colcon_core.verb:set package 'joy_controller' build argument 'catkin_cmake_args' from command line to 'None'
[0.395s] Level 5:colcon.colcon_core.verb:set package 'joy_controller' build argument 'catkin_skip_building_tests' from command line to 'False'
[0.395s] DEBUG:colcon.colcon_core.verb:Building package 'joy_controller' with the following arguments: {'ament_cmake_args': None, 'build_base': '/root/working/ros2_ws/build/joy_controller', 'catkin_cmake_args': None, 'catkin_skip_building_tests': False, 'cmake_args': None, 'cmake_clean_cache': False, 'cmake_clean_first': False, 'cmake_force_configure': False, 'cmake_target': None, 'cmake_target_skip_unavailable': False, 'install_base': '/root/working/ros2_ws/install/joy_controller', 'merge_install': False, 'path': '/root/working/ros2_ws/src/joy_controller', 'symlink_install': False, 'test_result_base': None}
[0.396s] INFO:colcon.colcon_core.executor:Executing jobs using 'parallel' executor
[0.397s] DEBUG:colcon.colcon_parallel_executor.executor.parallel:run_until_complete
[0.398s] INFO:colcon.colcon_ros.task.ament_cmake.build:Building ROS package in '/root/working/ros2_ws/src/joy_controller' with build type 'ament_cmake'
[0.398s] INFO:colcon.colcon_cmake.task.cmake.build:Building CMake package in '/root/working/ros2_ws/src/joy_controller'
[0.402s] INFO:colcon.colcon_core.plugin_system:Skipping extension 'colcon_core.shell.bat': Not used on non-Windows systems
[0.402s] INFO:colcon.colcon_core.shell:Skip shell extension 'powershell' for command environment: Not usable outside of PowerShell
[0.402s] DEBUG:colcon.colcon_core.shell:Skip shell extension 'dsv' for command environment
[0.417s] DEBUG:colcon.colcon_core.event_handler.log_command:Invoking command in '/root/working/ros2_ws/build/joy_controller': CMAKE_PREFIX_PATH=${CMAKE_PREFIX_PATH}:/opt/ros/humble /usr/bin/cmake --build /root/working/ros2_ws/build/joy_controller -- -j4 -l4
[0.518s] DEBUG:colcon.colcon_core.event_handler.log_command:Invoked command in '/root/working/ros2_ws/build/joy_controller' returned '0': CMAKE_PREFIX_PATH=${CMAKE_PREFIX_PATH}:/opt/ros/humble /usr/bin/cmake --build /root/working/ros2_ws/build/joy_controller -- -j4 -l4
[0.532s] DEBUG:colcon.colcon_core.event_handler.log_command:Invoking command in '/root/working/ros2_ws/build/joy_controller': CMAKE_PREFIX_PATH=${CMAKE_PREFIX_PATH}:/opt/ros/humble /usr/bin/cmake --install /root/working/ros2_ws/build/joy_controller
[0.545s] Level 1:colcon.colcon_core.environment:create_environment_scripts_only(joy_controller)
[0.546s] DEBUG:colcon.colcon_core.event_handler.log_command:Invoked command in '/root/working/ros2_ws/build/joy_controller' returned '0': CMAKE_PREFIX_PATH=${CMAKE_PREFIX_PATH}:/opt/ros/humble /usr/bin/cmake --install /root/working/ros2_ws/build/joy_controller
[0.549s] Level 1:colcon.colcon_core.environment:checking '/root/working/ros2_ws/install/joy_controller' for CMake module files
[0.550s] Level 1:colcon.colcon_core.environment:checking '/root/working/ros2_ws/install/joy_controller' for CMake config files
[0.550s] Level 1:colcon.colcon_core.shell:create_environment_hook('joy_controller', 'cmake_prefix_path')
[0.550s] INFO:colcon.colcon_core.shell:Creating environment hook '/root/working/ros2_ws/install/joy_controller/share/joy_controller/hook/cmake_prefix_path.ps1'
[0.551s] INFO:colcon.colcon_core.shell:Creating environment descriptor '/root/working/ros2_ws/install/joy_controller/share/joy_controller/hook/cmake_prefix_path.dsv'
[0.552s] INFO:colcon.colcon_core.shell:Creating environment hook '/root/working/ros2_ws/install/joy_controller/share/joy_controller/hook/cmake_prefix_path.sh'
[0.553s] Level 1:colcon.colcon_core.environment:checking '/root/working/ros2_ws/install/joy_controller/lib'
[0.553s] Level 1:colcon.colcon_core.environment:checking '/root/working/ros2_ws/install/joy_controller/bin'
[0.553s] Level 1:colcon.colcon_core.environment:checking '/root/working/ros2_ws/install/joy_controller/lib/pkgconfig/joy_controller.pc'
[0.555s] Level 1:colcon.colcon_core.environment:checking '/root/working/ros2_ws/install/joy_controller/lib/python3.10/site-packages'
[0.556s] Level 1:colcon.colcon_core.environment:checking '/root/working/ros2_ws/install/joy_controller/bin'
[0.556s] INFO:colcon.colcon_core.shell:Creating package script '/root/working/ros2_ws/install/joy_controller/share/joy_controller/package.ps1'
[0.557s] INFO:colcon.colcon_core.shell:Creating package descriptor '/root/working/ros2_ws/install/joy_controller/share/joy_controller/package.dsv'
[0.558s] INFO:colcon.colcon_core.shell:Creating package script '/root/working/ros2_ws/install/joy_controller/share/joy_controller/package.sh'
[0.560s] INFO:colcon.colcon_core.shell:Creating package script '/root/working/ros2_ws/install/joy_controller/share/joy_controller/package.bash'
[0.561s] INFO:colcon.colcon_core.shell:Creating package script '/root/working/ros2_ws/install/joy_controller/share/joy_controller/package.zsh'
[0.562s] Level 1:colcon.colcon_core.environment:create_file_with_runtime_dependencies(/root/working/ros2_ws/install/joy_controller/share/colcon-core/packages/joy_controller)
[0.563s] Level 1:colcon.colcon_core.environment:create_environment_scripts_only(joy_controller)
[0.563s] Level 1:colcon.colcon_core.environment:checking '/root/working/ros2_ws/install/joy_controller' for CMake module files
[0.564s] Level 1:colcon.colcon_core.environment:checking '/root/working/ros2_ws/install/joy_controller' for CMake config files
[0.564s] Level 1:colcon.colcon_core.shell:create_environment_hook('joy_controller', 'cmake_prefix_path')
[0.564s] INFO:colcon.colcon_core.shell:Creating environment hook '/root/working/ros2_ws/install/joy_controller/share/joy_controller/hook/cmake_prefix_path.ps1'
[0.564s] INFO:colcon.colcon_core.shell:Creating environment descriptor '/root/working/ros2_ws/install/joy_controller/share/joy_controller/hook/cmake_prefix_path.dsv'
[0.565s] INFO:colcon.colcon_core.shell:Creating environment hook '/root/working/ros2_ws/install/joy_controller/share/joy_controller/hook/cmake_prefix_path.sh'
[0.566s] Level 1:colcon.colcon_core.environment:checking '/root/working/ros2_ws/install/joy_controller/lib'
[0.566s] Level 1:colcon.colcon_core.environment:checking '/root/working/ros2_ws/install/joy_controller/bin'
[0.566s] Level 1:colcon.colcon_core.environment:checking '/root/working/ros2_ws/install/joy_controller/lib/pkgconfig/joy_controller.pc'
[0.566s] Level 1:colcon.colcon_core.environment:checking '/root/working/ros2_ws/install/joy_controller/lib/python3.10/site-packages'
[0.566s] Level 1:colcon.colcon_core.environment:checking '/root/working/ros2_ws/install/joy_controller/bin'
[0.567s] INFO:colcon.colcon_core.shell:Creating package script '/root/working/ros2_ws/install/joy_controller/share/joy_controller/package.ps1'
[0.567s] INFO:colcon.colcon_core.shell:Creating package descriptor '/root/working/ros2_ws/install/joy_controller/share/joy_controller/package.dsv'
[0.568s] INFO:colcon.colcon_core.shell:Creating package script '/root/working/ros2_ws/install/joy_controller/share/joy_controller/package.sh'
[0.568s] INFO:colcon.colcon_core.shell:Creating package script '/root/working/ros2_ws/install/joy_controller/share/joy_controller/package.bash'
[0.569s] INFO:colcon.colcon_core.shell:Creating package script '/root/working/ros2_ws/install/joy_controller/share/joy_controller/package.zsh'
[0.569s] Level 1:colcon.colcon_core.environment:create_file_with_runtime_dependencies(/root/working/ros2_ws/install/joy_controller/share/colcon-core/packages/joy_controller)
[0.570s] DEBUG:colcon.colcon_parallel_executor.executor.parallel:closing loop
[0.570s] DEBUG:colcon.colcon_parallel_executor.executor.parallel:loop closed
[0.571s] DEBUG:colcon.colcon_parallel_executor.executor.parallel:run_until_complete finished with '0'
[0.571s] DEBUG:colcon.colcon_core.event_reactor:joining thread
[0.581s] INFO:colcon.colcon_core.plugin_system:Skipping extension 'colcon_notification.desktop_notification.notify_send': Could not find 'notify-send'
[0.581s] INFO:colcon.colcon_core.plugin_system:Skipping extension 'colcon_notification.desktop_notification.terminal_notifier': Not used on non-Darwin systems
[0.582s] INFO:colcon.colcon_core.plugin_system:Skipping extension 'colcon_notification.desktop_notification.win32': Not used on non-Windows systems
[0.582s] INFO:colcon.colcon_notification.desktop_notification:Sending desktop notification using 'notify2'
[0.582s] DEBUG:colcon.colcon_notification.desktop_notification.notify2:Failed to initialize notify2: org.freedesktop.DBus.Error.NotSupported: Unable to autolaunch a dbus-daemon without a $DISPLAY for X11
[0.583s] DEBUG:colcon.colcon_core.event_reactor:joined thread
[0.583s] INFO:colcon.colcon_core.shell:Creating prefix script '/root/working/ros2_ws/install/local_setup.ps1'
[0.585s] INFO:colcon.colcon_core.shell:Creating prefix util module '/root/working/ros2_ws/install/_local_setup_util_ps1.py'
[0.587s] INFO:colcon.colcon_core.shell:Creating prefix chain script '/root/working/ros2_ws/install/setup.ps1'
[0.589s] INFO:colcon.colcon_core.shell:Creating prefix script '/root/working/ros2_ws/install/local_setup.sh'
[0.589s] INFO:colcon.colcon_core.shell:Creating prefix util module '/root/working/ros2_ws/install/_local_setup_util_sh.py'
[0.591s] INFO:colcon.colcon_core.shell:Creating prefix chain script '/root/working/ros2_ws/install/setup.sh'
[0.593s] INFO:colcon.colcon_core.shell:Creating prefix script '/root/working/ros2_ws/install/local_setup.bash'
[0.593s] INFO:colcon.colcon_core.shell:Creating prefix chain script '/root/working/ros2_ws/install/setup.bash'
[0.595s] INFO:colcon.colcon_core.shell:Creating prefix script '/root/working/ros2_ws/install/local_setup.zsh'
[0.595s] INFO:colcon.colcon_core.shell:Creating prefix chain script '/root/working/ros2_ws/install/setup.zsh'
