[0.055s] Invoking command in '/root/working/test_ws/yano_ws/build/operator': AMENT_PREFIX_PATH=/root/working/test_ws/yano_ws/install/custom_interfaces:${AMENT_PREFIX_PATH} CMAKE_PREFIX_PATH=/root/working/test_ws/yano_ws/install/custom_interfaces:/root/working/rodep_ros2/yano_ws/install/custom_interfaces:/root/working/rodep_ros2/yano_ws/install/operator:/root/working/rodep_ros2/yano_ws/install/driver:/opt/ros/humble LD_LIBRARY_PATH=/root/working/test_ws/yano_ws/install/custom_interfaces/lib:${LD_LIBRARY_PATH} PYTHONPATH=/root/working/test_ws/yano_ws/install/custom_interfaces/local/lib/python3.10/dist-packages:${PYTHONPATH} /usr/bin/cmake /root/working/test_ws/yano_ws/src/operator -DCMAKE_INSTALL_PREFIX=/root/working/test_ws/yano_ws/install/operator
[0.415s] -- The C compiler identification is GNU 11.4.0
[0.709s] -- The CXX compiler identification is GNU 11.4.0
[0.748s] -- Detecting C compiler ABI info
[1.131s] -- Detecting C compiler ABI info - done
[1.200s] -- Check for working C compiler: /usr/bin/cc - skipped
[1.200s] -- Detecting C compile features
[1.200s] -- Detecting C compile features - done
[1.229s] -- Detecting CXX compiler ABI info
[1.675s] -- Detecting CXX compiler ABI info - done
[1.735s] -- Check for working CXX compiler: /usr/bin/c++ - skipped
[1.736s] -- Detecting CXX compile features
[1.746s] -- Detecting CXX compile features - done
[1.773s] -- Found ament_cmake: 1.3.11 (/opt/ros/humble/share/ament_cmake/cmake)
[2.452s] -- Found Python3: /usr/bin/python3 (found version "3.10.12") found components: Interpreter 
[2.991s] -- Found rclcpp: 16.0.11 (/opt/ros/humble/share/rclcpp/cmake)
[3.283s] -- Found rosidl_generator_c: 3.1.6 (/opt/ros/humble/share/rosidl_generator_c/cmake)
[3.325s] -- Found rosidl_adapter: 3.1.6 (/opt/ros/humble/share/rosidl_adapter/cmake)
[3.403s] -- Found rosidl_generator_cpp: 3.1.6 (/opt/ros/humble/share/rosidl_generator_cpp/cmake)
[3.486s] -- Using all available rosidl_typesupport_c: rosidl_typesupport_fastrtps_c;rosidl_typesupport_introspection_c
[3.606s] -- Using all available rosidl_typesupport_cpp: rosidl_typesupport_fastrtps_cpp;rosidl_typesupport_introspection_cpp
[3.929s] -- Found rmw_implementation_cmake: 6.1.2 (/opt/ros/humble/share/rmw_implementation_cmake/cmake)
[3.956s] -- Found rmw_fastrtps_cpp: 6.2.7 (/opt/ros/humble/share/rmw_fastrtps_cpp/cmake)
[4.441s] -- Found OpenSSL: /usr/lib/x86_64-linux-gnu/libcrypto.so (found version "3.0.2")  
[4.564s] -- Found FastRTPS: /opt/ros/humble/include  
[4.802s] -- Using RMW implementation 'rmw_fastrtps_cpp' as default
[4.901s] -- Looking for pthread.h
[5.265s] -- Looking for pthread.h - found
[5.265s] -- Performing Test CMAKE_HAVE_LIBC_PTHREAD
[5.646s] -- Performing Test CMAKE_HAVE_LIBC_PTHREAD - Success
[5.653s] -- Found Threads: TRUE  
[5.983s] -- Found sensor_msgs: 4.2.4 (/opt/ros/humble/share/sensor_msgs/cmake)
[6.148s] -- Found custom_interfaces: 0.0.0 (/root/working/test_ws/yano_ws/install/custom_interfaces/share/custom_interfaces/cmake)
[6.210s] -- Found ament_lint_auto: 0.12.11 (/opt/ros/humble/share/ament_lint_auto/cmake)
[6.553s] -- Added test 'cppcheck' to perform static code analysis on C / C++ code
[6.553s] -- Configured cppcheck include dirs: 
[6.554s] -- Configured cppcheck exclude dirs and/or files: 
[6.561s] -- Added test 'flake8' to check Python code syntax and style conventions
[6.562s] -- Added test 'lint_cmake' to check CMake code style
[6.573s] -- Added test 'pep257' to check Python code against some of the docstring style conventions in PEP 257
[6.575s] -- Added test 'uncrustify' to check C / C++ code style
[6.576s] -- Configured uncrustify additional arguments: 
[6.584s] -- Added test 'xmllint' to check XML markup files
[6.593s] -- Configuring done
[6.641s] -- Generating done
[6.662s] -- Build files have been written to: /root/working/test_ws/yano_ws/build/operator
[6.704s] Invoked command in '/root/working/test_ws/yano_ws/build/operator' returned '0': AMENT_PREFIX_PATH=/root/working/test_ws/yano_ws/install/custom_interfaces:${AMENT_PREFIX_PATH} CMAKE_PREFIX_PATH=/root/working/test_ws/yano_ws/install/custom_interfaces:/root/working/rodep_ros2/yano_ws/install/custom_interfaces:/root/working/rodep_ros2/yano_ws/install/operator:/root/working/rodep_ros2/yano_ws/install/driver:/opt/ros/humble LD_LIBRARY_PATH=/root/working/test_ws/yano_ws/install/custom_interfaces/lib:${LD_LIBRARY_PATH} PYTHONPATH=/root/working/test_ws/yano_ws/install/custom_interfaces/local/lib/python3.10/dist-packages:${PYTHONPATH} /usr/bin/cmake /root/working/test_ws/yano_ws/src/operator -DCMAKE_INSTALL_PREFIX=/root/working/test_ws/yano_ws/install/operator
[6.710s] Invoking command in '/root/working/test_ws/yano_ws/build/operator': AMENT_PREFIX_PATH=/root/working/test_ws/yano_ws/install/custom_interfaces:${AMENT_PREFIX_PATH} CMAKE_PREFIX_PATH=/root/working/test_ws/yano_ws/install/custom_interfaces:/root/working/rodep_ros2/yano_ws/install/custom_interfaces:/root/working/rodep_ros2/yano_ws/install/operator:/root/working/rodep_ros2/yano_ws/install/driver:/opt/ros/humble LD_LIBRARY_PATH=/root/working/test_ws/yano_ws/install/custom_interfaces/lib:${LD_LIBRARY_PATH} PYTHONPATH=/root/working/test_ws/yano_ws/install/custom_interfaces/local/lib/python3.10/dist-packages:${PYTHONPATH} /usr/bin/cmake --build /root/working/test_ws/yano_ws/build/operator -- -j4 -l4
[6.926s] [ 50%] [32mBuilding CXX object CMakeFiles/operator_node.dir/src/operator.cpp.o[0m
[29.939s] [100%] [32m[1mLinking CXX executable operator_node[0m
[30.875s] [100%] Built target operator_node
[30.889s] Invoked command in '/root/working/test_ws/yano_ws/build/operator' returned '0': AMENT_PREFIX_PATH=/root/working/test_ws/yano_ws/install/custom_interfaces:${AMENT_PREFIX_PATH} CMAKE_PREFIX_PATH=/root/working/test_ws/yano_ws/install/custom_interfaces:/root/working/rodep_ros2/yano_ws/install/custom_interfaces:/root/working/rodep_ros2/yano_ws/install/operator:/root/working/rodep_ros2/yano_ws/install/driver:/opt/ros/humble LD_LIBRARY_PATH=/root/working/test_ws/yano_ws/install/custom_interfaces/lib:${LD_LIBRARY_PATH} PYTHONPATH=/root/working/test_ws/yano_ws/install/custom_interfaces/local/lib/python3.10/dist-packages:${PYTHONPATH} /usr/bin/cmake --build /root/working/test_ws/yano_ws/build/operator -- -j4 -l4
[30.891s] Invoking command in '/root/working/test_ws/yano_ws/build/operator': AMENT_PREFIX_PATH=/root/working/test_ws/yano_ws/install/custom_interfaces:${AMENT_PREFIX_PATH} CMAKE_PREFIX_PATH=/root/working/test_ws/yano_ws/install/custom_interfaces:/root/working/rodep_ros2/yano_ws/install/custom_interfaces:/root/working/rodep_ros2/yano_ws/install/operator:/root/working/rodep_ros2/yano_ws/install/driver:/opt/ros/humble LD_LIBRARY_PATH=/root/working/test_ws/yano_ws/install/custom_interfaces/lib:${LD_LIBRARY_PATH} PYTHONPATH=/root/working/test_ws/yano_ws/install/custom_interfaces/local/lib/python3.10/dist-packages:${PYTHONPATH} /usr/bin/cmake --install /root/working/test_ws/yano_ws/build/operator
[30.901s] -- Install configuration: ""
[30.901s] -- Installing: /root/working/test_ws/yano_ws/install/operator/lib/operator/operator_node
[30.907s] -- Set runtime path of "/root/working/test_ws/yano_ws/install/operator/lib/operator/operator_node" to ""
[30.907s] -- Installing: /root/working/test_ws/yano_ws/install/operator/share/ament_index/resource_index/package_run_dependencies/operator
[30.907s] -- Installing: /root/working/test_ws/yano_ws/install/operator/share/ament_index/resource_index/parent_prefix_path/operator
[30.907s] -- Installing: /root/working/test_ws/yano_ws/install/operator/share/operator/environment/ament_prefix_path.sh
[30.908s] -- Installing: /root/working/test_ws/yano_ws/install/operator/share/operator/environment/ament_prefix_path.dsv
[30.908s] -- Installing: /root/working/test_ws/yano_ws/install/operator/share/operator/environment/path.sh
[30.908s] -- Installing: /root/working/test_ws/yano_ws/install/operator/share/operator/environment/path.dsv
[30.909s] -- Installing: /root/working/test_ws/yano_ws/install/operator/share/operator/local_setup.bash
[30.909s] -- Installing: /root/working/test_ws/yano_ws/install/operator/share/operator/local_setup.sh
[30.909s] -- Installing: /root/working/test_ws/yano_ws/install/operator/share/operator/local_setup.zsh
[30.909s] -- Installing: /root/working/test_ws/yano_ws/install/operator/share/operator/local_setup.dsv
[30.910s] -- Installing: /root/working/test_ws/yano_ws/install/operator/share/operator/package.dsv
[30.910s] -- Installing: /root/working/test_ws/yano_ws/install/operator/share/ament_index/resource_index/packages/operator
[30.910s] -- Installing: /root/working/test_ws/yano_ws/install/operator/share/operator/cmake/operatorConfig.cmake
[30.911s] -- Installing: /root/working/test_ws/yano_ws/install/operator/share/operator/cmake/operatorConfig-version.cmake
[30.911s] -- Installing: /root/working/test_ws/yano_ws/install/operator/share/operator/package.xml
[30.914s] Invoked command in '/root/working/test_ws/yano_ws/build/operator' returned '0': AMENT_PREFIX_PATH=/root/working/test_ws/yano_ws/install/custom_interfaces:${AMENT_PREFIX_PATH} CMAKE_PREFIX_PATH=/root/working/test_ws/yano_ws/install/custom_interfaces:/root/working/rodep_ros2/yano_ws/install/custom_interfaces:/root/working/rodep_ros2/yano_ws/install/operator:/root/working/rodep_ros2/yano_ws/install/driver:/opt/ros/humble LD_LIBRARY_PATH=/root/working/test_ws/yano_ws/install/custom_interfaces/lib:${LD_LIBRARY_PATH} PYTHONPATH=/root/working/test_ws/yano_ws/install/custom_interfaces/local/lib/python3.10/dist-packages:${PYTHONPATH} /usr/bin/cmake --install /root/working/test_ws/yano_ws/build/operator
