[0.120s] DEBUG:colcon:Command line arguments: ['/usr/bin/colcon', 'build']
[0.120s] DEBUG:colcon:Parsed command line arguments: Namespace(log_base=None, log_level=None, verb_name='build', build_base='build', install_base='install', merge_install=False, symlink_install=False, test_result_base=None, continue_on_error=False, executor='parallel', parallel_workers=8, event_handlers=None, ignore_user_meta=False, metas=['./colcon.meta'], base_paths=['.'], packages_ignore=None, packages_ignore_regex=None, paths=None, packages_up_to=None, packages_up_to_regex=None, packages_above=None, packages_above_and_dependencies=None, packages_above_depth=None, packages_select_by_dep=None, packages_skip_by_dep=None, packages_skip_up_to=None, packages_select_build_failed=False, packages_skip_build_finished=False, packages_select_test_failures=False, packages_skip_test_passed=False, packages_select=None, packages_skip=None, packages_select_regex=None, packages_skip_regex=None, packages_start=None, packages_end=None, allow_overriding=[], cmake_args=None, cmake_target=None, cmake_target_skip_unavailable=False, cmake_clean_cache=False, cmake_clean_first=False, cmake_force_configure=False, ament_cmake_args=None, catkin_cmake_args=None, catkin_skip_building_tests=False, mixin_files=None, mixin=None, verb_parser=<colcon_mixin.mixin.mixin_argument.MixinArgumentDecorator object at 0x7e4b59973fb0>, verb_extension=<colcon_core.verb.build.BuildVerb object at 0x7e4b59973b30>, main=<bound method BuildVerb.main of <colcon_core.verb.build.BuildVerb object at 0x7e4b59973b30>>, mixin_verb=('build',))
[0.164s] Level 1:colcon.colcon_core.package_discovery:discover_packages(colcon_meta) check parameters
[0.165s] Level 1:colcon.colcon_core.package_discovery:discover_packages(recursive) check parameters
[0.165s] Level 1:colcon.colcon_core.package_discovery:discover_packages(ignore) check parameters
[0.165s] Level 1:colcon.colcon_core.package_discovery:discover_packages(path) check parameters
[0.165s] Level 1:colcon.colcon_core.package_discovery:discover_packages(colcon_meta) discover
[0.165s] Level 1:colcon.colcon_core.package_discovery:discover_packages(recursive) discover
[0.165s] INFO:colcon.colcon_core.package_discovery:Crawling recursively for packages in '/home/rodep/rodep/test_ws/yano_ws'
[0.165s] Level 1:colcon.colcon_core.package_identification:_identify(.) by extensions ['ignore', 'ignore_ament_install']
[0.165s] Level 1:colcon.colcon_core.package_identification:_identify(.) by extension 'ignore'
[0.165s] Level 1:colcon.colcon_core.package_identification:_identify(.) by extension 'ignore_ament_install'
[0.165s] Level 1:colcon.colcon_core.package_identification:_identify(.) by extensions ['colcon_pkg']
[0.165s] Level 1:colcon.colcon_core.package_identification:_identify(.) by extension 'colcon_pkg'
[0.165s] Level 1:colcon.colcon_core.package_identification:_identify(.) by extensions ['colcon_meta']
[0.165s] Level 1:colcon.colcon_core.package_identification:_identify(.) by extension 'colcon_meta'
[0.165s] Level 1:colcon.colcon_core.package_identification:_identify(.) by extensions ['ros']
[0.165s] Level 1:colcon.colcon_core.package_identification:_identify(.) by extension 'ros'
[0.191s] Level 1:colcon.colcon_core.package_identification:_identify(.) by extensions ['cmake', 'python']
[0.191s] Level 1:colcon.colcon_core.package_identification:_identify(.) by extension 'cmake'
[0.191s] Level 1:colcon.colcon_core.package_identification:_identify(.) by extension 'python'
[0.191s] Level 1:colcon.colcon_core.package_identification:_identify(.) by extensions ['python_setup_py']
[0.191s] Level 1:colcon.colcon_core.package_identification:_identify(.) by extension 'python_setup_py'
[0.191s] Level 1:colcon.colcon_core.package_identification:_identify(build) by extensions ['ignore', 'ignore_ament_install']
[0.191s] Level 1:colcon.colcon_core.package_identification:_identify(build) by extension 'ignore'
[0.191s] Level 1:colcon.colcon_core.package_identification:_identify(build) ignored
[0.191s] Level 1:colcon.colcon_core.package_identification:_identify(install) by extensions ['ignore', 'ignore_ament_install']
[0.191s] Level 1:colcon.colcon_core.package_identification:_identify(install) by extension 'ignore'
[0.191s] Level 1:colcon.colcon_core.package_identification:_identify(install) ignored
[0.191s] Level 1:colcon.colcon_core.package_identification:_identify(launch) by extensions ['ignore', 'ignore_ament_install']
[0.191s] Level 1:colcon.colcon_core.package_identification:_identify(launch) by extension 'ignore'
[0.191s] Level 1:colcon.colcon_core.package_identification:_identify(launch) by extension 'ignore_ament_install'
[0.191s] Level 1:colcon.colcon_core.package_identification:_identify(launch) by extensions ['colcon_pkg']
[0.191s] Level 1:colcon.colcon_core.package_identification:_identify(launch) by extension 'colcon_pkg'
[0.192s] Level 1:colcon.colcon_core.package_identification:_identify(launch) by extensions ['colcon_meta']
[0.192s] Level 1:colcon.colcon_core.package_identification:_identify(launch) by extension 'colcon_meta'
[0.192s] Level 1:colcon.colcon_core.package_identification:_identify(launch) by extensions ['ros']
[0.192s] Level 1:colcon.colcon_core.package_identification:_identify(launch) by extension 'ros'
[0.192s] Level 1:colcon.colcon_core.package_identification:_identify(launch) by extensions ['cmake', 'python']
[0.192s] Level 1:colcon.colcon_core.package_identification:_identify(launch) by extension 'cmake'
[0.192s] Level 1:colcon.colcon_core.package_identification:_identify(launch) by extension 'python'
[0.192s] Level 1:colcon.colcon_core.package_identification:_identify(launch) by extensions ['python_setup_py']
[0.192s] Level 1:colcon.colcon_core.package_identification:_identify(launch) by extension 'python_setup_py'
[0.192s] Level 1:colcon.colcon_core.package_identification:_identify(launch/__pycache__) by extensions ['ignore', 'ignore_ament_install']
[0.192s] Level 1:colcon.colcon_core.package_identification:_identify(launch/__pycache__) by extension 'ignore'
[0.192s] Level 1:colcon.colcon_core.package_identification:_identify(launch/__pycache__) by extension 'ignore_ament_install'
[0.192s] Level 1:colcon.colcon_core.package_identification:_identify(launch/__pycache__) by extensions ['colcon_pkg']
[0.192s] Level 1:colcon.colcon_core.package_identification:_identify(launch/__pycache__) by extension 'colcon_pkg'
[0.192s] Level 1:colcon.colcon_core.package_identification:_identify(launch/__pycache__) by extensions ['colcon_meta']
[0.192s] Level 1:colcon.colcon_core.package_identification:_identify(launch/__pycache__) by extension 'colcon_meta'
[0.192s] Level 1:colcon.colcon_core.package_identification:_identify(launch/__pycache__) by extensions ['ros']
[0.192s] Level 1:colcon.colcon_core.package_identification:_identify(launch/__pycache__) by extension 'ros'
[0.192s] Level 1:colcon.colcon_core.package_identification:_identify(launch/__pycache__) by extensions ['cmake', 'python']
[0.192s] Level 1:colcon.colcon_core.package_identification:_identify(launch/__pycache__) by extension 'cmake'
[0.192s] Level 1:colcon.colcon_core.package_identification:_identify(launch/__pycache__) by extension 'python'
[0.192s] Level 1:colcon.colcon_core.package_identification:_identify(launch/__pycache__) by extensions ['python_setup_py']
[0.192s] Level 1:colcon.colcon_core.package_identification:_identify(launch/__pycache__) by extension 'python_setup_py'
[0.192s] Level 1:colcon.colcon_core.package_identification:_identify(log) by extensions ['ignore', 'ignore_ament_install']
[0.193s] Level 1:colcon.colcon_core.package_identification:_identify(log) by extension 'ignore'
[0.193s] Level 1:colcon.colcon_core.package_identification:_identify(log) ignored
[0.193s] Level 1:colcon.colcon_core.package_identification:_identify(src) by extensions ['ignore', 'ignore_ament_install']
[0.193s] Level 1:colcon.colcon_core.package_identification:_identify(src) by extension 'ignore'
[0.193s] Level 1:colcon.colcon_core.package_identification:_identify(src) by extension 'ignore_ament_install'
[0.193s] Level 1:colcon.colcon_core.package_identification:_identify(src) by extensions ['colcon_pkg']
[0.193s] Level 1:colcon.colcon_core.package_identification:_identify(src) by extension 'colcon_pkg'
[0.193s] Level 1:colcon.colcon_core.package_identification:_identify(src) by extensions ['colcon_meta']
[0.193s] Level 1:colcon.colcon_core.package_identification:_identify(src) by extension 'colcon_meta'
[0.193s] Level 1:colcon.colcon_core.package_identification:_identify(src) by extensions ['ros']
[0.193s] Level 1:colcon.colcon_core.package_identification:_identify(src) by extension 'ros'
[0.193s] Level 1:colcon.colcon_core.package_identification:_identify(src) by extensions ['cmake', 'python']
[0.193s] Level 1:colcon.colcon_core.package_identification:_identify(src) by extension 'cmake'
[0.193s] Level 1:colcon.colcon_core.package_identification:_identify(src) by extension 'python'
[0.193s] Level 1:colcon.colcon_core.package_identification:_identify(src) by extensions ['python_setup_py']
[0.193s] Level 1:colcon.colcon_core.package_identification:_identify(src) by extension 'python_setup_py'
[0.193s] Level 1:colcon.colcon_core.package_identification:_identify(src/DynamixelSDK) by extensions ['ignore', 'ignore_ament_install']
[0.193s] Level 1:colcon.colcon_core.package_identification:_identify(src/DynamixelSDK) by extension 'ignore'
[0.194s] Level 1:colcon.colcon_core.package_identification:_identify(src/DynamixelSDK) by extension 'ignore_ament_install'
[0.194s] Level 1:colcon.colcon_core.package_identification:_identify(src/DynamixelSDK) by extensions ['colcon_pkg']
[0.194s] Level 1:colcon.colcon_core.package_identification:_identify(src/DynamixelSDK) by extension 'colcon_pkg'
[0.194s] Level 1:colcon.colcon_core.package_identification:_identify(src/DynamixelSDK) by extensions ['colcon_meta']
[0.194s] Level 1:colcon.colcon_core.package_identification:_identify(src/DynamixelSDK) by extension 'colcon_meta'
[0.194s] Level 1:colcon.colcon_core.package_identification:_identify(src/DynamixelSDK) by extensions ['ros']
[0.194s] Level 1:colcon.colcon_core.package_identification:_identify(src/DynamixelSDK) by extension 'ros'
[0.194s] Level 1:colcon.colcon_core.package_identification:_identify(src/DynamixelSDK) by extensions ['cmake', 'python']
[0.194s] Level 1:colcon.colcon_core.package_identification:_identify(src/DynamixelSDK) by extension 'cmake'
[0.194s] Level 1:colcon.colcon_core.package_identification:_identify(src/DynamixelSDK) by extension 'python'
[0.194s] Level 1:colcon.colcon_core.package_identification:_identify(src/DynamixelSDK) by extensions ['python_setup_py']
[0.194s] Level 1:colcon.colcon_core.package_identification:_identify(src/DynamixelSDK) by extension 'python_setup_py'
[0.194s] Level 1:colcon.colcon_core.package_identification:_identify(src/crawler_driver) by extensions ['ignore', 'ignore_ament_install']
[0.194s] Level 1:colcon.colcon_core.package_identification:_identify(src/crawler_driver) by extension 'ignore'
[0.194s] Level 1:colcon.colcon_core.package_identification:_identify(src/crawler_driver) by extension 'ignore_ament_install'
[0.194s] Level 1:colcon.colcon_core.package_identification:_identify(src/crawler_driver) by extensions ['colcon_pkg']
[0.194s] Level 1:colcon.colcon_core.package_identification:_identify(src/crawler_driver) by extension 'colcon_pkg'
[0.194s] Level 1:colcon.colcon_core.package_identification:_identify(src/crawler_driver) by extensions ['colcon_meta']
[0.194s] Level 1:colcon.colcon_core.package_identification:_identify(src/crawler_driver) by extension 'colcon_meta'
[0.194s] Level 1:colcon.colcon_core.package_identification:_identify(src/crawler_driver) by extensions ['ros']
[0.194s] Level 1:colcon.colcon_core.package_identification:_identify(src/crawler_driver) by extension 'ros'
[0.197s] DEBUG:colcon.colcon_core.package_identification:Package 'src/crawler_driver' with type 'ros.ament_cmake' and name 'crawler_driver'
[0.198s] Level 1:colcon.colcon_core.package_identification:_identify(src/custom_interfaces) by extensions ['ignore', 'ignore_ament_install']
[0.198s] Level 1:colcon.colcon_core.package_identification:_identify(src/custom_interfaces) by extension 'ignore'
[0.198s] Level 1:colcon.colcon_core.package_identification:_identify(src/custom_interfaces) by extension 'ignore_ament_install'
[0.198s] Level 1:colcon.colcon_core.package_identification:_identify(src/custom_interfaces) by extensions ['colcon_pkg']
[0.198s] Level 1:colcon.colcon_core.package_identification:_identify(src/custom_interfaces) by extension 'colcon_pkg'
[0.198s] Level 1:colcon.colcon_core.package_identification:_identify(src/custom_interfaces) by extensions ['colcon_meta']
[0.198s] Level 1:colcon.colcon_core.package_identification:_identify(src/custom_interfaces) by extension 'colcon_meta'
[0.198s] Level 1:colcon.colcon_core.package_identification:_identify(src/custom_interfaces) by extensions ['ros']
[0.198s] Level 1:colcon.colcon_core.package_identification:_identify(src/custom_interfaces) by extension 'ros'
[0.198s] DEBUG:colcon.colcon_core.package_identification:Package 'src/custom_interfaces' with type 'ros.ament_cmake' and name 'custom_interfaces'
[0.199s] Level 1:colcon.colcon_core.package_identification:_identify(src/dynamixel-workbench) by extensions ['ignore', 'ignore_ament_install']
[0.199s] Level 1:colcon.colcon_core.package_identification:_identify(src/dynamixel-workbench) by extension 'ignore'
[0.199s] Level 1:colcon.colcon_core.package_identification:_identify(src/dynamixel-workbench) by extension 'ignore_ament_install'
[0.199s] Level 1:colcon.colcon_core.package_identification:_identify(src/dynamixel-workbench) by extensions ['colcon_pkg']
[0.199s] Level 1:colcon.colcon_core.package_identification:_identify(src/dynamixel-workbench) by extension 'colcon_pkg'
[0.199s] Level 1:colcon.colcon_core.package_identification:_identify(src/dynamixel-workbench) by extensions ['colcon_meta']
[0.199s] Level 1:colcon.colcon_core.package_identification:_identify(src/dynamixel-workbench) by extension 'colcon_meta'
[0.199s] Level 1:colcon.colcon_core.package_identification:_identify(src/dynamixel-workbench) by extensions ['ros']
[0.199s] Level 1:colcon.colcon_core.package_identification:_identify(src/dynamixel-workbench) by extension 'ros'
[0.199s] Level 1:colcon.colcon_core.package_identification:_identify(src/dynamixel-workbench) by extensions ['cmake', 'python']
[0.199s] Level 1:colcon.colcon_core.package_identification:_identify(src/dynamixel-workbench) by extension 'cmake'
[0.199s] Level 1:colcon.colcon_core.package_identification:_identify(src/dynamixel-workbench) by extension 'python'
[0.199s] Level 1:colcon.colcon_core.package_identification:_identify(src/dynamixel-workbench) by extensions ['python_setup_py']
[0.199s] Level 1:colcon.colcon_core.package_identification:_identify(src/dynamixel-workbench) by extension 'python_setup_py'
[0.200s] Level 1:colcon.colcon_core.package_identification:_identify(src/dynamixel-workbench-msgs) by extensions ['ignore', 'ignore_ament_install']
[0.200s] Level 1:colcon.colcon_core.package_identification:_identify(src/dynamixel-workbench-msgs) by extension 'ignore'
[0.200s] Level 1:colcon.colcon_core.package_identification:_identify(src/dynamixel-workbench-msgs) by extension 'ignore_ament_install'
[0.200s] Level 1:colcon.colcon_core.package_identification:_identify(src/dynamixel-workbench-msgs) by extensions ['colcon_pkg']
[0.200s] Level 1:colcon.colcon_core.package_identification:_identify(src/dynamixel-workbench-msgs) by extension 'colcon_pkg'
[0.200s] Level 1:colcon.colcon_core.package_identification:_identify(src/dynamixel-workbench-msgs) by extensions ['colcon_meta']
[0.200s] Level 1:colcon.colcon_core.package_identification:_identify(src/dynamixel-workbench-msgs) by extension 'colcon_meta'
[0.200s] Level 1:colcon.colcon_core.package_identification:_identify(src/dynamixel-workbench-msgs) by extensions ['ros']
[0.200s] Level 1:colcon.colcon_core.package_identification:_identify(src/dynamixel-workbench-msgs) by extension 'ros'
[0.200s] Level 1:colcon.colcon_core.package_identification:_identify(src/dynamixel-workbench-msgs) by extensions ['cmake', 'python']
[0.200s] Level 1:colcon.colcon_core.package_identification:_identify(src/dynamixel-workbench-msgs) by extension 'cmake'
[0.200s] Level 1:colcon.colcon_core.package_identification:_identify(src/dynamixel-workbench-msgs) by extension 'python'
[0.200s] Level 1:colcon.colcon_core.package_identification:_identify(src/dynamixel-workbench-msgs) by extensions ['python_setup_py']
[0.200s] Level 1:colcon.colcon_core.package_identification:_identify(src/dynamixel-workbench-msgs) by extension 'python_setup_py'
[0.200s] Level 1:colcon.colcon_core.package_identification:_identify(src/flipper_driver) by extensions ['ignore', 'ignore_ament_install']
[0.200s] Level 1:colcon.colcon_core.package_identification:_identify(src/flipper_driver) by extension 'ignore'
[0.200s] Level 1:colcon.colcon_core.package_identification:_identify(src/flipper_driver) by extension 'ignore_ament_install'
[0.200s] Level 1:colcon.colcon_core.package_identification:_identify(src/flipper_driver) by extensions ['colcon_pkg']
[0.200s] Level 1:colcon.colcon_core.package_identification:_identify(src/flipper_driver) by extension 'colcon_pkg'
[0.200s] Level 1:colcon.colcon_core.package_identification:_identify(src/flipper_driver) by extensions ['colcon_meta']
[0.200s] Level 1:colcon.colcon_core.package_identification:_identify(src/flipper_driver) by extension 'colcon_meta'
[0.200s] Level 1:colcon.colcon_core.package_identification:_identify(src/flipper_driver) by extensions ['ros']
[0.200s] Level 1:colcon.colcon_core.package_identification:_identify(src/flipper_driver) by extension 'ros'
[0.201s] DEBUG:colcon.colcon_core.package_identification:Package 'src/flipper_driver' with type 'ros.ament_cmake' and name 'flipper_driver'
[0.201s] Level 1:colcon.colcon_core.package_identification:_identify(src/my_rqt_plugin) by extensions ['ignore', 'ignore_ament_install']
[0.201s] Level 1:colcon.colcon_core.package_identification:_identify(src/my_rqt_plugin) by extension 'ignore'
[0.201s] Level 1:colcon.colcon_core.package_identification:_identify(src/my_rqt_plugin) by extension 'ignore_ament_install'
[0.201s] Level 1:colcon.colcon_core.package_identification:_identify(src/my_rqt_plugin) by extensions ['colcon_pkg']
[0.201s] Level 1:colcon.colcon_core.package_identification:_identify(src/my_rqt_plugin) by extension 'colcon_pkg'
[0.201s] Level 1:colcon.colcon_core.package_identification:_identify(src/my_rqt_plugin) by extensions ['colcon_meta']
[0.201s] Level 1:colcon.colcon_core.package_identification:_identify(src/my_rqt_plugin) by extension 'colcon_meta'
[0.202s] Level 1:colcon.colcon_core.package_identification:_identify(src/my_rqt_plugin) by extensions ['ros']
[0.202s] Level 1:colcon.colcon_core.package_identification:_identify(src/my_rqt_plugin) by extension 'ros'
[0.202s] DEBUG:colcon.colcon_core.package_identification:Package 'src/my_rqt_plugin' with type 'ros.ament_cmake' and name 'my_rqt_plugin'
[0.202s] Level 1:colcon.colcon_core.package_identification:_identify(src/operator) by extensions ['ignore', 'ignore_ament_install']
[0.202s] Level 1:colcon.colcon_core.package_identification:_identify(src/operator) by extension 'ignore'
[0.203s] Level 1:colcon.colcon_core.package_identification:_identify(src/operator) by extension 'ignore_ament_install'
[0.203s] Level 1:colcon.colcon_core.package_identification:_identify(src/operator) by extensions ['colcon_pkg']
[0.203s] Level 1:colcon.colcon_core.package_identification:_identify(src/operator) by extension 'colcon_pkg'
[0.203s] Level 1:colcon.colcon_core.package_identification:_identify(src/operator) by extensions ['colcon_meta']
[0.203s] Level 1:colcon.colcon_core.package_identification:_identify(src/operator) by extension 'colcon_meta'
[0.203s] Level 1:colcon.colcon_core.package_identification:_identify(src/operator) by extensions ['ros']
[0.203s] Level 1:colcon.colcon_core.package_identification:_identify(src/operator) by extension 'ros'
[0.203s] DEBUG:colcon.colcon_core.package_identification:Package 'src/operator' with type 'ros.ament_cmake' and name 'operator'
[0.204s] Level 1:colcon.colcon_core.package_identification:_identify(src/usb_camera) by extensions ['ignore', 'ignore_ament_install']
[0.204s] Level 1:colcon.colcon_core.package_identification:_identify(src/usb_camera) by extension 'ignore'
[0.204s] Level 1:colcon.colcon_core.package_identification:_identify(src/usb_camera) by extension 'ignore_ament_install'
[0.204s] Level 1:colcon.colcon_core.package_identification:_identify(src/usb_camera) by extensions ['colcon_pkg']
[0.204s] Level 1:colcon.colcon_core.package_identification:_identify(src/usb_camera) by extension 'colcon_pkg'
[0.204s] Level 1:colcon.colcon_core.package_identification:_identify(src/usb_camera) by extensions ['colcon_meta']
[0.204s] Level 1:colcon.colcon_core.package_identification:_identify(src/usb_camera) by extension 'colcon_meta'
[0.204s] Level 1:colcon.colcon_core.package_identification:_identify(src/usb_camera) by extensions ['ros']
[0.204s] Level 1:colcon.colcon_core.package_identification:_identify(src/usb_camera) by extension 'ros'
[0.204s] DEBUG:colcon.colcon_core.package_identification:Package 'src/usb_camera' with type 'ros.ament_cmake' and name 'usb_camera'
[0.204s] Level 1:colcon.colcon_core.package_discovery:discover_packages(recursive) using defaults
[0.205s] Level 1:colcon.colcon_core.package_discovery:discover_packages(ignore) discover
[0.205s] Level 1:colcon.colcon_core.package_discovery:discover_packages(ignore) using defaults
[0.205s] Level 1:colcon.colcon_core.package_discovery:discover_packages(path) discover
[0.205s] Level 1:colcon.colcon_core.package_discovery:discover_packages(path) using defaults
[0.224s] Level 1:colcon.colcon_core.package_discovery:discover_packages(prefix_path) check parameters
[0.224s] Level 1:colcon.colcon_core.package_discovery:discover_packages(prefix_path) discover
[0.226s] DEBUG:colcon.colcon_installed_package_information.package_discovery:Found 6 installed packages in /home/rodep/rodep/test_ws/yano_ws/install
[0.227s] DEBUG:colcon.colcon_installed_package_information.package_discovery:Found 288 installed packages in /opt/ros/jazzy
[0.228s] Level 1:colcon.colcon_core.package_discovery:discover_packages(prefix_path) using defaults
[0.270s] Level 5:colcon.colcon_core.verb:set package 'custom_interfaces' build argument 'cmake_args' from command line to 'None'
[0.270s] Level 5:colcon.colcon_core.verb:set package 'custom_interfaces' build argument 'cmake_target' from command line to 'None'
[0.270s] Level 5:colcon.colcon_core.verb:set package 'custom_interfaces' build argument 'cmake_target_skip_unavailable' from command line to 'False'
[0.270s] Level 5:colcon.colcon_core.verb:set package 'custom_interfaces' build argument 'cmake_clean_cache' from command line to 'False'
[0.270s] Level 5:colcon.colcon_core.verb:set package 'custom_interfaces' build argument 'cmake_clean_first' from command line to 'False'
[0.270s] Level 5:colcon.colcon_core.verb:set package 'custom_interfaces' build argument 'cmake_force_configure' from command line to 'False'
[0.270s] Level 5:colcon.colcon_core.verb:set package 'custom_interfaces' build argument 'ament_cmake_args' from command line to 'None'
[0.270s] Level 5:colcon.colcon_core.verb:set package 'custom_interfaces' build argument 'catkin_cmake_args' from command line to 'None'
[0.270s] Level 5:colcon.colcon_core.verb:set package 'custom_interfaces' build argument 'catkin_skip_building_tests' from command line to 'False'
[0.270s] DEBUG:colcon.colcon_core.verb:Building package 'custom_interfaces' with the following arguments: {'ament_cmake_args': None, 'build_base': '/home/rodep/rodep/test_ws/yano_ws/build/custom_interfaces', 'catkin_cmake_args': None, 'catkin_skip_building_tests': False, 'cmake_args': None, 'cmake_clean_cache': False, 'cmake_clean_first': False, 'cmake_force_configure': False, 'cmake_target': None, 'cmake_target_skip_unavailable': False, 'install_base': '/home/rodep/rodep/test_ws/yano_ws/install/custom_interfaces', 'merge_install': False, 'path': '/home/rodep/rodep/test_ws/yano_ws/src/custom_interfaces', 'symlink_install': False, 'test_result_base': None}
[0.270s] Level 5:colcon.colcon_core.verb:set package 'my_rqt_plugin' build argument 'cmake_args' from command line to 'None'
[0.270s] Level 5:colcon.colcon_core.verb:set package 'my_rqt_plugin' build argument 'cmake_target' from command line to 'None'
[0.270s] Level 5:colcon.colcon_core.verb:set package 'my_rqt_plugin' build argument 'cmake_target_skip_unavailable' from command line to 'False'
[0.270s] Level 5:colcon.colcon_core.verb:set package 'my_rqt_plugin' build argument 'cmake_clean_cache' from command line to 'False'
[0.270s] Level 5:colcon.colcon_core.verb:set package 'my_rqt_plugin' build argument 'cmake_clean_first' from command line to 'False'
[0.270s] Level 5:colcon.colcon_core.verb:set package 'my_rqt_plugin' build argument 'cmake_force_configure' from command line to 'False'
[0.270s] Level 5:colcon.colcon_core.verb:set package 'my_rqt_plugin' build argument 'ament_cmake_args' from command line to 'None'
[0.270s] Level 5:colcon.colcon_core.verb:set package 'my_rqt_plugin' build argument 'catkin_cmake_args' from command line to 'None'
[0.270s] Level 5:colcon.colcon_core.verb:set package 'my_rqt_plugin' build argument 'catkin_skip_building_tests' from command line to 'False'
[0.270s] DEBUG:colcon.colcon_core.verb:Building package 'my_rqt_plugin' with the following arguments: {'ament_cmake_args': None, 'build_base': '/home/rodep/rodep/test_ws/yano_ws/build/my_rqt_plugin', 'catkin_cmake_args': None, 'catkin_skip_building_tests': False, 'cmake_args': None, 'cmake_clean_cache': False, 'cmake_clean_first': False, 'cmake_force_configure': False, 'cmake_target': None, 'cmake_target_skip_unavailable': False, 'install_base': '/home/rodep/rodep/test_ws/yano_ws/install/my_rqt_plugin', 'merge_install': False, 'path': '/home/rodep/rodep/test_ws/yano_ws/src/my_rqt_plugin', 'symlink_install': False, 'test_result_base': None}
[0.271s] Level 5:colcon.colcon_core.verb:set package 'usb_camera' build argument 'cmake_args' from command line to 'None'
[0.271s] Level 5:colcon.colcon_core.verb:set package 'usb_camera' build argument 'cmake_target' from command line to 'None'
[0.271s] Level 5:colcon.colcon_core.verb:set package 'usb_camera' build argument 'cmake_target_skip_unavailable' from command line to 'False'
[0.271s] Level 5:colcon.colcon_core.verb:set package 'usb_camera' build argument 'cmake_clean_cache' from command line to 'False'
[0.271s] Level 5:colcon.colcon_core.verb:set package 'usb_camera' build argument 'cmake_clean_first' from command line to 'False'
[0.271s] Level 5:colcon.colcon_core.verb:set package 'usb_camera' build argument 'cmake_force_configure' from command line to 'False'
[0.271s] Level 5:colcon.colcon_core.verb:set package 'usb_camera' build argument 'ament_cmake_args' from command line to 'None'
[0.271s] Level 5:colcon.colcon_core.verb:set package 'usb_camera' build argument 'catkin_cmake_args' from command line to 'None'
[0.271s] Level 5:colcon.colcon_core.verb:set package 'usb_camera' build argument 'catkin_skip_building_tests' from command line to 'False'
[0.271s] DEBUG:colcon.colcon_core.verb:Building package 'usb_camera' with the following arguments: {'ament_cmake_args': None, 'build_base': '/home/rodep/rodep/test_ws/yano_ws/build/usb_camera', 'catkin_cmake_args': None, 'catkin_skip_building_tests': False, 'cmake_args': None, 'cmake_clean_cache': False, 'cmake_clean_first': False, 'cmake_force_configure': False, 'cmake_target': None, 'cmake_target_skip_unavailable': False, 'install_base': '/home/rodep/rodep/test_ws/yano_ws/install/usb_camera', 'merge_install': False, 'path': '/home/rodep/rodep/test_ws/yano_ws/src/usb_camera', 'symlink_install': False, 'test_result_base': None}
[0.271s] Level 5:colcon.colcon_core.verb:set package 'crawler_driver' build argument 'cmake_args' from command line to 'None'
[0.271s] Level 5:colcon.colcon_core.verb:set package 'crawler_driver' build argument 'cmake_target' from command line to 'None'
[0.271s] Level 5:colcon.colcon_core.verb:set package 'crawler_driver' build argument 'cmake_target_skip_unavailable' from command line to 'False'
[0.271s] Level 5:colcon.colcon_core.verb:set package 'crawler_driver' build argument 'cmake_clean_cache' from command line to 'False'
[0.271s] Level 5:colcon.colcon_core.verb:set package 'crawler_driver' build argument 'cmake_clean_first' from command line to 'False'
[0.271s] Level 5:colcon.colcon_core.verb:set package 'crawler_driver' build argument 'cmake_force_configure' from command line to 'False'
[0.271s] Level 5:colcon.colcon_core.verb:set package 'crawler_driver' build argument 'ament_cmake_args' from command line to 'None'
[0.271s] Level 5:colcon.colcon_core.verb:set package 'crawler_driver' build argument 'catkin_cmake_args' from command line to 'None'
[0.271s] Level 5:colcon.colcon_core.verb:set package 'crawler_driver' build argument 'catkin_skip_building_tests' from command line to 'False'
[0.271s] DEBUG:colcon.colcon_core.verb:Building package 'crawler_driver' with the following arguments: {'ament_cmake_args': None, 'build_base': '/home/rodep/rodep/test_ws/yano_ws/build/crawler_driver', 'catkin_cmake_args': None, 'catkin_skip_building_tests': False, 'cmake_args': None, 'cmake_clean_cache': False, 'cmake_clean_first': False, 'cmake_force_configure': False, 'cmake_target': None, 'cmake_target_skip_unavailable': False, 'install_base': '/home/rodep/rodep/test_ws/yano_ws/install/crawler_driver', 'merge_install': False, 'path': '/home/rodep/rodep/test_ws/yano_ws/src/crawler_driver', 'symlink_install': False, 'test_result_base': None}
[0.271s] Level 5:colcon.colcon_core.verb:set package 'flipper_driver' build argument 'cmake_args' from command line to 'None'
[0.271s] Level 5:colcon.colcon_core.verb:set package 'flipper_driver' build argument 'cmake_target' from command line to 'None'
[0.271s] Level 5:colcon.colcon_core.verb:set package 'flipper_driver' build argument 'cmake_target_skip_unavailable' from command line to 'False'
[0.271s] Level 5:colcon.colcon_core.verb:set package 'flipper_driver' build argument 'cmake_clean_cache' from command line to 'False'
[0.271s] Level 5:colcon.colcon_core.verb:set package 'flipper_driver' build argument 'cmake_clean_first' from command line to 'False'
[0.271s] Level 5:colcon.colcon_core.verb:set package 'flipper_driver' build argument 'cmake_force_configure' from command line to 'False'
[0.271s] Level 5:colcon.colcon_core.verb:set package 'flipper_driver' build argument 'ament_cmake_args' from command line to 'None'
[0.271s] Level 5:colcon.colcon_core.verb:set package 'flipper_driver' build argument 'catkin_cmake_args' from command line to 'None'
[0.272s] Level 5:colcon.colcon_core.verb:set package 'flipper_driver' build argument 'catkin_skip_building_tests' from command line to 'False'
[0.272s] DEBUG:colcon.colcon_core.verb:Building package 'flipper_driver' with the following arguments: {'ament_cmake_args': None, 'build_base': '/home/rodep/rodep/test_ws/yano_ws/build/flipper_driver', 'catkin_cmake_args': None, 'catkin_skip_building_tests': False, 'cmake_args': None, 'cmake_clean_cache': False, 'cmake_clean_first': False, 'cmake_force_configure': False, 'cmake_target': None, 'cmake_target_skip_unavailable': False, 'install_base': '/home/rodep/rodep/test_ws/yano_ws/install/flipper_driver', 'merge_install': False, 'path': '/home/rodep/rodep/test_ws/yano_ws/src/flipper_driver', 'symlink_install': False, 'test_result_base': None}
[0.272s] Level 5:colcon.colcon_core.verb:set package 'operator' build argument 'cmake_args' from command line to 'None'
[0.272s] Level 5:colcon.colcon_core.verb:set package 'operator' build argument 'cmake_target' from command line to 'None'
[0.272s] Level 5:colcon.colcon_core.verb:set package 'operator' build argument 'cmake_target_skip_unavailable' from command line to 'False'
[0.272s] Level 5:colcon.colcon_core.verb:set package 'operator' build argument 'cmake_clean_cache' from command line to 'False'
[0.272s] Level 5:colcon.colcon_core.verb:set package 'operator' build argument 'cmake_clean_first' from command line to 'False'
[0.272s] Level 5:colcon.colcon_core.verb:set package 'operator' build argument 'cmake_force_configure' from command line to 'False'
[0.272s] Level 5:colcon.colcon_core.verb:set package 'operator' build argument 'ament_cmake_args' from command line to 'None'
[0.272s] Level 5:colcon.colcon_core.verb:set package 'operator' build argument 'catkin_cmake_args' from command line to 'None'
[0.272s] Level 5:colcon.colcon_core.verb:set package 'operator' build argument 'catkin_skip_building_tests' from command line to 'False'
[0.272s] DEBUG:colcon.colcon_core.verb:Building package 'operator' with the following arguments: {'ament_cmake_args': None, 'build_base': '/home/rodep/rodep/test_ws/yano_ws/build/operator', 'catkin_cmake_args': None, 'catkin_skip_building_tests': False, 'cmake_args': None, 'cmake_clean_cache': False, 'cmake_clean_first': False, 'cmake_force_configure': False, 'cmake_target': None, 'cmake_target_skip_unavailable': False, 'install_base': '/home/rodep/rodep/test_ws/yano_ws/install/operator', 'merge_install': False, 'path': '/home/rodep/rodep/test_ws/yano_ws/src/operator', 'symlink_install': False, 'test_result_base': None}
[0.272s] INFO:colcon.colcon_core.executor:Executing jobs using 'parallel' executor
[0.273s] DEBUG:colcon.colcon_parallel_executor.executor.parallel:run_until_complete
[0.273s] INFO:colcon.colcon_ros.task.ament_cmake.build:Building ROS package in '/home/rodep/rodep/test_ws/yano_ws/src/custom_interfaces' with build type 'ament_cmake'
[0.273s] INFO:colcon.colcon_cmake.task.cmake.build:Building CMake package in '/home/rodep/rodep/test_ws/yano_ws/src/custom_interfaces'
[0.276s] INFO:colcon.colcon_core.plugin_system:Skipping extension 'colcon_core.shell.bat': Not used on non-Windows systems
[0.276s] INFO:colcon.colcon_core.shell:Skip shell extension 'powershell' for command environment: Not usable outside of PowerShell
[0.276s] DEBUG:colcon.colcon_core.shell:Skip shell extension 'dsv' for command environment
[0.279s] INFO:colcon.colcon_ros.task.ament_cmake.build:Building ROS package in '/home/rodep/rodep/test_ws/yano_ws/src/my_rqt_plugin' with build type 'ament_cmake'
[0.280s] INFO:colcon.colcon_cmake.task.cmake.build:Building CMake package in '/home/rodep/rodep/test_ws/yano_ws/src/my_rqt_plugin'
[0.280s] INFO:colcon.colcon_core.shell:Skip shell extension 'powershell' for command environment: Not usable outside of PowerShell
[0.280s] DEBUG:colcon.colcon_core.shell:Skip shell extension 'dsv' for command environment
[0.283s] INFO:colcon.colcon_ros.task.ament_cmake.build:Building ROS package in '/home/rodep/rodep/test_ws/yano_ws/src/usb_camera' with build type 'ament_cmake'
[0.283s] INFO:colcon.colcon_cmake.task.cmake.build:Building CMake package in '/home/rodep/rodep/test_ws/yano_ws/src/usb_camera'
[0.283s] INFO:colcon.colcon_core.shell:Skip shell extension 'powershell' for command environment: Not usable outside of PowerShell
[0.283s] DEBUG:colcon.colcon_core.shell:Skip shell extension 'dsv' for command environment
[0.290s] DEBUG:colcon.colcon_core.event_handler.log_command:Invoking command in '/home/rodep/rodep/test_ws/yano_ws/build/custom_interfaces': CMAKE_PREFIX_PATH=${CMAKE_PREFIX_PATH}:/opt/ros/jazzy DEBUGINFOD_URLS=https://debuginfod.ubuntu.com /usr/bin/cmake --build /home/rodep/rodep/test_ws/yano_ws/build/custom_interfaces -- -j8 -l8
[0.293s] DEBUG:colcon.colcon_core.event_handler.log_command:Invoking command in '/home/rodep/rodep/test_ws/yano_ws/build/my_rqt_plugin': CMAKE_PREFIX_PATH=${CMAKE_PREFIX_PATH}:/opt/ros/jazzy DEBUGINFOD_URLS=https://debuginfod.ubuntu.com /usr/bin/cmake --build /home/rodep/rodep/test_ws/yano_ws/build/my_rqt_plugin -- -j8 -l8
[0.295s] DEBUG:colcon.colcon_core.event_handler.log_command:Invoking command in '/home/rodep/rodep/test_ws/yano_ws/build/usb_camera': CMAKE_PREFIX_PATH=${CMAKE_PREFIX_PATH}:/opt/ros/jazzy DEBUGINFOD_URLS=https://debuginfod.ubuntu.com /usr/bin/cmake --build /home/rodep/rodep/test_ws/yano_ws/build/usb_camera -- -j8 -l8
[0.376s] DEBUG:colcon.colcon_core.event_handler.log_command:Invoked command in '/home/rodep/rodep/test_ws/yano_ws/build/my_rqt_plugin' returned '0': CMAKE_PREFIX_PATH=${CMAKE_PREFIX_PATH}:/opt/ros/jazzy DEBUGINFOD_URLS=https://debuginfod.ubuntu.com /usr/bin/cmake --build /home/rodep/rodep/test_ws/yano_ws/build/my_rqt_plugin -- -j8 -l8
[0.387s] DEBUG:colcon.colcon_core.event_handler.log_command:Invoking command in '/home/rodep/rodep/test_ws/yano_ws/build/my_rqt_plugin': CMAKE_PREFIX_PATH=${CMAKE_PREFIX_PATH}:/opt/ros/jazzy DEBUGINFOD_URLS=https://debuginfod.ubuntu.com /usr/bin/cmake --install /home/rodep/rodep/test_ws/yano_ws/build/my_rqt_plugin
[0.388s] DEBUG:colcon.colcon_core.event_handler.log_command:Invoked command in '/home/rodep/rodep/test_ws/yano_ws/build/usb_camera' returned '0': CMAKE_PREFIX_PATH=${CMAKE_PREFIX_PATH}:/opt/ros/jazzy DEBUGINFOD_URLS=https://debuginfod.ubuntu.com /usr/bin/cmake --build /home/rodep/rodep/test_ws/yano_ws/build/usb_camera -- -j8 -l8
[0.392s] DEBUG:colcon.colcon_core.event_handler.log_command:Invoking command in '/home/rodep/rodep/test_ws/yano_ws/build/usb_camera': CMAKE_PREFIX_PATH=${CMAKE_PREFIX_PATH}:/opt/ros/jazzy DEBUGINFOD_URLS=https://debuginfod.ubuntu.com /usr/bin/cmake --install /home/rodep/rodep/test_ws/yano_ws/build/usb_camera
[0.407s] Level 1:colcon.colcon_core.environment:create_environment_scripts_only(my_rqt_plugin)
[0.408s] DEBUG:colcon.colcon_core.event_handler.log_command:Invoked command in '/home/rodep/rodep/test_ws/yano_ws/build/my_rqt_plugin' returned '0': CMAKE_PREFIX_PATH=${CMAKE_PREFIX_PATH}:/opt/ros/jazzy DEBUGINFOD_URLS=https://debuginfod.ubuntu.com /usr/bin/cmake --install /home/rodep/rodep/test_ws/yano_ws/build/my_rqt_plugin
[0.412s] Level 1:colcon.colcon_core.environment:checking '/home/rodep/rodep/test_ws/yano_ws/install/my_rqt_plugin' for CMake module files
[0.412s] Level 1:colcon.colcon_core.environment:checking '/home/rodep/rodep/test_ws/yano_ws/install/my_rqt_plugin' for CMake config files
[0.413s] Level 1:colcon.colcon_core.shell:create_environment_hook('my_rqt_plugin', 'cmake_prefix_path')
[0.413s] INFO:colcon.colcon_core.shell:Creating environment hook '/home/rodep/rodep/test_ws/yano_ws/install/my_rqt_plugin/share/my_rqt_plugin/hook/cmake_prefix_path.ps1'
[0.414s] INFO:colcon.colcon_core.shell:Creating environment descriptor '/home/rodep/rodep/test_ws/yano_ws/install/my_rqt_plugin/share/my_rqt_plugin/hook/cmake_prefix_path.dsv'
[0.414s] INFO:colcon.colcon_core.shell:Creating environment hook '/home/rodep/rodep/test_ws/yano_ws/install/my_rqt_plugin/share/my_rqt_plugin/hook/cmake_prefix_path.sh'
[0.415s] Level 1:colcon.colcon_core.environment:checking '/home/rodep/rodep/test_ws/yano_ws/install/my_rqt_plugin/lib'
[0.415s] Level 1:colcon.colcon_core.shell:create_environment_hook('my_rqt_plugin', 'ld_library_path_lib')
[0.415s] INFO:colcon.colcon_core.shell:Creating environment hook '/home/rodep/rodep/test_ws/yano_ws/install/my_rqt_plugin/share/my_rqt_plugin/hook/ld_library_path_lib.ps1'
[0.416s] INFO:colcon.colcon_core.shell:Creating environment descriptor '/home/rodep/rodep/test_ws/yano_ws/install/my_rqt_plugin/share/my_rqt_plugin/hook/ld_library_path_lib.dsv'
[0.416s] INFO:colcon.colcon_core.shell:Creating environment hook '/home/rodep/rodep/test_ws/yano_ws/install/my_rqt_plugin/share/my_rqt_plugin/hook/ld_library_path_lib.sh'
[0.416s] Level 1:colcon.colcon_core.environment:checking '/home/rodep/rodep/test_ws/yano_ws/install/my_rqt_plugin/bin'
[0.416s] Level 1:colcon.colcon_core.environment:checking '/home/rodep/rodep/test_ws/yano_ws/install/my_rqt_plugin/lib/pkgconfig/my_rqt_plugin.pc'
[0.416s] Level 1:colcon.colcon_core.environment:checking '/home/rodep/rodep/test_ws/yano_ws/install/my_rqt_plugin/lib/python3.12/site-packages'
[0.417s] Level 1:colcon.colcon_core.environment:checking '/home/rodep/rodep/test_ws/yano_ws/install/my_rqt_plugin/bin'
[0.417s] INFO:colcon.colcon_core.shell:Creating package script '/home/rodep/rodep/test_ws/yano_ws/install/my_rqt_plugin/share/my_rqt_plugin/package.ps1'
[0.418s] INFO:colcon.colcon_core.shell:Creating package descriptor '/home/rodep/rodep/test_ws/yano_ws/install/my_rqt_plugin/share/my_rqt_plugin/package.dsv'
[0.418s] INFO:colcon.colcon_core.shell:Creating package script '/home/rodep/rodep/test_ws/yano_ws/install/my_rqt_plugin/share/my_rqt_plugin/package.sh'
[0.419s] INFO:colcon.colcon_core.shell:Creating package script '/home/rodep/rodep/test_ws/yano_ws/install/my_rqt_plugin/share/my_rqt_plugin/package.bash'
[0.419s] INFO:colcon.colcon_core.shell:Creating package script '/home/rodep/rodep/test_ws/yano_ws/install/my_rqt_plugin/share/my_rqt_plugin/package.zsh'
[0.420s] Level 1:colcon.colcon_core.environment:create_file_with_runtime_dependencies(/home/rodep/rodep/test_ws/yano_ws/install/my_rqt_plugin/share/colcon-core/packages/my_rqt_plugin)
[0.421s] Level 1:colcon.colcon_core.environment:create_environment_scripts_only(my_rqt_plugin)
[0.421s] Level 1:colcon.colcon_core.environment:checking '/home/rodep/rodep/test_ws/yano_ws/install/my_rqt_plugin' for CMake module files
[0.422s] Level 1:colcon.colcon_core.environment:checking '/home/rodep/rodep/test_ws/yano_ws/install/my_rqt_plugin' for CMake config files
[0.422s] Level 1:colcon.colcon_core.shell:create_environment_hook('my_rqt_plugin', 'cmake_prefix_path')
[0.422s] INFO:colcon.colcon_core.shell:Creating environment hook '/home/rodep/rodep/test_ws/yano_ws/install/my_rqt_plugin/share/my_rqt_plugin/hook/cmake_prefix_path.ps1'
[0.422s] INFO:colcon.colcon_core.shell:Creating environment descriptor '/home/rodep/rodep/test_ws/yano_ws/install/my_rqt_plugin/share/my_rqt_plugin/hook/cmake_prefix_path.dsv'
[0.422s] INFO:colcon.colcon_core.shell:Creating environment hook '/home/rodep/rodep/test_ws/yano_ws/install/my_rqt_plugin/share/my_rqt_plugin/hook/cmake_prefix_path.sh'
[0.423s] Level 1:colcon.colcon_core.environment:checking '/home/rodep/rodep/test_ws/yano_ws/install/my_rqt_plugin/lib'
[0.423s] Level 1:colcon.colcon_core.shell:create_environment_hook('my_rqt_plugin', 'ld_library_path_lib')
[0.423s] INFO:colcon.colcon_core.shell:Creating environment hook '/home/rodep/rodep/test_ws/yano_ws/install/my_rqt_plugin/share/my_rqt_plugin/hook/ld_library_path_lib.ps1'
[0.424s] INFO:colcon.colcon_core.shell:Creating environment descriptor '/home/rodep/rodep/test_ws/yano_ws/install/my_rqt_plugin/share/my_rqt_plugin/hook/ld_library_path_lib.dsv'
[0.424s] INFO:colcon.colcon_core.shell:Creating environment hook '/home/rodep/rodep/test_ws/yano_ws/install/my_rqt_plugin/share/my_rqt_plugin/hook/ld_library_path_lib.sh'
[0.424s] Level 1:colcon.colcon_core.environment:checking '/home/rodep/rodep/test_ws/yano_ws/install/my_rqt_plugin/bin'
[0.424s] Level 1:colcon.colcon_core.environment:checking '/home/rodep/rodep/test_ws/yano_ws/install/my_rqt_plugin/lib/pkgconfig/my_rqt_plugin.pc'
[0.424s] Level 1:colcon.colcon_core.environment:checking '/home/rodep/rodep/test_ws/yano_ws/install/my_rqt_plugin/lib/python3.12/site-packages'
[0.425s] Level 1:colcon.colcon_core.environment:checking '/home/rodep/rodep/test_ws/yano_ws/install/my_rqt_plugin/bin'
[0.425s] INFO:colcon.colcon_core.shell:Creating package script '/home/rodep/rodep/test_ws/yano_ws/install/my_rqt_plugin/share/my_rqt_plugin/package.ps1'
[0.425s] INFO:colcon.colcon_core.shell:Creating package descriptor '/home/rodep/rodep/test_ws/yano_ws/install/my_rqt_plugin/share/my_rqt_plugin/package.dsv'
[0.426s] INFO:colcon.colcon_core.shell:Creating package script '/home/rodep/rodep/test_ws/yano_ws/install/my_rqt_plugin/share/my_rqt_plugin/package.sh'
[0.426s] INFO:colcon.colcon_core.shell:Creating package script '/home/rodep/rodep/test_ws/yano_ws/install/my_rqt_plugin/share/my_rqt_plugin/package.bash'
[0.426s] INFO:colcon.colcon_core.shell:Creating package script '/home/rodep/rodep/test_ws/yano_ws/install/my_rqt_plugin/share/my_rqt_plugin/package.zsh'
[0.427s] Level 1:colcon.colcon_core.environment:create_file_with_runtime_dependencies(/home/rodep/rodep/test_ws/yano_ws/install/my_rqt_plugin/share/colcon-core/packages/my_rqt_plugin)
[0.427s] Level 1:colcon.colcon_core.environment:create_environment_scripts_only(usb_camera)
[0.427s] Level 1:colcon.colcon_core.environment:checking '/home/rodep/rodep/test_ws/yano_ws/install/usb_camera' for CMake module files
[0.428s] DEBUG:colcon.colcon_core.event_handler.log_command:Invoked command in '/home/rodep/rodep/test_ws/yano_ws/build/usb_camera' returned '0': CMAKE_PREFIX_PATH=${CMAKE_PREFIX_PATH}:/opt/ros/jazzy DEBUGINFOD_URLS=https://debuginfod.ubuntu.com /usr/bin/cmake --install /home/rodep/rodep/test_ws/yano_ws/build/usb_camera
[0.428s] Level 1:colcon.colcon_core.environment:checking '/home/rodep/rodep/test_ws/yano_ws/install/usb_camera' for CMake config files
[0.428s] Level 1:colcon.colcon_core.shell:create_environment_hook('usb_camera', 'cmake_prefix_path')
[0.429s] INFO:colcon.colcon_core.shell:Creating environment hook '/home/rodep/rodep/test_ws/yano_ws/install/usb_camera/share/usb_camera/hook/cmake_prefix_path.ps1'
[0.429s] INFO:colcon.colcon_core.shell:Creating environment descriptor '/home/rodep/rodep/test_ws/yano_ws/install/usb_camera/share/usb_camera/hook/cmake_prefix_path.dsv'
[0.429s] INFO:colcon.colcon_core.shell:Creating environment hook '/home/rodep/rodep/test_ws/yano_ws/install/usb_camera/share/usb_camera/hook/cmake_prefix_path.sh'
[0.430s] Level 1:colcon.colcon_core.environment:checking '/home/rodep/rodep/test_ws/yano_ws/install/usb_camera/lib'
[0.430s] Level 1:colcon.colcon_core.environment:checking '/home/rodep/rodep/test_ws/yano_ws/install/usb_camera/bin'
[0.430s] Level 1:colcon.colcon_core.environment:checking '/home/rodep/rodep/test_ws/yano_ws/install/usb_camera/lib/pkgconfig/usb_camera.pc'
[0.430s] Level 1:colcon.colcon_core.environment:checking '/home/rodep/rodep/test_ws/yano_ws/install/usb_camera/lib/python3.12/site-packages'
[0.430s] Level 1:colcon.colcon_core.environment:checking '/home/rodep/rodep/test_ws/yano_ws/install/usb_camera/bin'
[0.430s] INFO:colcon.colcon_core.shell:Creating package script '/home/rodep/rodep/test_ws/yano_ws/install/usb_camera/share/usb_camera/package.ps1'
[0.431s] INFO:colcon.colcon_core.shell:Creating package descriptor '/home/rodep/rodep/test_ws/yano_ws/install/usb_camera/share/usb_camera/package.dsv'
[0.431s] INFO:colcon.colcon_core.shell:Creating package script '/home/rodep/rodep/test_ws/yano_ws/install/usb_camera/share/usb_camera/package.sh'
[0.432s] INFO:colcon.colcon_core.shell:Creating package script '/home/rodep/rodep/test_ws/yano_ws/install/usb_camera/share/usb_camera/package.bash'
[0.432s] INFO:colcon.colcon_core.shell:Creating package script '/home/rodep/rodep/test_ws/yano_ws/install/usb_camera/share/usb_camera/package.zsh'
[0.432s] Level 1:colcon.colcon_core.environment:create_file_with_runtime_dependencies(/home/rodep/rodep/test_ws/yano_ws/install/usb_camera/share/colcon-core/packages/usb_camera)
[0.432s] Level 1:colcon.colcon_core.environment:create_environment_scripts_only(usb_camera)
[0.433s] Level 1:colcon.colcon_core.environment:checking '/home/rodep/rodep/test_ws/yano_ws/install/usb_camera' for CMake module files
[0.433s] Level 1:colcon.colcon_core.environment:checking '/home/rodep/rodep/test_ws/yano_ws/install/usb_camera' for CMake config files
[0.433s] Level 1:colcon.colcon_core.shell:create_environment_hook('usb_camera', 'cmake_prefix_path')
[0.433s] INFO:colcon.colcon_core.shell:Creating environment hook '/home/rodep/rodep/test_ws/yano_ws/install/usb_camera/share/usb_camera/hook/cmake_prefix_path.ps1'
[0.434s] INFO:colcon.colcon_core.shell:Creating environment descriptor '/home/rodep/rodep/test_ws/yano_ws/install/usb_camera/share/usb_camera/hook/cmake_prefix_path.dsv'
[0.434s] INFO:colcon.colcon_core.shell:Creating environment hook '/home/rodep/rodep/test_ws/yano_ws/install/usb_camera/share/usb_camera/hook/cmake_prefix_path.sh'
[0.434s] Level 1:colcon.colcon_core.environment:checking '/home/rodep/rodep/test_ws/yano_ws/install/usb_camera/lib'
[0.434s] Level 1:colcon.colcon_core.environment:checking '/home/rodep/rodep/test_ws/yano_ws/install/usb_camera/bin'
[0.434s] Level 1:colcon.colcon_core.environment:checking '/home/rodep/rodep/test_ws/yano_ws/install/usb_camera/lib/pkgconfig/usb_camera.pc'
[0.435s] Level 1:colcon.colcon_core.environment:checking '/home/rodep/rodep/test_ws/yano_ws/install/usb_camera/lib/python3.12/site-packages'
[0.435s] Level 1:colcon.colcon_core.environment:checking '/home/rodep/rodep/test_ws/yano_ws/install/usb_camera/bin'
[0.435s] INFO:colcon.colcon_core.shell:Creating package script '/home/rodep/rodep/test_ws/yano_ws/install/usb_camera/share/usb_camera/package.ps1'
[0.436s] INFO:colcon.colcon_core.shell:Creating package descriptor '/home/rodep/rodep/test_ws/yano_ws/install/usb_camera/share/usb_camera/package.dsv'
[0.436s] INFO:colcon.colcon_core.shell:Creating package script '/home/rodep/rodep/test_ws/yano_ws/install/usb_camera/share/usb_camera/package.sh'
[0.436s] INFO:colcon.colcon_core.shell:Creating package script '/home/rodep/rodep/test_ws/yano_ws/install/usb_camera/share/usb_camera/package.bash'
[0.437s] INFO:colcon.colcon_core.shell:Creating package script '/home/rodep/rodep/test_ws/yano_ws/install/usb_camera/share/usb_camera/package.zsh'
[0.437s] Level 1:colcon.colcon_core.environment:create_file_with_runtime_dependencies(/home/rodep/rodep/test_ws/yano_ws/install/usb_camera/share/colcon-core/packages/usb_camera)
[0.684s] DEBUG:colcon.colcon_core.event_handler.log_command:Invoked command in '/home/rodep/rodep/test_ws/yano_ws/build/custom_interfaces' returned '0': CMAKE_PREFIX_PATH=${CMAKE_PREFIX_PATH}:/opt/ros/jazzy DEBUGINFOD_URLS=https://debuginfod.ubuntu.com /usr/bin/cmake --build /home/rodep/rodep/test_ws/yano_ws/build/custom_interfaces -- -j8 -l8
[0.686s] DEBUG:colcon.colcon_core.event_handler.log_command:Invoking command in '/home/rodep/rodep/test_ws/yano_ws/build/custom_interfaces': CMAKE_PREFIX_PATH=${CMAKE_PREFIX_PATH}:/opt/ros/jazzy DEBUGINFOD_URLS=https://debuginfod.ubuntu.com /usr/bin/cmake --install /home/rodep/rodep/test_ws/yano_ws/build/custom_interfaces
[0.743s] Level 1:colcon.colcon_core.environment:create_environment_scripts_only(custom_interfaces)
[0.743s] Level 1:colcon.colcon_core.environment:checking '/home/rodep/rodep/test_ws/yano_ws/install/custom_interfaces' for CMake module files
[0.743s] DEBUG:colcon.colcon_core.event_handler.log_command:Invoked command in '/home/rodep/rodep/test_ws/yano_ws/build/custom_interfaces' returned '0': CMAKE_PREFIX_PATH=${CMAKE_PREFIX_PATH}:/opt/ros/jazzy DEBUGINFOD_URLS=https://debuginfod.ubuntu.com /usr/bin/cmake --install /home/rodep/rodep/test_ws/yano_ws/build/custom_interfaces
[0.744s] Level 1:colcon.colcon_core.environment:checking '/home/rodep/rodep/test_ws/yano_ws/install/custom_interfaces' for CMake config files
[0.744s] Level 1:colcon.colcon_core.shell:create_environment_hook('custom_interfaces', 'cmake_prefix_path')
[0.744s] INFO:colcon.colcon_core.shell:Creating environment hook '/home/rodep/rodep/test_ws/yano_ws/install/custom_interfaces/share/custom_interfaces/hook/cmake_prefix_path.ps1'
[0.745s] INFO:colcon.colcon_core.shell:Creating environment descriptor '/home/rodep/rodep/test_ws/yano_ws/install/custom_interfaces/share/custom_interfaces/hook/cmake_prefix_path.dsv'
[0.745s] INFO:colcon.colcon_core.shell:Creating environment hook '/home/rodep/rodep/test_ws/yano_ws/install/custom_interfaces/share/custom_interfaces/hook/cmake_prefix_path.sh'
[0.745s] Level 1:colcon.colcon_core.environment:checking '/home/rodep/rodep/test_ws/yano_ws/install/custom_interfaces/lib'
[0.745s] Level 1:colcon.colcon_core.shell:create_environment_hook('custom_interfaces', 'ld_library_path_lib')
[0.746s] INFO:colcon.colcon_core.shell:Creating environment hook '/home/rodep/rodep/test_ws/yano_ws/install/custom_interfaces/share/custom_interfaces/hook/ld_library_path_lib.ps1'
[0.746s] INFO:colcon.colcon_core.shell:Creating environment descriptor '/home/rodep/rodep/test_ws/yano_ws/install/custom_interfaces/share/custom_interfaces/hook/ld_library_path_lib.dsv'
[0.746s] INFO:colcon.colcon_core.shell:Creating environment hook '/home/rodep/rodep/test_ws/yano_ws/install/custom_interfaces/share/custom_interfaces/hook/ld_library_path_lib.sh'
[0.746s] Level 1:colcon.colcon_core.environment:checking '/home/rodep/rodep/test_ws/yano_ws/install/custom_interfaces/bin'
[0.747s] Level 1:colcon.colcon_core.environment:checking '/home/rodep/rodep/test_ws/yano_ws/install/custom_interfaces/lib/pkgconfig/custom_interfaces.pc'
[0.747s] Level 1:colcon.colcon_core.environment:checking '/home/rodep/rodep/test_ws/yano_ws/install/custom_interfaces/lib/python3.12/site-packages'
[0.747s] Level 1:colcon.colcon_core.shell:create_environment_hook('custom_interfaces', 'pythonpath')
[0.747s] INFO:colcon.colcon_core.shell:Creating environment hook '/home/rodep/rodep/test_ws/yano_ws/install/custom_interfaces/share/custom_interfaces/hook/pythonpath.ps1'
[0.747s] INFO:colcon.colcon_core.shell:Creating environment descriptor '/home/rodep/rodep/test_ws/yano_ws/install/custom_interfaces/share/custom_interfaces/hook/pythonpath.dsv'
[0.748s] INFO:colcon.colcon_core.shell:Creating environment hook '/home/rodep/rodep/test_ws/yano_ws/install/custom_interfaces/share/custom_interfaces/hook/pythonpath.sh'
[0.748s] Level 1:colcon.colcon_core.environment:checking '/home/rodep/rodep/test_ws/yano_ws/install/custom_interfaces/bin'
[0.748s] INFO:colcon.colcon_core.shell:Creating package script '/home/rodep/rodep/test_ws/yano_ws/install/custom_interfaces/share/custom_interfaces/package.ps1'
[0.749s] INFO:colcon.colcon_core.shell:Creating package descriptor '/home/rodep/rodep/test_ws/yano_ws/install/custom_interfaces/share/custom_interfaces/package.dsv'
[0.749s] INFO:colcon.colcon_core.shell:Creating package script '/home/rodep/rodep/test_ws/yano_ws/install/custom_interfaces/share/custom_interfaces/package.sh'
[0.750s] INFO:colcon.colcon_core.shell:Creating package script '/home/rodep/rodep/test_ws/yano_ws/install/custom_interfaces/share/custom_interfaces/package.bash'
[0.750s] INFO:colcon.colcon_core.shell:Creating package script '/home/rodep/rodep/test_ws/yano_ws/install/custom_interfaces/share/custom_interfaces/package.zsh'
[0.750s] Level 1:colcon.colcon_core.environment:create_file_with_runtime_dependencies(/home/rodep/rodep/test_ws/yano_ws/install/custom_interfaces/share/colcon-core/packages/custom_interfaces)
[0.751s] Level 1:colcon.colcon_core.environment:create_environment_scripts_only(custom_interfaces)
[0.751s] Level 1:colcon.colcon_core.environment:checking '/home/rodep/rodep/test_ws/yano_ws/install/custom_interfaces' for CMake module files
[0.751s] Level 1:colcon.colcon_core.environment:checking '/home/rodep/rodep/test_ws/yano_ws/install/custom_interfaces' for CMake config files
[0.752s] Level 1:colcon.colcon_core.shell:create_environment_hook('custom_interfaces', 'cmake_prefix_path')
[0.752s] INFO:colcon.colcon_core.shell:Creating environment hook '/home/rodep/rodep/test_ws/yano_ws/install/custom_interfaces/share/custom_interfaces/hook/cmake_prefix_path.ps1'
[0.752s] INFO:colcon.colcon_core.shell:Creating environment descriptor '/home/rodep/rodep/test_ws/yano_ws/install/custom_interfaces/share/custom_interfaces/hook/cmake_prefix_path.dsv'
[0.752s] INFO:colcon.colcon_core.shell:Creating environment hook '/home/rodep/rodep/test_ws/yano_ws/install/custom_interfaces/share/custom_interfaces/hook/cmake_prefix_path.sh'
[0.753s] Level 1:colcon.colcon_core.environment:checking '/home/rodep/rodep/test_ws/yano_ws/install/custom_interfaces/lib'
[0.753s] Level 1:colcon.colcon_core.shell:create_environment_hook('custom_interfaces', 'ld_library_path_lib')
[0.753s] INFO:colcon.colcon_core.shell:Creating environment hook '/home/rodep/rodep/test_ws/yano_ws/install/custom_interfaces/share/custom_interfaces/hook/ld_library_path_lib.ps1'
[0.753s] INFO:colcon.colcon_core.shell:Creating environment descriptor '/home/rodep/rodep/test_ws/yano_ws/install/custom_interfaces/share/custom_interfaces/hook/ld_library_path_lib.dsv'
[0.753s] INFO:colcon.colcon_core.shell:Creating environment hook '/home/rodep/rodep/test_ws/yano_ws/install/custom_interfaces/share/custom_interfaces/hook/ld_library_path_lib.sh'
[0.754s] Level 1:colcon.colcon_core.environment:checking '/home/rodep/rodep/test_ws/yano_ws/install/custom_interfaces/bin'
[0.754s] Level 1:colcon.colcon_core.environment:checking '/home/rodep/rodep/test_ws/yano_ws/install/custom_interfaces/lib/pkgconfig/custom_interfaces.pc'
[0.754s] Level 1:colcon.colcon_core.environment:checking '/home/rodep/rodep/test_ws/yano_ws/install/custom_interfaces/lib/python3.12/site-packages'
[0.754s] Level 1:colcon.colcon_core.shell:create_environment_hook('custom_interfaces', 'pythonpath')
[0.754s] INFO:colcon.colcon_core.shell:Creating environment hook '/home/rodep/rodep/test_ws/yano_ws/install/custom_interfaces/share/custom_interfaces/hook/pythonpath.ps1'
[0.754s] INFO:colcon.colcon_core.shell:Creating environment descriptor '/home/rodep/rodep/test_ws/yano_ws/install/custom_interfaces/share/custom_interfaces/hook/pythonpath.dsv'
[0.755s] INFO:colcon.colcon_core.shell:Creating environment hook '/home/rodep/rodep/test_ws/yano_ws/install/custom_interfaces/share/custom_interfaces/hook/pythonpath.sh'
[0.755s] Level 1:colcon.colcon_core.environment:checking '/home/rodep/rodep/test_ws/yano_ws/install/custom_interfaces/bin'
[0.755s] INFO:colcon.colcon_core.shell:Creating package script '/home/rodep/rodep/test_ws/yano_ws/install/custom_interfaces/share/custom_interfaces/package.ps1'
[0.756s] INFO:colcon.colcon_core.shell:Creating package descriptor '/home/rodep/rodep/test_ws/yano_ws/install/custom_interfaces/share/custom_interfaces/package.dsv'
[0.756s] INFO:colcon.colcon_core.shell:Creating package script '/home/rodep/rodep/test_ws/yano_ws/install/custom_interfaces/share/custom_interfaces/package.sh'
[0.757s] INFO:colcon.colcon_core.shell:Creating package script '/home/rodep/rodep/test_ws/yano_ws/install/custom_interfaces/share/custom_interfaces/package.bash'
[0.757s] INFO:colcon.colcon_core.shell:Creating package script '/home/rodep/rodep/test_ws/yano_ws/install/custom_interfaces/share/custom_interfaces/package.zsh'
[0.757s] Level 1:colcon.colcon_core.environment:create_file_with_runtime_dependencies(/home/rodep/rodep/test_ws/yano_ws/install/custom_interfaces/share/colcon-core/packages/custom_interfaces)
[0.758s] INFO:colcon.colcon_ros.task.ament_cmake.build:Building ROS package in '/home/rodep/rodep/test_ws/yano_ws/src/crawler_driver' with build type 'ament_cmake'
[0.758s] INFO:colcon.colcon_cmake.task.cmake.build:Building CMake package in '/home/rodep/rodep/test_ws/yano_ws/src/crawler_driver'
[0.758s] INFO:colcon.colcon_core.shell:Skip shell extension 'powershell' for command environment: Not usable outside of PowerShell
[0.758s] DEBUG:colcon.colcon_core.shell:Skip shell extension 'dsv' for command environment
[0.761s] INFO:colcon.colcon_ros.task.ament_cmake.build:Building ROS package in '/home/rodep/rodep/test_ws/yano_ws/src/flipper_driver' with build type 'ament_cmake'
[0.761s] INFO:colcon.colcon_cmake.task.cmake.build:Building CMake package in '/home/rodep/rodep/test_ws/yano_ws/src/flipper_driver'
[0.761s] INFO:colcon.colcon_core.shell:Skip shell extension 'powershell' for command environment: Not usable outside of PowerShell
[0.761s] DEBUG:colcon.colcon_core.shell:Skip shell extension 'dsv' for command environment
[0.765s] INFO:colcon.colcon_ros.task.ament_cmake.build:Building ROS package in '/home/rodep/rodep/test_ws/yano_ws/src/operator' with build type 'ament_cmake'
[0.765s] INFO:colcon.colcon_cmake.task.cmake.build:Building CMake package in '/home/rodep/rodep/test_ws/yano_ws/src/operator'
[0.765s] INFO:colcon.colcon_core.shell:Skip shell extension 'powershell' for command environment: Not usable outside of PowerShell
[0.765s] DEBUG:colcon.colcon_core.shell:Skip shell extension 'dsv' for command environment
[0.771s] DEBUG:colcon.colcon_core.event_handler.log_command:Invoking command in '/home/rodep/rodep/test_ws/yano_ws/build/crawler_driver': CMAKE_PREFIX_PATH=/home/rodep/rodep/test_ws/yano_ws/install/custom_interfaces:/home/rodep/rodep/test_ws/yano_ws/install/usb_camera:/home/rodep/rodep/test_ws/yano_ws/install/operator:/home/rodep/rodep/test_ws/yano_ws/install/my_rqt_plugin:/home/rodep/rodep/test_ws/yano_ws/install/flipper_driver:/home/rodep/rodep/test_ws/yano_ws/install/crawler_driver:/opt/ros/jazzy/opt/gz_math_vendor:/opt/ros/jazzy/opt/gz_utils_vendor:/opt/ros/jazzy/opt/gz_cmake_vendor:/opt/ros/jazzy DEBUGINFOD_URLS=https://debuginfod.ubuntu.com LD_LIBRARY_PATH=/home/rodep/rodep/test_ws/yano_ws/install/custom_interfaces/lib:/home/rodep/rodep/test_ws/yano_ws/install/my_rqt_plugin/lib:/opt/ros/jazzy/opt/rviz_ogre_vendor/lib:/opt/ros/jazzy/lib/x86_64-linux-gnu:/opt/ros/jazzy/opt/gz_math_vendor/lib:/opt/ros/jazzy/opt/gz_utils_vendor/lib:/opt/ros/jazzy/opt/gz_cmake_vendor/lib:/opt/ros/jazzy/lib /usr/bin/cmake --build /home/rodep/rodep/test_ws/yano_ws/build/crawler_driver -- -j8 -l8
[0.773s] DEBUG:colcon.colcon_core.event_handler.log_command:Invoking command in '/home/rodep/rodep/test_ws/yano_ws/build/flipper_driver': CMAKE_PREFIX_PATH=/home/rodep/rodep/test_ws/yano_ws/install/custom_interfaces:/home/rodep/rodep/test_ws/yano_ws/install/usb_camera:/home/rodep/rodep/test_ws/yano_ws/install/operator:/home/rodep/rodep/test_ws/yano_ws/install/my_rqt_plugin:/home/rodep/rodep/test_ws/yano_ws/install/flipper_driver:/home/rodep/rodep/test_ws/yano_ws/install/crawler_driver:/opt/ros/jazzy/opt/gz_math_vendor:/opt/ros/jazzy/opt/gz_utils_vendor:/opt/ros/jazzy/opt/gz_cmake_vendor:/opt/ros/jazzy DEBUGINFOD_URLS=https://debuginfod.ubuntu.com LD_LIBRARY_PATH=/home/rodep/rodep/test_ws/yano_ws/install/custom_interfaces/lib:/home/rodep/rodep/test_ws/yano_ws/install/my_rqt_plugin/lib:/opt/ros/jazzy/opt/rviz_ogre_vendor/lib:/opt/ros/jazzy/lib/x86_64-linux-gnu:/opt/ros/jazzy/opt/gz_math_vendor/lib:/opt/ros/jazzy/opt/gz_utils_vendor/lib:/opt/ros/jazzy/opt/gz_cmake_vendor/lib:/opt/ros/jazzy/lib /usr/bin/cmake --build /home/rodep/rodep/test_ws/yano_ws/build/flipper_driver -- -j8 -l8
[0.776s] DEBUG:colcon.colcon_core.event_handler.log_command:Invoking command in '/home/rodep/rodep/test_ws/yano_ws/build/operator': CMAKE_PREFIX_PATH=/home/rodep/rodep/test_ws/yano_ws/install/custom_interfaces:/home/rodep/rodep/test_ws/yano_ws/install/usb_camera:/home/rodep/rodep/test_ws/yano_ws/install/operator:/home/rodep/rodep/test_ws/yano_ws/install/my_rqt_plugin:/home/rodep/rodep/test_ws/yano_ws/install/flipper_driver:/home/rodep/rodep/test_ws/yano_ws/install/crawler_driver:/opt/ros/jazzy/opt/gz_math_vendor:/opt/ros/jazzy/opt/gz_utils_vendor:/opt/ros/jazzy/opt/gz_cmake_vendor:/opt/ros/jazzy DEBUGINFOD_URLS=https://debuginfod.ubuntu.com LD_LIBRARY_PATH=/home/rodep/rodep/test_ws/yano_ws/install/custom_interfaces/lib:/home/rodep/rodep/test_ws/yano_ws/install/my_rqt_plugin/lib:/opt/ros/jazzy/opt/rviz_ogre_vendor/lib:/opt/ros/jazzy/lib/x86_64-linux-gnu:/opt/ros/jazzy/opt/gz_math_vendor/lib:/opt/ros/jazzy/opt/gz_utils_vendor/lib:/opt/ros/jazzy/opt/gz_cmake_vendor/lib:/opt/ros/jazzy/lib /usr/bin/cmake --build /home/rodep/rodep/test_ws/yano_ws/build/operator -- -j8 -l8
[0.831s] DEBUG:colcon.colcon_core.event_handler.log_command:Invoked command in '/home/rodep/rodep/test_ws/yano_ws/build/operator' returned '0': CMAKE_PREFIX_PATH=/home/rodep/rodep/test_ws/yano_ws/install/custom_interfaces:/home/rodep/rodep/test_ws/yano_ws/install/usb_camera:/home/rodep/rodep/test_ws/yano_ws/install/operator:/home/rodep/rodep/test_ws/yano_ws/install/my_rqt_plugin:/home/rodep/rodep/test_ws/yano_ws/install/flipper_driver:/home/rodep/rodep/test_ws/yano_ws/install/crawler_driver:/opt/ros/jazzy/opt/gz_math_vendor:/opt/ros/jazzy/opt/gz_utils_vendor:/opt/ros/jazzy/opt/gz_cmake_vendor:/opt/ros/jazzy DEBUGINFOD_URLS=https://debuginfod.ubuntu.com LD_LIBRARY_PATH=/home/rodep/rodep/test_ws/yano_ws/install/custom_interfaces/lib:/home/rodep/rodep/test_ws/yano_ws/install/my_rqt_plugin/lib:/opt/ros/jazzy/opt/rviz_ogre_vendor/lib:/opt/ros/jazzy/lib/x86_64-linux-gnu:/opt/ros/jazzy/opt/gz_math_vendor/lib:/opt/ros/jazzy/opt/gz_utils_vendor/lib:/opt/ros/jazzy/opt/gz_cmake_vendor/lib:/opt/ros/jazzy/lib /usr/bin/cmake --build /home/rodep/rodep/test_ws/yano_ws/build/operator -- -j8 -l8
[0.833s] DEBUG:colcon.colcon_core.event_handler.log_command:Invoking command in '/home/rodep/rodep/test_ws/yano_ws/build/operator': CMAKE_PREFIX_PATH=/home/rodep/rodep/test_ws/yano_ws/install/custom_interfaces:/home/rodep/rodep/test_ws/yano_ws/install/usb_camera:/home/rodep/rodep/test_ws/yano_ws/install/operator:/home/rodep/rodep/test_ws/yano_ws/install/my_rqt_plugin:/home/rodep/rodep/test_ws/yano_ws/install/flipper_driver:/home/rodep/rodep/test_ws/yano_ws/install/crawler_driver:/opt/ros/jazzy/opt/gz_math_vendor:/opt/ros/jazzy/opt/gz_utils_vendor:/opt/ros/jazzy/opt/gz_cmake_vendor:/opt/ros/jazzy DEBUGINFOD_URLS=https://debuginfod.ubuntu.com LD_LIBRARY_PATH=/home/rodep/rodep/test_ws/yano_ws/install/custom_interfaces/lib:/home/rodep/rodep/test_ws/yano_ws/install/my_rqt_plugin/lib:/opt/ros/jazzy/opt/rviz_ogre_vendor/lib:/opt/ros/jazzy/lib/x86_64-linux-gnu:/opt/ros/jazzy/opt/gz_math_vendor/lib:/opt/ros/jazzy/opt/gz_utils_vendor/lib:/opt/ros/jazzy/opt/gz_cmake_vendor/lib:/opt/ros/jazzy/lib /usr/bin/cmake --install /home/rodep/rodep/test_ws/yano_ws/build/operator
[0.841s] Level 1:colcon.colcon_core.environment:create_environment_scripts_only(operator)
[0.841s] Level 1:colcon.colcon_core.environment:checking '/home/rodep/rodep/test_ws/yano_ws/install/operator' for CMake module files
[0.842s] DEBUG:colcon.colcon_core.event_handler.log_command:Invoked command in '/home/rodep/rodep/test_ws/yano_ws/build/operator' returned '0': CMAKE_PREFIX_PATH=/home/rodep/rodep/test_ws/yano_ws/install/custom_interfaces:/home/rodep/rodep/test_ws/yano_ws/install/usb_camera:/home/rodep/rodep/test_ws/yano_ws/install/operator:/home/rodep/rodep/test_ws/yano_ws/install/my_rqt_plugin:/home/rodep/rodep/test_ws/yano_ws/install/flipper_driver:/home/rodep/rodep/test_ws/yano_ws/install/crawler_driver:/opt/ros/jazzy/opt/gz_math_vendor:/opt/ros/jazzy/opt/gz_utils_vendor:/opt/ros/jazzy/opt/gz_cmake_vendor:/opt/ros/jazzy DEBUGINFOD_URLS=https://debuginfod.ubuntu.com LD_LIBRARY_PATH=/home/rodep/rodep/test_ws/yano_ws/install/custom_interfaces/lib:/home/rodep/rodep/test_ws/yano_ws/install/my_rqt_plugin/lib:/opt/ros/jazzy/opt/rviz_ogre_vendor/lib:/opt/ros/jazzy/lib/x86_64-linux-gnu:/opt/ros/jazzy/opt/gz_math_vendor/lib:/opt/ros/jazzy/opt/gz_utils_vendor/lib:/opt/ros/jazzy/opt/gz_cmake_vendor/lib:/opt/ros/jazzy/lib /usr/bin/cmake --install /home/rodep/rodep/test_ws/yano_ws/build/operator
[0.842s] Level 1:colcon.colcon_core.environment:checking '/home/rodep/rodep/test_ws/yano_ws/install/operator' for CMake config files
[0.843s] Level 1:colcon.colcon_core.shell:create_environment_hook('operator', 'cmake_prefix_path')
[0.843s] INFO:colcon.colcon_core.shell:Creating environment hook '/home/rodep/rodep/test_ws/yano_ws/install/operator/share/operator/hook/cmake_prefix_path.ps1'
[0.843s] INFO:colcon.colcon_core.shell:Creating environment descriptor '/home/rodep/rodep/test_ws/yano_ws/install/operator/share/operator/hook/cmake_prefix_path.dsv'
[0.844s] INFO:colcon.colcon_core.shell:Creating environment hook '/home/rodep/rodep/test_ws/yano_ws/install/operator/share/operator/hook/cmake_prefix_path.sh'
[0.845s] Level 1:colcon.colcon_core.environment:checking '/home/rodep/rodep/test_ws/yano_ws/install/operator/lib'
[0.845s] Level 1:colcon.colcon_core.environment:checking '/home/rodep/rodep/test_ws/yano_ws/install/operator/bin'
[0.845s] Level 1:colcon.colcon_core.environment:checking '/home/rodep/rodep/test_ws/yano_ws/install/operator/lib/pkgconfig/operator.pc'
[0.845s] Level 1:colcon.colcon_core.environment:checking '/home/rodep/rodep/test_ws/yano_ws/install/operator/lib/python3.12/site-packages'
[0.845s] Level 1:colcon.colcon_core.environment:checking '/home/rodep/rodep/test_ws/yano_ws/install/operator/bin'
[0.845s] INFO:colcon.colcon_core.shell:Creating package script '/home/rodep/rodep/test_ws/yano_ws/install/operator/share/operator/package.ps1'
[0.846s] INFO:colcon.colcon_core.shell:Creating package descriptor '/home/rodep/rodep/test_ws/yano_ws/install/operator/share/operator/package.dsv'
[0.846s] INFO:colcon.colcon_core.shell:Creating package script '/home/rodep/rodep/test_ws/yano_ws/install/operator/share/operator/package.sh'
[0.846s] INFO:colcon.colcon_core.shell:Creating package script '/home/rodep/rodep/test_ws/yano_ws/install/operator/share/operator/package.bash'
[0.847s] INFO:colcon.colcon_core.shell:Creating package script '/home/rodep/rodep/test_ws/yano_ws/install/operator/share/operator/package.zsh'
[0.847s] Level 1:colcon.colcon_core.environment:create_file_with_runtime_dependencies(/home/rodep/rodep/test_ws/yano_ws/install/operator/share/colcon-core/packages/operator)
[0.847s] Level 1:colcon.colcon_core.environment:create_environment_scripts_only(operator)
[0.847s] Level 1:colcon.colcon_core.environment:checking '/home/rodep/rodep/test_ws/yano_ws/install/operator' for CMake module files
[0.848s] Level 1:colcon.colcon_core.environment:checking '/home/rodep/rodep/test_ws/yano_ws/install/operator' for CMake config files
[0.848s] Level 1:colcon.colcon_core.shell:create_environment_hook('operator', 'cmake_prefix_path')
[0.848s] INFO:colcon.colcon_core.shell:Creating environment hook '/home/rodep/rodep/test_ws/yano_ws/install/operator/share/operator/hook/cmake_prefix_path.ps1'
[0.848s] INFO:colcon.colcon_core.shell:Creating environment descriptor '/home/rodep/rodep/test_ws/yano_ws/install/operator/share/operator/hook/cmake_prefix_path.dsv'
[0.849s] INFO:colcon.colcon_core.shell:Creating environment hook '/home/rodep/rodep/test_ws/yano_ws/install/operator/share/operator/hook/cmake_prefix_path.sh'
[0.849s] Level 1:colcon.colcon_core.environment:checking '/home/rodep/rodep/test_ws/yano_ws/install/operator/lib'
[0.849s] Level 1:colcon.colcon_core.environment:checking '/home/rodep/rodep/test_ws/yano_ws/install/operator/bin'
[0.849s] Level 1:colcon.colcon_core.environment:checking '/home/rodep/rodep/test_ws/yano_ws/install/operator/lib/pkgconfig/operator.pc'
[0.850s] Level 1:colcon.colcon_core.environment:checking '/home/rodep/rodep/test_ws/yano_ws/install/operator/lib/python3.12/site-packages'
[0.850s] Level 1:colcon.colcon_core.environment:checking '/home/rodep/rodep/test_ws/yano_ws/install/operator/bin'
[0.850s] INFO:colcon.colcon_core.shell:Creating package script '/home/rodep/rodep/test_ws/yano_ws/install/operator/share/operator/package.ps1'
[0.850s] INFO:colcon.colcon_core.shell:Creating package descriptor '/home/rodep/rodep/test_ws/yano_ws/install/operator/share/operator/package.dsv'
[0.851s] INFO:colcon.colcon_core.shell:Creating package script '/home/rodep/rodep/test_ws/yano_ws/install/operator/share/operator/package.sh'
[0.851s] INFO:colcon.colcon_core.shell:Creating package script '/home/rodep/rodep/test_ws/yano_ws/install/operator/share/operator/package.bash'
[0.851s] INFO:colcon.colcon_core.shell:Creating package script '/home/rodep/rodep/test_ws/yano_ws/install/operator/share/operator/package.zsh'
[0.852s] Level 1:colcon.colcon_core.environment:create_file_with_runtime_dependencies(/home/rodep/rodep/test_ws/yano_ws/install/operator/share/colcon-core/packages/operator)
[10.143s] DEBUG:colcon.colcon_core.event_handler.log_command:Invoked command in '/home/rodep/rodep/test_ws/yano_ws/build/flipper_driver' returned '0': CMAKE_PREFIX_PATH=/home/rodep/rodep/test_ws/yano_ws/install/custom_interfaces:/home/rodep/rodep/test_ws/yano_ws/install/usb_camera:/home/rodep/rodep/test_ws/yano_ws/install/operator:/home/rodep/rodep/test_ws/yano_ws/install/my_rqt_plugin:/home/rodep/rodep/test_ws/yano_ws/install/flipper_driver:/home/rodep/rodep/test_ws/yano_ws/install/crawler_driver:/opt/ros/jazzy/opt/gz_math_vendor:/opt/ros/jazzy/opt/gz_utils_vendor:/opt/ros/jazzy/opt/gz_cmake_vendor:/opt/ros/jazzy DEBUGINFOD_URLS=https://debuginfod.ubuntu.com LD_LIBRARY_PATH=/home/rodep/rodep/test_ws/yano_ws/install/custom_interfaces/lib:/home/rodep/rodep/test_ws/yano_ws/install/my_rqt_plugin/lib:/opt/ros/jazzy/opt/rviz_ogre_vendor/lib:/opt/ros/jazzy/lib/x86_64-linux-gnu:/opt/ros/jazzy/opt/gz_math_vendor/lib:/opt/ros/jazzy/opt/gz_utils_vendor/lib:/opt/ros/jazzy/opt/gz_cmake_vendor/lib:/opt/ros/jazzy/lib /usr/bin/cmake --build /home/rodep/rodep/test_ws/yano_ws/build/flipper_driver -- -j8 -l8
[10.144s] DEBUG:colcon.colcon_core.event_handler.log_command:Invoking command in '/home/rodep/rodep/test_ws/yano_ws/build/flipper_driver': CMAKE_PREFIX_PATH=/home/rodep/rodep/test_ws/yano_ws/install/custom_interfaces:/home/rodep/rodep/test_ws/yano_ws/install/usb_camera:/home/rodep/rodep/test_ws/yano_ws/install/operator:/home/rodep/rodep/test_ws/yano_ws/install/my_rqt_plugin:/home/rodep/rodep/test_ws/yano_ws/install/flipper_driver:/home/rodep/rodep/test_ws/yano_ws/install/crawler_driver:/opt/ros/jazzy/opt/gz_math_vendor:/opt/ros/jazzy/opt/gz_utils_vendor:/opt/ros/jazzy/opt/gz_cmake_vendor:/opt/ros/jazzy DEBUGINFOD_URLS=https://debuginfod.ubuntu.com LD_LIBRARY_PATH=/home/rodep/rodep/test_ws/yano_ws/install/custom_interfaces/lib:/home/rodep/rodep/test_ws/yano_ws/install/my_rqt_plugin/lib:/opt/ros/jazzy/opt/rviz_ogre_vendor/lib:/opt/ros/jazzy/lib/x86_64-linux-gnu:/opt/ros/jazzy/opt/gz_math_vendor/lib:/opt/ros/jazzy/opt/gz_utils_vendor/lib:/opt/ros/jazzy/opt/gz_cmake_vendor/lib:/opt/ros/jazzy/lib /usr/bin/cmake --install /home/rodep/rodep/test_ws/yano_ws/build/flipper_driver
[10.157s] Level 1:colcon.colcon_core.environment:create_environment_scripts_only(flipper_driver)
[10.157s] Level 1:colcon.colcon_core.environment:checking '/home/rodep/rodep/test_ws/yano_ws/install/flipper_driver' for CMake module files
[10.158s] DEBUG:colcon.colcon_core.event_handler.log_command:Invoked command in '/home/rodep/rodep/test_ws/yano_ws/build/flipper_driver' returned '0': CMAKE_PREFIX_PATH=/home/rodep/rodep/test_ws/yano_ws/install/custom_interfaces:/home/rodep/rodep/test_ws/yano_ws/install/usb_camera:/home/rodep/rodep/test_ws/yano_ws/install/operator:/home/rodep/rodep/test_ws/yano_ws/install/my_rqt_plugin:/home/rodep/rodep/test_ws/yano_ws/install/flipper_driver:/home/rodep/rodep/test_ws/yano_ws/install/crawler_driver:/opt/ros/jazzy/opt/gz_math_vendor:/opt/ros/jazzy/opt/gz_utils_vendor:/opt/ros/jazzy/opt/gz_cmake_vendor:/opt/ros/jazzy DEBUGINFOD_URLS=https://debuginfod.ubuntu.com LD_LIBRARY_PATH=/home/rodep/rodep/test_ws/yano_ws/install/custom_interfaces/lib:/home/rodep/rodep/test_ws/yano_ws/install/my_rqt_plugin/lib:/opt/ros/jazzy/opt/rviz_ogre_vendor/lib:/opt/ros/jazzy/lib/x86_64-linux-gnu:/opt/ros/jazzy/opt/gz_math_vendor/lib:/opt/ros/jazzy/opt/gz_utils_vendor/lib:/opt/ros/jazzy/opt/gz_cmake_vendor/lib:/opt/ros/jazzy/lib /usr/bin/cmake --install /home/rodep/rodep/test_ws/yano_ws/build/flipper_driver
[10.158s] Level 1:colcon.colcon_core.environment:checking '/home/rodep/rodep/test_ws/yano_ws/install/flipper_driver' for CMake config files
[10.158s] Level 1:colcon.colcon_core.shell:create_environment_hook('flipper_driver', 'cmake_prefix_path')
[10.158s] INFO:colcon.colcon_core.shell:Creating environment hook '/home/rodep/rodep/test_ws/yano_ws/install/flipper_driver/share/flipper_driver/hook/cmake_prefix_path.ps1'
[10.159s] INFO:colcon.colcon_core.shell:Creating environment descriptor '/home/rodep/rodep/test_ws/yano_ws/install/flipper_driver/share/flipper_driver/hook/cmake_prefix_path.dsv'
[10.159s] INFO:colcon.colcon_core.shell:Creating environment hook '/home/rodep/rodep/test_ws/yano_ws/install/flipper_driver/share/flipper_driver/hook/cmake_prefix_path.sh'
[10.159s] Level 1:colcon.colcon_core.environment:checking '/home/rodep/rodep/test_ws/yano_ws/install/flipper_driver/lib'
[10.159s] Level 1:colcon.colcon_core.environment:checking '/home/rodep/rodep/test_ws/yano_ws/install/flipper_driver/bin'
[10.159s] Level 1:colcon.colcon_core.environment:checking '/home/rodep/rodep/test_ws/yano_ws/install/flipper_driver/lib/pkgconfig/flipper_driver.pc'
[10.160s] Level 1:colcon.colcon_core.environment:checking '/home/rodep/rodep/test_ws/yano_ws/install/flipper_driver/lib/python3.12/site-packages'
[10.160s] Level 1:colcon.colcon_core.environment:checking '/home/rodep/rodep/test_ws/yano_ws/install/flipper_driver/bin'
[10.160s] INFO:colcon.colcon_core.shell:Creating package script '/home/rodep/rodep/test_ws/yano_ws/install/flipper_driver/share/flipper_driver/package.ps1'
[10.160s] INFO:colcon.colcon_core.shell:Creating package descriptor '/home/rodep/rodep/test_ws/yano_ws/install/flipper_driver/share/flipper_driver/package.dsv'
[10.161s] INFO:colcon.colcon_core.shell:Creating package script '/home/rodep/rodep/test_ws/yano_ws/install/flipper_driver/share/flipper_driver/package.sh'
[10.161s] INFO:colcon.colcon_core.shell:Creating package script '/home/rodep/rodep/test_ws/yano_ws/install/flipper_driver/share/flipper_driver/package.bash'
[10.161s] INFO:colcon.colcon_core.shell:Creating package script '/home/rodep/rodep/test_ws/yano_ws/install/flipper_driver/share/flipper_driver/package.zsh'
[10.162s] Level 1:colcon.colcon_core.environment:create_file_with_runtime_dependencies(/home/rodep/rodep/test_ws/yano_ws/install/flipper_driver/share/colcon-core/packages/flipper_driver)
[10.162s] Level 1:colcon.colcon_core.environment:create_environment_scripts_only(flipper_driver)
[10.162s] Level 1:colcon.colcon_core.environment:checking '/home/rodep/rodep/test_ws/yano_ws/install/flipper_driver' for CMake module files
[10.163s] Level 1:colcon.colcon_core.environment:checking '/home/rodep/rodep/test_ws/yano_ws/install/flipper_driver' for CMake config files
[10.163s] Level 1:colcon.colcon_core.shell:create_environment_hook('flipper_driver', 'cmake_prefix_path')
[10.163s] INFO:colcon.colcon_core.shell:Creating environment hook '/home/rodep/rodep/test_ws/yano_ws/install/flipper_driver/share/flipper_driver/hook/cmake_prefix_path.ps1'
[10.163s] INFO:colcon.colcon_core.shell:Creating environment descriptor '/home/rodep/rodep/test_ws/yano_ws/install/flipper_driver/share/flipper_driver/hook/cmake_prefix_path.dsv'
[10.164s] INFO:colcon.colcon_core.shell:Creating environment hook '/home/rodep/rodep/test_ws/yano_ws/install/flipper_driver/share/flipper_driver/hook/cmake_prefix_path.sh'
[10.164s] Level 1:colcon.colcon_core.environment:checking '/home/rodep/rodep/test_ws/yano_ws/install/flipper_driver/lib'
[10.164s] Level 1:colcon.colcon_core.environment:checking '/home/rodep/rodep/test_ws/yano_ws/install/flipper_driver/bin'
[10.164s] Level 1:colcon.colcon_core.environment:checking '/home/rodep/rodep/test_ws/yano_ws/install/flipper_driver/lib/pkgconfig/flipper_driver.pc'
[10.164s] Level 1:colcon.colcon_core.environment:checking '/home/rodep/rodep/test_ws/yano_ws/install/flipper_driver/lib/python3.12/site-packages'
[10.165s] Level 1:colcon.colcon_core.environment:checking '/home/rodep/rodep/test_ws/yano_ws/install/flipper_driver/bin'
[10.165s] INFO:colcon.colcon_core.shell:Creating package script '/home/rodep/rodep/test_ws/yano_ws/install/flipper_driver/share/flipper_driver/package.ps1'
[10.165s] INFO:colcon.colcon_core.shell:Creating package descriptor '/home/rodep/rodep/test_ws/yano_ws/install/flipper_driver/share/flipper_driver/package.dsv'
[10.166s] INFO:colcon.colcon_core.shell:Creating package script '/home/rodep/rodep/test_ws/yano_ws/install/flipper_driver/share/flipper_driver/package.sh'
[10.166s] INFO:colcon.colcon_core.shell:Creating package script '/home/rodep/rodep/test_ws/yano_ws/install/flipper_driver/share/flipper_driver/package.bash'
[10.166s] INFO:colcon.colcon_core.shell:Creating package script '/home/rodep/rodep/test_ws/yano_ws/install/flipper_driver/share/flipper_driver/package.zsh'
[10.167s] Level 1:colcon.colcon_core.environment:create_file_with_runtime_dependencies(/home/rodep/rodep/test_ws/yano_ws/install/flipper_driver/share/colcon-core/packages/flipper_driver)
[12.542s] DEBUG:colcon.colcon_core.event_handler.log_command:Invoked command in '/home/rodep/rodep/test_ws/yano_ws/build/crawler_driver' returned '0': CMAKE_PREFIX_PATH=/home/rodep/rodep/test_ws/yano_ws/install/custom_interfaces:/home/rodep/rodep/test_ws/yano_ws/install/usb_camera:/home/rodep/rodep/test_ws/yano_ws/install/operator:/home/rodep/rodep/test_ws/yano_ws/install/my_rqt_plugin:/home/rodep/rodep/test_ws/yano_ws/install/flipper_driver:/home/rodep/rodep/test_ws/yano_ws/install/crawler_driver:/opt/ros/jazzy/opt/gz_math_vendor:/opt/ros/jazzy/opt/gz_utils_vendor:/opt/ros/jazzy/opt/gz_cmake_vendor:/opt/ros/jazzy DEBUGINFOD_URLS=https://debuginfod.ubuntu.com LD_LIBRARY_PATH=/home/rodep/rodep/test_ws/yano_ws/install/custom_interfaces/lib:/home/rodep/rodep/test_ws/yano_ws/install/my_rqt_plugin/lib:/opt/ros/jazzy/opt/rviz_ogre_vendor/lib:/opt/ros/jazzy/lib/x86_64-linux-gnu:/opt/ros/jazzy/opt/gz_math_vendor/lib:/opt/ros/jazzy/opt/gz_utils_vendor/lib:/opt/ros/jazzy/opt/gz_cmake_vendor/lib:/opt/ros/jazzy/lib /usr/bin/cmake --build /home/rodep/rodep/test_ws/yano_ws/build/crawler_driver -- -j8 -l8
[12.544s] DEBUG:colcon.colcon_core.event_handler.log_command:Invoking command in '/home/rodep/rodep/test_ws/yano_ws/build/crawler_driver': CMAKE_PREFIX_PATH=/home/rodep/rodep/test_ws/yano_ws/install/custom_interfaces:/home/rodep/rodep/test_ws/yano_ws/install/usb_camera:/home/rodep/rodep/test_ws/yano_ws/install/operator:/home/rodep/rodep/test_ws/yano_ws/install/my_rqt_plugin:/home/rodep/rodep/test_ws/yano_ws/install/flipper_driver:/home/rodep/rodep/test_ws/yano_ws/install/crawler_driver:/opt/ros/jazzy/opt/gz_math_vendor:/opt/ros/jazzy/opt/gz_utils_vendor:/opt/ros/jazzy/opt/gz_cmake_vendor:/opt/ros/jazzy DEBUGINFOD_URLS=https://debuginfod.ubuntu.com LD_LIBRARY_PATH=/home/rodep/rodep/test_ws/yano_ws/install/custom_interfaces/lib:/home/rodep/rodep/test_ws/yano_ws/install/my_rqt_plugin/lib:/opt/ros/jazzy/opt/rviz_ogre_vendor/lib:/opt/ros/jazzy/lib/x86_64-linux-gnu:/opt/ros/jazzy/opt/gz_math_vendor/lib:/opt/ros/jazzy/opt/gz_utils_vendor/lib:/opt/ros/jazzy/opt/gz_cmake_vendor/lib:/opt/ros/jazzy/lib /usr/bin/cmake --install /home/rodep/rodep/test_ws/yano_ws/build/crawler_driver
[12.557s] Level 1:colcon.colcon_core.environment:create_environment_scripts_only(crawler_driver)
[12.557s] Level 1:colcon.colcon_core.environment:checking '/home/rodep/rodep/test_ws/yano_ws/install/crawler_driver' for CMake module files
[12.558s] DEBUG:colcon.colcon_core.event_handler.log_command:Invoked command in '/home/rodep/rodep/test_ws/yano_ws/build/crawler_driver' returned '0': CMAKE_PREFIX_PATH=/home/rodep/rodep/test_ws/yano_ws/install/custom_interfaces:/home/rodep/rodep/test_ws/yano_ws/install/usb_camera:/home/rodep/rodep/test_ws/yano_ws/install/operator:/home/rodep/rodep/test_ws/yano_ws/install/my_rqt_plugin:/home/rodep/rodep/test_ws/yano_ws/install/flipper_driver:/home/rodep/rodep/test_ws/yano_ws/install/crawler_driver:/opt/ros/jazzy/opt/gz_math_vendor:/opt/ros/jazzy/opt/gz_utils_vendor:/opt/ros/jazzy/opt/gz_cmake_vendor:/opt/ros/jazzy DEBUGINFOD_URLS=https://debuginfod.ubuntu.com LD_LIBRARY_PATH=/home/rodep/rodep/test_ws/yano_ws/install/custom_interfaces/lib:/home/rodep/rodep/test_ws/yano_ws/install/my_rqt_plugin/lib:/opt/ros/jazzy/opt/rviz_ogre_vendor/lib:/opt/ros/jazzy/lib/x86_64-linux-gnu:/opt/ros/jazzy/opt/gz_math_vendor/lib:/opt/ros/jazzy/opt/gz_utils_vendor/lib:/opt/ros/jazzy/opt/gz_cmake_vendor/lib:/opt/ros/jazzy/lib /usr/bin/cmake --install /home/rodep/rodep/test_ws/yano_ws/build/crawler_driver
[12.558s] Level 1:colcon.colcon_core.environment:checking '/home/rodep/rodep/test_ws/yano_ws/install/crawler_driver' for CMake config files
[12.558s] Level 1:colcon.colcon_core.shell:create_environment_hook('crawler_driver', 'cmake_prefix_path')
[12.558s] INFO:colcon.colcon_core.shell:Creating environment hook '/home/rodep/rodep/test_ws/yano_ws/install/crawler_driver/share/crawler_driver/hook/cmake_prefix_path.ps1'
[12.559s] INFO:colcon.colcon_core.shell:Creating environment descriptor '/home/rodep/rodep/test_ws/yano_ws/install/crawler_driver/share/crawler_driver/hook/cmake_prefix_path.dsv'
[12.559s] INFO:colcon.colcon_core.shell:Creating environment hook '/home/rodep/rodep/test_ws/yano_ws/install/crawler_driver/share/crawler_driver/hook/cmake_prefix_path.sh'
[12.559s] Level 1:colcon.colcon_core.environment:checking '/home/rodep/rodep/test_ws/yano_ws/install/crawler_driver/lib'
[12.559s] Level 1:colcon.colcon_core.environment:checking '/home/rodep/rodep/test_ws/yano_ws/install/crawler_driver/bin'
[12.559s] Level 1:colcon.colcon_core.environment:checking '/home/rodep/rodep/test_ws/yano_ws/install/crawler_driver/lib/pkgconfig/crawler_driver.pc'
[12.560s] Level 1:colcon.colcon_core.environment:checking '/home/rodep/rodep/test_ws/yano_ws/install/crawler_driver/lib/python3.12/site-packages'
[12.560s] Level 1:colcon.colcon_core.environment:checking '/home/rodep/rodep/test_ws/yano_ws/install/crawler_driver/bin'
[12.560s] INFO:colcon.colcon_core.shell:Creating package script '/home/rodep/rodep/test_ws/yano_ws/install/crawler_driver/share/crawler_driver/package.ps1'
[12.560s] INFO:colcon.colcon_core.shell:Creating package descriptor '/home/rodep/rodep/test_ws/yano_ws/install/crawler_driver/share/crawler_driver/package.dsv'
[12.561s] INFO:colcon.colcon_core.shell:Creating package script '/home/rodep/rodep/test_ws/yano_ws/install/crawler_driver/share/crawler_driver/package.sh'
[12.561s] INFO:colcon.colcon_core.shell:Creating package script '/home/rodep/rodep/test_ws/yano_ws/install/crawler_driver/share/crawler_driver/package.bash'
[12.561s] INFO:colcon.colcon_core.shell:Creating package script '/home/rodep/rodep/test_ws/yano_ws/install/crawler_driver/share/crawler_driver/package.zsh'
[12.561s] Level 1:colcon.colcon_core.environment:create_file_with_runtime_dependencies(/home/rodep/rodep/test_ws/yano_ws/install/crawler_driver/share/colcon-core/packages/crawler_driver)
[12.562s] Level 1:colcon.colcon_core.environment:create_environment_scripts_only(crawler_driver)
[12.562s] Level 1:colcon.colcon_core.environment:checking '/home/rodep/rodep/test_ws/yano_ws/install/crawler_driver' for CMake module files
[12.562s] Level 1:colcon.colcon_core.environment:checking '/home/rodep/rodep/test_ws/yano_ws/install/crawler_driver' for CMake config files
[12.562s] Level 1:colcon.colcon_core.shell:create_environment_hook('crawler_driver', 'cmake_prefix_path')
[12.563s] INFO:colcon.colcon_core.shell:Creating environment hook '/home/rodep/rodep/test_ws/yano_ws/install/crawler_driver/share/crawler_driver/hook/cmake_prefix_path.ps1'
[12.563s] INFO:colcon.colcon_core.shell:Creating environment descriptor '/home/rodep/rodep/test_ws/yano_ws/install/crawler_driver/share/crawler_driver/hook/cmake_prefix_path.dsv'
[12.563s] INFO:colcon.colcon_core.shell:Creating environment hook '/home/rodep/rodep/test_ws/yano_ws/install/crawler_driver/share/crawler_driver/hook/cmake_prefix_path.sh'
[12.564s] Level 1:colcon.colcon_core.environment:checking '/home/rodep/rodep/test_ws/yano_ws/install/crawler_driver/lib'
[12.564s] Level 1:colcon.colcon_core.environment:checking '/home/rodep/rodep/test_ws/yano_ws/install/crawler_driver/bin'
[12.564s] Level 1:colcon.colcon_core.environment:checking '/home/rodep/rodep/test_ws/yano_ws/install/crawler_driver/lib/pkgconfig/crawler_driver.pc'
[12.564s] Level 1:colcon.colcon_core.environment:checking '/home/rodep/rodep/test_ws/yano_ws/install/crawler_driver/lib/python3.12/site-packages'
[12.564s] Level 1:colcon.colcon_core.environment:checking '/home/rodep/rodep/test_ws/yano_ws/install/crawler_driver/bin'
[12.564s] INFO:colcon.colcon_core.shell:Creating package script '/home/rodep/rodep/test_ws/yano_ws/install/crawler_driver/share/crawler_driver/package.ps1'
[12.565s] INFO:colcon.colcon_core.shell:Creating package descriptor '/home/rodep/rodep/test_ws/yano_ws/install/crawler_driver/share/crawler_driver/package.dsv'
[12.565s] INFO:colcon.colcon_core.shell:Creating package script '/home/rodep/rodep/test_ws/yano_ws/install/crawler_driver/share/crawler_driver/package.sh'
[12.565s] INFO:colcon.colcon_core.shell:Creating package script '/home/rodep/rodep/test_ws/yano_ws/install/crawler_driver/share/crawler_driver/package.bash'
[12.566s] INFO:colcon.colcon_core.shell:Creating package script '/home/rodep/rodep/test_ws/yano_ws/install/crawler_driver/share/crawler_driver/package.zsh'
[12.566s] Level 1:colcon.colcon_core.environment:create_file_with_runtime_dependencies(/home/rodep/rodep/test_ws/yano_ws/install/crawler_driver/share/colcon-core/packages/crawler_driver)
[12.566s] DEBUG:colcon.colcon_parallel_executor.executor.parallel:closing loop
[12.566s] DEBUG:colcon.colcon_parallel_executor.executor.parallel:loop closed
[12.566s] DEBUG:colcon.colcon_parallel_executor.executor.parallel:run_until_complete finished with '0'
[12.566s] DEBUG:colcon.colcon_core.event_reactor:joining thread
[12.572s] INFO:colcon.colcon_core.plugin_system:Skipping extension 'colcon_notification.desktop_notification.terminal_notifier': Not used on non-Darwin systems
[12.572s] INFO:colcon.colcon_core.plugin_system:Skipping extension 'colcon_notification.desktop_notification.win32': Not used on non-Windows systems
[12.572s] INFO:colcon.colcon_notification.desktop_notification:Sending desktop notification using 'notify2'
[12.582s] DEBUG:colcon.colcon_core.event_reactor:joined thread
[12.582s] INFO:colcon.colcon_core.shell:Creating prefix script '/home/rodep/rodep/test_ws/yano_ws/install/local_setup.ps1'
[12.583s] INFO:colcon.colcon_core.shell:Creating prefix util module '/home/rodep/rodep/test_ws/yano_ws/install/_local_setup_util_ps1.py'
[12.584s] INFO:colcon.colcon_core.shell:Creating prefix chain script '/home/rodep/rodep/test_ws/yano_ws/install/setup.ps1'
[12.585s] INFO:colcon.colcon_core.shell:Creating prefix script '/home/rodep/rodep/test_ws/yano_ws/install/local_setup.sh'
[12.586s] INFO:colcon.colcon_core.shell:Creating prefix util module '/home/rodep/rodep/test_ws/yano_ws/install/_local_setup_util_sh.py'
[12.586s] INFO:colcon.colcon_core.shell:Creating prefix chain script '/home/rodep/rodep/test_ws/yano_ws/install/setup.sh'
[12.587s] INFO:colcon.colcon_core.shell:Creating prefix script '/home/rodep/rodep/test_ws/yano_ws/install/local_setup.bash'
[12.588s] INFO:colcon.colcon_core.shell:Creating prefix chain script '/home/rodep/rodep/test_ws/yano_ws/install/setup.bash'
[12.588s] INFO:colcon.colcon_core.shell:Creating prefix script '/home/rodep/rodep/test_ws/yano_ws/install/local_setup.zsh'
[12.589s] INFO:colcon.colcon_core.shell:Creating prefix chain script '/home/rodep/rodep/test_ws/yano_ws/install/setup.zsh'
