[0.014s] Invoking command in '/home/rodep/rodep/test_ws/yano_ws/build/custom_interfaces': CMAKE_PREFIX_PATH=${CMAKE_PREFIX_PATH}:/opt/ros/jazzy DEBUGINFOD_URLS=https://debuginfod.ubuntu.com /usr/bin/cmake --build /home/rodep/rodep/test_ws/yano_ws/build/custom_interfaces -- -j8 -l8
[0.052s] [  2%] Built target custom_interfaces__rosidl_generator_type_description
[0.062s] [  2%] Built target ament_cmake_python_copy_custom_interfaces
[0.068s] [  4%] Built target custom_interfaces__cpp
[0.073s] [ 22%] Built target custom_interfaces__rosidl_generator_c
[0.103s] [ 40%] Built target custom_interfaces__rosidl_typesupport_c
[0.104s] [ 40%] Built target custom_interfaces__rosidl_typesupport_cpp
[0.104s] [ 50%] Built target custom_interfaces__rosidl_typesupport_fastrtps_c
[0.104s] [ 59%] Built target custom_interfaces__rosidl_typesupport_introspection_c
[0.104s] [ 77%] Built target custom_interfaces__rosidl_typesupport_fastrtps_cpp
[0.104s] [ 77%] Built target custom_interfaces__rosidl_typesupport_introspection_cpp
[0.119s] [ 77%] Built target custom_interfaces
[0.136s] [ 79%] Built target custom_interfaces__py
[0.154s] [ 86%] Built target custom_interfaces__rosidl_generator_py
[0.172s] [ 90%] Built target custom_interfaces_s__rosidl_typesupport_introspection_c
[0.172s] [100%] Built target custom_interfaces_s__rosidl_typesupport_c
[0.172s] [100%] Built target custom_interfaces_s__rosidl_typesupport_fastrtps_c
[0.282s] running egg_info
[0.302s] writing custom_interfaces.egg-info/PKG-INFO
[0.303s] writing dependency_links to custom_interfaces.egg-info/dependency_links.txt
[0.303s] writing top-level names to custom_interfaces.egg-info/top_level.txt
[0.359s] reading manifest file 'custom_interfaces.egg-info/SOURCES.txt'
[0.359s] writing manifest file 'custom_interfaces.egg-info/SOURCES.txt'
[0.383s] [100%] Built target ament_cmake_python_build_custom_interfaces_egg
[0.392s] Invoked command in '/home/rodep/rodep/test_ws/yano_ws/build/custom_interfaces' returned '0': CMAKE_PREFIX_PATH=${CMAKE_PREFIX_PATH}:/opt/ros/jazzy DEBUGINFOD_URLS=https://debuginfod.ubuntu.com /usr/bin/cmake --build /home/rodep/rodep/test_ws/yano_ws/build/custom_interfaces -- -j8 -l8
[0.393s] Invoking command in '/home/rodep/rodep/test_ws/yano_ws/build/custom_interfaces': CMAKE_PREFIX_PATH=${CMAKE_PREFIX_PATH}:/opt/ros/jazzy DEBUGINFOD_URLS=https://debuginfod.ubuntu.com /usr/bin/cmake --install /home/rodep/rodep/test_ws/yano_ws/build/custom_interfaces
[0.400s] -- Install configuration: ""
[0.400s] -- Up-to-date: /home/rodep/rodep/test_ws/yano_ws/install/custom_interfaces/share/ament_index/resource_index/rosidl_interfaces/custom_interfaces
[0.400s] -- Up-to-date: /home/rodep/rodep/test_ws/yano_ws/install/custom_interfaces/share/custom_interfaces/msg/DriverVelocity.json
[0.400s] -- Up-to-date: /home/rodep/rodep/test_ws/yano_ws/install/custom_interfaces/share/custom_interfaces/srv/SetMode.json
[0.400s] -- Up-to-date: /home/rodep/rodep/test_ws/yano_ws/install/custom_interfaces/include/custom_interfaces/custom_interfaces
[0.400s] -- Up-to-date: /home/rodep/rodep/test_ws/yano_ws/install/custom_interfaces/include/custom_interfaces/custom_interfaces/msg
[0.401s] -- Up-to-date: /home/rodep/rodep/test_ws/yano_ws/install/custom_interfaces/include/custom_interfaces/custom_interfaces/msg/rosidl_generator_c__visibility_control.h
[0.401s] -- Up-to-date: /home/rodep/rodep/test_ws/yano_ws/install/custom_interfaces/include/custom_interfaces/custom_interfaces/msg/driver_velocity.h
[0.401s] -- Up-to-date: /home/rodep/rodep/test_ws/yano_ws/install/custom_interfaces/include/custom_interfaces/custom_interfaces/msg/detail
[0.401s] -- Up-to-date: /home/rodep/rodep/test_ws/yano_ws/install/custom_interfaces/include/custom_interfaces/custom_interfaces/msg/detail/driver_velocity__description.c
[0.401s] -- Up-to-date: /home/rodep/rodep/test_ws/yano_ws/install/custom_interfaces/include/custom_interfaces/custom_interfaces/msg/detail/driver_velocity__type_support.c
[0.401s] -- Up-to-date: /home/rodep/rodep/test_ws/yano_ws/install/custom_interfaces/include/custom_interfaces/custom_interfaces/msg/detail/driver_velocity__struct.h
[0.401s] -- Up-to-date: /home/rodep/rodep/test_ws/yano_ws/install/custom_interfaces/include/custom_interfaces/custom_interfaces/msg/detail/driver_velocity__functions.c
[0.401s] -- Up-to-date: /home/rodep/rodep/test_ws/yano_ws/install/custom_interfaces/include/custom_interfaces/custom_interfaces/msg/detail/driver_velocity__type_support.h
[0.401s] -- Up-to-date: /home/rodep/rodep/test_ws/yano_ws/install/custom_interfaces/include/custom_interfaces/custom_interfaces/msg/detail/driver_velocity__functions.h
[0.401s] -- Up-to-date: /home/rodep/rodep/test_ws/yano_ws/install/custom_interfaces/include/custom_interfaces/custom_interfaces/srv
[0.401s] -- Up-to-date: /home/rodep/rodep/test_ws/yano_ws/install/custom_interfaces/include/custom_interfaces/custom_interfaces/srv/detail
[0.401s] -- Up-to-date: /home/rodep/rodep/test_ws/yano_ws/install/custom_interfaces/include/custom_interfaces/custom_interfaces/srv/detail/set_mode__description.c
[0.401s] -- Up-to-date: /home/rodep/rodep/test_ws/yano_ws/install/custom_interfaces/include/custom_interfaces/custom_interfaces/srv/detail/set_mode__functions.c
[0.402s] -- Up-to-date: /home/rodep/rodep/test_ws/yano_ws/install/custom_interfaces/include/custom_interfaces/custom_interfaces/srv/detail/set_mode__struct.h
[0.402s] -- Up-to-date: /home/rodep/rodep/test_ws/yano_ws/install/custom_interfaces/include/custom_interfaces/custom_interfaces/srv/detail/set_mode__type_support.h
[0.402s] -- Up-to-date: /home/rodep/rodep/test_ws/yano_ws/install/custom_interfaces/include/custom_interfaces/custom_interfaces/srv/detail/set_mode__functions.h
[0.402s] -- Up-to-date: /home/rodep/rodep/test_ws/yano_ws/install/custom_interfaces/include/custom_interfaces/custom_interfaces/srv/detail/set_mode__type_support.c
[0.402s] -- Up-to-date: /home/rodep/rodep/test_ws/yano_ws/install/custom_interfaces/include/custom_interfaces/custom_interfaces/srv/set_mode.h
[0.402s] -- Up-to-date: /home/rodep/rodep/test_ws/yano_ws/install/custom_interfaces/share/custom_interfaces/environment/library_path.sh
[0.402s] -- Up-to-date: /home/rodep/rodep/test_ws/yano_ws/install/custom_interfaces/share/custom_interfaces/environment/library_path.dsv
[0.402s] -- Up-to-date: /home/rodep/rodep/test_ws/yano_ws/install/custom_interfaces/lib/libcustom_interfaces__rosidl_generator_c.so
[0.402s] -- Up-to-date: /home/rodep/rodep/test_ws/yano_ws/install/custom_interfaces/include/custom_interfaces/custom_interfaces
[0.402s] -- Up-to-date: /home/rodep/rodep/test_ws/yano_ws/install/custom_interfaces/include/custom_interfaces/custom_interfaces/msg
[0.402s] -- Up-to-date: /home/rodep/rodep/test_ws/yano_ws/install/custom_interfaces/include/custom_interfaces/custom_interfaces/msg/detail
[0.402s] -- Up-to-date: /home/rodep/rodep/test_ws/yano_ws/install/custom_interfaces/include/custom_interfaces/custom_interfaces/msg/detail/driver_velocity__rosidl_typesupport_fastrtps_c.h
[0.402s] -- Up-to-date: /home/rodep/rodep/test_ws/yano_ws/install/custom_interfaces/include/custom_interfaces/custom_interfaces/msg/rosidl_typesupport_fastrtps_c__visibility_control.h
[0.402s] -- Up-to-date: /home/rodep/rodep/test_ws/yano_ws/install/custom_interfaces/include/custom_interfaces/custom_interfaces/srv
[0.402s] -- Up-to-date: /home/rodep/rodep/test_ws/yano_ws/install/custom_interfaces/include/custom_interfaces/custom_interfaces/srv/detail
[0.403s] -- Up-to-date: /home/rodep/rodep/test_ws/yano_ws/install/custom_interfaces/include/custom_interfaces/custom_interfaces/srv/detail/set_mode__rosidl_typesupport_fastrtps_c.h
[0.403s] -- Up-to-date: /home/rodep/rodep/test_ws/yano_ws/install/custom_interfaces/lib/libcustom_interfaces__rosidl_typesupport_fastrtps_c.so
[0.403s] -- Up-to-date: /home/rodep/rodep/test_ws/yano_ws/install/custom_interfaces/include/custom_interfaces/custom_interfaces
[0.403s] -- Up-to-date: /home/rodep/rodep/test_ws/yano_ws/install/custom_interfaces/include/custom_interfaces/custom_interfaces/msg
[0.403s] -- Up-to-date: /home/rodep/rodep/test_ws/yano_ws/install/custom_interfaces/include/custom_interfaces/custom_interfaces/msg/rosidl_typesupport_introspection_c__visibility_control.h
[0.403s] -- Up-to-date: /home/rodep/rodep/test_ws/yano_ws/install/custom_interfaces/include/custom_interfaces/custom_interfaces/msg/detail
[0.403s] -- Up-to-date: /home/rodep/rodep/test_ws/yano_ws/install/custom_interfaces/include/custom_interfaces/custom_interfaces/msg/detail/driver_velocity__rosidl_typesupport_introspection_c.h
[0.403s] -- Up-to-date: /home/rodep/rodep/test_ws/yano_ws/install/custom_interfaces/include/custom_interfaces/custom_interfaces/msg/detail/driver_velocity__type_support.c
[0.403s] -- Up-to-date: /home/rodep/rodep/test_ws/yano_ws/install/custom_interfaces/include/custom_interfaces/custom_interfaces/srv
[0.403s] -- Up-to-date: /home/rodep/rodep/test_ws/yano_ws/install/custom_interfaces/include/custom_interfaces/custom_interfaces/srv/detail
[0.403s] -- Up-to-date: /home/rodep/rodep/test_ws/yano_ws/install/custom_interfaces/include/custom_interfaces/custom_interfaces/srv/detail/set_mode__type_support.c
[0.403s] -- Up-to-date: /home/rodep/rodep/test_ws/yano_ws/install/custom_interfaces/include/custom_interfaces/custom_interfaces/srv/detail/set_mode__rosidl_typesupport_introspection_c.h
[0.403s] -- Up-to-date: /home/rodep/rodep/test_ws/yano_ws/install/custom_interfaces/lib/libcustom_interfaces__rosidl_typesupport_introspection_c.so
[0.404s] -- Up-to-date: /home/rodep/rodep/test_ws/yano_ws/install/custom_interfaces/lib/libcustom_interfaces__rosidl_typesupport_c.so
[0.404s] -- Up-to-date: /home/rodep/rodep/test_ws/yano_ws/install/custom_interfaces/include/custom_interfaces/custom_interfaces
[0.404s] -- Up-to-date: /home/rodep/rodep/test_ws/yano_ws/install/custom_interfaces/include/custom_interfaces/custom_interfaces/msg
[0.404s] -- Up-to-date: /home/rodep/rodep/test_ws/yano_ws/install/custom_interfaces/include/custom_interfaces/custom_interfaces/msg/driver_velocity.hpp
[0.404s] -- Up-to-date: /home/rodep/rodep/test_ws/yano_ws/install/custom_interfaces/include/custom_interfaces/custom_interfaces/msg/detail
[0.404s] -- Up-to-date: /home/rodep/rodep/test_ws/yano_ws/install/custom_interfaces/include/custom_interfaces/custom_interfaces/msg/detail/driver_velocity__struct.hpp
[0.404s] -- Up-to-date: /home/rodep/rodep/test_ws/yano_ws/install/custom_interfaces/include/custom_interfaces/custom_interfaces/msg/detail/driver_velocity__builder.hpp
[0.405s] -- Up-to-date: /home/rodep/rodep/test_ws/yano_ws/install/custom_interfaces/include/custom_interfaces/custom_interfaces/msg/detail/driver_velocity__traits.hpp
[0.405s] -- Up-to-date: /home/rodep/rodep/test_ws/yano_ws/install/custom_interfaces/include/custom_interfaces/custom_interfaces/msg/detail/driver_velocity__type_support.hpp
[0.405s] -- Up-to-date: /home/rodep/rodep/test_ws/yano_ws/install/custom_interfaces/include/custom_interfaces/custom_interfaces/msg/rosidl_generator_cpp__visibility_control.hpp
[0.405s] -- Up-to-date: /home/rodep/rodep/test_ws/yano_ws/install/custom_interfaces/include/custom_interfaces/custom_interfaces/srv
[0.405s] -- Up-to-date: /home/rodep/rodep/test_ws/yano_ws/install/custom_interfaces/include/custom_interfaces/custom_interfaces/srv/detail
[0.405s] -- Up-to-date: /home/rodep/rodep/test_ws/yano_ws/install/custom_interfaces/include/custom_interfaces/custom_interfaces/srv/detail/set_mode__type_support.hpp
[0.405s] -- Up-to-date: /home/rodep/rodep/test_ws/yano_ws/install/custom_interfaces/include/custom_interfaces/custom_interfaces/srv/detail/set_mode__traits.hpp
[0.405s] -- Up-to-date: /home/rodep/rodep/test_ws/yano_ws/install/custom_interfaces/include/custom_interfaces/custom_interfaces/srv/detail/set_mode__builder.hpp
[0.405s] -- Up-to-date: /home/rodep/rodep/test_ws/yano_ws/install/custom_interfaces/include/custom_interfaces/custom_interfaces/srv/detail/set_mode__struct.hpp
[0.405s] -- Up-to-date: /home/rodep/rodep/test_ws/yano_ws/install/custom_interfaces/include/custom_interfaces/custom_interfaces/srv/set_mode.hpp
[0.405s] -- Up-to-date: /home/rodep/rodep/test_ws/yano_ws/install/custom_interfaces/include/custom_interfaces/custom_interfaces
[0.405s] -- Up-to-date: /home/rodep/rodep/test_ws/yano_ws/install/custom_interfaces/include/custom_interfaces/custom_interfaces/msg
[0.405s] -- Up-to-date: /home/rodep/rodep/test_ws/yano_ws/install/custom_interfaces/include/custom_interfaces/custom_interfaces/msg/detail
[0.405s] -- Up-to-date: /home/rodep/rodep/test_ws/yano_ws/install/custom_interfaces/include/custom_interfaces/custom_interfaces/msg/detail/driver_velocity__rosidl_typesupport_fastrtps_cpp.hpp
[0.405s] -- Up-to-date: /home/rodep/rodep/test_ws/yano_ws/install/custom_interfaces/include/custom_interfaces/custom_interfaces/msg/detail/dds_fastrtps
[0.405s] -- Up-to-date: /home/rodep/rodep/test_ws/yano_ws/install/custom_interfaces/include/custom_interfaces/custom_interfaces/msg/rosidl_typesupport_fastrtps_cpp__visibility_control.h
[0.406s] -- Up-to-date: /home/rodep/rodep/test_ws/yano_ws/install/custom_interfaces/include/custom_interfaces/custom_interfaces/srv
[0.406s] -- Up-to-date: /home/rodep/rodep/test_ws/yano_ws/install/custom_interfaces/include/custom_interfaces/custom_interfaces/srv/detail
[0.406s] -- Up-to-date: /home/rodep/rodep/test_ws/yano_ws/install/custom_interfaces/include/custom_interfaces/custom_interfaces/srv/detail/set_mode__rosidl_typesupport_fastrtps_cpp.hpp
[0.406s] -- Up-to-date: /home/rodep/rodep/test_ws/yano_ws/install/custom_interfaces/include/custom_interfaces/custom_interfaces/srv/detail/dds_fastrtps
[0.406s] -- Up-to-date: /home/rodep/rodep/test_ws/yano_ws/install/custom_interfaces/lib/libcustom_interfaces__rosidl_typesupport_fastrtps_cpp.so
[0.406s] -- Up-to-date: /home/rodep/rodep/test_ws/yano_ws/install/custom_interfaces/include/custom_interfaces/custom_interfaces
[0.406s] -- Up-to-date: /home/rodep/rodep/test_ws/yano_ws/install/custom_interfaces/include/custom_interfaces/custom_interfaces/msg
[0.406s] -- Up-to-date: /home/rodep/rodep/test_ws/yano_ws/install/custom_interfaces/include/custom_interfaces/custom_interfaces/msg/detail
[0.406s] -- Up-to-date: /home/rodep/rodep/test_ws/yano_ws/install/custom_interfaces/include/custom_interfaces/custom_interfaces/msg/detail/driver_velocity__rosidl_typesupport_introspection_cpp.hpp
[0.406s] -- Up-to-date: /home/rodep/rodep/test_ws/yano_ws/install/custom_interfaces/include/custom_interfaces/custom_interfaces/msg/detail/driver_velocity__type_support.cpp
[0.406s] -- Up-to-date: /home/rodep/rodep/test_ws/yano_ws/install/custom_interfaces/include/custom_interfaces/custom_interfaces/srv
[0.406s] -- Up-to-date: /home/rodep/rodep/test_ws/yano_ws/install/custom_interfaces/include/custom_interfaces/custom_interfaces/srv/detail
[0.406s] -- Up-to-date: /home/rodep/rodep/test_ws/yano_ws/install/custom_interfaces/include/custom_interfaces/custom_interfaces/srv/detail/set_mode__type_support.cpp
[0.406s] -- Up-to-date: /home/rodep/rodep/test_ws/yano_ws/install/custom_interfaces/include/custom_interfaces/custom_interfaces/srv/detail/set_mode__rosidl_typesupport_introspection_cpp.hpp
[0.406s] -- Up-to-date: /home/rodep/rodep/test_ws/yano_ws/install/custom_interfaces/lib/libcustom_interfaces__rosidl_typesupport_introspection_cpp.so
[0.406s] -- Up-to-date: /home/rodep/rodep/test_ws/yano_ws/install/custom_interfaces/lib/libcustom_interfaces__rosidl_typesupport_cpp.so
[0.406s] -- Up-to-date: /home/rodep/rodep/test_ws/yano_ws/install/custom_interfaces/share/custom_interfaces/environment/pythonpath.sh
[0.407s] -- Up-to-date: /home/rodep/rodep/test_ws/yano_ws/install/custom_interfaces/share/custom_interfaces/environment/pythonpath.dsv
[0.407s] -- Up-to-date: /home/rodep/rodep/test_ws/yano_ws/install/custom_interfaces/lib/python3.12/site-packages/custom_interfaces-0.0.0-py3.12.egg-info
[0.407s] -- Installing: /home/rodep/rodep/test_ws/yano_ws/install/custom_interfaces/lib/python3.12/site-packages/custom_interfaces-0.0.0-py3.12.egg-info/SOURCES.txt
[0.407s] -- Installing: /home/rodep/rodep/test_ws/yano_ws/install/custom_interfaces/lib/python3.12/site-packages/custom_interfaces-0.0.0-py3.12.egg-info/PKG-INFO
[0.407s] -- Installing: /home/rodep/rodep/test_ws/yano_ws/install/custom_interfaces/lib/python3.12/site-packages/custom_interfaces-0.0.0-py3.12.egg-info/top_level.txt
[0.407s] -- Installing: /home/rodep/rodep/test_ws/yano_ws/install/custom_interfaces/lib/python3.12/site-packages/custom_interfaces-0.0.0-py3.12.egg-info/dependency_links.txt
[0.407s] -- Up-to-date: /home/rodep/rodep/test_ws/yano_ws/install/custom_interfaces/lib/python3.12/site-packages/custom_interfaces
[0.407s] -- Up-to-date: /home/rodep/rodep/test_ws/yano_ws/install/custom_interfaces/lib/python3.12/site-packages/custom_interfaces/custom_interfaces_s__rosidl_typesupport_c.so
[0.407s] -- Up-to-date: /home/rodep/rodep/test_ws/yano_ws/install/custom_interfaces/lib/python3.12/site-packages/custom_interfaces/_custom_interfaces_s.ep.rosidl_typesupport_c.c
[0.407s] -- Up-to-date: /home/rodep/rodep/test_ws/yano_ws/install/custom_interfaces/lib/python3.12/site-packages/custom_interfaces/msg
[0.407s] -- Up-to-date: /home/rodep/rodep/test_ws/yano_ws/install/custom_interfaces/lib/python3.12/site-packages/custom_interfaces/msg/_driver_velocity_s.c
[0.407s] -- Up-to-date: /home/rodep/rodep/test_ws/yano_ws/install/custom_interfaces/lib/python3.12/site-packages/custom_interfaces/msg/_driver_velocity.py
[0.407s] -- Up-to-date: /home/rodep/rodep/test_ws/yano_ws/install/custom_interfaces/lib/python3.12/site-packages/custom_interfaces/msg/__init__.py
[0.407s] -- Up-to-date: /home/rodep/rodep/test_ws/yano_ws/install/custom_interfaces/lib/python3.12/site-packages/custom_interfaces/srv
[0.407s] -- Up-to-date: /home/rodep/rodep/test_ws/yano_ws/install/custom_interfaces/lib/python3.12/site-packages/custom_interfaces/srv/_set_mode.py
[0.407s] -- Up-to-date: /home/rodep/rodep/test_ws/yano_ws/install/custom_interfaces/lib/python3.12/site-packages/custom_interfaces/srv/_set_mode_s.c
[0.407s] -- Up-to-date: /home/rodep/rodep/test_ws/yano_ws/install/custom_interfaces/lib/python3.12/site-packages/custom_interfaces/srv/__init__.py
[0.407s] -- Up-to-date: /home/rodep/rodep/test_ws/yano_ws/install/custom_interfaces/lib/python3.12/site-packages/custom_interfaces/_custom_interfaces_s.ep.rosidl_typesupport_introspection_c.c
[0.408s] -- Up-to-date: /home/rodep/rodep/test_ws/yano_ws/install/custom_interfaces/lib/python3.12/site-packages/custom_interfaces/_custom_interfaces_s.ep.rosidl_typesupport_fastrtps_c.c
[0.408s] -- Up-to-date: /home/rodep/rodep/test_ws/yano_ws/install/custom_interfaces/lib/python3.12/site-packages/custom_interfaces/custom_interfaces_s__rosidl_typesupport_fastrtps_c.so
[0.408s] -- Up-to-date: /home/rodep/rodep/test_ws/yano_ws/install/custom_interfaces/lib/python3.12/site-packages/custom_interfaces/__init__.py
[0.408s] -- Up-to-date: /home/rodep/rodep/test_ws/yano_ws/install/custom_interfaces/lib/python3.12/site-packages/custom_interfaces/custom_interfaces_s__rosidl_typesupport_introspection_c.so
[0.436s] Listing '/home/rodep/rodep/test_ws/yano_ws/install/custom_interfaces/lib/python3.12/site-packages/custom_interfaces'...
[0.436s] Listing '/home/rodep/rodep/test_ws/yano_ws/install/custom_interfaces/lib/python3.12/site-packages/custom_interfaces/msg'...
[0.436s] Listing '/home/rodep/rodep/test_ws/yano_ws/install/custom_interfaces/lib/python3.12/site-packages/custom_interfaces/srv'...
[0.441s] -- Up-to-date: /home/rodep/rodep/test_ws/yano_ws/install/custom_interfaces/lib/python3.12/site-packages/custom_interfaces/custom_interfaces_s__rosidl_typesupport_fastrtps_c.so
[0.441s] -- Up-to-date: /home/rodep/rodep/test_ws/yano_ws/install/custom_interfaces/lib/python3.12/site-packages/custom_interfaces/custom_interfaces_s__rosidl_typesupport_introspection_c.so
[0.442s] -- Up-to-date: /home/rodep/rodep/test_ws/yano_ws/install/custom_interfaces/lib/python3.12/site-packages/custom_interfaces/custom_interfaces_s__rosidl_typesupport_c.so
[0.442s] -- Up-to-date: /home/rodep/rodep/test_ws/yano_ws/install/custom_interfaces/lib/libcustom_interfaces__rosidl_generator_py.so
[0.442s] -- Up-to-date: /home/rodep/rodep/test_ws/yano_ws/install/custom_interfaces/share/custom_interfaces/msg/DriverVelocity.idl
[0.442s] -- Up-to-date: /home/rodep/rodep/test_ws/yano_ws/install/custom_interfaces/share/custom_interfaces/srv/SetMode.idl
[0.442s] -- Up-to-date: /home/rodep/rodep/test_ws/yano_ws/install/custom_interfaces/share/custom_interfaces/msg/DriverVelocity.msg
[0.442s] -- Up-to-date: /home/rodep/rodep/test_ws/yano_ws/install/custom_interfaces/share/custom_interfaces/srv/SetMode.srv
[0.442s] -- Up-to-date: /home/rodep/rodep/test_ws/yano_ws/install/custom_interfaces/share/custom_interfaces/msg
[0.442s] -- Up-to-date: /home/rodep/rodep/test_ws/yano_ws/install/custom_interfaces/share/custom_interfaces/msg/DriverVelocity.msg
[0.442s] -- Up-to-date: /home/rodep/rodep/test_ws/yano_ws/install/custom_interfaces/share/ament_index/resource_index/package_run_dependencies/custom_interfaces
[0.442s] -- Up-to-date: /home/rodep/rodep/test_ws/yano_ws/install/custom_interfaces/share/ament_index/resource_index/parent_prefix_path/custom_interfaces
[0.442s] -- Up-to-date: /home/rodep/rodep/test_ws/yano_ws/install/custom_interfaces/share/custom_interfaces/environment/ament_prefix_path.sh
[0.442s] -- Up-to-date: /home/rodep/rodep/test_ws/yano_ws/install/custom_interfaces/share/custom_interfaces/environment/ament_prefix_path.dsv
[0.442s] -- Up-to-date: /home/rodep/rodep/test_ws/yano_ws/install/custom_interfaces/share/custom_interfaces/environment/path.sh
[0.443s] -- Up-to-date: /home/rodep/rodep/test_ws/yano_ws/install/custom_interfaces/share/custom_interfaces/environment/path.dsv
[0.443s] -- Up-to-date: /home/rodep/rodep/test_ws/yano_ws/install/custom_interfaces/share/custom_interfaces/local_setup.bash
[0.443s] -- Up-to-date: /home/rodep/rodep/test_ws/yano_ws/install/custom_interfaces/share/custom_interfaces/local_setup.sh
[0.443s] -- Up-to-date: /home/rodep/rodep/test_ws/yano_ws/install/custom_interfaces/share/custom_interfaces/local_setup.zsh
[0.443s] -- Up-to-date: /home/rodep/rodep/test_ws/yano_ws/install/custom_interfaces/share/custom_interfaces/local_setup.dsv
[0.443s] -- Installing: /home/rodep/rodep/test_ws/yano_ws/install/custom_interfaces/share/custom_interfaces/package.dsv
[0.443s] -- Up-to-date: /home/rodep/rodep/test_ws/yano_ws/install/custom_interfaces/share/ament_index/resource_index/packages/custom_interfaces
[0.443s] -- Up-to-date: /home/rodep/rodep/test_ws/yano_ws/install/custom_interfaces/share/custom_interfaces/cmake/export_custom_interfaces__rosidl_generator_cExport.cmake
[0.443s] -- Up-to-date: /home/rodep/rodep/test_ws/yano_ws/install/custom_interfaces/share/custom_interfaces/cmake/export_custom_interfaces__rosidl_generator_cExport-noconfig.cmake
[0.443s] -- Up-to-date: /home/rodep/rodep/test_ws/yano_ws/install/custom_interfaces/share/custom_interfaces/cmake/export_custom_interfaces__rosidl_typesupport_fastrtps_cExport.cmake
[0.443s] -- Up-to-date: /home/rodep/rodep/test_ws/yano_ws/install/custom_interfaces/share/custom_interfaces/cmake/export_custom_interfaces__rosidl_typesupport_fastrtps_cExport-noconfig.cmake
[0.443s] -- Up-to-date: /home/rodep/rodep/test_ws/yano_ws/install/custom_interfaces/share/custom_interfaces/cmake/custom_interfaces__rosidl_typesupport_introspection_cExport.cmake
[0.443s] -- Up-to-date: /home/rodep/rodep/test_ws/yano_ws/install/custom_interfaces/share/custom_interfaces/cmake/custom_interfaces__rosidl_typesupport_introspection_cExport-noconfig.cmake
[0.443s] -- Up-to-date: /home/rodep/rodep/test_ws/yano_ws/install/custom_interfaces/share/custom_interfaces/cmake/custom_interfaces__rosidl_typesupport_cExport.cmake
[0.443s] -- Up-to-date: /home/rodep/rodep/test_ws/yano_ws/install/custom_interfaces/share/custom_interfaces/cmake/custom_interfaces__rosidl_typesupport_cExport-noconfig.cmake
[0.444s] -- Up-to-date: /home/rodep/rodep/test_ws/yano_ws/install/custom_interfaces/share/custom_interfaces/cmake/export_custom_interfaces__rosidl_generator_cppExport.cmake
[0.444s] -- Up-to-date: /home/rodep/rodep/test_ws/yano_ws/install/custom_interfaces/share/custom_interfaces/cmake/export_custom_interfaces__rosidl_typesupport_fastrtps_cppExport.cmake
[0.444s] -- Up-to-date: /home/rodep/rodep/test_ws/yano_ws/install/custom_interfaces/share/custom_interfaces/cmake/export_custom_interfaces__rosidl_typesupport_fastrtps_cppExport-noconfig.cmake
[0.444s] -- Up-to-date: /home/rodep/rodep/test_ws/yano_ws/install/custom_interfaces/share/custom_interfaces/cmake/custom_interfaces__rosidl_typesupport_introspection_cppExport.cmake
[0.444s] -- Up-to-date: /home/rodep/rodep/test_ws/yano_ws/install/custom_interfaces/share/custom_interfaces/cmake/custom_interfaces__rosidl_typesupport_introspection_cppExport-noconfig.cmake
[0.444s] -- Up-to-date: /home/rodep/rodep/test_ws/yano_ws/install/custom_interfaces/share/custom_interfaces/cmake/custom_interfaces__rosidl_typesupport_cppExport.cmake
[0.444s] -- Up-to-date: /home/rodep/rodep/test_ws/yano_ws/install/custom_interfaces/share/custom_interfaces/cmake/custom_interfaces__rosidl_typesupport_cppExport-noconfig.cmake
[0.444s] -- Up-to-date: /home/rodep/rodep/test_ws/yano_ws/install/custom_interfaces/share/custom_interfaces/cmake/export_custom_interfaces__rosidl_generator_pyExport.cmake
[0.444s] -- Up-to-date: /home/rodep/rodep/test_ws/yano_ws/install/custom_interfaces/share/custom_interfaces/cmake/export_custom_interfaces__rosidl_generator_pyExport-noconfig.cmake
[0.444s] -- Up-to-date: /home/rodep/rodep/test_ws/yano_ws/install/custom_interfaces/share/custom_interfaces/cmake/rosidl_cmake-extras.cmake
[0.444s] -- Up-to-date: /home/rodep/rodep/test_ws/yano_ws/install/custom_interfaces/share/custom_interfaces/cmake/ament_cmake_export_dependencies-extras.cmake
[0.444s] -- Up-to-date: /home/rodep/rodep/test_ws/yano_ws/install/custom_interfaces/share/custom_interfaces/cmake/ament_cmake_export_include_directories-extras.cmake
[0.444s] -- Up-to-date: /home/rodep/rodep/test_ws/yano_ws/install/custom_interfaces/share/custom_interfaces/cmake/ament_cmake_export_libraries-extras.cmake
[0.444s] -- Up-to-date: /home/rodep/rodep/test_ws/yano_ws/install/custom_interfaces/share/custom_interfaces/cmake/ament_cmake_export_targets-extras.cmake
[0.444s] -- Up-to-date: /home/rodep/rodep/test_ws/yano_ws/install/custom_interfaces/share/custom_interfaces/cmake/rosidl_cmake_export_typesupport_targets-extras.cmake
[0.444s] -- Up-to-date: /home/rodep/rodep/test_ws/yano_ws/install/custom_interfaces/share/custom_interfaces/cmake/rosidl_cmake_export_typesupport_libraries-extras.cmake
[0.444s] -- Up-to-date: /home/rodep/rodep/test_ws/yano_ws/install/custom_interfaces/share/custom_interfaces/cmake/custom_interfacesConfig.cmake
[0.445s] -- Up-to-date: /home/rodep/rodep/test_ws/yano_ws/install/custom_interfaces/share/custom_interfaces/cmake/custom_interfacesConfig-version.cmake
[0.445s] -- Up-to-date: /home/rodep/rodep/test_ws/yano_ws/install/custom_interfaces/share/custom_interfaces/package.xml
[0.446s] Invoked command in '/home/rodep/rodep/test_ws/yano_ws/build/custom_interfaces' returned '0': CMAKE_PREFIX_PATH=${CMAKE_PREFIX_PATH}:/opt/ros/jazzy DEBUGINFOD_URLS=https://debuginfod.ubuntu.com /usr/bin/cmake --install /home/rodep/rodep/test_ws/yano_ws/build/custom_interfaces
