[0.028s] Invoking command in '/root/working/test_ws/yano_ws/build/flipper': CMAKE_PREFIX_PATH=/opt/ros/humble /usr/bin/cmake --build /root/working/test_ws/yano_ws/build/flipper -- -j4 -l4
[0.075s] -- Found ament_cmake: 1.3.11 (/opt/ros/humble/share/ament_cmake/cmake)
[0.310s] -- Found rclcpp: 16.0.11 (/opt/ros/humble/share/rclcpp/cmake)
[0.371s] -- Found rosidl_generator_c: 3.1.6 (/opt/ros/humble/share/rosidl_generator_c/cmake)
[0.376s] -- Found rosidl_adapter: 3.1.6 (/opt/ros/humble/share/rosidl_adapter/cmake)
[0.385s] -- Found rosidl_generator_cpp: 3.1.6 (/opt/ros/humble/share/rosidl_generator_cpp/cmake)
[0.413s] -- Using all available rosidl_typesupport_c: rosidl_typesupport_fastrtps_c;rosidl_typesupport_introspection_c
[0.440s] -- Using all available rosidl_typesupport_cpp: rosidl_typesupport_fastrtps_cpp;rosidl_typesupport_introspection_cpp
[0.519s] -- Found rmw_implementation_cmake: 6.1.2 (/opt/ros/humble/share/rmw_implementation_cmake/cmake)
[0.523s] -- Found rmw_fastrtps_cpp: 6.2.7 (/opt/ros/humble/share/rmw_fastrtps_cpp/cmake)
[0.731s] -- Using RMW implementation 'rmw_fastrtps_cpp' as default
[0.848s] -- Found dynamixel_sdk: 3.8.1 (/root/working/test_ws/yano_ws/install/dynamixel_sdk/share/dynamixel_sdk/cmake)
[0.852s] -- Found ament_lint_auto: 0.12.11 (/opt/ros/humble/share/ament_lint_auto/cmake)
[0.993s] -- Added test 'cppcheck' to perform static code analysis on C / C++ code
[0.993s] -- Configured cppcheck include dirs: 
[0.993s] -- Configured cppcheck exclude dirs and/or files: 
[0.995s] -- Added test 'lint_cmake' to check CMake code style
[0.998s] -- Added test 'uncrustify' to check C / C++ code style
[0.998s] -- Configured uncrustify additional arguments: 
[0.999s] -- Added test 'xmllint' to check XML markup files
[1.001s] -- Configuring done
[1.027s] -- Generating done
[1.034s] -- Build files have been written to: /root/working/test_ws/yano_ws/build/flipper
[1.077s] [35m[1mConsolidate compiler generated dependencies of target flipper[0m
[1.111s] [ 50%] [32mBuilding CXX object CMakeFiles/flipper.dir/src/flipper.cpp.o[0m
[8.518s] [100%] [32m[1mLinking CXX executable flipper[0m
[8.781s] [100%] Built target flipper
[8.820s] Invoked command in '/root/working/test_ws/yano_ws/build/flipper' returned '0': CMAKE_PREFIX_PATH=/opt/ros/humble /usr/bin/cmake --build /root/working/test_ws/yano_ws/build/flipper -- -j4 -l4
[8.821s] Invoking command in '/root/working/test_ws/yano_ws/build/flipper': CMAKE_PREFIX_PATH=/opt/ros/humble /usr/bin/cmake --install /root/working/test_ws/yano_ws/build/flipper
[8.834s] -- Install configuration: ""
[8.836s] -- Installing: /root/working/test_ws/yano_ws/install/flipper/lib/flipper/flipper
[8.836s] -- Set runtime path of "/root/working/test_ws/yano_ws/install/flipper/lib/flipper/flipper" to ""
[8.837s] -- Up-to-date: /root/working/test_ws/yano_ws/install/flipper/share/ament_index/resource_index/package_run_dependencies/flipper
[8.837s] -- Installing: /root/working/test_ws/yano_ws/install/flipper/share/ament_index/resource_index/parent_prefix_path/flipper
[8.838s] -- Installing: /root/working/test_ws/yano_ws/install/flipper/share/flipper/environment/ament_prefix_path.sh
[8.839s] -- Installing: /root/working/test_ws/yano_ws/install/flipper/share/flipper/environment/ament_prefix_path.dsv
[8.839s] -- Installing: /root/working/test_ws/yano_ws/install/flipper/share/flipper/environment/path.sh
[8.840s] -- Installing: /root/working/test_ws/yano_ws/install/flipper/share/flipper/environment/path.dsv
[8.840s] -- Up-to-date: /root/working/test_ws/yano_ws/install/flipper/share/flipper/local_setup.bash
[8.841s] -- Up-to-date: /root/working/test_ws/yano_ws/install/flipper/share/flipper/local_setup.sh
[8.841s] -- Up-to-date: /root/working/test_ws/yano_ws/install/flipper/share/flipper/local_setup.zsh
[8.842s] -- Installing: /root/working/test_ws/yano_ws/install/flipper/share/flipper/local_setup.dsv
[8.842s] -- Installing: /root/working/test_ws/yano_ws/install/flipper/share/flipper/package.dsv
[8.843s] -- Up-to-date: /root/working/test_ws/yano_ws/install/flipper/share/ament_index/resource_index/packages/flipper
[8.843s] -- Up-to-date: /root/working/test_ws/yano_ws/install/flipper/share/flipper/cmake/flipperConfig.cmake
[8.844s] -- Up-to-date: /root/working/test_ws/yano_ws/install/flipper/share/flipper/cmake/flipperConfig-version.cmake
[8.844s] -- Up-to-date: /root/working/test_ws/yano_ws/install/flipper/share/flipper/package.xml
[8.848s] Invoked command in '/root/working/test_ws/yano_ws/build/flipper' returned '0': CMAKE_PREFIX_PATH=/opt/ros/humble /usr/bin/cmake --install /root/working/test_ws/yano_ws/build/flipper
