[0.234s] DEBUG:colcon:Command line arguments: ['/usr/bin/colcon', 'build']
[0.234s] DEBUG:colcon:Parsed command line arguments: Namespace(log_base=None, log_level=None, verb_name='build', build_base='build', install_base='install', merge_install=False, symlink_install=False, test_result_base=None, continue_on_error=False, executor='parallel', parallel_workers=4, event_handlers=None, ignore_user_meta=False, metas=['./colcon.meta'], base_paths=['.'], packages_ignore=None, packages_ignore_regex=None, paths=None, packages_up_to=None, packages_up_to_regex=None, packages_above=None, packages_above_and_dependencies=None, packages_above_depth=None, packages_select_by_dep=None, packages_skip_by_dep=None, packages_skip_up_to=None, packages_select_build_failed=False, packages_skip_build_finished=False, packages_select_test_failures=False, packages_skip_test_passed=False, packages_select=None, packages_skip=None, packages_select_regex=None, packages_skip_regex=None, packages_start=None, packages_end=None, cmake_args=None, cmake_target=None, cmake_target_skip_unavailable=False, cmake_clean_cache=False, cmake_clean_first=False, cmake_force_configure=False, ament_cmake_args=None, catkin_cmake_args=None, catkin_skip_building_tests=False, mixin_files=None, mixin=None, verb_parser=<colcon_mixin.mixin.mixin_argument.MixinArgumentDecorator object at 0x72e91fdc25c0>, verb_extension=<colcon_core.verb.build.BuildVerb object at 0x72e91feaf580>, main=<bound method BuildVerb.main of <colcon_core.verb.build.BuildVerb object at 0x72e91feaf580>>, mixin_verb=('build',))
[0.485s] Level 1:colcon.colcon_core.package_discovery:discover_packages(colcon_meta) check parameters
[0.486s] INFO:colcon.colcon_metadata.package_discovery.colcon_meta:Using configuration from '/root/.colcon/metadata/default/Gazebo.meta'
[0.487s] INFO:colcon.colcon_metadata.package_discovery.colcon_meta:Using configuration from '/root/.colcon/metadata/default/fastrtps.meta'
[0.488s] Level 1:colcon.colcon_core.package_discovery:discover_packages(recursive) check parameters
[0.488s] Level 1:colcon.colcon_core.package_discovery:discover_packages(ignore) check parameters
[0.488s] Level 1:colcon.colcon_core.package_discovery:discover_packages(path) check parameters
[0.488s] Level 1:colcon.colcon_core.package_discovery:discover_packages(colcon_meta) discover
[0.488s] Level 1:colcon.colcon_core.package_discovery:discover_packages(recursive) discover
[0.488s] INFO:colcon.colcon_core.package_discovery:Crawling recursively for packages in '/root/working/test_ws/yano_ws'
[0.488s] Level 1:colcon.colcon_core.package_identification:_identify(.) by extensions ['ignore', 'ignore_ament_install']
[0.488s] Level 1:colcon.colcon_core.package_identification:_identify(.) by extension 'ignore'
[0.488s] Level 1:colcon.colcon_core.package_identification:_identify(.) by extension 'ignore_ament_install'
[0.488s] Level 1:colcon.colcon_core.package_identification:_identify(.) by extensions ['colcon_pkg']
[0.488s] Level 1:colcon.colcon_core.package_identification:_identify(.) by extension 'colcon_pkg'
[0.488s] Level 1:colcon.colcon_core.package_identification:_identify(.) by extensions ['colcon_meta']
[0.488s] Level 1:colcon.colcon_core.package_identification:_identify(.) by extension 'colcon_meta'
[0.489s] Level 1:colcon.colcon_core.package_identification:_identify(.) by extensions ['ros']
[0.489s] Level 1:colcon.colcon_core.package_identification:_identify(.) by extension 'ros'
[0.504s] Level 1:colcon.colcon_core.package_identification:_identify(.) by extensions ['cmake', 'python']
[0.505s] Level 1:colcon.colcon_core.package_identification:_identify(.) by extension 'cmake'
[0.505s] Level 1:colcon.colcon_core.package_identification:_identify(.) by extension 'python'
[0.505s] Level 1:colcon.colcon_core.package_identification:_identify(.) by extensions ['python_setup_py']
[0.505s] Level 1:colcon.colcon_core.package_identification:_identify(.) by extension 'python_setup_py'
[0.505s] Level 1:colcon.colcon_core.package_identification:_identify(build) by extensions ['ignore', 'ignore_ament_install']
[0.505s] Level 1:colcon.colcon_core.package_identification:_identify(build) by extension 'ignore'
[0.505s] Level 1:colcon.colcon_core.package_identification:_identify(build) ignored
[0.505s] Level 1:colcon.colcon_core.package_identification:_identify(install) by extensions ['ignore', 'ignore_ament_install']
[0.505s] Level 1:colcon.colcon_core.package_identification:_identify(install) by extension 'ignore'
[0.505s] Level 1:colcon.colcon_core.package_identification:_identify(install) ignored
[0.506s] Level 1:colcon.colcon_core.package_identification:_identify(launch) by extensions ['ignore', 'ignore_ament_install']
[0.506s] Level 1:colcon.colcon_core.package_identification:_identify(launch) by extension 'ignore'
[0.506s] Level 1:colcon.colcon_core.package_identification:_identify(launch) by extension 'ignore_ament_install'
[0.506s] Level 1:colcon.colcon_core.package_identification:_identify(launch) by extensions ['colcon_pkg']
[0.506s] Level 1:colcon.colcon_core.package_identification:_identify(launch) by extension 'colcon_pkg'
[0.506s] Level 1:colcon.colcon_core.package_identification:_identify(launch) by extensions ['colcon_meta']
[0.506s] Level 1:colcon.colcon_core.package_identification:_identify(launch) by extension 'colcon_meta'
[0.506s] Level 1:colcon.colcon_core.package_identification:_identify(launch) by extensions ['ros']
[0.506s] Level 1:colcon.colcon_core.package_identification:_identify(launch) by extension 'ros'
[0.506s] Level 1:colcon.colcon_core.package_identification:_identify(launch) by extensions ['cmake', 'python']
[0.506s] Level 1:colcon.colcon_core.package_identification:_identify(launch) by extension 'cmake'
[0.506s] Level 1:colcon.colcon_core.package_identification:_identify(launch) by extension 'python'
[0.506s] Level 1:colcon.colcon_core.package_identification:_identify(launch) by extensions ['python_setup_py']
[0.506s] Level 1:colcon.colcon_core.package_identification:_identify(launch) by extension 'python_setup_py'
[0.507s] Level 1:colcon.colcon_core.package_identification:_identify(launch/__pycache__) by extensions ['ignore', 'ignore_ament_install']
[0.507s] Level 1:colcon.colcon_core.package_identification:_identify(launch/__pycache__) by extension 'ignore'
[0.507s] Level 1:colcon.colcon_core.package_identification:_identify(launch/__pycache__) by extension 'ignore_ament_install'
[0.507s] Level 1:colcon.colcon_core.package_identification:_identify(launch/__pycache__) by extensions ['colcon_pkg']
[0.507s] Level 1:colcon.colcon_core.package_identification:_identify(launch/__pycache__) by extension 'colcon_pkg'
[0.507s] Level 1:colcon.colcon_core.package_identification:_identify(launch/__pycache__) by extensions ['colcon_meta']
[0.507s] Level 1:colcon.colcon_core.package_identification:_identify(launch/__pycache__) by extension 'colcon_meta'
[0.507s] Level 1:colcon.colcon_core.package_identification:_identify(launch/__pycache__) by extensions ['ros']
[0.507s] Level 1:colcon.colcon_core.package_identification:_identify(launch/__pycache__) by extension 'ros'
[0.507s] Level 1:colcon.colcon_core.package_identification:_identify(launch/__pycache__) by extensions ['cmake', 'python']
[0.507s] Level 1:colcon.colcon_core.package_identification:_identify(launch/__pycache__) by extension 'cmake'
[0.507s] Level 1:colcon.colcon_core.package_identification:_identify(launch/__pycache__) by extension 'python'
[0.507s] Level 1:colcon.colcon_core.package_identification:_identify(launch/__pycache__) by extensions ['python_setup_py']
[0.507s] Level 1:colcon.colcon_core.package_identification:_identify(launch/__pycache__) by extension 'python_setup_py'
[0.508s] Level 1:colcon.colcon_core.package_identification:_identify(log) by extensions ['ignore', 'ignore_ament_install']
[0.508s] Level 1:colcon.colcon_core.package_identification:_identify(log) by extension 'ignore'
[0.508s] Level 1:colcon.colcon_core.package_identification:_identify(log) ignored
[0.508s] Level 1:colcon.colcon_core.package_identification:_identify(src) by extensions ['ignore', 'ignore_ament_install']
[0.508s] Level 1:colcon.colcon_core.package_identification:_identify(src) by extension 'ignore'
[0.508s] Level 1:colcon.colcon_core.package_identification:_identify(src) by extension 'ignore_ament_install'
[0.508s] Level 1:colcon.colcon_core.package_identification:_identify(src) by extensions ['colcon_pkg']
[0.508s] Level 1:colcon.colcon_core.package_identification:_identify(src) by extension 'colcon_pkg'
[0.508s] Level 1:colcon.colcon_core.package_identification:_identify(src) by extensions ['colcon_meta']
[0.508s] Level 1:colcon.colcon_core.package_identification:_identify(src) by extension 'colcon_meta'
[0.508s] Level 1:colcon.colcon_core.package_identification:_identify(src) by extensions ['ros']
[0.508s] Level 1:colcon.colcon_core.package_identification:_identify(src) by extension 'ros'
[0.509s] Level 1:colcon.colcon_core.package_identification:_identify(src) by extensions ['cmake', 'python']
[0.509s] Level 1:colcon.colcon_core.package_identification:_identify(src) by extension 'cmake'
[0.509s] Level 1:colcon.colcon_core.package_identification:_identify(src) by extension 'python'
[0.509s] Level 1:colcon.colcon_core.package_identification:_identify(src) by extensions ['python_setup_py']
[0.509s] Level 1:colcon.colcon_core.package_identification:_identify(src) by extension 'python_setup_py'
[0.509s] Level 1:colcon.colcon_core.package_identification:_identify(src/DynamixelSDK) by extensions ['ignore', 'ignore_ament_install']
[0.509s] Level 1:colcon.colcon_core.package_identification:_identify(src/DynamixelSDK) by extension 'ignore'
[0.509s] Level 1:colcon.colcon_core.package_identification:_identify(src/DynamixelSDK) by extension 'ignore_ament_install'
[0.509s] Level 1:colcon.colcon_core.package_identification:_identify(src/DynamixelSDK) by extensions ['colcon_pkg']
[0.509s] Level 1:colcon.colcon_core.package_identification:_identify(src/DynamixelSDK) by extension 'colcon_pkg'
[0.509s] Level 1:colcon.colcon_core.package_identification:_identify(src/DynamixelSDK) by extensions ['colcon_meta']
[0.509s] Level 1:colcon.colcon_core.package_identification:_identify(src/DynamixelSDK) by extension 'colcon_meta'
[0.509s] Level 1:colcon.colcon_core.package_identification:_identify(src/DynamixelSDK) by extensions ['ros']
[0.509s] Level 1:colcon.colcon_core.package_identification:_identify(src/DynamixelSDK) by extension 'ros'
[0.510s] Level 1:colcon.colcon_core.package_identification:_identify(src/DynamixelSDK) by extensions ['cmake', 'python']
[0.510s] Level 1:colcon.colcon_core.package_identification:_identify(src/DynamixelSDK) by extension 'cmake'
[0.510s] Level 1:colcon.colcon_core.package_identification:_identify(src/DynamixelSDK) by extension 'python'
[0.510s] Level 1:colcon.colcon_core.package_identification:_identify(src/DynamixelSDK) by extensions ['python_setup_py']
[0.510s] Level 1:colcon.colcon_core.package_identification:_identify(src/DynamixelSDK) by extension 'python_setup_py'
[0.510s] Level 1:colcon.colcon_core.package_identification:_identify(src/crawler_driver) by extensions ['ignore', 'ignore_ament_install']
[0.510s] Level 1:colcon.colcon_core.package_identification:_identify(src/crawler_driver) by extension 'ignore'
[0.510s] Level 1:colcon.colcon_core.package_identification:_identify(src/crawler_driver) by extension 'ignore_ament_install'
[0.510s] Level 1:colcon.colcon_core.package_identification:_identify(src/crawler_driver) by extensions ['colcon_pkg']
[0.510s] Level 1:colcon.colcon_core.package_identification:_identify(src/crawler_driver) by extension 'colcon_pkg'
[0.510s] Level 1:colcon.colcon_core.package_identification:_identify(src/crawler_driver) by extensions ['colcon_meta']
[0.510s] Level 1:colcon.colcon_core.package_identification:_identify(src/crawler_driver) by extension 'colcon_meta'
[0.510s] Level 1:colcon.colcon_core.package_identification:_identify(src/crawler_driver) by extensions ['ros']
[0.510s] Level 1:colcon.colcon_core.package_identification:_identify(src/crawler_driver) by extension 'ros'
[0.515s] DEBUG:colcon.colcon_core.package_identification:Package 'src/crawler_driver' with type 'ros.ament_cmake' and name 'crawler_driver'
[0.515s] Level 1:colcon.colcon_core.package_identification:_identify(src/custom_interfaces) by extensions ['ignore', 'ignore_ament_install']
[0.515s] Level 1:colcon.colcon_core.package_identification:_identify(src/custom_interfaces) by extension 'ignore'
[0.515s] Level 1:colcon.colcon_core.package_identification:_identify(src/custom_interfaces) by extension 'ignore_ament_install'
[0.515s] Level 1:colcon.colcon_core.package_identification:_identify(src/custom_interfaces) by extensions ['colcon_pkg']
[0.515s] Level 1:colcon.colcon_core.package_identification:_identify(src/custom_interfaces) by extension 'colcon_pkg'
[0.515s] Level 1:colcon.colcon_core.package_identification:_identify(src/custom_interfaces) by extensions ['colcon_meta']
[0.515s] Level 1:colcon.colcon_core.package_identification:_identify(src/custom_interfaces) by extension 'colcon_meta'
[0.515s] Level 1:colcon.colcon_core.package_identification:_identify(src/custom_interfaces) by extensions ['ros']
[0.516s] Level 1:colcon.colcon_core.package_identification:_identify(src/custom_interfaces) by extension 'ros'
[0.517s] DEBUG:colcon.colcon_core.package_identification:Package 'src/custom_interfaces' with type 'ros.ament_cmake' and name 'custom_interfaces'
[0.517s] Level 1:colcon.colcon_core.package_identification:_identify(src/dynamixel-workbench) by extensions ['ignore', 'ignore_ament_install']
[0.517s] Level 1:colcon.colcon_core.package_identification:_identify(src/dynamixel-workbench) by extension 'ignore'
[0.517s] Level 1:colcon.colcon_core.package_identification:_identify(src/dynamixel-workbench) by extension 'ignore_ament_install'
[0.517s] Level 1:colcon.colcon_core.package_identification:_identify(src/dynamixel-workbench) by extensions ['colcon_pkg']
[0.517s] Level 1:colcon.colcon_core.package_identification:_identify(src/dynamixel-workbench) by extension 'colcon_pkg'
[0.517s] Level 1:colcon.colcon_core.package_identification:_identify(src/dynamixel-workbench) by extensions ['colcon_meta']
[0.518s] Level 1:colcon.colcon_core.package_identification:_identify(src/dynamixel-workbench) by extension 'colcon_meta'
[0.518s] Level 1:colcon.colcon_core.package_identification:_identify(src/dynamixel-workbench) by extensions ['ros']
[0.518s] Level 1:colcon.colcon_core.package_identification:_identify(src/dynamixel-workbench) by extension 'ros'
[0.518s] Level 1:colcon.colcon_core.package_identification:_identify(src/dynamixel-workbench) by extensions ['cmake', 'python']
[0.518s] Level 1:colcon.colcon_core.package_identification:_identify(src/dynamixel-workbench) by extension 'cmake'
[0.518s] Level 1:colcon.colcon_core.package_identification:_identify(src/dynamixel-workbench) by extension 'python'
[0.518s] Level 1:colcon.colcon_core.package_identification:_identify(src/dynamixel-workbench) by extensions ['python_setup_py']
[0.518s] Level 1:colcon.colcon_core.package_identification:_identify(src/dynamixel-workbench) by extension 'python_setup_py'
[0.518s] Level 1:colcon.colcon_core.package_identification:_identify(src/dynamixel-workbench-msgs) by extensions ['ignore', 'ignore_ament_install']
[0.518s] Level 1:colcon.colcon_core.package_identification:_identify(src/dynamixel-workbench-msgs) by extension 'ignore'
[0.518s] Level 1:colcon.colcon_core.package_identification:_identify(src/dynamixel-workbench-msgs) by extension 'ignore_ament_install'
[0.518s] Level 1:colcon.colcon_core.package_identification:_identify(src/dynamixel-workbench-msgs) by extensions ['colcon_pkg']
[0.518s] Level 1:colcon.colcon_core.package_identification:_identify(src/dynamixel-workbench-msgs) by extension 'colcon_pkg'
[0.519s] Level 1:colcon.colcon_core.package_identification:_identify(src/dynamixel-workbench-msgs) by extensions ['colcon_meta']
[0.519s] Level 1:colcon.colcon_core.package_identification:_identify(src/dynamixel-workbench-msgs) by extension 'colcon_meta'
[0.519s] Level 1:colcon.colcon_core.package_identification:_identify(src/dynamixel-workbench-msgs) by extensions ['ros']
[0.519s] Level 1:colcon.colcon_core.package_identification:_identify(src/dynamixel-workbench-msgs) by extension 'ros'
[0.519s] Level 1:colcon.colcon_core.package_identification:_identify(src/dynamixel-workbench-msgs) by extensions ['cmake', 'python']
[0.519s] Level 1:colcon.colcon_core.package_identification:_identify(src/dynamixel-workbench-msgs) by extension 'cmake'
[0.519s] Level 1:colcon.colcon_core.package_identification:_identify(src/dynamixel-workbench-msgs) by extension 'python'
[0.519s] Level 1:colcon.colcon_core.package_identification:_identify(src/dynamixel-workbench-msgs) by extensions ['python_setup_py']
[0.519s] Level 1:colcon.colcon_core.package_identification:_identify(src/dynamixel-workbench-msgs) by extension 'python_setup_py'
[0.519s] Level 1:colcon.colcon_core.package_identification:_identify(src/flipper_driver) by extensions ['ignore', 'ignore_ament_install']
[0.519s] Level 1:colcon.colcon_core.package_identification:_identify(src/flipper_driver) by extension 'ignore'
[0.520s] Level 1:colcon.colcon_core.package_identification:_identify(src/flipper_driver) by extension 'ignore_ament_install'
[0.520s] Level 1:colcon.colcon_core.package_identification:_identify(src/flipper_driver) by extensions ['colcon_pkg']
[0.520s] Level 1:colcon.colcon_core.package_identification:_identify(src/flipper_driver) by extension 'colcon_pkg'
[0.520s] Level 1:colcon.colcon_core.package_identification:_identify(src/flipper_driver) by extensions ['colcon_meta']
[0.520s] Level 1:colcon.colcon_core.package_identification:_identify(src/flipper_driver) by extension 'colcon_meta'
[0.520s] Level 1:colcon.colcon_core.package_identification:_identify(src/flipper_driver) by extensions ['ros']
[0.520s] Level 1:colcon.colcon_core.package_identification:_identify(src/flipper_driver) by extension 'ros'
[0.522s] DEBUG:colcon.colcon_core.package_identification:Package 'src/flipper_driver' with type 'ros.ament_cmake' and name 'flipper_driver'
[0.522s] Level 1:colcon.colcon_core.package_identification:_identify(src/operator) by extensions ['ignore', 'ignore_ament_install']
[0.522s] Level 1:colcon.colcon_core.package_identification:_identify(src/operator) by extension 'ignore'
[0.522s] Level 1:colcon.colcon_core.package_identification:_identify(src/operator) by extension 'ignore_ament_install'
[0.523s] Level 1:colcon.colcon_core.package_identification:_identify(src/operator) by extensions ['colcon_pkg']
[0.523s] Level 1:colcon.colcon_core.package_identification:_identify(src/operator) by extension 'colcon_pkg'
[0.523s] Level 1:colcon.colcon_core.package_identification:_identify(src/operator) by extensions ['colcon_meta']
[0.523s] Level 1:colcon.colcon_core.package_identification:_identify(src/operator) by extension 'colcon_meta'
[0.523s] Level 1:colcon.colcon_core.package_identification:_identify(src/operator) by extensions ['ros']
[0.523s] Level 1:colcon.colcon_core.package_identification:_identify(src/operator) by extension 'ros'
[0.525s] DEBUG:colcon.colcon_core.package_identification:Package 'src/operator' with type 'ros.ament_cmake' and name 'operator'
[0.525s] Level 1:colcon.colcon_core.package_identification:_identify(src/usb_camera) by extensions ['ignore', 'ignore_ament_install']
[0.525s] Level 1:colcon.colcon_core.package_identification:_identify(src/usb_camera) by extension 'ignore'
[0.526s] Level 1:colcon.colcon_core.package_identification:_identify(src/usb_camera) by extension 'ignore_ament_install'
[0.526s] Level 1:colcon.colcon_core.package_identification:_identify(src/usb_camera) by extensions ['colcon_pkg']
[0.526s] Level 1:colcon.colcon_core.package_identification:_identify(src/usb_camera) by extension 'colcon_pkg'
[0.526s] Level 1:colcon.colcon_core.package_identification:_identify(src/usb_camera) by extensions ['colcon_meta']
[0.526s] Level 1:colcon.colcon_core.package_identification:_identify(src/usb_camera) by extension 'colcon_meta'
[0.526s] Level 1:colcon.colcon_core.package_identification:_identify(src/usb_camera) by extensions ['ros']
[0.526s] Level 1:colcon.colcon_core.package_identification:_identify(src/usb_camera) by extension 'ros'
[0.528s] DEBUG:colcon.colcon_core.package_identification:Package 'src/usb_camera' with type 'ros.ament_cmake' and name 'usb_camera'
[0.528s] Level 1:colcon.colcon_core.package_discovery:discover_packages(recursive) using defaults
[0.528s] Level 1:colcon.colcon_core.package_discovery:discover_packages(ignore) discover
[0.528s] Level 1:colcon.colcon_core.package_discovery:discover_packages(ignore) using defaults
[0.528s] Level 1:colcon.colcon_core.package_discovery:discover_packages(path) discover
[0.528s] Level 1:colcon.colcon_core.package_discovery:discover_packages(path) using defaults
[0.574s] Level 5:colcon.colcon_core.verb:set package 'custom_interfaces' build argument 'cmake_args' from command line to 'None'
[0.574s] Level 5:colcon.colcon_core.verb:set package 'custom_interfaces' build argument 'cmake_target' from command line to 'None'
[0.574s] Level 5:colcon.colcon_core.verb:set package 'custom_interfaces' build argument 'cmake_target_skip_unavailable' from command line to 'False'
[0.574s] Level 5:colcon.colcon_core.verb:set package 'custom_interfaces' build argument 'cmake_clean_cache' from command line to 'False'
[0.574s] Level 5:colcon.colcon_core.verb:set package 'custom_interfaces' build argument 'cmake_clean_first' from command line to 'False'
[0.574s] Level 5:colcon.colcon_core.verb:set package 'custom_interfaces' build argument 'cmake_force_configure' from command line to 'False'
[0.575s] Level 5:colcon.colcon_core.verb:set package 'custom_interfaces' build argument 'ament_cmake_args' from command line to 'None'
[0.575s] Level 5:colcon.colcon_core.verb:set package 'custom_interfaces' build argument 'catkin_cmake_args' from command line to 'None'
[0.575s] Level 5:colcon.colcon_core.verb:set package 'custom_interfaces' build argument 'catkin_skip_building_tests' from command line to 'False'
[0.575s] DEBUG:colcon.colcon_core.verb:Building package 'custom_interfaces' with the following arguments: {'ament_cmake_args': None, 'build_base': '/root/working/test_ws/yano_ws/build/custom_interfaces', 'catkin_cmake_args': None, 'catkin_skip_building_tests': False, 'cmake_args': None, 'cmake_clean_cache': False, 'cmake_clean_first': False, 'cmake_force_configure': False, 'cmake_target': None, 'cmake_target_skip_unavailable': False, 'install_base': '/root/working/test_ws/yano_ws/install/custom_interfaces', 'merge_install': False, 'path': '/root/working/test_ws/yano_ws/src/custom_interfaces', 'symlink_install': False, 'test_result_base': None}
[0.575s] Level 5:colcon.colcon_core.verb:set package 'usb_camera' build argument 'cmake_args' from command line to 'None'
[0.576s] Level 5:colcon.colcon_core.verb:set package 'usb_camera' build argument 'cmake_target' from command line to 'None'
[0.576s] Level 5:colcon.colcon_core.verb:set package 'usb_camera' build argument 'cmake_target_skip_unavailable' from command line to 'False'
[0.576s] Level 5:colcon.colcon_core.verb:set package 'usb_camera' build argument 'cmake_clean_cache' from command line to 'False'
[0.576s] Level 5:colcon.colcon_core.verb:set package 'usb_camera' build argument 'cmake_clean_first' from command line to 'False'
[0.576s] Level 5:colcon.colcon_core.verb:set package 'usb_camera' build argument 'cmake_force_configure' from command line to 'False'
[0.576s] Level 5:colcon.colcon_core.verb:set package 'usb_camera' build argument 'ament_cmake_args' from command line to 'None'
[0.576s] Level 5:colcon.colcon_core.verb:set package 'usb_camera' build argument 'catkin_cmake_args' from command line to 'None'
[0.576s] Level 5:colcon.colcon_core.verb:set package 'usb_camera' build argument 'catkin_skip_building_tests' from command line to 'False'
[0.576s] DEBUG:colcon.colcon_core.verb:Building package 'usb_camera' with the following arguments: {'ament_cmake_args': None, 'build_base': '/root/working/test_ws/yano_ws/build/usb_camera', 'catkin_cmake_args': None, 'catkin_skip_building_tests': False, 'cmake_args': None, 'cmake_clean_cache': False, 'cmake_clean_first': False, 'cmake_force_configure': False, 'cmake_target': None, 'cmake_target_skip_unavailable': False, 'install_base': '/root/working/test_ws/yano_ws/install/usb_camera', 'merge_install': False, 'path': '/root/working/test_ws/yano_ws/src/usb_camera', 'symlink_install': False, 'test_result_base': None}
[0.577s] Level 5:colcon.colcon_core.verb:set package 'crawler_driver' build argument 'cmake_args' from command line to 'None'
[0.577s] Level 5:colcon.colcon_core.verb:set package 'crawler_driver' build argument 'cmake_target' from command line to 'None'
[0.577s] Level 5:colcon.colcon_core.verb:set package 'crawler_driver' build argument 'cmake_target_skip_unavailable' from command line to 'False'
[0.577s] Level 5:colcon.colcon_core.verb:set package 'crawler_driver' build argument 'cmake_clean_cache' from command line to 'False'
[0.577s] Level 5:colcon.colcon_core.verb:set package 'crawler_driver' build argument 'cmake_clean_first' from command line to 'False'
[0.577s] Level 5:colcon.colcon_core.verb:set package 'crawler_driver' build argument 'cmake_force_configure' from command line to 'False'
[0.577s] Level 5:colcon.colcon_core.verb:set package 'crawler_driver' build argument 'ament_cmake_args' from command line to 'None'
[0.577s] Level 5:colcon.colcon_core.verb:set package 'crawler_driver' build argument 'catkin_cmake_args' from command line to 'None'
[0.577s] Level 5:colcon.colcon_core.verb:set package 'crawler_driver' build argument 'catkin_skip_building_tests' from command line to 'False'
[0.577s] DEBUG:colcon.colcon_core.verb:Building package 'crawler_driver' with the following arguments: {'ament_cmake_args': None, 'build_base': '/root/working/test_ws/yano_ws/build/crawler_driver', 'catkin_cmake_args': None, 'catkin_skip_building_tests': False, 'cmake_args': None, 'cmake_clean_cache': False, 'cmake_clean_first': False, 'cmake_force_configure': False, 'cmake_target': None, 'cmake_target_skip_unavailable': False, 'install_base': '/root/working/test_ws/yano_ws/install/crawler_driver', 'merge_install': False, 'path': '/root/working/test_ws/yano_ws/src/crawler_driver', 'symlink_install': False, 'test_result_base': None}
[0.578s] Level 5:colcon.colcon_core.verb:set package 'flipper_driver' build argument 'cmake_args' from command line to 'None'
[0.578s] Level 5:colcon.colcon_core.verb:set package 'flipper_driver' build argument 'cmake_target' from command line to 'None'
[0.578s] Level 5:colcon.colcon_core.verb:set package 'flipper_driver' build argument 'cmake_target_skip_unavailable' from command line to 'False'
[0.579s] Level 5:colcon.colcon_core.verb:set package 'flipper_driver' build argument 'cmake_clean_cache' from command line to 'False'
[0.579s] Level 5:colcon.colcon_core.verb:set package 'flipper_driver' build argument 'cmake_clean_first' from command line to 'False'
[0.579s] Level 5:colcon.colcon_core.verb:set package 'flipper_driver' build argument 'cmake_force_configure' from command line to 'False'
[0.579s] Level 5:colcon.colcon_core.verb:set package 'flipper_driver' build argument 'ament_cmake_args' from command line to 'None'
[0.579s] Level 5:colcon.colcon_core.verb:set package 'flipper_driver' build argument 'catkin_cmake_args' from command line to 'None'
[0.579s] Level 5:colcon.colcon_core.verb:set package 'flipper_driver' build argument 'catkin_skip_building_tests' from command line to 'False'
[0.579s] DEBUG:colcon.colcon_core.verb:Building package 'flipper_driver' with the following arguments: {'ament_cmake_args': None, 'build_base': '/root/working/test_ws/yano_ws/build/flipper_driver', 'catkin_cmake_args': None, 'catkin_skip_building_tests': False, 'cmake_args': None, 'cmake_clean_cache': False, 'cmake_clean_first': False, 'cmake_force_configure': False, 'cmake_target': None, 'cmake_target_skip_unavailable': False, 'install_base': '/root/working/test_ws/yano_ws/install/flipper_driver', 'merge_install': False, 'path': '/root/working/test_ws/yano_ws/src/flipper_driver', 'symlink_install': False, 'test_result_base': None}
[0.580s] Level 5:colcon.colcon_core.verb:set package 'operator' build argument 'cmake_args' from command line to 'None'
[0.580s] Level 5:colcon.colcon_core.verb:set package 'operator' build argument 'cmake_target' from command line to 'None'
[0.580s] Level 5:colcon.colcon_core.verb:set package 'operator' build argument 'cmake_target_skip_unavailable' from command line to 'False'
[0.580s] Level 5:colcon.colcon_core.verb:set package 'operator' build argument 'cmake_clean_cache' from command line to 'False'
[0.580s] Level 5:colcon.colcon_core.verb:set package 'operator' build argument 'cmake_clean_first' from command line to 'False'
[0.580s] Level 5:colcon.colcon_core.verb:set package 'operator' build argument 'cmake_force_configure' from command line to 'False'
[0.580s] Level 5:colcon.colcon_core.verb:set package 'operator' build argument 'ament_cmake_args' from command line to 'None'
[0.580s] Level 5:colcon.colcon_core.verb:set package 'operator' build argument 'catkin_cmake_args' from command line to 'None'
[0.580s] Level 5:colcon.colcon_core.verb:set package 'operator' build argument 'catkin_skip_building_tests' from command line to 'False'
[0.580s] DEBUG:colcon.colcon_core.verb:Building package 'operator' with the following arguments: {'ament_cmake_args': None, 'build_base': '/root/working/test_ws/yano_ws/build/operator', 'catkin_cmake_args': None, 'catkin_skip_building_tests': False, 'cmake_args': None, 'cmake_clean_cache': False, 'cmake_clean_first': False, 'cmake_force_configure': False, 'cmake_target': None, 'cmake_target_skip_unavailable': False, 'install_base': '/root/working/test_ws/yano_ws/install/operator', 'merge_install': False, 'path': '/root/working/test_ws/yano_ws/src/operator', 'symlink_install': False, 'test_result_base': None}
[0.580s] INFO:colcon.colcon_core.executor:Executing jobs using 'parallel' executor
[0.582s] DEBUG:colcon.colcon_parallel_executor.executor.parallel:run_until_complete
[0.583s] INFO:colcon.colcon_ros.task.ament_cmake.build:Building ROS package in '/root/working/test_ws/yano_ws/src/custom_interfaces' with build type 'ament_cmake'
[0.584s] INFO:colcon.colcon_cmake.task.cmake.build:Building CMake package in '/root/working/test_ws/yano_ws/src/custom_interfaces'
[0.591s] INFO:colcon.colcon_core.plugin_system:Skipping extension 'colcon_core.shell.bat': Not used on non-Windows systems
[0.592s] INFO:colcon.colcon_core.shell:Skip shell extension 'powershell' for command environment: Not usable outside of PowerShell
[0.592s] DEBUG:colcon.colcon_core.shell:Skip shell extension 'dsv' for command environment
[0.604s] INFO:colcon.colcon_ros.task.ament_cmake.build:Building ROS package in '/root/working/test_ws/yano_ws/src/usb_camera' with build type 'ament_cmake'
[0.605s] INFO:colcon.colcon_cmake.task.cmake.build:Building CMake package in '/root/working/test_ws/yano_ws/src/usb_camera'
[0.606s] INFO:colcon.colcon_core.shell:Skip shell extension 'powershell' for command environment: Not usable outside of PowerShell
[0.606s] DEBUG:colcon.colcon_core.shell:Skip shell extension 'dsv' for command environment
[0.623s] DEBUG:colcon.colcon_core.event_handler.log_command:Invoking command in '/root/working/test_ws/yano_ws/build/custom_interfaces': CMAKE_PREFIX_PATH=/opt/ros/humble /usr/bin/cmake --build /root/working/test_ws/yano_ws/build/custom_interfaces -- -j4 -l4
[0.636s] DEBUG:colcon.colcon_core.event_handler.log_command:Invoking command in '/root/working/test_ws/yano_ws/build/usb_camera': CMAKE_PREFIX_PATH=/opt/ros/humble /usr/bin/cmake --build /root/working/test_ws/yano_ws/build/usb_camera -- -j4 -l4
[0.840s] DEBUG:colcon.colcon_core.event_handler.log_command:Invoked command in '/root/working/test_ws/yano_ws/build/usb_camera' returned '0': CMAKE_PREFIX_PATH=/opt/ros/humble /usr/bin/cmake --build /root/working/test_ws/yano_ws/build/usb_camera -- -j4 -l4
[0.885s] DEBUG:colcon.colcon_core.event_handler.log_command:Invoking command in '/root/working/test_ws/yano_ws/build/usb_camera': CMAKE_PREFIX_PATH=/opt/ros/humble /usr/bin/cmake --install /root/working/test_ws/yano_ws/build/usb_camera
[0.918s] Level 1:colcon.colcon_core.environment:create_environment_scripts_only(usb_camera)
[0.919s] DEBUG:colcon.colcon_core.event_handler.log_command:Invoked command in '/root/working/test_ws/yano_ws/build/usb_camera' returned '0': CMAKE_PREFIX_PATH=/opt/ros/humble /usr/bin/cmake --install /root/working/test_ws/yano_ws/build/usb_camera
[0.926s] Level 1:colcon.colcon_core.environment:checking '/root/working/test_ws/yano_ws/install/usb_camera' for CMake module files
[0.928s] Level 1:colcon.colcon_core.environment:checking '/root/working/test_ws/yano_ws/install/usb_camera' for CMake config files
[0.929s] Level 1:colcon.colcon_core.shell:create_environment_hook('usb_camera', 'cmake_prefix_path')
[0.929s] INFO:colcon.colcon_core.shell:Creating environment hook '/root/working/test_ws/yano_ws/install/usb_camera/share/usb_camera/hook/cmake_prefix_path.ps1'
[0.931s] INFO:colcon.colcon_core.shell:Creating environment descriptor '/root/working/test_ws/yano_ws/install/usb_camera/share/usb_camera/hook/cmake_prefix_path.dsv'
[0.932s] INFO:colcon.colcon_core.shell:Creating environment hook '/root/working/test_ws/yano_ws/install/usb_camera/share/usb_camera/hook/cmake_prefix_path.sh'
[0.934s] Level 1:colcon.colcon_core.environment:checking '/root/working/test_ws/yano_ws/install/usb_camera/lib'
[0.934s] Level 1:colcon.colcon_core.environment:checking '/root/working/test_ws/yano_ws/install/usb_camera/bin'
[0.934s] Level 1:colcon.colcon_core.environment:checking '/root/working/test_ws/yano_ws/install/usb_camera/lib/pkgconfig/usb_camera.pc'
[0.939s] Level 1:colcon.colcon_core.environment:checking '/root/working/test_ws/yano_ws/install/usb_camera/lib/python3.10/site-packages'
[0.939s] Level 1:colcon.colcon_core.environment:checking '/root/working/test_ws/yano_ws/install/usb_camera/bin'
[0.940s] INFO:colcon.colcon_core.shell:Creating package script '/root/working/test_ws/yano_ws/install/usb_camera/share/usb_camera/package.ps1'
[0.943s] INFO:colcon.colcon_core.shell:Creating package descriptor '/root/working/test_ws/yano_ws/install/usb_camera/share/usb_camera/package.dsv'
[0.945s] INFO:colcon.colcon_core.shell:Creating package script '/root/working/test_ws/yano_ws/install/usb_camera/share/usb_camera/package.sh'
[0.947s] INFO:colcon.colcon_core.shell:Creating package script '/root/working/test_ws/yano_ws/install/usb_camera/share/usb_camera/package.bash'
[0.949s] INFO:colcon.colcon_core.shell:Creating package script '/root/working/test_ws/yano_ws/install/usb_camera/share/usb_camera/package.zsh'
[0.951s] Level 1:colcon.colcon_core.environment:create_file_with_runtime_dependencies(/root/working/test_ws/yano_ws/install/usb_camera/share/colcon-core/packages/usb_camera)
[0.952s] Level 1:colcon.colcon_core.environment:create_environment_scripts_only(usb_camera)
[0.953s] Level 1:colcon.colcon_core.environment:checking '/root/working/test_ws/yano_ws/install/usb_camera' for CMake module files
[0.954s] Level 1:colcon.colcon_core.environment:checking '/root/working/test_ws/yano_ws/install/usb_camera' for CMake config files
[0.954s] Level 1:colcon.colcon_core.shell:create_environment_hook('usb_camera', 'cmake_prefix_path')
[0.955s] INFO:colcon.colcon_core.shell:Creating environment hook '/root/working/test_ws/yano_ws/install/usb_camera/share/usb_camera/hook/cmake_prefix_path.ps1'
[0.956s] INFO:colcon.colcon_core.shell:Creating environment descriptor '/root/working/test_ws/yano_ws/install/usb_camera/share/usb_camera/hook/cmake_prefix_path.dsv'
[0.957s] INFO:colcon.colcon_core.shell:Creating environment hook '/root/working/test_ws/yano_ws/install/usb_camera/share/usb_camera/hook/cmake_prefix_path.sh'
[0.959s] Level 1:colcon.colcon_core.environment:checking '/root/working/test_ws/yano_ws/install/usb_camera/lib'
[0.959s] Level 1:colcon.colcon_core.environment:checking '/root/working/test_ws/yano_ws/install/usb_camera/bin'
[0.959s] Level 1:colcon.colcon_core.environment:checking '/root/working/test_ws/yano_ws/install/usb_camera/lib/pkgconfig/usb_camera.pc'
[0.960s] Level 1:colcon.colcon_core.environment:checking '/root/working/test_ws/yano_ws/install/usb_camera/lib/python3.10/site-packages'
[0.960s] Level 1:colcon.colcon_core.environment:checking '/root/working/test_ws/yano_ws/install/usb_camera/bin'
[0.960s] INFO:colcon.colcon_core.shell:Creating package script '/root/working/test_ws/yano_ws/install/usb_camera/share/usb_camera/package.ps1'
[0.961s] INFO:colcon.colcon_core.shell:Creating package descriptor '/root/working/test_ws/yano_ws/install/usb_camera/share/usb_camera/package.dsv'
[0.963s] INFO:colcon.colcon_core.shell:Creating package script '/root/working/test_ws/yano_ws/install/usb_camera/share/usb_camera/package.sh'
[0.964s] INFO:colcon.colcon_core.shell:Creating package script '/root/working/test_ws/yano_ws/install/usb_camera/share/usb_camera/package.bash'
[0.965s] INFO:colcon.colcon_core.shell:Creating package script '/root/working/test_ws/yano_ws/install/usb_camera/share/usb_camera/package.zsh'
[0.967s] Level 1:colcon.colcon_core.environment:create_file_with_runtime_dependencies(/root/working/test_ws/yano_ws/install/usb_camera/share/colcon-core/packages/usb_camera)
[1.371s] DEBUG:colcon.colcon_core.event_handler.log_command:Invoked command in '/root/working/test_ws/yano_ws/build/custom_interfaces' returned '0': CMAKE_PREFIX_PATH=/opt/ros/humble /usr/bin/cmake --build /root/working/test_ws/yano_ws/build/custom_interfaces -- -j4 -l4
[1.373s] DEBUG:colcon.colcon_core.event_handler.log_command:Invoking command in '/root/working/test_ws/yano_ws/build/custom_interfaces': CMAKE_PREFIX_PATH=/opt/ros/humble /usr/bin/cmake --install /root/working/test_ws/yano_ws/build/custom_interfaces
[1.468s] Level 1:colcon.colcon_core.environment:create_environment_scripts_only(custom_interfaces)
[1.468s] Level 1:colcon.colcon_core.environment:checking '/root/working/test_ws/yano_ws/install/custom_interfaces' for CMake module files
[1.469s] DEBUG:colcon.colcon_core.event_handler.log_command:Invoked command in '/root/working/test_ws/yano_ws/build/custom_interfaces' returned '0': CMAKE_PREFIX_PATH=/opt/ros/humble /usr/bin/cmake --install /root/working/test_ws/yano_ws/build/custom_interfaces
[1.470s] Level 1:colcon.colcon_core.environment:checking '/root/working/test_ws/yano_ws/install/custom_interfaces' for CMake config files
[1.472s] Level 1:colcon.colcon_core.shell:create_environment_hook('custom_interfaces', 'cmake_prefix_path')
[1.472s] INFO:colcon.colcon_core.shell:Creating environment hook '/root/working/test_ws/yano_ws/install/custom_interfaces/share/custom_interfaces/hook/cmake_prefix_path.ps1'
[1.472s] INFO:colcon.colcon_core.shell:Creating environment descriptor '/root/working/test_ws/yano_ws/install/custom_interfaces/share/custom_interfaces/hook/cmake_prefix_path.dsv'
[1.473s] INFO:colcon.colcon_core.shell:Creating environment hook '/root/working/test_ws/yano_ws/install/custom_interfaces/share/custom_interfaces/hook/cmake_prefix_path.sh'
[1.474s] Level 1:colcon.colcon_core.environment:checking '/root/working/test_ws/yano_ws/install/custom_interfaces/lib'
[1.474s] Level 1:colcon.colcon_core.shell:create_environment_hook('custom_interfaces', 'ld_library_path_lib')
[1.474s] INFO:colcon.colcon_core.shell:Creating environment hook '/root/working/test_ws/yano_ws/install/custom_interfaces/share/custom_interfaces/hook/ld_library_path_lib.ps1'
[1.475s] INFO:colcon.colcon_core.shell:Creating environment descriptor '/root/working/test_ws/yano_ws/install/custom_interfaces/share/custom_interfaces/hook/ld_library_path_lib.dsv'
[1.475s] INFO:colcon.colcon_core.shell:Creating environment hook '/root/working/test_ws/yano_ws/install/custom_interfaces/share/custom_interfaces/hook/ld_library_path_lib.sh'
[1.476s] Level 1:colcon.colcon_core.environment:checking '/root/working/test_ws/yano_ws/install/custom_interfaces/bin'
[1.476s] Level 1:colcon.colcon_core.environment:checking '/root/working/test_ws/yano_ws/install/custom_interfaces/lib/pkgconfig/custom_interfaces.pc'
[1.476s] Level 1:colcon.colcon_core.environment:checking '/root/working/test_ws/yano_ws/install/custom_interfaces/lib/python3.10/site-packages'
[1.476s] Level 1:colcon.colcon_core.environment:checking '/root/working/test_ws/yano_ws/install/custom_interfaces/bin'
[1.477s] INFO:colcon.colcon_core.shell:Creating package script '/root/working/test_ws/yano_ws/install/custom_interfaces/share/custom_interfaces/package.ps1'
[1.477s] INFO:colcon.colcon_core.shell:Creating package descriptor '/root/working/test_ws/yano_ws/install/custom_interfaces/share/custom_interfaces/package.dsv'
[1.478s] INFO:colcon.colcon_core.shell:Creating package script '/root/working/test_ws/yano_ws/install/custom_interfaces/share/custom_interfaces/package.sh'
[1.479s] INFO:colcon.colcon_core.shell:Creating package script '/root/working/test_ws/yano_ws/install/custom_interfaces/share/custom_interfaces/package.bash'
[1.479s] INFO:colcon.colcon_core.shell:Creating package script '/root/working/test_ws/yano_ws/install/custom_interfaces/share/custom_interfaces/package.zsh'
[1.480s] Level 1:colcon.colcon_core.environment:create_file_with_runtime_dependencies(/root/working/test_ws/yano_ws/install/custom_interfaces/share/colcon-core/packages/custom_interfaces)
[1.481s] Level 1:colcon.colcon_core.environment:create_environment_scripts_only(custom_interfaces)
[1.481s] Level 1:colcon.colcon_core.environment:checking '/root/working/test_ws/yano_ws/install/custom_interfaces' for CMake module files
[1.482s] Level 1:colcon.colcon_core.environment:checking '/root/working/test_ws/yano_ws/install/custom_interfaces' for CMake config files
[1.483s] Level 1:colcon.colcon_core.shell:create_environment_hook('custom_interfaces', 'cmake_prefix_path')
[1.483s] INFO:colcon.colcon_core.shell:Creating environment hook '/root/working/test_ws/yano_ws/install/custom_interfaces/share/custom_interfaces/hook/cmake_prefix_path.ps1'
[1.484s] INFO:colcon.colcon_core.shell:Creating environment descriptor '/root/working/test_ws/yano_ws/install/custom_interfaces/share/custom_interfaces/hook/cmake_prefix_path.dsv'
[1.484s] INFO:colcon.colcon_core.shell:Creating environment hook '/root/working/test_ws/yano_ws/install/custom_interfaces/share/custom_interfaces/hook/cmake_prefix_path.sh'
[1.485s] Level 1:colcon.colcon_core.environment:checking '/root/working/test_ws/yano_ws/install/custom_interfaces/lib'
[1.485s] Level 1:colcon.colcon_core.shell:create_environment_hook('custom_interfaces', 'ld_library_path_lib')
[1.485s] INFO:colcon.colcon_core.shell:Creating environment hook '/root/working/test_ws/yano_ws/install/custom_interfaces/share/custom_interfaces/hook/ld_library_path_lib.ps1'
[1.486s] INFO:colcon.colcon_core.shell:Creating environment descriptor '/root/working/test_ws/yano_ws/install/custom_interfaces/share/custom_interfaces/hook/ld_library_path_lib.dsv'
[1.486s] INFO:colcon.colcon_core.shell:Creating environment hook '/root/working/test_ws/yano_ws/install/custom_interfaces/share/custom_interfaces/hook/ld_library_path_lib.sh'
[1.487s] Level 1:colcon.colcon_core.environment:checking '/root/working/test_ws/yano_ws/install/custom_interfaces/bin'
[1.487s] Level 1:colcon.colcon_core.environment:checking '/root/working/test_ws/yano_ws/install/custom_interfaces/lib/pkgconfig/custom_interfaces.pc'
[1.487s] Level 1:colcon.colcon_core.environment:checking '/root/working/test_ws/yano_ws/install/custom_interfaces/lib/python3.10/site-packages'
[1.487s] Level 1:colcon.colcon_core.environment:checking '/root/working/test_ws/yano_ws/install/custom_interfaces/bin'
[1.488s] INFO:colcon.colcon_core.shell:Creating package script '/root/working/test_ws/yano_ws/install/custom_interfaces/share/custom_interfaces/package.ps1'
[1.489s] INFO:colcon.colcon_core.shell:Creating package descriptor '/root/working/test_ws/yano_ws/install/custom_interfaces/share/custom_interfaces/package.dsv'
[1.491s] INFO:colcon.colcon_core.shell:Creating package script '/root/working/test_ws/yano_ws/install/custom_interfaces/share/custom_interfaces/package.sh'
[1.493s] INFO:colcon.colcon_core.shell:Creating package script '/root/working/test_ws/yano_ws/install/custom_interfaces/share/custom_interfaces/package.bash'
[1.493s] INFO:colcon.colcon_core.shell:Creating package script '/root/working/test_ws/yano_ws/install/custom_interfaces/share/custom_interfaces/package.zsh'
[1.494s] Level 1:colcon.colcon_core.environment:create_file_with_runtime_dependencies(/root/working/test_ws/yano_ws/install/custom_interfaces/share/colcon-core/packages/custom_interfaces)
[1.495s] INFO:colcon.colcon_ros.task.ament_cmake.build:Building ROS package in '/root/working/test_ws/yano_ws/src/crawler_driver' with build type 'ament_cmake'
[1.495s] INFO:colcon.colcon_cmake.task.cmake.build:Building CMake package in '/root/working/test_ws/yano_ws/src/crawler_driver'
[1.496s] INFO:colcon.colcon_core.shell:Skip shell extension 'powershell' for command environment: Not usable outside of PowerShell
[1.496s] DEBUG:colcon.colcon_core.shell:Skip shell extension 'dsv' for command environment
[1.508s] INFO:colcon.colcon_ros.task.ament_cmake.build:Building ROS package in '/root/working/test_ws/yano_ws/src/flipper_driver' with build type 'ament_cmake'
[1.508s] INFO:colcon.colcon_cmake.task.cmake.build:Building CMake package in '/root/working/test_ws/yano_ws/src/flipper_driver'
[1.509s] INFO:colcon.colcon_core.shell:Skip shell extension 'powershell' for command environment: Not usable outside of PowerShell
[1.509s] DEBUG:colcon.colcon_core.shell:Skip shell extension 'dsv' for command environment
[1.514s] INFO:colcon.colcon_ros.task.ament_cmake.build:Building ROS package in '/root/working/test_ws/yano_ws/src/operator' with build type 'ament_cmake'
[1.514s] INFO:colcon.colcon_cmake.task.cmake.build:Building CMake package in '/root/working/test_ws/yano_ws/src/operator'
[1.515s] INFO:colcon.colcon_core.shell:Skip shell extension 'powershell' for command environment: Not usable outside of PowerShell
[1.515s] DEBUG:colcon.colcon_core.shell:Skip shell extension 'dsv' for command environment
[1.530s] DEBUG:colcon.colcon_core.event_handler.log_command:Invoking command in '/root/working/test_ws/yano_ws/build/crawler_driver': AMENT_PREFIX_PATH=/root/working/test_ws/yano_ws/install/custom_interfaces:${AMENT_PREFIX_PATH} CMAKE_PREFIX_PATH=/root/working/test_ws/yano_ws/install/custom_interfaces:/opt/ros/humble LD_LIBRARY_PATH=/root/working/test_ws/yano_ws/install/custom_interfaces/lib:${LD_LIBRARY_PATH} PYTHONPATH=/root/working/test_ws/yano_ws/install/custom_interfaces/local/lib/python3.10/dist-packages:${PYTHONPATH} /usr/bin/cmake --build /root/working/test_ws/yano_ws/build/crawler_driver -- -j4 -l4
[1.538s] DEBUG:colcon.colcon_core.event_handler.log_command:Invoking command in '/root/working/test_ws/yano_ws/build/flipper_driver': AMENT_PREFIX_PATH=/root/working/test_ws/yano_ws/install/custom_interfaces:${AMENT_PREFIX_PATH} CMAKE_PREFIX_PATH=/root/working/test_ws/yano_ws/install/custom_interfaces:/opt/ros/humble LD_LIBRARY_PATH=/root/working/test_ws/yano_ws/install/custom_interfaces/lib:${LD_LIBRARY_PATH} PYTHONPATH=/root/working/test_ws/yano_ws/install/custom_interfaces/local/lib/python3.10/dist-packages:${PYTHONPATH} /usr/bin/cmake --build /root/working/test_ws/yano_ws/build/flipper_driver -- -j4 -l4
[1.546s] DEBUG:colcon.colcon_core.event_handler.log_command:Invoking command in '/root/working/test_ws/yano_ws/build/operator': AMENT_PREFIX_PATH=/root/working/test_ws/yano_ws/install/custom_interfaces:${AMENT_PREFIX_PATH} CMAKE_PREFIX_PATH=/root/working/test_ws/yano_ws/install/custom_interfaces:/opt/ros/humble LD_LIBRARY_PATH=/root/working/test_ws/yano_ws/install/custom_interfaces/lib:${LD_LIBRARY_PATH} PYTHONPATH=/root/working/test_ws/yano_ws/install/custom_interfaces/local/lib/python3.10/dist-packages:${PYTHONPATH} /usr/bin/cmake --build /root/working/test_ws/yano_ws/build/operator -- -j4 -l4
[1.675s] DEBUG:colcon.colcon_core.event_handler.log_command:Invoked command in '/root/working/test_ws/yano_ws/build/operator' returned '0': AMENT_PREFIX_PATH=/root/working/test_ws/yano_ws/install/custom_interfaces:${AMENT_PREFIX_PATH} CMAKE_PREFIX_PATH=/root/working/test_ws/yano_ws/install/custom_interfaces:/opt/ros/humble LD_LIBRARY_PATH=/root/working/test_ws/yano_ws/install/custom_interfaces/lib:${LD_LIBRARY_PATH} PYTHONPATH=/root/working/test_ws/yano_ws/install/custom_interfaces/local/lib/python3.10/dist-packages:${PYTHONPATH} /usr/bin/cmake --build /root/working/test_ws/yano_ws/build/operator -- -j4 -l4
[1.678s] DEBUG:colcon.colcon_core.event_handler.log_command:Invoking command in '/root/working/test_ws/yano_ws/build/operator': AMENT_PREFIX_PATH=/root/working/test_ws/yano_ws/install/custom_interfaces:${AMENT_PREFIX_PATH} CMAKE_PREFIX_PATH=/root/working/test_ws/yano_ws/install/custom_interfaces:/opt/ros/humble LD_LIBRARY_PATH=/root/working/test_ws/yano_ws/install/custom_interfaces/lib:${LD_LIBRARY_PATH} PYTHONPATH=/root/working/test_ws/yano_ws/install/custom_interfaces/local/lib/python3.10/dist-packages:${PYTHONPATH} /usr/bin/cmake --install /root/working/test_ws/yano_ws/build/operator
[1.682s] DEBUG:colcon.colcon_core.event_handler.log_command:Invoked command in '/root/working/test_ws/yano_ws/build/crawler_driver' returned '0': AMENT_PREFIX_PATH=/root/working/test_ws/yano_ws/install/custom_interfaces:${AMENT_PREFIX_PATH} CMAKE_PREFIX_PATH=/root/working/test_ws/yano_ws/install/custom_interfaces:/opt/ros/humble LD_LIBRARY_PATH=/root/working/test_ws/yano_ws/install/custom_interfaces/lib:${LD_LIBRARY_PATH} PYTHONPATH=/root/working/test_ws/yano_ws/install/custom_interfaces/local/lib/python3.10/dist-packages:${PYTHONPATH} /usr/bin/cmake --build /root/working/test_ws/yano_ws/build/crawler_driver -- -j4 -l4
[1.685s] DEBUG:colcon.colcon_core.event_handler.log_command:Invoking command in '/root/working/test_ws/yano_ws/build/crawler_driver': AMENT_PREFIX_PATH=/root/working/test_ws/yano_ws/install/custom_interfaces:${AMENT_PREFIX_PATH} CMAKE_PREFIX_PATH=/root/working/test_ws/yano_ws/install/custom_interfaces:/opt/ros/humble LD_LIBRARY_PATH=/root/working/test_ws/yano_ws/install/custom_interfaces/lib:${LD_LIBRARY_PATH} PYTHONPATH=/root/working/test_ws/yano_ws/install/custom_interfaces/local/lib/python3.10/dist-packages:${PYTHONPATH} /usr/bin/cmake --install /root/working/test_ws/yano_ws/build/crawler_driver
[1.704s] Level 1:colcon.colcon_core.environment:create_environment_scripts_only(operator)
[1.704s] Level 1:colcon.colcon_core.environment:checking '/root/working/test_ws/yano_ws/install/operator' for CMake module files
[1.707s] Level 1:colcon.colcon_core.environment:checking '/root/working/test_ws/yano_ws/install/operator' for CMake config files
[1.710s] Level 1:colcon.colcon_core.shell:create_environment_hook('operator', 'cmake_prefix_path')
[1.711s] INFO:colcon.colcon_core.shell:Creating environment hook '/root/working/test_ws/yano_ws/install/operator/share/operator/hook/cmake_prefix_path.ps1'
[1.712s] DEBUG:colcon.colcon_core.event_handler.log_command:Invoked command in '/root/working/test_ws/yano_ws/build/operator' returned '0': AMENT_PREFIX_PATH=/root/working/test_ws/yano_ws/install/custom_interfaces:${AMENT_PREFIX_PATH} CMAKE_PREFIX_PATH=/root/working/test_ws/yano_ws/install/custom_interfaces:/opt/ros/humble LD_LIBRARY_PATH=/root/working/test_ws/yano_ws/install/custom_interfaces/lib:${LD_LIBRARY_PATH} PYTHONPATH=/root/working/test_ws/yano_ws/install/custom_interfaces/local/lib/python3.10/dist-packages:${PYTHONPATH} /usr/bin/cmake --install /root/working/test_ws/yano_ws/build/operator
[1.712s] INFO:colcon.colcon_core.shell:Creating environment descriptor '/root/working/test_ws/yano_ws/install/operator/share/operator/hook/cmake_prefix_path.dsv'
[1.713s] INFO:colcon.colcon_core.shell:Creating environment hook '/root/working/test_ws/yano_ws/install/operator/share/operator/hook/cmake_prefix_path.sh'
[1.714s] Level 1:colcon.colcon_core.environment:checking '/root/working/test_ws/yano_ws/install/operator/lib'
[1.714s] Level 1:colcon.colcon_core.environment:checking '/root/working/test_ws/yano_ws/install/operator/bin'
[1.714s] Level 1:colcon.colcon_core.environment:checking '/root/working/test_ws/yano_ws/install/operator/lib/pkgconfig/operator.pc'
[1.714s] Level 1:colcon.colcon_core.environment:checking '/root/working/test_ws/yano_ws/install/operator/lib/python3.10/site-packages'
[1.714s] Level 1:colcon.colcon_core.environment:checking '/root/working/test_ws/yano_ws/install/operator/bin'
[1.715s] INFO:colcon.colcon_core.shell:Creating package script '/root/working/test_ws/yano_ws/install/operator/share/operator/package.ps1'
[1.715s] INFO:colcon.colcon_core.shell:Creating package descriptor '/root/working/test_ws/yano_ws/install/operator/share/operator/package.dsv'
[1.716s] INFO:colcon.colcon_core.shell:Creating package script '/root/working/test_ws/yano_ws/install/operator/share/operator/package.sh'
[1.717s] INFO:colcon.colcon_core.shell:Creating package script '/root/working/test_ws/yano_ws/install/operator/share/operator/package.bash'
[1.717s] INFO:colcon.colcon_core.shell:Creating package script '/root/working/test_ws/yano_ws/install/operator/share/operator/package.zsh'
[1.718s] Level 1:colcon.colcon_core.environment:create_file_with_runtime_dependencies(/root/working/test_ws/yano_ws/install/operator/share/colcon-core/packages/operator)
[1.719s] Level 1:colcon.colcon_core.environment:create_environment_scripts_only(operator)
[1.719s] Level 1:colcon.colcon_core.environment:checking '/root/working/test_ws/yano_ws/install/operator' for CMake module files
[1.719s] Level 1:colcon.colcon_core.environment:checking '/root/working/test_ws/yano_ws/install/operator' for CMake config files
[1.720s] Level 1:colcon.colcon_core.shell:create_environment_hook('operator', 'cmake_prefix_path')
[1.720s] INFO:colcon.colcon_core.shell:Creating environment hook '/root/working/test_ws/yano_ws/install/operator/share/operator/hook/cmake_prefix_path.ps1'
[1.721s] INFO:colcon.colcon_core.shell:Creating environment descriptor '/root/working/test_ws/yano_ws/install/operator/share/operator/hook/cmake_prefix_path.dsv'
[1.721s] INFO:colcon.colcon_core.shell:Creating environment hook '/root/working/test_ws/yano_ws/install/operator/share/operator/hook/cmake_prefix_path.sh'
[1.735s] Level 1:colcon.colcon_core.environment:checking '/root/working/test_ws/yano_ws/install/operator/lib'
[1.736s] Level 1:colcon.colcon_core.environment:checking '/root/working/test_ws/yano_ws/install/operator/bin'
[1.736s] Level 1:colcon.colcon_core.environment:checking '/root/working/test_ws/yano_ws/install/operator/lib/pkgconfig/operator.pc'
[1.736s] Level 1:colcon.colcon_core.environment:checking '/root/working/test_ws/yano_ws/install/operator/lib/python3.10/site-packages'
[1.736s] Level 1:colcon.colcon_core.environment:checking '/root/working/test_ws/yano_ws/install/operator/bin'
[1.737s] INFO:colcon.colcon_core.shell:Creating package script '/root/working/test_ws/yano_ws/install/operator/share/operator/package.ps1'
[1.738s] INFO:colcon.colcon_core.shell:Creating package descriptor '/root/working/test_ws/yano_ws/install/operator/share/operator/package.dsv'
[1.738s] INFO:colcon.colcon_core.shell:Creating package script '/root/working/test_ws/yano_ws/install/operator/share/operator/package.sh'
[1.739s] INFO:colcon.colcon_core.shell:Creating package script '/root/working/test_ws/yano_ws/install/operator/share/operator/package.bash'
[1.739s] INFO:colcon.colcon_core.shell:Creating package script '/root/working/test_ws/yano_ws/install/operator/share/operator/package.zsh'
[1.740s] Level 1:colcon.colcon_core.environment:create_file_with_runtime_dependencies(/root/working/test_ws/yano_ws/install/operator/share/colcon-core/packages/operator)
[1.741s] Level 1:colcon.colcon_core.environment:create_environment_scripts_only(crawler_driver)
[1.742s] Level 1:colcon.colcon_core.environment:checking '/root/working/test_ws/yano_ws/install/crawler_driver' for CMake module files
[1.744s] DEBUG:colcon.colcon_core.event_handler.log_command:Invoked command in '/root/working/test_ws/yano_ws/build/crawler_driver' returned '0': AMENT_PREFIX_PATH=/root/working/test_ws/yano_ws/install/custom_interfaces:${AMENT_PREFIX_PATH} CMAKE_PREFIX_PATH=/root/working/test_ws/yano_ws/install/custom_interfaces:/opt/ros/humble LD_LIBRARY_PATH=/root/working/test_ws/yano_ws/install/custom_interfaces/lib:${LD_LIBRARY_PATH} PYTHONPATH=/root/working/test_ws/yano_ws/install/custom_interfaces/local/lib/python3.10/dist-packages:${PYTHONPATH} /usr/bin/cmake --install /root/working/test_ws/yano_ws/build/crawler_driver
[1.745s] Level 1:colcon.colcon_core.environment:checking '/root/working/test_ws/yano_ws/install/crawler_driver' for CMake config files
[1.745s] Level 1:colcon.colcon_core.shell:create_environment_hook('crawler_driver', 'cmake_prefix_path')
[1.746s] INFO:colcon.colcon_core.shell:Creating environment hook '/root/working/test_ws/yano_ws/install/crawler_driver/share/crawler_driver/hook/cmake_prefix_path.ps1'
[1.747s] INFO:colcon.colcon_core.shell:Creating environment descriptor '/root/working/test_ws/yano_ws/install/crawler_driver/share/crawler_driver/hook/cmake_prefix_path.dsv'
[1.747s] INFO:colcon.colcon_core.shell:Creating environment hook '/root/working/test_ws/yano_ws/install/crawler_driver/share/crawler_driver/hook/cmake_prefix_path.sh'
[1.748s] Level 1:colcon.colcon_core.environment:checking '/root/working/test_ws/yano_ws/install/crawler_driver/lib'
[1.749s] Level 1:colcon.colcon_core.environment:checking '/root/working/test_ws/yano_ws/install/crawler_driver/bin'
[1.749s] Level 1:colcon.colcon_core.environment:checking '/root/working/test_ws/yano_ws/install/crawler_driver/lib/pkgconfig/crawler_driver.pc'
[1.749s] Level 1:colcon.colcon_core.environment:checking '/root/working/test_ws/yano_ws/install/crawler_driver/lib/python3.10/site-packages'
[1.750s] Level 1:colcon.colcon_core.environment:checking '/root/working/test_ws/yano_ws/install/crawler_driver/bin'
[1.750s] INFO:colcon.colcon_core.shell:Creating package script '/root/working/test_ws/yano_ws/install/crawler_driver/share/crawler_driver/package.ps1'
[1.752s] INFO:colcon.colcon_core.shell:Creating package descriptor '/root/working/test_ws/yano_ws/install/crawler_driver/share/crawler_driver/package.dsv'
[1.754s] INFO:colcon.colcon_core.shell:Creating package script '/root/working/test_ws/yano_ws/install/crawler_driver/share/crawler_driver/package.sh'
[1.755s] INFO:colcon.colcon_core.shell:Creating package script '/root/working/test_ws/yano_ws/install/crawler_driver/share/crawler_driver/package.bash'
[1.756s] INFO:colcon.colcon_core.shell:Creating package script '/root/working/test_ws/yano_ws/install/crawler_driver/share/crawler_driver/package.zsh'
[1.757s] Level 1:colcon.colcon_core.environment:create_file_with_runtime_dependencies(/root/working/test_ws/yano_ws/install/crawler_driver/share/colcon-core/packages/crawler_driver)
[1.757s] Level 1:colcon.colcon_core.environment:create_environment_scripts_only(crawler_driver)
[1.758s] Level 1:colcon.colcon_core.environment:checking '/root/working/test_ws/yano_ws/install/crawler_driver' for CMake module files
[1.759s] Level 1:colcon.colcon_core.environment:checking '/root/working/test_ws/yano_ws/install/crawler_driver' for CMake config files
[1.760s] Level 1:colcon.colcon_core.shell:create_environment_hook('crawler_driver', 'cmake_prefix_path')
[1.760s] INFO:colcon.colcon_core.shell:Creating environment hook '/root/working/test_ws/yano_ws/install/crawler_driver/share/crawler_driver/hook/cmake_prefix_path.ps1'
[1.761s] INFO:colcon.colcon_core.shell:Creating environment descriptor '/root/working/test_ws/yano_ws/install/crawler_driver/share/crawler_driver/hook/cmake_prefix_path.dsv'
[1.761s] INFO:colcon.colcon_core.shell:Creating environment hook '/root/working/test_ws/yano_ws/install/crawler_driver/share/crawler_driver/hook/cmake_prefix_path.sh'
[1.762s] Level 1:colcon.colcon_core.environment:checking '/root/working/test_ws/yano_ws/install/crawler_driver/lib'
[1.762s] Level 1:colcon.colcon_core.environment:checking '/root/working/test_ws/yano_ws/install/crawler_driver/bin'
[1.762s] Level 1:colcon.colcon_core.environment:checking '/root/working/test_ws/yano_ws/install/crawler_driver/lib/pkgconfig/crawler_driver.pc'
[1.762s] Level 1:colcon.colcon_core.environment:checking '/root/working/test_ws/yano_ws/install/crawler_driver/lib/python3.10/site-packages'
[1.763s] Level 1:colcon.colcon_core.environment:checking '/root/working/test_ws/yano_ws/install/crawler_driver/bin'
[1.763s] INFO:colcon.colcon_core.shell:Creating package script '/root/working/test_ws/yano_ws/install/crawler_driver/share/crawler_driver/package.ps1'
[1.764s] INFO:colcon.colcon_core.shell:Creating package descriptor '/root/working/test_ws/yano_ws/install/crawler_driver/share/crawler_driver/package.dsv'
[1.765s] INFO:colcon.colcon_core.shell:Creating package script '/root/working/test_ws/yano_ws/install/crawler_driver/share/crawler_driver/package.sh'
[1.765s] INFO:colcon.colcon_core.shell:Creating package script '/root/working/test_ws/yano_ws/install/crawler_driver/share/crawler_driver/package.bash'
[1.766s] INFO:colcon.colcon_core.shell:Creating package script '/root/working/test_ws/yano_ws/install/crawler_driver/share/crawler_driver/package.zsh'
[1.766s] Level 1:colcon.colcon_core.environment:create_file_with_runtime_dependencies(/root/working/test_ws/yano_ws/install/crawler_driver/share/colcon-core/packages/crawler_driver)
[17.671s] DEBUG:colcon.colcon_core.event_handler.log_command:Invoked command in '/root/working/test_ws/yano_ws/build/flipper_driver' returned '0': AMENT_PREFIX_PATH=/root/working/test_ws/yano_ws/install/custom_interfaces:${AMENT_PREFIX_PATH} CMAKE_PREFIX_PATH=/root/working/test_ws/yano_ws/install/custom_interfaces:/opt/ros/humble LD_LIBRARY_PATH=/root/working/test_ws/yano_ws/install/custom_interfaces/lib:${LD_LIBRARY_PATH} PYTHONPATH=/root/working/test_ws/yano_ws/install/custom_interfaces/local/lib/python3.10/dist-packages:${PYTHONPATH} /usr/bin/cmake --build /root/working/test_ws/yano_ws/build/flipper_driver -- -j4 -l4
[17.673s] DEBUG:colcon.colcon_core.event_handler.log_command:Invoking command in '/root/working/test_ws/yano_ws/build/flipper_driver': AMENT_PREFIX_PATH=/root/working/test_ws/yano_ws/install/custom_interfaces:${AMENT_PREFIX_PATH} CMAKE_PREFIX_PATH=/root/working/test_ws/yano_ws/install/custom_interfaces:/opt/ros/humble LD_LIBRARY_PATH=/root/working/test_ws/yano_ws/install/custom_interfaces/lib:${LD_LIBRARY_PATH} PYTHONPATH=/root/working/test_ws/yano_ws/install/custom_interfaces/local/lib/python3.10/dist-packages:${PYTHONPATH} /usr/bin/cmake --install /root/working/test_ws/yano_ws/build/flipper_driver
[17.695s] Level 1:colcon.colcon_core.environment:create_environment_scripts_only(flipper_driver)
[17.695s] Level 1:colcon.colcon_core.environment:checking '/root/working/test_ws/yano_ws/install/flipper_driver' for CMake module files
[17.696s] DEBUG:colcon.colcon_core.event_handler.log_command:Invoked command in '/root/working/test_ws/yano_ws/build/flipper_driver' returned '0': AMENT_PREFIX_PATH=/root/working/test_ws/yano_ws/install/custom_interfaces:${AMENT_PREFIX_PATH} CMAKE_PREFIX_PATH=/root/working/test_ws/yano_ws/install/custom_interfaces:/opt/ros/humble LD_LIBRARY_PATH=/root/working/test_ws/yano_ws/install/custom_interfaces/lib:${LD_LIBRARY_PATH} PYTHONPATH=/root/working/test_ws/yano_ws/install/custom_interfaces/local/lib/python3.10/dist-packages:${PYTHONPATH} /usr/bin/cmake --install /root/working/test_ws/yano_ws/build/flipper_driver
[17.696s] Level 1:colcon.colcon_core.environment:checking '/root/working/test_ws/yano_ws/install/flipper_driver' for CMake config files
[17.697s] Level 1:colcon.colcon_core.shell:create_environment_hook('flipper_driver', 'cmake_prefix_path')
[17.697s] INFO:colcon.colcon_core.shell:Creating environment hook '/root/working/test_ws/yano_ws/install/flipper_driver/share/flipper_driver/hook/cmake_prefix_path.ps1'
[17.698s] INFO:colcon.colcon_core.shell:Creating environment descriptor '/root/working/test_ws/yano_ws/install/flipper_driver/share/flipper_driver/hook/cmake_prefix_path.dsv'
[17.698s] INFO:colcon.colcon_core.shell:Creating environment hook '/root/working/test_ws/yano_ws/install/flipper_driver/share/flipper_driver/hook/cmake_prefix_path.sh'
[17.699s] Level 1:colcon.colcon_core.environment:checking '/root/working/test_ws/yano_ws/install/flipper_driver/lib'
[17.699s] Level 1:colcon.colcon_core.environment:checking '/root/working/test_ws/yano_ws/install/flipper_driver/bin'
[17.699s] Level 1:colcon.colcon_core.environment:checking '/root/working/test_ws/yano_ws/install/flipper_driver/lib/pkgconfig/flipper_driver.pc'
[17.700s] Level 1:colcon.colcon_core.environment:checking '/root/working/test_ws/yano_ws/install/flipper_driver/lib/python3.10/site-packages'
[17.700s] Level 1:colcon.colcon_core.environment:checking '/root/working/test_ws/yano_ws/install/flipper_driver/bin'
[17.700s] INFO:colcon.colcon_core.shell:Creating package script '/root/working/test_ws/yano_ws/install/flipper_driver/share/flipper_driver/package.ps1'
[17.701s] INFO:colcon.colcon_core.shell:Creating package descriptor '/root/working/test_ws/yano_ws/install/flipper_driver/share/flipper_driver/package.dsv'
[17.702s] INFO:colcon.colcon_core.shell:Creating package script '/root/working/test_ws/yano_ws/install/flipper_driver/share/flipper_driver/package.sh'
[17.702s] INFO:colcon.colcon_core.shell:Creating package script '/root/working/test_ws/yano_ws/install/flipper_driver/share/flipper_driver/package.bash'
[17.703s] INFO:colcon.colcon_core.shell:Creating package script '/root/working/test_ws/yano_ws/install/flipper_driver/share/flipper_driver/package.zsh'
[17.703s] Level 1:colcon.colcon_core.environment:create_file_with_runtime_dependencies(/root/working/test_ws/yano_ws/install/flipper_driver/share/colcon-core/packages/flipper_driver)
[17.704s] Level 1:colcon.colcon_core.environment:create_environment_scripts_only(flipper_driver)
[17.705s] Level 1:colcon.colcon_core.environment:checking '/root/working/test_ws/yano_ws/install/flipper_driver' for CMake module files
[17.705s] Level 1:colcon.colcon_core.environment:checking '/root/working/test_ws/yano_ws/install/flipper_driver' for CMake config files
[17.706s] Level 1:colcon.colcon_core.shell:create_environment_hook('flipper_driver', 'cmake_prefix_path')
[17.706s] INFO:colcon.colcon_core.shell:Creating environment hook '/root/working/test_ws/yano_ws/install/flipper_driver/share/flipper_driver/hook/cmake_prefix_path.ps1'
[17.706s] INFO:colcon.colcon_core.shell:Creating environment descriptor '/root/working/test_ws/yano_ws/install/flipper_driver/share/flipper_driver/hook/cmake_prefix_path.dsv'
[17.707s] INFO:colcon.colcon_core.shell:Creating environment hook '/root/working/test_ws/yano_ws/install/flipper_driver/share/flipper_driver/hook/cmake_prefix_path.sh'
[17.708s] Level 1:colcon.colcon_core.environment:checking '/root/working/test_ws/yano_ws/install/flipper_driver/lib'
[17.708s] Level 1:colcon.colcon_core.environment:checking '/root/working/test_ws/yano_ws/install/flipper_driver/bin'
[17.708s] Level 1:colcon.colcon_core.environment:checking '/root/working/test_ws/yano_ws/install/flipper_driver/lib/pkgconfig/flipper_driver.pc'
[17.708s] Level 1:colcon.colcon_core.environment:checking '/root/working/test_ws/yano_ws/install/flipper_driver/lib/python3.10/site-packages'
[17.708s] Level 1:colcon.colcon_core.environment:checking '/root/working/test_ws/yano_ws/install/flipper_driver/bin'
[17.709s] INFO:colcon.colcon_core.shell:Creating package script '/root/working/test_ws/yano_ws/install/flipper_driver/share/flipper_driver/package.ps1'
[17.709s] INFO:colcon.colcon_core.shell:Creating package descriptor '/root/working/test_ws/yano_ws/install/flipper_driver/share/flipper_driver/package.dsv'
[17.710s] INFO:colcon.colcon_core.shell:Creating package script '/root/working/test_ws/yano_ws/install/flipper_driver/share/flipper_driver/package.sh'
[17.711s] INFO:colcon.colcon_core.shell:Creating package script '/root/working/test_ws/yano_ws/install/flipper_driver/share/flipper_driver/package.bash'
[17.711s] INFO:colcon.colcon_core.shell:Creating package script '/root/working/test_ws/yano_ws/install/flipper_driver/share/flipper_driver/package.zsh'
[17.712s] Level 1:colcon.colcon_core.environment:create_file_with_runtime_dependencies(/root/working/test_ws/yano_ws/install/flipper_driver/share/colcon-core/packages/flipper_driver)
[17.712s] DEBUG:colcon.colcon_parallel_executor.executor.parallel:closing loop
[17.713s] DEBUG:colcon.colcon_parallel_executor.executor.parallel:loop closed
[17.713s] DEBUG:colcon.colcon_parallel_executor.executor.parallel:run_until_complete finished with '0'
[17.713s] DEBUG:colcon.colcon_core.event_reactor:joining thread
[17.725s] INFO:colcon.colcon_core.plugin_system:Skipping extension 'colcon_notification.desktop_notification.notify_send': Could not find 'notify-send'
[17.725s] INFO:colcon.colcon_core.plugin_system:Skipping extension 'colcon_notification.desktop_notification.terminal_notifier': Not used on non-Darwin systems
[17.726s] INFO:colcon.colcon_core.plugin_system:Skipping extension 'colcon_notification.desktop_notification.win32': Not used on non-Windows systems
[17.726s] INFO:colcon.colcon_notification.desktop_notification:Sending desktop notification using 'notify2'
[17.726s] DEBUG:colcon.colcon_notification.desktop_notification.notify2:Failed to initialize notify2: org.freedesktop.DBus.Error.NotSupported: Unable to autolaunch a dbus-daemon without a $DISPLAY for X11
[17.726s] DEBUG:colcon.colcon_core.event_reactor:joined thread
[17.727s] INFO:colcon.colcon_core.shell:Creating prefix script '/root/working/test_ws/yano_ws/install/local_setup.ps1'
[17.729s] INFO:colcon.colcon_core.shell:Creating prefix util module '/root/working/test_ws/yano_ws/install/_local_setup_util_ps1.py'
[17.732s] INFO:colcon.colcon_core.shell:Creating prefix chain script '/root/working/test_ws/yano_ws/install/setup.ps1'
[17.734s] INFO:colcon.colcon_core.shell:Creating prefix script '/root/working/test_ws/yano_ws/install/local_setup.sh'
[17.734s] INFO:colcon.colcon_core.shell:Creating prefix util module '/root/working/test_ws/yano_ws/install/_local_setup_util_sh.py'
[17.735s] INFO:colcon.colcon_core.shell:Creating prefix chain script '/root/working/test_ws/yano_ws/install/setup.sh'
[17.737s] INFO:colcon.colcon_core.shell:Creating prefix script '/root/working/test_ws/yano_ws/install/local_setup.bash'
[17.737s] INFO:colcon.colcon_core.shell:Creating prefix chain script '/root/working/test_ws/yano_ws/install/setup.bash'
[17.739s] INFO:colcon.colcon_core.shell:Creating prefix script '/root/working/test_ws/yano_ws/install/local_setup.zsh'
[17.739s] INFO:colcon.colcon_core.shell:Creating prefix chain script '/root/working/test_ws/yano_ws/install/setup.zsh'
