[0.029s] Invoking command in '/root/working/test_ws/yano_ws/build/flipper': CMAKE_PREFIX_PATH=${CMAKE_PREFIX_PATH}:/opt/ros/humble /usr/bin/cmake --build /root/working/test_ws/yano_ws/build/flipper -- -j4 -l4
[0.159s] [100%] Built target flipper
[0.186s] Invoked command in '/root/working/test_ws/yano_ws/build/flipper' returned '0': CMAKE_PREFIX_PATH=${CMAKE_PREFIX_PATH}:/opt/ros/humble /usr/bin/cmake --build /root/working/test_ws/yano_ws/build/flipper -- -j4 -l4
[0.216s] Invoking command in '/root/working/test_ws/yano_ws/build/flipper': CMAKE_PREFIX_PATH=${CMAKE_PREFIX_PATH}:/opt/ros/humble /usr/bin/cmake --install /root/working/test_ws/yano_ws/build/flipper
[0.248s] -- Install configuration: ""
[0.249s] -- Up-to-date: /root/working/test_ws/yano_ws/install/flipper/lib/flipper/flipper
[0.252s] -- Up-to-date: /root/working/test_ws/yano_ws/install/flipper/share/ament_index/resource_index/package_run_dependencies/flipper
[0.252s] -- Up-to-date: /root/working/test_ws/yano_ws/install/flipper/share/ament_index/resource_index/parent_prefix_path/flipper
[0.252s] -- Up-to-date: /root/working/test_ws/yano_ws/install/flipper/share/flipper/environment/ament_prefix_path.sh
[0.252s] -- Up-to-date: /root/working/test_ws/yano_ws/install/flipper/share/flipper/environment/ament_prefix_path.dsv
[0.252s] -- Up-to-date: /root/working/test_ws/yano_ws/install/flipper/share/flipper/environment/path.sh
[0.252s] -- Up-to-date: /root/working/test_ws/yano_ws/install/flipper/share/flipper/environment/path.dsv
[0.253s] -- Up-to-date: /root/working/test_ws/yano_ws/install/flipper/share/flipper/local_setup.bash
[0.253s] -- Up-to-date: /root/working/test_ws/yano_ws/install/flipper/share/flipper/local_setup.sh
[0.253s] -- Up-to-date: /root/working/test_ws/yano_ws/install/flipper/share/flipper/local_setup.zsh
[0.253s] -- Up-to-date: /root/working/test_ws/yano_ws/install/flipper/share/flipper/local_setup.dsv
[0.254s] -- Installing: /root/working/test_ws/yano_ws/install/flipper/share/flipper/package.dsv
[0.258s] -- Up-to-date: /root/working/test_ws/yano_ws/install/flipper/share/ament_index/resource_index/packages/flipper
[0.259s] -- Up-to-date: /root/working/test_ws/yano_ws/install/flipper/share/flipper/cmake/flipperConfig.cmake
[0.259s] -- Up-to-date: /root/working/test_ws/yano_ws/install/flipper/share/flipper/cmake/flipperConfig-version.cmake
[0.259s] -- Up-to-date: /root/working/test_ws/yano_ws/install/flipper/share/flipper/package.xml
[0.306s] Invoked command in '/root/working/test_ws/yano_ws/build/flipper' returned '0': CMAKE_PREFIX_PATH=${CMAKE_PREFIX_PATH}:/opt/ros/humble /usr/bin/cmake --install /root/working/test_ws/yano_ws/build/flipper
