[0.011s] Invoking command in '/home/rodep/rodep/test_ws/yano_ws/build/operator': CMAKE_PREFIX_PATH=/home/rodep/rodep/test_ws/yano_ws/install/custom_interfaces:/home/rodep/rodep/test_ws/yano_ws/install/usb_camera:/home/rodep/rodep/test_ws/yano_ws/install/operator:/home/rodep/rodep/test_ws/yano_ws/install/flipper_driver:/home/rodep/rodep/test_ws/yano_ws/install/crawler_driver:/opt/ros/jazzy/opt/gz_math_vendor:/opt/ros/jazzy/opt/gz_utils_vendor:/opt/ros/jazzy/opt/gz_cmake_vendor:/opt/ros/jazzy DEBUGINFOD_URLS=https://debuginfod.ubuntu.com /usr/bin/cmake --build /home/rodep/rodep/test_ws/yano_ws/build/operator -- -j8 -l8
[0.058s] [ 50%] [32mBuilding CXX object CMakeFiles/operator_node.dir/src/operator.cpp.o[0m
[8.203s] [100%] [32m[1mLinking CXX executable operator_node[0m
[8.515s] [100%] Built target operator_node
[8.524s] Invoked command in '/home/rodep/rodep/test_ws/yano_ws/build/operator' returned '0': CMAKE_PREFIX_PATH=/home/rodep/rodep/test_ws/yano_ws/install/custom_interfaces:/home/rodep/rodep/test_ws/yano_ws/install/usb_camera:/home/rodep/rodep/test_ws/yano_ws/install/operator:/home/rodep/rodep/test_ws/yano_ws/install/flipper_driver:/home/rodep/rodep/test_ws/yano_ws/install/crawler_driver:/opt/ros/jazzy/opt/gz_math_vendor:/opt/ros/jazzy/opt/gz_utils_vendor:/opt/ros/jazzy/opt/gz_cmake_vendor:/opt/ros/jazzy DEBUGINFOD_URLS=https://debuginfod.ubuntu.com /usr/bin/cmake --build /home/rodep/rodep/test_ws/yano_ws/build/operator -- -j8 -l8
[8.526s] Invoking command in '/home/rodep/rodep/test_ws/yano_ws/build/operator': CMAKE_PREFIX_PATH=/home/rodep/rodep/test_ws/yano_ws/install/custom_interfaces:/home/rodep/rodep/test_ws/yano_ws/install/usb_camera:/home/rodep/rodep/test_ws/yano_ws/install/operator:/home/rodep/rodep/test_ws/yano_ws/install/flipper_driver:/home/rodep/rodep/test_ws/yano_ws/install/crawler_driver:/opt/ros/jazzy/opt/gz_math_vendor:/opt/ros/jazzy/opt/gz_utils_vendor:/opt/ros/jazzy/opt/gz_cmake_vendor:/opt/ros/jazzy DEBUGINFOD_URLS=https://debuginfod.ubuntu.com /usr/bin/cmake --install /home/rodep/rodep/test_ws/yano_ws/build/operator
[8.531s] -- Install configuration: ""
[8.532s] -- Installing: /home/rodep/rodep/test_ws/yano_ws/install/operator/lib/operator/operator_node
[8.535s] -- Set non-toolchain portion of runtime path of "/home/rodep/rodep/test_ws/yano_ws/install/operator/lib/operator/operator_node" to ""
[8.535s] -- Up-to-date: /home/rodep/rodep/test_ws/yano_ws/install/operator/share/ament_index/resource_index/package_run_dependencies/operator
[8.535s] -- Up-to-date: /home/rodep/rodep/test_ws/yano_ws/install/operator/share/ament_index/resource_index/parent_prefix_path/operator
[8.536s] -- Up-to-date: /home/rodep/rodep/test_ws/yano_ws/install/operator/share/operator/environment/ament_prefix_path.sh
[8.536s] -- Up-to-date: /home/rodep/rodep/test_ws/yano_ws/install/operator/share/operator/environment/ament_prefix_path.dsv
[8.536s] -- Up-to-date: /home/rodep/rodep/test_ws/yano_ws/install/operator/share/operator/environment/path.sh
[8.536s] -- Up-to-date: /home/rodep/rodep/test_ws/yano_ws/install/operator/share/operator/environment/path.dsv
[8.536s] -- Up-to-date: /home/rodep/rodep/test_ws/yano_ws/install/operator/share/operator/local_setup.bash
[8.536s] -- Up-to-date: /home/rodep/rodep/test_ws/yano_ws/install/operator/share/operator/local_setup.sh
[8.536s] -- Up-to-date: /home/rodep/rodep/test_ws/yano_ws/install/operator/share/operator/local_setup.zsh
[8.536s] -- Up-to-date: /home/rodep/rodep/test_ws/yano_ws/install/operator/share/operator/local_setup.dsv
[8.536s] -- Installing: /home/rodep/rodep/test_ws/yano_ws/install/operator/share/operator/package.dsv
[8.536s] -- Up-to-date: /home/rodep/rodep/test_ws/yano_ws/install/operator/share/ament_index/resource_index/packages/operator
[8.536s] -- Up-to-date: /home/rodep/rodep/test_ws/yano_ws/install/operator/share/operator/cmake/operatorConfig.cmake
[8.536s] -- Up-to-date: /home/rodep/rodep/test_ws/yano_ws/install/operator/share/operator/cmake/operatorConfig-version.cmake
[8.536s] -- Up-to-date: /home/rodep/rodep/test_ws/yano_ws/install/operator/share/operator/package.xml
[8.538s] Invoked command in '/home/rodep/rodep/test_ws/yano_ws/build/operator' returned '0': CMAKE_PREFIX_PATH=/home/rodep/rodep/test_ws/yano_ws/install/custom_interfaces:/home/rodep/rodep/test_ws/yano_ws/install/usb_camera:/home/rodep/rodep/test_ws/yano_ws/install/operator:/home/rodep/rodep/test_ws/yano_ws/install/flipper_driver:/home/rodep/rodep/test_ws/yano_ws/install/crawler_driver:/opt/ros/jazzy/opt/gz_math_vendor:/opt/ros/jazzy/opt/gz_utils_vendor:/opt/ros/jazzy/opt/gz_cmake_vendor:/opt/ros/jazzy DEBUGINFOD_URLS=https://debuginfod.ubuntu.com /usr/bin/cmake --install /home/rodep/rodep/test_ws/yano_ws/build/operator
