[0.035s] Invoking command in '/root/working/test_ws/yano_ws/build/driver': CMAKE_PREFIX_PATH=/root/working/test_ws/yano_ws/install/custom_interfaces:/root/working/test_ws/yano_ws/install/usb_camera:/root/working/test_ws/yano_ws/install/operator:/root/working/test_ws/yano_ws/install/dynamixel_workbench:/root/working/test_ws/yano_ws/install/dynamixel_workbench_toolbox:/root/working/test_ws/yano_ws/install/dynamixel_workbench_msgs:/root/working/test_ws/yano_ws/install/dynamixel_sdk_examples:/root/working/test_ws/yano_ws/install/dynamixel_sdk_custom_interfaces:/root/working/test_ws/yano_ws/install/dynamixel_sdk:/root/working/test_ws/yano_ws/install/driver:/root/working/test_ws/yano_ws/install:/opt/ros/humble LD_LIBRARY_PATH=/root/working/test_ws/yano_ws/install/custom_interfaces/lib:/root/working/test_ws/yano_ws/install/dynamixel_workbench_toolbox/lib:/root/working/test_ws/yano_ws/install/dynamixel_workbench_msgs/lib:/root/working/test_ws/yano_ws/install/dynamixel_sdk_custom_interfaces/lib:/root/working/test_ws/yano_ws/install/dynamixel_sdk/lib:/opt/ros/humble/opt/rviz_ogre_vendor/lib:/opt/ros/humble/lib/x86_64-linux-gnu:/opt/ros/humble/lib /usr/bin/cmake /root/working/test_ws/yano_ws/src/driver -DCMAKE_INSTALL_PREFIX=/root/working/test_ws/yano_ws/install/driver
[0.250s] -- The C compiler identification is GNU 11.4.0
[0.408s] -- The CXX compiler identification is GNU 11.4.0
[0.424s] -- Detecting C compiler ABI info
[0.575s] -- Detecting C compiler ABI info - done
[0.593s] -- Check for working C compiler: /usr/bin/cc - skipped
[0.593s] -- Detecting C compile features
[0.594s] -- Detecting C compile features - done
[0.600s] -- Detecting CXX compiler ABI info
[0.784s] -- Detecting CXX compiler ABI info - done
[0.804s] -- Check for working CXX compiler: /usr/bin/c++ - skipped
[0.804s] -- Detecting CXX compile features
[0.805s] -- Detecting CXX compile features - done
[0.815s] -- Found ament_cmake: 1.3.11 (/opt/ros/humble/share/ament_cmake/cmake)
[1.177s] -- Found Python3: /usr/bin/python3 (found version "3.10.12") found components: Interpreter 
[1.493s] -- Found rclcpp: 16.0.11 (/opt/ros/humble/share/rclcpp/cmake)
[1.632s] -- Found rosidl_generator_c: 3.1.6 (/opt/ros/humble/share/rosidl_generator_c/cmake)
[1.657s] -- Found rosidl_adapter: 3.1.6 (/opt/ros/humble/share/rosidl_adapter/cmake)
[1.687s] -- Found rosidl_generator_cpp: 3.1.6 (/opt/ros/humble/share/rosidl_generator_cpp/cmake)
[1.724s] -- Using all available rosidl_typesupport_c: rosidl_typesupport_fastrtps_c;rosidl_typesupport_introspection_c
[1.819s] -- Using all available rosidl_typesupport_cpp: rosidl_typesupport_fastrtps_cpp;rosidl_typesupport_introspection_cpp
[2.021s] -- Found rmw_implementation_cmake: 6.1.2 (/opt/ros/humble/share/rmw_implementation_cmake/cmake)
[2.044s] -- Found rmw_fastrtps_cpp: 6.2.7 (/opt/ros/humble/share/rmw_fastrtps_cpp/cmake)
[2.386s] -- Found OpenSSL: /usr/lib/x86_64-linux-gnu/libcrypto.so (found version "3.0.2")  
[2.501s] -- Found FastRTPS: /opt/ros/humble/include  
[2.668s] -- Using RMW implementation 'rmw_fastrtps_cpp' as default
[2.730s] -- Looking for pthread.h
[2.928s] -- Looking for pthread.h - found
[2.930s] -- Performing Test CMAKE_HAVE_LIBC_PTHREAD
[3.184s] -- Performing Test CMAKE_HAVE_LIBC_PTHREAD - Success
[3.186s] -- Found Threads: TRUE  
[3.450s] -- Found geometry_msgs: 4.2.4 (/opt/ros/humble/share/geometry_msgs/cmake)
[3.484s] -- Found custom_interfaces: 0.0.0 (/root/working/test_ws/yano_ws/install/custom_interfaces/share/custom_interfaces/cmake)
[3.516s] -- Found ament_lint_auto: 0.12.11 (/opt/ros/humble/share/ament_lint_auto/cmake)
[3.764s] -- Added test 'cppcheck' to perform static code analysis on C / C++ code
[3.764s] -- Configured cppcheck include dirs: 
[3.764s] -- Configured cppcheck exclude dirs and/or files: 
[3.764s] -- Added test 'lint_cmake' to check CMake code style
[3.764s] -- Added test 'uncrustify' to check C / C++ code style
[3.764s] -- Configured uncrustify additional arguments: 
[3.768s] -- Added test 'xmllint' to check XML markup files
[3.773s] -- Configuring done
[3.795s] -- Generating done
[3.803s] -- Build files have been written to: /root/working/test_ws/yano_ws/build/driver
[3.818s] Invoked command in '/root/working/test_ws/yano_ws/build/driver' returned '0': CMAKE_PREFIX_PATH=/root/working/test_ws/yano_ws/install/custom_interfaces:/root/working/test_ws/yano_ws/install/usb_camera:/root/working/test_ws/yano_ws/install/operator:/root/working/test_ws/yano_ws/install/dynamixel_workbench:/root/working/test_ws/yano_ws/install/dynamixel_workbench_toolbox:/root/working/test_ws/yano_ws/install/dynamixel_workbench_msgs:/root/working/test_ws/yano_ws/install/dynamixel_sdk_examples:/root/working/test_ws/yano_ws/install/dynamixel_sdk_custom_interfaces:/root/working/test_ws/yano_ws/install/dynamixel_sdk:/root/working/test_ws/yano_ws/install/driver:/root/working/test_ws/yano_ws/install:/opt/ros/humble LD_LIBRARY_PATH=/root/working/test_ws/yano_ws/install/custom_interfaces/lib:/root/working/test_ws/yano_ws/install/dynamixel_workbench_toolbox/lib:/root/working/test_ws/yano_ws/install/dynamixel_workbench_msgs/lib:/root/working/test_ws/yano_ws/install/dynamixel_sdk_custom_interfaces/lib:/root/working/test_ws/yano_ws/install/dynamixel_sdk/lib:/opt/ros/humble/opt/rviz_ogre_vendor/lib:/opt/ros/humble/lib/x86_64-linux-gnu:/opt/ros/humble/lib /usr/bin/cmake /root/working/test_ws/yano_ws/src/driver -DCMAKE_INSTALL_PREFIX=/root/working/test_ws/yano_ws/install/driver
[3.828s] Invoking command in '/root/working/test_ws/yano_ws/build/driver': CMAKE_PREFIX_PATH=/root/working/test_ws/yano_ws/install/custom_interfaces:/root/working/test_ws/yano_ws/install/usb_camera:/root/working/test_ws/yano_ws/install/operator:/root/working/test_ws/yano_ws/install/dynamixel_workbench:/root/working/test_ws/yano_ws/install/dynamixel_workbench_toolbox:/root/working/test_ws/yano_ws/install/dynamixel_workbench_msgs:/root/working/test_ws/yano_ws/install/dynamixel_sdk_examples:/root/working/test_ws/yano_ws/install/dynamixel_sdk_custom_interfaces:/root/working/test_ws/yano_ws/install/dynamixel_sdk:/root/working/test_ws/yano_ws/install/driver:/root/working/test_ws/yano_ws/install:/opt/ros/humble LD_LIBRARY_PATH=/root/working/test_ws/yano_ws/install/custom_interfaces/lib:/root/working/test_ws/yano_ws/install/dynamixel_workbench_toolbox/lib:/root/working/test_ws/yano_ws/install/dynamixel_workbench_msgs/lib:/root/working/test_ws/yano_ws/install/dynamixel_sdk_custom_interfaces/lib:/root/working/test_ws/yano_ws/install/dynamixel_sdk/lib:/opt/ros/humble/opt/rviz_ogre_vendor/lib:/opt/ros/humble/lib/x86_64-linux-gnu:/opt/ros/humble/lib /usr/bin/cmake --build /root/working/test_ws/yano_ws/build/driver -- -j4 -l4
[4.047s] [ 50%] [32mBuilding CXX object CMakeFiles/driver_node.dir/src/driver.cpp.o[0m
[30.742s] [100%] [32m[1mLinking CXX executable driver_node[0m
[32.243s] [100%] Built target driver_node
