[0.022s] Invoking command in '/root/working/rodep_ros2/yano_ws/build/driver': CMAKE_PREFIX_PATH=${CMAKE_PREFIX_PATH}:/opt/ros/humble /usr/bin/cmake --build /root/working/rodep_ros2/yano_ws/build/driver -- -j4 -l4
[0.191s] [100%] Built target driver_node
[0.225s] Invoked command in '/root/working/rodep_ros2/yano_ws/build/driver' returned '0': CMAKE_PREFIX_PATH=${CMAKE_PREFIX_PATH}:/opt/ros/humble /usr/bin/cmake --build /root/working/rodep_ros2/yano_ws/build/driver -- -j4 -l4
[0.248s] Invoking command in '/root/working/rodep_ros2/yano_ws/build/driver': CMAKE_PREFIX_PATH=${CMAKE_PREFIX_PATH}:/opt/ros/humble /usr/bin/cmake --install /root/working/rodep_ros2/yano_ws/build/driver
[0.259s] -- Install configuration: ""
[0.261s] -- Up-to-date: /root/working/rodep_ros2/yano_ws/install/driver/lib/driver/driver_node
[0.261s] -- Up-to-date: /root/working/rodep_ros2/yano_ws/install/driver/share/ament_index/resource_index/package_run_dependencies/driver
[0.261s] -- Up-to-date: /root/working/rodep_ros2/yano_ws/install/driver/share/ament_index/resource_index/parent_prefix_path/driver
[0.261s] -- Up-to-date: /root/working/rodep_ros2/yano_ws/install/driver/share/driver/environment/ament_prefix_path.sh
[0.262s] -- Up-to-date: /root/working/rodep_ros2/yano_ws/install/driver/share/driver/environment/ament_prefix_path.dsv
[0.262s] -- Up-to-date: /root/working/rodep_ros2/yano_ws/install/driver/share/driver/environment/path.sh
[0.262s] -- Up-to-date: /root/working/rodep_ros2/yano_ws/install/driver/share/driver/environment/path.dsv
[0.262s] -- Up-to-date: /root/working/rodep_ros2/yano_ws/install/driver/share/driver/local_setup.bash
[0.262s] -- Up-to-date: /root/working/rodep_ros2/yano_ws/install/driver/share/driver/local_setup.sh
[0.262s] -- Up-to-date: /root/working/rodep_ros2/yano_ws/install/driver/share/driver/local_setup.zsh
[0.262s] -- Up-to-date: /root/working/rodep_ros2/yano_ws/install/driver/share/driver/local_setup.dsv
[0.263s] -- Installing: /root/working/rodep_ros2/yano_ws/install/driver/share/driver/package.dsv
[0.263s] -- Up-to-date: /root/working/rodep_ros2/yano_ws/install/driver/share/ament_index/resource_index/packages/driver
[0.263s] -- Up-to-date: /root/working/rodep_ros2/yano_ws/install/driver/share/driver/cmake/driverConfig.cmake
[0.263s] -- Up-to-date: /root/working/rodep_ros2/yano_ws/install/driver/share/driver/cmake/driverConfig-version.cmake
[0.263s] -- Up-to-date: /root/working/rodep_ros2/yano_ws/install/driver/share/driver/package.xml
[0.268s] Invoked command in '/root/working/rodep_ros2/yano_ws/build/driver' returned '0': CMAKE_PREFIX_PATH=${CMAKE_PREFIX_PATH}:/opt/ros/humble /usr/bin/cmake --install /root/working/rodep_ros2/yano_ws/build/driver
