[0.017s] Invoking command in '/home/rodep/rodep/test_ws/yano_ws/build/custom_interfaces': CMAKE_PREFIX_PATH=${CMAKE_PREFIX_PATH}:/opt/ros/jazzy DEBUGINFOD_URLS=https://debuginfod.ubuntu.com /usr/bin/cmake --build /home/rodep/rodep/test_ws/yano_ws/build/custom_interfaces -- -j8 -l8
[0.083s] [  2%] Built target custom_interfaces__rosidl_generator_type_description
[0.092s] [  2%] Built target ament_cmake_python_copy_custom_interfaces
[0.100s] [  4%] Built target custom_interfaces__cpp
[0.105s] [ 22%] Built target custom_interfaces__rosidl_generator_c
[0.134s] [ 34%] Built target custom_interfaces__rosidl_typesupport_introspection_c
[0.134s] [ 43%] Built target custom_interfaces__rosidl_typesupport_c
[0.135s] [ 50%] Built target custom_interfaces__rosidl_typesupport_introspection_cpp
[0.135s] [ 68%] Built target custom_interfaces__rosidl_typesupport_fastrtps_c
[0.135s] [ 68%] Built target custom_interfaces__rosidl_typesupport_cpp
[0.146s] [ 77%] Built target custom_interfaces__rosidl_typesupport_fastrtps_cpp
[0.163s] [ 77%] Built target custom_interfaces
[0.179s] [ 79%] Built target custom_interfaces__py
[0.201s] [ 86%] Built target custom_interfaces__rosidl_generator_py
[0.220s] [100%] Built target custom_interfaces_s__rosidl_typesupport_introspection_c
[0.220s] [100%] Built target custom_interfaces_s__rosidl_typesupport_fastrtps_c
[0.220s] [100%] Built target custom_interfaces_s__rosidl_typesupport_c
[0.309s] running egg_info
[0.327s] writing custom_interfaces.egg-info/PKG-INFO
[0.328s] writing dependency_links to custom_interfaces.egg-info/dependency_links.txt
[0.328s] writing top-level names to custom_interfaces.egg-info/top_level.txt
[0.383s] reading manifest file 'custom_interfaces.egg-info/SOURCES.txt'
[0.383s] writing manifest file 'custom_interfaces.egg-info/SOURCES.txt'
[0.406s] [100%] Built target ament_cmake_python_build_custom_interfaces_egg
[0.415s] Invoked command in '/home/rodep/rodep/test_ws/yano_ws/build/custom_interfaces' returned '0': CMAKE_PREFIX_PATH=${CMAKE_PREFIX_PATH}:/opt/ros/jazzy DEBUGINFOD_URLS=https://debuginfod.ubuntu.com /usr/bin/cmake --build /home/rodep/rodep/test_ws/yano_ws/build/custom_interfaces -- -j8 -l8
[0.417s] Invoking command in '/home/rodep/rodep/test_ws/yano_ws/build/custom_interfaces': CMAKE_PREFIX_PATH=${CMAKE_PREFIX_PATH}:/opt/ros/jazzy DEBUGINFOD_URLS=https://debuginfod.ubuntu.com /usr/bin/cmake --install /home/rodep/rodep/test_ws/yano_ws/build/custom_interfaces
[0.424s] -- Install configuration: ""
[0.424s] -- Up-to-date: /home/rodep/rodep/test_ws/yano_ws/install/custom_interfaces/share/ament_index/resource_index/rosidl_interfaces/custom_interfaces
[0.424s] -- Up-to-date: /home/rodep/rodep/test_ws/yano_ws/install/custom_interfaces/share/custom_interfaces/msg/DriverVelocity.json
[0.424s] -- Up-to-date: /home/rodep/rodep/test_ws/yano_ws/install/custom_interfaces/share/custom_interfaces/srv/SetMode.json
[0.425s] -- Up-to-date: /home/rodep/rodep/test_ws/yano_ws/install/custom_interfaces/include/custom_interfaces/custom_interfaces
[0.425s] -- Up-to-date: /home/rodep/rodep/test_ws/yano_ws/install/custom_interfaces/include/custom_interfaces/custom_interfaces/msg
[0.425s] -- Up-to-date: /home/rodep/rodep/test_ws/yano_ws/install/custom_interfaces/include/custom_interfaces/custom_interfaces/msg/rosidl_generator_c__visibility_control.h
[0.425s] -- Up-to-date: /home/rodep/rodep/test_ws/yano_ws/install/custom_interfaces/include/custom_interfaces/custom_interfaces/msg/driver_velocity.h
[0.425s] -- Up-to-date: /home/rodep/rodep/test_ws/yano_ws/install/custom_interfaces/include/custom_interfaces/custom_interfaces/msg/detail
[0.426s] -- Up-to-date: /home/rodep/rodep/test_ws/yano_ws/install/custom_interfaces/include/custom_interfaces/custom_interfaces/msg/detail/driver_velocity__description.c
[0.426s] -- Up-to-date: /home/rodep/rodep/test_ws/yano_ws/install/custom_interfaces/include/custom_interfaces/custom_interfaces/msg/detail/driver_velocity__type_support.c
[0.426s] -- Up-to-date: /home/rodep/rodep/test_ws/yano_ws/install/custom_interfaces/include/custom_interfaces/custom_interfaces/msg/detail/driver_velocity__struct.h
[0.426s] -- Up-to-date: /home/rodep/rodep/test_ws/yano_ws/install/custom_interfaces/include/custom_interfaces/custom_interfaces/msg/detail/driver_velocity__functions.c
[0.426s] -- Up-to-date: /home/rodep/rodep/test_ws/yano_ws/install/custom_interfaces/include/custom_interfaces/custom_interfaces/msg/detail/driver_velocity__type_support.h
[0.426s] -- Up-to-date: /home/rodep/rodep/test_ws/yano_ws/install/custom_interfaces/include/custom_interfaces/custom_interfaces/msg/detail/driver_velocity__functions.h
[0.426s] -- Up-to-date: /home/rodep/rodep/test_ws/yano_ws/install/custom_interfaces/include/custom_interfaces/custom_interfaces/srv
[0.426s] -- Up-to-date: /home/rodep/rodep/test_ws/yano_ws/install/custom_interfaces/include/custom_interfaces/custom_interfaces/srv/detail
[0.426s] -- Up-to-date: /home/rodep/rodep/test_ws/yano_ws/install/custom_interfaces/include/custom_interfaces/custom_interfaces/srv/detail/set_mode__description.c
[0.426s] -- Up-to-date: /home/rodep/rodep/test_ws/yano_ws/install/custom_interfaces/include/custom_interfaces/custom_interfaces/srv/detail/set_mode__functions.c
[0.426s] -- Up-to-date: /home/rodep/rodep/test_ws/yano_ws/install/custom_interfaces/include/custom_interfaces/custom_interfaces/srv/detail/set_mode__struct.h
[0.427s] -- Up-to-date: /home/rodep/rodep/test_ws/yano_ws/install/custom_interfaces/include/custom_interfaces/custom_interfaces/srv/detail/set_mode__type_support.h
[0.427s] -- Up-to-date: /home/rodep/rodep/test_ws/yano_ws/install/custom_interfaces/include/custom_interfaces/custom_interfaces/srv/detail/set_mode__functions.h
[0.427s] -- Up-to-date: /home/rodep/rodep/test_ws/yano_ws/install/custom_interfaces/include/custom_interfaces/custom_interfaces/srv/detail/set_mode__type_support.c
[0.427s] -- Up-to-date: /home/rodep/rodep/test_ws/yano_ws/install/custom_interfaces/include/custom_interfaces/custom_interfaces/srv/set_mode.h
[0.427s] -- Up-to-date: /home/rodep/rodep/test_ws/yano_ws/install/custom_interfaces/share/custom_interfaces/environment/library_path.sh
[0.427s] -- Up-to-date: /home/rodep/rodep/test_ws/yano_ws/install/custom_interfaces/share/custom_interfaces/environment/library_path.dsv
[0.427s] -- Up-to-date: /home/rodep/rodep/test_ws/yano_ws/install/custom_interfaces/lib/libcustom_interfaces__rosidl_generator_c.so
[0.427s] -- Up-to-date: /home/rodep/rodep/test_ws/yano_ws/install/custom_interfaces/include/custom_interfaces/custom_interfaces
[0.427s] -- Up-to-date: /home/rodep/rodep/test_ws/yano_ws/install/custom_interfaces/include/custom_interfaces/custom_interfaces/msg
[0.427s] -- Up-to-date: /home/rodep/rodep/test_ws/yano_ws/install/custom_interfaces/include/custom_interfaces/custom_interfaces/msg/detail
[0.427s] -- Up-to-date: /home/rodep/rodep/test_ws/yano_ws/install/custom_interfaces/include/custom_interfaces/custom_interfaces/msg/detail/driver_velocity__rosidl_typesupport_fastrtps_c.h
[0.427s] -- Up-to-date: /home/rodep/rodep/test_ws/yano_ws/install/custom_interfaces/include/custom_interfaces/custom_interfaces/msg/rosidl_typesupport_fastrtps_c__visibility_control.h
[0.427s] -- Up-to-date: /home/rodep/rodep/test_ws/yano_ws/install/custom_interfaces/include/custom_interfaces/custom_interfaces/srv
[0.428s] -- Up-to-date: /home/rodep/rodep/test_ws/yano_ws/install/custom_interfaces/include/custom_interfaces/custom_interfaces/srv/detail
[0.428s] -- Up-to-date: /home/rodep/rodep/test_ws/yano_ws/install/custom_interfaces/include/custom_interfaces/custom_interfaces/srv/detail/set_mode__rosidl_typesupport_fastrtps_c.h
[0.428s] -- Up-to-date: /home/rodep/rodep/test_ws/yano_ws/install/custom_interfaces/lib/libcustom_interfaces__rosidl_typesupport_fastrtps_c.so
[0.428s] -- Up-to-date: /home/rodep/rodep/test_ws/yano_ws/install/custom_interfaces/include/custom_interfaces/custom_interfaces
[0.428s] -- Up-to-date: /home/rodep/rodep/test_ws/yano_ws/install/custom_interfaces/include/custom_interfaces/custom_interfaces/msg
[0.428s] -- Up-to-date: /home/rodep/rodep/test_ws/yano_ws/install/custom_interfaces/include/custom_interfaces/custom_interfaces/msg/rosidl_typesupport_introspection_c__visibility_control.h
[0.428s] -- Up-to-date: /home/rodep/rodep/test_ws/yano_ws/install/custom_interfaces/include/custom_interfaces/custom_interfaces/msg/detail
[0.428s] -- Up-to-date: /home/rodep/rodep/test_ws/yano_ws/install/custom_interfaces/include/custom_interfaces/custom_interfaces/msg/detail/driver_velocity__rosidl_typesupport_introspection_c.h
[0.428s] -- Up-to-date: /home/rodep/rodep/test_ws/yano_ws/install/custom_interfaces/include/custom_interfaces/custom_interfaces/msg/detail/driver_velocity__type_support.c
[0.428s] -- Up-to-date: /home/rodep/rodep/test_ws/yano_ws/install/custom_interfaces/include/custom_interfaces/custom_interfaces/srv
[0.428s] -- Up-to-date: /home/rodep/rodep/test_ws/yano_ws/install/custom_interfaces/include/custom_interfaces/custom_interfaces/srv/detail
[0.428s] -- Up-to-date: /home/rodep/rodep/test_ws/yano_ws/install/custom_interfaces/include/custom_interfaces/custom_interfaces/srv/detail/set_mode__type_support.c
[0.429s] -- Up-to-date: /home/rodep/rodep/test_ws/yano_ws/install/custom_interfaces/include/custom_interfaces/custom_interfaces/srv/detail/set_mode__rosidl_typesupport_introspection_c.h
[0.429s] -- Up-to-date: /home/rodep/rodep/test_ws/yano_ws/install/custom_interfaces/lib/libcustom_interfaces__rosidl_typesupport_introspection_c.so
[0.429s] -- Up-to-date: /home/rodep/rodep/test_ws/yano_ws/install/custom_interfaces/lib/libcustom_interfaces__rosidl_typesupport_c.so
[0.429s] -- Up-to-date: /home/rodep/rodep/test_ws/yano_ws/install/custom_interfaces/include/custom_interfaces/custom_interfaces
[0.429s] -- Up-to-date: /home/rodep/rodep/test_ws/yano_ws/install/custom_interfaces/include/custom_interfaces/custom_interfaces/msg
[0.429s] -- Up-to-date: /home/rodep/rodep/test_ws/yano_ws/install/custom_interfaces/include/custom_interfaces/custom_interfaces/msg/driver_velocity.hpp
[0.429s] -- Up-to-date: /home/rodep/rodep/test_ws/yano_ws/install/custom_interfaces/include/custom_interfaces/custom_interfaces/msg/detail
[0.429s] -- Up-to-date: /home/rodep/rodep/test_ws/yano_ws/install/custom_interfaces/include/custom_interfaces/custom_interfaces/msg/detail/driver_velocity__struct.hpp
[0.429s] -- Up-to-date: /home/rodep/rodep/test_ws/yano_ws/install/custom_interfaces/include/custom_interfaces/custom_interfaces/msg/detail/driver_velocity__builder.hpp
[0.429s] -- Up-to-date: /home/rodep/rodep/test_ws/yano_ws/install/custom_interfaces/include/custom_interfaces/custom_interfaces/msg/detail/driver_velocity__traits.hpp
[0.429s] -- Up-to-date: /home/rodep/rodep/test_ws/yano_ws/install/custom_interfaces/include/custom_interfaces/custom_interfaces/msg/detail/driver_velocity__type_support.hpp
[0.429s] -- Up-to-date: /home/rodep/rodep/test_ws/yano_ws/install/custom_interfaces/include/custom_interfaces/custom_interfaces/msg/rosidl_generator_cpp__visibility_control.hpp
[0.430s] -- Up-to-date: /home/rodep/rodep/test_ws/yano_ws/install/custom_interfaces/include/custom_interfaces/custom_interfaces/srv
[0.430s] -- Up-to-date: /home/rodep/rodep/test_ws/yano_ws/install/custom_interfaces/include/custom_interfaces/custom_interfaces/srv/detail
[0.430s] -- Up-to-date: /home/rodep/rodep/test_ws/yano_ws/install/custom_interfaces/include/custom_interfaces/custom_interfaces/srv/detail/set_mode__type_support.hpp
[0.430s] -- Up-to-date: /home/rodep/rodep/test_ws/yano_ws/install/custom_interfaces/include/custom_interfaces/custom_interfaces/srv/detail/set_mode__traits.hpp
[0.430s] -- Up-to-date: /home/rodep/rodep/test_ws/yano_ws/install/custom_interfaces/include/custom_interfaces/custom_interfaces/srv/detail/set_mode__builder.hpp
[0.430s] -- Up-to-date: /home/rodep/rodep/test_ws/yano_ws/install/custom_interfaces/include/custom_interfaces/custom_interfaces/srv/detail/set_mode__struct.hpp
[0.430s] -- Up-to-date: /home/rodep/rodep/test_ws/yano_ws/install/custom_interfaces/include/custom_interfaces/custom_interfaces/srv/set_mode.hpp
[0.430s] -- Up-to-date: /home/rodep/rodep/test_ws/yano_ws/install/custom_interfaces/include/custom_interfaces/custom_interfaces
[0.430s] -- Up-to-date: /home/rodep/rodep/test_ws/yano_ws/install/custom_interfaces/include/custom_interfaces/custom_interfaces/msg
[0.430s] -- Up-to-date: /home/rodep/rodep/test_ws/yano_ws/install/custom_interfaces/include/custom_interfaces/custom_interfaces/msg/detail
[0.431s] -- Up-to-date: /home/rodep/rodep/test_ws/yano_ws/install/custom_interfaces/include/custom_interfaces/custom_interfaces/msg/detail/driver_velocity__rosidl_typesupport_fastrtps_cpp.hpp
[0.431s] -- Up-to-date: /home/rodep/rodep/test_ws/yano_ws/install/custom_interfaces/include/custom_interfaces/custom_interfaces/msg/detail/dds_fastrtps
[0.431s] -- Up-to-date: /home/rodep/rodep/test_ws/yano_ws/install/custom_interfaces/include/custom_interfaces/custom_interfaces/msg/rosidl_typesupport_fastrtps_cpp__visibility_control.h
[0.431s] -- Up-to-date: /home/rodep/rodep/test_ws/yano_ws/install/custom_interfaces/include/custom_interfaces/custom_interfaces/srv
[0.431s] -- Up-to-date: /home/rodep/rodep/test_ws/yano_ws/install/custom_interfaces/include/custom_interfaces/custom_interfaces/srv/detail
[0.431s] -- Up-to-date: /home/rodep/rodep/test_ws/yano_ws/install/custom_interfaces/include/custom_interfaces/custom_interfaces/srv/detail/set_mode__rosidl_typesupport_fastrtps_cpp.hpp
[0.431s] -- Up-to-date: /home/rodep/rodep/test_ws/yano_ws/install/custom_interfaces/include/custom_interfaces/custom_interfaces/srv/detail/dds_fastrtps
[0.431s] -- Up-to-date: /home/rodep/rodep/test_ws/yano_ws/install/custom_interfaces/lib/libcustom_interfaces__rosidl_typesupport_fastrtps_cpp.so
[0.431s] -- Up-to-date: /home/rodep/rodep/test_ws/yano_ws/install/custom_interfaces/include/custom_interfaces/custom_interfaces
[0.431s] -- Up-to-date: /home/rodep/rodep/test_ws/yano_ws/install/custom_interfaces/include/custom_interfaces/custom_interfaces/msg
[0.431s] -- Up-to-date: /home/rodep/rodep/test_ws/yano_ws/install/custom_interfaces/include/custom_interfaces/custom_interfaces/msg/detail
[0.432s] -- Up-to-date: /home/rodep/rodep/test_ws/yano_ws/install/custom_interfaces/include/custom_interfaces/custom_interfaces/msg/detail/driver_velocity__rosidl_typesupport_introspection_cpp.hpp
[0.432s] -- Up-to-date: /home/rodep/rodep/test_ws/yano_ws/install/custom_interfaces/include/custom_interfaces/custom_interfaces/msg/detail/driver_velocity__type_support.cpp
[0.432s] -- Up-to-date: /home/rodep/rodep/test_ws/yano_ws/install/custom_interfaces/include/custom_interfaces/custom_interfaces/srv
[0.432s] -- Up-to-date: /home/rodep/rodep/test_ws/yano_ws/install/custom_interfaces/include/custom_interfaces/custom_interfaces/srv/detail
[0.432s] -- Up-to-date: /home/rodep/rodep/test_ws/yano_ws/install/custom_interfaces/include/custom_interfaces/custom_interfaces/srv/detail/set_mode__type_support.cpp
[0.432s] -- Up-to-date: /home/rodep/rodep/test_ws/yano_ws/install/custom_interfaces/include/custom_interfaces/custom_interfaces/srv/detail/set_mode__rosidl_typesupport_introspection_cpp.hpp
[0.432s] -- Up-to-date: /home/rodep/rodep/test_ws/yano_ws/install/custom_interfaces/lib/libcustom_interfaces__rosidl_typesupport_introspection_cpp.so
[0.432s] -- Up-to-date: /home/rodep/rodep/test_ws/yano_ws/install/custom_interfaces/lib/libcustom_interfaces__rosidl_typesupport_cpp.so
[0.432s] -- Up-to-date: /home/rodep/rodep/test_ws/yano_ws/install/custom_interfaces/share/custom_interfaces/environment/pythonpath.sh
[0.432s] -- Up-to-date: /home/rodep/rodep/test_ws/yano_ws/install/custom_interfaces/share/custom_interfaces/environment/pythonpath.dsv
[0.432s] -- Up-to-date: /home/rodep/rodep/test_ws/yano_ws/install/custom_interfaces/lib/python3.12/site-packages/custom_interfaces-0.0.0-py3.12.egg-info
[0.432s] -- Installing: /home/rodep/rodep/test_ws/yano_ws/install/custom_interfaces/lib/python3.12/site-packages/custom_interfaces-0.0.0-py3.12.egg-info/SOURCES.txt
[0.432s] -- Installing: /home/rodep/rodep/test_ws/yano_ws/install/custom_interfaces/lib/python3.12/site-packages/custom_interfaces-0.0.0-py3.12.egg-info/PKG-INFO
[0.432s] -- Installing: /home/rodep/rodep/test_ws/yano_ws/install/custom_interfaces/lib/python3.12/site-packages/custom_interfaces-0.0.0-py3.12.egg-info/top_level.txt
[0.432s] -- Installing: /home/rodep/rodep/test_ws/yano_ws/install/custom_interfaces/lib/python3.12/site-packages/custom_interfaces-0.0.0-py3.12.egg-info/dependency_links.txt
[0.432s] -- Up-to-date: /home/rodep/rodep/test_ws/yano_ws/install/custom_interfaces/lib/python3.12/site-packages/custom_interfaces
[0.432s] -- Up-to-date: /home/rodep/rodep/test_ws/yano_ws/install/custom_interfaces/lib/python3.12/site-packages/custom_interfaces/custom_interfaces_s__rosidl_typesupport_c.so
[0.433s] -- Up-to-date: /home/rodep/rodep/test_ws/yano_ws/install/custom_interfaces/lib/python3.12/site-packages/custom_interfaces/_custom_interfaces_s.ep.rosidl_typesupport_c.c
[0.433s] -- Up-to-date: /home/rodep/rodep/test_ws/yano_ws/install/custom_interfaces/lib/python3.12/site-packages/custom_interfaces/msg
[0.433s] -- Up-to-date: /home/rodep/rodep/test_ws/yano_ws/install/custom_interfaces/lib/python3.12/site-packages/custom_interfaces/msg/_driver_velocity_s.c
[0.433s] -- Up-to-date: /home/rodep/rodep/test_ws/yano_ws/install/custom_interfaces/lib/python3.12/site-packages/custom_interfaces/msg/_driver_velocity.py
[0.433s] -- Up-to-date: /home/rodep/rodep/test_ws/yano_ws/install/custom_interfaces/lib/python3.12/site-packages/custom_interfaces/msg/__init__.py
[0.433s] -- Up-to-date: /home/rodep/rodep/test_ws/yano_ws/install/custom_interfaces/lib/python3.12/site-packages/custom_interfaces/srv
[0.433s] -- Up-to-date: /home/rodep/rodep/test_ws/yano_ws/install/custom_interfaces/lib/python3.12/site-packages/custom_interfaces/srv/_set_mode.py
[0.433s] -- Up-to-date: /home/rodep/rodep/test_ws/yano_ws/install/custom_interfaces/lib/python3.12/site-packages/custom_interfaces/srv/_set_mode_s.c
[0.433s] -- Up-to-date: /home/rodep/rodep/test_ws/yano_ws/install/custom_interfaces/lib/python3.12/site-packages/custom_interfaces/srv/__init__.py
[0.433s] -- Up-to-date: /home/rodep/rodep/test_ws/yano_ws/install/custom_interfaces/lib/python3.12/site-packages/custom_interfaces/_custom_interfaces_s.ep.rosidl_typesupport_introspection_c.c
[0.433s] -- Up-to-date: /home/rodep/rodep/test_ws/yano_ws/install/custom_interfaces/lib/python3.12/site-packages/custom_interfaces/_custom_interfaces_s.ep.rosidl_typesupport_fastrtps_c.c
[0.433s] -- Up-to-date: /home/rodep/rodep/test_ws/yano_ws/install/custom_interfaces/lib/python3.12/site-packages/custom_interfaces/custom_interfaces_s__rosidl_typesupport_fastrtps_c.so
[0.433s] -- Up-to-date: /home/rodep/rodep/test_ws/yano_ws/install/custom_interfaces/lib/python3.12/site-packages/custom_interfaces/__init__.py
[0.433s] -- Up-to-date: /home/rodep/rodep/test_ws/yano_ws/install/custom_interfaces/lib/python3.12/site-packages/custom_interfaces/custom_interfaces_s__rosidl_typesupport_introspection_c.so
[0.461s] Listing '/home/rodep/rodep/test_ws/yano_ws/install/custom_interfaces/lib/python3.12/site-packages/custom_interfaces'...
[0.461s] Listing '/home/rodep/rodep/test_ws/yano_ws/install/custom_interfaces/lib/python3.12/site-packages/custom_interfaces/msg'...
[0.461s] Listing '/home/rodep/rodep/test_ws/yano_ws/install/custom_interfaces/lib/python3.12/site-packages/custom_interfaces/srv'...
[0.466s] -- Up-to-date: /home/rodep/rodep/test_ws/yano_ws/install/custom_interfaces/lib/python3.12/site-packages/custom_interfaces/custom_interfaces_s__rosidl_typesupport_fastrtps_c.so
[0.467s] -- Up-to-date: /home/rodep/rodep/test_ws/yano_ws/install/custom_interfaces/lib/python3.12/site-packages/custom_interfaces/custom_interfaces_s__rosidl_typesupport_introspection_c.so
[0.467s] -- Up-to-date: /home/rodep/rodep/test_ws/yano_ws/install/custom_interfaces/lib/python3.12/site-packages/custom_interfaces/custom_interfaces_s__rosidl_typesupport_c.so
[0.468s] -- Up-to-date: /home/rodep/rodep/test_ws/yano_ws/install/custom_interfaces/lib/libcustom_interfaces__rosidl_generator_py.so
[0.468s] -- Up-to-date: /home/rodep/rodep/test_ws/yano_ws/install/custom_interfaces/share/custom_interfaces/msg/DriverVelocity.idl
[0.468s] -- Up-to-date: /home/rodep/rodep/test_ws/yano_ws/install/custom_interfaces/share/custom_interfaces/srv/SetMode.idl
[0.468s] -- Up-to-date: /home/rodep/rodep/test_ws/yano_ws/install/custom_interfaces/share/custom_interfaces/msg/DriverVelocity.msg
[0.468s] -- Up-to-date: /home/rodep/rodep/test_ws/yano_ws/install/custom_interfaces/share/custom_interfaces/srv/SetMode.srv
[0.468s] -- Up-to-date: /home/rodep/rodep/test_ws/yano_ws/install/custom_interfaces/share/custom_interfaces/msg
[0.468s] -- Up-to-date: /home/rodep/rodep/test_ws/yano_ws/install/custom_interfaces/share/custom_interfaces/msg/DriverVelocity.msg
[0.468s] -- Up-to-date: /home/rodep/rodep/test_ws/yano_ws/install/custom_interfaces/share/ament_index/resource_index/package_run_dependencies/custom_interfaces
[0.468s] -- Up-to-date: /home/rodep/rodep/test_ws/yano_ws/install/custom_interfaces/share/ament_index/resource_index/parent_prefix_path/custom_interfaces
[0.468s] -- Up-to-date: /home/rodep/rodep/test_ws/yano_ws/install/custom_interfaces/share/custom_interfaces/environment/ament_prefix_path.sh
[0.469s] -- Up-to-date: /home/rodep/rodep/test_ws/yano_ws/install/custom_interfaces/share/custom_interfaces/environment/ament_prefix_path.dsv
[0.469s] -- Up-to-date: /home/rodep/rodep/test_ws/yano_ws/install/custom_interfaces/share/custom_interfaces/environment/path.sh
[0.469s] -- Up-to-date: /home/rodep/rodep/test_ws/yano_ws/install/custom_interfaces/share/custom_interfaces/environment/path.dsv
[0.469s] -- Up-to-date: /home/rodep/rodep/test_ws/yano_ws/install/custom_interfaces/share/custom_interfaces/local_setup.bash
[0.469s] -- Up-to-date: /home/rodep/rodep/test_ws/yano_ws/install/custom_interfaces/share/custom_interfaces/local_setup.sh
[0.469s] -- Up-to-date: /home/rodep/rodep/test_ws/yano_ws/install/custom_interfaces/share/custom_interfaces/local_setup.zsh
[0.469s] -- Up-to-date: /home/rodep/rodep/test_ws/yano_ws/install/custom_interfaces/share/custom_interfaces/local_setup.dsv
[0.469s] -- Installing: /home/rodep/rodep/test_ws/yano_ws/install/custom_interfaces/share/custom_interfaces/package.dsv
[0.469s] -- Up-to-date: /home/rodep/rodep/test_ws/yano_ws/install/custom_interfaces/share/ament_index/resource_index/packages/custom_interfaces
[0.469s] -- Up-to-date: /home/rodep/rodep/test_ws/yano_ws/install/custom_interfaces/share/custom_interfaces/cmake/export_custom_interfaces__rosidl_generator_cExport.cmake
[0.469s] -- Up-to-date: /home/rodep/rodep/test_ws/yano_ws/install/custom_interfaces/share/custom_interfaces/cmake/export_custom_interfaces__rosidl_generator_cExport-noconfig.cmake
[0.470s] -- Up-to-date: /home/rodep/rodep/test_ws/yano_ws/install/custom_interfaces/share/custom_interfaces/cmake/export_custom_interfaces__rosidl_typesupport_fastrtps_cExport.cmake
[0.470s] -- Up-to-date: /home/rodep/rodep/test_ws/yano_ws/install/custom_interfaces/share/custom_interfaces/cmake/export_custom_interfaces__rosidl_typesupport_fastrtps_cExport-noconfig.cmake
[0.470s] -- Up-to-date: /home/rodep/rodep/test_ws/yano_ws/install/custom_interfaces/share/custom_interfaces/cmake/custom_interfaces__rosidl_typesupport_introspection_cExport.cmake
[0.470s] -- Up-to-date: /home/rodep/rodep/test_ws/yano_ws/install/custom_interfaces/share/custom_interfaces/cmake/custom_interfaces__rosidl_typesupport_introspection_cExport-noconfig.cmake
[0.470s] -- Up-to-date: /home/rodep/rodep/test_ws/yano_ws/install/custom_interfaces/share/custom_interfaces/cmake/custom_interfaces__rosidl_typesupport_cExport.cmake
[0.470s] -- Up-to-date: /home/rodep/rodep/test_ws/yano_ws/install/custom_interfaces/share/custom_interfaces/cmake/custom_interfaces__rosidl_typesupport_cExport-noconfig.cmake
[0.470s] -- Up-to-date: /home/rodep/rodep/test_ws/yano_ws/install/custom_interfaces/share/custom_interfaces/cmake/export_custom_interfaces__rosidl_generator_cppExport.cmake
[0.471s] -- Up-to-date: /home/rodep/rodep/test_ws/yano_ws/install/custom_interfaces/share/custom_interfaces/cmake/export_custom_interfaces__rosidl_typesupport_fastrtps_cppExport.cmake
[0.471s] -- Up-to-date: /home/rodep/rodep/test_ws/yano_ws/install/custom_interfaces/share/custom_interfaces/cmake/export_custom_interfaces__rosidl_typesupport_fastrtps_cppExport-noconfig.cmake
[0.471s] -- Up-to-date: /home/rodep/rodep/test_ws/yano_ws/install/custom_interfaces/share/custom_interfaces/cmake/custom_interfaces__rosidl_typesupport_introspection_cppExport.cmake
[0.471s] -- Up-to-date: /home/rodep/rodep/test_ws/yano_ws/install/custom_interfaces/share/custom_interfaces/cmake/custom_interfaces__rosidl_typesupport_introspection_cppExport-noconfig.cmake
[0.471s] -- Up-to-date: /home/rodep/rodep/test_ws/yano_ws/install/custom_interfaces/share/custom_interfaces/cmake/custom_interfaces__rosidl_typesupport_cppExport.cmake
[0.471s] -- Up-to-date: /home/rodep/rodep/test_ws/yano_ws/install/custom_interfaces/share/custom_interfaces/cmake/custom_interfaces__rosidl_typesupport_cppExport-noconfig.cmake
[0.471s] -- Up-to-date: /home/rodep/rodep/test_ws/yano_ws/install/custom_interfaces/share/custom_interfaces/cmake/export_custom_interfaces__rosidl_generator_pyExport.cmake
[0.471s] -- Up-to-date: /home/rodep/rodep/test_ws/yano_ws/install/custom_interfaces/share/custom_interfaces/cmake/export_custom_interfaces__rosidl_generator_pyExport-noconfig.cmake
[0.472s] -- Up-to-date: /home/rodep/rodep/test_ws/yano_ws/install/custom_interfaces/share/custom_interfaces/cmake/rosidl_cmake-extras.cmake
[0.472s] -- Up-to-date: /home/rodep/rodep/test_ws/yano_ws/install/custom_interfaces/share/custom_interfaces/cmake/ament_cmake_export_dependencies-extras.cmake
[0.472s] -- Up-to-date: /home/rodep/rodep/test_ws/yano_ws/install/custom_interfaces/share/custom_interfaces/cmake/ament_cmake_export_include_directories-extras.cmake
[0.472s] -- Up-to-date: /home/rodep/rodep/test_ws/yano_ws/install/custom_interfaces/share/custom_interfaces/cmake/ament_cmake_export_libraries-extras.cmake
[0.472s] -- Up-to-date: /home/rodep/rodep/test_ws/yano_ws/install/custom_interfaces/share/custom_interfaces/cmake/ament_cmake_export_targets-extras.cmake
[0.472s] -- Up-to-date: /home/rodep/rodep/test_ws/yano_ws/install/custom_interfaces/share/custom_interfaces/cmake/rosidl_cmake_export_typesupport_targets-extras.cmake
[0.472s] -- Up-to-date: /home/rodep/rodep/test_ws/yano_ws/install/custom_interfaces/share/custom_interfaces/cmake/rosidl_cmake_export_typesupport_libraries-extras.cmake
[0.472s] -- Up-to-date: /home/rodep/rodep/test_ws/yano_ws/install/custom_interfaces/share/custom_interfaces/cmake/custom_interfacesConfig.cmake
[0.472s] -- Up-to-date: /home/rodep/rodep/test_ws/yano_ws/install/custom_interfaces/share/custom_interfaces/cmake/custom_interfacesConfig-version.cmake
[0.472s] -- Up-to-date: /home/rodep/rodep/test_ws/yano_ws/install/custom_interfaces/share/custom_interfaces/package.xml
[0.474s] Invoked command in '/home/rodep/rodep/test_ws/yano_ws/build/custom_interfaces' returned '0': CMAKE_PREFIX_PATH=${CMAKE_PREFIX_PATH}:/opt/ros/jazzy DEBUGINFOD_URLS=https://debuginfod.ubuntu.com /usr/bin/cmake --install /home/rodep/rodep/test_ws/yano_ws/build/custom_interfaces
