[0.013s] Invoking command in '/home/rodep/rodep/test_ws/yano_ws/build/custom_interfaces': CMAKE_PREFIX_PATH=${CMAKE_PREFIX_PATH}:/opt/ros/jazzy DEBUGINFOD_URLS=https://debuginfod.ubuntu.com /usr/bin/cmake /home/rodep/rodep/test_ws/yano_ws/src/custom_interfaces -DCMAKE_INSTALL_PREFIX=/home/rodep/rodep/test_ws/yano_ws/install/custom_interfaces
[0.112s] -- The C compiler identification is GNU 13.3.0
[0.190s] -- The CXX compiler identification is GNU 13.3.0
[0.206s] -- Detecting C compiler ABI info
[0.279s] -- Detecting C compiler ABI info - done
[0.297s] -- Check for working C compiler: /usr/bin/cc - skipped
[0.297s] -- Detecting C compile features
[0.298s] -- Detecting C compile features - done
[0.306s] -- Detecting CXX compiler ABI info
[0.383s] -- Detecting CXX compiler ABI info - done
[0.392s] -- Check for working CXX compiler: /usr/bin/c++ - skipped
[0.392s] -- Detecting CXX compile features
[0.392s] -- Detecting CXX compile features - done
[0.394s] -- Found ament_cmake: 2.5.3 (/opt/ros/jazzy/share/ament_cmake/cmake)
[0.520s] -- Found Python3: /usr/bin/python3 (found version "3.12.3") found components: Interpreter 
[0.626s] -- Found rosidl_default_generators: 1.6.0 (/opt/ros/jazzy/share/rosidl_default_generators/cmake)
[0.632s] -- Using all available rosidl_typesupport_c: rosidl_typesupport_fastrtps_c;rosidl_typesupport_introspection_c
[0.680s] -- Using all available rosidl_typesupport_cpp: rosidl_typesupport_fastrtps_cpp;rosidl_typesupport_introspection_cpp
[0.719s] -- Found rosidl_adapter: 4.6.5 (/opt/ros/jazzy/share/rosidl_adapter/cmake)
[1.307s] -- Found ament_cmake_ros: 0.12.0 (/opt/ros/jazzy/share/ament_cmake_ros/cmake)
[1.691s] -- Using all available rosidl_typesupport_c: rosidl_typesupport_fastrtps_c;rosidl_typesupport_introspection_c
[2.203s] -- Using all available rosidl_typesupport_cpp: rosidl_typesupport_fastrtps_cpp;rosidl_typesupport_introspection_cpp
[2.206s] -- Found python_cmake_module: 0.11.1 (/opt/ros/jazzy/share/python_cmake_module/cmake)
[2.332s] -- Found PythonExtra: /usr/bin/python3  
[2.783s] -- Found Python3: /usr/bin/python3 (found version "3.12.3") found components: Interpreter Development NumPy Development.Module Development.Embed 
[2.814s] -- Found ament_lint_auto: 0.17.1 (/opt/ros/jazzy/share/ament_lint_auto/cmake)
[2.831s] -- Added test 'lint_cmake' to check CMake code style
[2.832s] -- Added test 'xmllint' to check XML markup files
[2.834s] -- Configuring done (2.8s)
[2.868s] -- Generating done (0.0s)
[2.880s] -- Build files have been written to: /home/rodep/rodep/test_ws/yano_ws/build/custom_interfaces
[2.890s] Invoked command in '/home/rodep/rodep/test_ws/yano_ws/build/custom_interfaces' returned '0': CMAKE_PREFIX_PATH=${CMAKE_PREFIX_PATH}:/opt/ros/jazzy DEBUGINFOD_URLS=https://debuginfod.ubuntu.com /usr/bin/cmake /home/rodep/rodep/test_ws/yano_ws/src/custom_interfaces -DCMAKE_INSTALL_PREFIX=/home/rodep/rodep/test_ws/yano_ws/install/custom_interfaces
[2.890s] Invoking command in '/home/rodep/rodep/test_ws/yano_ws/build/custom_interfaces': CMAKE_PREFIX_PATH=${CMAKE_PREFIX_PATH}:/opt/ros/jazzy DEBUGINFOD_URLS=https://debuginfod.ubuntu.com /usr/bin/cmake --build /home/rodep/rodep/test_ws/yano_ws/build/custom_interfaces -- -j8 -l8
[2.930s] [  2%] [34m[1mGenerating type hashes for ROS interfaces[0m
[2.937s] [  2%] Built target ament_cmake_python_copy_custom_interfaces
[3.145s] running egg_info
[3.145s] creating custom_interfaces.egg-info
[3.165s] writing custom_interfaces.egg-info/PKG-INFO
[3.165s] writing dependency_links to custom_interfaces.egg-info/dependency_links.txt
[3.165s] writing top-level names to custom_interfaces.egg-info/top_level.txt
[3.165s] writing manifest file 'custom_interfaces.egg-info/SOURCES.txt'
[3.196s] [  2%] Built target custom_interfaces__rosidl_generator_type_description
[3.207s] [  4%] [34m[1mGenerating C code for ROS interfaces[0m
[3.215s] [  6%] [34m[1mGenerating C++ code for ROS interfaces[0m
[3.228s] reading manifest file 'custom_interfaces.egg-info/SOURCES.txt'
[3.229s] writing manifest file 'custom_interfaces.egg-info/SOURCES.txt'
[3.261s] [  6%] Built target ament_cmake_python_build_custom_interfaces_egg
[3.620s] [  6%] Built target custom_interfaces__cpp
[3.630s] [ 13%] [32mBuilding C object CMakeFiles/custom_interfaces__rosidl_generator_c.dir/rosidl_generator_c/custom_interfaces/msg/detail/driver_velocity__functions.c.o[0m
[3.630s] [ 13%] [32mBuilding C object CMakeFiles/custom_interfaces__rosidl_generator_c.dir/rosidl_generator_c/custom_interfaces/msg/detail/driver_velocity__description.c.o[0m
[3.630s] [ 15%] [32mBuilding C object CMakeFiles/custom_interfaces__rosidl_generator_c.dir/rosidl_generator_c/custom_interfaces/srv/detail/set_mode__description.c.o[0m
[3.631s] [ 15%] [32mBuilding C object CMakeFiles/custom_interfaces__rosidl_generator_c.dir/rosidl_generator_c/custom_interfaces/msg/detail/driver_velocity__type_support.c.o[0m
[3.631s] [ 18%] [32mBuilding C object CMakeFiles/custom_interfaces__rosidl_generator_c.dir/rosidl_generator_c/custom_interfaces/srv/detail/set_mode__functions.c.o[0m
[3.634s] [ 20%] [32mBuilding C object CMakeFiles/custom_interfaces__rosidl_generator_c.dir/rosidl_generator_c/custom_interfaces/srv/detail/set_mode__type_support.c.o[0m
[3.714s] [ 22%] [32m[1mLinking C shared library libcustom_interfaces__rosidl_generator_c.so[0m
[3.746s] [ 22%] Built target custom_interfaces__rosidl_generator_c
[3.757s] [ 27%] [34m[1mGenerating C introspection for ROS interfaces[0m
[3.757s] [ 29%] [34m[1mGenerating C++ introspection for ROS interfaces[0m
[3.758s] [ 27%] [34m[1mGenerating C++ type support dispatch for ROS interfaces[0m
[3.759s] [ 31%] [34m[1mGenerating C type support dispatch for ROS interfaces[0m
[3.761s] [ 34%] [34m[1mGenerating C type support for eProsima Fast-RTPS[0m
[3.761s] [ 36%] [34m[1mGenerating C++ type support for eProsima Fast-RTPS[0m
[4.252s] [ 38%] [32mBuilding CXX object CMakeFiles/custom_interfaces__rosidl_typesupport_c.dir/rosidl_typesupport_c/custom_interfaces/msg/driver_velocity__type_support.cpp.o[0m
[4.258s] [ 40%] [32mBuilding CXX object CMakeFiles/custom_interfaces__rosidl_typesupport_c.dir/rosidl_typesupport_c/custom_interfaces/srv/set_mode__type_support.cpp.o[0m
[4.272s] [ 43%] [32mBuilding CXX object CMakeFiles/custom_interfaces__rosidl_typesupport_cpp.dir/rosidl_typesupport_cpp/custom_interfaces/msg/driver_velocity__type_support.cpp.o[0m
[4.275s] [ 45%] [32mBuilding CXX object CMakeFiles/custom_interfaces__rosidl_typesupport_cpp.dir/rosidl_typesupport_cpp/custom_interfaces/srv/set_mode__type_support.cpp.o[0m
[4.326s] [ 47%] [32mBuilding CXX object CMakeFiles/custom_interfaces__rosidl_typesupport_introspection_cpp.dir/rosidl_typesupport_introspection_cpp/custom_interfaces/msg/detail/driver_velocity__type_support.cpp.o[0m
[4.330s] [ 50%] [32mBuilding C object CMakeFiles/custom_interfaces__rosidl_typesupport_introspection_c.dir/rosidl_typesupport_introspection_c/custom_interfaces/msg/detail/driver_velocity__type_support.c.o[0m
[4.347s] [ 52%] [32mBuilding C object CMakeFiles/custom_interfaces__rosidl_typesupport_introspection_c.dir/rosidl_typesupport_introspection_c/custom_interfaces/srv/detail/set_mode__type_support.c.o[0m
[4.369s] [ 54%] [32m[1mLinking CXX shared library libcustom_interfaces__rosidl_typesupport_c.so[0m
[4.409s] [ 56%] [32mBuilding CXX object CMakeFiles/custom_interfaces__rosidl_typesupport_introspection_cpp.dir/rosidl_typesupport_introspection_cpp/custom_interfaces/srv/detail/set_mode__type_support.cpp.o[0m
[4.424s] [ 59%] [32mBuilding CXX object CMakeFiles/custom_interfaces__rosidl_typesupport_fastrtps_cpp.dir/rosidl_typesupport_fastrtps_cpp/custom_interfaces/msg/detail/dds_fastrtps/driver_velocity__type_support.cpp.o[0m
[4.436s] [ 61%] [32m[1mLinking C shared library libcustom_interfaces__rosidl_typesupport_introspection_c.so[0m
[4.457s] [ 61%] Built target custom_interfaces__rosidl_typesupport_c
[4.473s] [ 63%] [32mBuilding CXX object CMakeFiles/custom_interfaces__rosidl_typesupport_fastrtps_cpp.dir/rosidl_typesupport_fastrtps_cpp/custom_interfaces/srv/detail/dds_fastrtps/set_mode__type_support.cpp.o[0m
[4.503s] [ 65%] [32mBuilding CXX object CMakeFiles/custom_interfaces__rosidl_typesupport_fastrtps_c.dir/rosidl_typesupport_fastrtps_c/custom_interfaces/msg/detail/driver_velocity__type_support_c.cpp.o[0m
[4.513s] [ 65%] Built target custom_interfaces__rosidl_typesupport_introspection_c
[4.533s] [ 68%] [32mBuilding CXX object CMakeFiles/custom_interfaces__rosidl_typesupport_fastrtps_c.dir/rosidl_typesupport_fastrtps_c/custom_interfaces/srv/detail/set_mode__type_support_c.cpp.o[0m
[4.955s] [ 70%] [32m[1mLinking CXX shared library libcustom_interfaces__rosidl_typesupport_cpp.so[0m
[5.068s] [ 70%] Built target custom_interfaces__rosidl_typesupport_cpp
[5.155s] [ 72%] [32m[1mLinking CXX shared library libcustom_interfaces__rosidl_typesupport_introspection_cpp.so[0m
[5.267s] [ 72%] Built target custom_interfaces__rosidl_typesupport_introspection_cpp
[5.308s] [ 75%] [32m[1mLinking CXX shared library libcustom_interfaces__rosidl_typesupport_fastrtps_c.so[0m
[5.381s] [ 75%] Built target custom_interfaces__rosidl_typesupport_fastrtps_c
[5.445s] [ 77%] [32m[1mLinking CXX shared library libcustom_interfaces__rosidl_typesupport_fastrtps_cpp.so[0m
[5.517s] [ 77%] Built target custom_interfaces__rosidl_typesupport_fastrtps_cpp
[5.533s] [ 77%] Built target custom_interfaces
[5.550s] [ 79%] [34m[1mGenerating Python code for ROS interfaces[0m
[6.060s] [ 79%] Built target custom_interfaces__py
[6.076s] [ 84%] [32mBuilding C object CMakeFiles/custom_interfaces__rosidl_generator_py.dir/rosidl_generator_py/custom_interfaces/srv/_set_mode_s.c.o[0m
[6.076s] [ 84%] [32mBuilding C object CMakeFiles/custom_interfaces__rosidl_generator_py.dir/rosidl_generator_py/custom_interfaces/msg/_driver_velocity_s.c.o[0m
[6.219s] [ 86%] [32m[1mLinking C shared library libcustom_interfaces__rosidl_generator_py.so[0m
[6.255s] [ 86%] Built target custom_interfaces__rosidl_generator_py
[6.270s] [ 93%] [32mBuilding C object CMakeFiles/custom_interfaces_s__rosidl_typesupport_fastrtps_c.dir/rosidl_generator_py/custom_interfaces/_custom_interfaces_s.ep.rosidl_typesupport_fastrtps_c.c.o[0m
[6.270s] [ 93%] [32mBuilding C object CMakeFiles/custom_interfaces_s__rosidl_typesupport_introspection_c.dir/rosidl_generator_py/custom_interfaces/_custom_interfaces_s.ep.rosidl_typesupport_introspection_c.c.o[0m
[6.271s] [ 93%] [32mBuilding C object CMakeFiles/custom_interfaces_s__rosidl_typesupport_c.dir/rosidl_generator_py/custom_interfaces/_custom_interfaces_s.ep.rosidl_typesupport_c.c.o[0m
[6.368s] [ 97%] [32m[1mLinking C shared module rosidl_generator_py/custom_interfaces/custom_interfaces_s__rosidl_typesupport_c.so[0m
[6.368s] [ 97%] [32m[1mLinking C shared module rosidl_generator_py/custom_interfaces/custom_interfaces_s__rosidl_typesupport_introspection_c.so[0m
[6.370s] [100%] [32m[1mLinking C shared module rosidl_generator_py/custom_interfaces/custom_interfaces_s__rosidl_typesupport_fastrtps_c.so[0m
[6.392s] [100%] Built target custom_interfaces_s__rosidl_typesupport_c
[6.392s] [100%] Built target custom_interfaces_s__rosidl_typesupport_introspection_c
[6.395s] [100%] Built target custom_interfaces_s__rosidl_typesupport_fastrtps_c
[6.404s] Invoked command in '/home/rodep/rodep/test_ws/yano_ws/build/custom_interfaces' returned '0': CMAKE_PREFIX_PATH=${CMAKE_PREFIX_PATH}:/opt/ros/jazzy DEBUGINFOD_URLS=https://debuginfod.ubuntu.com /usr/bin/cmake --build /home/rodep/rodep/test_ws/yano_ws/build/custom_interfaces -- -j8 -l8
[6.405s] Invoking command in '/home/rodep/rodep/test_ws/yano_ws/build/custom_interfaces': CMAKE_PREFIX_PATH=${CMAKE_PREFIX_PATH}:/opt/ros/jazzy DEBUGINFOD_URLS=https://debuginfod.ubuntu.com /usr/bin/cmake --install /home/rodep/rodep/test_ws/yano_ws/build/custom_interfaces
[6.412s] -- Install configuration: ""
[6.412s] -- Installing: /home/rodep/rodep/test_ws/yano_ws/install/custom_interfaces/share/ament_index/resource_index/rosidl_interfaces/custom_interfaces
[6.412s] -- Installing: /home/rodep/rodep/test_ws/yano_ws/install/custom_interfaces/share/custom_interfaces/msg/DriverVelocity.json
[6.412s] -- Installing: /home/rodep/rodep/test_ws/yano_ws/install/custom_interfaces/share/custom_interfaces/srv/SetMode.json
[6.413s] -- Installing: /home/rodep/rodep/test_ws/yano_ws/install/custom_interfaces/include/custom_interfaces/custom_interfaces
[6.413s] -- Installing: /home/rodep/rodep/test_ws/yano_ws/install/custom_interfaces/include/custom_interfaces/custom_interfaces/msg
[6.413s] -- Installing: /home/rodep/rodep/test_ws/yano_ws/install/custom_interfaces/include/custom_interfaces/custom_interfaces/msg/rosidl_generator_c__visibility_control.h
[6.413s] -- Installing: /home/rodep/rodep/test_ws/yano_ws/install/custom_interfaces/include/custom_interfaces/custom_interfaces/msg/driver_velocity.h
[6.413s] -- Installing: /home/rodep/rodep/test_ws/yano_ws/install/custom_interfaces/include/custom_interfaces/custom_interfaces/msg/detail
[6.413s] -- Installing: /home/rodep/rodep/test_ws/yano_ws/install/custom_interfaces/include/custom_interfaces/custom_interfaces/msg/detail/driver_velocity__description.c
[6.413s] -- Installing: /home/rodep/rodep/test_ws/yano_ws/install/custom_interfaces/include/custom_interfaces/custom_interfaces/msg/detail/driver_velocity__type_support.c
[6.414s] -- Installing: /home/rodep/rodep/test_ws/yano_ws/install/custom_interfaces/include/custom_interfaces/custom_interfaces/msg/detail/driver_velocity__struct.h
[6.414s] -- Installing: /home/rodep/rodep/test_ws/yano_ws/install/custom_interfaces/include/custom_interfaces/custom_interfaces/msg/detail/driver_velocity__functions.c
[6.414s] -- Installing: /home/rodep/rodep/test_ws/yano_ws/install/custom_interfaces/include/custom_interfaces/custom_interfaces/msg/detail/driver_velocity__type_support.h
[6.414s] -- Installing: /home/rodep/rodep/test_ws/yano_ws/install/custom_interfaces/include/custom_interfaces/custom_interfaces/msg/detail/driver_velocity__functions.h
[6.414s] -- Installing: /home/rodep/rodep/test_ws/yano_ws/install/custom_interfaces/include/custom_interfaces/custom_interfaces/srv
[6.414s] -- Installing: /home/rodep/rodep/test_ws/yano_ws/install/custom_interfaces/include/custom_interfaces/custom_interfaces/srv/detail
[6.414s] -- Installing: /home/rodep/rodep/test_ws/yano_ws/install/custom_interfaces/include/custom_interfaces/custom_interfaces/srv/detail/set_mode__description.c
[6.415s] -- Installing: /home/rodep/rodep/test_ws/yano_ws/install/custom_interfaces/include/custom_interfaces/custom_interfaces/srv/detail/set_mode__functions.c
[6.415s] -- Installing: /home/rodep/rodep/test_ws/yano_ws/install/custom_interfaces/include/custom_interfaces/custom_interfaces/srv/detail/set_mode__struct.h
[6.415s] -- Installing: /home/rodep/rodep/test_ws/yano_ws/install/custom_interfaces/include/custom_interfaces/custom_interfaces/srv/detail/set_mode__type_support.h
[6.415s] -- Installing: /home/rodep/rodep/test_ws/yano_ws/install/custom_interfaces/include/custom_interfaces/custom_interfaces/srv/detail/set_mode__functions.h
[6.415s] -- Installing: /home/rodep/rodep/test_ws/yano_ws/install/custom_interfaces/include/custom_interfaces/custom_interfaces/srv/detail/set_mode__type_support.c
[6.415s] -- Installing: /home/rodep/rodep/test_ws/yano_ws/install/custom_interfaces/include/custom_interfaces/custom_interfaces/srv/set_mode.h
[6.415s] -- Installing: /home/rodep/rodep/test_ws/yano_ws/install/custom_interfaces/share/custom_interfaces/environment/library_path.sh
[6.416s] -- Installing: /home/rodep/rodep/test_ws/yano_ws/install/custom_interfaces/share/custom_interfaces/environment/library_path.dsv
[6.416s] -- Installing: /home/rodep/rodep/test_ws/yano_ws/install/custom_interfaces/lib/libcustom_interfaces__rosidl_generator_c.so
[6.416s] -- Set non-toolchain portion of runtime path of "/home/rodep/rodep/test_ws/yano_ws/install/custom_interfaces/lib/libcustom_interfaces__rosidl_generator_c.so" to ""
[6.416s] -- Up-to-date: /home/rodep/rodep/test_ws/yano_ws/install/custom_interfaces/include/custom_interfaces/custom_interfaces
[6.416s] -- Up-to-date: /home/rodep/rodep/test_ws/yano_ws/install/custom_interfaces/include/custom_interfaces/custom_interfaces/msg
[6.416s] -- Up-to-date: /home/rodep/rodep/test_ws/yano_ws/install/custom_interfaces/include/custom_interfaces/custom_interfaces/msg/detail
[6.416s] -- Installing: /home/rodep/rodep/test_ws/yano_ws/install/custom_interfaces/include/custom_interfaces/custom_interfaces/msg/detail/driver_velocity__rosidl_typesupport_fastrtps_c.h
[6.417s] -- Installing: /home/rodep/rodep/test_ws/yano_ws/install/custom_interfaces/include/custom_interfaces/custom_interfaces/msg/rosidl_typesupport_fastrtps_c__visibility_control.h
[6.417s] -- Up-to-date: /home/rodep/rodep/test_ws/yano_ws/install/custom_interfaces/include/custom_interfaces/custom_interfaces/srv
[6.417s] -- Up-to-date: /home/rodep/rodep/test_ws/yano_ws/install/custom_interfaces/include/custom_interfaces/custom_interfaces/srv/detail
[6.417s] -- Installing: /home/rodep/rodep/test_ws/yano_ws/install/custom_interfaces/include/custom_interfaces/custom_interfaces/srv/detail/set_mode__rosidl_typesupport_fastrtps_c.h
[6.417s] -- Installing: /home/rodep/rodep/test_ws/yano_ws/install/custom_interfaces/lib/libcustom_interfaces__rosidl_typesupport_fastrtps_c.so
[6.417s] -- Set non-toolchain portion of runtime path of "/home/rodep/rodep/test_ws/yano_ws/install/custom_interfaces/lib/libcustom_interfaces__rosidl_typesupport_fastrtps_c.so" to ""
[6.417s] -- Up-to-date: /home/rodep/rodep/test_ws/yano_ws/install/custom_interfaces/include/custom_interfaces/custom_interfaces
[6.417s] -- Up-to-date: /home/rodep/rodep/test_ws/yano_ws/install/custom_interfaces/include/custom_interfaces/custom_interfaces/msg
[6.418s] -- Installing: /home/rodep/rodep/test_ws/yano_ws/install/custom_interfaces/include/custom_interfaces/custom_interfaces/msg/rosidl_typesupport_introspection_c__visibility_control.h
[6.418s] -- Up-to-date: /home/rodep/rodep/test_ws/yano_ws/install/custom_interfaces/include/custom_interfaces/custom_interfaces/msg/detail
[6.418s] -- Installing: /home/rodep/rodep/test_ws/yano_ws/install/custom_interfaces/include/custom_interfaces/custom_interfaces/msg/detail/driver_velocity__rosidl_typesupport_introspection_c.h
[6.418s] -- Up-to-date: /home/rodep/rodep/test_ws/yano_ws/install/custom_interfaces/include/custom_interfaces/custom_interfaces/msg/detail/driver_velocity__type_support.c
[6.418s] -- Up-to-date: /home/rodep/rodep/test_ws/yano_ws/install/custom_interfaces/include/custom_interfaces/custom_interfaces/srv
[6.418s] -- Up-to-date: /home/rodep/rodep/test_ws/yano_ws/install/custom_interfaces/include/custom_interfaces/custom_interfaces/srv/detail
[6.418s] -- Up-to-date: /home/rodep/rodep/test_ws/yano_ws/install/custom_interfaces/include/custom_interfaces/custom_interfaces/srv/detail/set_mode__type_support.c
[6.418s] -- Installing: /home/rodep/rodep/test_ws/yano_ws/install/custom_interfaces/include/custom_interfaces/custom_interfaces/srv/detail/set_mode__rosidl_typesupport_introspection_c.h
[6.419s] -- Installing: /home/rodep/rodep/test_ws/yano_ws/install/custom_interfaces/lib/libcustom_interfaces__rosidl_typesupport_introspection_c.so
[6.419s] -- Set non-toolchain portion of runtime path of "/home/rodep/rodep/test_ws/yano_ws/install/custom_interfaces/lib/libcustom_interfaces__rosidl_typesupport_introspection_c.so" to ""
[6.419s] -- Installing: /home/rodep/rodep/test_ws/yano_ws/install/custom_interfaces/lib/libcustom_interfaces__rosidl_typesupport_c.so
[6.419s] -- Set non-toolchain portion of runtime path of "/home/rodep/rodep/test_ws/yano_ws/install/custom_interfaces/lib/libcustom_interfaces__rosidl_typesupport_c.so" to ""
[6.419s] -- Up-to-date: /home/rodep/rodep/test_ws/yano_ws/install/custom_interfaces/include/custom_interfaces/custom_interfaces
[6.419s] -- Up-to-date: /home/rodep/rodep/test_ws/yano_ws/install/custom_interfaces/include/custom_interfaces/custom_interfaces/msg
[6.419s] -- Installing: /home/rodep/rodep/test_ws/yano_ws/install/custom_interfaces/include/custom_interfaces/custom_interfaces/msg/driver_velocity.hpp
[6.420s] -- Up-to-date: /home/rodep/rodep/test_ws/yano_ws/install/custom_interfaces/include/custom_interfaces/custom_interfaces/msg/detail
[6.420s] -- Installing: /home/rodep/rodep/test_ws/yano_ws/install/custom_interfaces/include/custom_interfaces/custom_interfaces/msg/detail/driver_velocity__struct.hpp
[6.420s] -- Installing: /home/rodep/rodep/test_ws/yano_ws/install/custom_interfaces/include/custom_interfaces/custom_interfaces/msg/detail/driver_velocity__builder.hpp
[6.420s] -- Installing: /home/rodep/rodep/test_ws/yano_ws/install/custom_interfaces/include/custom_interfaces/custom_interfaces/msg/detail/driver_velocity__traits.hpp
[6.420s] -- Installing: /home/rodep/rodep/test_ws/yano_ws/install/custom_interfaces/include/custom_interfaces/custom_interfaces/msg/detail/driver_velocity__type_support.hpp
[6.420s] -- Installing: /home/rodep/rodep/test_ws/yano_ws/install/custom_interfaces/include/custom_interfaces/custom_interfaces/msg/rosidl_generator_cpp__visibility_control.hpp
[6.420s] -- Up-to-date: /home/rodep/rodep/test_ws/yano_ws/install/custom_interfaces/include/custom_interfaces/custom_interfaces/srv
[6.421s] -- Up-to-date: /home/rodep/rodep/test_ws/yano_ws/install/custom_interfaces/include/custom_interfaces/custom_interfaces/srv/detail
[6.421s] -- Installing: /home/rodep/rodep/test_ws/yano_ws/install/custom_interfaces/include/custom_interfaces/custom_interfaces/srv/detail/set_mode__type_support.hpp
[6.421s] -- Installing: /home/rodep/rodep/test_ws/yano_ws/install/custom_interfaces/include/custom_interfaces/custom_interfaces/srv/detail/set_mode__traits.hpp
[6.421s] -- Installing: /home/rodep/rodep/test_ws/yano_ws/install/custom_interfaces/include/custom_interfaces/custom_interfaces/srv/detail/set_mode__builder.hpp
[6.421s] -- Installing: /home/rodep/rodep/test_ws/yano_ws/install/custom_interfaces/include/custom_interfaces/custom_interfaces/srv/detail/set_mode__struct.hpp
[6.421s] -- Installing: /home/rodep/rodep/test_ws/yano_ws/install/custom_interfaces/include/custom_interfaces/custom_interfaces/srv/set_mode.hpp
[6.421s] -- Up-to-date: /home/rodep/rodep/test_ws/yano_ws/install/custom_interfaces/include/custom_interfaces/custom_interfaces
[6.421s] -- Up-to-date: /home/rodep/rodep/test_ws/yano_ws/install/custom_interfaces/include/custom_interfaces/custom_interfaces/msg
[6.421s] -- Up-to-date: /home/rodep/rodep/test_ws/yano_ws/install/custom_interfaces/include/custom_interfaces/custom_interfaces/msg/detail
[6.422s] -- Installing: /home/rodep/rodep/test_ws/yano_ws/install/custom_interfaces/include/custom_interfaces/custom_interfaces/msg/detail/driver_velocity__rosidl_typesupport_fastrtps_cpp.hpp
[6.422s] -- Installing: /home/rodep/rodep/test_ws/yano_ws/install/custom_interfaces/include/custom_interfaces/custom_interfaces/msg/detail/dds_fastrtps
[6.422s] -- Installing: /home/rodep/rodep/test_ws/yano_ws/install/custom_interfaces/include/custom_interfaces/custom_interfaces/msg/rosidl_typesupport_fastrtps_cpp__visibility_control.h
[6.422s] -- Up-to-date: /home/rodep/rodep/test_ws/yano_ws/install/custom_interfaces/include/custom_interfaces/custom_interfaces/srv
[6.422s] -- Up-to-date: /home/rodep/rodep/test_ws/yano_ws/install/custom_interfaces/include/custom_interfaces/custom_interfaces/srv/detail
[6.422s] -- Installing: /home/rodep/rodep/test_ws/yano_ws/install/custom_interfaces/include/custom_interfaces/custom_interfaces/srv/detail/set_mode__rosidl_typesupport_fastrtps_cpp.hpp
[6.422s] -- Installing: /home/rodep/rodep/test_ws/yano_ws/install/custom_interfaces/include/custom_interfaces/custom_interfaces/srv/detail/dds_fastrtps
[6.422s] -- Installing: /home/rodep/rodep/test_ws/yano_ws/install/custom_interfaces/lib/libcustom_interfaces__rosidl_typesupport_fastrtps_cpp.so
[6.422s] -- Set non-toolchain portion of runtime path of "/home/rodep/rodep/test_ws/yano_ws/install/custom_interfaces/lib/libcustom_interfaces__rosidl_typesupport_fastrtps_cpp.so" to ""
[6.423s] -- Up-to-date: /home/rodep/rodep/test_ws/yano_ws/install/custom_interfaces/include/custom_interfaces/custom_interfaces
[6.423s] -- Up-to-date: /home/rodep/rodep/test_ws/yano_ws/install/custom_interfaces/include/custom_interfaces/custom_interfaces/msg
[6.423s] -- Up-to-date: /home/rodep/rodep/test_ws/yano_ws/install/custom_interfaces/include/custom_interfaces/custom_interfaces/msg/detail
[6.423s] -- Installing: /home/rodep/rodep/test_ws/yano_ws/install/custom_interfaces/include/custom_interfaces/custom_interfaces/msg/detail/driver_velocity__rosidl_typesupport_introspection_cpp.hpp
[6.423s] -- Installing: /home/rodep/rodep/test_ws/yano_ws/install/custom_interfaces/include/custom_interfaces/custom_interfaces/msg/detail/driver_velocity__type_support.cpp
[6.423s] -- Up-to-date: /home/rodep/rodep/test_ws/yano_ws/install/custom_interfaces/include/custom_interfaces/custom_interfaces/srv
[6.423s] -- Up-to-date: /home/rodep/rodep/test_ws/yano_ws/install/custom_interfaces/include/custom_interfaces/custom_interfaces/srv/detail
[6.423s] -- Installing: /home/rodep/rodep/test_ws/yano_ws/install/custom_interfaces/include/custom_interfaces/custom_interfaces/srv/detail/set_mode__type_support.cpp
[6.424s] -- Installing: /home/rodep/rodep/test_ws/yano_ws/install/custom_interfaces/include/custom_interfaces/custom_interfaces/srv/detail/set_mode__rosidl_typesupport_introspection_cpp.hpp
[6.424s] -- Installing: /home/rodep/rodep/test_ws/yano_ws/install/custom_interfaces/lib/libcustom_interfaces__rosidl_typesupport_introspection_cpp.so
[6.424s] -- Set non-toolchain portion of runtime path of "/home/rodep/rodep/test_ws/yano_ws/install/custom_interfaces/lib/libcustom_interfaces__rosidl_typesupport_introspection_cpp.so" to ""
[6.424s] -- Installing: /home/rodep/rodep/test_ws/yano_ws/install/custom_interfaces/lib/libcustom_interfaces__rosidl_typesupport_cpp.so
[6.424s] -- Set non-toolchain portion of runtime path of "/home/rodep/rodep/test_ws/yano_ws/install/custom_interfaces/lib/libcustom_interfaces__rosidl_typesupport_cpp.so" to ""
[6.424s] -- Installing: /home/rodep/rodep/test_ws/yano_ws/install/custom_interfaces/share/custom_interfaces/environment/pythonpath.sh
[6.424s] -- Installing: /home/rodep/rodep/test_ws/yano_ws/install/custom_interfaces/share/custom_interfaces/environment/pythonpath.dsv
[6.424s] -- Installing: /home/rodep/rodep/test_ws/yano_ws/install/custom_interfaces/lib/python3.12/site-packages/custom_interfaces-0.0.0-py3.12.egg-info
[6.424s] -- Installing: /home/rodep/rodep/test_ws/yano_ws/install/custom_interfaces/lib/python3.12/site-packages/custom_interfaces-0.0.0-py3.12.egg-info/SOURCES.txt
[6.425s] -- Installing: /home/rodep/rodep/test_ws/yano_ws/install/custom_interfaces/lib/python3.12/site-packages/custom_interfaces-0.0.0-py3.12.egg-info/PKG-INFO
[6.425s] -- Installing: /home/rodep/rodep/test_ws/yano_ws/install/custom_interfaces/lib/python3.12/site-packages/custom_interfaces-0.0.0-py3.12.egg-info/top_level.txt
[6.425s] -- Installing: /home/rodep/rodep/test_ws/yano_ws/install/custom_interfaces/lib/python3.12/site-packages/custom_interfaces-0.0.0-py3.12.egg-info/dependency_links.txt
[6.425s] -- Installing: /home/rodep/rodep/test_ws/yano_ws/install/custom_interfaces/lib/python3.12/site-packages/custom_interfaces
[6.425s] -- Installing: /home/rodep/rodep/test_ws/yano_ws/install/custom_interfaces/lib/python3.12/site-packages/custom_interfaces/custom_interfaces_s__rosidl_typesupport_c.so
[6.425s] -- Installing: /home/rodep/rodep/test_ws/yano_ws/install/custom_interfaces/lib/python3.12/site-packages/custom_interfaces/_custom_interfaces_s.ep.rosidl_typesupport_c.c
[6.425s] -- Installing: /home/rodep/rodep/test_ws/yano_ws/install/custom_interfaces/lib/python3.12/site-packages/custom_interfaces/msg
[6.425s] -- Installing: /home/rodep/rodep/test_ws/yano_ws/install/custom_interfaces/lib/python3.12/site-packages/custom_interfaces/msg/_driver_velocity_s.c
[6.425s] -- Installing: /home/rodep/rodep/test_ws/yano_ws/install/custom_interfaces/lib/python3.12/site-packages/custom_interfaces/msg/_driver_velocity.py
[6.426s] -- Installing: /home/rodep/rodep/test_ws/yano_ws/install/custom_interfaces/lib/python3.12/site-packages/custom_interfaces/msg/__init__.py
[6.426s] -- Installing: /home/rodep/rodep/test_ws/yano_ws/install/custom_interfaces/lib/python3.12/site-packages/custom_interfaces/srv
[6.426s] -- Installing: /home/rodep/rodep/test_ws/yano_ws/install/custom_interfaces/lib/python3.12/site-packages/custom_interfaces/srv/_set_mode.py
[6.426s] -- Installing: /home/rodep/rodep/test_ws/yano_ws/install/custom_interfaces/lib/python3.12/site-packages/custom_interfaces/srv/_set_mode_s.c
[6.426s] -- Installing: /home/rodep/rodep/test_ws/yano_ws/install/custom_interfaces/lib/python3.12/site-packages/custom_interfaces/srv/__init__.py
[6.426s] -- Installing: /home/rodep/rodep/test_ws/yano_ws/install/custom_interfaces/lib/python3.12/site-packages/custom_interfaces/_custom_interfaces_s.ep.rosidl_typesupport_introspection_c.c
[6.426s] -- Installing: /home/rodep/rodep/test_ws/yano_ws/install/custom_interfaces/lib/python3.12/site-packages/custom_interfaces/_custom_interfaces_s.ep.rosidl_typesupport_fastrtps_c.c
[6.426s] -- Installing: /home/rodep/rodep/test_ws/yano_ws/install/custom_interfaces/lib/python3.12/site-packages/custom_interfaces/custom_interfaces_s__rosidl_typesupport_fastrtps_c.so
[6.427s] -- Installing: /home/rodep/rodep/test_ws/yano_ws/install/custom_interfaces/lib/python3.12/site-packages/custom_interfaces/__init__.py
[6.427s] -- Installing: /home/rodep/rodep/test_ws/yano_ws/install/custom_interfaces/lib/python3.12/site-packages/custom_interfaces/custom_interfaces_s__rosidl_typesupport_introspection_c.so
[6.458s] Listing '/home/rodep/rodep/test_ws/yano_ws/install/custom_interfaces/lib/python3.12/site-packages/custom_interfaces'...
[6.458s] Compiling '/home/rodep/rodep/test_ws/yano_ws/install/custom_interfaces/lib/python3.12/site-packages/custom_interfaces/__init__.py'...
[6.458s] Listing '/home/rodep/rodep/test_ws/yano_ws/install/custom_interfaces/lib/python3.12/site-packages/custom_interfaces/msg'...
[6.458s] Compiling '/home/rodep/rodep/test_ws/yano_ws/install/custom_interfaces/lib/python3.12/site-packages/custom_interfaces/msg/__init__.py'...
[6.459s] Compiling '/home/rodep/rodep/test_ws/yano_ws/install/custom_interfaces/lib/python3.12/site-packages/custom_interfaces/msg/_driver_velocity.py'...
[6.459s] Listing '/home/rodep/rodep/test_ws/yano_ws/install/custom_interfaces/lib/python3.12/site-packages/custom_interfaces/srv'...
[6.459s] Compiling '/home/rodep/rodep/test_ws/yano_ws/install/custom_interfaces/lib/python3.12/site-packages/custom_interfaces/srv/__init__.py'...
[6.459s] Compiling '/home/rodep/rodep/test_ws/yano_ws/install/custom_interfaces/lib/python3.12/site-packages/custom_interfaces/srv/_set_mode.py'...
[6.464s] -- Installing: /home/rodep/rodep/test_ws/yano_ws/install/custom_interfaces/lib/python3.12/site-packages/custom_interfaces/custom_interfaces_s__rosidl_typesupport_fastrtps_c.so
[6.464s] -- Set non-toolchain portion of runtime path of "/home/rodep/rodep/test_ws/yano_ws/install/custom_interfaces/lib/python3.12/site-packages/custom_interfaces/custom_interfaces_s__rosidl_typesupport_fastrtps_c.so" to ""
[6.464s] -- Installing: /home/rodep/rodep/test_ws/yano_ws/install/custom_interfaces/lib/python3.12/site-packages/custom_interfaces/custom_interfaces_s__rosidl_typesupport_introspection_c.so
[6.465s] -- Set non-toolchain portion of runtime path of "/home/rodep/rodep/test_ws/yano_ws/install/custom_interfaces/lib/python3.12/site-packages/custom_interfaces/custom_interfaces_s__rosidl_typesupport_introspection_c.so" to ""
[6.465s] -- Installing: /home/rodep/rodep/test_ws/yano_ws/install/custom_interfaces/lib/python3.12/site-packages/custom_interfaces/custom_interfaces_s__rosidl_typesupport_c.so
[6.465s] -- Set non-toolchain portion of runtime path of "/home/rodep/rodep/test_ws/yano_ws/install/custom_interfaces/lib/python3.12/site-packages/custom_interfaces/custom_interfaces_s__rosidl_typesupport_c.so" to ""
[6.465s] -- Installing: /home/rodep/rodep/test_ws/yano_ws/install/custom_interfaces/lib/libcustom_interfaces__rosidl_generator_py.so
[6.465s] -- Set non-toolchain portion of runtime path of "/home/rodep/rodep/test_ws/yano_ws/install/custom_interfaces/lib/libcustom_interfaces__rosidl_generator_py.so" to ""
[6.465s] -- Installing: /home/rodep/rodep/test_ws/yano_ws/install/custom_interfaces/share/custom_interfaces/msg/DriverVelocity.idl
[6.466s] -- Installing: /home/rodep/rodep/test_ws/yano_ws/install/custom_interfaces/share/custom_interfaces/srv/SetMode.idl
[6.466s] -- Installing: /home/rodep/rodep/test_ws/yano_ws/install/custom_interfaces/share/custom_interfaces/msg/DriverVelocity.msg
[6.466s] -- Installing: /home/rodep/rodep/test_ws/yano_ws/install/custom_interfaces/share/custom_interfaces/srv/SetMode.srv
[6.466s] -- Up-to-date: /home/rodep/rodep/test_ws/yano_ws/install/custom_interfaces/share/custom_interfaces/msg
[6.466s] -- Up-to-date: /home/rodep/rodep/test_ws/yano_ws/install/custom_interfaces/share/custom_interfaces/msg/DriverVelocity.msg
[6.466s] -- Installing: /home/rodep/rodep/test_ws/yano_ws/install/custom_interfaces/share/ament_index/resource_index/package_run_dependencies/custom_interfaces
[6.466s] -- Installing: /home/rodep/rodep/test_ws/yano_ws/install/custom_interfaces/share/ament_index/resource_index/parent_prefix_path/custom_interfaces
[6.467s] -- Installing: /home/rodep/rodep/test_ws/yano_ws/install/custom_interfaces/share/custom_interfaces/environment/ament_prefix_path.sh
[6.467s] -- Installing: /home/rodep/rodep/test_ws/yano_ws/install/custom_interfaces/share/custom_interfaces/environment/ament_prefix_path.dsv
[6.467s] -- Installing: /home/rodep/rodep/test_ws/yano_ws/install/custom_interfaces/share/custom_interfaces/environment/path.sh
[6.467s] -- Installing: /home/rodep/rodep/test_ws/yano_ws/install/custom_interfaces/share/custom_interfaces/environment/path.dsv
[6.467s] -- Installing: /home/rodep/rodep/test_ws/yano_ws/install/custom_interfaces/share/custom_interfaces/local_setup.bash
[6.467s] -- Installing: /home/rodep/rodep/test_ws/yano_ws/install/custom_interfaces/share/custom_interfaces/local_setup.sh
[6.467s] -- Installing: /home/rodep/rodep/test_ws/yano_ws/install/custom_interfaces/share/custom_interfaces/local_setup.zsh
[6.467s] -- Installing: /home/rodep/rodep/test_ws/yano_ws/install/custom_interfaces/share/custom_interfaces/local_setup.dsv
[6.468s] -- Installing: /home/rodep/rodep/test_ws/yano_ws/install/custom_interfaces/share/custom_interfaces/package.dsv
[6.468s] -- Installing: /home/rodep/rodep/test_ws/yano_ws/install/custom_interfaces/share/ament_index/resource_index/packages/custom_interfaces
[6.468s] -- Installing: /home/rodep/rodep/test_ws/yano_ws/install/custom_interfaces/share/custom_interfaces/cmake/export_custom_interfaces__rosidl_generator_cExport.cmake
[6.468s] -- Installing: /home/rodep/rodep/test_ws/yano_ws/install/custom_interfaces/share/custom_interfaces/cmake/export_custom_interfaces__rosidl_generator_cExport-noconfig.cmake
[6.468s] -- Installing: /home/rodep/rodep/test_ws/yano_ws/install/custom_interfaces/share/custom_interfaces/cmake/export_custom_interfaces__rosidl_typesupport_fastrtps_cExport.cmake
[6.468s] -- Installing: /home/rodep/rodep/test_ws/yano_ws/install/custom_interfaces/share/custom_interfaces/cmake/export_custom_interfaces__rosidl_typesupport_fastrtps_cExport-noconfig.cmake
[6.468s] -- Installing: /home/rodep/rodep/test_ws/yano_ws/install/custom_interfaces/share/custom_interfaces/cmake/custom_interfaces__rosidl_typesupport_introspection_cExport.cmake
[6.468s] -- Installing: /home/rodep/rodep/test_ws/yano_ws/install/custom_interfaces/share/custom_interfaces/cmake/custom_interfaces__rosidl_typesupport_introspection_cExport-noconfig.cmake
[6.469s] -- Installing: /home/rodep/rodep/test_ws/yano_ws/install/custom_interfaces/share/custom_interfaces/cmake/custom_interfaces__rosidl_typesupport_cExport.cmake
[6.469s] -- Installing: /home/rodep/rodep/test_ws/yano_ws/install/custom_interfaces/share/custom_interfaces/cmake/custom_interfaces__rosidl_typesupport_cExport-noconfig.cmake
[6.469s] -- Installing: /home/rodep/rodep/test_ws/yano_ws/install/custom_interfaces/share/custom_interfaces/cmake/export_custom_interfaces__rosidl_generator_cppExport.cmake
[6.469s] -- Installing: /home/rodep/rodep/test_ws/yano_ws/install/custom_interfaces/share/custom_interfaces/cmake/export_custom_interfaces__rosidl_typesupport_fastrtps_cppExport.cmake
[6.469s] -- Installing: /home/rodep/rodep/test_ws/yano_ws/install/custom_interfaces/share/custom_interfaces/cmake/export_custom_interfaces__rosidl_typesupport_fastrtps_cppExport-noconfig.cmake
[6.469s] -- Installing: /home/rodep/rodep/test_ws/yano_ws/install/custom_interfaces/share/custom_interfaces/cmake/custom_interfaces__rosidl_typesupport_introspection_cppExport.cmake
[6.469s] -- Installing: /home/rodep/rodep/test_ws/yano_ws/install/custom_interfaces/share/custom_interfaces/cmake/custom_interfaces__rosidl_typesupport_introspection_cppExport-noconfig.cmake
[6.470s] -- Installing: /home/rodep/rodep/test_ws/yano_ws/install/custom_interfaces/share/custom_interfaces/cmake/custom_interfaces__rosidl_typesupport_cppExport.cmake
[6.470s] -- Installing: /home/rodep/rodep/test_ws/yano_ws/install/custom_interfaces/share/custom_interfaces/cmake/custom_interfaces__rosidl_typesupport_cppExport-noconfig.cmake
[6.470s] -- Installing: /home/rodep/rodep/test_ws/yano_ws/install/custom_interfaces/share/custom_interfaces/cmake/export_custom_interfaces__rosidl_generator_pyExport.cmake
[6.470s] -- Installing: /home/rodep/rodep/test_ws/yano_ws/install/custom_interfaces/share/custom_interfaces/cmake/export_custom_interfaces__rosidl_generator_pyExport-noconfig.cmake
[6.470s] -- Installing: /home/rodep/rodep/test_ws/yano_ws/install/custom_interfaces/share/custom_interfaces/cmake/rosidl_cmake-extras.cmake
[6.470s] -- Installing: /home/rodep/rodep/test_ws/yano_ws/install/custom_interfaces/share/custom_interfaces/cmake/ament_cmake_export_dependencies-extras.cmake
[6.470s] -- Installing: /home/rodep/rodep/test_ws/yano_ws/install/custom_interfaces/share/custom_interfaces/cmake/ament_cmake_export_include_directories-extras.cmake
[6.470s] -- Installing: /home/rodep/rodep/test_ws/yano_ws/install/custom_interfaces/share/custom_interfaces/cmake/ament_cmake_export_libraries-extras.cmake
[6.471s] -- Installing: /home/rodep/rodep/test_ws/yano_ws/install/custom_interfaces/share/custom_interfaces/cmake/ament_cmake_export_targets-extras.cmake
[6.471s] -- Installing: /home/rodep/rodep/test_ws/yano_ws/install/custom_interfaces/share/custom_interfaces/cmake/rosidl_cmake_export_typesupport_targets-extras.cmake
[6.471s] -- Installing: /home/rodep/rodep/test_ws/yano_ws/install/custom_interfaces/share/custom_interfaces/cmake/rosidl_cmake_export_typesupport_libraries-extras.cmake
[6.471s] -- Installing: /home/rodep/rodep/test_ws/yano_ws/install/custom_interfaces/share/custom_interfaces/cmake/custom_interfacesConfig.cmake
[6.471s] -- Installing: /home/rodep/rodep/test_ws/yano_ws/install/custom_interfaces/share/custom_interfaces/cmake/custom_interfacesConfig-version.cmake
[6.471s] -- Installing: /home/rodep/rodep/test_ws/yano_ws/install/custom_interfaces/share/custom_interfaces/package.xml
[6.472s] Invoked command in '/home/rodep/rodep/test_ws/yano_ws/build/custom_interfaces' returned '0': CMAKE_PREFIX_PATH=${CMAKE_PREFIX_PATH}:/opt/ros/jazzy DEBUGINFOD_URLS=https://debuginfod.ubuntu.com /usr/bin/cmake --install /home/rodep/rodep/test_ws/yano_ws/build/custom_interfaces
